<?xml version="1.0" encoding="UTF-8"?>
<testsuites name="Moh_Request" time="1156" tests="11" failures="1" errors="0">
   <testsuite name="Moh_Request" tests="11" failures="1" errors="0" time="1156" timestamp="2018-05-08 10:25:16" hostname="Quality Analyst - DESKTOP-BLFTK83" id="Test Suites/Moh_Request">
      <properties>
         <property name="deviceName" value=""/>
         <property name="devicePlatform" value=""/>
         <property name="logFolder" value="C:\\Users\\Quality Analyst\\Katalon Studio\\ds\\Reports\\Moh_Request\\20180508_102510"/>
         <property name="logFiles" value="C:\\Users\\Quality Analyst\\Katalon Studio\\ds\\Reports\\Moh_Request\\20180508_102510\\execution0.log, C:\\Users\\Quality Analyst\\Katalon Studio\\ds\\Reports\\Moh_Request\\20180508_102510\\execution1.log"/>
         <property name="attachments" value="C:\\Users\\Quality Analyst\\Katalon Studio\\ds\\Reports\\Moh_Request\\20180508_102510\\1525755730097.png"/>
         <property name="hostName" value="Quality Analyst - DESKTOP-BLFTK83"/>
         <property name="os" value="Windows 10 64bit"/>
         <property name="katalonVersion" value="5.4.1.1"/>
         <property name="browser" value="Chrome 66.0.3359.139"/>
         <property name="hostAddress" value="192.168.71.2"/>
         <property name="sessionId" value="c31f10df6fc8ab8e223c287d8e7717cf"/>
         <property name="seleniumVersion" value="3.7.1"/>
         <property name="proxyInformation" value="ProxyInformation{proxyOption=NO_PROXY, proxyServerType=HTTP, password=, proxyServerAddress=, proxyServerPort=0}"/>
         <property name="platform" value="Windows 10"/>
      </properties>
      <testcase name="Test Cases/MOH TO CMS REQUEST/MohRequestSchedule1" classname="Test Cases/MOH TO CMS REQUEST/MohRequestSchedule1" status="FAILED">
         <failure type="FAILED" message="Unable to click on object 'Object Repository/Schedule1/Page_KDMC - CMS/a_dropdown-toggle' (Root cause: com.kms.katalon.core.webui.exception.WebElementNotFoundException: Web element with id: 'Object Repository/Schedule1/Page_KDMC - CMS/a_dropdown-toggle' located by 'By.xpath: /html[1]/body[@class=&quot;skin-blue  pace-done&quot;]/header[@class=&quot;header&quot;]/div[@class=&quot;row&quot;]/div[@class=&quot;col-md-12&quot;]/nav[@class=&quot;navbar navbar-static-top&quot;]/div[@class=&quot;navbar-right&quot;]/ul[@class=&quot;nav navbar-nav&quot;]/li[@class=&quot;dropdown user user-menu&quot;]/a[@class=&quot;dropdown-toggle&quot;][count(. | //a[@href = '#' and @data-toggle = 'dropdown']) = count(//a[@href = '#' and @data-toggle = 'dropdown'])]' not found)"/>
         <system-out><![CDATA[2018-05-08 10:25:16 - [TEST_CASE][FAILED] - Test Cases/MOH TO CMS REQUEST/MohRequestSchedule1: Test Cases/MOH TO CMS REQUEST/MohRequestSchedule1 FAILED because (of) Unable to click on object 'Object Repository/Schedule1/Page_KDMC - CMS/a_dropdown-toggle' (Root cause: com.kms.katalon.core.webui.exception.WebElementNotFoundException: Web element with id: 'Object Repository/Schedule1/Page_KDMC - CMS/a_dropdown-toggle' located by 'By.xpath: /html[1]/body[@class="skin-blue  pace-done"]/header[@class="header"]/div[@class="row"]/div[@class="col-md-12"]/nav[@class="navbar navbar-static-top"]/div[@class="navbar-right"]/ul[@class="nav navbar-nav"]/li[@class="dropdown user user-menu"]/a[@class="dropdown-toggle"][count(. | //a[@href = '#' and @data-toggle = 'dropdown']) = count(//a[@href = '#' and @data-toggle = 'dropdown'])]' not found)

2018-05-08 10:25:17 - [TEST_STEP][PASSED] - openBrowser: Browser is opened with url: ''

2018-05-08 10:25:19 - [MESSAGE][PASSED] - Browser is opened with url: ''

2018-05-08 10:25:19 - [TEST_STEP][PASSED] - navigateToUrl: Navigate to 'http://192.168.137.1/multihospital_new/' successfully

2018-05-08 10:25:34 - [MESSAGE][PASSED] - Navigate to 'http://192.168.137.1/multihospital_new/' successfully

2018-05-08 10:25:34 - [TEST_STEP][PASSED] - maximizeWindow: Current window maximized

2018-05-08 10:25:35 - [MESSAGE][PASSED] - Current window maximized

2018-05-08 10:25:35 - [TEST_STEP][PASSED] - click: Object: 'Object Repository/Schedule1/Page_KDMC/a_CMS' is clicked on

2018-05-08 10:25:36 - [MESSAGE][PASSED] - Object: 'Object Repository/Schedule1/Page_KDMC/a_CMS' is clicked on

2018-05-08 10:25:36 - [TEST_STEP][PASSED] - setText: Text 'bala' is set on object 'Object Repository/Schedule1/Page_CMS login/input_txtusername'

2018-05-08 10:25:36 - [MESSAGE][PASSED] - Text 'bala' is set on object 'Object Repository/Schedule1/Page_CMS login/input_txtusername'

2018-05-08 10:25:36 - [TEST_STEP][PASSED] - setText: Text '123' is set on object 'Object Repository/Schedule1/Page_CMS login/input_txtpassword'

2018-05-08 10:25:36 - [MESSAGE][PASSED] - Text '123' is set on object 'Object Repository/Schedule1/Page_CMS login/input_txtpassword'

2018-05-08 10:25:36 - [TEST_STEP][PASSED] - delay: Delayed 3 second(s)

2018-05-08 10:25:39 - [MESSAGE][PASSED] - Delayed 3 second(s)

2018-05-08 10:25:39 - [TEST_STEP][PASSED] - click: Object: 'Object Repository/Schedule1/Page_CMS login/button_Sign in' is clicked on

2018-05-08 10:25:41 - [MESSAGE][PASSED] - Object: 'Object Repository/Schedule1/Page_CMS login/button_Sign in' is clicked on

2018-05-08 10:25:41 - [TEST_STEP][PASSED] - click: Object: 'Object Repository/Schedule1/Page_KDMC - CMS/a_Request to MOH' is clicked on

2018-05-08 10:25:41 - [MESSAGE][PASSED] - Object: 'Object Repository/Schedule1/Page_KDMC - CMS/a_Request to MOH' is clicked on

2018-05-08 10:25:41 - [TEST_STEP][PASSED] - selectOptionByIndex: All options with index in [1] are selected on object 'Object Repository/Schedule1/Page_KDMC - CMS/select_--Select--'

2018-05-08 10:25:41 - [MESSAGE][PASSED] - All options with index in [1] are selected on object 'Object Repository/Schedule1/Page_KDMC - CMS/select_--Select--'

2018-05-08 10:25:41 - [TEST_STEP][PASSED] - selectOptionByIndex: All options with index in [1] are selected on object 'Object Repository/Schedule1/Page_KDMC - CMS/select_--Select--Schedule 1Inj'

2018-05-08 10:25:42 - [MESSAGE][PASSED] - All options with index in [1] are selected on object 'Object Repository/Schedule1/Page_KDMC - CMS/select_--Select--Schedule 1Inj'

2018-05-08 10:25:42 - [TEST_STEP][PASSED] - Statement - selectedoptions = com.kms.katalon.core.webui.keyword.WebUiBuiltInKeywords.getNumberOfTotalOption(com.kms.katalon.core.testobject.ObjectRepository.findTestObject(Schedule1/Page_KDMC - CMS/select_--Select--Adernaline 0.)): 64 options of object 'Object Repository/Schedule1/Page_KDMC - CMS/select_--Select--Adernaline 0.' counted

2018-05-08 10:25:42 - [MESSAGE][PASSED] - 64 options of object 'Object Repository/Schedule1/Page_KDMC - CMS/select_--Select--Adernaline 0.' counted

2018-05-08 10:25:42 - [TEST_STEP][PASSED] - Statement - For ([h = 1, h < selectedoptions, (h++)]): Object: 'Object Repository/Schedule1/Page_KDMC - CMS/button_Add' is clicked on

2018-05-08 10:25:42 - [TEST_STEP][PASSED] - selectOptionByIndex: All options with index in [1] are selected on object 'Object Repository/Schedule1/Page_KDMC - CMS/select_--Select--Schedule 1Inj'

2018-05-08 10:25:42 - [MESSAGE][PASSED] - All options with index in [1] are selected on object 'Object Repository/Schedule1/Page_KDMC - CMS/select_--Select--Schedule 1Inj'

2018-05-08 10:25:42 - [TEST_STEP][PASSED] - selectOptionByIndex: All options with index in [1] are selected on object 'Object Repository/Schedule1/Page_KDMC - CMS/select_--Select--Adernaline 0.'

2018-05-08 10:25:42 - [MESSAGE][PASSED] - All options with index in [1] are selected on object 'Object Repository/Schedule1/Page_KDMC - CMS/select_--Select--Adernaline 0.'

2018-05-08 10:25:42 - [TEST_STEP][PASSED] - setText: Text '500' is set on object 'Object Repository/Schedule1/Page_KDMC - CMS/input_txttreat'

2018-05-08 10:25:42 - [MESSAGE][PASSED] - Text '500' is set on object 'Object Repository/Schedule1/Page_KDMC - CMS/input_txttreat'

2018-05-08 10:25:42 - [TEST_STEP][PASSED] - delay: Delayed 1 second(s)

2018-05-08 10:25:43 - [MESSAGE][PASSED] - Delayed 1 second(s)

2018-05-08 10:25:43 - [TEST_STEP][PASSED] - click: Object: 'Object Repository/Schedule1/Page_KDMC - CMS/button_Add' is clicked on

2018-05-08 10:25:43 - [MESSAGE][PASSED] - Object: 'Object Repository/Schedule1/Page_KDMC - CMS/button_Add' is clicked on

2018-05-08 10:25:43 - [TEST_STEP][PASSED] - selectOptionByIndex: All options with index in [1] are selected on object 'Object Repository/Schedule1/Page_KDMC - CMS/select_--Select--Schedule 1Inj'

2018-05-08 10:25:43 - [MESSAGE][PASSED] - All options with index in [1] are selected on object 'Object Repository/Schedule1/Page_KDMC - CMS/select_--Select--Schedule 1Inj'

2018-05-08 10:25:43 - [TEST_STEP][PASSED] - selectOptionByIndex: All options with index in [2] are selected on object 'Object Repository/Schedule1/Page_KDMC - CMS/select_--Select--Adernaline 0.'

2018-05-08 10:25:44 - [MESSAGE][PASSED] - All options with index in [2] are selected on object 'Object Repository/Schedule1/Page_KDMC - CMS/select_--Select--Adernaline 0.'

2018-05-08 10:25:44 - [TEST_STEP][PASSED] - setText: Text '500' is set on object 'Object Repository/Schedule1/Page_KDMC - CMS/input_txttreat'

2018-05-08 10:25:44 - [MESSAGE][PASSED] - Text '500' is set on object 'Object Repository/Schedule1/Page_KDMC - CMS/input_txttreat'

2018-05-08 10:25:44 - [TEST_STEP][PASSED] - delay: Delayed 1 second(s)

2018-05-08 10:25:45 - [MESSAGE][PASSED] - Delayed 1 second(s)

2018-05-08 10:25:45 - [TEST_STEP][PASSED] - click: Object: 'Object Repository/Schedule1/Page_KDMC - CMS/button_Add' is clicked on

2018-05-08 10:25:45 - [MESSAGE][PASSED] - Object: 'Object Repository/Schedule1/Page_KDMC - CMS/button_Add' is clicked on

2018-05-08 10:25:45 - [TEST_STEP][PASSED] - selectOptionByIndex: All options with index in [1] are selected on object 'Object Repository/Schedule1/Page_KDMC - CMS/select_--Select--Schedule 1Inj'

2018-05-08 10:25:45 - [MESSAGE][PASSED] - All options with index in [1] are selected on object 'Object Repository/Schedule1/Page_KDMC - CMS/select_--Select--Schedule 1Inj'

2018-05-08 10:25:45 - [TEST_STEP][PASSED] - selectOptionByIndex: All options with index in [3] are selected on object 'Object Repository/Schedule1/Page_KDMC - CMS/select_--Select--Adernaline 0.'

2018-05-08 10:25:45 - [MESSAGE][PASSED] - All options with index in [3] are selected on object 'Object Repository/Schedule1/Page_KDMC - CMS/select_--Select--Adernaline 0.'

2018-05-08 10:25:45 - [TEST_STEP][PASSED] - setText: Text '500' is set on object 'Object Repository/Schedule1/Page_KDMC - CMS/input_txttreat'

2018-05-08 10:25:46 - [MESSAGE][PASSED] - Text '500' is set on object 'Object Repository/Schedule1/Page_KDMC - CMS/input_txttreat'

2018-05-08 10:25:46 - [TEST_STEP][PASSED] - delay: Delayed 1 second(s)

2018-05-08 10:25:47 - [MESSAGE][PASSED] - Delayed 1 second(s)

2018-05-08 10:25:47 - [TEST_STEP][PASSED] - click: Object: 'Object Repository/Schedule1/Page_KDMC - CMS/button_Add' is clicked on

2018-05-08 10:25:47 - [MESSAGE][PASSED] - Object: 'Object Repository/Schedule1/Page_KDMC - CMS/button_Add' is clicked on

2018-05-08 10:25:47 - [TEST_STEP][PASSED] - selectOptionByIndex: All options with index in [1] are selected on object 'Object Repository/Schedule1/Page_KDMC - CMS/select_--Select--Schedule 1Inj'

2018-05-08 10:25:47 - [MESSAGE][PASSED] - All options with index in [1] are selected on object 'Object Repository/Schedule1/Page_KDMC - CMS/select_--Select--Schedule 1Inj'

2018-05-08 10:25:47 - [TEST_STEP][PASSED] - selectOptionByIndex: All options with index in [4] are selected on object 'Object Repository/Schedule1/Page_KDMC - CMS/select_--Select--Adernaline 0.'

2018-05-08 10:25:47 - [MESSAGE][PASSED] - All options with index in [4] are selected on object 'Object Repository/Schedule1/Page_KDMC - CMS/select_--Select--Adernaline 0.'

2018-05-08 10:25:47 - [TEST_STEP][PASSED] - setText: Text '500' is set on object 'Object Repository/Schedule1/Page_KDMC - CMS/input_txttreat'

2018-05-08 10:25:47 - [MESSAGE][PASSED] - Text '500' is set on object 'Object Repository/Schedule1/Page_KDMC - CMS/input_txttreat'

2018-05-08 10:25:47 - [TEST_STEP][PASSED] - delay: Delayed 1 second(s)

2018-05-08 10:25:48 - [MESSAGE][PASSED] - Delayed 1 second(s)

2018-05-08 10:25:48 - [TEST_STEP][PASSED] - click: Object: 'Object Repository/Schedule1/Page_KDMC - CMS/button_Add' is clicked on

2018-05-08 10:25:48 - [MESSAGE][PASSED] - Object: 'Object Repository/Schedule1/Page_KDMC - CMS/button_Add' is clicked on

2018-05-08 10:25:48 - [TEST_STEP][PASSED] - selectOptionByIndex: All options with index in [1] are selected on object 'Object Repository/Schedule1/Page_KDMC - CMS/select_--Select--Schedule 1Inj'

2018-05-08 10:25:48 - [MESSAGE][PASSED] - All options with index in [1] are selected on object 'Object Repository/Schedule1/Page_KDMC - CMS/select_--Select--Schedule 1Inj'

2018-05-08 10:25:48 - [TEST_STEP][PASSED] - selectOptionByIndex: All options with index in [5] are selected on object 'Object Repository/Schedule1/Page_KDMC - CMS/select_--Select--Adernaline 0.'

2018-05-08 10:25:48 - [MESSAGE][PASSED] - All options with index in [5] are selected on object 'Object Repository/Schedule1/Page_KDMC - CMS/select_--Select--Adernaline 0.'

2018-05-08 10:25:48 - [TEST_STEP][PASSED] - setText: Text '500' is set on object 'Object Repository/Schedule1/Page_KDMC - CMS/input_txttreat'

2018-05-08 10:25:49 - [MESSAGE][PASSED] - Text '500' is set on object 'Object Repository/Schedule1/Page_KDMC - CMS/input_txttreat'

2018-05-08 10:25:49 - [TEST_STEP][PASSED] - delay: Delayed 1 second(s)

2018-05-08 10:25:50 - [MESSAGE][PASSED] - Delayed 1 second(s)

2018-05-08 10:25:50 - [TEST_STEP][PASSED] - click: Object: 'Object Repository/Schedule1/Page_KDMC - CMS/button_Add' is clicked on

2018-05-08 10:25:50 - [MESSAGE][PASSED] - Object: 'Object Repository/Schedule1/Page_KDMC - CMS/button_Add' is clicked on

2018-05-08 10:25:50 - [TEST_STEP][PASSED] - selectOptionByIndex: All options with index in [1] are selected on object 'Object Repository/Schedule1/Page_KDMC - CMS/select_--Select--Schedule 1Inj'

2018-05-08 10:25:50 - [MESSAGE][PASSED] - All options with index in [1] are selected on object 'Object Repository/Schedule1/Page_KDMC - CMS/select_--Select--Schedule 1Inj'

2018-05-08 10:25:50 - [TEST_STEP][PASSED] - selectOptionByIndex: All options with index in [6] are selected on object 'Object Repository/Schedule1/Page_KDMC - CMS/select_--Select--Adernaline 0.'

2018-05-08 10:25:50 - [MESSAGE][PASSED] - All options with index in [6] are selected on object 'Object Repository/Schedule1/Page_KDMC - CMS/select_--Select--Adernaline 0.'

2018-05-08 10:25:50 - [TEST_STEP][PASSED] - setText: Text '500' is set on object 'Object Repository/Schedule1/Page_KDMC - CMS/input_txttreat'

2018-05-08 10:25:50 - [MESSAGE][PASSED] - Text '500' is set on object 'Object Repository/Schedule1/Page_KDMC - CMS/input_txttreat'

2018-05-08 10:25:50 - [TEST_STEP][PASSED] - delay: Delayed 1 second(s)

2018-05-08 10:25:51 - [MESSAGE][PASSED] - Delayed 1 second(s)

2018-05-08 10:25:51 - [TEST_STEP][PASSED] - click: Object: 'Object Repository/Schedule1/Page_KDMC - CMS/button_Add' is clicked on

2018-05-08 10:25:51 - [MESSAGE][PASSED] - Object: 'Object Repository/Schedule1/Page_KDMC - CMS/button_Add' is clicked on

2018-05-08 10:25:51 - [TEST_STEP][PASSED] - selectOptionByIndex: All options with index in [1] are selected on object 'Object Repository/Schedule1/Page_KDMC - CMS/select_--Select--Schedule 1Inj'

2018-05-08 10:25:51 - [MESSAGE][PASSED] - All options with index in [1] are selected on object 'Object Repository/Schedule1/Page_KDMC - CMS/select_--Select--Schedule 1Inj'

2018-05-08 10:25:51 - [TEST_STEP][PASSED] - selectOptionByIndex: All options with index in [7] are selected on object 'Object Repository/Schedule1/Page_KDMC - CMS/select_--Select--Adernaline 0.'

2018-05-08 10:25:51 - [MESSAGE][PASSED] - All options with index in [7] are selected on object 'Object Repository/Schedule1/Page_KDMC - CMS/select_--Select--Adernaline 0.'

2018-05-08 10:25:51 - [TEST_STEP][PASSED] - setText: Text '500' is set on object 'Object Repository/Schedule1/Page_KDMC - CMS/input_txttreat'

2018-05-08 10:25:52 - [MESSAGE][PASSED] - Text '500' is set on object 'Object Repository/Schedule1/Page_KDMC - CMS/input_txttreat'

2018-05-08 10:25:52 - [TEST_STEP][PASSED] - delay: Delayed 1 second(s)

2018-05-08 10:25:53 - [MESSAGE][PASSED] - Delayed 1 second(s)

2018-05-08 10:25:53 - [TEST_STEP][PASSED] - click: Object: 'Object Repository/Schedule1/Page_KDMC - CMS/button_Add' is clicked on

2018-05-08 10:25:53 - [MESSAGE][PASSED] - Object: 'Object Repository/Schedule1/Page_KDMC - CMS/button_Add' is clicked on

2018-05-08 10:25:53 - [TEST_STEP][PASSED] - selectOptionByIndex: All options with index in [1] are selected on object 'Object Repository/Schedule1/Page_KDMC - CMS/select_--Select--Schedule 1Inj'

2018-05-08 10:25:53 - [MESSAGE][PASSED] - All options with index in [1] are selected on object 'Object Repository/Schedule1/Page_KDMC - CMS/select_--Select--Schedule 1Inj'

2018-05-08 10:25:53 - [TEST_STEP][PASSED] - selectOptionByIndex: All options with index in [8] are selected on object 'Object Repository/Schedule1/Page_KDMC - CMS/select_--Select--Adernaline 0.'

2018-05-08 10:25:53 - [MESSAGE][PASSED] - All options with index in [8] are selected on object 'Object Repository/Schedule1/Page_KDMC - CMS/select_--Select--Adernaline 0.'

2018-05-08 10:25:53 - [TEST_STEP][PASSED] - setText: Text '500' is set on object 'Object Repository/Schedule1/Page_KDMC - CMS/input_txttreat'

2018-05-08 10:25:53 - [MESSAGE][PASSED] - Text '500' is set on object 'Object Repository/Schedule1/Page_KDMC - CMS/input_txttreat'

2018-05-08 10:25:53 - [TEST_STEP][PASSED] - delay: Delayed 1 second(s)

2018-05-08 10:25:54 - [MESSAGE][PASSED] - Delayed 1 second(s)

2018-05-08 10:25:54 - [TEST_STEP][PASSED] - click: Object: 'Object Repository/Schedule1/Page_KDMC - CMS/button_Add' is clicked on

2018-05-08 10:25:54 - [MESSAGE][PASSED] - Object: 'Object Repository/Schedule1/Page_KDMC - CMS/button_Add' is clicked on

2018-05-08 10:25:54 - [TEST_STEP][PASSED] - selectOptionByIndex: All options with index in [1] are selected on object 'Object Repository/Schedule1/Page_KDMC - CMS/select_--Select--Schedule 1Inj'

2018-05-08 10:25:54 - [MESSAGE][PASSED] - All options with index in [1] are selected on object 'Object Repository/Schedule1/Page_KDMC - CMS/select_--Select--Schedule 1Inj'

2018-05-08 10:25:54 - [TEST_STEP][PASSED] - selectOptionByIndex: All options with index in [9] are selected on object 'Object Repository/Schedule1/Page_KDMC - CMS/select_--Select--Adernaline 0.'

2018-05-08 10:25:54 - [MESSAGE][PASSED] - All options with index in [9] are selected on object 'Object Repository/Schedule1/Page_KDMC - CMS/select_--Select--Adernaline 0.'

2018-05-08 10:25:54 - [TEST_STEP][PASSED] - setText: Text '500' is set on object 'Object Repository/Schedule1/Page_KDMC - CMS/input_txttreat'

2018-05-08 10:25:55 - [MESSAGE][PASSED] - Text '500' is set on object 'Object Repository/Schedule1/Page_KDMC - CMS/input_txttreat'

2018-05-08 10:25:55 - [TEST_STEP][PASSED] - delay: Delayed 1 second(s)

2018-05-08 10:25:56 - [MESSAGE][PASSED] - Delayed 1 second(s)

2018-05-08 10:25:56 - [TEST_STEP][PASSED] - click: Object: 'Object Repository/Schedule1/Page_KDMC - CMS/button_Add' is clicked on

2018-05-08 10:25:56 - [MESSAGE][PASSED] - Object: 'Object Repository/Schedule1/Page_KDMC - CMS/button_Add' is clicked on

2018-05-08 10:25:56 - [TEST_STEP][PASSED] - selectOptionByIndex: All options with index in [1] are selected on object 'Object Repository/Schedule1/Page_KDMC - CMS/select_--Select--Schedule 1Inj'

2018-05-08 10:25:56 - [MESSAGE][PASSED] - All options with index in [1] are selected on object 'Object Repository/Schedule1/Page_KDMC - CMS/select_--Select--Schedule 1Inj'

2018-05-08 10:25:56 - [TEST_STEP][PASSED] - selectOptionByIndex: All options with index in [10] are selected on object 'Object Repository/Schedule1/Page_KDMC - CMS/select_--Select--Adernaline 0.'

2018-05-08 10:25:56 - [MESSAGE][PASSED] - All options with index in [10] are selected on object 'Object Repository/Schedule1/Page_KDMC - CMS/select_--Select--Adernaline 0.'

2018-05-08 10:25:56 - [TEST_STEP][PASSED] - setText: Text '500' is set on object 'Object Repository/Schedule1/Page_KDMC - CMS/input_txttreat'

2018-05-08 10:25:56 - [MESSAGE][PASSED] - Text '500' is set on object 'Object Repository/Schedule1/Page_KDMC - CMS/input_txttreat'

2018-05-08 10:25:56 - [TEST_STEP][PASSED] - delay: Delayed 1 second(s)

2018-05-08 10:25:57 - [MESSAGE][PASSED] - Delayed 1 second(s)

2018-05-08 10:25:57 - [TEST_STEP][PASSED] - click: Object: 'Object Repository/Schedule1/Page_KDMC - CMS/button_Add' is clicked on

2018-05-08 10:25:57 - [MESSAGE][PASSED] - Object: 'Object Repository/Schedule1/Page_KDMC - CMS/button_Add' is clicked on

2018-05-08 10:25:57 - [TEST_STEP][PASSED] - selectOptionByIndex: All options with index in [1] are selected on object 'Object Repository/Schedule1/Page_KDMC - CMS/select_--Select--Schedule 1Inj'

2018-05-08 10:25:57 - [MESSAGE][PASSED] - All options with index in [1] are selected on object 'Object Repository/Schedule1/Page_KDMC - CMS/select_--Select--Schedule 1Inj'

2018-05-08 10:25:57 - [TEST_STEP][PASSED] - selectOptionByIndex: All options with index in [11] are selected on object 'Object Repository/Schedule1/Page_KDMC - CMS/select_--Select--Adernaline 0.'

2018-05-08 10:25:58 - [MESSAGE][PASSED] - All options with index in [11] are selected on object 'Object Repository/Schedule1/Page_KDMC - CMS/select_--Select--Adernaline 0.'

2018-05-08 10:25:58 - [TEST_STEP][PASSED] - setText: Text '500' is set on object 'Object Repository/Schedule1/Page_KDMC - CMS/input_txttreat'

2018-05-08 10:25:58 - [MESSAGE][PASSED] - Text '500' is set on object 'Object Repository/Schedule1/Page_KDMC - CMS/input_txttreat'

2018-05-08 10:25:58 - [TEST_STEP][PASSED] - delay: Delayed 1 second(s)

2018-05-08 10:25:59 - [MESSAGE][PASSED] - Delayed 1 second(s)

2018-05-08 10:25:59 - [TEST_STEP][PASSED] - click: Object: 'Object Repository/Schedule1/Page_KDMC - CMS/button_Add' is clicked on

2018-05-08 10:25:59 - [MESSAGE][PASSED] - Object: 'Object Repository/Schedule1/Page_KDMC - CMS/button_Add' is clicked on

2018-05-08 10:25:59 - [TEST_STEP][PASSED] - selectOptionByIndex: All options with index in [1] are selected on object 'Object Repository/Schedule1/Page_KDMC - CMS/select_--Select--Schedule 1Inj'

2018-05-08 10:25:59 - [MESSAGE][PASSED] - All options with index in [1] are selected on object 'Object Repository/Schedule1/Page_KDMC - CMS/select_--Select--Schedule 1Inj'

2018-05-08 10:25:59 - [TEST_STEP][PASSED] - selectOptionByIndex: All options with index in [12] are selected on object 'Object Repository/Schedule1/Page_KDMC - CMS/select_--Select--Adernaline 0.'

2018-05-08 10:25:59 - [MESSAGE][PASSED] - All options with index in [12] are selected on object 'Object Repository/Schedule1/Page_KDMC - CMS/select_--Select--Adernaline 0.'

2018-05-08 10:25:59 - [TEST_STEP][PASSED] - setText: Text '500' is set on object 'Object Repository/Schedule1/Page_KDMC - CMS/input_txttreat'

2018-05-08 10:25:59 - [MESSAGE][PASSED] - Text '500' is set on object 'Object Repository/Schedule1/Page_KDMC - CMS/input_txttreat'

2018-05-08 10:25:59 - [TEST_STEP][PASSED] - delay: Delayed 1 second(s)

2018-05-08 10:26:00 - [MESSAGE][PASSED] - Delayed 1 second(s)

2018-05-08 10:26:00 - [TEST_STEP][PASSED] - click: Object: 'Object Repository/Schedule1/Page_KDMC - CMS/button_Add' is clicked on

2018-05-08 10:26:00 - [MESSAGE][PASSED] - Object: 'Object Repository/Schedule1/Page_KDMC - CMS/button_Add' is clicked on

2018-05-08 10:26:00 - [TEST_STEP][PASSED] - selectOptionByIndex: All options with index in [1] are selected on object 'Object Repository/Schedule1/Page_KDMC - CMS/select_--Select--Schedule 1Inj'

2018-05-08 10:26:00 - [MESSAGE][PASSED] - All options with index in [1] are selected on object 'Object Repository/Schedule1/Page_KDMC - CMS/select_--Select--Schedule 1Inj'

2018-05-08 10:26:00 - [TEST_STEP][PASSED] - selectOptionByIndex: All options with index in [13] are selected on object 'Object Repository/Schedule1/Page_KDMC - CMS/select_--Select--Adernaline 0.'

2018-05-08 10:26:01 - [MESSAGE][PASSED] - All options with index in [13] are selected on object 'Object Repository/Schedule1/Page_KDMC - CMS/select_--Select--Adernaline 0.'

2018-05-08 10:26:01 - [TEST_STEP][PASSED] - setText: Text '500' is set on object 'Object Repository/Schedule1/Page_KDMC - CMS/input_txttreat'

2018-05-08 10:26:01 - [MESSAGE][PASSED] - Text '500' is set on object 'Object Repository/Schedule1/Page_KDMC - CMS/input_txttreat'

2018-05-08 10:26:01 - [TEST_STEP][PASSED] - delay: Delayed 1 second(s)

2018-05-08 10:26:02 - [MESSAGE][PASSED] - Delayed 1 second(s)

2018-05-08 10:26:02 - [TEST_STEP][PASSED] - click: Object: 'Object Repository/Schedule1/Page_KDMC - CMS/button_Add' is clicked on

2018-05-08 10:26:02 - [MESSAGE][PASSED] - Object: 'Object Repository/Schedule1/Page_KDMC - CMS/button_Add' is clicked on

2018-05-08 10:26:02 - [TEST_STEP][PASSED] - selectOptionByIndex: All options with index in [1] are selected on object 'Object Repository/Schedule1/Page_KDMC - CMS/select_--Select--Schedule 1Inj'

2018-05-08 10:26:02 - [MESSAGE][PASSED] - All options with index in [1] are selected on object 'Object Repository/Schedule1/Page_KDMC - CMS/select_--Select--Schedule 1Inj'

2018-05-08 10:26:02 - [TEST_STEP][PASSED] - selectOptionByIndex: All options with index in [14] are selected on object 'Object Repository/Schedule1/Page_KDMC - CMS/select_--Select--Adernaline 0.'

2018-05-08 10:26:03 - [MESSAGE][PASSED] - All options with index in [14] are selected on object 'Object Repository/Schedule1/Page_KDMC - CMS/select_--Select--Adernaline 0.'

2018-05-08 10:26:03 - [TEST_STEP][PASSED] - setText: Text '500' is set on object 'Object Repository/Schedule1/Page_KDMC - CMS/input_txttreat'

2018-05-08 10:26:03 - [MESSAGE][PASSED] - Text '500' is set on object 'Object Repository/Schedule1/Page_KDMC - CMS/input_txttreat'

2018-05-08 10:26:03 - [TEST_STEP][PASSED] - delay: Delayed 1 second(s)

2018-05-08 10:26:04 - [MESSAGE][PASSED] - Delayed 1 second(s)

2018-05-08 10:26:04 - [TEST_STEP][PASSED] - click: Object: 'Object Repository/Schedule1/Page_KDMC - CMS/button_Add' is clicked on

2018-05-08 10:26:04 - [MESSAGE][PASSED] - Object: 'Object Repository/Schedule1/Page_KDMC - CMS/button_Add' is clicked on

2018-05-08 10:26:04 - [TEST_STEP][PASSED] - selectOptionByIndex: All options with index in [1] are selected on object 'Object Repository/Schedule1/Page_KDMC - CMS/select_--Select--Schedule 1Inj'

2018-05-08 10:26:04 - [MESSAGE][PASSED] - All options with index in [1] are selected on object 'Object Repository/Schedule1/Page_KDMC - CMS/select_--Select--Schedule 1Inj'

2018-05-08 10:26:04 - [TEST_STEP][PASSED] - selectOptionByIndex: All options with index in [15] are selected on object 'Object Repository/Schedule1/Page_KDMC - CMS/select_--Select--Adernaline 0.'

2018-05-08 10:26:04 - [MESSAGE][PASSED] - All options with index in [15] are selected on object 'Object Repository/Schedule1/Page_KDMC - CMS/select_--Select--Adernaline 0.'

2018-05-08 10:26:04 - [TEST_STEP][PASSED] - setText: Text '500' is set on object 'Object Repository/Schedule1/Page_KDMC - CMS/input_txttreat'

2018-05-08 10:26:05 - [MESSAGE][PASSED] - Text '500' is set on object 'Object Repository/Schedule1/Page_KDMC - CMS/input_txttreat'

2018-05-08 10:26:05 - [TEST_STEP][PASSED] - delay: Delayed 1 second(s)

2018-05-08 10:26:06 - [MESSAGE][PASSED] - Delayed 1 second(s)

2018-05-08 10:26:06 - [TEST_STEP][PASSED] - click: Object: 'Object Repository/Schedule1/Page_KDMC - CMS/button_Add' is clicked on

2018-05-08 10:26:06 - [MESSAGE][PASSED] - Object: 'Object Repository/Schedule1/Page_KDMC - CMS/button_Add' is clicked on

2018-05-08 10:26:06 - [TEST_STEP][PASSED] - selectOptionByIndex: All options with index in [1] are selected on object 'Object Repository/Schedule1/Page_KDMC - CMS/select_--Select--Schedule 1Inj'

2018-05-08 10:26:06 - [MESSAGE][PASSED] - All options with index in [1] are selected on object 'Object Repository/Schedule1/Page_KDMC - CMS/select_--Select--Schedule 1Inj'

2018-05-08 10:26:06 - [TEST_STEP][PASSED] - selectOptionByIndex: All options with index in [16] are selected on object 'Object Repository/Schedule1/Page_KDMC - CMS/select_--Select--Adernaline 0.'

2018-05-08 10:26:06 - [MESSAGE][PASSED] - All options with index in [16] are selected on object 'Object Repository/Schedule1/Page_KDMC - CMS/select_--Select--Adernaline 0.'

2018-05-08 10:26:06 - [TEST_STEP][PASSED] - setText: Text '500' is set on object 'Object Repository/Schedule1/Page_KDMC - CMS/input_txttreat'

2018-05-08 10:26:06 - [MESSAGE][PASSED] - Text '500' is set on object 'Object Repository/Schedule1/Page_KDMC - CMS/input_txttreat'

2018-05-08 10:26:06 - [TEST_STEP][PASSED] - delay: Delayed 1 second(s)

2018-05-08 10:26:07 - [MESSAGE][PASSED] - Delayed 1 second(s)

2018-05-08 10:26:07 - [TEST_STEP][PASSED] - click: Object: 'Object Repository/Schedule1/Page_KDMC - CMS/button_Add' is clicked on

2018-05-08 10:26:07 - [MESSAGE][PASSED] - Object: 'Object Repository/Schedule1/Page_KDMC - CMS/button_Add' is clicked on

2018-05-08 10:26:07 - [TEST_STEP][PASSED] - selectOptionByIndex: All options with index in [1] are selected on object 'Object Repository/Schedule1/Page_KDMC - CMS/select_--Select--Schedule 1Inj'

2018-05-08 10:26:07 - [MESSAGE][PASSED] - All options with index in [1] are selected on object 'Object Repository/Schedule1/Page_KDMC - CMS/select_--Select--Schedule 1Inj'

2018-05-08 10:26:07 - [TEST_STEP][PASSED] - selectOptionByIndex: All options with index in [17] are selected on object 'Object Repository/Schedule1/Page_KDMC - CMS/select_--Select--Adernaline 0.'

2018-05-08 10:26:08 - [MESSAGE][PASSED] - All options with index in [17] are selected on object 'Object Repository/Schedule1/Page_KDMC - CMS/select_--Select--Adernaline 0.'

2018-05-08 10:26:08 - [TEST_STEP][PASSED] - setText: Text '500' is set on object 'Object Repository/Schedule1/Page_KDMC - CMS/input_txttreat'

2018-05-08 10:26:08 - [MESSAGE][PASSED] - Text '500' is set on object 'Object Repository/Schedule1/Page_KDMC - CMS/input_txttreat'

2018-05-08 10:26:08 - [TEST_STEP][PASSED] - delay: Delayed 1 second(s)

2018-05-08 10:26:09 - [MESSAGE][PASSED] - Delayed 1 second(s)

2018-05-08 10:26:09 - [TEST_STEP][PASSED] - click: Object: 'Object Repository/Schedule1/Page_KDMC - CMS/button_Add' is clicked on

2018-05-08 10:26:09 - [MESSAGE][PASSED] - Object: 'Object Repository/Schedule1/Page_KDMC - CMS/button_Add' is clicked on

2018-05-08 10:26:09 - [TEST_STEP][PASSED] - selectOptionByIndex: All options with index in [1] are selected on object 'Object Repository/Schedule1/Page_KDMC - CMS/select_--Select--Schedule 1Inj'

2018-05-08 10:26:09 - [MESSAGE][PASSED] - All options with index in [1] are selected on object 'Object Repository/Schedule1/Page_KDMC - CMS/select_--Select--Schedule 1Inj'

2018-05-08 10:26:09 - [TEST_STEP][PASSED] - selectOptionByIndex: All options with index in [18] are selected on object 'Object Repository/Schedule1/Page_KDMC - CMS/select_--Select--Adernaline 0.'

2018-05-08 10:26:09 - [MESSAGE][PASSED] - All options with index in [18] are selected on object 'Object Repository/Schedule1/Page_KDMC - CMS/select_--Select--Adernaline 0.'

2018-05-08 10:26:09 - [TEST_STEP][PASSED] - setText: Text '500' is set on object 'Object Repository/Schedule1/Page_KDMC - CMS/input_txttreat'

2018-05-08 10:26:09 - [MESSAGE][PASSED] - Text '500' is set on object 'Object Repository/Schedule1/Page_KDMC - CMS/input_txttreat'

2018-05-08 10:26:09 - [TEST_STEP][PASSED] - delay: Delayed 1 second(s)

2018-05-08 10:26:10 - [MESSAGE][PASSED] - Delayed 1 second(s)

2018-05-08 10:26:10 - [TEST_STEP][PASSED] - click: Object: 'Object Repository/Schedule1/Page_KDMC - CMS/button_Add' is clicked on

2018-05-08 10:26:10 - [MESSAGE][PASSED] - Object: 'Object Repository/Schedule1/Page_KDMC - CMS/button_Add' is clicked on

2018-05-08 10:26:10 - [TEST_STEP][PASSED] - selectOptionByIndex: All options with index in [1] are selected on object 'Object Repository/Schedule1/Page_KDMC - CMS/select_--Select--Schedule 1Inj'

2018-05-08 10:26:10 - [MESSAGE][PASSED] - All options with index in [1] are selected on object 'Object Repository/Schedule1/Page_KDMC - CMS/select_--Select--Schedule 1Inj'

2018-05-08 10:26:10 - [TEST_STEP][PASSED] - selectOptionByIndex: All options with index in [19] are selected on object 'Object Repository/Schedule1/Page_KDMC - CMS/select_--Select--Adernaline 0.'

2018-05-08 10:26:11 - [MESSAGE][PASSED] - All options with index in [19] are selected on object 'Object Repository/Schedule1/Page_KDMC - CMS/select_--Select--Adernaline 0.'

2018-05-08 10:26:11 - [TEST_STEP][PASSED] - setText: Text '500' is set on object 'Object Repository/Schedule1/Page_KDMC - CMS/input_txttreat'

2018-05-08 10:26:11 - [MESSAGE][PASSED] - Text '500' is set on object 'Object Repository/Schedule1/Page_KDMC - CMS/input_txttreat'

2018-05-08 10:26:11 - [TEST_STEP][PASSED] - delay: Delayed 1 second(s)

2018-05-08 10:26:12 - [MESSAGE][PASSED] - Delayed 1 second(s)

2018-05-08 10:26:12 - [TEST_STEP][PASSED] - click: Object: 'Object Repository/Schedule1/Page_KDMC - CMS/button_Add' is clicked on

2018-05-08 10:26:12 - [MESSAGE][PASSED] - Object: 'Object Repository/Schedule1/Page_KDMC - CMS/button_Add' is clicked on

2018-05-08 10:26:12 - [TEST_STEP][PASSED] - selectOptionByIndex: All options with index in [1] are selected on object 'Object Repository/Schedule1/Page_KDMC - CMS/select_--Select--Schedule 1Inj'

2018-05-08 10:26:12 - [MESSAGE][PASSED] - All options with index in [1] are selected on object 'Object Repository/Schedule1/Page_KDMC - CMS/select_--Select--Schedule 1Inj'

2018-05-08 10:26:12 - [TEST_STEP][PASSED] - selectOptionByIndex: All options with index in [20] are selected on object 'Object Repository/Schedule1/Page_KDMC - CMS/select_--Select--Adernaline 0.'

2018-05-08 10:26:13 - [MESSAGE][PASSED] - All options with index in [20] are selected on object 'Object Repository/Schedule1/Page_KDMC - CMS/select_--Select--Adernaline 0.'

2018-05-08 10:26:13 - [TEST_STEP][PASSED] - setText: Text '500' is set on object 'Object Repository/Schedule1/Page_KDMC - CMS/input_txttreat'

2018-05-08 10:26:13 - [MESSAGE][PASSED] - Text '500' is set on object 'Object Repository/Schedule1/Page_KDMC - CMS/input_txttreat'

2018-05-08 10:26:13 - [TEST_STEP][PASSED] - delay: Delayed 1 second(s)

2018-05-08 10:26:14 - [MESSAGE][PASSED] - Delayed 1 second(s)

2018-05-08 10:26:14 - [TEST_STEP][PASSED] - click: Object: 'Object Repository/Schedule1/Page_KDMC - CMS/button_Add' is clicked on

2018-05-08 10:26:14 - [MESSAGE][PASSED] - Object: 'Object Repository/Schedule1/Page_KDMC - CMS/button_Add' is clicked on

2018-05-08 10:26:14 - [TEST_STEP][PASSED] - selectOptionByIndex: All options with index in [1] are selected on object 'Object Repository/Schedule1/Page_KDMC - CMS/select_--Select--Schedule 1Inj'

2018-05-08 10:26:14 - [MESSAGE][PASSED] - All options with index in [1] are selected on object 'Object Repository/Schedule1/Page_KDMC - CMS/select_--Select--Schedule 1Inj'

2018-05-08 10:26:14 - [TEST_STEP][PASSED] - selectOptionByIndex: All options with index in [21] are selected on object 'Object Repository/Schedule1/Page_KDMC - CMS/select_--Select--Adernaline 0.'

2018-05-08 10:26:15 - [MESSAGE][PASSED] - All options with index in [21] are selected on object 'Object Repository/Schedule1/Page_KDMC - CMS/select_--Select--Adernaline 0.'

2018-05-08 10:26:15 - [TEST_STEP][PASSED] - setText: Text '500' is set on object 'Object Repository/Schedule1/Page_KDMC - CMS/input_txttreat'

2018-05-08 10:26:15 - [MESSAGE][PASSED] - Text '500' is set on object 'Object Repository/Schedule1/Page_KDMC - CMS/input_txttreat'

2018-05-08 10:26:15 - [TEST_STEP][PASSED] - delay: Delayed 1 second(s)

2018-05-08 10:26:16 - [MESSAGE][PASSED] - Delayed 1 second(s)

2018-05-08 10:26:16 - [TEST_STEP][PASSED] - click: Object: 'Object Repository/Schedule1/Page_KDMC - CMS/button_Add' is clicked on

2018-05-08 10:26:16 - [MESSAGE][PASSED] - Object: 'Object Repository/Schedule1/Page_KDMC - CMS/button_Add' is clicked on

2018-05-08 10:26:16 - [TEST_STEP][PASSED] - selectOptionByIndex: All options with index in [1] are selected on object 'Object Repository/Schedule1/Page_KDMC - CMS/select_--Select--Schedule 1Inj'

2018-05-08 10:26:16 - [MESSAGE][PASSED] - All options with index in [1] are selected on object 'Object Repository/Schedule1/Page_KDMC - CMS/select_--Select--Schedule 1Inj'

2018-05-08 10:26:16 - [TEST_STEP][PASSED] - selectOptionByIndex: All options with index in [22] are selected on object 'Object Repository/Schedule1/Page_KDMC - CMS/select_--Select--Adernaline 0.'

2018-05-08 10:26:16 - [MESSAGE][PASSED] - All options with index in [22] are selected on object 'Object Repository/Schedule1/Page_KDMC - CMS/select_--Select--Adernaline 0.'

2018-05-08 10:26:16 - [TEST_STEP][PASSED] - setText: Text '500' is set on object 'Object Repository/Schedule1/Page_KDMC - CMS/input_txttreat'

2018-05-08 10:26:17 - [MESSAGE][PASSED] - Text '500' is set on object 'Object Repository/Schedule1/Page_KDMC - CMS/input_txttreat'

2018-05-08 10:26:17 - [TEST_STEP][PASSED] - delay: Delayed 1 second(s)

2018-05-08 10:26:18 - [MESSAGE][PASSED] - Delayed 1 second(s)

2018-05-08 10:26:18 - [TEST_STEP][PASSED] - click: Object: 'Object Repository/Schedule1/Page_KDMC - CMS/button_Add' is clicked on

2018-05-08 10:26:18 - [MESSAGE][PASSED] - Object: 'Object Repository/Schedule1/Page_KDMC - CMS/button_Add' is clicked on

2018-05-08 10:26:18 - [TEST_STEP][PASSED] - selectOptionByIndex: All options with index in [1] are selected on object 'Object Repository/Schedule1/Page_KDMC - CMS/select_--Select--Schedule 1Inj'

2018-05-08 10:26:18 - [MESSAGE][PASSED] - All options with index in [1] are selected on object 'Object Repository/Schedule1/Page_KDMC - CMS/select_--Select--Schedule 1Inj'

2018-05-08 10:26:18 - [TEST_STEP][PASSED] - selectOptionByIndex: All options with index in [23] are selected on object 'Object Repository/Schedule1/Page_KDMC - CMS/select_--Select--Adernaline 0.'

2018-05-08 10:26:18 - [MESSAGE][PASSED] - All options with index in [23] are selected on object 'Object Repository/Schedule1/Page_KDMC - CMS/select_--Select--Adernaline 0.'

2018-05-08 10:26:18 - [TEST_STEP][PASSED] - setText: Text '500' is set on object 'Object Repository/Schedule1/Page_KDMC - CMS/input_txttreat'

2018-05-08 10:26:18 - [MESSAGE][PASSED] - Text '500' is set on object 'Object Repository/Schedule1/Page_KDMC - CMS/input_txttreat'

2018-05-08 10:26:18 - [TEST_STEP][PASSED] - delay: Delayed 1 second(s)

2018-05-08 10:26:19 - [MESSAGE][PASSED] - Delayed 1 second(s)

2018-05-08 10:26:19 - [TEST_STEP][PASSED] - click: Object: 'Object Repository/Schedule1/Page_KDMC - CMS/button_Add' is clicked on

2018-05-08 10:26:24 - [MESSAGE][PASSED] - Object: 'Object Repository/Schedule1/Page_KDMC - CMS/button_Add' is clicked on

2018-05-08 10:26:24 - [TEST_STEP][PASSED] - selectOptionByIndex: All options with index in [1] are selected on object 'Object Repository/Schedule1/Page_KDMC - CMS/select_--Select--Schedule 1Inj'

2018-05-08 10:26:24 - [MESSAGE][PASSED] - All options with index in [1] are selected on object 'Object Repository/Schedule1/Page_KDMC - CMS/select_--Select--Schedule 1Inj'

2018-05-08 10:26:24 - [TEST_STEP][PASSED] - selectOptionByIndex: All options with index in [24] are selected on object 'Object Repository/Schedule1/Page_KDMC - CMS/select_--Select--Adernaline 0.'

2018-05-08 10:26:25 - [MESSAGE][PASSED] - All options with index in [24] are selected on object 'Object Repository/Schedule1/Page_KDMC - CMS/select_--Select--Adernaline 0.'

2018-05-08 10:26:25 - [TEST_STEP][PASSED] - setText: Text '500' is set on object 'Object Repository/Schedule1/Page_KDMC - CMS/input_txttreat'

2018-05-08 10:26:25 - [MESSAGE][PASSED] - Text '500' is set on object 'Object Repository/Schedule1/Page_KDMC - CMS/input_txttreat'

2018-05-08 10:26:25 - [TEST_STEP][PASSED] - delay: Delayed 1 second(s)

2018-05-08 10:26:26 - [MESSAGE][PASSED] - Delayed 1 second(s)

2018-05-08 10:26:26 - [TEST_STEP][PASSED] - click: Object: 'Object Repository/Schedule1/Page_KDMC - CMS/button_Add' is clicked on

2018-05-08 10:26:32 - [MESSAGE][PASSED] - Object: 'Object Repository/Schedule1/Page_KDMC - CMS/button_Add' is clicked on

2018-05-08 10:26:32 - [TEST_STEP][PASSED] - selectOptionByIndex: All options with index in [1] are selected on object 'Object Repository/Schedule1/Page_KDMC - CMS/select_--Select--Schedule 1Inj'

2018-05-08 10:26:32 - [MESSAGE][PASSED] - All options with index in [1] are selected on object 'Object Repository/Schedule1/Page_KDMC - CMS/select_--Select--Schedule 1Inj'

2018-05-08 10:26:32 - [TEST_STEP][PASSED] - selectOptionByIndex: All options with index in [25] are selected on object 'Object Repository/Schedule1/Page_KDMC - CMS/select_--Select--Adernaline 0.'

2018-05-08 10:26:32 - [MESSAGE][PASSED] - All options with index in [25] are selected on object 'Object Repository/Schedule1/Page_KDMC - CMS/select_--Select--Adernaline 0.'

2018-05-08 10:26:32 - [TEST_STEP][PASSED] - setText: Text '500' is set on object 'Object Repository/Schedule1/Page_KDMC - CMS/input_txttreat'

2018-05-08 10:26:32 - [MESSAGE][PASSED] - Text '500' is set on object 'Object Repository/Schedule1/Page_KDMC - CMS/input_txttreat'

2018-05-08 10:26:32 - [TEST_STEP][PASSED] - delay: Delayed 1 second(s)

2018-05-08 10:26:33 - [MESSAGE][PASSED] - Delayed 1 second(s)

2018-05-08 10:26:33 - [TEST_STEP][PASSED] - click: Object: 'Object Repository/Schedule1/Page_KDMC - CMS/button_Add' is clicked on

2018-05-08 10:26:38 - [MESSAGE][PASSED] - Object: 'Object Repository/Schedule1/Page_KDMC - CMS/button_Add' is clicked on

2018-05-08 10:26:38 - [TEST_STEP][PASSED] - selectOptionByIndex: All options with index in [1] are selected on object 'Object Repository/Schedule1/Page_KDMC - CMS/select_--Select--Schedule 1Inj'

2018-05-08 10:26:38 - [MESSAGE][PASSED] - All options with index in [1] are selected on object 'Object Repository/Schedule1/Page_KDMC - CMS/select_--Select--Schedule 1Inj'

2018-05-08 10:26:38 - [TEST_STEP][PASSED] - selectOptionByIndex: All options with index in [26] are selected on object 'Object Repository/Schedule1/Page_KDMC - CMS/select_--Select--Adernaline 0.'

2018-05-08 10:26:39 - [MESSAGE][PASSED] - All options with index in [26] are selected on object 'Object Repository/Schedule1/Page_KDMC - CMS/select_--Select--Adernaline 0.'

2018-05-08 10:26:39 - [TEST_STEP][PASSED] - setText: Text '500' is set on object 'Object Repository/Schedule1/Page_KDMC - CMS/input_txttreat'

2018-05-08 10:26:39 - [MESSAGE][PASSED] - Text '500' is set on object 'Object Repository/Schedule1/Page_KDMC - CMS/input_txttreat'

2018-05-08 10:26:39 - [TEST_STEP][PASSED] - delay: Delayed 1 second(s)

2018-05-08 10:26:40 - [MESSAGE][PASSED] - Delayed 1 second(s)

2018-05-08 10:26:40 - [TEST_STEP][PASSED] - click: Object: 'Object Repository/Schedule1/Page_KDMC - CMS/button_Add' is clicked on

2018-05-08 10:26:46 - [MESSAGE][PASSED] - Object: 'Object Repository/Schedule1/Page_KDMC - CMS/button_Add' is clicked on

2018-05-08 10:26:46 - [TEST_STEP][PASSED] - selectOptionByIndex: All options with index in [1] are selected on object 'Object Repository/Schedule1/Page_KDMC - CMS/select_--Select--Schedule 1Inj'

2018-05-08 10:26:46 - [MESSAGE][PASSED] - All options with index in [1] are selected on object 'Object Repository/Schedule1/Page_KDMC - CMS/select_--Select--Schedule 1Inj'

2018-05-08 10:26:46 - [TEST_STEP][PASSED] - selectOptionByIndex: All options with index in [27] are selected on object 'Object Repository/Schedule1/Page_KDMC - CMS/select_--Select--Adernaline 0.'

2018-05-08 10:26:46 - [MESSAGE][PASSED] - All options with index in [27] are selected on object 'Object Repository/Schedule1/Page_KDMC - CMS/select_--Select--Adernaline 0.'

2018-05-08 10:26:46 - [TEST_STEP][PASSED] - setText: Text '500' is set on object 'Object Repository/Schedule1/Page_KDMC - CMS/input_txttreat'

2018-05-08 10:26:46 - [MESSAGE][PASSED] - Text '500' is set on object 'Object Repository/Schedule1/Page_KDMC - CMS/input_txttreat'

2018-05-08 10:26:46 - [TEST_STEP][PASSED] - delay: Delayed 1 second(s)

2018-05-08 10:26:47 - [MESSAGE][PASSED] - Delayed 1 second(s)

2018-05-08 10:26:47 - [TEST_STEP][PASSED] - click: Object: 'Object Repository/Schedule1/Page_KDMC - CMS/button_Add' is clicked on

2018-05-08 10:26:52 - [MESSAGE][PASSED] - Object: 'Object Repository/Schedule1/Page_KDMC - CMS/button_Add' is clicked on

2018-05-08 10:26:52 - [TEST_STEP][PASSED] - selectOptionByIndex: All options with index in [1] are selected on object 'Object Repository/Schedule1/Page_KDMC - CMS/select_--Select--Schedule 1Inj'

2018-05-08 10:26:52 - [MESSAGE][PASSED] - All options with index in [1] are selected on object 'Object Repository/Schedule1/Page_KDMC - CMS/select_--Select--Schedule 1Inj'

2018-05-08 10:26:52 - [TEST_STEP][PASSED] - selectOptionByIndex: All options with index in [28] are selected on object 'Object Repository/Schedule1/Page_KDMC - CMS/select_--Select--Adernaline 0.'

2018-05-08 10:26:53 - [MESSAGE][PASSED] - All options with index in [28] are selected on object 'Object Repository/Schedule1/Page_KDMC - CMS/select_--Select--Adernaline 0.'

2018-05-08 10:26:53 - [TEST_STEP][PASSED] - setText: Text '500' is set on object 'Object Repository/Schedule1/Page_KDMC - CMS/input_txttreat'

2018-05-08 10:26:53 - [MESSAGE][PASSED] - Text '500' is set on object 'Object Repository/Schedule1/Page_KDMC - CMS/input_txttreat'

2018-05-08 10:26:53 - [TEST_STEP][PASSED] - delay: Delayed 1 second(s)

2018-05-08 10:26:54 - [MESSAGE][PASSED] - Delayed 1 second(s)

2018-05-08 10:26:54 - [TEST_STEP][PASSED] - click: Object: 'Object Repository/Schedule1/Page_KDMC - CMS/button_Add' is clicked on

2018-05-08 10:26:59 - [MESSAGE][PASSED] - Object: 'Object Repository/Schedule1/Page_KDMC - CMS/button_Add' is clicked on

2018-05-08 10:26:59 - [TEST_STEP][PASSED] - selectOptionByIndex: All options with index in [1] are selected on object 'Object Repository/Schedule1/Page_KDMC - CMS/select_--Select--Schedule 1Inj'

2018-05-08 10:27:00 - [MESSAGE][PASSED] - All options with index in [1] are selected on object 'Object Repository/Schedule1/Page_KDMC - CMS/select_--Select--Schedule 1Inj'

2018-05-08 10:27:00 - [TEST_STEP][PASSED] - selectOptionByIndex: All options with index in [29] are selected on object 'Object Repository/Schedule1/Page_KDMC - CMS/select_--Select--Adernaline 0.'

2018-05-08 10:27:00 - [MESSAGE][PASSED] - All options with index in [29] are selected on object 'Object Repository/Schedule1/Page_KDMC - CMS/select_--Select--Adernaline 0.'

2018-05-08 10:27:00 - [TEST_STEP][PASSED] - setText: Text '500' is set on object 'Object Repository/Schedule1/Page_KDMC - CMS/input_txttreat'

2018-05-08 10:27:00 - [MESSAGE][PASSED] - Text '500' is set on object 'Object Repository/Schedule1/Page_KDMC - CMS/input_txttreat'

2018-05-08 10:27:00 - [TEST_STEP][PASSED] - delay: Delayed 1 second(s)

2018-05-08 10:27:01 - [MESSAGE][PASSED] - Delayed 1 second(s)

2018-05-08 10:27:01 - [TEST_STEP][PASSED] - click: Object: 'Object Repository/Schedule1/Page_KDMC - CMS/button_Add' is clicked on

2018-05-08 10:27:06 - [MESSAGE][PASSED] - Object: 'Object Repository/Schedule1/Page_KDMC - CMS/button_Add' is clicked on

2018-05-08 10:27:06 - [TEST_STEP][PASSED] - selectOptionByIndex: All options with index in [1] are selected on object 'Object Repository/Schedule1/Page_KDMC - CMS/select_--Select--Schedule 1Inj'

2018-05-08 10:27:06 - [MESSAGE][PASSED] - All options with index in [1] are selected on object 'Object Repository/Schedule1/Page_KDMC - CMS/select_--Select--Schedule 1Inj'

2018-05-08 10:27:06 - [TEST_STEP][PASSED] - selectOptionByIndex: All options with index in [30] are selected on object 'Object Repository/Schedule1/Page_KDMC - CMS/select_--Select--Adernaline 0.'

2018-05-08 10:27:07 - [MESSAGE][PASSED] - All options with index in [30] are selected on object 'Object Repository/Schedule1/Page_KDMC - CMS/select_--Select--Adernaline 0.'

2018-05-08 10:27:07 - [TEST_STEP][PASSED] - setText: Text '500' is set on object 'Object Repository/Schedule1/Page_KDMC - CMS/input_txttreat'

2018-05-08 10:27:07 - [MESSAGE][PASSED] - Text '500' is set on object 'Object Repository/Schedule1/Page_KDMC - CMS/input_txttreat'

2018-05-08 10:27:07 - [TEST_STEP][PASSED] - delay: Delayed 1 second(s)

2018-05-08 10:27:08 - [MESSAGE][PASSED] - Delayed 1 second(s)

2018-05-08 10:27:08 - [TEST_STEP][PASSED] - click: Object: 'Object Repository/Schedule1/Page_KDMC - CMS/button_Add' is clicked on

2018-05-08 10:27:13 - [MESSAGE][PASSED] - Object: 'Object Repository/Schedule1/Page_KDMC - CMS/button_Add' is clicked on

2018-05-08 10:27:13 - [TEST_STEP][PASSED] - selectOptionByIndex: All options with index in [1] are selected on object 'Object Repository/Schedule1/Page_KDMC - CMS/select_--Select--Schedule 1Inj'

2018-05-08 10:27:14 - [MESSAGE][PASSED] - All options with index in [1] are selected on object 'Object Repository/Schedule1/Page_KDMC - CMS/select_--Select--Schedule 1Inj'

2018-05-08 10:27:14 - [TEST_STEP][PASSED] - selectOptionByIndex: All options with index in [31] are selected on object 'Object Repository/Schedule1/Page_KDMC - CMS/select_--Select--Adernaline 0.'

2018-05-08 10:27:15 - [MESSAGE][PASSED] - All options with index in [31] are selected on object 'Object Repository/Schedule1/Page_KDMC - CMS/select_--Select--Adernaline 0.'

2018-05-08 10:27:15 - [TEST_STEP][PASSED] - setText: Text '500' is set on object 'Object Repository/Schedule1/Page_KDMC - CMS/input_txttreat'

2018-05-08 10:27:15 - [MESSAGE][PASSED] - Text '500' is set on object 'Object Repository/Schedule1/Page_KDMC - CMS/input_txttreat'

2018-05-08 10:27:15 - [TEST_STEP][PASSED] - delay: Delayed 1 second(s)

2018-05-08 10:27:16 - [MESSAGE][PASSED] - Delayed 1 second(s)

2018-05-08 10:27:16 - [TEST_STEP][PASSED] - click: Object: 'Object Repository/Schedule1/Page_KDMC - CMS/button_Add' is clicked on

2018-05-08 10:27:21 - [MESSAGE][PASSED] - Object: 'Object Repository/Schedule1/Page_KDMC - CMS/button_Add' is clicked on

2018-05-08 10:27:21 - [TEST_STEP][PASSED] - selectOptionByIndex: All options with index in [1] are selected on object 'Object Repository/Schedule1/Page_KDMC - CMS/select_--Select--Schedule 1Inj'

2018-05-08 10:27:21 - [MESSAGE][PASSED] - All options with index in [1] are selected on object 'Object Repository/Schedule1/Page_KDMC - CMS/select_--Select--Schedule 1Inj'

2018-05-08 10:27:21 - [TEST_STEP][PASSED] - selectOptionByIndex: All options with index in [32] are selected on object 'Object Repository/Schedule1/Page_KDMC - CMS/select_--Select--Adernaline 0.'

2018-05-08 10:27:22 - [MESSAGE][PASSED] - All options with index in [32] are selected on object 'Object Repository/Schedule1/Page_KDMC - CMS/select_--Select--Adernaline 0.'

2018-05-08 10:27:22 - [TEST_STEP][PASSED] - setText: Text '500' is set on object 'Object Repository/Schedule1/Page_KDMC - CMS/input_txttreat'

2018-05-08 10:27:22 - [MESSAGE][PASSED] - Text '500' is set on object 'Object Repository/Schedule1/Page_KDMC - CMS/input_txttreat'

2018-05-08 10:27:22 - [TEST_STEP][PASSED] - delay: Delayed 1 second(s)

2018-05-08 10:27:23 - [MESSAGE][PASSED] - Delayed 1 second(s)

2018-05-08 10:27:23 - [TEST_STEP][PASSED] - click: Object: 'Object Repository/Schedule1/Page_KDMC - CMS/button_Add' is clicked on

2018-05-08 10:27:28 - [MESSAGE][PASSED] - Object: 'Object Repository/Schedule1/Page_KDMC - CMS/button_Add' is clicked on

2018-05-08 10:27:28 - [TEST_STEP][PASSED] - selectOptionByIndex: All options with index in [1] are selected on object 'Object Repository/Schedule1/Page_KDMC - CMS/select_--Select--Schedule 1Inj'

2018-05-08 10:27:28 - [MESSAGE][PASSED] - All options with index in [1] are selected on object 'Object Repository/Schedule1/Page_KDMC - CMS/select_--Select--Schedule 1Inj'

2018-05-08 10:27:28 - [TEST_STEP][PASSED] - selectOptionByIndex: All options with index in [33] are selected on object 'Object Repository/Schedule1/Page_KDMC - CMS/select_--Select--Adernaline 0.'

2018-05-08 10:27:29 - [MESSAGE][PASSED] - All options with index in [33] are selected on object 'Object Repository/Schedule1/Page_KDMC - CMS/select_--Select--Adernaline 0.'

2018-05-08 10:27:29 - [TEST_STEP][PASSED] - setText: Text '500' is set on object 'Object Repository/Schedule1/Page_KDMC - CMS/input_txttreat'

2018-05-08 10:27:29 - [MESSAGE][PASSED] - Text '500' is set on object 'Object Repository/Schedule1/Page_KDMC - CMS/input_txttreat'

2018-05-08 10:27:29 - [TEST_STEP][PASSED] - delay: Delayed 1 second(s)

2018-05-08 10:27:30 - [MESSAGE][PASSED] - Delayed 1 second(s)

2018-05-08 10:27:30 - [TEST_STEP][PASSED] - click: Object: 'Object Repository/Schedule1/Page_KDMC - CMS/button_Add' is clicked on

2018-05-08 10:27:35 - [MESSAGE][PASSED] - Object: 'Object Repository/Schedule1/Page_KDMC - CMS/button_Add' is clicked on

2018-05-08 10:27:35 - [TEST_STEP][PASSED] - selectOptionByIndex: All options with index in [1] are selected on object 'Object Repository/Schedule1/Page_KDMC - CMS/select_--Select--Schedule 1Inj'

2018-05-08 10:27:36 - [MESSAGE][PASSED] - All options with index in [1] are selected on object 'Object Repository/Schedule1/Page_KDMC - CMS/select_--Select--Schedule 1Inj'

2018-05-08 10:27:36 - [TEST_STEP][PASSED] - selectOptionByIndex: All options with index in [34] are selected on object 'Object Repository/Schedule1/Page_KDMC - CMS/select_--Select--Adernaline 0.'

2018-05-08 10:27:37 - [MESSAGE][PASSED] - All options with index in [34] are selected on object 'Object Repository/Schedule1/Page_KDMC - CMS/select_--Select--Adernaline 0.'

2018-05-08 10:27:37 - [TEST_STEP][PASSED] - setText: Text '500' is set on object 'Object Repository/Schedule1/Page_KDMC - CMS/input_txttreat'

2018-05-08 10:27:37 - [MESSAGE][PASSED] - Text '500' is set on object 'Object Repository/Schedule1/Page_KDMC - CMS/input_txttreat'

2018-05-08 10:27:37 - [TEST_STEP][PASSED] - delay: Delayed 1 second(s)

2018-05-08 10:27:38 - [MESSAGE][PASSED] - Delayed 1 second(s)

2018-05-08 10:27:38 - [TEST_STEP][PASSED] - click: Object: 'Object Repository/Schedule1/Page_KDMC - CMS/button_Add' is clicked on

2018-05-08 10:27:43 - [MESSAGE][PASSED] - Object: 'Object Repository/Schedule1/Page_KDMC - CMS/button_Add' is clicked on

2018-05-08 10:27:43 - [TEST_STEP][PASSED] - selectOptionByIndex: All options with index in [1] are selected on object 'Object Repository/Schedule1/Page_KDMC - CMS/select_--Select--Schedule 1Inj'

2018-05-08 10:27:43 - [MESSAGE][PASSED] - All options with index in [1] are selected on object 'Object Repository/Schedule1/Page_KDMC - CMS/select_--Select--Schedule 1Inj'

2018-05-08 10:27:43 - [TEST_STEP][PASSED] - selectOptionByIndex: All options with index in [35] are selected on object 'Object Repository/Schedule1/Page_KDMC - CMS/select_--Select--Adernaline 0.'

2018-05-08 10:27:43 - [MESSAGE][PASSED] - All options with index in [35] are selected on object 'Object Repository/Schedule1/Page_KDMC - CMS/select_--Select--Adernaline 0.'

2018-05-08 10:27:43 - [TEST_STEP][PASSED] - setText: Text '500' is set on object 'Object Repository/Schedule1/Page_KDMC - CMS/input_txttreat'

2018-05-08 10:27:43 - [MESSAGE][PASSED] - Text '500' is set on object 'Object Repository/Schedule1/Page_KDMC - CMS/input_txttreat'

2018-05-08 10:27:43 - [TEST_STEP][PASSED] - delay: Delayed 1 second(s)

2018-05-08 10:27:44 - [MESSAGE][PASSED] - Delayed 1 second(s)

2018-05-08 10:27:44 - [TEST_STEP][PASSED] - click: Object: 'Object Repository/Schedule1/Page_KDMC - CMS/button_Add' is clicked on

2018-05-08 10:27:50 - [MESSAGE][PASSED] - Object: 'Object Repository/Schedule1/Page_KDMC - CMS/button_Add' is clicked on

2018-05-08 10:27:50 - [TEST_STEP][PASSED] - selectOptionByIndex: All options with index in [1] are selected on object 'Object Repository/Schedule1/Page_KDMC - CMS/select_--Select--Schedule 1Inj'

2018-05-08 10:27:50 - [MESSAGE][PASSED] - All options with index in [1] are selected on object 'Object Repository/Schedule1/Page_KDMC - CMS/select_--Select--Schedule 1Inj'

2018-05-08 10:27:50 - [TEST_STEP][PASSED] - selectOptionByIndex: All options with index in [36] are selected on object 'Object Repository/Schedule1/Page_KDMC - CMS/select_--Select--Adernaline 0.'

2018-05-08 10:27:51 - [MESSAGE][PASSED] - All options with index in [36] are selected on object 'Object Repository/Schedule1/Page_KDMC - CMS/select_--Select--Adernaline 0.'

2018-05-08 10:27:51 - [TEST_STEP][PASSED] - setText: Text '500' is set on object 'Object Repository/Schedule1/Page_KDMC - CMS/input_txttreat'

2018-05-08 10:27:51 - [MESSAGE][PASSED] - Text '500' is set on object 'Object Repository/Schedule1/Page_KDMC - CMS/input_txttreat'

2018-05-08 10:27:51 - [TEST_STEP][PASSED] - delay: Delayed 1 second(s)

2018-05-08 10:27:52 - [MESSAGE][PASSED] - Delayed 1 second(s)

2018-05-08 10:27:52 - [TEST_STEP][PASSED] - click: Object: 'Object Repository/Schedule1/Page_KDMC - CMS/button_Add' is clicked on

2018-05-08 10:27:57 - [MESSAGE][PASSED] - Object: 'Object Repository/Schedule1/Page_KDMC - CMS/button_Add' is clicked on

2018-05-08 10:27:57 - [TEST_STEP][PASSED] - selectOptionByIndex: All options with index in [1] are selected on object 'Object Repository/Schedule1/Page_KDMC - CMS/select_--Select--Schedule 1Inj'

2018-05-08 10:27:58 - [MESSAGE][PASSED] - All options with index in [1] are selected on object 'Object Repository/Schedule1/Page_KDMC - CMS/select_--Select--Schedule 1Inj'

2018-05-08 10:27:58 - [TEST_STEP][PASSED] - selectOptionByIndex: All options with index in [37] are selected on object 'Object Repository/Schedule1/Page_KDMC - CMS/select_--Select--Adernaline 0.'

2018-05-08 10:27:59 - [MESSAGE][PASSED] - All options with index in [37] are selected on object 'Object Repository/Schedule1/Page_KDMC - CMS/select_--Select--Adernaline 0.'

2018-05-08 10:27:59 - [TEST_STEP][PASSED] - setText: Text '500' is set on object 'Object Repository/Schedule1/Page_KDMC - CMS/input_txttreat'

2018-05-08 10:27:59 - [MESSAGE][PASSED] - Text '500' is set on object 'Object Repository/Schedule1/Page_KDMC - CMS/input_txttreat'

2018-05-08 10:27:59 - [TEST_STEP][PASSED] - delay: Delayed 1 second(s)

2018-05-08 10:28:00 - [MESSAGE][PASSED] - Delayed 1 second(s)

2018-05-08 10:28:00 - [TEST_STEP][PASSED] - click: Object: 'Object Repository/Schedule1/Page_KDMC - CMS/button_Add' is clicked on

2018-05-08 10:28:05 - [MESSAGE][PASSED] - Object: 'Object Repository/Schedule1/Page_KDMC - CMS/button_Add' is clicked on

2018-05-08 10:28:05 - [TEST_STEP][PASSED] - selectOptionByIndex: All options with index in [1] are selected on object 'Object Repository/Schedule1/Page_KDMC - CMS/select_--Select--Schedule 1Inj'

2018-05-08 10:28:05 - [MESSAGE][PASSED] - All options with index in [1] are selected on object 'Object Repository/Schedule1/Page_KDMC - CMS/select_--Select--Schedule 1Inj'

2018-05-08 10:28:05 - [TEST_STEP][PASSED] - selectOptionByIndex: All options with index in [38] are selected on object 'Object Repository/Schedule1/Page_KDMC - CMS/select_--Select--Adernaline 0.'

2018-05-08 10:28:06 - [MESSAGE][PASSED] - All options with index in [38] are selected on object 'Object Repository/Schedule1/Page_KDMC - CMS/select_--Select--Adernaline 0.'

2018-05-08 10:28:06 - [TEST_STEP][PASSED] - setText: Text '500' is set on object 'Object Repository/Schedule1/Page_KDMC - CMS/input_txttreat'

2018-05-08 10:28:06 - [MESSAGE][PASSED] - Text '500' is set on object 'Object Repository/Schedule1/Page_KDMC - CMS/input_txttreat'

2018-05-08 10:28:06 - [TEST_STEP][PASSED] - delay: Delayed 1 second(s)

2018-05-08 10:28:07 - [MESSAGE][PASSED] - Delayed 1 second(s)

2018-05-08 10:28:07 - [TEST_STEP][PASSED] - click: Object: 'Object Repository/Schedule1/Page_KDMC - CMS/button_Add' is clicked on

2018-05-08 10:28:12 - [MESSAGE][PASSED] - Object: 'Object Repository/Schedule1/Page_KDMC - CMS/button_Add' is clicked on

2018-05-08 10:28:12 - [TEST_STEP][PASSED] - selectOptionByIndex: All options with index in [1] are selected on object 'Object Repository/Schedule1/Page_KDMC - CMS/select_--Select--Schedule 1Inj'

2018-05-08 10:28:12 - [MESSAGE][PASSED] - All options with index in [1] are selected on object 'Object Repository/Schedule1/Page_KDMC - CMS/select_--Select--Schedule 1Inj'

2018-05-08 10:28:12 - [TEST_STEP][PASSED] - selectOptionByIndex: All options with index in [39] are selected on object 'Object Repository/Schedule1/Page_KDMC - CMS/select_--Select--Adernaline 0.'

2018-05-08 10:28:13 - [MESSAGE][PASSED] - All options with index in [39] are selected on object 'Object Repository/Schedule1/Page_KDMC - CMS/select_--Select--Adernaline 0.'

2018-05-08 10:28:13 - [TEST_STEP][PASSED] - setText: Text '500' is set on object 'Object Repository/Schedule1/Page_KDMC - CMS/input_txttreat'

2018-05-08 10:28:14 - [MESSAGE][PASSED] - Text '500' is set on object 'Object Repository/Schedule1/Page_KDMC - CMS/input_txttreat'

2018-05-08 10:28:14 - [TEST_STEP][PASSED] - delay: Delayed 1 second(s)

2018-05-08 10:28:15 - [MESSAGE][PASSED] - Delayed 1 second(s)

2018-05-08 10:28:15 - [TEST_STEP][PASSED] - click: Object: 'Object Repository/Schedule1/Page_KDMC - CMS/button_Add' is clicked on

2018-05-08 10:28:20 - [MESSAGE][PASSED] - Object: 'Object Repository/Schedule1/Page_KDMC - CMS/button_Add' is clicked on

2018-05-08 10:28:20 - [TEST_STEP][PASSED] - selectOptionByIndex: All options with index in [1] are selected on object 'Object Repository/Schedule1/Page_KDMC - CMS/select_--Select--Schedule 1Inj'

2018-05-08 10:28:20 - [MESSAGE][PASSED] - All options with index in [1] are selected on object 'Object Repository/Schedule1/Page_KDMC - CMS/select_--Select--Schedule 1Inj'

2018-05-08 10:28:20 - [TEST_STEP][PASSED] - selectOptionByIndex: All options with index in [40] are selected on object 'Object Repository/Schedule1/Page_KDMC - CMS/select_--Select--Adernaline 0.'

2018-05-08 10:28:21 - [MESSAGE][PASSED] - All options with index in [40] are selected on object 'Object Repository/Schedule1/Page_KDMC - CMS/select_--Select--Adernaline 0.'

2018-05-08 10:28:21 - [TEST_STEP][PASSED] - setText: Text '500' is set on object 'Object Repository/Schedule1/Page_KDMC - CMS/input_txttreat'

2018-05-08 10:28:21 - [MESSAGE][PASSED] - Text '500' is set on object 'Object Repository/Schedule1/Page_KDMC - CMS/input_txttreat'

2018-05-08 10:28:21 - [TEST_STEP][PASSED] - delay: Delayed 1 second(s)

2018-05-08 10:28:22 - [MESSAGE][PASSED] - Delayed 1 second(s)

2018-05-08 10:28:22 - [TEST_STEP][PASSED] - click: Object: 'Object Repository/Schedule1/Page_KDMC - CMS/button_Add' is clicked on

2018-05-08 10:28:27 - [MESSAGE][PASSED] - Object: 'Object Repository/Schedule1/Page_KDMC - CMS/button_Add' is clicked on

2018-05-08 10:28:27 - [TEST_STEP][PASSED] - selectOptionByIndex: All options with index in [1] are selected on object 'Object Repository/Schedule1/Page_KDMC - CMS/select_--Select--Schedule 1Inj'

2018-05-08 10:28:27 - [MESSAGE][PASSED] - All options with index in [1] are selected on object 'Object Repository/Schedule1/Page_KDMC - CMS/select_--Select--Schedule 1Inj'

2018-05-08 10:28:27 - [TEST_STEP][PASSED] - selectOptionByIndex: All options with index in [41] are selected on object 'Object Repository/Schedule1/Page_KDMC - CMS/select_--Select--Adernaline 0.'

2018-05-08 10:28:28 - [MESSAGE][PASSED] - All options with index in [41] are selected on object 'Object Repository/Schedule1/Page_KDMC - CMS/select_--Select--Adernaline 0.'

2018-05-08 10:28:28 - [TEST_STEP][PASSED] - setText: Text '500' is set on object 'Object Repository/Schedule1/Page_KDMC - CMS/input_txttreat'

2018-05-08 10:28:29 - [MESSAGE][PASSED] - Text '500' is set on object 'Object Repository/Schedule1/Page_KDMC - CMS/input_txttreat'

2018-05-08 10:28:29 - [TEST_STEP][PASSED] - delay: Delayed 1 second(s)

2018-05-08 10:28:30 - [MESSAGE][PASSED] - Delayed 1 second(s)

2018-05-08 10:28:30 - [TEST_STEP][PASSED] - click: Object: 'Object Repository/Schedule1/Page_KDMC - CMS/button_Add' is clicked on

2018-05-08 10:28:35 - [MESSAGE][PASSED] - Object: 'Object Repository/Schedule1/Page_KDMC - CMS/button_Add' is clicked on

2018-05-08 10:28:35 - [TEST_STEP][PASSED] - selectOptionByIndex: All options with index in [1] are selected on object 'Object Repository/Schedule1/Page_KDMC - CMS/select_--Select--Schedule 1Inj'

2018-05-08 10:28:35 - [MESSAGE][PASSED] - All options with index in [1] are selected on object 'Object Repository/Schedule1/Page_KDMC - CMS/select_--Select--Schedule 1Inj'

2018-05-08 10:28:35 - [TEST_STEP][PASSED] - selectOptionByIndex: All options with index in [42] are selected on object 'Object Repository/Schedule1/Page_KDMC - CMS/select_--Select--Adernaline 0.'

2018-05-08 10:28:36 - [MESSAGE][PASSED] - All options with index in [42] are selected on object 'Object Repository/Schedule1/Page_KDMC - CMS/select_--Select--Adernaline 0.'

2018-05-08 10:28:36 - [TEST_STEP][PASSED] - setText: Text '500' is set on object 'Object Repository/Schedule1/Page_KDMC - CMS/input_txttreat'

2018-05-08 10:28:36 - [MESSAGE][PASSED] - Text '500' is set on object 'Object Repository/Schedule1/Page_KDMC - CMS/input_txttreat'

2018-05-08 10:28:36 - [TEST_STEP][PASSED] - delay: Delayed 1 second(s)

2018-05-08 10:28:37 - [MESSAGE][PASSED] - Delayed 1 second(s)

2018-05-08 10:28:37 - [TEST_STEP][PASSED] - click: Object: 'Object Repository/Schedule1/Page_KDMC - CMS/button_Add' is clicked on

2018-05-08 10:28:43 - [MESSAGE][PASSED] - Object: 'Object Repository/Schedule1/Page_KDMC - CMS/button_Add' is clicked on

2018-05-08 10:28:43 - [TEST_STEP][PASSED] - selectOptionByIndex: All options with index in [1] are selected on object 'Object Repository/Schedule1/Page_KDMC - CMS/select_--Select--Schedule 1Inj'

2018-05-08 10:28:43 - [MESSAGE][PASSED] - All options with index in [1] are selected on object 'Object Repository/Schedule1/Page_KDMC - CMS/select_--Select--Schedule 1Inj'

2018-05-08 10:28:43 - [TEST_STEP][PASSED] - selectOptionByIndex: All options with index in [43] are selected on object 'Object Repository/Schedule1/Page_KDMC - CMS/select_--Select--Adernaline 0.'

2018-05-08 10:28:44 - [MESSAGE][PASSED] - All options with index in [43] are selected on object 'Object Repository/Schedule1/Page_KDMC - CMS/select_--Select--Adernaline 0.'

2018-05-08 10:28:44 - [TEST_STEP][PASSED] - setText: Text '500' is set on object 'Object Repository/Schedule1/Page_KDMC - CMS/input_txttreat'

2018-05-08 10:28:45 - [MESSAGE][PASSED] - Text '500' is set on object 'Object Repository/Schedule1/Page_KDMC - CMS/input_txttreat'

2018-05-08 10:28:45 - [TEST_STEP][PASSED] - delay: Delayed 1 second(s)

2018-05-08 10:28:46 - [MESSAGE][PASSED] - Delayed 1 second(s)

2018-05-08 10:28:46 - [TEST_STEP][PASSED] - click: Object: 'Object Repository/Schedule1/Page_KDMC - CMS/button_Add' is clicked on

2018-05-08 10:28:51 - [MESSAGE][PASSED] - Object: 'Object Repository/Schedule1/Page_KDMC - CMS/button_Add' is clicked on

2018-05-08 10:28:51 - [TEST_STEP][PASSED] - selectOptionByIndex: All options with index in [1] are selected on object 'Object Repository/Schedule1/Page_KDMC - CMS/select_--Select--Schedule 1Inj'

2018-05-08 10:28:51 - [MESSAGE][PASSED] - All options with index in [1] are selected on object 'Object Repository/Schedule1/Page_KDMC - CMS/select_--Select--Schedule 1Inj'

2018-05-08 10:28:51 - [TEST_STEP][PASSED] - selectOptionByIndex: All options with index in [44] are selected on object 'Object Repository/Schedule1/Page_KDMC - CMS/select_--Select--Adernaline 0.'

2018-05-08 10:28:51 - [MESSAGE][PASSED] - All options with index in [44] are selected on object 'Object Repository/Schedule1/Page_KDMC - CMS/select_--Select--Adernaline 0.'

2018-05-08 10:28:51 - [TEST_STEP][PASSED] - setText: Text '500' is set on object 'Object Repository/Schedule1/Page_KDMC - CMS/input_txttreat'

2018-05-08 10:28:51 - [MESSAGE][PASSED] - Text '500' is set on object 'Object Repository/Schedule1/Page_KDMC - CMS/input_txttreat'

2018-05-08 10:28:51 - [TEST_STEP][PASSED] - delay: Delayed 1 second(s)

2018-05-08 10:28:52 - [MESSAGE][PASSED] - Delayed 1 second(s)

2018-05-08 10:28:52 - [TEST_STEP][PASSED] - click: Object: 'Object Repository/Schedule1/Page_KDMC - CMS/button_Add' is clicked on

2018-05-08 10:28:58 - [MESSAGE][PASSED] - Object: 'Object Repository/Schedule1/Page_KDMC - CMS/button_Add' is clicked on

2018-05-08 10:28:58 - [TEST_STEP][PASSED] - selectOptionByIndex: All options with index in [1] are selected on object 'Object Repository/Schedule1/Page_KDMC - CMS/select_--Select--Schedule 1Inj'

2018-05-08 10:28:58 - [MESSAGE][PASSED] - All options with index in [1] are selected on object 'Object Repository/Schedule1/Page_KDMC - CMS/select_--Select--Schedule 1Inj'

2018-05-08 10:28:58 - [TEST_STEP][PASSED] - selectOptionByIndex: All options with index in [45] are selected on object 'Object Repository/Schedule1/Page_KDMC - CMS/select_--Select--Adernaline 0.'

2018-05-08 10:28:59 - [MESSAGE][PASSED] - All options with index in [45] are selected on object 'Object Repository/Schedule1/Page_KDMC - CMS/select_--Select--Adernaline 0.'

2018-05-08 10:28:59 - [TEST_STEP][PASSED] - setText: Text '500' is set on object 'Object Repository/Schedule1/Page_KDMC - CMS/input_txttreat'

2018-05-08 10:28:59 - [MESSAGE][PASSED] - Text '500' is set on object 'Object Repository/Schedule1/Page_KDMC - CMS/input_txttreat'

2018-05-08 10:28:59 - [TEST_STEP][PASSED] - delay: Delayed 1 second(s)

2018-05-08 10:29:00 - [MESSAGE][PASSED] - Delayed 1 second(s)

2018-05-08 10:29:00 - [TEST_STEP][PASSED] - click: Object: 'Object Repository/Schedule1/Page_KDMC - CMS/button_Add' is clicked on

2018-05-08 10:29:05 - [MESSAGE][PASSED] - Object: 'Object Repository/Schedule1/Page_KDMC - CMS/button_Add' is clicked on

2018-05-08 10:29:05 - [TEST_STEP][PASSED] - selectOptionByIndex: All options with index in [1] are selected on object 'Object Repository/Schedule1/Page_KDMC - CMS/select_--Select--Schedule 1Inj'

2018-05-08 10:29:06 - [MESSAGE][PASSED] - All options with index in [1] are selected on object 'Object Repository/Schedule1/Page_KDMC - CMS/select_--Select--Schedule 1Inj'

2018-05-08 10:29:06 - [TEST_STEP][PASSED] - selectOptionByIndex: All options with index in [46] are selected on object 'Object Repository/Schedule1/Page_KDMC - CMS/select_--Select--Adernaline 0.'

2018-05-08 10:29:07 - [MESSAGE][PASSED] - All options with index in [46] are selected on object 'Object Repository/Schedule1/Page_KDMC - CMS/select_--Select--Adernaline 0.'

2018-05-08 10:29:07 - [TEST_STEP][PASSED] - setText: Text '500' is set on object 'Object Repository/Schedule1/Page_KDMC - CMS/input_txttreat'

2018-05-08 10:29:07 - [MESSAGE][PASSED] - Text '500' is set on object 'Object Repository/Schedule1/Page_KDMC - CMS/input_txttreat'

2018-05-08 10:29:07 - [TEST_STEP][PASSED] - delay: Delayed 1 second(s)

2018-05-08 10:29:08 - [MESSAGE][PASSED] - Delayed 1 second(s)

2018-05-08 10:29:08 - [TEST_STEP][PASSED] - click: Object: 'Object Repository/Schedule1/Page_KDMC - CMS/button_Add' is clicked on

2018-05-08 10:29:13 - [MESSAGE][PASSED] - Object: 'Object Repository/Schedule1/Page_KDMC - CMS/button_Add' is clicked on

2018-05-08 10:29:13 - [TEST_STEP][PASSED] - selectOptionByIndex: All options with index in [1] are selected on object 'Object Repository/Schedule1/Page_KDMC - CMS/select_--Select--Schedule 1Inj'

2018-05-08 10:29:13 - [MESSAGE][PASSED] - All options with index in [1] are selected on object 'Object Repository/Schedule1/Page_KDMC - CMS/select_--Select--Schedule 1Inj'

2018-05-08 10:29:13 - [TEST_STEP][PASSED] - selectOptionByIndex: All options with index in [47] are selected on object 'Object Repository/Schedule1/Page_KDMC - CMS/select_--Select--Adernaline 0.'

2018-05-08 10:29:15 - [MESSAGE][PASSED] - All options with index in [47] are selected on object 'Object Repository/Schedule1/Page_KDMC - CMS/select_--Select--Adernaline 0.'

2018-05-08 10:29:15 - [TEST_STEP][PASSED] - setText: Text '500' is set on object 'Object Repository/Schedule1/Page_KDMC - CMS/input_txttreat'

2018-05-08 10:29:15 - [MESSAGE][PASSED] - Text '500' is set on object 'Object Repository/Schedule1/Page_KDMC - CMS/input_txttreat'

2018-05-08 10:29:15 - [TEST_STEP][PASSED] - delay: Delayed 1 second(s)

2018-05-08 10:29:16 - [MESSAGE][PASSED] - Delayed 1 second(s)

2018-05-08 10:29:16 - [TEST_STEP][PASSED] - click: Object: 'Object Repository/Schedule1/Page_KDMC - CMS/button_Add' is clicked on

2018-05-08 10:29:21 - [MESSAGE][PASSED] - Object: 'Object Repository/Schedule1/Page_KDMC - CMS/button_Add' is clicked on

2018-05-08 10:29:21 - [TEST_STEP][PASSED] - selectOptionByIndex: All options with index in [1] are selected on object 'Object Repository/Schedule1/Page_KDMC - CMS/select_--Select--Schedule 1Inj'

2018-05-08 10:29:21 - [MESSAGE][PASSED] - All options with index in [1] are selected on object 'Object Repository/Schedule1/Page_KDMC - CMS/select_--Select--Schedule 1Inj'

2018-05-08 10:29:21 - [TEST_STEP][PASSED] - selectOptionByIndex: All options with index in [48] are selected on object 'Object Repository/Schedule1/Page_KDMC - CMS/select_--Select--Adernaline 0.'

2018-05-08 10:29:22 - [MESSAGE][PASSED] - All options with index in [48] are selected on object 'Object Repository/Schedule1/Page_KDMC - CMS/select_--Select--Adernaline 0.'

2018-05-08 10:29:22 - [TEST_STEP][PASSED] - setText: Text '500' is set on object 'Object Repository/Schedule1/Page_KDMC - CMS/input_txttreat'

2018-05-08 10:29:22 - [MESSAGE][PASSED] - Text '500' is set on object 'Object Repository/Schedule1/Page_KDMC - CMS/input_txttreat'

2018-05-08 10:29:22 - [TEST_STEP][PASSED] - delay: Delayed 1 second(s)

2018-05-08 10:29:23 - [MESSAGE][PASSED] - Delayed 1 second(s)

2018-05-08 10:29:23 - [TEST_STEP][PASSED] - click: Object: 'Object Repository/Schedule1/Page_KDMC - CMS/button_Add' is clicked on

2018-05-08 10:29:28 - [MESSAGE][PASSED] - Object: 'Object Repository/Schedule1/Page_KDMC - CMS/button_Add' is clicked on

2018-05-08 10:29:28 - [TEST_STEP][PASSED] - selectOptionByIndex: All options with index in [1] are selected on object 'Object Repository/Schedule1/Page_KDMC - CMS/select_--Select--Schedule 1Inj'

2018-05-08 10:29:28 - [MESSAGE][PASSED] - All options with index in [1] are selected on object 'Object Repository/Schedule1/Page_KDMC - CMS/select_--Select--Schedule 1Inj'

2018-05-08 10:29:28 - [TEST_STEP][PASSED] - selectOptionByIndex: All options with index in [49] are selected on object 'Object Repository/Schedule1/Page_KDMC - CMS/select_--Select--Adernaline 0.'

2018-05-08 10:29:30 - [MESSAGE][PASSED] - All options with index in [49] are selected on object 'Object Repository/Schedule1/Page_KDMC - CMS/select_--Select--Adernaline 0.'

2018-05-08 10:29:30 - [TEST_STEP][PASSED] - setText: Text '500' is set on object 'Object Repository/Schedule1/Page_KDMC - CMS/input_txttreat'

2018-05-08 10:29:30 - [MESSAGE][PASSED] - Text '500' is set on object 'Object Repository/Schedule1/Page_KDMC - CMS/input_txttreat'

2018-05-08 10:29:30 - [TEST_STEP][PASSED] - delay: Delayed 1 second(s)

2018-05-08 10:29:31 - [MESSAGE][PASSED] - Delayed 1 second(s)

2018-05-08 10:29:31 - [TEST_STEP][PASSED] - click: Object: 'Object Repository/Schedule1/Page_KDMC - CMS/button_Add' is clicked on

2018-05-08 10:29:36 - [MESSAGE][PASSED] - Object: 'Object Repository/Schedule1/Page_KDMC - CMS/button_Add' is clicked on

2018-05-08 10:29:36 - [TEST_STEP][PASSED] - selectOptionByIndex: All options with index in [1] are selected on object 'Object Repository/Schedule1/Page_KDMC - CMS/select_--Select--Schedule 1Inj'

2018-05-08 10:29:36 - [MESSAGE][PASSED] - All options with index in [1] are selected on object 'Object Repository/Schedule1/Page_KDMC - CMS/select_--Select--Schedule 1Inj'

2018-05-08 10:29:36 - [TEST_STEP][PASSED] - selectOptionByIndex: All options with index in [50] are selected on object 'Object Repository/Schedule1/Page_KDMC - CMS/select_--Select--Adernaline 0.'

2018-05-08 10:29:38 - [MESSAGE][PASSED] - All options with index in [50] are selected on object 'Object Repository/Schedule1/Page_KDMC - CMS/select_--Select--Adernaline 0.'

2018-05-08 10:29:38 - [TEST_STEP][PASSED] - setText: Text '500' is set on object 'Object Repository/Schedule1/Page_KDMC - CMS/input_txttreat'

2018-05-08 10:29:38 - [MESSAGE][PASSED] - Text '500' is set on object 'Object Repository/Schedule1/Page_KDMC - CMS/input_txttreat'

2018-05-08 10:29:38 - [TEST_STEP][PASSED] - delay: Delayed 1 second(s)

2018-05-08 10:29:39 - [MESSAGE][PASSED] - Delayed 1 second(s)

2018-05-08 10:29:39 - [TEST_STEP][PASSED] - click: Object: 'Object Repository/Schedule1/Page_KDMC - CMS/button_Add' is clicked on

2018-05-08 10:29:44 - [MESSAGE][PASSED] - Object: 'Object Repository/Schedule1/Page_KDMC - CMS/button_Add' is clicked on

2018-05-08 10:29:44 - [TEST_STEP][PASSED] - selectOptionByIndex: All options with index in [1] are selected on object 'Object Repository/Schedule1/Page_KDMC - CMS/select_--Select--Schedule 1Inj'

2018-05-08 10:29:44 - [MESSAGE][PASSED] - All options with index in [1] are selected on object 'Object Repository/Schedule1/Page_KDMC - CMS/select_--Select--Schedule 1Inj'

2018-05-08 10:29:44 - [TEST_STEP][PASSED] - selectOptionByIndex: All options with index in [51] are selected on object 'Object Repository/Schedule1/Page_KDMC - CMS/select_--Select--Adernaline 0.'

2018-05-08 10:29:45 - [MESSAGE][PASSED] - All options with index in [51] are selected on object 'Object Repository/Schedule1/Page_KDMC - CMS/select_--Select--Adernaline 0.'

2018-05-08 10:29:45 - [TEST_STEP][PASSED] - setText: Text '500' is set on object 'Object Repository/Schedule1/Page_KDMC - CMS/input_txttreat'

2018-05-08 10:29:45 - [MESSAGE][PASSED] - Text '500' is set on object 'Object Repository/Schedule1/Page_KDMC - CMS/input_txttreat'

2018-05-08 10:29:45 - [TEST_STEP][PASSED] - delay: Delayed 1 second(s)

2018-05-08 10:29:46 - [MESSAGE][PASSED] - Delayed 1 second(s)

2018-05-08 10:29:46 - [TEST_STEP][PASSED] - click: Object: 'Object Repository/Schedule1/Page_KDMC - CMS/button_Add' is clicked on

2018-05-08 10:29:51 - [MESSAGE][PASSED] - Object: 'Object Repository/Schedule1/Page_KDMC - CMS/button_Add' is clicked on

2018-05-08 10:29:51 - [TEST_STEP][PASSED] - selectOptionByIndex: All options with index in [1] are selected on object 'Object Repository/Schedule1/Page_KDMC - CMS/select_--Select--Schedule 1Inj'

2018-05-08 10:29:51 - [MESSAGE][PASSED] - All options with index in [1] are selected on object 'Object Repository/Schedule1/Page_KDMC - CMS/select_--Select--Schedule 1Inj'

2018-05-08 10:29:51 - [TEST_STEP][PASSED] - selectOptionByIndex: All options with index in [52] are selected on object 'Object Repository/Schedule1/Page_KDMC - CMS/select_--Select--Adernaline 0.'

2018-05-08 10:29:52 - [MESSAGE][PASSED] - All options with index in [52] are selected on object 'Object Repository/Schedule1/Page_KDMC - CMS/select_--Select--Adernaline 0.'

2018-05-08 10:29:52 - [TEST_STEP][PASSED] - setText: Text '500' is set on object 'Object Repository/Schedule1/Page_KDMC - CMS/input_txttreat'

2018-05-08 10:29:52 - [MESSAGE][PASSED] - Text '500' is set on object 'Object Repository/Schedule1/Page_KDMC - CMS/input_txttreat'

2018-05-08 10:29:52 - [TEST_STEP][PASSED] - delay: Delayed 1 second(s)

2018-05-08 10:29:53 - [MESSAGE][PASSED] - Delayed 1 second(s)

2018-05-08 10:29:53 - [TEST_STEP][PASSED] - click: Object: 'Object Repository/Schedule1/Page_KDMC - CMS/button_Add' is clicked on

2018-05-08 10:29:59 - [MESSAGE][PASSED] - Object: 'Object Repository/Schedule1/Page_KDMC - CMS/button_Add' is clicked on

2018-05-08 10:29:59 - [TEST_STEP][PASSED] - selectOptionByIndex: All options with index in [1] are selected on object 'Object Repository/Schedule1/Page_KDMC - CMS/select_--Select--Schedule 1Inj'

2018-05-08 10:29:59 - [MESSAGE][PASSED] - All options with index in [1] are selected on object 'Object Repository/Schedule1/Page_KDMC - CMS/select_--Select--Schedule 1Inj'

2018-05-08 10:29:59 - [TEST_STEP][PASSED] - selectOptionByIndex: All options with index in [53] are selected on object 'Object Repository/Schedule1/Page_KDMC - CMS/select_--Select--Adernaline 0.'

2018-05-08 10:29:59 - [MESSAGE][PASSED] - All options with index in [53] are selected on object 'Object Repository/Schedule1/Page_KDMC - CMS/select_--Select--Adernaline 0.'

2018-05-08 10:29:59 - [TEST_STEP][PASSED] - setText: Text '500' is set on object 'Object Repository/Schedule1/Page_KDMC - CMS/input_txttreat'

2018-05-08 10:29:59 - [MESSAGE][PASSED] - Text '500' is set on object 'Object Repository/Schedule1/Page_KDMC - CMS/input_txttreat'

2018-05-08 10:29:59 - [TEST_STEP][PASSED] - delay: Delayed 1 second(s)

2018-05-08 10:30:00 - [MESSAGE][PASSED] - Delayed 1 second(s)

2018-05-08 10:30:00 - [TEST_STEP][PASSED] - click: Object: 'Object Repository/Schedule1/Page_KDMC - CMS/button_Add' is clicked on

2018-05-08 10:30:06 - [MESSAGE][PASSED] - Object: 'Object Repository/Schedule1/Page_KDMC - CMS/button_Add' is clicked on

2018-05-08 10:30:06 - [TEST_STEP][PASSED] - selectOptionByIndex: All options with index in [1] are selected on object 'Object Repository/Schedule1/Page_KDMC - CMS/select_--Select--Schedule 1Inj'

2018-05-08 10:30:06 - [MESSAGE][PASSED] - All options with index in [1] are selected on object 'Object Repository/Schedule1/Page_KDMC - CMS/select_--Select--Schedule 1Inj'

2018-05-08 10:30:06 - [TEST_STEP][PASSED] - selectOptionByIndex: All options with index in [54] are selected on object 'Object Repository/Schedule1/Page_KDMC - CMS/select_--Select--Adernaline 0.'

2018-05-08 10:30:07 - [MESSAGE][PASSED] - All options with index in [54] are selected on object 'Object Repository/Schedule1/Page_KDMC - CMS/select_--Select--Adernaline 0.'

2018-05-08 10:30:07 - [TEST_STEP][PASSED] - setText: Text '500' is set on object 'Object Repository/Schedule1/Page_KDMC - CMS/input_txttreat'

2018-05-08 10:30:07 - [MESSAGE][PASSED] - Text '500' is set on object 'Object Repository/Schedule1/Page_KDMC - CMS/input_txttreat'

2018-05-08 10:30:07 - [TEST_STEP][PASSED] - delay: Delayed 1 second(s)

2018-05-08 10:30:08 - [MESSAGE][PASSED] - Delayed 1 second(s)

2018-05-08 10:30:08 - [TEST_STEP][PASSED] - click: Object: 'Object Repository/Schedule1/Page_KDMC - CMS/button_Add' is clicked on

2018-05-08 10:30:13 - [MESSAGE][PASSED] - Object: 'Object Repository/Schedule1/Page_KDMC - CMS/button_Add' is clicked on

2018-05-08 10:30:13 - [TEST_STEP][PASSED] - selectOptionByIndex: All options with index in [1] are selected on object 'Object Repository/Schedule1/Page_KDMC - CMS/select_--Select--Schedule 1Inj'

2018-05-08 10:30:13 - [MESSAGE][PASSED] - All options with index in [1] are selected on object 'Object Repository/Schedule1/Page_KDMC - CMS/select_--Select--Schedule 1Inj'

2018-05-08 10:30:13 - [TEST_STEP][PASSED] - selectOptionByIndex: All options with index in [55] are selected on object 'Object Repository/Schedule1/Page_KDMC - CMS/select_--Select--Adernaline 0.'

2018-05-08 10:30:14 - [MESSAGE][PASSED] - All options with index in [55] are selected on object 'Object Repository/Schedule1/Page_KDMC - CMS/select_--Select--Adernaline 0.'

2018-05-08 10:30:14 - [TEST_STEP][PASSED] - setText: Text '500' is set on object 'Object Repository/Schedule1/Page_KDMC - CMS/input_txttreat'

2018-05-08 10:30:14 - [MESSAGE][PASSED] - Text '500' is set on object 'Object Repository/Schedule1/Page_KDMC - CMS/input_txttreat'

2018-05-08 10:30:14 - [TEST_STEP][PASSED] - delay: Delayed 1 second(s)

2018-05-08 10:30:15 - [MESSAGE][PASSED] - Delayed 1 second(s)

2018-05-08 10:30:15 - [TEST_STEP][PASSED] - click: Object: 'Object Repository/Schedule1/Page_KDMC - CMS/button_Add' is clicked on

2018-05-08 10:30:21 - [MESSAGE][PASSED] - Object: 'Object Repository/Schedule1/Page_KDMC - CMS/button_Add' is clicked on

2018-05-08 10:30:21 - [TEST_STEP][PASSED] - selectOptionByIndex: All options with index in [1] are selected on object 'Object Repository/Schedule1/Page_KDMC - CMS/select_--Select--Schedule 1Inj'

2018-05-08 10:30:21 - [MESSAGE][PASSED] - All options with index in [1] are selected on object 'Object Repository/Schedule1/Page_KDMC - CMS/select_--Select--Schedule 1Inj'

2018-05-08 10:30:21 - [TEST_STEP][PASSED] - selectOptionByIndex: All options with index in [56] are selected on object 'Object Repository/Schedule1/Page_KDMC - CMS/select_--Select--Adernaline 0.'

2018-05-08 10:30:22 - [MESSAGE][PASSED] - All options with index in [56] are selected on object 'Object Repository/Schedule1/Page_KDMC - CMS/select_--Select--Adernaline 0.'

2018-05-08 10:30:22 - [TEST_STEP][PASSED] - setText: Text '500' is set on object 'Object Repository/Schedule1/Page_KDMC - CMS/input_txttreat'

2018-05-08 10:30:23 - [MESSAGE][PASSED] - Text '500' is set on object 'Object Repository/Schedule1/Page_KDMC - CMS/input_txttreat'

2018-05-08 10:30:23 - [TEST_STEP][PASSED] - delay: Delayed 1 second(s)

2018-05-08 10:30:24 - [MESSAGE][PASSED] - Delayed 1 second(s)

2018-05-08 10:30:24 - [TEST_STEP][PASSED] - click: Object: 'Object Repository/Schedule1/Page_KDMC - CMS/button_Add' is clicked on

2018-05-08 10:30:29 - [MESSAGE][PASSED] - Object: 'Object Repository/Schedule1/Page_KDMC - CMS/button_Add' is clicked on

2018-05-08 10:30:29 - [TEST_STEP][PASSED] - selectOptionByIndex: All options with index in [1] are selected on object 'Object Repository/Schedule1/Page_KDMC - CMS/select_--Select--Schedule 1Inj'

2018-05-08 10:30:29 - [MESSAGE][PASSED] - All options with index in [1] are selected on object 'Object Repository/Schedule1/Page_KDMC - CMS/select_--Select--Schedule 1Inj'

2018-05-08 10:30:29 - [TEST_STEP][PASSED] - selectOptionByIndex: All options with index in [57] are selected on object 'Object Repository/Schedule1/Page_KDMC - CMS/select_--Select--Adernaline 0.'

2018-05-08 10:30:29 - [MESSAGE][PASSED] - All options with index in [57] are selected on object 'Object Repository/Schedule1/Page_KDMC - CMS/select_--Select--Adernaline 0.'

2018-05-08 10:30:29 - [TEST_STEP][PASSED] - setText: Text '500' is set on object 'Object Repository/Schedule1/Page_KDMC - CMS/input_txttreat'

2018-05-08 10:30:30 - [MESSAGE][PASSED] - Text '500' is set on object 'Object Repository/Schedule1/Page_KDMC - CMS/input_txttreat'

2018-05-08 10:30:30 - [TEST_STEP][PASSED] - delay: Delayed 1 second(s)

2018-05-08 10:30:31 - [MESSAGE][PASSED] - Delayed 1 second(s)

2018-05-08 10:30:31 - [TEST_STEP][PASSED] - click: Object: 'Object Repository/Schedule1/Page_KDMC - CMS/button_Add' is clicked on

2018-05-08 10:30:36 - [MESSAGE][PASSED] - Object: 'Object Repository/Schedule1/Page_KDMC - CMS/button_Add' is clicked on

2018-05-08 10:30:36 - [TEST_STEP][PASSED] - selectOptionByIndex: All options with index in [1] are selected on object 'Object Repository/Schedule1/Page_KDMC - CMS/select_--Select--Schedule 1Inj'

2018-05-08 10:30:36 - [MESSAGE][PASSED] - All options with index in [1] are selected on object 'Object Repository/Schedule1/Page_KDMC - CMS/select_--Select--Schedule 1Inj'

2018-05-08 10:30:36 - [TEST_STEP][PASSED] - selectOptionByIndex: All options with index in [58] are selected on object 'Object Repository/Schedule1/Page_KDMC - CMS/select_--Select--Adernaline 0.'

2018-05-08 10:30:37 - [MESSAGE][PASSED] - All options with index in [58] are selected on object 'Object Repository/Schedule1/Page_KDMC - CMS/select_--Select--Adernaline 0.'

2018-05-08 10:30:37 - [TEST_STEP][PASSED] - setText: Text '500' is set on object 'Object Repository/Schedule1/Page_KDMC - CMS/input_txttreat'

2018-05-08 10:30:38 - [MESSAGE][PASSED] - Text '500' is set on object 'Object Repository/Schedule1/Page_KDMC - CMS/input_txttreat'

2018-05-08 10:30:38 - [TEST_STEP][PASSED] - delay: Delayed 1 second(s)

2018-05-08 10:30:39 - [MESSAGE][PASSED] - Delayed 1 second(s)

2018-05-08 10:30:39 - [TEST_STEP][PASSED] - click: Object: 'Object Repository/Schedule1/Page_KDMC - CMS/button_Add' is clicked on

2018-05-08 10:30:44 - [MESSAGE][PASSED] - Object: 'Object Repository/Schedule1/Page_KDMC - CMS/button_Add' is clicked on

2018-05-08 10:30:44 - [TEST_STEP][PASSED] - selectOptionByIndex: All options with index in [1] are selected on object 'Object Repository/Schedule1/Page_KDMC - CMS/select_--Select--Schedule 1Inj'

2018-05-08 10:30:44 - [MESSAGE][PASSED] - All options with index in [1] are selected on object 'Object Repository/Schedule1/Page_KDMC - CMS/select_--Select--Schedule 1Inj'

2018-05-08 10:30:44 - [TEST_STEP][PASSED] - selectOptionByIndex: All options with index in [59] are selected on object 'Object Repository/Schedule1/Page_KDMC - CMS/select_--Select--Adernaline 0.'

2018-05-08 10:30:46 - [MESSAGE][PASSED] - All options with index in [59] are selected on object 'Object Repository/Schedule1/Page_KDMC - CMS/select_--Select--Adernaline 0.'

2018-05-08 10:30:46 - [TEST_STEP][PASSED] - setText: Text '500' is set on object 'Object Repository/Schedule1/Page_KDMC - CMS/input_txttreat'

2018-05-08 10:30:46 - [MESSAGE][PASSED] - Text '500' is set on object 'Object Repository/Schedule1/Page_KDMC - CMS/input_txttreat'

2018-05-08 10:30:46 - [TEST_STEP][PASSED] - delay: Delayed 1 second(s)

2018-05-08 10:30:47 - [MESSAGE][PASSED] - Delayed 1 second(s)

2018-05-08 10:30:47 - [TEST_STEP][PASSED] - click: Object: 'Object Repository/Schedule1/Page_KDMC - CMS/button_Add' is clicked on

2018-05-08 10:30:52 - [MESSAGE][PASSED] - Object: 'Object Repository/Schedule1/Page_KDMC - CMS/button_Add' is clicked on

2018-05-08 10:30:52 - [TEST_STEP][PASSED] - selectOptionByIndex: All options with index in [1] are selected on object 'Object Repository/Schedule1/Page_KDMC - CMS/select_--Select--Schedule 1Inj'

2018-05-08 10:30:52 - [MESSAGE][PASSED] - All options with index in [1] are selected on object 'Object Repository/Schedule1/Page_KDMC - CMS/select_--Select--Schedule 1Inj'

2018-05-08 10:30:52 - [TEST_STEP][PASSED] - selectOptionByIndex: All options with index in [60] are selected on object 'Object Repository/Schedule1/Page_KDMC - CMS/select_--Select--Adernaline 0.'

2018-05-08 10:30:53 - [MESSAGE][PASSED] - All options with index in [60] are selected on object 'Object Repository/Schedule1/Page_KDMC - CMS/select_--Select--Adernaline 0.'

2018-05-08 10:30:53 - [TEST_STEP][PASSED] - setText: Text '500' is set on object 'Object Repository/Schedule1/Page_KDMC - CMS/input_txttreat'

2018-05-08 10:30:53 - [MESSAGE][PASSED] - Text '500' is set on object 'Object Repository/Schedule1/Page_KDMC - CMS/input_txttreat'

2018-05-08 10:30:53 - [TEST_STEP][PASSED] - delay: Delayed 1 second(s)

2018-05-08 10:30:54 - [MESSAGE][PASSED] - Delayed 1 second(s)

2018-05-08 10:30:54 - [TEST_STEP][PASSED] - click: Object: 'Object Repository/Schedule1/Page_KDMC - CMS/button_Add' is clicked on

2018-05-08 10:31:00 - [MESSAGE][PASSED] - Object: 'Object Repository/Schedule1/Page_KDMC - CMS/button_Add' is clicked on

2018-05-08 10:31:00 - [TEST_STEP][PASSED] - selectOptionByIndex: All options with index in [1] are selected on object 'Object Repository/Schedule1/Page_KDMC - CMS/select_--Select--Schedule 1Inj'

2018-05-08 10:31:00 - [MESSAGE][PASSED] - All options with index in [1] are selected on object 'Object Repository/Schedule1/Page_KDMC - CMS/select_--Select--Schedule 1Inj'

2018-05-08 10:31:00 - [TEST_STEP][PASSED] - selectOptionByIndex: All options with index in [61] are selected on object 'Object Repository/Schedule1/Page_KDMC - CMS/select_--Select--Adernaline 0.'

2018-05-08 10:31:01 - [MESSAGE][PASSED] - All options with index in [61] are selected on object 'Object Repository/Schedule1/Page_KDMC - CMS/select_--Select--Adernaline 0.'

2018-05-08 10:31:01 - [TEST_STEP][PASSED] - setText: Text '500' is set on object 'Object Repository/Schedule1/Page_KDMC - CMS/input_txttreat'

2018-05-08 10:31:01 - [MESSAGE][PASSED] - Text '500' is set on object 'Object Repository/Schedule1/Page_KDMC - CMS/input_txttreat'

2018-05-08 10:31:01 - [TEST_STEP][PASSED] - delay: Delayed 1 second(s)

2018-05-08 10:31:02 - [MESSAGE][PASSED] - Delayed 1 second(s)

2018-05-08 10:31:02 - [TEST_STEP][PASSED] - click: Object: 'Object Repository/Schedule1/Page_KDMC - CMS/button_Add' is clicked on

2018-05-08 10:31:07 - [MESSAGE][PASSED] - Object: 'Object Repository/Schedule1/Page_KDMC - CMS/button_Add' is clicked on

2018-05-08 10:31:07 - [TEST_STEP][PASSED] - selectOptionByIndex: All options with index in [1] are selected on object 'Object Repository/Schedule1/Page_KDMC - CMS/select_--Select--Schedule 1Inj'

2018-05-08 10:31:07 - [MESSAGE][PASSED] - All options with index in [1] are selected on object 'Object Repository/Schedule1/Page_KDMC - CMS/select_--Select--Schedule 1Inj'

2018-05-08 10:31:07 - [TEST_STEP][PASSED] - selectOptionByIndex: All options with index in [62] are selected on object 'Object Repository/Schedule1/Page_KDMC - CMS/select_--Select--Adernaline 0.'

2018-05-08 10:31:09 - [MESSAGE][PASSED] - All options with index in [62] are selected on object 'Object Repository/Schedule1/Page_KDMC - CMS/select_--Select--Adernaline 0.'

2018-05-08 10:31:09 - [TEST_STEP][PASSED] - setText: Text '500' is set on object 'Object Repository/Schedule1/Page_KDMC - CMS/input_txttreat'

2018-05-08 10:31:09 - [MESSAGE][PASSED] - Text '500' is set on object 'Object Repository/Schedule1/Page_KDMC - CMS/input_txttreat'

2018-05-08 10:31:09 - [TEST_STEP][PASSED] - delay: Delayed 1 second(s)

2018-05-08 10:31:10 - [MESSAGE][PASSED] - Delayed 1 second(s)

2018-05-08 10:31:10 - [TEST_STEP][PASSED] - click: Object: 'Object Repository/Schedule1/Page_KDMC - CMS/button_Add' is clicked on

2018-05-08 10:31:15 - [MESSAGE][PASSED] - Object: 'Object Repository/Schedule1/Page_KDMC - CMS/button_Add' is clicked on

2018-05-08 10:31:15 - [TEST_STEP][PASSED] - selectOptionByIndex: All options with index in [1] are selected on object 'Object Repository/Schedule1/Page_KDMC - CMS/select_--Select--Schedule 1Inj'

2018-05-08 10:31:15 - [MESSAGE][PASSED] - All options with index in [1] are selected on object 'Object Repository/Schedule1/Page_KDMC - CMS/select_--Select--Schedule 1Inj'

2018-05-08 10:31:15 - [TEST_STEP][PASSED] - selectOptionByIndex: All options with index in [63] are selected on object 'Object Repository/Schedule1/Page_KDMC - CMS/select_--Select--Adernaline 0.'

2018-05-08 10:31:16 - [MESSAGE][PASSED] - All options with index in [63] are selected on object 'Object Repository/Schedule1/Page_KDMC - CMS/select_--Select--Adernaline 0.'

2018-05-08 10:31:16 - [TEST_STEP][PASSED] - setText: Text '500' is set on object 'Object Repository/Schedule1/Page_KDMC - CMS/input_txttreat'

2018-05-08 10:31:16 - [MESSAGE][PASSED] - Text '500' is set on object 'Object Repository/Schedule1/Page_KDMC - CMS/input_txttreat'

2018-05-08 10:31:16 - [TEST_STEP][PASSED] - delay: Delayed 1 second(s)

2018-05-08 10:31:17 - [MESSAGE][PASSED] - Delayed 1 second(s)

2018-05-08 10:31:17 - [TEST_STEP][PASSED] - click: Object: 'Object Repository/Schedule1/Page_KDMC - CMS/button_Add' is clicked on

2018-05-08 10:31:22 - [MESSAGE][PASSED] - Object: 'Object Repository/Schedule1/Page_KDMC - CMS/button_Add' is clicked on

2018-05-08 10:31:22 - [TEST_STEP][PASSED] - scrollToElement: Scroll to object 'Object Repository/Schedule1/Page_KDMC - CMS/input_btnsave' successfully

2018-05-08 10:31:22 - [MESSAGE][PASSED] - Scroll to object 'Object Repository/Schedule1/Page_KDMC - CMS/input_btnsave' successfully

2018-05-08 10:31:22 - [TEST_STEP][PASSED] - click: Object: 'Object Repository/Schedule1/Page_KDMC - CMS/input_btnsave' is clicked on

2018-05-08 10:31:27 - [MESSAGE][PASSED] - Object: 'Object Repository/Schedule1/Page_KDMC - CMS/input_btnsave' is clicked on

2018-05-08 10:31:27 - [TEST_STEP][PASSED] - waitForElementPresent: Object 'Object Repository/Schedule1/Page_KDMC - CMS/button_OK' is present

2018-05-08 10:31:29 - [MESSAGE][PASSED] - Object 'Object Repository/Schedule1/Page_KDMC - CMS/button_OK' is present

2018-05-08 10:31:29 - [TEST_STEP][PASSED] - click: Object: 'Object Repository/Schedule1/Page_KDMC - CMS/button_OK' is clicked on

2018-05-08 10:31:35 - [MESSAGE][PASSED] - Object: 'Object Repository/Schedule1/Page_KDMC - CMS/button_OK' is clicked on

2018-05-08 10:31:35 - [TEST_STEP][PASSED] - delay: Delayed 3 second(s)

2018-05-08 10:31:38 - [MESSAGE][PASSED] - Delayed 3 second(s)

2018-05-08 10:31:38 - [TEST_STEP][FAILED] - click: Unable to click on object 'Object Repository/Schedule1/Page_KDMC - CMS/a_dropdown-toggle' (Root cause: com.kms.katalon.core.webui.exception.WebElementNotFoundException: Web element with id: 'Object Repository/Schedule1/Page_KDMC - CMS/a_dropdown-toggle' located by 'By.xpath: /html[1]/body[@class="skin-blue  pace-done"]/header[@class="header"]/div[@class="row"]/div[@class="col-md-12"]/nav[@class="navbar navbar-static-top"]/div[@class="navbar-right"]/ul[@class="nav navbar-nav"]/li[@class="dropdown user user-menu"]/a[@class="dropdown-toggle"][count(. | //a[@href = '#' and @data-toggle = 'dropdown']) = count(//a[@href = '#' and @data-toggle = 'dropdown'])]' not found)

2018-05-08 10:32:10 - [MESSAGE][FAILED] - Unable to click on object 'Object Repository/Schedule1/Page_KDMC - CMS/a_dropdown-toggle' (Root cause: com.kms.katalon.core.webui.exception.WebElementNotFoundException: Web element with id: 'Object Repository/Schedule1/Page_KDMC - CMS/a_dropdown-toggle' located by 'By.xpath: /html[1]/body[@class="skin-blue  pace-done"]/header[@class="header"]/div[@class="row"]/div[@class="col-md-12"]/nav[@class="navbar navbar-static-top"]/div[@class="navbar-right"]/ul[@class="nav navbar-nav"]/li[@class="dropdown user user-menu"]/a[@class="dropdown-toggle"][count(. | //a[@href = '#' and @data-toggle = 'dropdown']) = count(//a[@href = '#' and @data-toggle = 'dropdown'])]' not found)
[[ATTACHMENT|C:\\Users\\Quality Analyst\\Katalon Studio\\ds\\Reports\\Moh_Request\\20180508_102510\\1525755730097.png]]]]></system-out>
         <system-err><![CDATA[2018-05-08 10:25:16 - [TEST_CASE][FAILED] - Test Cases/MOH TO CMS REQUEST/MohRequestSchedule1: Test Cases/MOH TO CMS REQUEST/MohRequestSchedule1 FAILED because (of) Unable to click on object 'Object Repository/Schedule1/Page_KDMC - CMS/a_dropdown-toggle' (Root cause: com.kms.katalon.core.webui.exception.WebElementNotFoundException: Web element with id: 'Object Repository/Schedule1/Page_KDMC - CMS/a_dropdown-toggle' located by 'By.xpath: /html[1]/body[@class="skin-blue  pace-done"]/header[@class="header"]/div[@class="row"]/div[@class="col-md-12"]/nav[@class="navbar navbar-static-top"]/div[@class="navbar-right"]/ul[@class="nav navbar-nav"]/li[@class="dropdown user user-menu"]/a[@class="dropdown-toggle"][count(. | //a[@href = '#' and @data-toggle = 'dropdown']) = count(//a[@href = '#' and @data-toggle = 'dropdown'])]' not found)]]></system-err>
      </testcase>
      <testcase name="Test Cases/MOH TO CMS REQUEST/MohRequestSchedule2" classname="Test Cases/MOH TO CMS REQUEST/MohRequestSchedule2" status="PASSED">
         <system-out><![CDATA[2018-05-08 10:32:10 - [TEST_CASE][PASSED] - Test Cases/MOH TO CMS REQUEST/MohRequestSchedule2: Test Cases/MOH TO CMS REQUEST/MohRequestSchedule2

2018-05-08 10:32:11 - [TEST_STEP][PASSED] - openBrowser: Browser is opened with url: ''

2018-05-08 10:32:11 - [MESSAGE][WARNING] - A browser is already opened. Closing browser and opening a new one

2018-05-08 10:32:13 - [MESSAGE][PASSED] - Browser is opened with url: ''

2018-05-08 10:32:13 - [TEST_STEP][PASSED] - navigateToUrl: Navigate to 'http://192.168.137.1/multihospital_new/' successfully

2018-05-08 10:32:16 - [MESSAGE][PASSED] - Navigate to 'http://192.168.137.1/multihospital_new/' successfully

2018-05-08 10:32:16 - [TEST_STEP][PASSED] - maximizeWindow: Current window maximized

2018-05-08 10:32:17 - [MESSAGE][PASSED] - Current window maximized

2018-05-08 10:32:17 - [TEST_STEP][PASSED] - click: Object: 'Object Repository/Schedule2/Page_KDMC/a_CMS' is clicked on

2018-05-08 10:32:18 - [MESSAGE][PASSED] - Object: 'Object Repository/Schedule2/Page_KDMC/a_CMS' is clicked on

2018-05-08 10:32:18 - [TEST_STEP][PASSED] - setText: Text 'bala' is set on object 'Object Repository/Schedule2/Page_CMS login/input_txtusername'

2018-05-08 10:32:18 - [MESSAGE][PASSED] - Text 'bala' is set on object 'Object Repository/Schedule2/Page_CMS login/input_txtusername'

2018-05-08 10:32:18 - [TEST_STEP][PASSED] - setText: Text '123' is set on object 'Object Repository/Schedule2/Page_CMS login/input_txtpassword'

2018-05-08 10:32:18 - [MESSAGE][PASSED] - Text '123' is set on object 'Object Repository/Schedule2/Page_CMS login/input_txtpassword'

2018-05-08 10:32:18 - [TEST_STEP][PASSED] - delay: Delayed 4 second(s)

2018-05-08 10:32:22 - [MESSAGE][PASSED] - Delayed 4 second(s)

2018-05-08 10:32:22 - [TEST_STEP][PASSED] - click: Object: 'Object Repository/Schedule2/Page_CMS login/button_Sign in' is clicked on

2018-05-08 10:32:24 - [MESSAGE][PASSED] - Object: 'Object Repository/Schedule2/Page_CMS login/button_Sign in' is clicked on

2018-05-08 10:32:24 - [TEST_STEP][PASSED] - delay: Delayed 2 second(s)

2018-05-08 10:32:26 - [MESSAGE][PASSED] - Delayed 2 second(s)

2018-05-08 10:32:26 - [TEST_STEP][PASSED] - click: Object: 'Object Repository/Schedule2/Page_KDMC - CMS/a_Request to MOH' is clicked on

2018-05-08 10:32:27 - [MESSAGE][PASSED] - Object: 'Object Repository/Schedule2/Page_KDMC - CMS/a_Request to MOH' is clicked on

2018-05-08 10:32:27 - [TEST_STEP][PASSED] - delay: Delayed 2 second(s)

2018-05-08 10:32:29 - [MESSAGE][PASSED] - Delayed 2 second(s)

2018-05-08 10:32:29 - [TEST_STEP][PASSED] - selectOptionByValue: All options with value 'Weekly/Monthly' are selected in object 'Object Repository/Schedule2/Page_KDMC - CMS/select_--Select--'  using regular expression

2018-05-08 10:32:29 - [MESSAGE][PASSED] - All options with value 'Weekly/Monthly' are selected in object 'Object Repository/Schedule2/Page_KDMC - CMS/select_--Select--'  using regular expression

2018-05-08 10:32:29 - [TEST_STEP][PASSED] - delay: Delayed 2 second(s)

2018-05-08 10:32:31 - [MESSAGE][PASSED] - Delayed 2 second(s)

2018-05-08 10:32:31 - [TEST_STEP][PASSED] - selectOptionByValue: All options with value '2' are selected in object 'Object Repository/Schedule2/Page_KDMC - CMS/select_--Select--Schedule 1Inj'  using regular expression

2018-05-08 10:32:31 - [MESSAGE][PASSED] - All options with value '2' are selected in object 'Object Repository/Schedule2/Page_KDMC - CMS/select_--Select--Schedule 1Inj'  using regular expression

2018-05-08 10:32:31 - [TEST_STEP][PASSED] - Statement - selectedoptions = com.kms.katalon.core.webui.keyword.WebUiBuiltInKeywords.getNumberOfTotalOption(com.kms.katalon.core.testobject.ObjectRepository.findTestObject(Schedule2/Page_KDMC - CMS/select_--Select--Albendazole)): 73 options of object 'Object Repository/Schedule2/Page_KDMC - CMS/select_--Select--Albendazole' counted

2018-05-08 10:32:31 - [MESSAGE][PASSED] - 73 options of object 'Object Repository/Schedule2/Page_KDMC - CMS/select_--Select--Albendazole' counted

2018-05-08 10:32:31 - [TEST_STEP][PASSED] - Statement - For ([i = 1, i < selectedoptions, (i++)]): Object: 'Object Repository/Schedule2/Page_KDMC - CMS/button_Add' is clicked on

2018-05-08 10:32:31 - [TEST_STEP][PASSED] - selectOptionByValue: All options with value '2' are selected in object 'Object Repository/Schedule2/Page_KDMC - CMS/select_--Select--Schedule 1Inj'  using regular expression

2018-05-08 10:32:32 - [MESSAGE][PASSED] - All options with value '2' are selected in object 'Object Repository/Schedule2/Page_KDMC - CMS/select_--Select--Schedule 1Inj'  using regular expression

2018-05-08 10:32:32 - [TEST_STEP][PASSED] - selectOptionByIndex: All options with index in [1] are selected on object 'Object Repository/Schedule2/Page_KDMC - CMS/select_--Select--Albendazole'

2018-05-08 10:32:32 - [MESSAGE][PASSED] - All options with index in [1] are selected on object 'Object Repository/Schedule2/Page_KDMC - CMS/select_--Select--Albendazole'

2018-05-08 10:32:32 - [TEST_STEP][PASSED] - setText: Text '5000' is set on object 'Object Repository/Schedule2/Page_KDMC - CMS/input_txttreat'

2018-05-08 10:32:32 - [MESSAGE][PASSED] - Text '5000' is set on object 'Object Repository/Schedule2/Page_KDMC - CMS/input_txttreat'

2018-05-08 10:32:32 - [TEST_STEP][PASSED] - delay: Delayed 1 second(s)

2018-05-08 10:32:33 - [MESSAGE][PASSED] - Delayed 1 second(s)

2018-05-08 10:32:33 - [TEST_STEP][PASSED] - click: Object: 'Object Repository/Schedule2/Page_KDMC - CMS/button_Add' is clicked on

2018-05-08 10:32:33 - [MESSAGE][PASSED] - Object: 'Object Repository/Schedule2/Page_KDMC - CMS/button_Add' is clicked on

2018-05-08 10:32:33 - [TEST_STEP][PASSED] - selectOptionByValue: All options with value '2' are selected in object 'Object Repository/Schedule2/Page_KDMC - CMS/select_--Select--Schedule 1Inj'  using regular expression

2018-05-08 10:32:33 - [MESSAGE][PASSED] - All options with value '2' are selected in object 'Object Repository/Schedule2/Page_KDMC - CMS/select_--Select--Schedule 1Inj'  using regular expression

2018-05-08 10:32:33 - [TEST_STEP][PASSED] - selectOptionByIndex: All options with index in [2] are selected on object 'Object Repository/Schedule2/Page_KDMC - CMS/select_--Select--Albendazole'

2018-05-08 10:32:33 - [MESSAGE][PASSED] - All options with index in [2] are selected on object 'Object Repository/Schedule2/Page_KDMC - CMS/select_--Select--Albendazole'

2018-05-08 10:32:33 - [TEST_STEP][PASSED] - setText: Text '5000' is set on object 'Object Repository/Schedule2/Page_KDMC - CMS/input_txttreat'

2018-05-08 10:32:33 - [MESSAGE][PASSED] - Text '5000' is set on object 'Object Repository/Schedule2/Page_KDMC - CMS/input_txttreat'

2018-05-08 10:32:33 - [TEST_STEP][PASSED] - delay: Delayed 1 second(s)

2018-05-08 10:32:34 - [MESSAGE][PASSED] - Delayed 1 second(s)

2018-05-08 10:32:34 - [TEST_STEP][PASSED] - click: Object: 'Object Repository/Schedule2/Page_KDMC - CMS/button_Add' is clicked on

2018-05-08 10:32:34 - [MESSAGE][PASSED] - Object: 'Object Repository/Schedule2/Page_KDMC - CMS/button_Add' is clicked on

2018-05-08 10:32:34 - [TEST_STEP][PASSED] - selectOptionByValue: All options with value '2' are selected in object 'Object Repository/Schedule2/Page_KDMC - CMS/select_--Select--Schedule 1Inj'  using regular expression

2018-05-08 10:32:35 - [MESSAGE][PASSED] - All options with value '2' are selected in object 'Object Repository/Schedule2/Page_KDMC - CMS/select_--Select--Schedule 1Inj'  using regular expression

2018-05-08 10:32:35 - [TEST_STEP][PASSED] - selectOptionByIndex: All options with index in [3] are selected on object 'Object Repository/Schedule2/Page_KDMC - CMS/select_--Select--Albendazole'

2018-05-08 10:32:35 - [MESSAGE][PASSED] - All options with index in [3] are selected on object 'Object Repository/Schedule2/Page_KDMC - CMS/select_--Select--Albendazole'

2018-05-08 10:32:35 - [TEST_STEP][PASSED] - setText: Text '5000' is set on object 'Object Repository/Schedule2/Page_KDMC - CMS/input_txttreat'

2018-05-08 10:32:35 - [MESSAGE][PASSED] - Text '5000' is set on object 'Object Repository/Schedule2/Page_KDMC - CMS/input_txttreat'

2018-05-08 10:32:35 - [TEST_STEP][PASSED] - delay: Delayed 1 second(s)

2018-05-08 10:32:36 - [MESSAGE][PASSED] - Delayed 1 second(s)

2018-05-08 10:32:36 - [TEST_STEP][PASSED] - click: Object: 'Object Repository/Schedule2/Page_KDMC - CMS/button_Add' is clicked on

2018-05-08 10:32:36 - [MESSAGE][PASSED] - Object: 'Object Repository/Schedule2/Page_KDMC - CMS/button_Add' is clicked on

2018-05-08 10:32:36 - [TEST_STEP][PASSED] - selectOptionByValue: All options with value '2' are selected in object 'Object Repository/Schedule2/Page_KDMC - CMS/select_--Select--Schedule 1Inj'  using regular expression

2018-05-08 10:32:36 - [MESSAGE][PASSED] - All options with value '2' are selected in object 'Object Repository/Schedule2/Page_KDMC - CMS/select_--Select--Schedule 1Inj'  using regular expression

2018-05-08 10:32:36 - [TEST_STEP][PASSED] - selectOptionByIndex: All options with index in [4] are selected on object 'Object Repository/Schedule2/Page_KDMC - CMS/select_--Select--Albendazole'

2018-05-08 10:32:36 - [MESSAGE][PASSED] - All options with index in [4] are selected on object 'Object Repository/Schedule2/Page_KDMC - CMS/select_--Select--Albendazole'

2018-05-08 10:32:36 - [TEST_STEP][PASSED] - setText: Text '5000' is set on object 'Object Repository/Schedule2/Page_KDMC - CMS/input_txttreat'

2018-05-08 10:32:37 - [MESSAGE][PASSED] - Text '5000' is set on object 'Object Repository/Schedule2/Page_KDMC - CMS/input_txttreat'

2018-05-08 10:32:37 - [TEST_STEP][PASSED] - delay: Delayed 1 second(s)

2018-05-08 10:32:38 - [MESSAGE][PASSED] - Delayed 1 second(s)

2018-05-08 10:32:38 - [TEST_STEP][PASSED] - click: Object: 'Object Repository/Schedule2/Page_KDMC - CMS/button_Add' is clicked on

2018-05-08 10:32:38 - [MESSAGE][PASSED] - Object: 'Object Repository/Schedule2/Page_KDMC - CMS/button_Add' is clicked on

2018-05-08 10:32:38 - [TEST_STEP][PASSED] - selectOptionByValue: All options with value '2' are selected in object 'Object Repository/Schedule2/Page_KDMC - CMS/select_--Select--Schedule 1Inj'  using regular expression

2018-05-08 10:32:38 - [MESSAGE][PASSED] - All options with value '2' are selected in object 'Object Repository/Schedule2/Page_KDMC - CMS/select_--Select--Schedule 1Inj'  using regular expression

2018-05-08 10:32:38 - [TEST_STEP][PASSED] - selectOptionByIndex: All options with index in [5] are selected on object 'Object Repository/Schedule2/Page_KDMC - CMS/select_--Select--Albendazole'

2018-05-08 10:32:38 - [MESSAGE][PASSED] - All options with index in [5] are selected on object 'Object Repository/Schedule2/Page_KDMC - CMS/select_--Select--Albendazole'

2018-05-08 10:32:38 - [TEST_STEP][PASSED] - setText: Text '5000' is set on object 'Object Repository/Schedule2/Page_KDMC - CMS/input_txttreat'

2018-05-08 10:32:38 - [MESSAGE][PASSED] - Text '5000' is set on object 'Object Repository/Schedule2/Page_KDMC - CMS/input_txttreat'

2018-05-08 10:32:38 - [TEST_STEP][PASSED] - delay: Delayed 1 second(s)

2018-05-08 10:32:39 - [MESSAGE][PASSED] - Delayed 1 second(s)

2018-05-08 10:32:39 - [TEST_STEP][PASSED] - click: Object: 'Object Repository/Schedule2/Page_KDMC - CMS/button_Add' is clicked on

2018-05-08 10:32:39 - [MESSAGE][PASSED] - Object: 'Object Repository/Schedule2/Page_KDMC - CMS/button_Add' is clicked on

2018-05-08 10:32:39 - [TEST_STEP][PASSED] - selectOptionByValue: All options with value '2' are selected in object 'Object Repository/Schedule2/Page_KDMC - CMS/select_--Select--Schedule 1Inj'  using regular expression

2018-05-08 10:32:40 - [MESSAGE][PASSED] - All options with value '2' are selected in object 'Object Repository/Schedule2/Page_KDMC - CMS/select_--Select--Schedule 1Inj'  using regular expression

2018-05-08 10:32:40 - [TEST_STEP][PASSED] - selectOptionByIndex: All options with index in [6] are selected on object 'Object Repository/Schedule2/Page_KDMC - CMS/select_--Select--Albendazole'

2018-05-08 10:32:40 - [MESSAGE][PASSED] - All options with index in [6] are selected on object 'Object Repository/Schedule2/Page_KDMC - CMS/select_--Select--Albendazole'

2018-05-08 10:32:40 - [TEST_STEP][PASSED] - setText: Text '5000' is set on object 'Object Repository/Schedule2/Page_KDMC - CMS/input_txttreat'

2018-05-08 10:32:40 - [MESSAGE][PASSED] - Text '5000' is set on object 'Object Repository/Schedule2/Page_KDMC - CMS/input_txttreat'

2018-05-08 10:32:40 - [TEST_STEP][PASSED] - delay: Delayed 1 second(s)

2018-05-08 10:32:41 - [MESSAGE][PASSED] - Delayed 1 second(s)

2018-05-08 10:32:41 - [TEST_STEP][PASSED] - click: Object: 'Object Repository/Schedule2/Page_KDMC - CMS/button_Add' is clicked on

2018-05-08 10:32:41 - [MESSAGE][PASSED] - Object: 'Object Repository/Schedule2/Page_KDMC - CMS/button_Add' is clicked on

2018-05-08 10:32:41 - [TEST_STEP][PASSED] - selectOptionByValue: All options with value '2' are selected in object 'Object Repository/Schedule2/Page_KDMC - CMS/select_--Select--Schedule 1Inj'  using regular expression

2018-05-08 10:32:41 - [MESSAGE][PASSED] - All options with value '2' are selected in object 'Object Repository/Schedule2/Page_KDMC - CMS/select_--Select--Schedule 1Inj'  using regular expression

2018-05-08 10:32:41 - [TEST_STEP][PASSED] - selectOptionByIndex: All options with index in [7] are selected on object 'Object Repository/Schedule2/Page_KDMC - CMS/select_--Select--Albendazole'

2018-05-08 10:32:41 - [MESSAGE][PASSED] - All options with index in [7] are selected on object 'Object Repository/Schedule2/Page_KDMC - CMS/select_--Select--Albendazole'

2018-05-08 10:32:41 - [TEST_STEP][PASSED] - setText: Text '5000' is set on object 'Object Repository/Schedule2/Page_KDMC - CMS/input_txttreat'

2018-05-08 10:32:41 - [MESSAGE][PASSED] - Text '5000' is set on object 'Object Repository/Schedule2/Page_KDMC - CMS/input_txttreat'

2018-05-08 10:32:41 - [TEST_STEP][PASSED] - delay: Delayed 1 second(s)

2018-05-08 10:32:42 - [MESSAGE][PASSED] - Delayed 1 second(s)

2018-05-08 10:32:42 - [TEST_STEP][PASSED] - click: Object: 'Object Repository/Schedule2/Page_KDMC - CMS/button_Add' is clicked on

2018-05-08 10:32:42 - [MESSAGE][PASSED] - Object: 'Object Repository/Schedule2/Page_KDMC - CMS/button_Add' is clicked on

2018-05-08 10:32:42 - [TEST_STEP][PASSED] - selectOptionByValue: All options with value '2' are selected in object 'Object Repository/Schedule2/Page_KDMC - CMS/select_--Select--Schedule 1Inj'  using regular expression

2018-05-08 10:32:43 - [MESSAGE][PASSED] - All options with value '2' are selected in object 'Object Repository/Schedule2/Page_KDMC - CMS/select_--Select--Schedule 1Inj'  using regular expression

2018-05-08 10:32:43 - [TEST_STEP][PASSED] - selectOptionByIndex: All options with index in [8] are selected on object 'Object Repository/Schedule2/Page_KDMC - CMS/select_--Select--Albendazole'

2018-05-08 10:32:43 - [MESSAGE][PASSED] - All options with index in [8] are selected on object 'Object Repository/Schedule2/Page_KDMC - CMS/select_--Select--Albendazole'

2018-05-08 10:32:43 - [TEST_STEP][PASSED] - setText: Text '5000' is set on object 'Object Repository/Schedule2/Page_KDMC - CMS/input_txttreat'

2018-05-08 10:32:43 - [MESSAGE][PASSED] - Text '5000' is set on object 'Object Repository/Schedule2/Page_KDMC - CMS/input_txttreat'

2018-05-08 10:32:43 - [TEST_STEP][PASSED] - delay: Delayed 1 second(s)

2018-05-08 10:32:44 - [MESSAGE][PASSED] - Delayed 1 second(s)

2018-05-08 10:32:44 - [TEST_STEP][PASSED] - click: Object: 'Object Repository/Schedule2/Page_KDMC - CMS/button_Add' is clicked on

2018-05-08 10:32:44 - [MESSAGE][PASSED] - Object: 'Object Repository/Schedule2/Page_KDMC - CMS/button_Add' is clicked on

2018-05-08 10:32:44 - [TEST_STEP][PASSED] - selectOptionByValue: All options with value '2' are selected in object 'Object Repository/Schedule2/Page_KDMC - CMS/select_--Select--Schedule 1Inj'  using regular expression

2018-05-08 10:32:44 - [MESSAGE][PASSED] - All options with value '2' are selected in object 'Object Repository/Schedule2/Page_KDMC - CMS/select_--Select--Schedule 1Inj'  using regular expression

2018-05-08 10:32:44 - [TEST_STEP][PASSED] - selectOptionByIndex: All options with index in [9] are selected on object 'Object Repository/Schedule2/Page_KDMC - CMS/select_--Select--Albendazole'

2018-05-08 10:32:45 - [MESSAGE][PASSED] - All options with index in [9] are selected on object 'Object Repository/Schedule2/Page_KDMC - CMS/select_--Select--Albendazole'

2018-05-08 10:32:45 - [TEST_STEP][PASSED] - setText: Text '5000' is set on object 'Object Repository/Schedule2/Page_KDMC - CMS/input_txttreat'

2018-05-08 10:32:45 - [MESSAGE][PASSED] - Text '5000' is set on object 'Object Repository/Schedule2/Page_KDMC - CMS/input_txttreat'

2018-05-08 10:32:45 - [TEST_STEP][PASSED] - delay: Delayed 1 second(s)

2018-05-08 10:32:46 - [MESSAGE][PASSED] - Delayed 1 second(s)

2018-05-08 10:32:46 - [TEST_STEP][PASSED] - click: Object: 'Object Repository/Schedule2/Page_KDMC - CMS/button_Add' is clicked on

2018-05-08 10:32:46 - [MESSAGE][PASSED] - Object: 'Object Repository/Schedule2/Page_KDMC - CMS/button_Add' is clicked on

2018-05-08 10:32:46 - [TEST_STEP][PASSED] - selectOptionByValue: All options with value '2' are selected in object 'Object Repository/Schedule2/Page_KDMC - CMS/select_--Select--Schedule 1Inj'  using regular expression

2018-05-08 10:32:46 - [MESSAGE][PASSED] - All options with value '2' are selected in object 'Object Repository/Schedule2/Page_KDMC - CMS/select_--Select--Schedule 1Inj'  using regular expression

2018-05-08 10:32:46 - [TEST_STEP][PASSED] - selectOptionByIndex: All options with index in [10] are selected on object 'Object Repository/Schedule2/Page_KDMC - CMS/select_--Select--Albendazole'

2018-05-08 10:32:46 - [MESSAGE][PASSED] - All options with index in [10] are selected on object 'Object Repository/Schedule2/Page_KDMC - CMS/select_--Select--Albendazole'

2018-05-08 10:32:46 - [TEST_STEP][PASSED] - setText: Text '5000' is set on object 'Object Repository/Schedule2/Page_KDMC - CMS/input_txttreat'

2018-05-08 10:32:46 - [MESSAGE][PASSED] - Text '5000' is set on object 'Object Repository/Schedule2/Page_KDMC - CMS/input_txttreat'

2018-05-08 10:32:46 - [TEST_STEP][PASSED] - delay: Delayed 1 second(s)

2018-05-08 10:32:47 - [MESSAGE][PASSED] - Delayed 1 second(s)

2018-05-08 10:32:47 - [TEST_STEP][PASSED] - click: Object: 'Object Repository/Schedule2/Page_KDMC - CMS/button_Add' is clicked on

2018-05-08 10:32:47 - [MESSAGE][PASSED] - Object: 'Object Repository/Schedule2/Page_KDMC - CMS/button_Add' is clicked on

2018-05-08 10:32:47 - [TEST_STEP][PASSED] - selectOptionByValue: All options with value '2' are selected in object 'Object Repository/Schedule2/Page_KDMC - CMS/select_--Select--Schedule 1Inj'  using regular expression

2018-05-08 10:32:48 - [MESSAGE][PASSED] - All options with value '2' are selected in object 'Object Repository/Schedule2/Page_KDMC - CMS/select_--Select--Schedule 1Inj'  using regular expression

2018-05-08 10:32:48 - [TEST_STEP][PASSED] - selectOptionByIndex: All options with index in [11] are selected on object 'Object Repository/Schedule2/Page_KDMC - CMS/select_--Select--Albendazole'

2018-05-08 10:32:48 - [MESSAGE][PASSED] - All options with index in [11] are selected on object 'Object Repository/Schedule2/Page_KDMC - CMS/select_--Select--Albendazole'

2018-05-08 10:32:48 - [TEST_STEP][PASSED] - setText: Text '5000' is set on object 'Object Repository/Schedule2/Page_KDMC - CMS/input_txttreat'

2018-05-08 10:32:48 - [MESSAGE][PASSED] - Text '5000' is set on object 'Object Repository/Schedule2/Page_KDMC - CMS/input_txttreat'

2018-05-08 10:32:48 - [TEST_STEP][PASSED] - delay: Delayed 1 second(s)

2018-05-08 10:32:49 - [MESSAGE][PASSED] - Delayed 1 second(s)

2018-05-08 10:32:49 - [TEST_STEP][PASSED] - click: Object: 'Object Repository/Schedule2/Page_KDMC - CMS/button_Add' is clicked on

2018-05-08 10:32:49 - [MESSAGE][PASSED] - Object: 'Object Repository/Schedule2/Page_KDMC - CMS/button_Add' is clicked on

2018-05-08 10:32:49 - [TEST_STEP][PASSED] - selectOptionByValue: All options with value '2' are selected in object 'Object Repository/Schedule2/Page_KDMC - CMS/select_--Select--Schedule 1Inj'  using regular expression

2018-05-08 10:32:49 - [MESSAGE][PASSED] - All options with value '2' are selected in object 'Object Repository/Schedule2/Page_KDMC - CMS/select_--Select--Schedule 1Inj'  using regular expression

2018-05-08 10:32:49 - [TEST_STEP][PASSED] - selectOptionByIndex: All options with index in [12] are selected on object 'Object Repository/Schedule2/Page_KDMC - CMS/select_--Select--Albendazole'

2018-05-08 10:32:50 - [MESSAGE][PASSED] - All options with index in [12] are selected on object 'Object Repository/Schedule2/Page_KDMC - CMS/select_--Select--Albendazole'

2018-05-08 10:32:50 - [TEST_STEP][PASSED] - setText: Text '5000' is set on object 'Object Repository/Schedule2/Page_KDMC - CMS/input_txttreat'

2018-05-08 10:32:50 - [MESSAGE][PASSED] - Text '5000' is set on object 'Object Repository/Schedule2/Page_KDMC - CMS/input_txttreat'

2018-05-08 10:32:50 - [TEST_STEP][PASSED] - delay: Delayed 1 second(s)

2018-05-08 10:32:51 - [MESSAGE][PASSED] - Delayed 1 second(s)

2018-05-08 10:32:51 - [TEST_STEP][PASSED] - click: Object: 'Object Repository/Schedule2/Page_KDMC - CMS/button_Add' is clicked on

2018-05-08 10:32:51 - [MESSAGE][PASSED] - Object: 'Object Repository/Schedule2/Page_KDMC - CMS/button_Add' is clicked on

2018-05-08 10:32:51 - [TEST_STEP][PASSED] - selectOptionByValue: All options with value '2' are selected in object 'Object Repository/Schedule2/Page_KDMC - CMS/select_--Select--Schedule 1Inj'  using regular expression

2018-05-08 10:32:51 - [MESSAGE][PASSED] - All options with value '2' are selected in object 'Object Repository/Schedule2/Page_KDMC - CMS/select_--Select--Schedule 1Inj'  using regular expression

2018-05-08 10:32:51 - [TEST_STEP][PASSED] - selectOptionByIndex: All options with index in [13] are selected on object 'Object Repository/Schedule2/Page_KDMC - CMS/select_--Select--Albendazole'

2018-05-08 10:32:51 - [MESSAGE][PASSED] - All options with index in [13] are selected on object 'Object Repository/Schedule2/Page_KDMC - CMS/select_--Select--Albendazole'

2018-05-08 10:32:51 - [TEST_STEP][PASSED] - setText: Text '5000' is set on object 'Object Repository/Schedule2/Page_KDMC - CMS/input_txttreat'

2018-05-08 10:32:51 - [MESSAGE][PASSED] - Text '5000' is set on object 'Object Repository/Schedule2/Page_KDMC - CMS/input_txttreat'

2018-05-08 10:32:51 - [TEST_STEP][PASSED] - delay: Delayed 1 second(s)

2018-05-08 10:32:52 - [MESSAGE][PASSED] - Delayed 1 second(s)

2018-05-08 10:32:52 - [TEST_STEP][PASSED] - click: Object: 'Object Repository/Schedule2/Page_KDMC - CMS/button_Add' is clicked on

2018-05-08 10:32:52 - [MESSAGE][PASSED] - Object: 'Object Repository/Schedule2/Page_KDMC - CMS/button_Add' is clicked on

2018-05-08 10:32:52 - [TEST_STEP][PASSED] - selectOptionByValue: All options with value '2' are selected in object 'Object Repository/Schedule2/Page_KDMC - CMS/select_--Select--Schedule 1Inj'  using regular expression

2018-05-08 10:32:53 - [MESSAGE][PASSED] - All options with value '2' are selected in object 'Object Repository/Schedule2/Page_KDMC - CMS/select_--Select--Schedule 1Inj'  using regular expression

2018-05-08 10:32:53 - [TEST_STEP][PASSED] - selectOptionByIndex: All options with index in [14] are selected on object 'Object Repository/Schedule2/Page_KDMC - CMS/select_--Select--Albendazole'

2018-05-08 10:32:53 - [MESSAGE][PASSED] - All options with index in [14] are selected on object 'Object Repository/Schedule2/Page_KDMC - CMS/select_--Select--Albendazole'

2018-05-08 10:32:53 - [TEST_STEP][PASSED] - setText: Text '5000' is set on object 'Object Repository/Schedule2/Page_KDMC - CMS/input_txttreat'

2018-05-08 10:32:53 - [MESSAGE][PASSED] - Text '5000' is set on object 'Object Repository/Schedule2/Page_KDMC - CMS/input_txttreat'

2018-05-08 10:32:53 - [TEST_STEP][PASSED] - delay: Delayed 1 second(s)

2018-05-08 10:32:54 - [MESSAGE][PASSED] - Delayed 1 second(s)

2018-05-08 10:32:54 - [TEST_STEP][PASSED] - click: Object: 'Object Repository/Schedule2/Page_KDMC - CMS/button_Add' is clicked on

2018-05-08 10:32:54 - [MESSAGE][PASSED] - Object: 'Object Repository/Schedule2/Page_KDMC - CMS/button_Add' is clicked on

2018-05-08 10:32:54 - [TEST_STEP][PASSED] - selectOptionByValue: All options with value '2' are selected in object 'Object Repository/Schedule2/Page_KDMC - CMS/select_--Select--Schedule 1Inj'  using regular expression

2018-05-08 10:32:54 - [MESSAGE][PASSED] - All options with value '2' are selected in object 'Object Repository/Schedule2/Page_KDMC - CMS/select_--Select--Schedule 1Inj'  using regular expression

2018-05-08 10:32:54 - [TEST_STEP][PASSED] - selectOptionByIndex: All options with index in [15] are selected on object 'Object Repository/Schedule2/Page_KDMC - CMS/select_--Select--Albendazole'

2018-05-08 10:32:55 - [MESSAGE][PASSED] - All options with index in [15] are selected on object 'Object Repository/Schedule2/Page_KDMC - CMS/select_--Select--Albendazole'

2018-05-08 10:32:55 - [TEST_STEP][PASSED] - setText: Text '5000' is set on object 'Object Repository/Schedule2/Page_KDMC - CMS/input_txttreat'

2018-05-08 10:32:55 - [MESSAGE][PASSED] - Text '5000' is set on object 'Object Repository/Schedule2/Page_KDMC - CMS/input_txttreat'

2018-05-08 10:32:55 - [TEST_STEP][PASSED] - delay: Delayed 1 second(s)

2018-05-08 10:32:56 - [MESSAGE][PASSED] - Delayed 1 second(s)

2018-05-08 10:32:56 - [TEST_STEP][PASSED] - click: Object: 'Object Repository/Schedule2/Page_KDMC - CMS/button_Add' is clicked on

2018-05-08 10:32:56 - [MESSAGE][PASSED] - Object: 'Object Repository/Schedule2/Page_KDMC - CMS/button_Add' is clicked on

2018-05-08 10:32:56 - [TEST_STEP][PASSED] - selectOptionByValue: All options with value '2' are selected in object 'Object Repository/Schedule2/Page_KDMC - CMS/select_--Select--Schedule 1Inj'  using regular expression

2018-05-08 10:32:56 - [MESSAGE][PASSED] - All options with value '2' are selected in object 'Object Repository/Schedule2/Page_KDMC - CMS/select_--Select--Schedule 1Inj'  using regular expression

2018-05-08 10:32:56 - [TEST_STEP][PASSED] - selectOptionByIndex: All options with index in [16] are selected on object 'Object Repository/Schedule2/Page_KDMC - CMS/select_--Select--Albendazole'

2018-05-08 10:32:56 - [MESSAGE][PASSED] - All options with index in [16] are selected on object 'Object Repository/Schedule2/Page_KDMC - CMS/select_--Select--Albendazole'

2018-05-08 10:32:56 - [TEST_STEP][PASSED] - setText: Text '5000' is set on object 'Object Repository/Schedule2/Page_KDMC - CMS/input_txttreat'

2018-05-08 10:32:56 - [MESSAGE][PASSED] - Text '5000' is set on object 'Object Repository/Schedule2/Page_KDMC - CMS/input_txttreat'

2018-05-08 10:32:56 - [TEST_STEP][PASSED] - delay: Delayed 1 second(s)

2018-05-08 10:32:57 - [MESSAGE][PASSED] - Delayed 1 second(s)

2018-05-08 10:32:57 - [TEST_STEP][PASSED] - click: Object: 'Object Repository/Schedule2/Page_KDMC - CMS/button_Add' is clicked on

2018-05-08 10:32:58 - [MESSAGE][PASSED] - Object: 'Object Repository/Schedule2/Page_KDMC - CMS/button_Add' is clicked on

2018-05-08 10:32:58 - [TEST_STEP][PASSED] - selectOptionByValue: All options with value '2' are selected in object 'Object Repository/Schedule2/Page_KDMC - CMS/select_--Select--Schedule 1Inj'  using regular expression

2018-05-08 10:32:58 - [MESSAGE][PASSED] - All options with value '2' are selected in object 'Object Repository/Schedule2/Page_KDMC - CMS/select_--Select--Schedule 1Inj'  using regular expression

2018-05-08 10:32:58 - [TEST_STEP][PASSED] - selectOptionByIndex: All options with index in [17] are selected on object 'Object Repository/Schedule2/Page_KDMC - CMS/select_--Select--Albendazole'

2018-05-08 10:32:58 - [MESSAGE][PASSED] - All options with index in [17] are selected on object 'Object Repository/Schedule2/Page_KDMC - CMS/select_--Select--Albendazole'

2018-05-08 10:32:58 - [TEST_STEP][PASSED] - setText: Text '5000' is set on object 'Object Repository/Schedule2/Page_KDMC - CMS/input_txttreat'

2018-05-08 10:32:58 - [MESSAGE][PASSED] - Text '5000' is set on object 'Object Repository/Schedule2/Page_KDMC - CMS/input_txttreat'

2018-05-08 10:32:58 - [TEST_STEP][PASSED] - delay: Delayed 1 second(s)

2018-05-08 10:32:59 - [MESSAGE][PASSED] - Delayed 1 second(s)

2018-05-08 10:32:59 - [TEST_STEP][PASSED] - click: Object: 'Object Repository/Schedule2/Page_KDMC - CMS/button_Add' is clicked on

2018-05-08 10:32:59 - [MESSAGE][PASSED] - Object: 'Object Repository/Schedule2/Page_KDMC - CMS/button_Add' is clicked on

2018-05-08 10:32:59 - [TEST_STEP][PASSED] - selectOptionByValue: All options with value '2' are selected in object 'Object Repository/Schedule2/Page_KDMC - CMS/select_--Select--Schedule 1Inj'  using regular expression

2018-05-08 10:33:00 - [MESSAGE][PASSED] - All options with value '2' are selected in object 'Object Repository/Schedule2/Page_KDMC - CMS/select_--Select--Schedule 1Inj'  using regular expression

2018-05-08 10:33:00 - [TEST_STEP][PASSED] - selectOptionByIndex: All options with index in [18] are selected on object 'Object Repository/Schedule2/Page_KDMC - CMS/select_--Select--Albendazole'

2018-05-08 10:33:00 - [MESSAGE][PASSED] - All options with index in [18] are selected on object 'Object Repository/Schedule2/Page_KDMC - CMS/select_--Select--Albendazole'

2018-05-08 10:33:00 - [TEST_STEP][PASSED] - setText: Text '5000' is set on object 'Object Repository/Schedule2/Page_KDMC - CMS/input_txttreat'

2018-05-08 10:33:00 - [MESSAGE][PASSED] - Text '5000' is set on object 'Object Repository/Schedule2/Page_KDMC - CMS/input_txttreat'

2018-05-08 10:33:00 - [TEST_STEP][PASSED] - delay: Delayed 1 second(s)

2018-05-08 10:33:01 - [MESSAGE][PASSED] - Delayed 1 second(s)

2018-05-08 10:33:01 - [TEST_STEP][PASSED] - click: Object: 'Object Repository/Schedule2/Page_KDMC - CMS/button_Add' is clicked on

2018-05-08 10:33:01 - [MESSAGE][PASSED] - Object: 'Object Repository/Schedule2/Page_KDMC - CMS/button_Add' is clicked on

2018-05-08 10:33:01 - [TEST_STEP][PASSED] - selectOptionByValue: All options with value '2' are selected in object 'Object Repository/Schedule2/Page_KDMC - CMS/select_--Select--Schedule 1Inj'  using regular expression

2018-05-08 10:33:01 - [MESSAGE][PASSED] - All options with value '2' are selected in object 'Object Repository/Schedule2/Page_KDMC - CMS/select_--Select--Schedule 1Inj'  using regular expression

2018-05-08 10:33:01 - [TEST_STEP][PASSED] - selectOptionByIndex: All options with index in [19] are selected on object 'Object Repository/Schedule2/Page_KDMC - CMS/select_--Select--Albendazole'

2018-05-08 10:33:02 - [MESSAGE][PASSED] - All options with index in [19] are selected on object 'Object Repository/Schedule2/Page_KDMC - CMS/select_--Select--Albendazole'

2018-05-08 10:33:02 - [TEST_STEP][PASSED] - setText: Text '5000' is set on object 'Object Repository/Schedule2/Page_KDMC - CMS/input_txttreat'

2018-05-08 10:33:02 - [MESSAGE][PASSED] - Text '5000' is set on object 'Object Repository/Schedule2/Page_KDMC - CMS/input_txttreat'

2018-05-08 10:33:02 - [TEST_STEP][PASSED] - delay: Delayed 1 second(s)

2018-05-08 10:33:03 - [MESSAGE][PASSED] - Delayed 1 second(s)

2018-05-08 10:33:03 - [TEST_STEP][PASSED] - click: Object: 'Object Repository/Schedule2/Page_KDMC - CMS/button_Add' is clicked on

2018-05-08 10:33:03 - [MESSAGE][PASSED] - Object: 'Object Repository/Schedule2/Page_KDMC - CMS/button_Add' is clicked on

2018-05-08 10:33:03 - [TEST_STEP][PASSED] - selectOptionByValue: All options with value '2' are selected in object 'Object Repository/Schedule2/Page_KDMC - CMS/select_--Select--Schedule 1Inj'  using regular expression

2018-05-08 10:33:03 - [MESSAGE][PASSED] - All options with value '2' are selected in object 'Object Repository/Schedule2/Page_KDMC - CMS/select_--Select--Schedule 1Inj'  using regular expression

2018-05-08 10:33:03 - [TEST_STEP][PASSED] - selectOptionByIndex: All options with index in [20] are selected on object 'Object Repository/Schedule2/Page_KDMC - CMS/select_--Select--Albendazole'

2018-05-08 10:33:03 - [MESSAGE][PASSED] - All options with index in [20] are selected on object 'Object Repository/Schedule2/Page_KDMC - CMS/select_--Select--Albendazole'

2018-05-08 10:33:03 - [TEST_STEP][PASSED] - setText: Text '5000' is set on object 'Object Repository/Schedule2/Page_KDMC - CMS/input_txttreat'

2018-05-08 10:33:04 - [MESSAGE][PASSED] - Text '5000' is set on object 'Object Repository/Schedule2/Page_KDMC - CMS/input_txttreat'

2018-05-08 10:33:04 - [TEST_STEP][PASSED] - delay: Delayed 1 second(s)

2018-05-08 10:33:05 - [MESSAGE][PASSED] - Delayed 1 second(s)

2018-05-08 10:33:05 - [TEST_STEP][PASSED] - click: Object: 'Object Repository/Schedule2/Page_KDMC - CMS/button_Add' is clicked on

2018-05-08 10:33:05 - [MESSAGE][PASSED] - Object: 'Object Repository/Schedule2/Page_KDMC - CMS/button_Add' is clicked on

2018-05-08 10:33:05 - [TEST_STEP][PASSED] - selectOptionByValue: All options with value '2' are selected in object 'Object Repository/Schedule2/Page_KDMC - CMS/select_--Select--Schedule 1Inj'  using regular expression

2018-05-08 10:33:05 - [MESSAGE][PASSED] - All options with value '2' are selected in object 'Object Repository/Schedule2/Page_KDMC - CMS/select_--Select--Schedule 1Inj'  using regular expression

2018-05-08 10:33:05 - [TEST_STEP][PASSED] - selectOptionByIndex: All options with index in [21] are selected on object 'Object Repository/Schedule2/Page_KDMC - CMS/select_--Select--Albendazole'

2018-05-08 10:33:05 - [MESSAGE][PASSED] - All options with index in [21] are selected on object 'Object Repository/Schedule2/Page_KDMC - CMS/select_--Select--Albendazole'

2018-05-08 10:33:05 - [TEST_STEP][PASSED] - setText: Text '5000' is set on object 'Object Repository/Schedule2/Page_KDMC - CMS/input_txttreat'

2018-05-08 10:33:05 - [MESSAGE][PASSED] - Text '5000' is set on object 'Object Repository/Schedule2/Page_KDMC - CMS/input_txttreat'

2018-05-08 10:33:05 - [TEST_STEP][PASSED] - delay: Delayed 1 second(s)

2018-05-08 10:33:06 - [MESSAGE][PASSED] - Delayed 1 second(s)

2018-05-08 10:33:06 - [TEST_STEP][PASSED] - click: Object: 'Object Repository/Schedule2/Page_KDMC - CMS/button_Add' is clicked on

2018-05-08 10:33:06 - [MESSAGE][PASSED] - Object: 'Object Repository/Schedule2/Page_KDMC - CMS/button_Add' is clicked on

2018-05-08 10:33:06 - [TEST_STEP][PASSED] - selectOptionByValue: All options with value '2' are selected in object 'Object Repository/Schedule2/Page_KDMC - CMS/select_--Select--Schedule 1Inj'  using regular expression

2018-05-08 10:33:07 - [MESSAGE][PASSED] - All options with value '2' are selected in object 'Object Repository/Schedule2/Page_KDMC - CMS/select_--Select--Schedule 1Inj'  using regular expression

2018-05-08 10:33:07 - [TEST_STEP][PASSED] - selectOptionByIndex: All options with index in [22] are selected on object 'Object Repository/Schedule2/Page_KDMC - CMS/select_--Select--Albendazole'

2018-05-08 10:33:07 - [MESSAGE][PASSED] - All options with index in [22] are selected on object 'Object Repository/Schedule2/Page_KDMC - CMS/select_--Select--Albendazole'

2018-05-08 10:33:07 - [TEST_STEP][PASSED] - setText: Text '5000' is set on object 'Object Repository/Schedule2/Page_KDMC - CMS/input_txttreat'

2018-05-08 10:33:07 - [MESSAGE][PASSED] - Text '5000' is set on object 'Object Repository/Schedule2/Page_KDMC - CMS/input_txttreat'

2018-05-08 10:33:07 - [TEST_STEP][PASSED] - delay: Delayed 1 second(s)

2018-05-08 10:33:08 - [MESSAGE][PASSED] - Delayed 1 second(s)

2018-05-08 10:33:08 - [TEST_STEP][PASSED] - click: Object: 'Object Repository/Schedule2/Page_KDMC - CMS/button_Add' is clicked on

2018-05-08 10:33:08 - [MESSAGE][PASSED] - Object: 'Object Repository/Schedule2/Page_KDMC - CMS/button_Add' is clicked on

2018-05-08 10:33:08 - [TEST_STEP][PASSED] - selectOptionByValue: All options with value '2' are selected in object 'Object Repository/Schedule2/Page_KDMC - CMS/select_--Select--Schedule 1Inj'  using regular expression

2018-05-08 10:33:08 - [MESSAGE][PASSED] - All options with value '2' are selected in object 'Object Repository/Schedule2/Page_KDMC - CMS/select_--Select--Schedule 1Inj'  using regular expression

2018-05-08 10:33:08 - [TEST_STEP][PASSED] - selectOptionByIndex: All options with index in [23] are selected on object 'Object Repository/Schedule2/Page_KDMC - CMS/select_--Select--Albendazole'

2018-05-08 10:33:09 - [MESSAGE][PASSED] - All options with index in [23] are selected on object 'Object Repository/Schedule2/Page_KDMC - CMS/select_--Select--Albendazole'

2018-05-08 10:33:09 - [TEST_STEP][PASSED] - setText: Text '5000' is set on object 'Object Repository/Schedule2/Page_KDMC - CMS/input_txttreat'

2018-05-08 10:33:09 - [MESSAGE][PASSED] - Text '5000' is set on object 'Object Repository/Schedule2/Page_KDMC - CMS/input_txttreat'

2018-05-08 10:33:09 - [TEST_STEP][PASSED] - delay: Delayed 1 second(s)

2018-05-08 10:33:10 - [MESSAGE][PASSED] - Delayed 1 second(s)

2018-05-08 10:33:10 - [TEST_STEP][PASSED] - click: Object: 'Object Repository/Schedule2/Page_KDMC - CMS/button_Add' is clicked on

2018-05-08 10:33:10 - [MESSAGE][PASSED] - Object: 'Object Repository/Schedule2/Page_KDMC - CMS/button_Add' is clicked on

2018-05-08 10:33:10 - [TEST_STEP][PASSED] - selectOptionByValue: All options with value '2' are selected in object 'Object Repository/Schedule2/Page_KDMC - CMS/select_--Select--Schedule 1Inj'  using regular expression

2018-05-08 10:33:10 - [MESSAGE][PASSED] - All options with value '2' are selected in object 'Object Repository/Schedule2/Page_KDMC - CMS/select_--Select--Schedule 1Inj'  using regular expression

2018-05-08 10:33:10 - [TEST_STEP][PASSED] - selectOptionByIndex: All options with index in [24] are selected on object 'Object Repository/Schedule2/Page_KDMC - CMS/select_--Select--Albendazole'

2018-05-08 10:33:11 - [MESSAGE][PASSED] - All options with index in [24] are selected on object 'Object Repository/Schedule2/Page_KDMC - CMS/select_--Select--Albendazole'

2018-05-08 10:33:11 - [TEST_STEP][PASSED] - setText: Text '5000' is set on object 'Object Repository/Schedule2/Page_KDMC - CMS/input_txttreat'

2018-05-08 10:33:11 - [MESSAGE][PASSED] - Text '5000' is set on object 'Object Repository/Schedule2/Page_KDMC - CMS/input_txttreat'

2018-05-08 10:33:11 - [TEST_STEP][PASSED] - delay: Delayed 1 second(s)

2018-05-08 10:33:12 - [MESSAGE][PASSED] - Delayed 1 second(s)

2018-05-08 10:33:12 - [TEST_STEP][PASSED] - click: Object: 'Object Repository/Schedule2/Page_KDMC - CMS/button_Add' is clicked on

2018-05-08 10:33:12 - [MESSAGE][PASSED] - Object: 'Object Repository/Schedule2/Page_KDMC - CMS/button_Add' is clicked on

2018-05-08 10:33:12 - [TEST_STEP][PASSED] - selectOptionByValue: All options with value '2' are selected in object 'Object Repository/Schedule2/Page_KDMC - CMS/select_--Select--Schedule 1Inj'  using regular expression

2018-05-08 10:33:12 - [MESSAGE][PASSED] - All options with value '2' are selected in object 'Object Repository/Schedule2/Page_KDMC - CMS/select_--Select--Schedule 1Inj'  using regular expression

2018-05-08 10:33:12 - [TEST_STEP][PASSED] - selectOptionByIndex: All options with index in [25] are selected on object 'Object Repository/Schedule2/Page_KDMC - CMS/select_--Select--Albendazole'

2018-05-08 10:33:12 - [MESSAGE][PASSED] - All options with index in [25] are selected on object 'Object Repository/Schedule2/Page_KDMC - CMS/select_--Select--Albendazole'

2018-05-08 10:33:12 - [TEST_STEP][PASSED] - setText: Text '5000' is set on object 'Object Repository/Schedule2/Page_KDMC - CMS/input_txttreat'

2018-05-08 10:33:13 - [MESSAGE][PASSED] - Text '5000' is set on object 'Object Repository/Schedule2/Page_KDMC - CMS/input_txttreat'

2018-05-08 10:33:13 - [TEST_STEP][PASSED] - delay: Delayed 1 second(s)

2018-05-08 10:33:14 - [MESSAGE][PASSED] - Delayed 1 second(s)

2018-05-08 10:33:14 - [TEST_STEP][PASSED] - click: Object: 'Object Repository/Schedule2/Page_KDMC - CMS/button_Add' is clicked on

2018-05-08 10:33:14 - [MESSAGE][PASSED] - Object: 'Object Repository/Schedule2/Page_KDMC - CMS/button_Add' is clicked on

2018-05-08 10:33:14 - [TEST_STEP][PASSED] - selectOptionByValue: All options with value '2' are selected in object 'Object Repository/Schedule2/Page_KDMC - CMS/select_--Select--Schedule 1Inj'  using regular expression

2018-05-08 10:33:14 - [MESSAGE][PASSED] - All options with value '2' are selected in object 'Object Repository/Schedule2/Page_KDMC - CMS/select_--Select--Schedule 1Inj'  using regular expression

2018-05-08 10:33:14 - [TEST_STEP][PASSED] - selectOptionByIndex: All options with index in [26] are selected on object 'Object Repository/Schedule2/Page_KDMC - CMS/select_--Select--Albendazole'

2018-05-08 10:33:14 - [MESSAGE][PASSED] - All options with index in [26] are selected on object 'Object Repository/Schedule2/Page_KDMC - CMS/select_--Select--Albendazole'

2018-05-08 10:33:14 - [TEST_STEP][PASSED] - setText: Text '5000' is set on object 'Object Repository/Schedule2/Page_KDMC - CMS/input_txttreat'

2018-05-08 10:33:14 - [MESSAGE][PASSED] - Text '5000' is set on object 'Object Repository/Schedule2/Page_KDMC - CMS/input_txttreat'

2018-05-08 10:33:14 - [TEST_STEP][PASSED] - delay: Delayed 1 second(s)

2018-05-08 10:33:15 - [MESSAGE][PASSED] - Delayed 1 second(s)

2018-05-08 10:33:15 - [TEST_STEP][PASSED] - click: Object: 'Object Repository/Schedule2/Page_KDMC - CMS/button_Add' is clicked on

2018-05-08 10:33:15 - [MESSAGE][PASSED] - Object: 'Object Repository/Schedule2/Page_KDMC - CMS/button_Add' is clicked on

2018-05-08 10:33:15 - [TEST_STEP][PASSED] - selectOptionByValue: All options with value '2' are selected in object 'Object Repository/Schedule2/Page_KDMC - CMS/select_--Select--Schedule 1Inj'  using regular expression

2018-05-08 10:33:16 - [MESSAGE][PASSED] - All options with value '2' are selected in object 'Object Repository/Schedule2/Page_KDMC - CMS/select_--Select--Schedule 1Inj'  using regular expression

2018-05-08 10:33:16 - [TEST_STEP][PASSED] - selectOptionByIndex: All options with index in [27] are selected on object 'Object Repository/Schedule2/Page_KDMC - CMS/select_--Select--Albendazole'

2018-05-08 10:33:16 - [MESSAGE][PASSED] - All options with index in [27] are selected on object 'Object Repository/Schedule2/Page_KDMC - CMS/select_--Select--Albendazole'

2018-05-08 10:33:16 - [TEST_STEP][PASSED] - setText: Text '5000' is set on object 'Object Repository/Schedule2/Page_KDMC - CMS/input_txttreat'

2018-05-08 10:33:16 - [MESSAGE][PASSED] - Text '5000' is set on object 'Object Repository/Schedule2/Page_KDMC - CMS/input_txttreat'

2018-05-08 10:33:16 - [TEST_STEP][PASSED] - delay: Delayed 1 second(s)

2018-05-08 10:33:17 - [MESSAGE][PASSED] - Delayed 1 second(s)

2018-05-08 10:33:17 - [TEST_STEP][PASSED] - click: Object: 'Object Repository/Schedule2/Page_KDMC - CMS/button_Add' is clicked on

2018-05-08 10:33:17 - [MESSAGE][PASSED] - Object: 'Object Repository/Schedule2/Page_KDMC - CMS/button_Add' is clicked on

2018-05-08 10:33:17 - [TEST_STEP][PASSED] - selectOptionByValue: All options with value '2' are selected in object 'Object Repository/Schedule2/Page_KDMC - CMS/select_--Select--Schedule 1Inj'  using regular expression

2018-05-08 10:33:18 - [MESSAGE][PASSED] - All options with value '2' are selected in object 'Object Repository/Schedule2/Page_KDMC - CMS/select_--Select--Schedule 1Inj'  using regular expression

2018-05-08 10:33:18 - [TEST_STEP][PASSED] - selectOptionByIndex: All options with index in [28] are selected on object 'Object Repository/Schedule2/Page_KDMC - CMS/select_--Select--Albendazole'

2018-05-08 10:33:18 - [MESSAGE][PASSED] - All options with index in [28] are selected on object 'Object Repository/Schedule2/Page_KDMC - CMS/select_--Select--Albendazole'

2018-05-08 10:33:18 - [TEST_STEP][PASSED] - setText: Text '5000' is set on object 'Object Repository/Schedule2/Page_KDMC - CMS/input_txttreat'

2018-05-08 10:33:18 - [MESSAGE][PASSED] - Text '5000' is set on object 'Object Repository/Schedule2/Page_KDMC - CMS/input_txttreat'

2018-05-08 10:33:18 - [TEST_STEP][PASSED] - delay: Delayed 1 second(s)

2018-05-08 10:33:19 - [MESSAGE][PASSED] - Delayed 1 second(s)

2018-05-08 10:33:19 - [TEST_STEP][PASSED] - click: Object: 'Object Repository/Schedule2/Page_KDMC - CMS/button_Add' is clicked on

2018-05-08 10:33:19 - [MESSAGE][PASSED] - Object: 'Object Repository/Schedule2/Page_KDMC - CMS/button_Add' is clicked on

2018-05-08 10:33:19 - [TEST_STEP][PASSED] - selectOptionByValue: All options with value '2' are selected in object 'Object Repository/Schedule2/Page_KDMC - CMS/select_--Select--Schedule 1Inj'  using regular expression

2018-05-08 10:33:19 - [MESSAGE][PASSED] - All options with value '2' are selected in object 'Object Repository/Schedule2/Page_KDMC - CMS/select_--Select--Schedule 1Inj'  using regular expression

2018-05-08 10:33:19 - [TEST_STEP][PASSED] - selectOptionByIndex: All options with index in [29] are selected on object 'Object Repository/Schedule2/Page_KDMC - CMS/select_--Select--Albendazole'

2018-05-08 10:33:20 - [MESSAGE][PASSED] - All options with index in [29] are selected on object 'Object Repository/Schedule2/Page_KDMC - CMS/select_--Select--Albendazole'

2018-05-08 10:33:20 - [TEST_STEP][PASSED] - setText: Text '5000' is set on object 'Object Repository/Schedule2/Page_KDMC - CMS/input_txttreat'

2018-05-08 10:33:20 - [MESSAGE][PASSED] - Text '5000' is set on object 'Object Repository/Schedule2/Page_KDMC - CMS/input_txttreat'

2018-05-08 10:33:20 - [TEST_STEP][PASSED] - delay: Delayed 1 second(s)

2018-05-08 10:33:21 - [MESSAGE][PASSED] - Delayed 1 second(s)

2018-05-08 10:33:21 - [TEST_STEP][PASSED] - click: Object: 'Object Repository/Schedule2/Page_KDMC - CMS/button_Add' is clicked on

2018-05-08 10:33:21 - [MESSAGE][PASSED] - Object: 'Object Repository/Schedule2/Page_KDMC - CMS/button_Add' is clicked on

2018-05-08 10:33:21 - [TEST_STEP][PASSED] - selectOptionByValue: All options with value '2' are selected in object 'Object Repository/Schedule2/Page_KDMC - CMS/select_--Select--Schedule 1Inj'  using regular expression

2018-05-08 10:33:21 - [MESSAGE][PASSED] - All options with value '2' are selected in object 'Object Repository/Schedule2/Page_KDMC - CMS/select_--Select--Schedule 1Inj'  using regular expression

2018-05-08 10:33:21 - [TEST_STEP][PASSED] - selectOptionByIndex: All options with index in [30] are selected on object 'Object Repository/Schedule2/Page_KDMC - CMS/select_--Select--Albendazole'

2018-05-08 10:33:22 - [MESSAGE][PASSED] - All options with index in [30] are selected on object 'Object Repository/Schedule2/Page_KDMC - CMS/select_--Select--Albendazole'

2018-05-08 10:33:22 - [TEST_STEP][PASSED] - setText: Text '5000' is set on object 'Object Repository/Schedule2/Page_KDMC - CMS/input_txttreat'

2018-05-08 10:33:22 - [MESSAGE][PASSED] - Text '5000' is set on object 'Object Repository/Schedule2/Page_KDMC - CMS/input_txttreat'

2018-05-08 10:33:22 - [TEST_STEP][PASSED] - delay: Delayed 1 second(s)

2018-05-08 10:33:23 - [MESSAGE][PASSED] - Delayed 1 second(s)

2018-05-08 10:33:23 - [TEST_STEP][PASSED] - click: Object: 'Object Repository/Schedule2/Page_KDMC - CMS/button_Add' is clicked on

2018-05-08 10:33:23 - [MESSAGE][PASSED] - Object: 'Object Repository/Schedule2/Page_KDMC - CMS/button_Add' is clicked on

2018-05-08 10:33:23 - [TEST_STEP][PASSED] - selectOptionByValue: All options with value '2' are selected in object 'Object Repository/Schedule2/Page_KDMC - CMS/select_--Select--Schedule 1Inj'  using regular expression

2018-05-08 10:33:23 - [MESSAGE][PASSED] - All options with value '2' are selected in object 'Object Repository/Schedule2/Page_KDMC - CMS/select_--Select--Schedule 1Inj'  using regular expression

2018-05-08 10:33:23 - [TEST_STEP][PASSED] - selectOptionByIndex: All options with index in [31] are selected on object 'Object Repository/Schedule2/Page_KDMC - CMS/select_--Select--Albendazole'

2018-05-08 10:33:23 - [MESSAGE][PASSED] - All options with index in [31] are selected on object 'Object Repository/Schedule2/Page_KDMC - CMS/select_--Select--Albendazole'

2018-05-08 10:33:23 - [TEST_STEP][PASSED] - setText: Text '5000' is set on object 'Object Repository/Schedule2/Page_KDMC - CMS/input_txttreat'

2018-05-08 10:33:24 - [MESSAGE][PASSED] - Text '5000' is set on object 'Object Repository/Schedule2/Page_KDMC - CMS/input_txttreat'

2018-05-08 10:33:24 - [TEST_STEP][PASSED] - delay: Delayed 1 second(s)

2018-05-08 10:33:25 - [MESSAGE][PASSED] - Delayed 1 second(s)

2018-05-08 10:33:25 - [TEST_STEP][PASSED] - click: Object: 'Object Repository/Schedule2/Page_KDMC - CMS/button_Add' is clicked on

2018-05-08 10:33:25 - [MESSAGE][PASSED] - Object: 'Object Repository/Schedule2/Page_KDMC - CMS/button_Add' is clicked on

2018-05-08 10:33:25 - [TEST_STEP][PASSED] - selectOptionByValue: All options with value '2' are selected in object 'Object Repository/Schedule2/Page_KDMC - CMS/select_--Select--Schedule 1Inj'  using regular expression

2018-05-08 10:33:25 - [MESSAGE][PASSED] - All options with value '2' are selected in object 'Object Repository/Schedule2/Page_KDMC - CMS/select_--Select--Schedule 1Inj'  using regular expression

2018-05-08 10:33:25 - [TEST_STEP][PASSED] - selectOptionByIndex: All options with index in [32] are selected on object 'Object Repository/Schedule2/Page_KDMC - CMS/select_--Select--Albendazole'

2018-05-08 10:33:25 - [MESSAGE][PASSED] - All options with index in [32] are selected on object 'Object Repository/Schedule2/Page_KDMC - CMS/select_--Select--Albendazole'

2018-05-08 10:33:25 - [TEST_STEP][PASSED] - setText: Text '5000' is set on object 'Object Repository/Schedule2/Page_KDMC - CMS/input_txttreat'

2018-05-08 10:33:26 - [MESSAGE][PASSED] - Text '5000' is set on object 'Object Repository/Schedule2/Page_KDMC - CMS/input_txttreat'

2018-05-08 10:33:26 - [TEST_STEP][PASSED] - delay: Delayed 1 second(s)

2018-05-08 10:33:27 - [MESSAGE][PASSED] - Delayed 1 second(s)

2018-05-08 10:33:27 - [TEST_STEP][PASSED] - click: Object: 'Object Repository/Schedule2/Page_KDMC - CMS/button_Add' is clicked on

2018-05-08 10:33:27 - [MESSAGE][PASSED] - Object: 'Object Repository/Schedule2/Page_KDMC - CMS/button_Add' is clicked on

2018-05-08 10:33:27 - [TEST_STEP][PASSED] - selectOptionByValue: All options with value '2' are selected in object 'Object Repository/Schedule2/Page_KDMC - CMS/select_--Select--Schedule 1Inj'  using regular expression

2018-05-08 10:33:27 - [MESSAGE][PASSED] - All options with value '2' are selected in object 'Object Repository/Schedule2/Page_KDMC - CMS/select_--Select--Schedule 1Inj'  using regular expression

2018-05-08 10:33:27 - [TEST_STEP][PASSED] - selectOptionByIndex: All options with index in [33] are selected on object 'Object Repository/Schedule2/Page_KDMC - CMS/select_--Select--Albendazole'

2018-05-08 10:33:27 - [MESSAGE][PASSED] - All options with index in [33] are selected on object 'Object Repository/Schedule2/Page_KDMC - CMS/select_--Select--Albendazole'

2018-05-08 10:33:27 - [TEST_STEP][PASSED] - setText: Text '5000' is set on object 'Object Repository/Schedule2/Page_KDMC - CMS/input_txttreat'

2018-05-08 10:33:27 - [MESSAGE][PASSED] - Text '5000' is set on object 'Object Repository/Schedule2/Page_KDMC - CMS/input_txttreat'

2018-05-08 10:33:27 - [TEST_STEP][PASSED] - delay: Delayed 1 second(s)

2018-05-08 10:33:28 - [MESSAGE][PASSED] - Delayed 1 second(s)

2018-05-08 10:33:28 - [TEST_STEP][PASSED] - click: Object: 'Object Repository/Schedule2/Page_KDMC - CMS/button_Add' is clicked on

2018-05-08 10:33:29 - [MESSAGE][PASSED] - Object: 'Object Repository/Schedule2/Page_KDMC - CMS/button_Add' is clicked on

2018-05-08 10:33:29 - [TEST_STEP][PASSED] - selectOptionByValue: All options with value '2' are selected in object 'Object Repository/Schedule2/Page_KDMC - CMS/select_--Select--Schedule 1Inj'  using regular expression

2018-05-08 10:33:29 - [MESSAGE][PASSED] - All options with value '2' are selected in object 'Object Repository/Schedule2/Page_KDMC - CMS/select_--Select--Schedule 1Inj'  using regular expression

2018-05-08 10:33:29 - [TEST_STEP][PASSED] - selectOptionByIndex: All options with index in [34] are selected on object 'Object Repository/Schedule2/Page_KDMC - CMS/select_--Select--Albendazole'

2018-05-08 10:33:29 - [MESSAGE][PASSED] - All options with index in [34] are selected on object 'Object Repository/Schedule2/Page_KDMC - CMS/select_--Select--Albendazole'

2018-05-08 10:33:29 - [TEST_STEP][PASSED] - setText: Text '5000' is set on object 'Object Repository/Schedule2/Page_KDMC - CMS/input_txttreat'

2018-05-08 10:33:29 - [MESSAGE][PASSED] - Text '5000' is set on object 'Object Repository/Schedule2/Page_KDMC - CMS/input_txttreat'

2018-05-08 10:33:29 - [TEST_STEP][PASSED] - delay: Delayed 1 second(s)

2018-05-08 10:33:30 - [MESSAGE][PASSED] - Delayed 1 second(s)

2018-05-08 10:33:30 - [TEST_STEP][PASSED] - click: Object: 'Object Repository/Schedule2/Page_KDMC - CMS/button_Add' is clicked on

2018-05-08 10:33:30 - [MESSAGE][PASSED] - Object: 'Object Repository/Schedule2/Page_KDMC - CMS/button_Add' is clicked on

2018-05-08 10:33:30 - [TEST_STEP][PASSED] - selectOptionByValue: All options with value '2' are selected in object 'Object Repository/Schedule2/Page_KDMC - CMS/select_--Select--Schedule 1Inj'  using regular expression

2018-05-08 10:33:31 - [MESSAGE][PASSED] - All options with value '2' are selected in object 'Object Repository/Schedule2/Page_KDMC - CMS/select_--Select--Schedule 1Inj'  using regular expression

2018-05-08 10:33:31 - [TEST_STEP][PASSED] - selectOptionByIndex: All options with index in [35] are selected on object 'Object Repository/Schedule2/Page_KDMC - CMS/select_--Select--Albendazole'

2018-05-08 10:33:31 - [MESSAGE][PASSED] - All options with index in [35] are selected on object 'Object Repository/Schedule2/Page_KDMC - CMS/select_--Select--Albendazole'

2018-05-08 10:33:31 - [TEST_STEP][PASSED] - setText: Text '5000' is set on object 'Object Repository/Schedule2/Page_KDMC - CMS/input_txttreat'

2018-05-08 10:33:31 - [MESSAGE][PASSED] - Text '5000' is set on object 'Object Repository/Schedule2/Page_KDMC - CMS/input_txttreat'

2018-05-08 10:33:31 - [TEST_STEP][PASSED] - delay: Delayed 1 second(s)

2018-05-08 10:33:32 - [MESSAGE][PASSED] - Delayed 1 second(s)

2018-05-08 10:33:32 - [TEST_STEP][PASSED] - click: Object: 'Object Repository/Schedule2/Page_KDMC - CMS/button_Add' is clicked on

2018-05-08 10:33:32 - [MESSAGE][PASSED] - Object: 'Object Repository/Schedule2/Page_KDMC - CMS/button_Add' is clicked on

2018-05-08 10:33:32 - [TEST_STEP][PASSED] - selectOptionByValue: All options with value '2' are selected in object 'Object Repository/Schedule2/Page_KDMC - CMS/select_--Select--Schedule 1Inj'  using regular expression

2018-05-08 10:33:33 - [MESSAGE][PASSED] - All options with value '2' are selected in object 'Object Repository/Schedule2/Page_KDMC - CMS/select_--Select--Schedule 1Inj'  using regular expression

2018-05-08 10:33:33 - [TEST_STEP][PASSED] - selectOptionByIndex: All options with index in [36] are selected on object 'Object Repository/Schedule2/Page_KDMC - CMS/select_--Select--Albendazole'

2018-05-08 10:33:33 - [MESSAGE][PASSED] - All options with index in [36] are selected on object 'Object Repository/Schedule2/Page_KDMC - CMS/select_--Select--Albendazole'

2018-05-08 10:33:33 - [TEST_STEP][PASSED] - setText: Text '5000' is set on object 'Object Repository/Schedule2/Page_KDMC - CMS/input_txttreat'

2018-05-08 10:33:33 - [MESSAGE][PASSED] - Text '5000' is set on object 'Object Repository/Schedule2/Page_KDMC - CMS/input_txttreat'

2018-05-08 10:33:33 - [TEST_STEP][PASSED] - delay: Delayed 1 second(s)

2018-05-08 10:33:34 - [MESSAGE][PASSED] - Delayed 1 second(s)

2018-05-08 10:33:34 - [TEST_STEP][PASSED] - click: Object: 'Object Repository/Schedule2/Page_KDMC - CMS/button_Add' is clicked on

2018-05-08 10:33:34 - [MESSAGE][PASSED] - Object: 'Object Repository/Schedule2/Page_KDMC - CMS/button_Add' is clicked on

2018-05-08 10:33:34 - [TEST_STEP][PASSED] - selectOptionByValue: All options with value '2' are selected in object 'Object Repository/Schedule2/Page_KDMC - CMS/select_--Select--Schedule 1Inj'  using regular expression

2018-05-08 10:33:35 - [MESSAGE][PASSED] - All options with value '2' are selected in object 'Object Repository/Schedule2/Page_KDMC - CMS/select_--Select--Schedule 1Inj'  using regular expression

2018-05-08 10:33:35 - [TEST_STEP][PASSED] - selectOptionByIndex: All options with index in [37] are selected on object 'Object Repository/Schedule2/Page_KDMC - CMS/select_--Select--Albendazole'

2018-05-08 10:33:35 - [MESSAGE][PASSED] - All options with index in [37] are selected on object 'Object Repository/Schedule2/Page_KDMC - CMS/select_--Select--Albendazole'

2018-05-08 10:33:35 - [TEST_STEP][PASSED] - setText: Text '5000' is set on object 'Object Repository/Schedule2/Page_KDMC - CMS/input_txttreat'

2018-05-08 10:33:35 - [MESSAGE][PASSED] - Text '5000' is set on object 'Object Repository/Schedule2/Page_KDMC - CMS/input_txttreat'

2018-05-08 10:33:35 - [TEST_STEP][PASSED] - delay: Delayed 1 second(s)

2018-05-08 10:33:36 - [MESSAGE][PASSED] - Delayed 1 second(s)

2018-05-08 10:33:36 - [TEST_STEP][PASSED] - click: Object: 'Object Repository/Schedule2/Page_KDMC - CMS/button_Add' is clicked on

2018-05-08 10:33:36 - [MESSAGE][PASSED] - Object: 'Object Repository/Schedule2/Page_KDMC - CMS/button_Add' is clicked on

2018-05-08 10:33:36 - [TEST_STEP][PASSED] - selectOptionByValue: All options with value '2' are selected in object 'Object Repository/Schedule2/Page_KDMC - CMS/select_--Select--Schedule 1Inj'  using regular expression

2018-05-08 10:33:36 - [MESSAGE][PASSED] - All options with value '2' are selected in object 'Object Repository/Schedule2/Page_KDMC - CMS/select_--Select--Schedule 1Inj'  using regular expression

2018-05-08 10:33:36 - [TEST_STEP][PASSED] - selectOptionByIndex: All options with index in [38] are selected on object 'Object Repository/Schedule2/Page_KDMC - CMS/select_--Select--Albendazole'

2018-05-08 10:33:37 - [MESSAGE][PASSED] - All options with index in [38] are selected on object 'Object Repository/Schedule2/Page_KDMC - CMS/select_--Select--Albendazole'

2018-05-08 10:33:37 - [TEST_STEP][PASSED] - setText: Text '5000' is set on object 'Object Repository/Schedule2/Page_KDMC - CMS/input_txttreat'

2018-05-08 10:33:37 - [MESSAGE][PASSED] - Text '5000' is set on object 'Object Repository/Schedule2/Page_KDMC - CMS/input_txttreat'

2018-05-08 10:33:37 - [TEST_STEP][PASSED] - delay: Delayed 1 second(s)

2018-05-08 10:33:38 - [MESSAGE][PASSED] - Delayed 1 second(s)

2018-05-08 10:33:38 - [TEST_STEP][PASSED] - click: Object: 'Object Repository/Schedule2/Page_KDMC - CMS/button_Add' is clicked on

2018-05-08 10:33:38 - [MESSAGE][PASSED] - Object: 'Object Repository/Schedule2/Page_KDMC - CMS/button_Add' is clicked on

2018-05-08 10:33:38 - [TEST_STEP][PASSED] - selectOptionByValue: All options with value '2' are selected in object 'Object Repository/Schedule2/Page_KDMC - CMS/select_--Select--Schedule 1Inj'  using regular expression

2018-05-08 10:33:38 - [MESSAGE][PASSED] - All options with value '2' are selected in object 'Object Repository/Schedule2/Page_KDMC - CMS/select_--Select--Schedule 1Inj'  using regular expression

2018-05-08 10:33:38 - [TEST_STEP][PASSED] - selectOptionByIndex: All options with index in [39] are selected on object 'Object Repository/Schedule2/Page_KDMC - CMS/select_--Select--Albendazole'

2018-05-08 10:33:39 - [MESSAGE][PASSED] - All options with index in [39] are selected on object 'Object Repository/Schedule2/Page_KDMC - CMS/select_--Select--Albendazole'

2018-05-08 10:33:39 - [TEST_STEP][PASSED] - setText: Text '5000' is set on object 'Object Repository/Schedule2/Page_KDMC - CMS/input_txttreat'

2018-05-08 10:33:39 - [MESSAGE][PASSED] - Text '5000' is set on object 'Object Repository/Schedule2/Page_KDMC - CMS/input_txttreat'

2018-05-08 10:33:39 - [TEST_STEP][PASSED] - delay: Delayed 1 second(s)

2018-05-08 10:33:40 - [MESSAGE][PASSED] - Delayed 1 second(s)

2018-05-08 10:33:40 - [TEST_STEP][PASSED] - click: Object: 'Object Repository/Schedule2/Page_KDMC - CMS/button_Add' is clicked on

2018-05-08 10:33:40 - [MESSAGE][PASSED] - Object: 'Object Repository/Schedule2/Page_KDMC - CMS/button_Add' is clicked on

2018-05-08 10:33:40 - [TEST_STEP][PASSED] - selectOptionByValue: All options with value '2' are selected in object 'Object Repository/Schedule2/Page_KDMC - CMS/select_--Select--Schedule 1Inj'  using regular expression

2018-05-08 10:33:40 - [MESSAGE][PASSED] - All options with value '2' are selected in object 'Object Repository/Schedule2/Page_KDMC - CMS/select_--Select--Schedule 1Inj'  using regular expression

2018-05-08 10:33:40 - [TEST_STEP][PASSED] - selectOptionByIndex: All options with index in [40] are selected on object 'Object Repository/Schedule2/Page_KDMC - CMS/select_--Select--Albendazole'

2018-05-08 10:33:41 - [MESSAGE][PASSED] - All options with index in [40] are selected on object 'Object Repository/Schedule2/Page_KDMC - CMS/select_--Select--Albendazole'

2018-05-08 10:33:41 - [TEST_STEP][PASSED] - setText: Text '5000' is set on object 'Object Repository/Schedule2/Page_KDMC - CMS/input_txttreat'

2018-05-08 10:33:41 - [MESSAGE][PASSED] - Text '5000' is set on object 'Object Repository/Schedule2/Page_KDMC - CMS/input_txttreat'

2018-05-08 10:33:41 - [TEST_STEP][PASSED] - delay: Delayed 1 second(s)

2018-05-08 10:33:42 - [MESSAGE][PASSED] - Delayed 1 second(s)

2018-05-08 10:33:42 - [TEST_STEP][PASSED] - click: Object: 'Object Repository/Schedule2/Page_KDMC - CMS/button_Add' is clicked on

2018-05-08 10:33:42 - [MESSAGE][PASSED] - Object: 'Object Repository/Schedule2/Page_KDMC - CMS/button_Add' is clicked on

2018-05-08 10:33:42 - [TEST_STEP][PASSED] - selectOptionByValue: All options with value '2' are selected in object 'Object Repository/Schedule2/Page_KDMC - CMS/select_--Select--Schedule 1Inj'  using regular expression

2018-05-08 10:33:42 - [MESSAGE][PASSED] - All options with value '2' are selected in object 'Object Repository/Schedule2/Page_KDMC - CMS/select_--Select--Schedule 1Inj'  using regular expression

2018-05-08 10:33:42 - [TEST_STEP][PASSED] - selectOptionByIndex: All options with index in [41] are selected on object 'Object Repository/Schedule2/Page_KDMC - CMS/select_--Select--Albendazole'

2018-05-08 10:33:43 - [MESSAGE][PASSED] - All options with index in [41] are selected on object 'Object Repository/Schedule2/Page_KDMC - CMS/select_--Select--Albendazole'

2018-05-08 10:33:43 - [TEST_STEP][PASSED] - setText: Text '5000' is set on object 'Object Repository/Schedule2/Page_KDMC - CMS/input_txttreat'

2018-05-08 10:33:43 - [MESSAGE][PASSED] - Text '5000' is set on object 'Object Repository/Schedule2/Page_KDMC - CMS/input_txttreat'

2018-05-08 10:33:43 - [TEST_STEP][PASSED] - delay: Delayed 1 second(s)

2018-05-08 10:33:44 - [MESSAGE][PASSED] - Delayed 1 second(s)

2018-05-08 10:33:44 - [TEST_STEP][PASSED] - click: Object: 'Object Repository/Schedule2/Page_KDMC - CMS/button_Add' is clicked on

2018-05-08 10:33:44 - [MESSAGE][PASSED] - Object: 'Object Repository/Schedule2/Page_KDMC - CMS/button_Add' is clicked on

2018-05-08 10:33:44 - [TEST_STEP][PASSED] - selectOptionByValue: All options with value '2' are selected in object 'Object Repository/Schedule2/Page_KDMC - CMS/select_--Select--Schedule 1Inj'  using regular expression

2018-05-08 10:33:44 - [MESSAGE][PASSED] - All options with value '2' are selected in object 'Object Repository/Schedule2/Page_KDMC - CMS/select_--Select--Schedule 1Inj'  using regular expression

2018-05-08 10:33:44 - [TEST_STEP][PASSED] - selectOptionByIndex: All options with index in [42] are selected on object 'Object Repository/Schedule2/Page_KDMC - CMS/select_--Select--Albendazole'

2018-05-08 10:33:45 - [MESSAGE][PASSED] - All options with index in [42] are selected on object 'Object Repository/Schedule2/Page_KDMC - CMS/select_--Select--Albendazole'

2018-05-08 10:33:45 - [TEST_STEP][PASSED] - setText: Text '5000' is set on object 'Object Repository/Schedule2/Page_KDMC - CMS/input_txttreat'

2018-05-08 10:33:45 - [MESSAGE][PASSED] - Text '5000' is set on object 'Object Repository/Schedule2/Page_KDMC - CMS/input_txttreat'

2018-05-08 10:33:45 - [TEST_STEP][PASSED] - delay: Delayed 1 second(s)

2018-05-08 10:33:46 - [MESSAGE][PASSED] - Delayed 1 second(s)

2018-05-08 10:33:46 - [TEST_STEP][PASSED] - click: Object: 'Object Repository/Schedule2/Page_KDMC - CMS/button_Add' is clicked on

2018-05-08 10:33:46 - [MESSAGE][PASSED] - Object: 'Object Repository/Schedule2/Page_KDMC - CMS/button_Add' is clicked on

2018-05-08 10:33:46 - [TEST_STEP][PASSED] - selectOptionByValue: All options with value '2' are selected in object 'Object Repository/Schedule2/Page_KDMC - CMS/select_--Select--Schedule 1Inj'  using regular expression

2018-05-08 10:33:46 - [MESSAGE][PASSED] - All options with value '2' are selected in object 'Object Repository/Schedule2/Page_KDMC - CMS/select_--Select--Schedule 1Inj'  using regular expression

2018-05-08 10:33:46 - [TEST_STEP][PASSED] - selectOptionByIndex: All options with index in [43] are selected on object 'Object Repository/Schedule2/Page_KDMC - CMS/select_--Select--Albendazole'

2018-05-08 10:33:47 - [MESSAGE][PASSED] - All options with index in [43] are selected on object 'Object Repository/Schedule2/Page_KDMC - CMS/select_--Select--Albendazole'

2018-05-08 10:33:47 - [TEST_STEP][PASSED] - setText: Text '5000' is set on object 'Object Repository/Schedule2/Page_KDMC - CMS/input_txttreat'

2018-05-08 10:33:47 - [MESSAGE][PASSED] - Text '5000' is set on object 'Object Repository/Schedule2/Page_KDMC - CMS/input_txttreat'

2018-05-08 10:33:47 - [TEST_STEP][PASSED] - delay: Delayed 1 second(s)

2018-05-08 10:33:48 - [MESSAGE][PASSED] - Delayed 1 second(s)

2018-05-08 10:33:48 - [TEST_STEP][PASSED] - click: Object: 'Object Repository/Schedule2/Page_KDMC - CMS/button_Add' is clicked on

2018-05-08 10:33:48 - [MESSAGE][PASSED] - Object: 'Object Repository/Schedule2/Page_KDMC - CMS/button_Add' is clicked on

2018-05-08 10:33:48 - [TEST_STEP][PASSED] - selectOptionByValue: All options with value '2' are selected in object 'Object Repository/Schedule2/Page_KDMC - CMS/select_--Select--Schedule 1Inj'  using regular expression

2018-05-08 10:33:49 - [MESSAGE][PASSED] - All options with value '2' are selected in object 'Object Repository/Schedule2/Page_KDMC - CMS/select_--Select--Schedule 1Inj'  using regular expression

2018-05-08 10:33:49 - [TEST_STEP][PASSED] - selectOptionByIndex: All options with index in [44] are selected on object 'Object Repository/Schedule2/Page_KDMC - CMS/select_--Select--Albendazole'

2018-05-08 10:33:49 - [MESSAGE][PASSED] - All options with index in [44] are selected on object 'Object Repository/Schedule2/Page_KDMC - CMS/select_--Select--Albendazole'

2018-05-08 10:33:49 - [TEST_STEP][PASSED] - setText: Text '5000' is set on object 'Object Repository/Schedule2/Page_KDMC - CMS/input_txttreat'

2018-05-08 10:33:49 - [MESSAGE][PASSED] - Text '5000' is set on object 'Object Repository/Schedule2/Page_KDMC - CMS/input_txttreat'

2018-05-08 10:33:49 - [TEST_STEP][PASSED] - delay: Delayed 1 second(s)

2018-05-08 10:33:50 - [MESSAGE][PASSED] - Delayed 1 second(s)

2018-05-08 10:33:50 - [TEST_STEP][PASSED] - click: Object: 'Object Repository/Schedule2/Page_KDMC - CMS/button_Add' is clicked on

2018-05-08 10:33:50 - [MESSAGE][PASSED] - Object: 'Object Repository/Schedule2/Page_KDMC - CMS/button_Add' is clicked on

2018-05-08 10:33:50 - [TEST_STEP][PASSED] - selectOptionByValue: All options with value '2' are selected in object 'Object Repository/Schedule2/Page_KDMC - CMS/select_--Select--Schedule 1Inj'  using regular expression

2018-05-08 10:33:51 - [MESSAGE][PASSED] - All options with value '2' are selected in object 'Object Repository/Schedule2/Page_KDMC - CMS/select_--Select--Schedule 1Inj'  using regular expression

2018-05-08 10:33:51 - [TEST_STEP][PASSED] - selectOptionByIndex: All options with index in [45] are selected on object 'Object Repository/Schedule2/Page_KDMC - CMS/select_--Select--Albendazole'

2018-05-08 10:33:51 - [MESSAGE][PASSED] - All options with index in [45] are selected on object 'Object Repository/Schedule2/Page_KDMC - CMS/select_--Select--Albendazole'

2018-05-08 10:33:51 - [TEST_STEP][PASSED] - setText: Text '5000' is set on object 'Object Repository/Schedule2/Page_KDMC - CMS/input_txttreat'

2018-05-08 10:33:51 - [MESSAGE][PASSED] - Text '5000' is set on object 'Object Repository/Schedule2/Page_KDMC - CMS/input_txttreat'

2018-05-08 10:33:51 - [TEST_STEP][PASSED] - delay: Delayed 1 second(s)

2018-05-08 10:33:52 - [MESSAGE][PASSED] - Delayed 1 second(s)

2018-05-08 10:33:52 - [TEST_STEP][PASSED] - click: Object: 'Object Repository/Schedule2/Page_KDMC - CMS/button_Add' is clicked on

2018-05-08 10:33:52 - [MESSAGE][PASSED] - Object: 'Object Repository/Schedule2/Page_KDMC - CMS/button_Add' is clicked on

2018-05-08 10:33:52 - [TEST_STEP][PASSED] - selectOptionByValue: All options with value '2' are selected in object 'Object Repository/Schedule2/Page_KDMC - CMS/select_--Select--Schedule 1Inj'  using regular expression

2018-05-08 10:33:53 - [MESSAGE][PASSED] - All options with value '2' are selected in object 'Object Repository/Schedule2/Page_KDMC - CMS/select_--Select--Schedule 1Inj'  using regular expression

2018-05-08 10:33:53 - [TEST_STEP][PASSED] - selectOptionByIndex: All options with index in [46] are selected on object 'Object Repository/Schedule2/Page_KDMC - CMS/select_--Select--Albendazole'

2018-05-08 10:33:53 - [MESSAGE][PASSED] - All options with index in [46] are selected on object 'Object Repository/Schedule2/Page_KDMC - CMS/select_--Select--Albendazole'

2018-05-08 10:33:53 - [TEST_STEP][PASSED] - setText: Text '5000' is set on object 'Object Repository/Schedule2/Page_KDMC - CMS/input_txttreat'

2018-05-08 10:33:53 - [MESSAGE][PASSED] - Text '5000' is set on object 'Object Repository/Schedule2/Page_KDMC - CMS/input_txttreat'

2018-05-08 10:33:53 - [TEST_STEP][PASSED] - delay: Delayed 1 second(s)

2018-05-08 10:33:54 - [MESSAGE][PASSED] - Delayed 1 second(s)

2018-05-08 10:33:54 - [TEST_STEP][PASSED] - click: Object: 'Object Repository/Schedule2/Page_KDMC - CMS/button_Add' is clicked on

2018-05-08 10:33:54 - [MESSAGE][PASSED] - Object: 'Object Repository/Schedule2/Page_KDMC - CMS/button_Add' is clicked on

2018-05-08 10:33:54 - [TEST_STEP][PASSED] - selectOptionByValue: All options with value '2' are selected in object 'Object Repository/Schedule2/Page_KDMC - CMS/select_--Select--Schedule 1Inj'  using regular expression

2018-05-08 10:33:55 - [MESSAGE][PASSED] - All options with value '2' are selected in object 'Object Repository/Schedule2/Page_KDMC - CMS/select_--Select--Schedule 1Inj'  using regular expression

2018-05-08 10:33:55 - [TEST_STEP][PASSED] - selectOptionByIndex: All options with index in [47] are selected on object 'Object Repository/Schedule2/Page_KDMC - CMS/select_--Select--Albendazole'

2018-05-08 10:33:55 - [MESSAGE][PASSED] - All options with index in [47] are selected on object 'Object Repository/Schedule2/Page_KDMC - CMS/select_--Select--Albendazole'

2018-05-08 10:33:55 - [TEST_STEP][PASSED] - setText: Text '5000' is set on object 'Object Repository/Schedule2/Page_KDMC - CMS/input_txttreat'

2018-05-08 10:33:55 - [MESSAGE][PASSED] - Text '5000' is set on object 'Object Repository/Schedule2/Page_KDMC - CMS/input_txttreat'

2018-05-08 10:33:55 - [TEST_STEP][PASSED] - delay: Delayed 1 second(s)

2018-05-08 10:33:56 - [MESSAGE][PASSED] - Delayed 1 second(s)

2018-05-08 10:33:56 - [TEST_STEP][PASSED] - click: Object: 'Object Repository/Schedule2/Page_KDMC - CMS/button_Add' is clicked on

2018-05-08 10:33:56 - [MESSAGE][PASSED] - Object: 'Object Repository/Schedule2/Page_KDMC - CMS/button_Add' is clicked on

2018-05-08 10:33:56 - [TEST_STEP][PASSED] - selectOptionByValue: All options with value '2' are selected in object 'Object Repository/Schedule2/Page_KDMC - CMS/select_--Select--Schedule 1Inj'  using regular expression

2018-05-08 10:33:57 - [MESSAGE][PASSED] - All options with value '2' are selected in object 'Object Repository/Schedule2/Page_KDMC - CMS/select_--Select--Schedule 1Inj'  using regular expression

2018-05-08 10:33:57 - [TEST_STEP][PASSED] - selectOptionByIndex: All options with index in [48] are selected on object 'Object Repository/Schedule2/Page_KDMC - CMS/select_--Select--Albendazole'

2018-05-08 10:33:57 - [MESSAGE][PASSED] - All options with index in [48] are selected on object 'Object Repository/Schedule2/Page_KDMC - CMS/select_--Select--Albendazole'

2018-05-08 10:33:57 - [TEST_STEP][PASSED] - setText: Text '5000' is set on object 'Object Repository/Schedule2/Page_KDMC - CMS/input_txttreat'

2018-05-08 10:33:57 - [MESSAGE][PASSED] - Text '5000' is set on object 'Object Repository/Schedule2/Page_KDMC - CMS/input_txttreat'

2018-05-08 10:33:57 - [TEST_STEP][PASSED] - delay: Delayed 1 second(s)

2018-05-08 10:33:58 - [MESSAGE][PASSED] - Delayed 1 second(s)

2018-05-08 10:33:58 - [TEST_STEP][PASSED] - click: Object: 'Object Repository/Schedule2/Page_KDMC - CMS/button_Add' is clicked on

2018-05-08 10:33:58 - [MESSAGE][PASSED] - Object: 'Object Repository/Schedule2/Page_KDMC - CMS/button_Add' is clicked on

2018-05-08 10:33:58 - [TEST_STEP][PASSED] - selectOptionByValue: All options with value '2' are selected in object 'Object Repository/Schedule2/Page_KDMC - CMS/select_--Select--Schedule 1Inj'  using regular expression

2018-05-08 10:33:59 - [MESSAGE][PASSED] - All options with value '2' are selected in object 'Object Repository/Schedule2/Page_KDMC - CMS/select_--Select--Schedule 1Inj'  using regular expression

2018-05-08 10:33:59 - [TEST_STEP][PASSED] - selectOptionByIndex: All options with index in [49] are selected on object 'Object Repository/Schedule2/Page_KDMC - CMS/select_--Select--Albendazole'

2018-05-08 10:33:59 - [MESSAGE][PASSED] - All options with index in [49] are selected on object 'Object Repository/Schedule2/Page_KDMC - CMS/select_--Select--Albendazole'

2018-05-08 10:33:59 - [TEST_STEP][PASSED] - setText: Text '5000' is set on object 'Object Repository/Schedule2/Page_KDMC - CMS/input_txttreat'

2018-05-08 10:33:59 - [MESSAGE][PASSED] - Text '5000' is set on object 'Object Repository/Schedule2/Page_KDMC - CMS/input_txttreat'

2018-05-08 10:33:59 - [TEST_STEP][PASSED] - delay: Delayed 1 second(s)

2018-05-08 10:34:00 - [MESSAGE][PASSED] - Delayed 1 second(s)

2018-05-08 10:34:00 - [TEST_STEP][PASSED] - click: Object: 'Object Repository/Schedule2/Page_KDMC - CMS/button_Add' is clicked on

2018-05-08 10:34:00 - [MESSAGE][PASSED] - Object: 'Object Repository/Schedule2/Page_KDMC - CMS/button_Add' is clicked on

2018-05-08 10:34:00 - [TEST_STEP][PASSED] - selectOptionByValue: All options with value '2' are selected in object 'Object Repository/Schedule2/Page_KDMC - CMS/select_--Select--Schedule 1Inj'  using regular expression

2018-05-08 10:34:01 - [MESSAGE][PASSED] - All options with value '2' are selected in object 'Object Repository/Schedule2/Page_KDMC - CMS/select_--Select--Schedule 1Inj'  using regular expression

2018-05-08 10:34:01 - [TEST_STEP][PASSED] - selectOptionByIndex: All options with index in [50] are selected on object 'Object Repository/Schedule2/Page_KDMC - CMS/select_--Select--Albendazole'

2018-05-08 10:34:01 - [MESSAGE][PASSED] - All options with index in [50] are selected on object 'Object Repository/Schedule2/Page_KDMC - CMS/select_--Select--Albendazole'

2018-05-08 10:34:01 - [TEST_STEP][PASSED] - setText: Text '5000' is set on object 'Object Repository/Schedule2/Page_KDMC - CMS/input_txttreat'

2018-05-08 10:34:02 - [MESSAGE][PASSED] - Text '5000' is set on object 'Object Repository/Schedule2/Page_KDMC - CMS/input_txttreat'

2018-05-08 10:34:02 - [TEST_STEP][PASSED] - delay: Delayed 1 second(s)

2018-05-08 10:34:03 - [MESSAGE][PASSED] - Delayed 1 second(s)

2018-05-08 10:34:03 - [TEST_STEP][PASSED] - click: Object: 'Object Repository/Schedule2/Page_KDMC - CMS/button_Add' is clicked on

2018-05-08 10:34:03 - [MESSAGE][PASSED] - Object: 'Object Repository/Schedule2/Page_KDMC - CMS/button_Add' is clicked on

2018-05-08 10:34:03 - [TEST_STEP][PASSED] - selectOptionByValue: All options with value '2' are selected in object 'Object Repository/Schedule2/Page_KDMC - CMS/select_--Select--Schedule 1Inj'  using regular expression

2018-05-08 10:34:03 - [MESSAGE][PASSED] - All options with value '2' are selected in object 'Object Repository/Schedule2/Page_KDMC - CMS/select_--Select--Schedule 1Inj'  using regular expression

2018-05-08 10:34:03 - [TEST_STEP][PASSED] - selectOptionByIndex: All options with index in [51] are selected on object 'Object Repository/Schedule2/Page_KDMC - CMS/select_--Select--Albendazole'

2018-05-08 10:34:04 - [MESSAGE][PASSED] - All options with index in [51] are selected on object 'Object Repository/Schedule2/Page_KDMC - CMS/select_--Select--Albendazole'

2018-05-08 10:34:04 - [TEST_STEP][PASSED] - setText: Text '5000' is set on object 'Object Repository/Schedule2/Page_KDMC - CMS/input_txttreat'

2018-05-08 10:34:04 - [MESSAGE][PASSED] - Text '5000' is set on object 'Object Repository/Schedule2/Page_KDMC - CMS/input_txttreat'

2018-05-08 10:34:04 - [TEST_STEP][PASSED] - delay: Delayed 1 second(s)

2018-05-08 10:34:05 - [MESSAGE][PASSED] - Delayed 1 second(s)

2018-05-08 10:34:05 - [TEST_STEP][PASSED] - click: Object: 'Object Repository/Schedule2/Page_KDMC - CMS/button_Add' is clicked on

2018-05-08 10:34:05 - [MESSAGE][PASSED] - Object: 'Object Repository/Schedule2/Page_KDMC - CMS/button_Add' is clicked on

2018-05-08 10:34:05 - [TEST_STEP][PASSED] - selectOptionByValue: All options with value '2' are selected in object 'Object Repository/Schedule2/Page_KDMC - CMS/select_--Select--Schedule 1Inj'  using regular expression

2018-05-08 10:34:05 - [MESSAGE][PASSED] - All options with value '2' are selected in object 'Object Repository/Schedule2/Page_KDMC - CMS/select_--Select--Schedule 1Inj'  using regular expression

2018-05-08 10:34:05 - [TEST_STEP][PASSED] - selectOptionByIndex: All options with index in [52] are selected on object 'Object Repository/Schedule2/Page_KDMC - CMS/select_--Select--Albendazole'

2018-05-08 10:34:06 - [MESSAGE][PASSED] - All options with index in [52] are selected on object 'Object Repository/Schedule2/Page_KDMC - CMS/select_--Select--Albendazole'

2018-05-08 10:34:06 - [TEST_STEP][PASSED] - setText: Text '5000' is set on object 'Object Repository/Schedule2/Page_KDMC - CMS/input_txttreat'

2018-05-08 10:34:06 - [MESSAGE][PASSED] - Text '5000' is set on object 'Object Repository/Schedule2/Page_KDMC - CMS/input_txttreat'

2018-05-08 10:34:06 - [TEST_STEP][PASSED] - delay: Delayed 1 second(s)

2018-05-08 10:34:07 - [MESSAGE][PASSED] - Delayed 1 second(s)

2018-05-08 10:34:07 - [TEST_STEP][PASSED] - click: Object: 'Object Repository/Schedule2/Page_KDMC - CMS/button_Add' is clicked on

2018-05-08 10:34:07 - [MESSAGE][PASSED] - Object: 'Object Repository/Schedule2/Page_KDMC - CMS/button_Add' is clicked on

2018-05-08 10:34:07 - [TEST_STEP][PASSED] - selectOptionByValue: All options with value '2' are selected in object 'Object Repository/Schedule2/Page_KDMC - CMS/select_--Select--Schedule 1Inj'  using regular expression

2018-05-08 10:34:07 - [MESSAGE][PASSED] - All options with value '2' are selected in object 'Object Repository/Schedule2/Page_KDMC - CMS/select_--Select--Schedule 1Inj'  using regular expression

2018-05-08 10:34:07 - [TEST_STEP][PASSED] - selectOptionByIndex: All options with index in [53] are selected on object 'Object Repository/Schedule2/Page_KDMC - CMS/select_--Select--Albendazole'

2018-05-08 10:34:08 - [MESSAGE][PASSED] - All options with index in [53] are selected on object 'Object Repository/Schedule2/Page_KDMC - CMS/select_--Select--Albendazole'

2018-05-08 10:34:08 - [TEST_STEP][PASSED] - setText: Text '5000' is set on object 'Object Repository/Schedule2/Page_KDMC - CMS/input_txttreat'

2018-05-08 10:34:08 - [MESSAGE][PASSED] - Text '5000' is set on object 'Object Repository/Schedule2/Page_KDMC - CMS/input_txttreat'

2018-05-08 10:34:08 - [TEST_STEP][PASSED] - delay: Delayed 1 second(s)

2018-05-08 10:34:09 - [MESSAGE][PASSED] - Delayed 1 second(s)

2018-05-08 10:34:09 - [TEST_STEP][PASSED] - click: Object: 'Object Repository/Schedule2/Page_KDMC - CMS/button_Add' is clicked on

2018-05-08 10:34:09 - [MESSAGE][PASSED] - Object: 'Object Repository/Schedule2/Page_KDMC - CMS/button_Add' is clicked on

2018-05-08 10:34:09 - [TEST_STEP][PASSED] - selectOptionByValue: All options with value '2' are selected in object 'Object Repository/Schedule2/Page_KDMC - CMS/select_--Select--Schedule 1Inj'  using regular expression

2018-05-08 10:34:09 - [MESSAGE][PASSED] - All options with value '2' are selected in object 'Object Repository/Schedule2/Page_KDMC - CMS/select_--Select--Schedule 1Inj'  using regular expression

2018-05-08 10:34:09 - [TEST_STEP][PASSED] - selectOptionByIndex: All options with index in [54] are selected on object 'Object Repository/Schedule2/Page_KDMC - CMS/select_--Select--Albendazole'

2018-05-08 10:34:10 - [MESSAGE][PASSED] - All options with index in [54] are selected on object 'Object Repository/Schedule2/Page_KDMC - CMS/select_--Select--Albendazole'

2018-05-08 10:34:10 - [TEST_STEP][PASSED] - setText: Text '5000' is set on object 'Object Repository/Schedule2/Page_KDMC - CMS/input_txttreat'

2018-05-08 10:34:10 - [MESSAGE][PASSED] - Text '5000' is set on object 'Object Repository/Schedule2/Page_KDMC - CMS/input_txttreat'

2018-05-08 10:34:10 - [TEST_STEP][PASSED] - delay: Delayed 1 second(s)

2018-05-08 10:34:11 - [MESSAGE][PASSED] - Delayed 1 second(s)

2018-05-08 10:34:11 - [TEST_STEP][PASSED] - click: Object: 'Object Repository/Schedule2/Page_KDMC - CMS/button_Add' is clicked on

2018-05-08 10:34:11 - [MESSAGE][PASSED] - Object: 'Object Repository/Schedule2/Page_KDMC - CMS/button_Add' is clicked on

2018-05-08 10:34:11 - [TEST_STEP][PASSED] - selectOptionByValue: All options with value '2' are selected in object 'Object Repository/Schedule2/Page_KDMC - CMS/select_--Select--Schedule 1Inj'  using regular expression

2018-05-08 10:34:11 - [MESSAGE][PASSED] - All options with value '2' are selected in object 'Object Repository/Schedule2/Page_KDMC - CMS/select_--Select--Schedule 1Inj'  using regular expression

2018-05-08 10:34:11 - [TEST_STEP][PASSED] - selectOptionByIndex: All options with index in [55] are selected on object 'Object Repository/Schedule2/Page_KDMC - CMS/select_--Select--Albendazole'

2018-05-08 10:34:12 - [MESSAGE][PASSED] - All options with index in [55] are selected on object 'Object Repository/Schedule2/Page_KDMC - CMS/select_--Select--Albendazole'

2018-05-08 10:34:12 - [TEST_STEP][PASSED] - setText: Text '5000' is set on object 'Object Repository/Schedule2/Page_KDMC - CMS/input_txttreat'

2018-05-08 10:34:12 - [MESSAGE][PASSED] - Text '5000' is set on object 'Object Repository/Schedule2/Page_KDMC - CMS/input_txttreat'

2018-05-08 10:34:12 - [TEST_STEP][PASSED] - delay: Delayed 1 second(s)

2018-05-08 10:34:13 - [MESSAGE][PASSED] - Delayed 1 second(s)

2018-05-08 10:34:13 - [TEST_STEP][PASSED] - click: Object: 'Object Repository/Schedule2/Page_KDMC - CMS/button_Add' is clicked on

2018-05-08 10:34:13 - [MESSAGE][PASSED] - Object: 'Object Repository/Schedule2/Page_KDMC - CMS/button_Add' is clicked on

2018-05-08 10:34:13 - [TEST_STEP][PASSED] - selectOptionByValue: All options with value '2' are selected in object 'Object Repository/Schedule2/Page_KDMC - CMS/select_--Select--Schedule 1Inj'  using regular expression

2018-05-08 10:34:13 - [MESSAGE][PASSED] - All options with value '2' are selected in object 'Object Repository/Schedule2/Page_KDMC - CMS/select_--Select--Schedule 1Inj'  using regular expression

2018-05-08 10:34:13 - [TEST_STEP][PASSED] - selectOptionByIndex: All options with index in [56] are selected on object 'Object Repository/Schedule2/Page_KDMC - CMS/select_--Select--Albendazole'

2018-05-08 10:34:14 - [MESSAGE][PASSED] - All options with index in [56] are selected on object 'Object Repository/Schedule2/Page_KDMC - CMS/select_--Select--Albendazole'

2018-05-08 10:34:14 - [TEST_STEP][PASSED] - setText: Text '5000' is set on object 'Object Repository/Schedule2/Page_KDMC - CMS/input_txttreat'

2018-05-08 10:34:14 - [MESSAGE][PASSED] - Text '5000' is set on object 'Object Repository/Schedule2/Page_KDMC - CMS/input_txttreat'

2018-05-08 10:34:14 - [TEST_STEP][PASSED] - delay: Delayed 1 second(s)

2018-05-08 10:34:15 - [MESSAGE][PASSED] - Delayed 1 second(s)

2018-05-08 10:34:15 - [TEST_STEP][PASSED] - click: Object: 'Object Repository/Schedule2/Page_KDMC - CMS/button_Add' is clicked on

2018-05-08 10:34:15 - [MESSAGE][PASSED] - Object: 'Object Repository/Schedule2/Page_KDMC - CMS/button_Add' is clicked on

2018-05-08 10:34:15 - [TEST_STEP][PASSED] - selectOptionByValue: All options with value '2' are selected in object 'Object Repository/Schedule2/Page_KDMC - CMS/select_--Select--Schedule 1Inj'  using regular expression

2018-05-08 10:34:16 - [MESSAGE][PASSED] - All options with value '2' are selected in object 'Object Repository/Schedule2/Page_KDMC - CMS/select_--Select--Schedule 1Inj'  using regular expression

2018-05-08 10:34:16 - [TEST_STEP][PASSED] - selectOptionByIndex: All options with index in [57] are selected on object 'Object Repository/Schedule2/Page_KDMC - CMS/select_--Select--Albendazole'

2018-05-08 10:34:16 - [MESSAGE][PASSED] - All options with index in [57] are selected on object 'Object Repository/Schedule2/Page_KDMC - CMS/select_--Select--Albendazole'

2018-05-08 10:34:16 - [TEST_STEP][PASSED] - setText: Text '5000' is set on object 'Object Repository/Schedule2/Page_KDMC - CMS/input_txttreat'

2018-05-08 10:34:16 - [MESSAGE][PASSED] - Text '5000' is set on object 'Object Repository/Schedule2/Page_KDMC - CMS/input_txttreat'

2018-05-08 10:34:16 - [TEST_STEP][PASSED] - delay: Delayed 1 second(s)

2018-05-08 10:34:17 - [MESSAGE][PASSED] - Delayed 1 second(s)

2018-05-08 10:34:17 - [TEST_STEP][PASSED] - click: Object: 'Object Repository/Schedule2/Page_KDMC - CMS/button_Add' is clicked on

2018-05-08 10:34:17 - [MESSAGE][PASSED] - Object: 'Object Repository/Schedule2/Page_KDMC - CMS/button_Add' is clicked on

2018-05-08 10:34:17 - [TEST_STEP][PASSED] - selectOptionByValue: All options with value '2' are selected in object 'Object Repository/Schedule2/Page_KDMC - CMS/select_--Select--Schedule 1Inj'  using regular expression

2018-05-08 10:34:18 - [MESSAGE][PASSED] - All options with value '2' are selected in object 'Object Repository/Schedule2/Page_KDMC - CMS/select_--Select--Schedule 1Inj'  using regular expression

2018-05-08 10:34:18 - [TEST_STEP][PASSED] - selectOptionByIndex: All options with index in [58] are selected on object 'Object Repository/Schedule2/Page_KDMC - CMS/select_--Select--Albendazole'

2018-05-08 10:34:18 - [MESSAGE][PASSED] - All options with index in [58] are selected on object 'Object Repository/Schedule2/Page_KDMC - CMS/select_--Select--Albendazole'

2018-05-08 10:34:18 - [TEST_STEP][PASSED] - setText: Text '5000' is set on object 'Object Repository/Schedule2/Page_KDMC - CMS/input_txttreat'

2018-05-08 10:34:18 - [MESSAGE][PASSED] - Text '5000' is set on object 'Object Repository/Schedule2/Page_KDMC - CMS/input_txttreat'

2018-05-08 10:34:18 - [TEST_STEP][PASSED] - delay: Delayed 1 second(s)

2018-05-08 10:34:19 - [MESSAGE][PASSED] - Delayed 1 second(s)

2018-05-08 10:34:19 - [TEST_STEP][PASSED] - click: Object: 'Object Repository/Schedule2/Page_KDMC - CMS/button_Add' is clicked on

2018-05-08 10:34:20 - [MESSAGE][PASSED] - Object: 'Object Repository/Schedule2/Page_KDMC - CMS/button_Add' is clicked on

2018-05-08 10:34:20 - [TEST_STEP][PASSED] - selectOptionByValue: All options with value '2' are selected in object 'Object Repository/Schedule2/Page_KDMC - CMS/select_--Select--Schedule 1Inj'  using regular expression

2018-05-08 10:34:20 - [MESSAGE][PASSED] - All options with value '2' are selected in object 'Object Repository/Schedule2/Page_KDMC - CMS/select_--Select--Schedule 1Inj'  using regular expression

2018-05-08 10:34:20 - [TEST_STEP][PASSED] - selectOptionByIndex: All options with index in [59] are selected on object 'Object Repository/Schedule2/Page_KDMC - CMS/select_--Select--Albendazole'

2018-05-08 10:34:20 - [MESSAGE][PASSED] - All options with index in [59] are selected on object 'Object Repository/Schedule2/Page_KDMC - CMS/select_--Select--Albendazole'

2018-05-08 10:34:20 - [TEST_STEP][PASSED] - setText: Text '5000' is set on object 'Object Repository/Schedule2/Page_KDMC - CMS/input_txttreat'

2018-05-08 10:34:21 - [MESSAGE][PASSED] - Text '5000' is set on object 'Object Repository/Schedule2/Page_KDMC - CMS/input_txttreat'

2018-05-08 10:34:21 - [TEST_STEP][PASSED] - delay: Delayed 1 second(s)

2018-05-08 10:34:22 - [MESSAGE][PASSED] - Delayed 1 second(s)

2018-05-08 10:34:22 - [TEST_STEP][PASSED] - click: Object: 'Object Repository/Schedule2/Page_KDMC - CMS/button_Add' is clicked on

2018-05-08 10:34:22 - [MESSAGE][PASSED] - Object: 'Object Repository/Schedule2/Page_KDMC - CMS/button_Add' is clicked on

2018-05-08 10:34:22 - [TEST_STEP][PASSED] - selectOptionByValue: All options with value '2' are selected in object 'Object Repository/Schedule2/Page_KDMC - CMS/select_--Select--Schedule 1Inj'  using regular expression

2018-05-08 10:34:22 - [MESSAGE][PASSED] - All options with value '2' are selected in object 'Object Repository/Schedule2/Page_KDMC - CMS/select_--Select--Schedule 1Inj'  using regular expression

2018-05-08 10:34:22 - [TEST_STEP][PASSED] - selectOptionByIndex: All options with index in [60] are selected on object 'Object Repository/Schedule2/Page_KDMC - CMS/select_--Select--Albendazole'

2018-05-08 10:34:23 - [MESSAGE][PASSED] - All options with index in [60] are selected on object 'Object Repository/Schedule2/Page_KDMC - CMS/select_--Select--Albendazole'

2018-05-08 10:34:23 - [TEST_STEP][PASSED] - setText: Text '5000' is set on object 'Object Repository/Schedule2/Page_KDMC - CMS/input_txttreat'

2018-05-08 10:34:23 - [MESSAGE][PASSED] - Text '5000' is set on object 'Object Repository/Schedule2/Page_KDMC - CMS/input_txttreat'

2018-05-08 10:34:23 - [TEST_STEP][PASSED] - delay: Delayed 1 second(s)

2018-05-08 10:34:24 - [MESSAGE][PASSED] - Delayed 1 second(s)

2018-05-08 10:34:24 - [TEST_STEP][PASSED] - click: Object: 'Object Repository/Schedule2/Page_KDMC - CMS/button_Add' is clicked on

2018-05-08 10:34:24 - [MESSAGE][PASSED] - Object: 'Object Repository/Schedule2/Page_KDMC - CMS/button_Add' is clicked on

2018-05-08 10:34:24 - [TEST_STEP][PASSED] - selectOptionByValue: All options with value '2' are selected in object 'Object Repository/Schedule2/Page_KDMC - CMS/select_--Select--Schedule 1Inj'  using regular expression

2018-05-08 10:34:24 - [MESSAGE][PASSED] - All options with value '2' are selected in object 'Object Repository/Schedule2/Page_KDMC - CMS/select_--Select--Schedule 1Inj'  using regular expression

2018-05-08 10:34:24 - [TEST_STEP][PASSED] - selectOptionByIndex: All options with index in [61] are selected on object 'Object Repository/Schedule2/Page_KDMC - CMS/select_--Select--Albendazole'

2018-05-08 10:34:25 - [MESSAGE][PASSED] - All options with index in [61] are selected on object 'Object Repository/Schedule2/Page_KDMC - CMS/select_--Select--Albendazole'

2018-05-08 10:34:25 - [TEST_STEP][PASSED] - setText: Text '5000' is set on object 'Object Repository/Schedule2/Page_KDMC - CMS/input_txttreat'

2018-05-08 10:34:25 - [MESSAGE][PASSED] - Text '5000' is set on object 'Object Repository/Schedule2/Page_KDMC - CMS/input_txttreat'

2018-05-08 10:34:25 - [TEST_STEP][PASSED] - delay: Delayed 1 second(s)

2018-05-08 10:34:26 - [MESSAGE][PASSED] - Delayed 1 second(s)

2018-05-08 10:34:26 - [TEST_STEP][PASSED] - click: Object: 'Object Repository/Schedule2/Page_KDMC - CMS/button_Add' is clicked on

2018-05-08 10:34:26 - [MESSAGE][PASSED] - Object: 'Object Repository/Schedule2/Page_KDMC - CMS/button_Add' is clicked on

2018-05-08 10:34:26 - [TEST_STEP][PASSED] - selectOptionByValue: All options with value '2' are selected in object 'Object Repository/Schedule2/Page_KDMC - CMS/select_--Select--Schedule 1Inj'  using regular expression

2018-05-08 10:34:26 - [MESSAGE][PASSED] - All options with value '2' are selected in object 'Object Repository/Schedule2/Page_KDMC - CMS/select_--Select--Schedule 1Inj'  using regular expression

2018-05-08 10:34:26 - [TEST_STEP][PASSED] - selectOptionByIndex: All options with index in [62] are selected on object 'Object Repository/Schedule2/Page_KDMC - CMS/select_--Select--Albendazole'

2018-05-08 10:34:27 - [MESSAGE][PASSED] - All options with index in [62] are selected on object 'Object Repository/Schedule2/Page_KDMC - CMS/select_--Select--Albendazole'

2018-05-08 10:34:27 - [TEST_STEP][PASSED] - setText: Text '5000' is set on object 'Object Repository/Schedule2/Page_KDMC - CMS/input_txttreat'

2018-05-08 10:34:27 - [MESSAGE][PASSED] - Text '5000' is set on object 'Object Repository/Schedule2/Page_KDMC - CMS/input_txttreat'

2018-05-08 10:34:27 - [TEST_STEP][PASSED] - delay: Delayed 1 second(s)

2018-05-08 10:34:28 - [MESSAGE][PASSED] - Delayed 1 second(s)

2018-05-08 10:34:28 - [TEST_STEP][PASSED] - click: Object: 'Object Repository/Schedule2/Page_KDMC - CMS/button_Add' is clicked on

2018-05-08 10:34:28 - [MESSAGE][PASSED] - Object: 'Object Repository/Schedule2/Page_KDMC - CMS/button_Add' is clicked on

2018-05-08 10:34:28 - [TEST_STEP][PASSED] - selectOptionByValue: All options with value '2' are selected in object 'Object Repository/Schedule2/Page_KDMC - CMS/select_--Select--Schedule 1Inj'  using regular expression

2018-05-08 10:34:28 - [MESSAGE][PASSED] - All options with value '2' are selected in object 'Object Repository/Schedule2/Page_KDMC - CMS/select_--Select--Schedule 1Inj'  using regular expression

2018-05-08 10:34:28 - [TEST_STEP][PASSED] - selectOptionByIndex: All options with index in [63] are selected on object 'Object Repository/Schedule2/Page_KDMC - CMS/select_--Select--Albendazole'

2018-05-08 10:34:29 - [MESSAGE][PASSED] - All options with index in [63] are selected on object 'Object Repository/Schedule2/Page_KDMC - CMS/select_--Select--Albendazole'

2018-05-08 10:34:29 - [TEST_STEP][PASSED] - setText: Text '5000' is set on object 'Object Repository/Schedule2/Page_KDMC - CMS/input_txttreat'

2018-05-08 10:34:29 - [MESSAGE][PASSED] - Text '5000' is set on object 'Object Repository/Schedule2/Page_KDMC - CMS/input_txttreat'

2018-05-08 10:34:29 - [TEST_STEP][PASSED] - delay: Delayed 1 second(s)

2018-05-08 10:34:30 - [MESSAGE][PASSED] - Delayed 1 second(s)

2018-05-08 10:34:30 - [TEST_STEP][PASSED] - click: Object: 'Object Repository/Schedule2/Page_KDMC - CMS/button_Add' is clicked on

2018-05-08 10:34:30 - [MESSAGE][PASSED] - Object: 'Object Repository/Schedule2/Page_KDMC - CMS/button_Add' is clicked on

2018-05-08 10:34:30 - [TEST_STEP][PASSED] - selectOptionByValue: All options with value '2' are selected in object 'Object Repository/Schedule2/Page_KDMC - CMS/select_--Select--Schedule 1Inj'  using regular expression

2018-05-08 10:34:31 - [MESSAGE][PASSED] - All options with value '2' are selected in object 'Object Repository/Schedule2/Page_KDMC - CMS/select_--Select--Schedule 1Inj'  using regular expression

2018-05-08 10:34:31 - [TEST_STEP][PASSED] - selectOptionByIndex: All options with index in [64] are selected on object 'Object Repository/Schedule2/Page_KDMC - CMS/select_--Select--Albendazole'

2018-05-08 10:34:31 - [MESSAGE][PASSED] - All options with index in [64] are selected on object 'Object Repository/Schedule2/Page_KDMC - CMS/select_--Select--Albendazole'

2018-05-08 10:34:31 - [TEST_STEP][PASSED] - setText: Text '5000' is set on object 'Object Repository/Schedule2/Page_KDMC - CMS/input_txttreat'

2018-05-08 10:34:31 - [MESSAGE][PASSED] - Text '5000' is set on object 'Object Repository/Schedule2/Page_KDMC - CMS/input_txttreat'

2018-05-08 10:34:31 - [TEST_STEP][PASSED] - delay: Delayed 1 second(s)

2018-05-08 10:34:32 - [MESSAGE][PASSED] - Delayed 1 second(s)

2018-05-08 10:34:32 - [TEST_STEP][PASSED] - click: Object: 'Object Repository/Schedule2/Page_KDMC - CMS/button_Add' is clicked on

2018-05-08 10:34:33 - [MESSAGE][PASSED] - Object: 'Object Repository/Schedule2/Page_KDMC - CMS/button_Add' is clicked on

2018-05-08 10:34:33 - [TEST_STEP][PASSED] - selectOptionByValue: All options with value '2' are selected in object 'Object Repository/Schedule2/Page_KDMC - CMS/select_--Select--Schedule 1Inj'  using regular expression

2018-05-08 10:34:33 - [MESSAGE][PASSED] - All options with value '2' are selected in object 'Object Repository/Schedule2/Page_KDMC - CMS/select_--Select--Schedule 1Inj'  using regular expression

2018-05-08 10:34:33 - [TEST_STEP][PASSED] - selectOptionByIndex: All options with index in [65] are selected on object 'Object Repository/Schedule2/Page_KDMC - CMS/select_--Select--Albendazole'

2018-05-08 10:34:34 - [MESSAGE][PASSED] - All options with index in [65] are selected on object 'Object Repository/Schedule2/Page_KDMC - CMS/select_--Select--Albendazole'

2018-05-08 10:34:34 - [TEST_STEP][PASSED] - setText: Text '5000' is set on object 'Object Repository/Schedule2/Page_KDMC - CMS/input_txttreat'

2018-05-08 10:34:34 - [MESSAGE][PASSED] - Text '5000' is set on object 'Object Repository/Schedule2/Page_KDMC - CMS/input_txttreat'

2018-05-08 10:34:34 - [TEST_STEP][PASSED] - delay: Delayed 1 second(s)

2018-05-08 10:34:35 - [MESSAGE][PASSED] - Delayed 1 second(s)

2018-05-08 10:34:35 - [TEST_STEP][PASSED] - click: Object: 'Object Repository/Schedule2/Page_KDMC - CMS/button_Add' is clicked on

2018-05-08 10:34:35 - [MESSAGE][PASSED] - Object: 'Object Repository/Schedule2/Page_KDMC - CMS/button_Add' is clicked on

2018-05-08 10:34:35 - [TEST_STEP][PASSED] - selectOptionByValue: All options with value '2' are selected in object 'Object Repository/Schedule2/Page_KDMC - CMS/select_--Select--Schedule 1Inj'  using regular expression

2018-05-08 10:34:35 - [MESSAGE][PASSED] - All options with value '2' are selected in object 'Object Repository/Schedule2/Page_KDMC - CMS/select_--Select--Schedule 1Inj'  using regular expression

2018-05-08 10:34:35 - [TEST_STEP][PASSED] - selectOptionByIndex: All options with index in [66] are selected on object 'Object Repository/Schedule2/Page_KDMC - CMS/select_--Select--Albendazole'

2018-05-08 10:34:36 - [MESSAGE][PASSED] - All options with index in [66] are selected on object 'Object Repository/Schedule2/Page_KDMC - CMS/select_--Select--Albendazole'

2018-05-08 10:34:36 - [TEST_STEP][PASSED] - setText: Text '5000' is set on object 'Object Repository/Schedule2/Page_KDMC - CMS/input_txttreat'

2018-05-08 10:34:36 - [MESSAGE][PASSED] - Text '5000' is set on object 'Object Repository/Schedule2/Page_KDMC - CMS/input_txttreat'

2018-05-08 10:34:36 - [TEST_STEP][PASSED] - delay: Delayed 1 second(s)

2018-05-08 10:34:37 - [MESSAGE][PASSED] - Delayed 1 second(s)

2018-05-08 10:34:37 - [TEST_STEP][PASSED] - click: Object: 'Object Repository/Schedule2/Page_KDMC - CMS/button_Add' is clicked on

2018-05-08 10:34:37 - [MESSAGE][PASSED] - Object: 'Object Repository/Schedule2/Page_KDMC - CMS/button_Add' is clicked on

2018-05-08 10:34:37 - [TEST_STEP][PASSED] - selectOptionByValue: All options with value '2' are selected in object 'Object Repository/Schedule2/Page_KDMC - CMS/select_--Select--Schedule 1Inj'  using regular expression

2018-05-08 10:34:37 - [MESSAGE][PASSED] - All options with value '2' are selected in object 'Object Repository/Schedule2/Page_KDMC - CMS/select_--Select--Schedule 1Inj'  using regular expression

2018-05-08 10:34:37 - [TEST_STEP][PASSED] - selectOptionByIndex: All options with index in [67] are selected on object 'Object Repository/Schedule2/Page_KDMC - CMS/select_--Select--Albendazole'

2018-05-08 10:34:38 - [MESSAGE][PASSED] - All options with index in [67] are selected on object 'Object Repository/Schedule2/Page_KDMC - CMS/select_--Select--Albendazole'

2018-05-08 10:34:38 - [TEST_STEP][PASSED] - setText: Text '5000' is set on object 'Object Repository/Schedule2/Page_KDMC - CMS/input_txttreat'

2018-05-08 10:34:38 - [MESSAGE][PASSED] - Text '5000' is set on object 'Object Repository/Schedule2/Page_KDMC - CMS/input_txttreat'

2018-05-08 10:34:38 - [TEST_STEP][PASSED] - delay: Delayed 1 second(s)

2018-05-08 10:34:39 - [MESSAGE][PASSED] - Delayed 1 second(s)

2018-05-08 10:34:39 - [TEST_STEP][PASSED] - click: Object: 'Object Repository/Schedule2/Page_KDMC - CMS/button_Add' is clicked on

2018-05-08 10:34:39 - [MESSAGE][PASSED] - Object: 'Object Repository/Schedule2/Page_KDMC - CMS/button_Add' is clicked on

2018-05-08 10:34:39 - [TEST_STEP][PASSED] - selectOptionByValue: All options with value '2' are selected in object 'Object Repository/Schedule2/Page_KDMC - CMS/select_--Select--Schedule 1Inj'  using regular expression

2018-05-08 10:34:39 - [MESSAGE][PASSED] - All options with value '2' are selected in object 'Object Repository/Schedule2/Page_KDMC - CMS/select_--Select--Schedule 1Inj'  using regular expression

2018-05-08 10:34:39 - [TEST_STEP][PASSED] - selectOptionByIndex: All options with index in [68] are selected on object 'Object Repository/Schedule2/Page_KDMC - CMS/select_--Select--Albendazole'

2018-05-08 10:34:40 - [MESSAGE][PASSED] - All options with index in [68] are selected on object 'Object Repository/Schedule2/Page_KDMC - CMS/select_--Select--Albendazole'

2018-05-08 10:34:40 - [TEST_STEP][PASSED] - setText: Text '5000' is set on object 'Object Repository/Schedule2/Page_KDMC - CMS/input_txttreat'

2018-05-08 10:34:40 - [MESSAGE][PASSED] - Text '5000' is set on object 'Object Repository/Schedule2/Page_KDMC - CMS/input_txttreat'

2018-05-08 10:34:40 - [TEST_STEP][PASSED] - delay: Delayed 1 second(s)

2018-05-08 10:34:41 - [MESSAGE][PASSED] - Delayed 1 second(s)

2018-05-08 10:34:41 - [TEST_STEP][PASSED] - click: Object: 'Object Repository/Schedule2/Page_KDMC - CMS/button_Add' is clicked on

2018-05-08 10:34:41 - [MESSAGE][PASSED] - Object: 'Object Repository/Schedule2/Page_KDMC - CMS/button_Add' is clicked on

2018-05-08 10:34:41 - [TEST_STEP][PASSED] - selectOptionByValue: All options with value '2' are selected in object 'Object Repository/Schedule2/Page_KDMC - CMS/select_--Select--Schedule 1Inj'  using regular expression

2018-05-08 10:34:42 - [MESSAGE][PASSED] - All options with value '2' are selected in object 'Object Repository/Schedule2/Page_KDMC - CMS/select_--Select--Schedule 1Inj'  using regular expression

2018-05-08 10:34:42 - [TEST_STEP][PASSED] - selectOptionByIndex: All options with index in [69] are selected on object 'Object Repository/Schedule2/Page_KDMC - CMS/select_--Select--Albendazole'

2018-05-08 10:34:42 - [MESSAGE][PASSED] - All options with index in [69] are selected on object 'Object Repository/Schedule2/Page_KDMC - CMS/select_--Select--Albendazole'

2018-05-08 10:34:42 - [TEST_STEP][PASSED] - setText: Text '5000' is set on object 'Object Repository/Schedule2/Page_KDMC - CMS/input_txttreat'

2018-05-08 10:34:42 - [MESSAGE][PASSED] - Text '5000' is set on object 'Object Repository/Schedule2/Page_KDMC - CMS/input_txttreat'

2018-05-08 10:34:42 - [TEST_STEP][PASSED] - delay: Delayed 1 second(s)

2018-05-08 10:34:43 - [MESSAGE][PASSED] - Delayed 1 second(s)

2018-05-08 10:34:43 - [TEST_STEP][PASSED] - click: Object: 'Object Repository/Schedule2/Page_KDMC - CMS/button_Add' is clicked on

2018-05-08 10:34:43 - [MESSAGE][PASSED] - Object: 'Object Repository/Schedule2/Page_KDMC - CMS/button_Add' is clicked on

2018-05-08 10:34:43 - [TEST_STEP][PASSED] - selectOptionByValue: All options with value '2' are selected in object 'Object Repository/Schedule2/Page_KDMC - CMS/select_--Select--Schedule 1Inj'  using regular expression

2018-05-08 10:34:44 - [MESSAGE][PASSED] - All options with value '2' are selected in object 'Object Repository/Schedule2/Page_KDMC - CMS/select_--Select--Schedule 1Inj'  using regular expression

2018-05-08 10:34:44 - [TEST_STEP][PASSED] - selectOptionByIndex: All options with index in [70] are selected on object 'Object Repository/Schedule2/Page_KDMC - CMS/select_--Select--Albendazole'

2018-05-08 10:34:44 - [MESSAGE][PASSED] - All options with index in [70] are selected on object 'Object Repository/Schedule2/Page_KDMC - CMS/select_--Select--Albendazole'

2018-05-08 10:34:44 - [TEST_STEP][PASSED] - setText: Text '5000' is set on object 'Object Repository/Schedule2/Page_KDMC - CMS/input_txttreat'

2018-05-08 10:34:44 - [MESSAGE][PASSED] - Text '5000' is set on object 'Object Repository/Schedule2/Page_KDMC - CMS/input_txttreat'

2018-05-08 10:34:44 - [TEST_STEP][PASSED] - delay: Delayed 1 second(s)

2018-05-08 10:34:45 - [MESSAGE][PASSED] - Delayed 1 second(s)

2018-05-08 10:34:45 - [TEST_STEP][PASSED] - click: Object: 'Object Repository/Schedule2/Page_KDMC - CMS/button_Add' is clicked on

2018-05-08 10:34:46 - [MESSAGE][PASSED] - Object: 'Object Repository/Schedule2/Page_KDMC - CMS/button_Add' is clicked on

2018-05-08 10:34:46 - [TEST_STEP][PASSED] - selectOptionByValue: All options with value '2' are selected in object 'Object Repository/Schedule2/Page_KDMC - CMS/select_--Select--Schedule 1Inj'  using regular expression

2018-05-08 10:34:46 - [MESSAGE][PASSED] - All options with value '2' are selected in object 'Object Repository/Schedule2/Page_KDMC - CMS/select_--Select--Schedule 1Inj'  using regular expression

2018-05-08 10:34:46 - [TEST_STEP][PASSED] - selectOptionByIndex: All options with index in [71] are selected on object 'Object Repository/Schedule2/Page_KDMC - CMS/select_--Select--Albendazole'

2018-05-08 10:34:47 - [MESSAGE][PASSED] - All options with index in [71] are selected on object 'Object Repository/Schedule2/Page_KDMC - CMS/select_--Select--Albendazole'

2018-05-08 10:34:47 - [TEST_STEP][PASSED] - setText: Text '5000' is set on object 'Object Repository/Schedule2/Page_KDMC - CMS/input_txttreat'

2018-05-08 10:34:47 - [MESSAGE][PASSED] - Text '5000' is set on object 'Object Repository/Schedule2/Page_KDMC - CMS/input_txttreat'

2018-05-08 10:34:47 - [TEST_STEP][PASSED] - delay: Delayed 1 second(s)

2018-05-08 10:34:48 - [MESSAGE][PASSED] - Delayed 1 second(s)

2018-05-08 10:34:48 - [TEST_STEP][PASSED] - click: Object: 'Object Repository/Schedule2/Page_KDMC - CMS/button_Add' is clicked on

2018-05-08 10:34:48 - [MESSAGE][PASSED] - Object: 'Object Repository/Schedule2/Page_KDMC - CMS/button_Add' is clicked on

2018-05-08 10:34:48 - [TEST_STEP][PASSED] - selectOptionByValue: All options with value '2' are selected in object 'Object Repository/Schedule2/Page_KDMC - CMS/select_--Select--Schedule 1Inj'  using regular expression

2018-05-08 10:34:48 - [MESSAGE][PASSED] - All options with value '2' are selected in object 'Object Repository/Schedule2/Page_KDMC - CMS/select_--Select--Schedule 1Inj'  using regular expression

2018-05-08 10:34:48 - [TEST_STEP][PASSED] - selectOptionByIndex: All options with index in [72] are selected on object 'Object Repository/Schedule2/Page_KDMC - CMS/select_--Select--Albendazole'

2018-05-08 10:34:49 - [MESSAGE][PASSED] - All options with index in [72] are selected on object 'Object Repository/Schedule2/Page_KDMC - CMS/select_--Select--Albendazole'

2018-05-08 10:34:49 - [TEST_STEP][PASSED] - setText: Text '5000' is set on object 'Object Repository/Schedule2/Page_KDMC - CMS/input_txttreat'

2018-05-08 10:34:49 - [MESSAGE][PASSED] - Text '5000' is set on object 'Object Repository/Schedule2/Page_KDMC - CMS/input_txttreat'

2018-05-08 10:34:49 - [TEST_STEP][PASSED] - delay: Delayed 1 second(s)

2018-05-08 10:34:50 - [MESSAGE][PASSED] - Delayed 1 second(s)

2018-05-08 10:34:50 - [TEST_STEP][PASSED] - click: Object: 'Object Repository/Schedule2/Page_KDMC - CMS/button_Add' is clicked on

2018-05-08 10:34:50 - [MESSAGE][PASSED] - Object: 'Object Repository/Schedule2/Page_KDMC - CMS/button_Add' is clicked on

2018-05-08 10:34:50 - [TEST_STEP][PASSED] - delay: Delayed 3 second(s)

2018-05-08 10:34:53 - [MESSAGE][PASSED] - Delayed 3 second(s)

2018-05-08 10:34:53 - [TEST_STEP][PASSED] - scrollToElement: Scroll to object 'Object Repository/Schedule2/Page_KDMC - CMS/input_btnsave' successfully

2018-05-08 10:34:53 - [MESSAGE][PASSED] - Scroll to object 'Object Repository/Schedule2/Page_KDMC - CMS/input_btnsave' successfully

2018-05-08 10:34:53 - [TEST_STEP][PASSED] - click: Object: 'Object Repository/Schedule2/Page_KDMC - CMS/input_btnsave' is clicked on

2018-05-08 10:34:53 - [MESSAGE][PASSED] - Object: 'Object Repository/Schedule2/Page_KDMC - CMS/input_btnsave' is clicked on

2018-05-08 10:34:53 - [TEST_STEP][PASSED] - waitForElementPresent: Object 'Object Repository/Schedule2/Page_KDMC - CMS/button_OK' is present

2018-05-08 10:34:54 - [MESSAGE][PASSED] - Object 'Object Repository/Schedule2/Page_KDMC - CMS/button_OK' is present

2018-05-08 10:34:54 - [TEST_STEP][PASSED] - click: Object: 'Object Repository/Schedule2/Page_KDMC - CMS/button_OK' is clicked on

2018-05-08 10:34:55 - [MESSAGE][PASSED] - Object: 'Object Repository/Schedule2/Page_KDMC - CMS/button_OK' is clicked on

2018-05-08 10:34:55 - [TEST_STEP][PASSED] - delay: Delayed 3 second(s)

2018-05-08 10:34:58 - [MESSAGE][PASSED] - Delayed 3 second(s)

2018-05-08 10:34:58 - [TEST_STEP][PASSED] - click: Object: 'Object Repository/Schedule2/Page_KDMC - CMS/a_dropdown-toggle' is clicked on

2018-05-08 10:34:58 - [MESSAGE][PASSED] - Object: 'Object Repository/Schedule2/Page_KDMC - CMS/a_dropdown-toggle' is clicked on

2018-05-08 10:34:58 - [TEST_STEP][PASSED] - click: Object: 'Object Repository/Schedule2/Page_KDMC - CMS/a_Sign out' is clicked on

2018-05-08 10:34:59 - [MESSAGE][PASSED] - Object: 'Object Repository/Schedule2/Page_KDMC - CMS/a_Sign out' is clicked on

2018-05-08 10:34:59 - [TEST_STEP][PASSED] - closeBrowser: Browser is closed

2018-05-08 10:34:59 - [MESSAGE][PASSED] - Browser is closed]]></system-out>
         <system-err><![CDATA[]]></system-err>
      </testcase>
      <testcase name="Test Cases/MOH TO CMS REQUEST/MohRequestSchedule3" classname="Test Cases/MOH TO CMS REQUEST/MohRequestSchedule3" status="PASSED">
         <system-out><![CDATA[2018-05-08 10:34:59 - [TEST_CASE][PASSED] - Test Cases/MOH TO CMS REQUEST/MohRequestSchedule3: Test Cases/MOH TO CMS REQUEST/MohRequestSchedule3

2018-05-08 10:34:59 - [TEST_STEP][PASSED] - openBrowser: Browser is opened with url: ''

2018-05-08 10:35:01 - [MESSAGE][PASSED] - Browser is opened with url: ''

2018-05-08 10:35:01 - [TEST_STEP][PASSED] - navigateToUrl: Navigate to 'http://192.168.137.1/multihospital_new/' successfully

2018-05-08 10:35:09 - [MESSAGE][PASSED] - Navigate to 'http://192.168.137.1/multihospital_new/' successfully

2018-05-08 10:35:09 - [TEST_STEP][PASSED] - maximizeWindow: Current window maximized

2018-05-08 10:35:10 - [MESSAGE][PASSED] - Current window maximized

2018-05-08 10:35:10 - [TEST_STEP][PASSED] - click: Object: 'Object Repository/Schedule3/Page_KDMC/a_CMS' is clicked on

2018-05-08 10:35:11 - [MESSAGE][PASSED] - Object: 'Object Repository/Schedule3/Page_KDMC/a_CMS' is clicked on

2018-05-08 10:35:11 - [TEST_STEP][PASSED] - setText: Text 'bala' is set on object 'Object Repository/Schedule3/Page_CMS login/input_txtusername'

2018-05-08 10:35:11 - [MESSAGE][PASSED] - Text 'bala' is set on object 'Object Repository/Schedule3/Page_CMS login/input_txtusername'

2018-05-08 10:35:11 - [TEST_STEP][PASSED] - setText: Text '123' is set on object 'Object Repository/Schedule3/Page_CMS login/input_txtpassword'

2018-05-08 10:35:11 - [MESSAGE][PASSED] - Text '123' is set on object 'Object Repository/Schedule3/Page_CMS login/input_txtpassword'

2018-05-08 10:35:11 - [TEST_STEP][PASSED] - delay: Delayed 4 second(s)

2018-05-08 10:35:15 - [MESSAGE][PASSED] - Delayed 4 second(s)

2018-05-08 10:35:15 - [TEST_STEP][PASSED] - click: Object: 'Object Repository/Schedule3/Page_CMS login/button_Sign in' is clicked on

2018-05-08 10:35:17 - [MESSAGE][PASSED] - Object: 'Object Repository/Schedule3/Page_CMS login/button_Sign in' is clicked on

2018-05-08 10:35:17 - [TEST_STEP][PASSED] - click: Object: 'Object Repository/Schedule3/Page_KDMC - CMS/a_Request to MOH' is clicked on

2018-05-08 10:35:22 - [MESSAGE][PASSED] - Object: 'Object Repository/Schedule3/Page_KDMC - CMS/a_Request to MOH' is clicked on

2018-05-08 10:35:22 - [TEST_STEP][PASSED] - selectOptionByIndex: All options with index in [2] are selected on object 'Object Repository/Schedule3/Page_KDMC - CMS/select_--Select--'

2018-05-08 10:35:22 - [MESSAGE][PASSED] - All options with index in [2] are selected on object 'Object Repository/Schedule3/Page_KDMC - CMS/select_--Select--'

2018-05-08 10:35:22 - [TEST_STEP][PASSED] - selectOptionByIndex: All options with index in [3] are selected on object 'Object Repository/Schedule3/Page_KDMC - CMS/select_--Select--Schedule 1Inj'

2018-05-08 10:35:23 - [MESSAGE][PASSED] - All options with index in [3] are selected on object 'Object Repository/Schedule3/Page_KDMC - CMS/select_--Select--Schedule 1Inj'

2018-05-08 10:35:23 - [TEST_STEP][PASSED] - Statement - selectedoptions = com.kms.katalon.core.webui.keyword.WebUiBuiltInKeywords.getNumberOfTotalOption(com.kms.katalon.core.testobject.ObjectRepository.findTestObject(Schedule3/Page_KDMC - CMS/select_--Select--Amoxycillin 2)): 37 options of object 'Object Repository/Schedule3/Page_KDMC - CMS/select_--Select--Amoxycillin 2' counted

2018-05-08 10:35:23 - [MESSAGE][PASSED] - 37 options of object 'Object Repository/Schedule3/Page_KDMC - CMS/select_--Select--Amoxycillin 2' counted

2018-05-08 10:35:23 - [TEST_STEP][PASSED] - Statement - For ([i = 1, i < selectedoptions, (i++)]): Object: 'Object Repository/Schedule3/Page_KDMC - CMS/button_Add' is clicked on

2018-05-08 10:35:23 - [TEST_STEP][PASSED] - selectOptionByIndex: All options with index in [3] are selected on object 'Object Repository/Schedule3/Page_KDMC - CMS/select_--Select--Schedule 1Inj'

2018-05-08 10:35:23 - [MESSAGE][PASSED] - All options with index in [3] are selected on object 'Object Repository/Schedule3/Page_KDMC - CMS/select_--Select--Schedule 1Inj'

2018-05-08 10:35:23 - [TEST_STEP][PASSED] - selectOptionByIndex: All options with index in [1] are selected on object 'Object Repository/Schedule3/Page_KDMC - CMS/select_--Select--Amoxycillin 2'

2018-05-08 10:35:23 - [MESSAGE][PASSED] - All options with index in [1] are selected on object 'Object Repository/Schedule3/Page_KDMC - CMS/select_--Select--Amoxycillin 2'

2018-05-08 10:35:23 - [TEST_STEP][PASSED] - setText: Text '500' is set on object 'Object Repository/Schedule3/Page_KDMC - CMS/input_txttreat'

2018-05-08 10:35:23 - [MESSAGE][PASSED] - Text '500' is set on object 'Object Repository/Schedule3/Page_KDMC - CMS/input_txttreat'

2018-05-08 10:35:23 - [TEST_STEP][PASSED] - delay: Delayed 1 second(s)

2018-05-08 10:35:24 - [MESSAGE][PASSED] - Delayed 1 second(s)

2018-05-08 10:35:24 - [TEST_STEP][PASSED] - click: Object: 'Object Repository/Schedule3/Page_KDMC - CMS/button_Add' is clicked on

2018-05-08 10:35:24 - [MESSAGE][PASSED] - Object: 'Object Repository/Schedule3/Page_KDMC - CMS/button_Add' is clicked on

2018-05-08 10:35:24 - [TEST_STEP][PASSED] - selectOptionByIndex: All options with index in [3] are selected on object 'Object Repository/Schedule3/Page_KDMC - CMS/select_--Select--Schedule 1Inj'

2018-05-08 10:35:24 - [MESSAGE][PASSED] - All options with index in [3] are selected on object 'Object Repository/Schedule3/Page_KDMC - CMS/select_--Select--Schedule 1Inj'

2018-05-08 10:35:24 - [TEST_STEP][PASSED] - selectOptionByIndex: All options with index in [2] are selected on object 'Object Repository/Schedule3/Page_KDMC - CMS/select_--Select--Amoxycillin 2'

2018-05-08 10:35:25 - [MESSAGE][PASSED] - All options with index in [2] are selected on object 'Object Repository/Schedule3/Page_KDMC - CMS/select_--Select--Amoxycillin 2'

2018-05-08 10:35:25 - [TEST_STEP][PASSED] - setText: Text '500' is set on object 'Object Repository/Schedule3/Page_KDMC - CMS/input_txttreat'

2018-05-08 10:35:25 - [MESSAGE][PASSED] - Text '500' is set on object 'Object Repository/Schedule3/Page_KDMC - CMS/input_txttreat'

2018-05-08 10:35:25 - [TEST_STEP][PASSED] - delay: Delayed 1 second(s)

2018-05-08 10:35:26 - [MESSAGE][PASSED] - Delayed 1 second(s)

2018-05-08 10:35:26 - [TEST_STEP][PASSED] - click: Object: 'Object Repository/Schedule3/Page_KDMC - CMS/button_Add' is clicked on

2018-05-08 10:35:26 - [MESSAGE][PASSED] - Object: 'Object Repository/Schedule3/Page_KDMC - CMS/button_Add' is clicked on

2018-05-08 10:35:26 - [TEST_STEP][PASSED] - selectOptionByIndex: All options with index in [3] are selected on object 'Object Repository/Schedule3/Page_KDMC - CMS/select_--Select--Schedule 1Inj'

2018-05-08 10:35:26 - [MESSAGE][PASSED] - All options with index in [3] are selected on object 'Object Repository/Schedule3/Page_KDMC - CMS/select_--Select--Schedule 1Inj'

2018-05-08 10:35:26 - [TEST_STEP][PASSED] - selectOptionByIndex: All options with index in [3] are selected on object 'Object Repository/Schedule3/Page_KDMC - CMS/select_--Select--Amoxycillin 2'

2018-05-08 10:35:26 - [MESSAGE][PASSED] - All options with index in [3] are selected on object 'Object Repository/Schedule3/Page_KDMC - CMS/select_--Select--Amoxycillin 2'

2018-05-08 10:35:26 - [TEST_STEP][PASSED] - setText: Text '500' is set on object 'Object Repository/Schedule3/Page_KDMC - CMS/input_txttreat'

2018-05-08 10:35:27 - [MESSAGE][PASSED] - Text '500' is set on object 'Object Repository/Schedule3/Page_KDMC - CMS/input_txttreat'

2018-05-08 10:35:27 - [TEST_STEP][PASSED] - delay: Delayed 1 second(s)

2018-05-08 10:35:28 - [MESSAGE][PASSED] - Delayed 1 second(s)

2018-05-08 10:35:28 - [TEST_STEP][PASSED] - click: Object: 'Object Repository/Schedule3/Page_KDMC - CMS/button_Add' is clicked on

2018-05-08 10:35:28 - [MESSAGE][PASSED] - Object: 'Object Repository/Schedule3/Page_KDMC - CMS/button_Add' is clicked on

2018-05-08 10:35:28 - [TEST_STEP][PASSED] - selectOptionByIndex: All options with index in [3] are selected on object 'Object Repository/Schedule3/Page_KDMC - CMS/select_--Select--Schedule 1Inj'

2018-05-08 10:35:28 - [MESSAGE][PASSED] - All options with index in [3] are selected on object 'Object Repository/Schedule3/Page_KDMC - CMS/select_--Select--Schedule 1Inj'

2018-05-08 10:35:28 - [TEST_STEP][PASSED] - selectOptionByIndex: All options with index in [4] are selected on object 'Object Repository/Schedule3/Page_KDMC - CMS/select_--Select--Amoxycillin 2'

2018-05-08 10:35:29 - [MESSAGE][PASSED] - All options with index in [4] are selected on object 'Object Repository/Schedule3/Page_KDMC - CMS/select_--Select--Amoxycillin 2'

2018-05-08 10:35:29 - [TEST_STEP][PASSED] - setText: Text '500' is set on object 'Object Repository/Schedule3/Page_KDMC - CMS/input_txttreat'

2018-05-08 10:35:29 - [MESSAGE][PASSED] - Text '500' is set on object 'Object Repository/Schedule3/Page_KDMC - CMS/input_txttreat'

2018-05-08 10:35:29 - [TEST_STEP][PASSED] - delay: Delayed 1 second(s)

2018-05-08 10:35:30 - [MESSAGE][PASSED] - Delayed 1 second(s)

2018-05-08 10:35:30 - [TEST_STEP][PASSED] - click: Object: 'Object Repository/Schedule3/Page_KDMC - CMS/button_Add' is clicked on

2018-05-08 10:35:30 - [MESSAGE][PASSED] - Object: 'Object Repository/Schedule3/Page_KDMC - CMS/button_Add' is clicked on

2018-05-08 10:35:30 - [TEST_STEP][PASSED] - selectOptionByIndex: All options with index in [3] are selected on object 'Object Repository/Schedule3/Page_KDMC - CMS/select_--Select--Schedule 1Inj'

2018-05-08 10:35:30 - [MESSAGE][PASSED] - All options with index in [3] are selected on object 'Object Repository/Schedule3/Page_KDMC - CMS/select_--Select--Schedule 1Inj'

2018-05-08 10:35:30 - [TEST_STEP][PASSED] - selectOptionByIndex: All options with index in [5] are selected on object 'Object Repository/Schedule3/Page_KDMC - CMS/select_--Select--Amoxycillin 2'

2018-05-08 10:35:30 - [MESSAGE][PASSED] - All options with index in [5] are selected on object 'Object Repository/Schedule3/Page_KDMC - CMS/select_--Select--Amoxycillin 2'

2018-05-08 10:35:30 - [TEST_STEP][PASSED] - setText: Text '500' is set on object 'Object Repository/Schedule3/Page_KDMC - CMS/input_txttreat'

2018-05-08 10:35:30 - [MESSAGE][PASSED] - Text '500' is set on object 'Object Repository/Schedule3/Page_KDMC - CMS/input_txttreat'

2018-05-08 10:35:30 - [TEST_STEP][PASSED] - delay: Delayed 1 second(s)

2018-05-08 10:35:31 - [MESSAGE][PASSED] - Delayed 1 second(s)

2018-05-08 10:35:31 - [TEST_STEP][PASSED] - click: Object: 'Object Repository/Schedule3/Page_KDMC - CMS/button_Add' is clicked on

2018-05-08 10:35:31 - [MESSAGE][PASSED] - Object: 'Object Repository/Schedule3/Page_KDMC - CMS/button_Add' is clicked on

2018-05-08 10:35:31 - [TEST_STEP][PASSED] - selectOptionByIndex: All options with index in [3] are selected on object 'Object Repository/Schedule3/Page_KDMC - CMS/select_--Select--Schedule 1Inj'

2018-05-08 10:35:31 - [MESSAGE][PASSED] - All options with index in [3] are selected on object 'Object Repository/Schedule3/Page_KDMC - CMS/select_--Select--Schedule 1Inj'

2018-05-08 10:35:31 - [TEST_STEP][PASSED] - selectOptionByIndex: All options with index in [6] are selected on object 'Object Repository/Schedule3/Page_KDMC - CMS/select_--Select--Amoxycillin 2'

2018-05-08 10:35:31 - [MESSAGE][PASSED] - All options with index in [6] are selected on object 'Object Repository/Schedule3/Page_KDMC - CMS/select_--Select--Amoxycillin 2'

2018-05-08 10:35:31 - [TEST_STEP][PASSED] - setText: Text '500' is set on object 'Object Repository/Schedule3/Page_KDMC - CMS/input_txttreat'

2018-05-08 10:35:31 - [MESSAGE][PASSED] - Text '500' is set on object 'Object Repository/Schedule3/Page_KDMC - CMS/input_txttreat'

2018-05-08 10:35:31 - [TEST_STEP][PASSED] - delay: Delayed 1 second(s)

2018-05-08 10:35:32 - [MESSAGE][PASSED] - Delayed 1 second(s)

2018-05-08 10:35:32 - [TEST_STEP][PASSED] - click: Object: 'Object Repository/Schedule3/Page_KDMC - CMS/button_Add' is clicked on

2018-05-08 10:35:33 - [MESSAGE][PASSED] - Object: 'Object Repository/Schedule3/Page_KDMC - CMS/button_Add' is clicked on

2018-05-08 10:35:33 - [TEST_STEP][PASSED] - selectOptionByIndex: All options with index in [3] are selected on object 'Object Repository/Schedule3/Page_KDMC - CMS/select_--Select--Schedule 1Inj'

2018-05-08 10:35:33 - [MESSAGE][PASSED] - All options with index in [3] are selected on object 'Object Repository/Schedule3/Page_KDMC - CMS/select_--Select--Schedule 1Inj'

2018-05-08 10:35:33 - [TEST_STEP][PASSED] - selectOptionByIndex: All options with index in [7] are selected on object 'Object Repository/Schedule3/Page_KDMC - CMS/select_--Select--Amoxycillin 2'

2018-05-08 10:35:33 - [MESSAGE][PASSED] - All options with index in [7] are selected on object 'Object Repository/Schedule3/Page_KDMC - CMS/select_--Select--Amoxycillin 2'

2018-05-08 10:35:33 - [TEST_STEP][PASSED] - setText: Text '500' is set on object 'Object Repository/Schedule3/Page_KDMC - CMS/input_txttreat'

2018-05-08 10:35:33 - [MESSAGE][PASSED] - Text '500' is set on object 'Object Repository/Schedule3/Page_KDMC - CMS/input_txttreat'

2018-05-08 10:35:33 - [TEST_STEP][PASSED] - delay: Delayed 1 second(s)

2018-05-08 10:35:34 - [MESSAGE][PASSED] - Delayed 1 second(s)

2018-05-08 10:35:34 - [TEST_STEP][PASSED] - click: Object: 'Object Repository/Schedule3/Page_KDMC - CMS/button_Add' is clicked on

2018-05-08 10:35:34 - [MESSAGE][PASSED] - Object: 'Object Repository/Schedule3/Page_KDMC - CMS/button_Add' is clicked on

2018-05-08 10:35:34 - [TEST_STEP][PASSED] - selectOptionByIndex: All options with index in [3] are selected on object 'Object Repository/Schedule3/Page_KDMC - CMS/select_--Select--Schedule 1Inj'

2018-05-08 10:35:34 - [MESSAGE][PASSED] - All options with index in [3] are selected on object 'Object Repository/Schedule3/Page_KDMC - CMS/select_--Select--Schedule 1Inj'

2018-05-08 10:35:34 - [TEST_STEP][PASSED] - selectOptionByIndex: All options with index in [8] are selected on object 'Object Repository/Schedule3/Page_KDMC - CMS/select_--Select--Amoxycillin 2'

2018-05-08 10:35:34 - [MESSAGE][PASSED] - All options with index in [8] are selected on object 'Object Repository/Schedule3/Page_KDMC - CMS/select_--Select--Amoxycillin 2'

2018-05-08 10:35:34 - [TEST_STEP][PASSED] - setText: Text '500' is set on object 'Object Repository/Schedule3/Page_KDMC - CMS/input_txttreat'

2018-05-08 10:35:34 - [MESSAGE][PASSED] - Text '500' is set on object 'Object Repository/Schedule3/Page_KDMC - CMS/input_txttreat'

2018-05-08 10:35:34 - [TEST_STEP][PASSED] - delay: Delayed 1 second(s)

2018-05-08 10:35:35 - [MESSAGE][PASSED] - Delayed 1 second(s)

2018-05-08 10:35:35 - [TEST_STEP][PASSED] - click: Object: 'Object Repository/Schedule3/Page_KDMC - CMS/button_Add' is clicked on

2018-05-08 10:35:36 - [MESSAGE][PASSED] - Object: 'Object Repository/Schedule3/Page_KDMC - CMS/button_Add' is clicked on

2018-05-08 10:35:36 - [TEST_STEP][PASSED] - selectOptionByIndex: All options with index in [3] are selected on object 'Object Repository/Schedule3/Page_KDMC - CMS/select_--Select--Schedule 1Inj'

2018-05-08 10:35:36 - [MESSAGE][PASSED] - All options with index in [3] are selected on object 'Object Repository/Schedule3/Page_KDMC - CMS/select_--Select--Schedule 1Inj'

2018-05-08 10:35:36 - [TEST_STEP][PASSED] - selectOptionByIndex: All options with index in [9] are selected on object 'Object Repository/Schedule3/Page_KDMC - CMS/select_--Select--Amoxycillin 2'

2018-05-08 10:35:36 - [MESSAGE][PASSED] - All options with index in [9] are selected on object 'Object Repository/Schedule3/Page_KDMC - CMS/select_--Select--Amoxycillin 2'

2018-05-08 10:35:36 - [TEST_STEP][PASSED] - setText: Text '500' is set on object 'Object Repository/Schedule3/Page_KDMC - CMS/input_txttreat'

2018-05-08 10:35:36 - [MESSAGE][PASSED] - Text '500' is set on object 'Object Repository/Schedule3/Page_KDMC - CMS/input_txttreat'

2018-05-08 10:35:36 - [TEST_STEP][PASSED] - delay: Delayed 1 second(s)

2018-05-08 10:35:37 - [MESSAGE][PASSED] - Delayed 1 second(s)

2018-05-08 10:35:37 - [TEST_STEP][PASSED] - click: Object: 'Object Repository/Schedule3/Page_KDMC - CMS/button_Add' is clicked on

2018-05-08 10:35:37 - [MESSAGE][PASSED] - Object: 'Object Repository/Schedule3/Page_KDMC - CMS/button_Add' is clicked on

2018-05-08 10:35:37 - [TEST_STEP][PASSED] - selectOptionByIndex: All options with index in [3] are selected on object 'Object Repository/Schedule3/Page_KDMC - CMS/select_--Select--Schedule 1Inj'

2018-05-08 10:35:37 - [MESSAGE][PASSED] - All options with index in [3] are selected on object 'Object Repository/Schedule3/Page_KDMC - CMS/select_--Select--Schedule 1Inj'

2018-05-08 10:35:37 - [TEST_STEP][PASSED] - selectOptionByIndex: All options with index in [10] are selected on object 'Object Repository/Schedule3/Page_KDMC - CMS/select_--Select--Amoxycillin 2'

2018-05-08 10:35:38 - [MESSAGE][PASSED] - All options with index in [10] are selected on object 'Object Repository/Schedule3/Page_KDMC - CMS/select_--Select--Amoxycillin 2'

2018-05-08 10:35:38 - [TEST_STEP][PASSED] - setText: Text '500' is set on object 'Object Repository/Schedule3/Page_KDMC - CMS/input_txttreat'

2018-05-08 10:35:38 - [MESSAGE][PASSED] - Text '500' is set on object 'Object Repository/Schedule3/Page_KDMC - CMS/input_txttreat'

2018-05-08 10:35:38 - [TEST_STEP][PASSED] - delay: Delayed 1 second(s)

2018-05-08 10:35:39 - [MESSAGE][PASSED] - Delayed 1 second(s)

2018-05-08 10:35:39 - [TEST_STEP][PASSED] - click: Object: 'Object Repository/Schedule3/Page_KDMC - CMS/button_Add' is clicked on

2018-05-08 10:35:39 - [MESSAGE][PASSED] - Object: 'Object Repository/Schedule3/Page_KDMC - CMS/button_Add' is clicked on

2018-05-08 10:35:39 - [TEST_STEP][PASSED] - selectOptionByIndex: All options with index in [3] are selected on object 'Object Repository/Schedule3/Page_KDMC - CMS/select_--Select--Schedule 1Inj'

2018-05-08 10:35:39 - [MESSAGE][PASSED] - All options with index in [3] are selected on object 'Object Repository/Schedule3/Page_KDMC - CMS/select_--Select--Schedule 1Inj'

2018-05-08 10:35:39 - [TEST_STEP][PASSED] - selectOptionByIndex: All options with index in [11] are selected on object 'Object Repository/Schedule3/Page_KDMC - CMS/select_--Select--Amoxycillin 2'

2018-05-08 10:35:40 - [MESSAGE][PASSED] - All options with index in [11] are selected on object 'Object Repository/Schedule3/Page_KDMC - CMS/select_--Select--Amoxycillin 2'

2018-05-08 10:35:40 - [TEST_STEP][PASSED] - setText: Text '500' is set on object 'Object Repository/Schedule3/Page_KDMC - CMS/input_txttreat'

2018-05-08 10:35:40 - [MESSAGE][PASSED] - Text '500' is set on object 'Object Repository/Schedule3/Page_KDMC - CMS/input_txttreat'

2018-05-08 10:35:40 - [TEST_STEP][PASSED] - delay: Delayed 1 second(s)

2018-05-08 10:35:41 - [MESSAGE][PASSED] - Delayed 1 second(s)

2018-05-08 10:35:41 - [TEST_STEP][PASSED] - click: Object: 'Object Repository/Schedule3/Page_KDMC - CMS/button_Add' is clicked on

2018-05-08 10:35:41 - [MESSAGE][PASSED] - Object: 'Object Repository/Schedule3/Page_KDMC - CMS/button_Add' is clicked on

2018-05-08 10:35:41 - [TEST_STEP][PASSED] - selectOptionByIndex: All options with index in [3] are selected on object 'Object Repository/Schedule3/Page_KDMC - CMS/select_--Select--Schedule 1Inj'

2018-05-08 10:35:41 - [MESSAGE][PASSED] - All options with index in [3] are selected on object 'Object Repository/Schedule3/Page_KDMC - CMS/select_--Select--Schedule 1Inj'

2018-05-08 10:35:41 - [TEST_STEP][PASSED] - selectOptionByIndex: All options with index in [12] are selected on object 'Object Repository/Schedule3/Page_KDMC - CMS/select_--Select--Amoxycillin 2'

2018-05-08 10:35:41 - [MESSAGE][PASSED] - All options with index in [12] are selected on object 'Object Repository/Schedule3/Page_KDMC - CMS/select_--Select--Amoxycillin 2'

2018-05-08 10:35:41 - [TEST_STEP][PASSED] - setText: Text '500' is set on object 'Object Repository/Schedule3/Page_KDMC - CMS/input_txttreat'

2018-05-08 10:35:41 - [MESSAGE][PASSED] - Text '500' is set on object 'Object Repository/Schedule3/Page_KDMC - CMS/input_txttreat'

2018-05-08 10:35:41 - [TEST_STEP][PASSED] - delay: Delayed 1 second(s)

2018-05-08 10:35:42 - [MESSAGE][PASSED] - Delayed 1 second(s)

2018-05-08 10:35:42 - [TEST_STEP][PASSED] - click: Object: 'Object Repository/Schedule3/Page_KDMC - CMS/button_Add' is clicked on

2018-05-08 10:35:42 - [MESSAGE][PASSED] - Object: 'Object Repository/Schedule3/Page_KDMC - CMS/button_Add' is clicked on

2018-05-08 10:35:42 - [TEST_STEP][PASSED] - selectOptionByIndex: All options with index in [3] are selected on object 'Object Repository/Schedule3/Page_KDMC - CMS/select_--Select--Schedule 1Inj'

2018-05-08 10:35:42 - [MESSAGE][PASSED] - All options with index in [3] are selected on object 'Object Repository/Schedule3/Page_KDMC - CMS/select_--Select--Schedule 1Inj'

2018-05-08 10:35:42 - [TEST_STEP][PASSED] - selectOptionByIndex: All options with index in [13] are selected on object 'Object Repository/Schedule3/Page_KDMC - CMS/select_--Select--Amoxycillin 2'

2018-05-08 10:35:43 - [MESSAGE][PASSED] - All options with index in [13] are selected on object 'Object Repository/Schedule3/Page_KDMC - CMS/select_--Select--Amoxycillin 2'

2018-05-08 10:35:43 - [TEST_STEP][PASSED] - setText: Text '500' is set on object 'Object Repository/Schedule3/Page_KDMC - CMS/input_txttreat'

2018-05-08 10:35:43 - [MESSAGE][PASSED] - Text '500' is set on object 'Object Repository/Schedule3/Page_KDMC - CMS/input_txttreat'

2018-05-08 10:35:43 - [TEST_STEP][PASSED] - delay: Delayed 1 second(s)

2018-05-08 10:35:44 - [MESSAGE][PASSED] - Delayed 1 second(s)

2018-05-08 10:35:44 - [TEST_STEP][PASSED] - click: Object: 'Object Repository/Schedule3/Page_KDMC - CMS/button_Add' is clicked on

2018-05-08 10:35:44 - [MESSAGE][PASSED] - Object: 'Object Repository/Schedule3/Page_KDMC - CMS/button_Add' is clicked on

2018-05-08 10:35:44 - [TEST_STEP][PASSED] - selectOptionByIndex: All options with index in [3] are selected on object 'Object Repository/Schedule3/Page_KDMC - CMS/select_--Select--Schedule 1Inj'

2018-05-08 10:35:44 - [MESSAGE][PASSED] - All options with index in [3] are selected on object 'Object Repository/Schedule3/Page_KDMC - CMS/select_--Select--Schedule 1Inj'

2018-05-08 10:35:44 - [TEST_STEP][PASSED] - selectOptionByIndex: All options with index in [14] are selected on object 'Object Repository/Schedule3/Page_KDMC - CMS/select_--Select--Amoxycillin 2'

2018-05-08 10:35:45 - [MESSAGE][PASSED] - All options with index in [14] are selected on object 'Object Repository/Schedule3/Page_KDMC - CMS/select_--Select--Amoxycillin 2'

2018-05-08 10:35:45 - [TEST_STEP][PASSED] - setText: Text '500' is set on object 'Object Repository/Schedule3/Page_KDMC - CMS/input_txttreat'

2018-05-08 10:35:45 - [MESSAGE][PASSED] - Text '500' is set on object 'Object Repository/Schedule3/Page_KDMC - CMS/input_txttreat'

2018-05-08 10:35:45 - [TEST_STEP][PASSED] - delay: Delayed 1 second(s)

2018-05-08 10:35:46 - [MESSAGE][PASSED] - Delayed 1 second(s)

2018-05-08 10:35:46 - [TEST_STEP][PASSED] - click: Object: 'Object Repository/Schedule3/Page_KDMC - CMS/button_Add' is clicked on

2018-05-08 10:35:46 - [MESSAGE][PASSED] - Object: 'Object Repository/Schedule3/Page_KDMC - CMS/button_Add' is clicked on

2018-05-08 10:35:46 - [TEST_STEP][PASSED] - selectOptionByIndex: All options with index in [3] are selected on object 'Object Repository/Schedule3/Page_KDMC - CMS/select_--Select--Schedule 1Inj'

2018-05-08 10:35:46 - [MESSAGE][PASSED] - All options with index in [3] are selected on object 'Object Repository/Schedule3/Page_KDMC - CMS/select_--Select--Schedule 1Inj'

2018-05-08 10:35:46 - [TEST_STEP][PASSED] - selectOptionByIndex: All options with index in [15] are selected on object 'Object Repository/Schedule3/Page_KDMC - CMS/select_--Select--Amoxycillin 2'

2018-05-08 10:35:47 - [MESSAGE][PASSED] - All options with index in [15] are selected on object 'Object Repository/Schedule3/Page_KDMC - CMS/select_--Select--Amoxycillin 2'

2018-05-08 10:35:47 - [TEST_STEP][PASSED] - setText: Text '500' is set on object 'Object Repository/Schedule3/Page_KDMC - CMS/input_txttreat'

2018-05-08 10:35:47 - [MESSAGE][PASSED] - Text '500' is set on object 'Object Repository/Schedule3/Page_KDMC - CMS/input_txttreat'

2018-05-08 10:35:47 - [TEST_STEP][PASSED] - delay: Delayed 1 second(s)

2018-05-08 10:35:48 - [MESSAGE][PASSED] - Delayed 1 second(s)

2018-05-08 10:35:48 - [TEST_STEP][PASSED] - click: Object: 'Object Repository/Schedule3/Page_KDMC - CMS/button_Add' is clicked on

2018-05-08 10:35:48 - [MESSAGE][PASSED] - Object: 'Object Repository/Schedule3/Page_KDMC - CMS/button_Add' is clicked on

2018-05-08 10:35:48 - [TEST_STEP][PASSED] - selectOptionByIndex: All options with index in [3] are selected on object 'Object Repository/Schedule3/Page_KDMC - CMS/select_--Select--Schedule 1Inj'

2018-05-08 10:35:48 - [MESSAGE][PASSED] - All options with index in [3] are selected on object 'Object Repository/Schedule3/Page_KDMC - CMS/select_--Select--Schedule 1Inj'

2018-05-08 10:35:48 - [TEST_STEP][PASSED] - selectOptionByIndex: All options with index in [16] are selected on object 'Object Repository/Schedule3/Page_KDMC - CMS/select_--Select--Amoxycillin 2'

2018-05-08 10:35:48 - [MESSAGE][PASSED] - All options with index in [16] are selected on object 'Object Repository/Schedule3/Page_KDMC - CMS/select_--Select--Amoxycillin 2'

2018-05-08 10:35:48 - [TEST_STEP][PASSED] - setText: Text '500' is set on object 'Object Repository/Schedule3/Page_KDMC - CMS/input_txttreat'

2018-05-08 10:35:48 - [MESSAGE][PASSED] - Text '500' is set on object 'Object Repository/Schedule3/Page_KDMC - CMS/input_txttreat'

2018-05-08 10:35:48 - [TEST_STEP][PASSED] - delay: Delayed 1 second(s)

2018-05-08 10:35:49 - [MESSAGE][PASSED] - Delayed 1 second(s)

2018-05-08 10:35:49 - [TEST_STEP][PASSED] - click: Object: 'Object Repository/Schedule3/Page_KDMC - CMS/button_Add' is clicked on

2018-05-08 10:35:49 - [MESSAGE][PASSED] - Object: 'Object Repository/Schedule3/Page_KDMC - CMS/button_Add' is clicked on

2018-05-08 10:35:49 - [TEST_STEP][PASSED] - selectOptionByIndex: All options with index in [3] are selected on object 'Object Repository/Schedule3/Page_KDMC - CMS/select_--Select--Schedule 1Inj'

2018-05-08 10:35:50 - [MESSAGE][PASSED] - All options with index in [3] are selected on object 'Object Repository/Schedule3/Page_KDMC - CMS/select_--Select--Schedule 1Inj'

2018-05-08 10:35:50 - [TEST_STEP][PASSED] - selectOptionByIndex: All options with index in [17] are selected on object 'Object Repository/Schedule3/Page_KDMC - CMS/select_--Select--Amoxycillin 2'

2018-05-08 10:35:50 - [MESSAGE][PASSED] - All options with index in [17] are selected on object 'Object Repository/Schedule3/Page_KDMC - CMS/select_--Select--Amoxycillin 2'

2018-05-08 10:35:50 - [TEST_STEP][PASSED] - setText: Text '500' is set on object 'Object Repository/Schedule3/Page_KDMC - CMS/input_txttreat'

2018-05-08 10:35:50 - [MESSAGE][PASSED] - Text '500' is set on object 'Object Repository/Schedule3/Page_KDMC - CMS/input_txttreat'

2018-05-08 10:35:50 - [TEST_STEP][PASSED] - delay: Delayed 1 second(s)

2018-05-08 10:35:51 - [MESSAGE][PASSED] - Delayed 1 second(s)

2018-05-08 10:35:51 - [TEST_STEP][PASSED] - click: Object: 'Object Repository/Schedule3/Page_KDMC - CMS/button_Add' is clicked on

2018-05-08 10:35:51 - [MESSAGE][PASSED] - Object: 'Object Repository/Schedule3/Page_KDMC - CMS/button_Add' is clicked on

2018-05-08 10:35:51 - [TEST_STEP][PASSED] - selectOptionByIndex: All options with index in [3] are selected on object 'Object Repository/Schedule3/Page_KDMC - CMS/select_--Select--Schedule 1Inj'

2018-05-08 10:35:52 - [MESSAGE][PASSED] - All options with index in [3] are selected on object 'Object Repository/Schedule3/Page_KDMC - CMS/select_--Select--Schedule 1Inj'

2018-05-08 10:35:52 - [TEST_STEP][PASSED] - selectOptionByIndex: All options with index in [18] are selected on object 'Object Repository/Schedule3/Page_KDMC - CMS/select_--Select--Amoxycillin 2'

2018-05-08 10:35:52 - [MESSAGE][PASSED] - All options with index in [18] are selected on object 'Object Repository/Schedule3/Page_KDMC - CMS/select_--Select--Amoxycillin 2'

2018-05-08 10:35:52 - [TEST_STEP][PASSED] - setText: Text '500' is set on object 'Object Repository/Schedule3/Page_KDMC - CMS/input_txttreat'

2018-05-08 10:35:52 - [MESSAGE][PASSED] - Text '500' is set on object 'Object Repository/Schedule3/Page_KDMC - CMS/input_txttreat'

2018-05-08 10:35:52 - [TEST_STEP][PASSED] - delay: Delayed 1 second(s)

2018-05-08 10:35:53 - [MESSAGE][PASSED] - Delayed 1 second(s)

2018-05-08 10:35:53 - [TEST_STEP][PASSED] - click: Object: 'Object Repository/Schedule3/Page_KDMC - CMS/button_Add' is clicked on

2018-05-08 10:35:54 - [MESSAGE][PASSED] - Object: 'Object Repository/Schedule3/Page_KDMC - CMS/button_Add' is clicked on

2018-05-08 10:35:54 - [TEST_STEP][PASSED] - selectOptionByIndex: All options with index in [3] are selected on object 'Object Repository/Schedule3/Page_KDMC - CMS/select_--Select--Schedule 1Inj'

2018-05-08 10:35:54 - [MESSAGE][PASSED] - All options with index in [3] are selected on object 'Object Repository/Schedule3/Page_KDMC - CMS/select_--Select--Schedule 1Inj'

2018-05-08 10:35:54 - [TEST_STEP][PASSED] - selectOptionByIndex: All options with index in [19] are selected on object 'Object Repository/Schedule3/Page_KDMC - CMS/select_--Select--Amoxycillin 2'

2018-05-08 10:35:54 - [MESSAGE][PASSED] - All options with index in [19] are selected on object 'Object Repository/Schedule3/Page_KDMC - CMS/select_--Select--Amoxycillin 2'

2018-05-08 10:35:54 - [TEST_STEP][PASSED] - setText: Text '500' is set on object 'Object Repository/Schedule3/Page_KDMC - CMS/input_txttreat'

2018-05-08 10:35:54 - [MESSAGE][PASSED] - Text '500' is set on object 'Object Repository/Schedule3/Page_KDMC - CMS/input_txttreat'

2018-05-08 10:35:54 - [TEST_STEP][PASSED] - delay: Delayed 1 second(s)

2018-05-08 10:35:55 - [MESSAGE][PASSED] - Delayed 1 second(s)

2018-05-08 10:35:55 - [TEST_STEP][PASSED] - click: Object: 'Object Repository/Schedule3/Page_KDMC - CMS/button_Add' is clicked on

2018-05-08 10:35:55 - [MESSAGE][PASSED] - Object: 'Object Repository/Schedule3/Page_KDMC - CMS/button_Add' is clicked on

2018-05-08 10:35:55 - [TEST_STEP][PASSED] - selectOptionByIndex: All options with index in [3] are selected on object 'Object Repository/Schedule3/Page_KDMC - CMS/select_--Select--Schedule 1Inj'

2018-05-08 10:35:55 - [MESSAGE][PASSED] - All options with index in [3] are selected on object 'Object Repository/Schedule3/Page_KDMC - CMS/select_--Select--Schedule 1Inj'

2018-05-08 10:35:55 - [TEST_STEP][PASSED] - selectOptionByIndex: All options with index in [20] are selected on object 'Object Repository/Schedule3/Page_KDMC - CMS/select_--Select--Amoxycillin 2'

2018-05-08 10:35:56 - [MESSAGE][PASSED] - All options with index in [20] are selected on object 'Object Repository/Schedule3/Page_KDMC - CMS/select_--Select--Amoxycillin 2'

2018-05-08 10:35:56 - [TEST_STEP][PASSED] - setText: Text '500' is set on object 'Object Repository/Schedule3/Page_KDMC - CMS/input_txttreat'

2018-05-08 10:35:56 - [MESSAGE][PASSED] - Text '500' is set on object 'Object Repository/Schedule3/Page_KDMC - CMS/input_txttreat'

2018-05-08 10:35:56 - [TEST_STEP][PASSED] - delay: Delayed 1 second(s)

2018-05-08 10:35:57 - [MESSAGE][PASSED] - Delayed 1 second(s)

2018-05-08 10:35:57 - [TEST_STEP][PASSED] - click: Object: 'Object Repository/Schedule3/Page_KDMC - CMS/button_Add' is clicked on

2018-05-08 10:35:57 - [MESSAGE][PASSED] - Object: 'Object Repository/Schedule3/Page_KDMC - CMS/button_Add' is clicked on

2018-05-08 10:35:57 - [TEST_STEP][PASSED] - selectOptionByIndex: All options with index in [3] are selected on object 'Object Repository/Schedule3/Page_KDMC - CMS/select_--Select--Schedule 1Inj'

2018-05-08 10:35:57 - [MESSAGE][PASSED] - All options with index in [3] are selected on object 'Object Repository/Schedule3/Page_KDMC - CMS/select_--Select--Schedule 1Inj'

2018-05-08 10:35:57 - [TEST_STEP][PASSED] - selectOptionByIndex: All options with index in [21] are selected on object 'Object Repository/Schedule3/Page_KDMC - CMS/select_--Select--Amoxycillin 2'

2018-05-08 10:35:58 - [MESSAGE][PASSED] - All options with index in [21] are selected on object 'Object Repository/Schedule3/Page_KDMC - CMS/select_--Select--Amoxycillin 2'

2018-05-08 10:35:58 - [TEST_STEP][PASSED] - setText: Text '500' is set on object 'Object Repository/Schedule3/Page_KDMC - CMS/input_txttreat'

2018-05-08 10:35:58 - [MESSAGE][PASSED] - Text '500' is set on object 'Object Repository/Schedule3/Page_KDMC - CMS/input_txttreat'

2018-05-08 10:35:58 - [TEST_STEP][PASSED] - delay: Delayed 1 second(s)

2018-05-08 10:35:59 - [MESSAGE][PASSED] - Delayed 1 second(s)

2018-05-08 10:35:59 - [TEST_STEP][PASSED] - click: Object: 'Object Repository/Schedule3/Page_KDMC - CMS/button_Add' is clicked on

2018-05-08 10:35:59 - [MESSAGE][PASSED] - Object: 'Object Repository/Schedule3/Page_KDMC - CMS/button_Add' is clicked on

2018-05-08 10:35:59 - [TEST_STEP][PASSED] - selectOptionByIndex: All options with index in [3] are selected on object 'Object Repository/Schedule3/Page_KDMC - CMS/select_--Select--Schedule 1Inj'

2018-05-08 10:35:59 - [MESSAGE][PASSED] - All options with index in [3] are selected on object 'Object Repository/Schedule3/Page_KDMC - CMS/select_--Select--Schedule 1Inj'

2018-05-08 10:35:59 - [TEST_STEP][PASSED] - selectOptionByIndex: All options with index in [22] are selected on object 'Object Repository/Schedule3/Page_KDMC - CMS/select_--Select--Amoxycillin 2'

2018-05-08 10:36:00 - [MESSAGE][PASSED] - All options with index in [22] are selected on object 'Object Repository/Schedule3/Page_KDMC - CMS/select_--Select--Amoxycillin 2'

2018-05-08 10:36:00 - [TEST_STEP][PASSED] - setText: Text '500' is set on object 'Object Repository/Schedule3/Page_KDMC - CMS/input_txttreat'

2018-05-08 10:36:00 - [MESSAGE][PASSED] - Text '500' is set on object 'Object Repository/Schedule3/Page_KDMC - CMS/input_txttreat'

2018-05-08 10:36:00 - [TEST_STEP][PASSED] - delay: Delayed 1 second(s)

2018-05-08 10:36:01 - [MESSAGE][PASSED] - Delayed 1 second(s)

2018-05-08 10:36:01 - [TEST_STEP][PASSED] - click: Object: 'Object Repository/Schedule3/Page_KDMC - CMS/button_Add' is clicked on

2018-05-08 10:36:01 - [MESSAGE][PASSED] - Object: 'Object Repository/Schedule3/Page_KDMC - CMS/button_Add' is clicked on

2018-05-08 10:36:01 - [TEST_STEP][PASSED] - selectOptionByIndex: All options with index in [3] are selected on object 'Object Repository/Schedule3/Page_KDMC - CMS/select_--Select--Schedule 1Inj'

2018-05-08 10:36:01 - [MESSAGE][PASSED] - All options with index in [3] are selected on object 'Object Repository/Schedule3/Page_KDMC - CMS/select_--Select--Schedule 1Inj'

2018-05-08 10:36:01 - [TEST_STEP][PASSED] - selectOptionByIndex: All options with index in [23] are selected on object 'Object Repository/Schedule3/Page_KDMC - CMS/select_--Select--Amoxycillin 2'

2018-05-08 10:36:02 - [MESSAGE][PASSED] - All options with index in [23] are selected on object 'Object Repository/Schedule3/Page_KDMC - CMS/select_--Select--Amoxycillin 2'

2018-05-08 10:36:02 - [TEST_STEP][PASSED] - setText: Text '500' is set on object 'Object Repository/Schedule3/Page_KDMC - CMS/input_txttreat'

2018-05-08 10:36:02 - [MESSAGE][PASSED] - Text '500' is set on object 'Object Repository/Schedule3/Page_KDMC - CMS/input_txttreat'

2018-05-08 10:36:02 - [TEST_STEP][PASSED] - delay: Delayed 1 second(s)

2018-05-08 10:36:03 - [MESSAGE][PASSED] - Delayed 1 second(s)

2018-05-08 10:36:03 - [TEST_STEP][PASSED] - click: Object: 'Object Repository/Schedule3/Page_KDMC - CMS/button_Add' is clicked on

2018-05-08 10:36:03 - [MESSAGE][PASSED] - Object: 'Object Repository/Schedule3/Page_KDMC - CMS/button_Add' is clicked on

2018-05-08 10:36:03 - [TEST_STEP][PASSED] - selectOptionByIndex: All options with index in [3] are selected on object 'Object Repository/Schedule3/Page_KDMC - CMS/select_--Select--Schedule 1Inj'

2018-05-08 10:36:03 - [MESSAGE][PASSED] - All options with index in [3] are selected on object 'Object Repository/Schedule3/Page_KDMC - CMS/select_--Select--Schedule 1Inj'

2018-05-08 10:36:03 - [TEST_STEP][PASSED] - selectOptionByIndex: All options with index in [24] are selected on object 'Object Repository/Schedule3/Page_KDMC - CMS/select_--Select--Amoxycillin 2'

2018-05-08 10:36:04 - [MESSAGE][PASSED] - All options with index in [24] are selected on object 'Object Repository/Schedule3/Page_KDMC - CMS/select_--Select--Amoxycillin 2'

2018-05-08 10:36:04 - [TEST_STEP][PASSED] - setText: Text '500' is set on object 'Object Repository/Schedule3/Page_KDMC - CMS/input_txttreat'

2018-05-08 10:36:04 - [MESSAGE][PASSED] - Text '500' is set on object 'Object Repository/Schedule3/Page_KDMC - CMS/input_txttreat'

2018-05-08 10:36:04 - [TEST_STEP][PASSED] - delay: Delayed 1 second(s)

2018-05-08 10:36:05 - [MESSAGE][PASSED] - Delayed 1 second(s)

2018-05-08 10:36:05 - [TEST_STEP][PASSED] - click: Object: 'Object Repository/Schedule3/Page_KDMC - CMS/button_Add' is clicked on

2018-05-08 10:36:05 - [MESSAGE][PASSED] - Object: 'Object Repository/Schedule3/Page_KDMC - CMS/button_Add' is clicked on

2018-05-08 10:36:05 - [TEST_STEP][PASSED] - selectOptionByIndex: All options with index in [3] are selected on object 'Object Repository/Schedule3/Page_KDMC - CMS/select_--Select--Schedule 1Inj'

2018-05-08 10:36:05 - [MESSAGE][PASSED] - All options with index in [3] are selected on object 'Object Repository/Schedule3/Page_KDMC - CMS/select_--Select--Schedule 1Inj'

2018-05-08 10:36:05 - [TEST_STEP][PASSED] - selectOptionByIndex: All options with index in [25] are selected on object 'Object Repository/Schedule3/Page_KDMC - CMS/select_--Select--Amoxycillin 2'

2018-05-08 10:36:05 - [MESSAGE][PASSED] - All options with index in [25] are selected on object 'Object Repository/Schedule3/Page_KDMC - CMS/select_--Select--Amoxycillin 2'

2018-05-08 10:36:05 - [TEST_STEP][PASSED] - setText: Text '500' is set on object 'Object Repository/Schedule3/Page_KDMC - CMS/input_txttreat'

2018-05-08 10:36:05 - [MESSAGE][PASSED] - Text '500' is set on object 'Object Repository/Schedule3/Page_KDMC - CMS/input_txttreat'

2018-05-08 10:36:05 - [TEST_STEP][PASSED] - delay: Delayed 1 second(s)

2018-05-08 10:36:06 - [MESSAGE][PASSED] - Delayed 1 second(s)

2018-05-08 10:36:06 - [TEST_STEP][PASSED] - click: Object: 'Object Repository/Schedule3/Page_KDMC - CMS/button_Add' is clicked on

2018-05-08 10:36:07 - [MESSAGE][PASSED] - Object: 'Object Repository/Schedule3/Page_KDMC - CMS/button_Add' is clicked on

2018-05-08 10:36:07 - [TEST_STEP][PASSED] - selectOptionByIndex: All options with index in [3] are selected on object 'Object Repository/Schedule3/Page_KDMC - CMS/select_--Select--Schedule 1Inj'

2018-05-08 10:36:07 - [MESSAGE][PASSED] - All options with index in [3] are selected on object 'Object Repository/Schedule3/Page_KDMC - CMS/select_--Select--Schedule 1Inj'

2018-05-08 10:36:07 - [TEST_STEP][PASSED] - selectOptionByIndex: All options with index in [26] are selected on object 'Object Repository/Schedule3/Page_KDMC - CMS/select_--Select--Amoxycillin 2'

2018-05-08 10:36:07 - [MESSAGE][PASSED] - All options with index in [26] are selected on object 'Object Repository/Schedule3/Page_KDMC - CMS/select_--Select--Amoxycillin 2'

2018-05-08 10:36:07 - [TEST_STEP][PASSED] - setText: Text '500' is set on object 'Object Repository/Schedule3/Page_KDMC - CMS/input_txttreat'

2018-05-08 10:36:07 - [MESSAGE][PASSED] - Text '500' is set on object 'Object Repository/Schedule3/Page_KDMC - CMS/input_txttreat'

2018-05-08 10:36:07 - [TEST_STEP][PASSED] - delay: Delayed 1 second(s)

2018-05-08 10:36:08 - [MESSAGE][PASSED] - Delayed 1 second(s)

2018-05-08 10:36:08 - [TEST_STEP][PASSED] - click: Object: 'Object Repository/Schedule3/Page_KDMC - CMS/button_Add' is clicked on

2018-05-08 10:36:08 - [MESSAGE][PASSED] - Object: 'Object Repository/Schedule3/Page_KDMC - CMS/button_Add' is clicked on

2018-05-08 10:36:08 - [TEST_STEP][PASSED] - selectOptionByIndex: All options with index in [3] are selected on object 'Object Repository/Schedule3/Page_KDMC - CMS/select_--Select--Schedule 1Inj'

2018-05-08 10:36:08 - [MESSAGE][PASSED] - All options with index in [3] are selected on object 'Object Repository/Schedule3/Page_KDMC - CMS/select_--Select--Schedule 1Inj'

2018-05-08 10:36:08 - [TEST_STEP][PASSED] - selectOptionByIndex: All options with index in [27] are selected on object 'Object Repository/Schedule3/Page_KDMC - CMS/select_--Select--Amoxycillin 2'

2018-05-08 10:36:09 - [MESSAGE][PASSED] - All options with index in [27] are selected on object 'Object Repository/Schedule3/Page_KDMC - CMS/select_--Select--Amoxycillin 2'

2018-05-08 10:36:09 - [TEST_STEP][PASSED] - setText: Text '500' is set on object 'Object Repository/Schedule3/Page_KDMC - CMS/input_txttreat'

2018-05-08 10:36:09 - [MESSAGE][PASSED] - Text '500' is set on object 'Object Repository/Schedule3/Page_KDMC - CMS/input_txttreat'

2018-05-08 10:36:09 - [TEST_STEP][PASSED] - delay: Delayed 1 second(s)

2018-05-08 10:36:10 - [MESSAGE][PASSED] - Delayed 1 second(s)

2018-05-08 10:36:10 - [TEST_STEP][PASSED] - click: Object: 'Object Repository/Schedule3/Page_KDMC - CMS/button_Add' is clicked on

2018-05-08 10:36:10 - [MESSAGE][PASSED] - Object: 'Object Repository/Schedule3/Page_KDMC - CMS/button_Add' is clicked on

2018-05-08 10:36:10 - [TEST_STEP][PASSED] - selectOptionByIndex: All options with index in [3] are selected on object 'Object Repository/Schedule3/Page_KDMC - CMS/select_--Select--Schedule 1Inj'

2018-05-08 10:36:10 - [MESSAGE][PASSED] - All options with index in [3] are selected on object 'Object Repository/Schedule3/Page_KDMC - CMS/select_--Select--Schedule 1Inj'

2018-05-08 10:36:10 - [TEST_STEP][PASSED] - selectOptionByIndex: All options with index in [28] are selected on object 'Object Repository/Schedule3/Page_KDMC - CMS/select_--Select--Amoxycillin 2'

2018-05-08 10:36:11 - [MESSAGE][PASSED] - All options with index in [28] are selected on object 'Object Repository/Schedule3/Page_KDMC - CMS/select_--Select--Amoxycillin 2'

2018-05-08 10:36:11 - [TEST_STEP][PASSED] - setText: Text '500' is set on object 'Object Repository/Schedule3/Page_KDMC - CMS/input_txttreat'

2018-05-08 10:36:11 - [MESSAGE][PASSED] - Text '500' is set on object 'Object Repository/Schedule3/Page_KDMC - CMS/input_txttreat'

2018-05-08 10:36:11 - [TEST_STEP][PASSED] - delay: Delayed 1 second(s)

2018-05-08 10:36:12 - [MESSAGE][PASSED] - Delayed 1 second(s)

2018-05-08 10:36:12 - [TEST_STEP][PASSED] - click: Object: 'Object Repository/Schedule3/Page_KDMC - CMS/button_Add' is clicked on

2018-05-08 10:36:12 - [MESSAGE][PASSED] - Object: 'Object Repository/Schedule3/Page_KDMC - CMS/button_Add' is clicked on

2018-05-08 10:36:12 - [TEST_STEP][PASSED] - selectOptionByIndex: All options with index in [3] are selected on object 'Object Repository/Schedule3/Page_KDMC - CMS/select_--Select--Schedule 1Inj'

2018-05-08 10:36:12 - [MESSAGE][PASSED] - All options with index in [3] are selected on object 'Object Repository/Schedule3/Page_KDMC - CMS/select_--Select--Schedule 1Inj'

2018-05-08 10:36:12 - [TEST_STEP][PASSED] - selectOptionByIndex: All options with index in [29] are selected on object 'Object Repository/Schedule3/Page_KDMC - CMS/select_--Select--Amoxycillin 2'

2018-05-08 10:36:12 - [MESSAGE][PASSED] - All options with index in [29] are selected on object 'Object Repository/Schedule3/Page_KDMC - CMS/select_--Select--Amoxycillin 2'

2018-05-08 10:36:12 - [TEST_STEP][PASSED] - setText: Text '500' is set on object 'Object Repository/Schedule3/Page_KDMC - CMS/input_txttreat'

2018-05-08 10:36:13 - [MESSAGE][PASSED] - Text '500' is set on object 'Object Repository/Schedule3/Page_KDMC - CMS/input_txttreat'

2018-05-08 10:36:13 - [TEST_STEP][PASSED] - delay: Delayed 1 second(s)

2018-05-08 10:36:14 - [MESSAGE][PASSED] - Delayed 1 second(s)

2018-05-08 10:36:14 - [TEST_STEP][PASSED] - click: Object: 'Object Repository/Schedule3/Page_KDMC - CMS/button_Add' is clicked on

2018-05-08 10:36:14 - [MESSAGE][PASSED] - Object: 'Object Repository/Schedule3/Page_KDMC - CMS/button_Add' is clicked on

2018-05-08 10:36:14 - [TEST_STEP][PASSED] - selectOptionByIndex: All options with index in [3] are selected on object 'Object Repository/Schedule3/Page_KDMC - CMS/select_--Select--Schedule 1Inj'

2018-05-08 10:36:14 - [MESSAGE][PASSED] - All options with index in [3] are selected on object 'Object Repository/Schedule3/Page_KDMC - CMS/select_--Select--Schedule 1Inj'

2018-05-08 10:36:14 - [TEST_STEP][PASSED] - selectOptionByIndex: All options with index in [30] are selected on object 'Object Repository/Schedule3/Page_KDMC - CMS/select_--Select--Amoxycillin 2'

2018-05-08 10:36:14 - [MESSAGE][PASSED] - All options with index in [30] are selected on object 'Object Repository/Schedule3/Page_KDMC - CMS/select_--Select--Amoxycillin 2'

2018-05-08 10:36:14 - [TEST_STEP][PASSED] - setText: Text '500' is set on object 'Object Repository/Schedule3/Page_KDMC - CMS/input_txttreat'

2018-05-08 10:36:14 - [MESSAGE][PASSED] - Text '500' is set on object 'Object Repository/Schedule3/Page_KDMC - CMS/input_txttreat'

2018-05-08 10:36:14 - [TEST_STEP][PASSED] - delay: Delayed 1 second(s)

2018-05-08 10:36:15 - [MESSAGE][PASSED] - Delayed 1 second(s)

2018-05-08 10:36:15 - [TEST_STEP][PASSED] - click: Object: 'Object Repository/Schedule3/Page_KDMC - CMS/button_Add' is clicked on

2018-05-08 10:36:15 - [MESSAGE][PASSED] - Object: 'Object Repository/Schedule3/Page_KDMC - CMS/button_Add' is clicked on

2018-05-08 10:36:15 - [TEST_STEP][PASSED] - selectOptionByIndex: All options with index in [3] are selected on object 'Object Repository/Schedule3/Page_KDMC - CMS/select_--Select--Schedule 1Inj'

2018-05-08 10:36:15 - [MESSAGE][PASSED] - All options with index in [3] are selected on object 'Object Repository/Schedule3/Page_KDMC - CMS/select_--Select--Schedule 1Inj'

2018-05-08 10:36:15 - [TEST_STEP][PASSED] - selectOptionByIndex: All options with index in [31] are selected on object 'Object Repository/Schedule3/Page_KDMC - CMS/select_--Select--Amoxycillin 2'

2018-05-08 10:36:16 - [MESSAGE][PASSED] - All options with index in [31] are selected on object 'Object Repository/Schedule3/Page_KDMC - CMS/select_--Select--Amoxycillin 2'

2018-05-08 10:36:16 - [TEST_STEP][PASSED] - setText: Text '500' is set on object 'Object Repository/Schedule3/Page_KDMC - CMS/input_txttreat'

2018-05-08 10:36:16 - [MESSAGE][PASSED] - Text '500' is set on object 'Object Repository/Schedule3/Page_KDMC - CMS/input_txttreat'

2018-05-08 10:36:16 - [TEST_STEP][PASSED] - delay: Delayed 1 second(s)

2018-05-08 10:36:17 - [MESSAGE][PASSED] - Delayed 1 second(s)

2018-05-08 10:36:17 - [TEST_STEP][PASSED] - click: Object: 'Object Repository/Schedule3/Page_KDMC - CMS/button_Add' is clicked on

2018-05-08 10:36:17 - [MESSAGE][PASSED] - Object: 'Object Repository/Schedule3/Page_KDMC - CMS/button_Add' is clicked on

2018-05-08 10:36:17 - [TEST_STEP][PASSED] - selectOptionByIndex: All options with index in [3] are selected on object 'Object Repository/Schedule3/Page_KDMC - CMS/select_--Select--Schedule 1Inj'

2018-05-08 10:36:17 - [MESSAGE][PASSED] - All options with index in [3] are selected on object 'Object Repository/Schedule3/Page_KDMC - CMS/select_--Select--Schedule 1Inj'

2018-05-08 10:36:17 - [TEST_STEP][PASSED] - selectOptionByIndex: All options with index in [32] are selected on object 'Object Repository/Schedule3/Page_KDMC - CMS/select_--Select--Amoxycillin 2'

2018-05-08 10:36:18 - [MESSAGE][PASSED] - All options with index in [32] are selected on object 'Object Repository/Schedule3/Page_KDMC - CMS/select_--Select--Amoxycillin 2'

2018-05-08 10:36:18 - [TEST_STEP][PASSED] - setText: Text '500' is set on object 'Object Repository/Schedule3/Page_KDMC - CMS/input_txttreat'

2018-05-08 10:36:18 - [MESSAGE][PASSED] - Text '500' is set on object 'Object Repository/Schedule3/Page_KDMC - CMS/input_txttreat'

2018-05-08 10:36:18 - [TEST_STEP][PASSED] - delay: Delayed 1 second(s)

2018-05-08 10:36:19 - [MESSAGE][PASSED] - Delayed 1 second(s)

2018-05-08 10:36:19 - [TEST_STEP][PASSED] - click: Object: 'Object Repository/Schedule3/Page_KDMC - CMS/button_Add' is clicked on

2018-05-08 10:36:19 - [MESSAGE][PASSED] - Object: 'Object Repository/Schedule3/Page_KDMC - CMS/button_Add' is clicked on

2018-05-08 10:36:19 - [TEST_STEP][PASSED] - selectOptionByIndex: All options with index in [3] are selected on object 'Object Repository/Schedule3/Page_KDMC - CMS/select_--Select--Schedule 1Inj'

2018-05-08 10:36:19 - [MESSAGE][PASSED] - All options with index in [3] are selected on object 'Object Repository/Schedule3/Page_KDMC - CMS/select_--Select--Schedule 1Inj'

2018-05-08 10:36:19 - [TEST_STEP][PASSED] - selectOptionByIndex: All options with index in [33] are selected on object 'Object Repository/Schedule3/Page_KDMC - CMS/select_--Select--Amoxycillin 2'

2018-05-08 10:36:20 - [MESSAGE][PASSED] - All options with index in [33] are selected on object 'Object Repository/Schedule3/Page_KDMC - CMS/select_--Select--Amoxycillin 2'

2018-05-08 10:36:20 - [TEST_STEP][PASSED] - setText: Text '500' is set on object 'Object Repository/Schedule3/Page_KDMC - CMS/input_txttreat'

2018-05-08 10:36:20 - [MESSAGE][PASSED] - Text '500' is set on object 'Object Repository/Schedule3/Page_KDMC - CMS/input_txttreat'

2018-05-08 10:36:20 - [TEST_STEP][PASSED] - delay: Delayed 1 second(s)

2018-05-08 10:36:21 - [MESSAGE][PASSED] - Delayed 1 second(s)

2018-05-08 10:36:21 - [TEST_STEP][PASSED] - click: Object: 'Object Repository/Schedule3/Page_KDMC - CMS/button_Add' is clicked on

2018-05-08 10:36:21 - [MESSAGE][PASSED] - Object: 'Object Repository/Schedule3/Page_KDMC - CMS/button_Add' is clicked on

2018-05-08 10:36:21 - [TEST_STEP][PASSED] - selectOptionByIndex: All options with index in [3] are selected on object 'Object Repository/Schedule3/Page_KDMC - CMS/select_--Select--Schedule 1Inj'

2018-05-08 10:36:21 - [MESSAGE][PASSED] - All options with index in [3] are selected on object 'Object Repository/Schedule3/Page_KDMC - CMS/select_--Select--Schedule 1Inj'

2018-05-08 10:36:21 - [TEST_STEP][PASSED] - selectOptionByIndex: All options with index in [34] are selected on object 'Object Repository/Schedule3/Page_KDMC - CMS/select_--Select--Amoxycillin 2'

2018-05-08 10:36:21 - [MESSAGE][PASSED] - All options with index in [34] are selected on object 'Object Repository/Schedule3/Page_KDMC - CMS/select_--Select--Amoxycillin 2'

2018-05-08 10:36:21 - [TEST_STEP][PASSED] - setText: Text '500' is set on object 'Object Repository/Schedule3/Page_KDMC - CMS/input_txttreat'

2018-05-08 10:36:21 - [MESSAGE][PASSED] - Text '500' is set on object 'Object Repository/Schedule3/Page_KDMC - CMS/input_txttreat'

2018-05-08 10:36:21 - [TEST_STEP][PASSED] - delay: Delayed 1 second(s)

2018-05-08 10:36:23 - [MESSAGE][PASSED] - Delayed 1 second(s)

2018-05-08 10:36:23 - [TEST_STEP][PASSED] - click: Object: 'Object Repository/Schedule3/Page_KDMC - CMS/button_Add' is clicked on

2018-05-08 10:36:23 - [MESSAGE][PASSED] - Object: 'Object Repository/Schedule3/Page_KDMC - CMS/button_Add' is clicked on

2018-05-08 10:36:23 - [TEST_STEP][PASSED] - selectOptionByIndex: All options with index in [3] are selected on object 'Object Repository/Schedule3/Page_KDMC - CMS/select_--Select--Schedule 1Inj'

2018-05-08 10:36:23 - [MESSAGE][PASSED] - All options with index in [3] are selected on object 'Object Repository/Schedule3/Page_KDMC - CMS/select_--Select--Schedule 1Inj'

2018-05-08 10:36:23 - [TEST_STEP][PASSED] - selectOptionByIndex: All options with index in [35] are selected on object 'Object Repository/Schedule3/Page_KDMC - CMS/select_--Select--Amoxycillin 2'

2018-05-08 10:36:24 - [MESSAGE][PASSED] - All options with index in [35] are selected on object 'Object Repository/Schedule3/Page_KDMC - CMS/select_--Select--Amoxycillin 2'

2018-05-08 10:36:24 - [TEST_STEP][PASSED] - setText: Text '500' is set on object 'Object Repository/Schedule3/Page_KDMC - CMS/input_txttreat'

2018-05-08 10:36:24 - [MESSAGE][PASSED] - Text '500' is set on object 'Object Repository/Schedule3/Page_KDMC - CMS/input_txttreat'

2018-05-08 10:36:24 - [TEST_STEP][PASSED] - delay: Delayed 1 second(s)

2018-05-08 10:36:25 - [MESSAGE][PASSED] - Delayed 1 second(s)

2018-05-08 10:36:25 - [TEST_STEP][PASSED] - click: Object: 'Object Repository/Schedule3/Page_KDMC - CMS/button_Add' is clicked on

2018-05-08 10:36:25 - [MESSAGE][PASSED] - Object: 'Object Repository/Schedule3/Page_KDMC - CMS/button_Add' is clicked on

2018-05-08 10:36:25 - [TEST_STEP][PASSED] - selectOptionByIndex: All options with index in [3] are selected on object 'Object Repository/Schedule3/Page_KDMC - CMS/select_--Select--Schedule 1Inj'

2018-05-08 10:36:25 - [MESSAGE][PASSED] - All options with index in [3] are selected on object 'Object Repository/Schedule3/Page_KDMC - CMS/select_--Select--Schedule 1Inj'

2018-05-08 10:36:25 - [TEST_STEP][PASSED] - selectOptionByIndex: All options with index in [36] are selected on object 'Object Repository/Schedule3/Page_KDMC - CMS/select_--Select--Amoxycillin 2'

2018-05-08 10:36:25 - [MESSAGE][PASSED] - All options with index in [36] are selected on object 'Object Repository/Schedule3/Page_KDMC - CMS/select_--Select--Amoxycillin 2'

2018-05-08 10:36:25 - [TEST_STEP][PASSED] - setText: Text '500' is set on object 'Object Repository/Schedule3/Page_KDMC - CMS/input_txttreat'

2018-05-08 10:36:25 - [MESSAGE][PASSED] - Text '500' is set on object 'Object Repository/Schedule3/Page_KDMC - CMS/input_txttreat'

2018-05-08 10:36:25 - [TEST_STEP][PASSED] - delay: Delayed 1 second(s)

2018-05-08 10:36:26 - [MESSAGE][PASSED] - Delayed 1 second(s)

2018-05-08 10:36:26 - [TEST_STEP][PASSED] - click: Object: 'Object Repository/Schedule3/Page_KDMC - CMS/button_Add' is clicked on

2018-05-08 10:36:27 - [MESSAGE][PASSED] - Object: 'Object Repository/Schedule3/Page_KDMC - CMS/button_Add' is clicked on

2018-05-08 10:36:27 - [TEST_STEP][PASSED] - delay: Delayed 3 second(s)

2018-05-08 10:36:30 - [MESSAGE][PASSED] - Delayed 3 second(s)

2018-05-08 10:36:30 - [TEST_STEP][PASSED] - scrollToElement: Scroll to object 'Object Repository/Schedule3/Page_KDMC - CMS/input_btnsave' successfully

2018-05-08 10:36:30 - [MESSAGE][PASSED] - Scroll to object 'Object Repository/Schedule3/Page_KDMC - CMS/input_btnsave' successfully

2018-05-08 10:36:30 - [TEST_STEP][PASSED] - click: Object: 'Object Repository/Schedule3/Page_KDMC - CMS/input_btnsave' is clicked on

2018-05-08 10:36:30 - [MESSAGE][PASSED] - Object: 'Object Repository/Schedule3/Page_KDMC - CMS/input_btnsave' is clicked on

2018-05-08 10:36:30 - [TEST_STEP][PASSED] - waitForElementPresent: Object 'Object Repository/Schedule3/Page_KDMC - CMS/button_OK' is present

2018-05-08 10:36:30 - [MESSAGE][PASSED] - Object 'Object Repository/Schedule3/Page_KDMC - CMS/button_OK' is present

2018-05-08 10:36:30 - [TEST_STEP][PASSED] - click: Object: 'Object Repository/Schedule3/Page_KDMC - CMS/button_OK' is clicked on

2018-05-08 10:36:32 - [MESSAGE][PASSED] - Object: 'Object Repository/Schedule3/Page_KDMC - CMS/button_OK' is clicked on

2018-05-08 10:36:32 - [TEST_STEP][PASSED] - delay: Delayed 3 second(s)

2018-05-08 10:36:35 - [MESSAGE][PASSED] - Delayed 3 second(s)

2018-05-08 10:36:35 - [TEST_STEP][PASSED] - click: Object: 'Object Repository/Schedule3/Page_KDMC - CMS/a_dropdown-toggle' is clicked on

2018-05-08 10:36:35 - [MESSAGE][PASSED] - Object: 'Object Repository/Schedule3/Page_KDMC - CMS/a_dropdown-toggle' is clicked on

2018-05-08 10:36:35 - [TEST_STEP][PASSED] - click: Object: 'Object Repository/Schedule3/Page_KDMC - CMS/a_Sign out' is clicked on

2018-05-08 10:36:38 - [MESSAGE][PASSED] - Object: 'Object Repository/Schedule3/Page_KDMC - CMS/a_Sign out' is clicked on

2018-05-08 10:36:38 - [TEST_STEP][PASSED] - closeBrowser: Browser is closed

2018-05-08 10:36:39 - [MESSAGE][PASSED] - Browser is closed]]></system-out>
         <system-err><![CDATA[]]></system-err>
      </testcase>
      <testcase name="Test Cases/MOH TO CMS REQUEST/MohRequestSchedule4" classname="Test Cases/MOH TO CMS REQUEST/MohRequestSchedule4" status="PASSED">
         <system-out><![CDATA[2018-05-08 10:36:39 - [TEST_CASE][PASSED] - Test Cases/MOH TO CMS REQUEST/MohRequestSchedule4: Test Cases/MOH TO CMS REQUEST/MohRequestSchedule4

2018-05-08 10:36:39 - [TEST_STEP][PASSED] - openBrowser: Browser is opened with url: ''

2018-05-08 10:36:41 - [MESSAGE][PASSED] - Browser is opened with url: ''

2018-05-08 10:36:41 - [TEST_STEP][PASSED] - navigateToUrl: Navigate to 'http://192.168.137.1/multihospital_new/' successfully

2018-05-08 10:36:46 - [MESSAGE][PASSED] - Navigate to 'http://192.168.137.1/multihospital_new/' successfully

2018-05-08 10:36:46 - [TEST_STEP][PASSED] - maximizeWindow: Current window maximized

2018-05-08 10:36:47 - [MESSAGE][PASSED] - Current window maximized

2018-05-08 10:36:47 - [TEST_STEP][PASSED] - click: Object: 'Object Repository/Schedule4/Page_KDMC/a_CMS' is clicked on

2018-05-08 10:36:55 - [MESSAGE][PASSED] - Object: 'Object Repository/Schedule4/Page_KDMC/a_CMS' is clicked on

2018-05-08 10:36:55 - [TEST_STEP][PASSED] - setText: Text 'bala' is set on object 'Object Repository/Schedule4/Page_CMS login/input_txtusername'

2018-05-08 10:36:55 - [MESSAGE][PASSED] - Text 'bala' is set on object 'Object Repository/Schedule4/Page_CMS login/input_txtusername'

2018-05-08 10:36:55 - [TEST_STEP][PASSED] - setText: Text '123' is set on object 'Object Repository/Schedule4/Page_CMS login/input_txtpassword'

2018-05-08 10:36:55 - [MESSAGE][PASSED] - Text '123' is set on object 'Object Repository/Schedule4/Page_CMS login/input_txtpassword'

2018-05-08 10:36:55 - [TEST_STEP][PASSED] - delay: Delayed 4 second(s)

2018-05-08 10:36:59 - [MESSAGE][PASSED] - Delayed 4 second(s)

2018-05-08 10:36:59 - [TEST_STEP][PASSED] - click: Object: 'Object Repository/Schedule4/Page_CMS login/button_Sign in' is clicked on

2018-05-08 10:37:00 - [MESSAGE][PASSED] - Object: 'Object Repository/Schedule4/Page_CMS login/button_Sign in' is clicked on

2018-05-08 10:37:00 - [TEST_STEP][PASSED] - click: Object: 'Object Repository/Schedule4/Page_KDMC - CMS/a_Request to MOH' is clicked on

2018-05-08 10:37:02 - [MESSAGE][PASSED] - Object: 'Object Repository/Schedule4/Page_KDMC - CMS/a_Request to MOH' is clicked on

2018-05-08 10:37:02 - [TEST_STEP][PASSED] - selectOptionByValue: All options with value 'Weekly/Monthly' are selected in object 'Object Repository/Schedule4/Page_KDMC - CMS/select_--Select--'  using regular expression

2018-05-08 10:37:03 - [MESSAGE][PASSED] - All options with value 'Weekly/Monthly' are selected in object 'Object Repository/Schedule4/Page_KDMC - CMS/select_--Select--'  using regular expression

2018-05-08 10:37:03 - [TEST_STEP][PASSED] - selectOptionByValue: All options with value '4' are selected in object 'Object Repository/Schedule4/Page_KDMC - CMS/select_--Select--Schedule 1Inj'  using regular expression

2018-05-08 10:37:03 - [MESSAGE][PASSED] - All options with value '4' are selected in object 'Object Repository/Schedule4/Page_KDMC - CMS/select_--Select--Schedule 1Inj'  using regular expression

2018-05-08 10:37:03 - [TEST_STEP][PASSED] - Statement - Selectedoptions = com.kms.katalon.core.webui.keyword.WebUiBuiltInKeywords.getNumberOfTotalOption(com.kms.katalon.core.testobject.ObjectRepository.findTestObject(Schedule4/Page_KDMC - CMS/select_--Select--Automatic x-r)): 16 options of object 'Object Repository/Schedule4/Page_KDMC - CMS/select_--Select--Automatic x-r' counted

2018-05-08 10:37:03 - [MESSAGE][PASSED] - 16 options of object 'Object Repository/Schedule4/Page_KDMC - CMS/select_--Select--Automatic x-r' counted

2018-05-08 10:37:03 - [TEST_STEP][PASSED] - Statement - For ([j = 1, j <= Selectedoptions - 1, (j++)]): Object: 'Object Repository/Schedule4/Page_KDMC - CMS/button_Add' is clicked on

2018-05-08 10:37:03 - [TEST_STEP][PASSED] - selectOptionByValue: All options with value '4' are selected in object 'Object Repository/Schedule4/Page_KDMC - CMS/select_--Select--Schedule 1Inj'  using regular expression

2018-05-08 10:37:03 - [MESSAGE][PASSED] - All options with value '4' are selected in object 'Object Repository/Schedule4/Page_KDMC - CMS/select_--Select--Schedule 1Inj'  using regular expression

2018-05-08 10:37:03 - [TEST_STEP][PASSED] - selectOptionByIndex: All options with index in [1] are selected on object 'Object Repository/Schedule4/Page_KDMC - CMS/select_--Select--Automatic x-r'

2018-05-08 10:37:03 - [MESSAGE][PASSED] - All options with index in [1] are selected on object 'Object Repository/Schedule4/Page_KDMC - CMS/select_--Select--Automatic x-r'

2018-05-08 10:37:03 - [TEST_STEP][PASSED] - setText: Text '5000' is set on object 'Object Repository/Schedule4/Page_KDMC - CMS/input_txttreat'

2018-05-08 10:37:03 - [MESSAGE][PASSED] - Text '5000' is set on object 'Object Repository/Schedule4/Page_KDMC - CMS/input_txttreat'

2018-05-08 10:37:03 - [TEST_STEP][PASSED] - click: Object: 'Object Repository/Schedule4/Page_KDMC - CMS/button_Add' is clicked on

2018-05-08 10:37:03 - [MESSAGE][PASSED] - Object: 'Object Repository/Schedule4/Page_KDMC - CMS/button_Add' is clicked on

2018-05-08 10:37:03 - [TEST_STEP][PASSED] - selectOptionByValue: All options with value '4' are selected in object 'Object Repository/Schedule4/Page_KDMC - CMS/select_--Select--Schedule 1Inj'  using regular expression

2018-05-08 10:37:04 - [MESSAGE][PASSED] - All options with value '4' are selected in object 'Object Repository/Schedule4/Page_KDMC - CMS/select_--Select--Schedule 1Inj'  using regular expression

2018-05-08 10:37:04 - [TEST_STEP][PASSED] - selectOptionByIndex: All options with index in [2] are selected on object 'Object Repository/Schedule4/Page_KDMC - CMS/select_--Select--Automatic x-r'

2018-05-08 10:37:04 - [MESSAGE][PASSED] - All options with index in [2] are selected on object 'Object Repository/Schedule4/Page_KDMC - CMS/select_--Select--Automatic x-r'

2018-05-08 10:37:04 - [TEST_STEP][PASSED] - setText: Text '5000' is set on object 'Object Repository/Schedule4/Page_KDMC - CMS/input_txttreat'

2018-05-08 10:37:04 - [MESSAGE][PASSED] - Text '5000' is set on object 'Object Repository/Schedule4/Page_KDMC - CMS/input_txttreat'

2018-05-08 10:37:04 - [TEST_STEP][PASSED] - click: Object: 'Object Repository/Schedule4/Page_KDMC - CMS/button_Add' is clicked on

2018-05-08 10:37:04 - [MESSAGE][PASSED] - Object: 'Object Repository/Schedule4/Page_KDMC - CMS/button_Add' is clicked on

2018-05-08 10:37:04 - [TEST_STEP][PASSED] - selectOptionByValue: All options with value '4' are selected in object 'Object Repository/Schedule4/Page_KDMC - CMS/select_--Select--Schedule 1Inj'  using regular expression

2018-05-08 10:37:04 - [MESSAGE][PASSED] - All options with value '4' are selected in object 'Object Repository/Schedule4/Page_KDMC - CMS/select_--Select--Schedule 1Inj'  using regular expression

2018-05-08 10:37:04 - [TEST_STEP][PASSED] - selectOptionByIndex: All options with index in [3] are selected on object 'Object Repository/Schedule4/Page_KDMC - CMS/select_--Select--Automatic x-r'

2018-05-08 10:37:04 - [MESSAGE][PASSED] - All options with index in [3] are selected on object 'Object Repository/Schedule4/Page_KDMC - CMS/select_--Select--Automatic x-r'

2018-05-08 10:37:04 - [TEST_STEP][PASSED] - setText: Text '5000' is set on object 'Object Repository/Schedule4/Page_KDMC - CMS/input_txttreat'

2018-05-08 10:37:05 - [MESSAGE][PASSED] - Text '5000' is set on object 'Object Repository/Schedule4/Page_KDMC - CMS/input_txttreat'

2018-05-08 10:37:05 - [TEST_STEP][PASSED] - click: Object: 'Object Repository/Schedule4/Page_KDMC - CMS/button_Add' is clicked on

2018-05-08 10:37:05 - [MESSAGE][PASSED] - Object: 'Object Repository/Schedule4/Page_KDMC - CMS/button_Add' is clicked on

2018-05-08 10:37:05 - [TEST_STEP][PASSED] - selectOptionByValue: All options with value '4' are selected in object 'Object Repository/Schedule4/Page_KDMC - CMS/select_--Select--Schedule 1Inj'  using regular expression

2018-05-08 10:37:05 - [MESSAGE][PASSED] - All options with value '4' are selected in object 'Object Repository/Schedule4/Page_KDMC - CMS/select_--Select--Schedule 1Inj'  using regular expression

2018-05-08 10:37:05 - [TEST_STEP][PASSED] - selectOptionByIndex: All options with index in [4] are selected on object 'Object Repository/Schedule4/Page_KDMC - CMS/select_--Select--Automatic x-r'

2018-05-08 10:37:05 - [MESSAGE][PASSED] - All options with index in [4] are selected on object 'Object Repository/Schedule4/Page_KDMC - CMS/select_--Select--Automatic x-r'

2018-05-08 10:37:05 - [TEST_STEP][PASSED] - setText: Text '5000' is set on object 'Object Repository/Schedule4/Page_KDMC - CMS/input_txttreat'

2018-05-08 10:37:05 - [MESSAGE][PASSED] - Text '5000' is set on object 'Object Repository/Schedule4/Page_KDMC - CMS/input_txttreat'

2018-05-08 10:37:05 - [TEST_STEP][PASSED] - click: Object: 'Object Repository/Schedule4/Page_KDMC - CMS/button_Add' is clicked on

2018-05-08 10:37:05 - [MESSAGE][PASSED] - Object: 'Object Repository/Schedule4/Page_KDMC - CMS/button_Add' is clicked on

2018-05-08 10:37:05 - [TEST_STEP][PASSED] - selectOptionByValue: All options with value '4' are selected in object 'Object Repository/Schedule4/Page_KDMC - CMS/select_--Select--Schedule 1Inj'  using regular expression

2018-05-08 10:37:05 - [MESSAGE][PASSED] - All options with value '4' are selected in object 'Object Repository/Schedule4/Page_KDMC - CMS/select_--Select--Schedule 1Inj'  using regular expression

2018-05-08 10:37:05 - [TEST_STEP][PASSED] - selectOptionByIndex: All options with index in [5] are selected on object 'Object Repository/Schedule4/Page_KDMC - CMS/select_--Select--Automatic x-r'

2018-05-08 10:37:06 - [MESSAGE][PASSED] - All options with index in [5] are selected on object 'Object Repository/Schedule4/Page_KDMC - CMS/select_--Select--Automatic x-r'

2018-05-08 10:37:06 - [TEST_STEP][PASSED] - setText: Text '5000' is set on object 'Object Repository/Schedule4/Page_KDMC - CMS/input_txttreat'

2018-05-08 10:37:06 - [MESSAGE][PASSED] - Text '5000' is set on object 'Object Repository/Schedule4/Page_KDMC - CMS/input_txttreat'

2018-05-08 10:37:06 - [TEST_STEP][PASSED] - click: Object: 'Object Repository/Schedule4/Page_KDMC - CMS/button_Add' is clicked on

2018-05-08 10:37:06 - [MESSAGE][PASSED] - Object: 'Object Repository/Schedule4/Page_KDMC - CMS/button_Add' is clicked on

2018-05-08 10:37:06 - [TEST_STEP][PASSED] - selectOptionByValue: All options with value '4' are selected in object 'Object Repository/Schedule4/Page_KDMC - CMS/select_--Select--Schedule 1Inj'  using regular expression

2018-05-08 10:37:06 - [MESSAGE][PASSED] - All options with value '4' are selected in object 'Object Repository/Schedule4/Page_KDMC - CMS/select_--Select--Schedule 1Inj'  using regular expression

2018-05-08 10:37:06 - [TEST_STEP][PASSED] - selectOptionByIndex: All options with index in [6] are selected on object 'Object Repository/Schedule4/Page_KDMC - CMS/select_--Select--Automatic x-r'

2018-05-08 10:37:06 - [MESSAGE][PASSED] - All options with index in [6] are selected on object 'Object Repository/Schedule4/Page_KDMC - CMS/select_--Select--Automatic x-r'

2018-05-08 10:37:06 - [TEST_STEP][PASSED] - setText: Text '5000' is set on object 'Object Repository/Schedule4/Page_KDMC - CMS/input_txttreat'

2018-05-08 10:37:06 - [MESSAGE][PASSED] - Text '5000' is set on object 'Object Repository/Schedule4/Page_KDMC - CMS/input_txttreat'

2018-05-08 10:37:06 - [TEST_STEP][PASSED] - click: Object: 'Object Repository/Schedule4/Page_KDMC - CMS/button_Add' is clicked on

2018-05-08 10:37:06 - [MESSAGE][PASSED] - Object: 'Object Repository/Schedule4/Page_KDMC - CMS/button_Add' is clicked on

2018-05-08 10:37:06 - [TEST_STEP][PASSED] - selectOptionByValue: All options with value '4' are selected in object 'Object Repository/Schedule4/Page_KDMC - CMS/select_--Select--Schedule 1Inj'  using regular expression

2018-05-08 10:37:07 - [MESSAGE][PASSED] - All options with value '4' are selected in object 'Object Repository/Schedule4/Page_KDMC - CMS/select_--Select--Schedule 1Inj'  using regular expression

2018-05-08 10:37:07 - [TEST_STEP][PASSED] - selectOptionByIndex: All options with index in [7] are selected on object 'Object Repository/Schedule4/Page_KDMC - CMS/select_--Select--Automatic x-r'

2018-05-08 10:37:07 - [MESSAGE][PASSED] - All options with index in [7] are selected on object 'Object Repository/Schedule4/Page_KDMC - CMS/select_--Select--Automatic x-r'

2018-05-08 10:37:07 - [TEST_STEP][PASSED] - setText: Text '5000' is set on object 'Object Repository/Schedule4/Page_KDMC - CMS/input_txttreat'

2018-05-08 10:37:07 - [MESSAGE][PASSED] - Text '5000' is set on object 'Object Repository/Schedule4/Page_KDMC - CMS/input_txttreat'

2018-05-08 10:37:07 - [TEST_STEP][PASSED] - click: Object: 'Object Repository/Schedule4/Page_KDMC - CMS/button_Add' is clicked on

2018-05-08 10:37:07 - [MESSAGE][PASSED] - Object: 'Object Repository/Schedule4/Page_KDMC - CMS/button_Add' is clicked on

2018-05-08 10:37:07 - [TEST_STEP][PASSED] - selectOptionByValue: All options with value '4' are selected in object 'Object Repository/Schedule4/Page_KDMC - CMS/select_--Select--Schedule 1Inj'  using regular expression

2018-05-08 10:37:07 - [MESSAGE][PASSED] - All options with value '4' are selected in object 'Object Repository/Schedule4/Page_KDMC - CMS/select_--Select--Schedule 1Inj'  using regular expression

2018-05-08 10:37:07 - [TEST_STEP][PASSED] - selectOptionByIndex: All options with index in [8] are selected on object 'Object Repository/Schedule4/Page_KDMC - CMS/select_--Select--Automatic x-r'

2018-05-08 10:37:07 - [MESSAGE][PASSED] - All options with index in [8] are selected on object 'Object Repository/Schedule4/Page_KDMC - CMS/select_--Select--Automatic x-r'

2018-05-08 10:37:07 - [TEST_STEP][PASSED] - setText: Text '5000' is set on object 'Object Repository/Schedule4/Page_KDMC - CMS/input_txttreat'

2018-05-08 10:37:07 - [MESSAGE][PASSED] - Text '5000' is set on object 'Object Repository/Schedule4/Page_KDMC - CMS/input_txttreat'

2018-05-08 10:37:07 - [TEST_STEP][PASSED] - click: Object: 'Object Repository/Schedule4/Page_KDMC - CMS/button_Add' is clicked on

2018-05-08 10:37:07 - [MESSAGE][PASSED] - Object: 'Object Repository/Schedule4/Page_KDMC - CMS/button_Add' is clicked on

2018-05-08 10:37:07 - [TEST_STEP][PASSED] - selectOptionByValue: All options with value '4' are selected in object 'Object Repository/Schedule4/Page_KDMC - CMS/select_--Select--Schedule 1Inj'  using regular expression

2018-05-08 10:37:08 - [MESSAGE][PASSED] - All options with value '4' are selected in object 'Object Repository/Schedule4/Page_KDMC - CMS/select_--Select--Schedule 1Inj'  using regular expression

2018-05-08 10:37:08 - [TEST_STEP][PASSED] - selectOptionByIndex: All options with index in [9] are selected on object 'Object Repository/Schedule4/Page_KDMC - CMS/select_--Select--Automatic x-r'

2018-05-08 10:37:08 - [MESSAGE][PASSED] - All options with index in [9] are selected on object 'Object Repository/Schedule4/Page_KDMC - CMS/select_--Select--Automatic x-r'

2018-05-08 10:37:08 - [TEST_STEP][PASSED] - setText: Text '5000' is set on object 'Object Repository/Schedule4/Page_KDMC - CMS/input_txttreat'

2018-05-08 10:37:08 - [MESSAGE][PASSED] - Text '5000' is set on object 'Object Repository/Schedule4/Page_KDMC - CMS/input_txttreat'

2018-05-08 10:37:08 - [TEST_STEP][PASSED] - click: Object: 'Object Repository/Schedule4/Page_KDMC - CMS/button_Add' is clicked on

2018-05-08 10:37:08 - [MESSAGE][PASSED] - Object: 'Object Repository/Schedule4/Page_KDMC - CMS/button_Add' is clicked on

2018-05-08 10:37:08 - [TEST_STEP][PASSED] - selectOptionByValue: All options with value '4' are selected in object 'Object Repository/Schedule4/Page_KDMC - CMS/select_--Select--Schedule 1Inj'  using regular expression

2018-05-08 10:37:08 - [MESSAGE][PASSED] - All options with value '4' are selected in object 'Object Repository/Schedule4/Page_KDMC - CMS/select_--Select--Schedule 1Inj'  using regular expression

2018-05-08 10:37:08 - [TEST_STEP][PASSED] - selectOptionByIndex: All options with index in [10] are selected on object 'Object Repository/Schedule4/Page_KDMC - CMS/select_--Select--Automatic x-r'

2018-05-08 10:37:08 - [MESSAGE][PASSED] - All options with index in [10] are selected on object 'Object Repository/Schedule4/Page_KDMC - CMS/select_--Select--Automatic x-r'

2018-05-08 10:37:08 - [TEST_STEP][PASSED] - setText: Text '5000' is set on object 'Object Repository/Schedule4/Page_KDMC - CMS/input_txttreat'

2018-05-08 10:37:09 - [MESSAGE][PASSED] - Text '5000' is set on object 'Object Repository/Schedule4/Page_KDMC - CMS/input_txttreat'

2018-05-08 10:37:09 - [TEST_STEP][PASSED] - click: Object: 'Object Repository/Schedule4/Page_KDMC - CMS/button_Add' is clicked on

2018-05-08 10:37:09 - [MESSAGE][PASSED] - Object: 'Object Repository/Schedule4/Page_KDMC - CMS/button_Add' is clicked on

2018-05-08 10:37:09 - [TEST_STEP][PASSED] - selectOptionByValue: All options with value '4' are selected in object 'Object Repository/Schedule4/Page_KDMC - CMS/select_--Select--Schedule 1Inj'  using regular expression

2018-05-08 10:37:09 - [MESSAGE][PASSED] - All options with value '4' are selected in object 'Object Repository/Schedule4/Page_KDMC - CMS/select_--Select--Schedule 1Inj'  using regular expression

2018-05-08 10:37:09 - [TEST_STEP][PASSED] - selectOptionByIndex: All options with index in [11] are selected on object 'Object Repository/Schedule4/Page_KDMC - CMS/select_--Select--Automatic x-r'

2018-05-08 10:37:09 - [MESSAGE][PASSED] - All options with index in [11] are selected on object 'Object Repository/Schedule4/Page_KDMC - CMS/select_--Select--Automatic x-r'

2018-05-08 10:37:09 - [TEST_STEP][PASSED] - setText: Text '5000' is set on object 'Object Repository/Schedule4/Page_KDMC - CMS/input_txttreat'

2018-05-08 10:37:09 - [MESSAGE][PASSED] - Text '5000' is set on object 'Object Repository/Schedule4/Page_KDMC - CMS/input_txttreat'

2018-05-08 10:37:09 - [TEST_STEP][PASSED] - click: Object: 'Object Repository/Schedule4/Page_KDMC - CMS/button_Add' is clicked on

2018-05-08 10:37:09 - [MESSAGE][PASSED] - Object: 'Object Repository/Schedule4/Page_KDMC - CMS/button_Add' is clicked on

2018-05-08 10:37:09 - [TEST_STEP][PASSED] - selectOptionByValue: All options with value '4' are selected in object 'Object Repository/Schedule4/Page_KDMC - CMS/select_--Select--Schedule 1Inj'  using regular expression

2018-05-08 10:37:09 - [MESSAGE][PASSED] - All options with value '4' are selected in object 'Object Repository/Schedule4/Page_KDMC - CMS/select_--Select--Schedule 1Inj'  using regular expression

2018-05-08 10:37:09 - [TEST_STEP][PASSED] - selectOptionByIndex: All options with index in [12] are selected on object 'Object Repository/Schedule4/Page_KDMC - CMS/select_--Select--Automatic x-r'

2018-05-08 10:37:10 - [MESSAGE][PASSED] - All options with index in [12] are selected on object 'Object Repository/Schedule4/Page_KDMC - CMS/select_--Select--Automatic x-r'

2018-05-08 10:37:10 - [TEST_STEP][PASSED] - setText: Text '5000' is set on object 'Object Repository/Schedule4/Page_KDMC - CMS/input_txttreat'

2018-05-08 10:37:10 - [MESSAGE][PASSED] - Text '5000' is set on object 'Object Repository/Schedule4/Page_KDMC - CMS/input_txttreat'

2018-05-08 10:37:10 - [TEST_STEP][PASSED] - click: Object: 'Object Repository/Schedule4/Page_KDMC - CMS/button_Add' is clicked on

2018-05-08 10:37:10 - [MESSAGE][PASSED] - Object: 'Object Repository/Schedule4/Page_KDMC - CMS/button_Add' is clicked on

2018-05-08 10:37:10 - [TEST_STEP][PASSED] - selectOptionByValue: All options with value '4' are selected in object 'Object Repository/Schedule4/Page_KDMC - CMS/select_--Select--Schedule 1Inj'  using regular expression

2018-05-08 10:37:10 - [MESSAGE][PASSED] - All options with value '4' are selected in object 'Object Repository/Schedule4/Page_KDMC - CMS/select_--Select--Schedule 1Inj'  using regular expression

2018-05-08 10:37:10 - [TEST_STEP][PASSED] - selectOptionByIndex: All options with index in [13] are selected on object 'Object Repository/Schedule4/Page_KDMC - CMS/select_--Select--Automatic x-r'

2018-05-08 10:37:10 - [MESSAGE][PASSED] - All options with index in [13] are selected on object 'Object Repository/Schedule4/Page_KDMC - CMS/select_--Select--Automatic x-r'

2018-05-08 10:37:10 - [TEST_STEP][PASSED] - setText: Text '5000' is set on object 'Object Repository/Schedule4/Page_KDMC - CMS/input_txttreat'

2018-05-08 10:37:10 - [MESSAGE][PASSED] - Text '5000' is set on object 'Object Repository/Schedule4/Page_KDMC - CMS/input_txttreat'

2018-05-08 10:37:10 - [TEST_STEP][PASSED] - click: Object: 'Object Repository/Schedule4/Page_KDMC - CMS/button_Add' is clicked on

2018-05-08 10:37:10 - [MESSAGE][PASSED] - Object: 'Object Repository/Schedule4/Page_KDMC - CMS/button_Add' is clicked on

2018-05-08 10:37:10 - [TEST_STEP][PASSED] - selectOptionByValue: All options with value '4' are selected in object 'Object Repository/Schedule4/Page_KDMC - CMS/select_--Select--Schedule 1Inj'  using regular expression

2018-05-08 10:37:11 - [MESSAGE][PASSED] - All options with value '4' are selected in object 'Object Repository/Schedule4/Page_KDMC - CMS/select_--Select--Schedule 1Inj'  using regular expression

2018-05-08 10:37:11 - [TEST_STEP][PASSED] - selectOptionByIndex: All options with index in [14] are selected on object 'Object Repository/Schedule4/Page_KDMC - CMS/select_--Select--Automatic x-r'

2018-05-08 10:37:11 - [MESSAGE][PASSED] - All options with index in [14] are selected on object 'Object Repository/Schedule4/Page_KDMC - CMS/select_--Select--Automatic x-r'

2018-05-08 10:37:11 - [TEST_STEP][PASSED] - setText: Text '5000' is set on object 'Object Repository/Schedule4/Page_KDMC - CMS/input_txttreat'

2018-05-08 10:37:11 - [MESSAGE][PASSED] - Text '5000' is set on object 'Object Repository/Schedule4/Page_KDMC - CMS/input_txttreat'

2018-05-08 10:37:11 - [TEST_STEP][PASSED] - click: Object: 'Object Repository/Schedule4/Page_KDMC - CMS/button_Add' is clicked on

2018-05-08 10:37:11 - [MESSAGE][PASSED] - Object: 'Object Repository/Schedule4/Page_KDMC - CMS/button_Add' is clicked on

2018-05-08 10:37:11 - [TEST_STEP][PASSED] - selectOptionByValue: All options with value '4' are selected in object 'Object Repository/Schedule4/Page_KDMC - CMS/select_--Select--Schedule 1Inj'  using regular expression

2018-05-08 10:37:11 - [MESSAGE][PASSED] - All options with value '4' are selected in object 'Object Repository/Schedule4/Page_KDMC - CMS/select_--Select--Schedule 1Inj'  using regular expression

2018-05-08 10:37:11 - [TEST_STEP][PASSED] - selectOptionByIndex: All options with index in [15] are selected on object 'Object Repository/Schedule4/Page_KDMC - CMS/select_--Select--Automatic x-r'

2018-05-08 10:37:12 - [MESSAGE][PASSED] - All options with index in [15] are selected on object 'Object Repository/Schedule4/Page_KDMC - CMS/select_--Select--Automatic x-r'

2018-05-08 10:37:12 - [TEST_STEP][PASSED] - setText: Text '5000' is set on object 'Object Repository/Schedule4/Page_KDMC - CMS/input_txttreat'

2018-05-08 10:37:12 - [MESSAGE][PASSED] - Text '5000' is set on object 'Object Repository/Schedule4/Page_KDMC - CMS/input_txttreat'

2018-05-08 10:37:12 - [TEST_STEP][PASSED] - click: Object: 'Object Repository/Schedule4/Page_KDMC - CMS/button_Add' is clicked on

2018-05-08 10:37:12 - [MESSAGE][PASSED] - Object: 'Object Repository/Schedule4/Page_KDMC - CMS/button_Add' is clicked on

2018-05-08 10:37:12 - [TEST_STEP][PASSED] - scrollToElement: Scroll to object 'Object Repository/Schedule4/Page_KDMC - CMS/input_btnsave' successfully

2018-05-08 10:37:12 - [MESSAGE][PASSED] - Scroll to object 'Object Repository/Schedule4/Page_KDMC - CMS/input_btnsave' successfully

2018-05-08 10:37:12 - [TEST_STEP][PASSED] - click: Object: 'Object Repository/Schedule4/Page_KDMC - CMS/input_btnsave' is clicked on

2018-05-08 10:37:12 - [MESSAGE][PASSED] - Object: 'Object Repository/Schedule4/Page_KDMC - CMS/input_btnsave' is clicked on

2018-05-08 10:37:12 - [TEST_STEP][PASSED] - waitForElementPresent: Object 'Object Repository/Schedule4/Page_KDMC - CMS/button_OK' is present

2018-05-08 10:37:12 - [MESSAGE][PASSED] - Object 'Object Repository/Schedule4/Page_KDMC - CMS/button_OK' is present

2018-05-08 10:37:12 - [TEST_STEP][PASSED] - click: Object: 'Object Repository/Schedule4/Page_KDMC - CMS/button_OK' is clicked on

2018-05-08 10:37:14 - [MESSAGE][PASSED] - Object: 'Object Repository/Schedule4/Page_KDMC - CMS/button_OK' is clicked on

2018-05-08 10:37:14 - [TEST_STEP][PASSED] - delay: Delayed 3 second(s)

2018-05-08 10:37:17 - [MESSAGE][PASSED] - Delayed 3 second(s)

2018-05-08 10:37:17 - [TEST_STEP][PASSED] - click: Object: 'Object Repository/Schedule4/Page_KDMC - CMS/a_dropdown-toggle' is clicked on

2018-05-08 10:37:17 - [MESSAGE][PASSED] - Object: 'Object Repository/Schedule4/Page_KDMC - CMS/a_dropdown-toggle' is clicked on

2018-05-08 10:37:17 - [TEST_STEP][PASSED] - delay: Delayed 3 second(s)

2018-05-08 10:37:20 - [MESSAGE][PASSED] - Delayed 3 second(s)

2018-05-08 10:37:20 - [TEST_STEP][PASSED] - click: Object: 'Object Repository/Schedule4/Page_KDMC - CMS/a_Sign out' is clicked on

2018-05-08 10:37:21 - [MESSAGE][PASSED] - Object: 'Object Repository/Schedule4/Page_KDMC - CMS/a_Sign out' is clicked on

2018-05-08 10:37:21 - [TEST_STEP][PASSED] - closeBrowser: Browser is closed

2018-05-08 10:37:22 - [MESSAGE][PASSED] - Browser is closed]]></system-out>
         <system-err><![CDATA[]]></system-err>
      </testcase>
      <testcase name="Test Cases/MOH TO CMS REQUEST/MohRequestSchedule5" classname="Test Cases/MOH TO CMS REQUEST/MohRequestSchedule5" status="PASSED">
         <system-out><![CDATA[2018-05-08 10:37:22 - [TEST_CASE][PASSED] - Test Cases/MOH TO CMS REQUEST/MohRequestSchedule5: Test Cases/MOH TO CMS REQUEST/MohRequestSchedule5

2018-05-08 10:37:22 - [TEST_STEP][PASSED] - openBrowser: Browser is opened with url: ''

2018-05-08 10:37:24 - [MESSAGE][PASSED] - Browser is opened with url: ''

2018-05-08 10:37:24 - [TEST_STEP][PASSED] - navigateToUrl: Navigate to 'http://192.168.137.1/multihospital_new/' successfully

2018-05-08 10:37:39 - [MESSAGE][PASSED] - Navigate to 'http://192.168.137.1/multihospital_new/' successfully

2018-05-08 10:37:39 - [TEST_STEP][PASSED] - maximizeWindow: Current window maximized

2018-05-08 10:37:40 - [MESSAGE][PASSED] - Current window maximized

2018-05-08 10:37:40 - [TEST_STEP][PASSED] - click: Object: 'Object Repository/Schedule5/Page_KDMC/a_CMS' is clicked on

2018-05-08 10:37:41 - [MESSAGE][PASSED] - Object: 'Object Repository/Schedule5/Page_KDMC/a_CMS' is clicked on

2018-05-08 10:37:41 - [TEST_STEP][PASSED] - setText: Text 'bala' is set on object 'Object Repository/Schedule5/Page_CMS login/input_txtusername'

2018-05-08 10:37:41 - [MESSAGE][PASSED] - Text 'bala' is set on object 'Object Repository/Schedule5/Page_CMS login/input_txtusername'

2018-05-08 10:37:41 - [TEST_STEP][PASSED] - setText: Text '123' is set on object 'Object Repository/Schedule5/Page_CMS login/input_txtpassword'

2018-05-08 10:37:41 - [MESSAGE][PASSED] - Text '123' is set on object 'Object Repository/Schedule5/Page_CMS login/input_txtpassword'

2018-05-08 10:37:41 - [TEST_STEP][PASSED] - delay: Delayed 4 second(s)

2018-05-08 10:37:45 - [MESSAGE][PASSED] - Delayed 4 second(s)

2018-05-08 10:37:45 - [TEST_STEP][PASSED] - click: Object: 'Object Repository/Schedule5/Page_CMS login/button_Sign in' is clicked on

2018-05-08 10:37:46 - [MESSAGE][PASSED] - Object: 'Object Repository/Schedule5/Page_CMS login/button_Sign in' is clicked on

2018-05-08 10:37:46 - [TEST_STEP][PASSED] - click: Object: 'Object Repository/Schedule5/Page_KDMC - CMS/a_Request to MOH' is clicked on

2018-05-08 10:37:46 - [MESSAGE][PASSED] - Object: 'Object Repository/Schedule5/Page_KDMC - CMS/a_Request to MOH' is clicked on

2018-05-08 10:37:46 - [TEST_STEP][PASSED] - selectOptionByIndex: All options with index in [1] are selected on object 'Object Repository/Schedule5/Page_KDMC - CMS/select_--Select--'

2018-05-08 10:37:46 - [MESSAGE][PASSED] - All options with index in [1] are selected on object 'Object Repository/Schedule5/Page_KDMC - CMS/select_--Select--'

2018-05-08 10:37:46 - [TEST_STEP][PASSED] - selectOptionByIndex: All options with index in [5] are selected on object 'Object Repository/Schedule5/Page_KDMC - CMS/select_--Select--Schedule 1Inj'

2018-05-08 10:37:47 - [MESSAGE][PASSED] - All options with index in [5] are selected on object 'Object Repository/Schedule5/Page_KDMC - CMS/select_--Select--Schedule 1Inj'

2018-05-08 10:37:47 - [TEST_STEP][PASSED] - Statement - SelectOptions = com.kms.katalon.core.webui.keyword.WebUiBuiltInKeywords.getNumberOfTotalOption(com.kms.katalon.core.testobject.ObjectRepository.findTestObject(Schedule5/Page_KDMC - CMS/select_--Select--Schedule 1Inj)): 15 options of object 'Object Repository/Schedule5/Page_KDMC - CMS/select_--Select--Schedule 1Inj' counted

2018-05-08 10:37:47 - [MESSAGE][PASSED] - 15 options of object 'Object Repository/Schedule5/Page_KDMC - CMS/select_--Select--Schedule 1Inj' counted

2018-05-08 10:37:47 - [TEST_STEP][PASSED] - Statement - For ([q = 1, q <= SelectOptions - 1, (q++)]): Object: 'Object Repository/Schedule5/Page_KDMC - CMS/button_Add' is clicked on

2018-05-08 10:37:47 - [TEST_STEP][PASSED] - selectOptionByIndex: All options with index in [5] are selected on object 'Object Repository/Schedule5/Page_KDMC - CMS/select_--Select--Schedule 1Inj'

2018-05-08 10:37:47 - [MESSAGE][PASSED] - All options with index in [5] are selected on object 'Object Repository/Schedule5/Page_KDMC - CMS/select_--Select--Schedule 1Inj'

2018-05-08 10:37:47 - [TEST_STEP][PASSED] - selectOptionByIndex: All options with index in [1] are selected on object 'Object Repository/Schedule5/Page_KDMC - CMS/select_--Select--Alcohol Rub i'

2018-05-08 10:37:47 - [MESSAGE][PASSED] - All options with index in [1] are selected on object 'Object Repository/Schedule5/Page_KDMC - CMS/select_--Select--Alcohol Rub i'

2018-05-08 10:37:47 - [TEST_STEP][PASSED] - setText: Text '5000' is set on object 'Object Repository/Schedule5/Page_KDMC - CMS/input_txttreat'

2018-05-08 10:37:47 - [MESSAGE][PASSED] - Text '5000' is set on object 'Object Repository/Schedule5/Page_KDMC - CMS/input_txttreat'

2018-05-08 10:37:47 - [TEST_STEP][PASSED] - click: Object: 'Object Repository/Schedule5/Page_KDMC - CMS/button_Add' is clicked on

2018-05-08 10:37:47 - [MESSAGE][PASSED] - Object: 'Object Repository/Schedule5/Page_KDMC - CMS/button_Add' is clicked on

2018-05-08 10:37:47 - [TEST_STEP][PASSED] - selectOptionByIndex: All options with index in [5] are selected on object 'Object Repository/Schedule5/Page_KDMC - CMS/select_--Select--Schedule 1Inj'

2018-05-08 10:37:47 - [MESSAGE][PASSED] - All options with index in [5] are selected on object 'Object Repository/Schedule5/Page_KDMC - CMS/select_--Select--Schedule 1Inj'

2018-05-08 10:37:47 - [TEST_STEP][PASSED] - selectOptionByIndex: All options with index in [2] are selected on object 'Object Repository/Schedule5/Page_KDMC - CMS/select_--Select--Alcohol Rub i'

2018-05-08 10:37:47 - [MESSAGE][PASSED] - All options with index in [2] are selected on object 'Object Repository/Schedule5/Page_KDMC - CMS/select_--Select--Alcohol Rub i'

2018-05-08 10:37:47 - [TEST_STEP][PASSED] - setText: Text '5000' is set on object 'Object Repository/Schedule5/Page_KDMC - CMS/input_txttreat'

2018-05-08 10:37:47 - [MESSAGE][PASSED] - Text '5000' is set on object 'Object Repository/Schedule5/Page_KDMC - CMS/input_txttreat'

2018-05-08 10:37:47 - [TEST_STEP][PASSED] - click: Object: 'Object Repository/Schedule5/Page_KDMC - CMS/button_Add' is clicked on

2018-05-08 10:37:47 - [MESSAGE][PASSED] - Object: 'Object Repository/Schedule5/Page_KDMC - CMS/button_Add' is clicked on

2018-05-08 10:37:47 - [TEST_STEP][PASSED] - selectOptionByIndex: All options with index in [5] are selected on object 'Object Repository/Schedule5/Page_KDMC - CMS/select_--Select--Schedule 1Inj'

2018-05-08 10:37:48 - [MESSAGE][PASSED] - All options with index in [5] are selected on object 'Object Repository/Schedule5/Page_KDMC - CMS/select_--Select--Schedule 1Inj'

2018-05-08 10:37:48 - [TEST_STEP][PASSED] - selectOptionByIndex: All options with index in [3] are selected on object 'Object Repository/Schedule5/Page_KDMC - CMS/select_--Select--Alcohol Rub i'

2018-05-08 10:37:48 - [MESSAGE][PASSED] - All options with index in [3] are selected on object 'Object Repository/Schedule5/Page_KDMC - CMS/select_--Select--Alcohol Rub i'

2018-05-08 10:37:48 - [TEST_STEP][PASSED] - setText: Text '5000' is set on object 'Object Repository/Schedule5/Page_KDMC - CMS/input_txttreat'

2018-05-08 10:37:48 - [MESSAGE][PASSED] - Text '5000' is set on object 'Object Repository/Schedule5/Page_KDMC - CMS/input_txttreat'

2018-05-08 10:37:48 - [TEST_STEP][PASSED] - click: Object: 'Object Repository/Schedule5/Page_KDMC - CMS/button_Add' is clicked on

2018-05-08 10:37:48 - [MESSAGE][PASSED] - Object: 'Object Repository/Schedule5/Page_KDMC - CMS/button_Add' is clicked on

2018-05-08 10:37:48 - [TEST_STEP][PASSED] - selectOptionByIndex: All options with index in [5] are selected on object 'Object Repository/Schedule5/Page_KDMC - CMS/select_--Select--Schedule 1Inj'

2018-05-08 10:37:48 - [MESSAGE][PASSED] - All options with index in [5] are selected on object 'Object Repository/Schedule5/Page_KDMC - CMS/select_--Select--Schedule 1Inj'

2018-05-08 10:37:48 - [TEST_STEP][PASSED] - selectOptionByIndex: All options with index in [4] are selected on object 'Object Repository/Schedule5/Page_KDMC - CMS/select_--Select--Alcohol Rub i'

2018-05-08 10:37:48 - [MESSAGE][PASSED] - All options with index in [4] are selected on object 'Object Repository/Schedule5/Page_KDMC - CMS/select_--Select--Alcohol Rub i'

2018-05-08 10:37:48 - [TEST_STEP][PASSED] - setText: Text '5000' is set on object 'Object Repository/Schedule5/Page_KDMC - CMS/input_txttreat'

2018-05-08 10:37:48 - [MESSAGE][PASSED] - Text '5000' is set on object 'Object Repository/Schedule5/Page_KDMC - CMS/input_txttreat'

2018-05-08 10:37:48 - [TEST_STEP][PASSED] - click: Object: 'Object Repository/Schedule5/Page_KDMC - CMS/button_Add' is clicked on

2018-05-08 10:37:48 - [MESSAGE][PASSED] - Object: 'Object Repository/Schedule5/Page_KDMC - CMS/button_Add' is clicked on

2018-05-08 10:37:48 - [TEST_STEP][PASSED] - selectOptionByIndex: All options with index in [5] are selected on object 'Object Repository/Schedule5/Page_KDMC - CMS/select_--Select--Schedule 1Inj'

2018-05-08 10:37:48 - [MESSAGE][PASSED] - All options with index in [5] are selected on object 'Object Repository/Schedule5/Page_KDMC - CMS/select_--Select--Schedule 1Inj'

2018-05-08 10:37:48 - [TEST_STEP][PASSED] - selectOptionByIndex: All options with index in [5] are selected on object 'Object Repository/Schedule5/Page_KDMC - CMS/select_--Select--Alcohol Rub i'

2018-05-08 10:37:49 - [MESSAGE][PASSED] - All options with index in [5] are selected on object 'Object Repository/Schedule5/Page_KDMC - CMS/select_--Select--Alcohol Rub i'

2018-05-08 10:37:49 - [TEST_STEP][PASSED] - setText: Text '5000' is set on object 'Object Repository/Schedule5/Page_KDMC - CMS/input_txttreat'

2018-05-08 10:37:49 - [MESSAGE][PASSED] - Text '5000' is set on object 'Object Repository/Schedule5/Page_KDMC - CMS/input_txttreat'

2018-05-08 10:37:49 - [TEST_STEP][PASSED] - click: Object: 'Object Repository/Schedule5/Page_KDMC - CMS/button_Add' is clicked on

2018-05-08 10:37:49 - [MESSAGE][PASSED] - Object: 'Object Repository/Schedule5/Page_KDMC - CMS/button_Add' is clicked on

2018-05-08 10:37:49 - [TEST_STEP][PASSED] - selectOptionByIndex: All options with index in [5] are selected on object 'Object Repository/Schedule5/Page_KDMC - CMS/select_--Select--Schedule 1Inj'

2018-05-08 10:37:49 - [MESSAGE][PASSED] - All options with index in [5] are selected on object 'Object Repository/Schedule5/Page_KDMC - CMS/select_--Select--Schedule 1Inj'

2018-05-08 10:37:49 - [TEST_STEP][PASSED] - selectOptionByIndex: All options with index in [6] are selected on object 'Object Repository/Schedule5/Page_KDMC - CMS/select_--Select--Alcohol Rub i'

2018-05-08 10:37:49 - [MESSAGE][PASSED] - All options with index in [6] are selected on object 'Object Repository/Schedule5/Page_KDMC - CMS/select_--Select--Alcohol Rub i'

2018-05-08 10:37:49 - [TEST_STEP][PASSED] - setText: Text '5000' is set on object 'Object Repository/Schedule5/Page_KDMC - CMS/input_txttreat'

2018-05-08 10:37:49 - [MESSAGE][PASSED] - Text '5000' is set on object 'Object Repository/Schedule5/Page_KDMC - CMS/input_txttreat'

2018-05-08 10:37:49 - [TEST_STEP][PASSED] - click: Object: 'Object Repository/Schedule5/Page_KDMC - CMS/button_Add' is clicked on

2018-05-08 10:37:49 - [MESSAGE][PASSED] - Object: 'Object Repository/Schedule5/Page_KDMC - CMS/button_Add' is clicked on

2018-05-08 10:37:49 - [TEST_STEP][PASSED] - selectOptionByIndex: All options with index in [5] are selected on object 'Object Repository/Schedule5/Page_KDMC - CMS/select_--Select--Schedule 1Inj'

2018-05-08 10:37:49 - [MESSAGE][PASSED] - All options with index in [5] are selected on object 'Object Repository/Schedule5/Page_KDMC - CMS/select_--Select--Schedule 1Inj'

2018-05-08 10:37:49 - [TEST_STEP][PASSED] - selectOptionByIndex: All options with index in [7] are selected on object 'Object Repository/Schedule5/Page_KDMC - CMS/select_--Select--Alcohol Rub i'

2018-05-08 10:37:50 - [MESSAGE][PASSED] - All options with index in [7] are selected on object 'Object Repository/Schedule5/Page_KDMC - CMS/select_--Select--Alcohol Rub i'

2018-05-08 10:37:50 - [TEST_STEP][PASSED] - setText: Text '5000' is set on object 'Object Repository/Schedule5/Page_KDMC - CMS/input_txttreat'

2018-05-08 10:37:50 - [MESSAGE][PASSED] - Text '5000' is set on object 'Object Repository/Schedule5/Page_KDMC - CMS/input_txttreat'

2018-05-08 10:37:50 - [TEST_STEP][PASSED] - click: Object: 'Object Repository/Schedule5/Page_KDMC - CMS/button_Add' is clicked on

2018-05-08 10:37:50 - [MESSAGE][PASSED] - Object: 'Object Repository/Schedule5/Page_KDMC - CMS/button_Add' is clicked on

2018-05-08 10:37:50 - [TEST_STEP][PASSED] - selectOptionByIndex: All options with index in [5] are selected on object 'Object Repository/Schedule5/Page_KDMC - CMS/select_--Select--Schedule 1Inj'

2018-05-08 10:37:50 - [MESSAGE][PASSED] - All options with index in [5] are selected on object 'Object Repository/Schedule5/Page_KDMC - CMS/select_--Select--Schedule 1Inj'

2018-05-08 10:37:50 - [TEST_STEP][PASSED] - selectOptionByIndex: All options with index in [8] are selected on object 'Object Repository/Schedule5/Page_KDMC - CMS/select_--Select--Alcohol Rub i'

2018-05-08 10:37:51 - [MESSAGE][PASSED] - All options with index in [8] are selected on object 'Object Repository/Schedule5/Page_KDMC - CMS/select_--Select--Alcohol Rub i'

2018-05-08 10:37:51 - [TEST_STEP][PASSED] - setText: Text '5000' is set on object 'Object Repository/Schedule5/Page_KDMC - CMS/input_txttreat'

2018-05-08 10:37:51 - [MESSAGE][PASSED] - Text '5000' is set on object 'Object Repository/Schedule5/Page_KDMC - CMS/input_txttreat'

2018-05-08 10:37:51 - [TEST_STEP][PASSED] - click: Object: 'Object Repository/Schedule5/Page_KDMC - CMS/button_Add' is clicked on

2018-05-08 10:37:51 - [MESSAGE][PASSED] - Object: 'Object Repository/Schedule5/Page_KDMC - CMS/button_Add' is clicked on

2018-05-08 10:37:51 - [TEST_STEP][PASSED] - selectOptionByIndex: All options with index in [5] are selected on object 'Object Repository/Schedule5/Page_KDMC - CMS/select_--Select--Schedule 1Inj'

2018-05-08 10:37:51 - [MESSAGE][PASSED] - All options with index in [5] are selected on object 'Object Repository/Schedule5/Page_KDMC - CMS/select_--Select--Schedule 1Inj'

2018-05-08 10:37:51 - [TEST_STEP][PASSED] - selectOptionByIndex: All options with index in [9] are selected on object 'Object Repository/Schedule5/Page_KDMC - CMS/select_--Select--Alcohol Rub i'

2018-05-08 10:37:51 - [MESSAGE][PASSED] - All options with index in [9] are selected on object 'Object Repository/Schedule5/Page_KDMC - CMS/select_--Select--Alcohol Rub i'

2018-05-08 10:37:51 - [TEST_STEP][PASSED] - setText: Text '5000' is set on object 'Object Repository/Schedule5/Page_KDMC - CMS/input_txttreat'

2018-05-08 10:37:51 - [MESSAGE][PASSED] - Text '5000' is set on object 'Object Repository/Schedule5/Page_KDMC - CMS/input_txttreat'

2018-05-08 10:37:51 - [TEST_STEP][PASSED] - click: Object: 'Object Repository/Schedule5/Page_KDMC - CMS/button_Add' is clicked on

2018-05-08 10:37:51 - [MESSAGE][PASSED] - Object: 'Object Repository/Schedule5/Page_KDMC - CMS/button_Add' is clicked on

2018-05-08 10:37:51 - [TEST_STEP][PASSED] - selectOptionByIndex: All options with index in [5] are selected on object 'Object Repository/Schedule5/Page_KDMC - CMS/select_--Select--Schedule 1Inj'

2018-05-08 10:37:51 - [MESSAGE][PASSED] - All options with index in [5] are selected on object 'Object Repository/Schedule5/Page_KDMC - CMS/select_--Select--Schedule 1Inj'

2018-05-08 10:37:51 - [TEST_STEP][PASSED] - selectOptionByIndex: All options with index in [10] are selected on object 'Object Repository/Schedule5/Page_KDMC - CMS/select_--Select--Alcohol Rub i'

2018-05-08 10:37:52 - [MESSAGE][PASSED] - All options with index in [10] are selected on object 'Object Repository/Schedule5/Page_KDMC - CMS/select_--Select--Alcohol Rub i'

2018-05-08 10:37:52 - [TEST_STEP][PASSED] - setText: Text '5000' is set on object 'Object Repository/Schedule5/Page_KDMC - CMS/input_txttreat'

2018-05-08 10:37:52 - [MESSAGE][PASSED] - Text '5000' is set on object 'Object Repository/Schedule5/Page_KDMC - CMS/input_txttreat'

2018-05-08 10:37:52 - [TEST_STEP][PASSED] - click: Object: 'Object Repository/Schedule5/Page_KDMC - CMS/button_Add' is clicked on

2018-05-08 10:37:52 - [MESSAGE][PASSED] - Object: 'Object Repository/Schedule5/Page_KDMC - CMS/button_Add' is clicked on

2018-05-08 10:37:52 - [TEST_STEP][PASSED] - selectOptionByIndex: All options with index in [5] are selected on object 'Object Repository/Schedule5/Page_KDMC - CMS/select_--Select--Schedule 1Inj'

2018-05-08 10:37:52 - [MESSAGE][PASSED] - All options with index in [5] are selected on object 'Object Repository/Schedule5/Page_KDMC - CMS/select_--Select--Schedule 1Inj'

2018-05-08 10:37:52 - [TEST_STEP][PASSED] - selectOptionByIndex: All options with index in [11] are selected on object 'Object Repository/Schedule5/Page_KDMC - CMS/select_--Select--Alcohol Rub i'

2018-05-08 10:37:52 - [MESSAGE][PASSED] - All options with index in [11] are selected on object 'Object Repository/Schedule5/Page_KDMC - CMS/select_--Select--Alcohol Rub i'

2018-05-08 10:37:52 - [TEST_STEP][PASSED] - setText: Text '5000' is set on object 'Object Repository/Schedule5/Page_KDMC - CMS/input_txttreat'

2018-05-08 10:37:52 - [MESSAGE][PASSED] - Text '5000' is set on object 'Object Repository/Schedule5/Page_KDMC - CMS/input_txttreat'

2018-05-08 10:37:52 - [TEST_STEP][PASSED] - click: Object: 'Object Repository/Schedule5/Page_KDMC - CMS/button_Add' is clicked on

2018-05-08 10:37:52 - [MESSAGE][PASSED] - Object: 'Object Repository/Schedule5/Page_KDMC - CMS/button_Add' is clicked on

2018-05-08 10:37:52 - [TEST_STEP][PASSED] - selectOptionByIndex: All options with index in [5] are selected on object 'Object Repository/Schedule5/Page_KDMC - CMS/select_--Select--Schedule 1Inj'

2018-05-08 10:37:52 - [MESSAGE][PASSED] - All options with index in [5] are selected on object 'Object Repository/Schedule5/Page_KDMC - CMS/select_--Select--Schedule 1Inj'

2018-05-08 10:37:52 - [TEST_STEP][PASSED] - selectOptionByIndex: All options with index in [12] are selected on object 'Object Repository/Schedule5/Page_KDMC - CMS/select_--Select--Alcohol Rub i'

2018-05-08 10:37:53 - [MESSAGE][PASSED] - All options with index in [12] are selected on object 'Object Repository/Schedule5/Page_KDMC - CMS/select_--Select--Alcohol Rub i'

2018-05-08 10:37:53 - [TEST_STEP][PASSED] - setText: Text '5000' is set on object 'Object Repository/Schedule5/Page_KDMC - CMS/input_txttreat'

2018-05-08 10:37:53 - [MESSAGE][PASSED] - Text '5000' is set on object 'Object Repository/Schedule5/Page_KDMC - CMS/input_txttreat'

2018-05-08 10:37:53 - [TEST_STEP][PASSED] - click: Object: 'Object Repository/Schedule5/Page_KDMC - CMS/button_Add' is clicked on

2018-05-08 10:37:53 - [MESSAGE][PASSED] - Object: 'Object Repository/Schedule5/Page_KDMC - CMS/button_Add' is clicked on

2018-05-08 10:37:53 - [TEST_STEP][PASSED] - selectOptionByIndex: All options with index in [5] are selected on object 'Object Repository/Schedule5/Page_KDMC - CMS/select_--Select--Schedule 1Inj'

2018-05-08 10:37:53 - [MESSAGE][PASSED] - All options with index in [5] are selected on object 'Object Repository/Schedule5/Page_KDMC - CMS/select_--Select--Schedule 1Inj'

2018-05-08 10:37:53 - [TEST_STEP][PASSED] - selectOptionByIndex: All options with index in [13] are selected on object 'Object Repository/Schedule5/Page_KDMC - CMS/select_--Select--Alcohol Rub i'

2018-05-08 10:37:54 - [MESSAGE][PASSED] - All options with index in [13] are selected on object 'Object Repository/Schedule5/Page_KDMC - CMS/select_--Select--Alcohol Rub i'

2018-05-08 10:37:54 - [TEST_STEP][PASSED] - setText: Text '5000' is set on object 'Object Repository/Schedule5/Page_KDMC - CMS/input_txttreat'

2018-05-08 10:37:54 - [MESSAGE][PASSED] - Text '5000' is set on object 'Object Repository/Schedule5/Page_KDMC - CMS/input_txttreat'

2018-05-08 10:37:54 - [TEST_STEP][PASSED] - click: Object: 'Object Repository/Schedule5/Page_KDMC - CMS/button_Add' is clicked on

2018-05-08 10:37:54 - [MESSAGE][PASSED] - Object: 'Object Repository/Schedule5/Page_KDMC - CMS/button_Add' is clicked on

2018-05-08 10:37:54 - [TEST_STEP][PASSED] - selectOptionByIndex: All options with index in [5] are selected on object 'Object Repository/Schedule5/Page_KDMC - CMS/select_--Select--Schedule 1Inj'

2018-05-08 10:37:54 - [MESSAGE][PASSED] - All options with index in [5] are selected on object 'Object Repository/Schedule5/Page_KDMC - CMS/select_--Select--Schedule 1Inj'

2018-05-08 10:37:54 - [TEST_STEP][PASSED] - selectOptionByIndex: All options with index in [14] are selected on object 'Object Repository/Schedule5/Page_KDMC - CMS/select_--Select--Alcohol Rub i'

2018-05-08 10:37:54 - [MESSAGE][PASSED] - All options with index in [14] are selected on object 'Object Repository/Schedule5/Page_KDMC - CMS/select_--Select--Alcohol Rub i'

2018-05-08 10:37:54 - [TEST_STEP][PASSED] - setText: Text '5000' is set on object 'Object Repository/Schedule5/Page_KDMC - CMS/input_txttreat'

2018-05-08 10:37:54 - [MESSAGE][PASSED] - Text '5000' is set on object 'Object Repository/Schedule5/Page_KDMC - CMS/input_txttreat'

2018-05-08 10:37:54 - [TEST_STEP][PASSED] - click: Object: 'Object Repository/Schedule5/Page_KDMC - CMS/button_Add' is clicked on

2018-05-08 10:37:54 - [MESSAGE][PASSED] - Object: 'Object Repository/Schedule5/Page_KDMC - CMS/button_Add' is clicked on

2018-05-08 10:37:54 - [TEST_STEP][PASSED] - scrollToElement: Scroll to object 'Object Repository/Schedule5/Page_KDMC - CMS/input_btnsave' successfully

2018-05-08 10:37:54 - [MESSAGE][PASSED] - Scroll to object 'Object Repository/Schedule5/Page_KDMC - CMS/input_btnsave' successfully

2018-05-08 10:37:54 - [TEST_STEP][PASSED] - click: Object: 'Object Repository/Schedule5/Page_KDMC - CMS/input_btnsave' is clicked on

2018-05-08 10:37:54 - [MESSAGE][PASSED] - Object: 'Object Repository/Schedule5/Page_KDMC - CMS/input_btnsave' is clicked on

2018-05-08 10:37:54 - [TEST_STEP][PASSED] - waitForElementPresent: Object 'Object Repository/Schedule5/Page_KDMC - CMS/button_OK' is present

2018-05-08 10:37:55 - [MESSAGE][PASSED] - Object 'Object Repository/Schedule5/Page_KDMC - CMS/button_OK' is present

2018-05-08 10:37:55 - [TEST_STEP][PASSED] - click: Object: 'Object Repository/Schedule5/Page_KDMC - CMS/button_OK' is clicked on

2018-05-08 10:37:55 - [MESSAGE][PASSED] - Object: 'Object Repository/Schedule5/Page_KDMC - CMS/button_OK' is clicked on

2018-05-08 10:37:55 - [TEST_STEP][PASSED] - delay: Delayed 3 second(s)

2018-05-08 10:37:58 - [MESSAGE][PASSED] - Delayed 3 second(s)

2018-05-08 10:37:58 - [TEST_STEP][PASSED] - click: Object: 'Object Repository/Schedule5/Page_KDMC - CMS/a_dropdown-toggle' is clicked on

2018-05-08 10:37:59 - [MESSAGE][PASSED] - Object: 'Object Repository/Schedule5/Page_KDMC - CMS/a_dropdown-toggle' is clicked on

2018-05-08 10:37:59 - [TEST_STEP][PASSED] - delay: Delayed 3 second(s)

2018-05-08 10:38:02 - [MESSAGE][PASSED] - Delayed 3 second(s)

2018-05-08 10:38:02 - [TEST_STEP][PASSED] - click: Object: 'Object Repository/Schedule5/Page_KDMC - CMS/a_Sign out' is clicked on

2018-05-08 10:38:02 - [MESSAGE][PASSED] - Object: 'Object Repository/Schedule5/Page_KDMC - CMS/a_Sign out' is clicked on

2018-05-08 10:38:02 - [TEST_STEP][PASSED] - closeBrowser: Browser is closed

2018-05-08 10:38:03 - [MESSAGE][PASSED] - Browser is closed]]></system-out>
         <system-err><![CDATA[]]></system-err>
      </testcase>
      <testcase name="Test Cases/MOH TO CMS REQUEST/MohRequestSchedule6" classname="Test Cases/MOH TO CMS REQUEST/MohRequestSchedule6" status="PASSED">
         <system-out><![CDATA[2018-05-08 10:38:03 - [TEST_CASE][PASSED] - Test Cases/MOH TO CMS REQUEST/MohRequestSchedule6: Test Cases/MOH TO CMS REQUEST/MohRequestSchedule6

2018-05-08 10:38:03 - [TEST_STEP][PASSED] - openBrowser: Browser is opened with url: ''

2018-05-08 10:38:05 - [MESSAGE][PASSED] - Browser is opened with url: ''

2018-05-08 10:38:05 - [TEST_STEP][PASSED] - navigateToUrl: Navigate to 'http://192.168.137.1/multihospital_new/' successfully

2018-05-08 10:38:09 - [MESSAGE][PASSED] - Navigate to 'http://192.168.137.1/multihospital_new/' successfully

2018-05-08 10:38:09 - [TEST_STEP][PASSED] - maximizeWindow: Current window maximized

2018-05-08 10:38:10 - [MESSAGE][PASSED] - Current window maximized

2018-05-08 10:38:10 - [TEST_STEP][PASSED] - click: Object: 'Object Repository/Schedule6/Page_KDMC/a_CMS' is clicked on

2018-05-08 10:38:16 - [MESSAGE][PASSED] - Object: 'Object Repository/Schedule6/Page_KDMC/a_CMS' is clicked on

2018-05-08 10:38:16 - [TEST_STEP][PASSED] - setText: Text 'bala' is set on object 'Object Repository/Schedule6/Page_CMS login/input_txtusername'

2018-05-08 10:38:16 - [MESSAGE][PASSED] - Text 'bala' is set on object 'Object Repository/Schedule6/Page_CMS login/input_txtusername'

2018-05-08 10:38:16 - [TEST_STEP][PASSED] - setText: Text '123' is set on object 'Object Repository/Schedule6/Page_CMS login/input_txtpassword'

2018-05-08 10:38:16 - [MESSAGE][PASSED] - Text '123' is set on object 'Object Repository/Schedule6/Page_CMS login/input_txtpassword'

2018-05-08 10:38:16 - [TEST_STEP][PASSED] - delay: Delayed 3 second(s)

2018-05-08 10:38:19 - [MESSAGE][PASSED] - Delayed 3 second(s)

2018-05-08 10:38:19 - [TEST_STEP][PASSED] - click: Object: 'Object Repository/Schedule6/Page_CMS login/button_Sign in' is clicked on

2018-05-08 10:38:20 - [MESSAGE][PASSED] - Object: 'Object Repository/Schedule6/Page_CMS login/button_Sign in' is clicked on

2018-05-08 10:38:20 - [TEST_STEP][PASSED] - click: Object: 'Object Repository/Schedule6/Page_KDMC - CMS/a_Request to MOH' is clicked on

2018-05-08 10:38:22 - [MESSAGE][PASSED] - Object: 'Object Repository/Schedule6/Page_KDMC - CMS/a_Request to MOH' is clicked on

2018-05-08 10:38:22 - [TEST_STEP][PASSED] - selectOptionByValue: All options with value 'Quarterly' are selected in object 'Object Repository/Schedule6/Page_KDMC - CMS/select_--Select--'  using regular expression

2018-05-08 10:38:22 - [MESSAGE][PASSED] - All options with value 'Quarterly' are selected in object 'Object Repository/Schedule6/Page_KDMC - CMS/select_--Select--'  using regular expression

2018-05-08 10:38:22 - [TEST_STEP][PASSED] - selectOptionByValue: All options with value '6' are selected in object 'Object Repository/Schedule6/Page_KDMC - CMS/select_--Select--Schedule 1Inj'  using regular expression

2018-05-08 10:38:22 - [MESSAGE][PASSED] - All options with value '6' are selected in object 'Object Repository/Schedule6/Page_KDMC - CMS/select_--Select--Schedule 1Inj'  using regular expression

2018-05-08 10:38:22 - [TEST_STEP][PASSED] - Statement - SelectedOptions = com.kms.katalon.core.webui.keyword.WebUiBuiltInKeywords.getNumberOfTotalOption(com.kms.katalon.core.testobject.ObjectRepository.findTestObject(Schedule6/Page_KDMC - CMS/select_--Select--Albumin kit ()): 14 options of object 'Object Repository/Schedule6/Page_KDMC - CMS/select_--Select--Albumin kit (' counted

2018-05-08 10:38:23 - [MESSAGE][PASSED] - 14 options of object 'Object Repository/Schedule6/Page_KDMC - CMS/select_--Select--Albumin kit (' counted

2018-05-08 10:38:23 - [TEST_STEP][PASSED] - Statement - For ([w = 1, w < SelectedOptions, (w++)]): Object: 'Object Repository/Schedule6/Page_KDMC - CMS/button_Add' is clicked on

2018-05-08 10:38:23 - [TEST_STEP][PASSED] - selectOptionByValue: All options with value '6' are selected in object 'Object Repository/Schedule6/Page_KDMC - CMS/select_--Select--Schedule 1Inj'  using regular expression

2018-05-08 10:38:23 - [MESSAGE][PASSED] - All options with value '6' are selected in object 'Object Repository/Schedule6/Page_KDMC - CMS/select_--Select--Schedule 1Inj'  using regular expression

2018-05-08 10:38:23 - [TEST_STEP][PASSED] - selectOptionByIndex: All options with index in [1] are selected on object 'Object Repository/Schedule6/Page_KDMC - CMS/select_--Select--Albumin kit ('

2018-05-08 10:38:23 - [MESSAGE][PASSED] - All options with index in [1] are selected on object 'Object Repository/Schedule6/Page_KDMC - CMS/select_--Select--Albumin kit ('

2018-05-08 10:38:23 - [TEST_STEP][PASSED] - setText: Text '100' is set on object 'Object Repository/Schedule6/Page_KDMC - CMS/input_txttreat'

2018-05-08 10:38:23 - [MESSAGE][PASSED] - Text '100' is set on object 'Object Repository/Schedule6/Page_KDMC - CMS/input_txttreat'

2018-05-08 10:38:23 - [TEST_STEP][PASSED] - click: Object: 'Object Repository/Schedule6/Page_KDMC - CMS/button_Add' is clicked on

2018-05-08 10:38:23 - [MESSAGE][PASSED] - Object: 'Object Repository/Schedule6/Page_KDMC - CMS/button_Add' is clicked on

2018-05-08 10:38:23 - [TEST_STEP][PASSED] - selectOptionByValue: All options with value '6' are selected in object 'Object Repository/Schedule6/Page_KDMC - CMS/select_--Select--Schedule 1Inj'  using regular expression

2018-05-08 10:38:23 - [MESSAGE][PASSED] - All options with value '6' are selected in object 'Object Repository/Schedule6/Page_KDMC - CMS/select_--Select--Schedule 1Inj'  using regular expression

2018-05-08 10:38:23 - [TEST_STEP][PASSED] - selectOptionByIndex: All options with index in [2] are selected on object 'Object Repository/Schedule6/Page_KDMC - CMS/select_--Select--Albumin kit ('

2018-05-08 10:38:24 - [MESSAGE][PASSED] - All options with index in [2] are selected on object 'Object Repository/Schedule6/Page_KDMC - CMS/select_--Select--Albumin kit ('

2018-05-08 10:38:24 - [TEST_STEP][PASSED] - setText: Text '100' is set on object 'Object Repository/Schedule6/Page_KDMC - CMS/input_txttreat'

2018-05-08 10:38:24 - [MESSAGE][PASSED] - Text '100' is set on object 'Object Repository/Schedule6/Page_KDMC - CMS/input_txttreat'

2018-05-08 10:38:24 - [TEST_STEP][PASSED] - click: Object: 'Object Repository/Schedule6/Page_KDMC - CMS/button_Add' is clicked on

2018-05-08 10:38:24 - [MESSAGE][PASSED] - Object: 'Object Repository/Schedule6/Page_KDMC - CMS/button_Add' is clicked on

2018-05-08 10:38:24 - [TEST_STEP][PASSED] - selectOptionByValue: All options with value '6' are selected in object 'Object Repository/Schedule6/Page_KDMC - CMS/select_--Select--Schedule 1Inj'  using regular expression

2018-05-08 10:38:24 - [MESSAGE][PASSED] - All options with value '6' are selected in object 'Object Repository/Schedule6/Page_KDMC - CMS/select_--Select--Schedule 1Inj'  using regular expression

2018-05-08 10:38:24 - [TEST_STEP][PASSED] - selectOptionByIndex: All options with index in [3] are selected on object 'Object Repository/Schedule6/Page_KDMC - CMS/select_--Select--Albumin kit ('

2018-05-08 10:38:24 - [MESSAGE][PASSED] - All options with index in [3] are selected on object 'Object Repository/Schedule6/Page_KDMC - CMS/select_--Select--Albumin kit ('

2018-05-08 10:38:24 - [TEST_STEP][PASSED] - setText: Text '100' is set on object 'Object Repository/Schedule6/Page_KDMC - CMS/input_txttreat'

2018-05-08 10:38:24 - [MESSAGE][PASSED] - Text '100' is set on object 'Object Repository/Schedule6/Page_KDMC - CMS/input_txttreat'

2018-05-08 10:38:24 - [TEST_STEP][PASSED] - click: Object: 'Object Repository/Schedule6/Page_KDMC - CMS/button_Add' is clicked on

2018-05-08 10:38:24 - [MESSAGE][PASSED] - Object: 'Object Repository/Schedule6/Page_KDMC - CMS/button_Add' is clicked on

2018-05-08 10:38:24 - [TEST_STEP][PASSED] - selectOptionByValue: All options with value '6' are selected in object 'Object Repository/Schedule6/Page_KDMC - CMS/select_--Select--Schedule 1Inj'  using regular expression

2018-05-08 10:38:25 - [MESSAGE][PASSED] - All options with value '6' are selected in object 'Object Repository/Schedule6/Page_KDMC - CMS/select_--Select--Schedule 1Inj'  using regular expression

2018-05-08 10:38:25 - [TEST_STEP][PASSED] - selectOptionByIndex: All options with index in [4] are selected on object 'Object Repository/Schedule6/Page_KDMC - CMS/select_--Select--Albumin kit ('

2018-05-08 10:38:25 - [MESSAGE][PASSED] - All options with index in [4] are selected on object 'Object Repository/Schedule6/Page_KDMC - CMS/select_--Select--Albumin kit ('

2018-05-08 10:38:25 - [TEST_STEP][PASSED] - setText: Text '100' is set on object 'Object Repository/Schedule6/Page_KDMC - CMS/input_txttreat'

2018-05-08 10:38:25 - [MESSAGE][PASSED] - Text '100' is set on object 'Object Repository/Schedule6/Page_KDMC - CMS/input_txttreat'

2018-05-08 10:38:25 - [TEST_STEP][PASSED] - click: Object: 'Object Repository/Schedule6/Page_KDMC - CMS/button_Add' is clicked on

2018-05-08 10:38:25 - [MESSAGE][PASSED] - Object: 'Object Repository/Schedule6/Page_KDMC - CMS/button_Add' is clicked on

2018-05-08 10:38:25 - [TEST_STEP][PASSED] - selectOptionByValue: All options with value '6' are selected in object 'Object Repository/Schedule6/Page_KDMC - CMS/select_--Select--Schedule 1Inj'  using regular expression

2018-05-08 10:38:25 - [MESSAGE][PASSED] - All options with value '6' are selected in object 'Object Repository/Schedule6/Page_KDMC - CMS/select_--Select--Schedule 1Inj'  using regular expression

2018-05-08 10:38:25 - [TEST_STEP][PASSED] - selectOptionByIndex: All options with index in [5] are selected on object 'Object Repository/Schedule6/Page_KDMC - CMS/select_--Select--Albumin kit ('

2018-05-08 10:38:25 - [MESSAGE][PASSED] - All options with index in [5] are selected on object 'Object Repository/Schedule6/Page_KDMC - CMS/select_--Select--Albumin kit ('

2018-05-08 10:38:25 - [TEST_STEP][PASSED] - setText: Text '100' is set on object 'Object Repository/Schedule6/Page_KDMC - CMS/input_txttreat'

2018-05-08 10:38:25 - [MESSAGE][PASSED] - Text '100' is set on object 'Object Repository/Schedule6/Page_KDMC - CMS/input_txttreat'

2018-05-08 10:38:25 - [TEST_STEP][PASSED] - click: Object: 'Object Repository/Schedule6/Page_KDMC - CMS/button_Add' is clicked on

2018-05-08 10:38:25 - [MESSAGE][PASSED] - Object: 'Object Repository/Schedule6/Page_KDMC - CMS/button_Add' is clicked on

2018-05-08 10:38:25 - [TEST_STEP][PASSED] - selectOptionByValue: All options with value '6' are selected in object 'Object Repository/Schedule6/Page_KDMC - CMS/select_--Select--Schedule 1Inj'  using regular expression

2018-05-08 10:38:26 - [MESSAGE][PASSED] - All options with value '6' are selected in object 'Object Repository/Schedule6/Page_KDMC - CMS/select_--Select--Schedule 1Inj'  using regular expression

2018-05-08 10:38:26 - [TEST_STEP][PASSED] - selectOptionByIndex: All options with index in [6] are selected on object 'Object Repository/Schedule6/Page_KDMC - CMS/select_--Select--Albumin kit ('

2018-05-08 10:38:26 - [MESSAGE][PASSED] - All options with index in [6] are selected on object 'Object Repository/Schedule6/Page_KDMC - CMS/select_--Select--Albumin kit ('

2018-05-08 10:38:26 - [TEST_STEP][PASSED] - setText: Text '100' is set on object 'Object Repository/Schedule6/Page_KDMC - CMS/input_txttreat'

2018-05-08 10:38:26 - [MESSAGE][PASSED] - Text '100' is set on object 'Object Repository/Schedule6/Page_KDMC - CMS/input_txttreat'

2018-05-08 10:38:26 - [TEST_STEP][PASSED] - click: Object: 'Object Repository/Schedule6/Page_KDMC - CMS/button_Add' is clicked on

2018-05-08 10:38:26 - [MESSAGE][PASSED] - Object: 'Object Repository/Schedule6/Page_KDMC - CMS/button_Add' is clicked on

2018-05-08 10:38:26 - [TEST_STEP][PASSED] - selectOptionByValue: All options with value '6' are selected in object 'Object Repository/Schedule6/Page_KDMC - CMS/select_--Select--Schedule 1Inj'  using regular expression

2018-05-08 10:38:26 - [MESSAGE][PASSED] - All options with value '6' are selected in object 'Object Repository/Schedule6/Page_KDMC - CMS/select_--Select--Schedule 1Inj'  using regular expression

2018-05-08 10:38:26 - [TEST_STEP][PASSED] - selectOptionByIndex: All options with index in [7] are selected on object 'Object Repository/Schedule6/Page_KDMC - CMS/select_--Select--Albumin kit ('

2018-05-08 10:38:27 - [MESSAGE][PASSED] - All options with index in [7] are selected on object 'Object Repository/Schedule6/Page_KDMC - CMS/select_--Select--Albumin kit ('

2018-05-08 10:38:27 - [TEST_STEP][PASSED] - setText: Text '100' is set on object 'Object Repository/Schedule6/Page_KDMC - CMS/input_txttreat'

2018-05-08 10:38:27 - [MESSAGE][PASSED] - Text '100' is set on object 'Object Repository/Schedule6/Page_KDMC - CMS/input_txttreat'

2018-05-08 10:38:27 - [TEST_STEP][PASSED] - click: Object: 'Object Repository/Schedule6/Page_KDMC - CMS/button_Add' is clicked on

2018-05-08 10:38:27 - [MESSAGE][PASSED] - Object: 'Object Repository/Schedule6/Page_KDMC - CMS/button_Add' is clicked on

2018-05-08 10:38:27 - [TEST_STEP][PASSED] - selectOptionByValue: All options with value '6' are selected in object 'Object Repository/Schedule6/Page_KDMC - CMS/select_--Select--Schedule 1Inj'  using regular expression

2018-05-08 10:38:27 - [MESSAGE][PASSED] - All options with value '6' are selected in object 'Object Repository/Schedule6/Page_KDMC - CMS/select_--Select--Schedule 1Inj'  using regular expression

2018-05-08 10:38:27 - [TEST_STEP][PASSED] - selectOptionByIndex: All options with index in [8] are selected on object 'Object Repository/Schedule6/Page_KDMC - CMS/select_--Select--Albumin kit ('

2018-05-08 10:38:27 - [MESSAGE][PASSED] - All options with index in [8] are selected on object 'Object Repository/Schedule6/Page_KDMC - CMS/select_--Select--Albumin kit ('

2018-05-08 10:38:27 - [TEST_STEP][PASSED] - setText: Text '100' is set on object 'Object Repository/Schedule6/Page_KDMC - CMS/input_txttreat'

2018-05-08 10:38:27 - [MESSAGE][PASSED] - Text '100' is set on object 'Object Repository/Schedule6/Page_KDMC - CMS/input_txttreat'

2018-05-08 10:38:27 - [TEST_STEP][PASSED] - click: Object: 'Object Repository/Schedule6/Page_KDMC - CMS/button_Add' is clicked on

2018-05-08 10:38:27 - [MESSAGE][PASSED] - Object: 'Object Repository/Schedule6/Page_KDMC - CMS/button_Add' is clicked on

2018-05-08 10:38:27 - [TEST_STEP][PASSED] - selectOptionByValue: All options with value '6' are selected in object 'Object Repository/Schedule6/Page_KDMC - CMS/select_--Select--Schedule 1Inj'  using regular expression

2018-05-08 10:38:28 - [MESSAGE][PASSED] - All options with value '6' are selected in object 'Object Repository/Schedule6/Page_KDMC - CMS/select_--Select--Schedule 1Inj'  using regular expression

2018-05-08 10:38:28 - [TEST_STEP][PASSED] - selectOptionByIndex: All options with index in [9] are selected on object 'Object Repository/Schedule6/Page_KDMC - CMS/select_--Select--Albumin kit ('

2018-05-08 10:38:28 - [MESSAGE][PASSED] - All options with index in [9] are selected on object 'Object Repository/Schedule6/Page_KDMC - CMS/select_--Select--Albumin kit ('

2018-05-08 10:38:28 - [TEST_STEP][PASSED] - setText: Text '100' is set on object 'Object Repository/Schedule6/Page_KDMC - CMS/input_txttreat'

2018-05-08 10:38:28 - [MESSAGE][PASSED] - Text '100' is set on object 'Object Repository/Schedule6/Page_KDMC - CMS/input_txttreat'

2018-05-08 10:38:28 - [TEST_STEP][PASSED] - click: Object: 'Object Repository/Schedule6/Page_KDMC - CMS/button_Add' is clicked on

2018-05-08 10:38:28 - [MESSAGE][PASSED] - Object: 'Object Repository/Schedule6/Page_KDMC - CMS/button_Add' is clicked on

2018-05-08 10:38:28 - [TEST_STEP][PASSED] - selectOptionByValue: All options with value '6' are selected in object 'Object Repository/Schedule6/Page_KDMC - CMS/select_--Select--Schedule 1Inj'  using regular expression

2018-05-08 10:38:28 - [MESSAGE][PASSED] - All options with value '6' are selected in object 'Object Repository/Schedule6/Page_KDMC - CMS/select_--Select--Schedule 1Inj'  using regular expression

2018-05-08 10:38:28 - [TEST_STEP][PASSED] - selectOptionByIndex: All options with index in [10] are selected on object 'Object Repository/Schedule6/Page_KDMC - CMS/select_--Select--Albumin kit ('

2018-05-08 10:38:28 - [MESSAGE][PASSED] - All options with index in [10] are selected on object 'Object Repository/Schedule6/Page_KDMC - CMS/select_--Select--Albumin kit ('

2018-05-08 10:38:28 - [TEST_STEP][PASSED] - setText: Text '100' is set on object 'Object Repository/Schedule6/Page_KDMC - CMS/input_txttreat'

2018-05-08 10:38:29 - [MESSAGE][PASSED] - Text '100' is set on object 'Object Repository/Schedule6/Page_KDMC - CMS/input_txttreat'

2018-05-08 10:38:29 - [TEST_STEP][PASSED] - click: Object: 'Object Repository/Schedule6/Page_KDMC - CMS/button_Add' is clicked on

2018-05-08 10:38:29 - [MESSAGE][PASSED] - Object: 'Object Repository/Schedule6/Page_KDMC - CMS/button_Add' is clicked on

2018-05-08 10:38:29 - [TEST_STEP][PASSED] - selectOptionByValue: All options with value '6' are selected in object 'Object Repository/Schedule6/Page_KDMC - CMS/select_--Select--Schedule 1Inj'  using regular expression

2018-05-08 10:38:29 - [MESSAGE][PASSED] - All options with value '6' are selected in object 'Object Repository/Schedule6/Page_KDMC - CMS/select_--Select--Schedule 1Inj'  using regular expression

2018-05-08 10:38:29 - [TEST_STEP][PASSED] - selectOptionByIndex: All options with index in [11] are selected on object 'Object Repository/Schedule6/Page_KDMC - CMS/select_--Select--Albumin kit ('

2018-05-08 10:38:29 - [MESSAGE][PASSED] - All options with index in [11] are selected on object 'Object Repository/Schedule6/Page_KDMC - CMS/select_--Select--Albumin kit ('

2018-05-08 10:38:29 - [TEST_STEP][PASSED] - setText: Text '100' is set on object 'Object Repository/Schedule6/Page_KDMC - CMS/input_txttreat'

2018-05-08 10:38:29 - [MESSAGE][PASSED] - Text '100' is set on object 'Object Repository/Schedule6/Page_KDMC - CMS/input_txttreat'

2018-05-08 10:38:29 - [TEST_STEP][PASSED] - click: Object: 'Object Repository/Schedule6/Page_KDMC - CMS/button_Add' is clicked on

2018-05-08 10:38:29 - [MESSAGE][PASSED] - Object: 'Object Repository/Schedule6/Page_KDMC - CMS/button_Add' is clicked on

2018-05-08 10:38:29 - [TEST_STEP][PASSED] - selectOptionByValue: All options with value '6' are selected in object 'Object Repository/Schedule6/Page_KDMC - CMS/select_--Select--Schedule 1Inj'  using regular expression

2018-05-08 10:38:29 - [MESSAGE][PASSED] - All options with value '6' are selected in object 'Object Repository/Schedule6/Page_KDMC - CMS/select_--Select--Schedule 1Inj'  using regular expression

2018-05-08 10:38:29 - [TEST_STEP][PASSED] - selectOptionByIndex: All options with index in [12] are selected on object 'Object Repository/Schedule6/Page_KDMC - CMS/select_--Select--Albumin kit ('

2018-05-08 10:38:30 - [MESSAGE][PASSED] - All options with index in [12] are selected on object 'Object Repository/Schedule6/Page_KDMC - CMS/select_--Select--Albumin kit ('

2018-05-08 10:38:30 - [TEST_STEP][PASSED] - setText: Text '100' is set on object 'Object Repository/Schedule6/Page_KDMC - CMS/input_txttreat'

2018-05-08 10:38:30 - [MESSAGE][PASSED] - Text '100' is set on object 'Object Repository/Schedule6/Page_KDMC - CMS/input_txttreat'

2018-05-08 10:38:30 - [TEST_STEP][PASSED] - click: Object: 'Object Repository/Schedule6/Page_KDMC - CMS/button_Add' is clicked on

2018-05-08 10:38:30 - [MESSAGE][PASSED] - Object: 'Object Repository/Schedule6/Page_KDMC - CMS/button_Add' is clicked on

2018-05-08 10:38:30 - [TEST_STEP][PASSED] - selectOptionByValue: All options with value '6' are selected in object 'Object Repository/Schedule6/Page_KDMC - CMS/select_--Select--Schedule 1Inj'  using regular expression

2018-05-08 10:38:30 - [MESSAGE][PASSED] - All options with value '6' are selected in object 'Object Repository/Schedule6/Page_KDMC - CMS/select_--Select--Schedule 1Inj'  using regular expression

2018-05-08 10:38:30 - [TEST_STEP][PASSED] - selectOptionByIndex: All options with index in [13] are selected on object 'Object Repository/Schedule6/Page_KDMC - CMS/select_--Select--Albumin kit ('

2018-05-08 10:38:30 - [MESSAGE][PASSED] - All options with index in [13] are selected on object 'Object Repository/Schedule6/Page_KDMC - CMS/select_--Select--Albumin kit ('

2018-05-08 10:38:30 - [TEST_STEP][PASSED] - setText: Text '100' is set on object 'Object Repository/Schedule6/Page_KDMC - CMS/input_txttreat'

2018-05-08 10:38:30 - [MESSAGE][PASSED] - Text '100' is set on object 'Object Repository/Schedule6/Page_KDMC - CMS/input_txttreat'

2018-05-08 10:38:30 - [TEST_STEP][PASSED] - click: Object: 'Object Repository/Schedule6/Page_KDMC - CMS/button_Add' is clicked on

2018-05-08 10:38:30 - [MESSAGE][PASSED] - Object: 'Object Repository/Schedule6/Page_KDMC - CMS/button_Add' is clicked on

2018-05-08 10:38:30 - [TEST_STEP][PASSED] - scrollToElement: Scroll to object 'Object Repository/Schedule6/Page_KDMC - CMS/input_btnsave' successfully

2018-05-08 10:38:31 - [MESSAGE][PASSED] - Scroll to object 'Object Repository/Schedule6/Page_KDMC - CMS/input_btnsave' successfully

2018-05-08 10:38:31 - [TEST_STEP][PASSED] - click: Object: 'Object Repository/Schedule6/Page_KDMC - CMS/input_btnsave' is clicked on

2018-05-08 10:38:31 - [MESSAGE][PASSED] - Object: 'Object Repository/Schedule6/Page_KDMC - CMS/input_btnsave' is clicked on

2018-05-08 10:38:31 - [TEST_STEP][PASSED] - waitForElementPresent: Object 'Object Repository/Schedule6/Page_KDMC - CMS/button_OK' is present

2018-05-08 10:38:31 - [MESSAGE][PASSED] - Object 'Object Repository/Schedule6/Page_KDMC - CMS/button_OK' is present

2018-05-08 10:38:31 - [TEST_STEP][PASSED] - click: Object: 'Object Repository/Schedule6/Page_KDMC - CMS/button_OK' is clicked on

2018-05-08 10:38:32 - [MESSAGE][PASSED] - Object: 'Object Repository/Schedule6/Page_KDMC - CMS/button_OK' is clicked on

2018-05-08 10:38:32 - [TEST_STEP][PASSED] - delay: Delayed 3 second(s)

2018-05-08 10:38:35 - [MESSAGE][PASSED] - Delayed 3 second(s)

2018-05-08 10:38:35 - [TEST_STEP][PASSED] - click: Object: 'Object Repository/Schedule6/Page_KDMC - CMS/a_dropdown-toggle' is clicked on

2018-05-08 10:38:35 - [MESSAGE][PASSED] - Object: 'Object Repository/Schedule6/Page_KDMC - CMS/a_dropdown-toggle' is clicked on

2018-05-08 10:38:35 - [TEST_STEP][PASSED] - delay: Delayed 3 second(s)

2018-05-08 10:38:38 - [MESSAGE][PASSED] - Delayed 3 second(s)

2018-05-08 10:38:38 - [TEST_STEP][PASSED] - click: Object: 'Object Repository/Schedule6/Page_KDMC - CMS/a_Sign out' is clicked on

2018-05-08 10:38:40 - [MESSAGE][PASSED] - Object: 'Object Repository/Schedule6/Page_KDMC - CMS/a_Sign out' is clicked on

2018-05-08 10:38:40 - [TEST_STEP][PASSED] - closeBrowser: Browser is closed

2018-05-08 10:38:41 - [MESSAGE][PASSED] - Browser is closed]]></system-out>
         <system-err><![CDATA[]]></system-err>
      </testcase>
      <testcase name="Test Cases/MOH TO CMS REQUEST/MohRequestSchedule7" classname="Test Cases/MOH TO CMS REQUEST/MohRequestSchedule7" status="PASSED">
         <system-out><![CDATA[2018-05-08 10:38:41 - [TEST_CASE][PASSED] - Test Cases/MOH TO CMS REQUEST/MohRequestSchedule7: Test Cases/MOH TO CMS REQUEST/MohRequestSchedule7

2018-05-08 10:38:41 - [TEST_STEP][PASSED] - openBrowser: Browser is opened with url: ''

2018-05-08 10:38:43 - [MESSAGE][PASSED] - Browser is opened with url: ''

2018-05-08 10:38:43 - [TEST_STEP][PASSED] - navigateToUrl: Navigate to 'http://192.168.137.1/multihospital_new/' successfully

2018-05-08 10:38:47 - [MESSAGE][PASSED] - Navigate to 'http://192.168.137.1/multihospital_new/' successfully

2018-05-08 10:38:47 - [TEST_STEP][PASSED] - maximizeWindow: Current window maximized

2018-05-08 10:38:48 - [MESSAGE][PASSED] - Current window maximized

2018-05-08 10:38:48 - [TEST_STEP][PASSED] - click: Object: 'Object Repository/Schedule7/Page_KDMC/a_CMS' is clicked on

2018-05-08 10:38:49 - [MESSAGE][PASSED] - Object: 'Object Repository/Schedule7/Page_KDMC/a_CMS' is clicked on

2018-05-08 10:38:49 - [TEST_STEP][PASSED] - setText: Text 'bala' is set on object 'Object Repository/Schedule7/Page_CMS login/input_txtusername'

2018-05-08 10:38:49 - [MESSAGE][PASSED] - Text 'bala' is set on object 'Object Repository/Schedule7/Page_CMS login/input_txtusername'

2018-05-08 10:38:49 - [TEST_STEP][PASSED] - setText: Text '123' is set on object 'Object Repository/Schedule7/Page_CMS login/input_txtpassword'

2018-05-08 10:38:49 - [MESSAGE][PASSED] - Text '123' is set on object 'Object Repository/Schedule7/Page_CMS login/input_txtpassword'

2018-05-08 10:38:49 - [TEST_STEP][PASSED] - delay: Delayed 3 second(s)

2018-05-08 10:38:52 - [MESSAGE][PASSED] - Delayed 3 second(s)

2018-05-08 10:38:52 - [TEST_STEP][PASSED] - click: Object: 'Object Repository/Schedule6/Page_CMS login/button_Sign in' is clicked on

2018-05-08 10:38:53 - [MESSAGE][PASSED] - Object: 'Object Repository/Schedule6/Page_CMS login/button_Sign in' is clicked on

2018-05-08 10:38:53 - [TEST_STEP][PASSED] - click: Object: 'Object Repository/Schedule7/Page_KDMC - CMS/a_Request to MOH' is clicked on

2018-05-08 10:38:54 - [MESSAGE][PASSED] - Object: 'Object Repository/Schedule7/Page_KDMC - CMS/a_Request to MOH' is clicked on

2018-05-08 10:38:54 - [TEST_STEP][PASSED] - selectOptionByIndex: All options with index in [1] are selected on object 'Object Repository/Schedule7/Page_KDMC - CMS/select_--Select--'

2018-05-08 10:38:54 - [MESSAGE][PASSED] - All options with index in [1] are selected on object 'Object Repository/Schedule7/Page_KDMC - CMS/select_--Select--'

2018-05-08 10:38:54 - [TEST_STEP][PASSED] - selectOptionByIndex: All options with index in [7] are selected on object 'Object Repository/Schedule7/Page_KDMC - CMS/select_--Select--Schedule 1Inj'

2018-05-08 10:38:54 - [MESSAGE][PASSED] - All options with index in [7] are selected on object 'Object Repository/Schedule7/Page_KDMC - CMS/select_--Select--Schedule 1Inj'

2018-05-08 10:38:54 - [TEST_STEP][PASSED] - Statement - SelectedOptions = com.kms.katalon.core.webui.keyword.WebUiBuiltInKeywords.getNumberOfTotalOption(com.kms.katalon.core.testobject.ObjectRepository.findTestObject(Schedule7/Page_KDMC - CMS/select_--Select--Absorbable su)): 24 options of object 'Object Repository/Schedule7/Page_KDMC - CMS/select_--Select--Absorbable su' counted

2018-05-08 10:38:54 - [MESSAGE][PASSED] - 24 options of object 'Object Repository/Schedule7/Page_KDMC - CMS/select_--Select--Absorbable su' counted

2018-05-08 10:38:54 - [TEST_STEP][PASSED] - Statement - For ([w = 1, w < SelectedOptions, (w++)]): Object: 'Object Repository/Schedule7/Page_KDMC - CMS/button_Add' is clicked on

2018-05-08 10:38:54 - [TEST_STEP][PASSED] - selectOptionByIndex: All options with index in [7] are selected on object 'Object Repository/Schedule7/Page_KDMC - CMS/select_--Select--Schedule 1Inj'

2018-05-08 10:38:54 - [MESSAGE][PASSED] - All options with index in [7] are selected on object 'Object Repository/Schedule7/Page_KDMC - CMS/select_--Select--Schedule 1Inj'

2018-05-08 10:38:54 - [TEST_STEP][PASSED] - selectOptionByIndex: All options with index in [1] are selected on object 'Object Repository/Schedule7/Page_KDMC - CMS/select_--Select--Absorbable su'

2018-05-08 10:38:54 - [MESSAGE][PASSED] - All options with index in [1] are selected on object 'Object Repository/Schedule7/Page_KDMC - CMS/select_--Select--Absorbable su'

2018-05-08 10:38:54 - [TEST_STEP][PASSED] - setText: Text '500' is set on object 'Object Repository/Schedule7/Page_KDMC - CMS/input_txttreat'

2018-05-08 10:38:54 - [MESSAGE][PASSED] - Text '500' is set on object 'Object Repository/Schedule7/Page_KDMC - CMS/input_txttreat'

2018-05-08 10:38:54 - [TEST_STEP][PASSED] - delay: Delayed 1 second(s)

2018-05-08 10:38:55 - [MESSAGE][PASSED] - Delayed 1 second(s)

2018-05-08 10:38:55 - [TEST_STEP][PASSED] - click: Object: 'Object Repository/Schedule7/Page_KDMC - CMS/button_Add' is clicked on

2018-05-08 10:38:56 - [MESSAGE][PASSED] - Object: 'Object Repository/Schedule7/Page_KDMC - CMS/button_Add' is clicked on

2018-05-08 10:38:56 - [TEST_STEP][PASSED] - selectOptionByIndex: All options with index in [7] are selected on object 'Object Repository/Schedule7/Page_KDMC - CMS/select_--Select--Schedule 1Inj'

2018-05-08 10:38:56 - [MESSAGE][PASSED] - All options with index in [7] are selected on object 'Object Repository/Schedule7/Page_KDMC - CMS/select_--Select--Schedule 1Inj'

2018-05-08 10:38:56 - [TEST_STEP][PASSED] - selectOptionByIndex: All options with index in [2] are selected on object 'Object Repository/Schedule7/Page_KDMC - CMS/select_--Select--Absorbable su'

2018-05-08 10:38:56 - [MESSAGE][PASSED] - All options with index in [2] are selected on object 'Object Repository/Schedule7/Page_KDMC - CMS/select_--Select--Absorbable su'

2018-05-08 10:38:56 - [TEST_STEP][PASSED] - setText: Text '500' is set on object 'Object Repository/Schedule7/Page_KDMC - CMS/input_txttreat'

2018-05-08 10:38:56 - [MESSAGE][PASSED] - Text '500' is set on object 'Object Repository/Schedule7/Page_KDMC - CMS/input_txttreat'

2018-05-08 10:38:56 - [TEST_STEP][PASSED] - delay: Delayed 1 second(s)

2018-05-08 10:38:57 - [MESSAGE][PASSED] - Delayed 1 second(s)

2018-05-08 10:38:57 - [TEST_STEP][PASSED] - click: Object: 'Object Repository/Schedule7/Page_KDMC - CMS/button_Add' is clicked on

2018-05-08 10:38:57 - [MESSAGE][PASSED] - Object: 'Object Repository/Schedule7/Page_KDMC - CMS/button_Add' is clicked on

2018-05-08 10:38:57 - [TEST_STEP][PASSED] - selectOptionByIndex: All options with index in [7] are selected on object 'Object Repository/Schedule7/Page_KDMC - CMS/select_--Select--Schedule 1Inj'

2018-05-08 10:38:57 - [MESSAGE][PASSED] - All options with index in [7] are selected on object 'Object Repository/Schedule7/Page_KDMC - CMS/select_--Select--Schedule 1Inj'

2018-05-08 10:38:57 - [TEST_STEP][PASSED] - selectOptionByIndex: All options with index in [3] are selected on object 'Object Repository/Schedule7/Page_KDMC - CMS/select_--Select--Absorbable su'

2018-05-08 10:38:57 - [MESSAGE][PASSED] - All options with index in [3] are selected on object 'Object Repository/Schedule7/Page_KDMC - CMS/select_--Select--Absorbable su'

2018-05-08 10:38:57 - [TEST_STEP][PASSED] - setText: Text '500' is set on object 'Object Repository/Schedule7/Page_KDMC - CMS/input_txttreat'

2018-05-08 10:38:57 - [MESSAGE][PASSED] - Text '500' is set on object 'Object Repository/Schedule7/Page_KDMC - CMS/input_txttreat'

2018-05-08 10:38:57 - [TEST_STEP][PASSED] - delay: Delayed 1 second(s)

2018-05-08 10:38:58 - [MESSAGE][PASSED] - Delayed 1 second(s)

2018-05-08 10:38:58 - [TEST_STEP][PASSED] - click: Object: 'Object Repository/Schedule7/Page_KDMC - CMS/button_Add' is clicked on

2018-05-08 10:38:59 - [MESSAGE][PASSED] - Object: 'Object Repository/Schedule7/Page_KDMC - CMS/button_Add' is clicked on

2018-05-08 10:38:59 - [TEST_STEP][PASSED] - selectOptionByIndex: All options with index in [7] are selected on object 'Object Repository/Schedule7/Page_KDMC - CMS/select_--Select--Schedule 1Inj'

2018-05-08 10:38:59 - [MESSAGE][PASSED] - All options with index in [7] are selected on object 'Object Repository/Schedule7/Page_KDMC - CMS/select_--Select--Schedule 1Inj'

2018-05-08 10:38:59 - [TEST_STEP][PASSED] - selectOptionByIndex: All options with index in [4] are selected on object 'Object Repository/Schedule7/Page_KDMC - CMS/select_--Select--Absorbable su'

2018-05-08 10:38:59 - [MESSAGE][PASSED] - All options with index in [4] are selected on object 'Object Repository/Schedule7/Page_KDMC - CMS/select_--Select--Absorbable su'

2018-05-08 10:38:59 - [TEST_STEP][PASSED] - setText: Text '500' is set on object 'Object Repository/Schedule7/Page_KDMC - CMS/input_txttreat'

2018-05-08 10:39:00 - [MESSAGE][PASSED] - Text '500' is set on object 'Object Repository/Schedule7/Page_KDMC - CMS/input_txttreat'

2018-05-08 10:39:00 - [TEST_STEP][PASSED] - delay: Delayed 1 second(s)

2018-05-08 10:39:01 - [MESSAGE][PASSED] - Delayed 1 second(s)

2018-05-08 10:39:01 - [TEST_STEP][PASSED] - click: Object: 'Object Repository/Schedule7/Page_KDMC - CMS/button_Add' is clicked on

2018-05-08 10:39:01 - [MESSAGE][PASSED] - Object: 'Object Repository/Schedule7/Page_KDMC - CMS/button_Add' is clicked on

2018-05-08 10:39:01 - [TEST_STEP][PASSED] - selectOptionByIndex: All options with index in [7] are selected on object 'Object Repository/Schedule7/Page_KDMC - CMS/select_--Select--Schedule 1Inj'

2018-05-08 10:39:01 - [MESSAGE][PASSED] - All options with index in [7] are selected on object 'Object Repository/Schedule7/Page_KDMC - CMS/select_--Select--Schedule 1Inj'

2018-05-08 10:39:01 - [TEST_STEP][PASSED] - selectOptionByIndex: All options with index in [5] are selected on object 'Object Repository/Schedule7/Page_KDMC - CMS/select_--Select--Absorbable su'

2018-05-08 10:39:01 - [MESSAGE][PASSED] - All options with index in [5] are selected on object 'Object Repository/Schedule7/Page_KDMC - CMS/select_--Select--Absorbable su'

2018-05-08 10:39:01 - [TEST_STEP][PASSED] - setText: Text '500' is set on object 'Object Repository/Schedule7/Page_KDMC - CMS/input_txttreat'

2018-05-08 10:39:01 - [MESSAGE][PASSED] - Text '500' is set on object 'Object Repository/Schedule7/Page_KDMC - CMS/input_txttreat'

2018-05-08 10:39:01 - [TEST_STEP][PASSED] - delay: Delayed 1 second(s)

2018-05-08 10:39:02 - [MESSAGE][PASSED] - Delayed 1 second(s)

2018-05-08 10:39:02 - [TEST_STEP][PASSED] - click: Object: 'Object Repository/Schedule7/Page_KDMC - CMS/button_Add' is clicked on

2018-05-08 10:39:02 - [MESSAGE][PASSED] - Object: 'Object Repository/Schedule7/Page_KDMC - CMS/button_Add' is clicked on

2018-05-08 10:39:02 - [TEST_STEP][PASSED] - selectOptionByIndex: All options with index in [7] are selected on object 'Object Repository/Schedule7/Page_KDMC - CMS/select_--Select--Schedule 1Inj'

2018-05-08 10:39:02 - [MESSAGE][PASSED] - All options with index in [7] are selected on object 'Object Repository/Schedule7/Page_KDMC - CMS/select_--Select--Schedule 1Inj'

2018-05-08 10:39:02 - [TEST_STEP][PASSED] - selectOptionByIndex: All options with index in [6] are selected on object 'Object Repository/Schedule7/Page_KDMC - CMS/select_--Select--Absorbable su'

2018-05-08 10:39:02 - [MESSAGE][PASSED] - All options with index in [6] are selected on object 'Object Repository/Schedule7/Page_KDMC - CMS/select_--Select--Absorbable su'

2018-05-08 10:39:02 - [TEST_STEP][PASSED] - setText: Text '500' is set on object 'Object Repository/Schedule7/Page_KDMC - CMS/input_txttreat'

2018-05-08 10:39:03 - [MESSAGE][PASSED] - Text '500' is set on object 'Object Repository/Schedule7/Page_KDMC - CMS/input_txttreat'

2018-05-08 10:39:03 - [TEST_STEP][PASSED] - delay: Delayed 1 second(s)

2018-05-08 10:39:04 - [MESSAGE][PASSED] - Delayed 1 second(s)

2018-05-08 10:39:04 - [TEST_STEP][PASSED] - click: Object: 'Object Repository/Schedule7/Page_KDMC - CMS/button_Add' is clicked on

2018-05-08 10:39:04 - [MESSAGE][PASSED] - Object: 'Object Repository/Schedule7/Page_KDMC - CMS/button_Add' is clicked on

2018-05-08 10:39:04 - [TEST_STEP][PASSED] - selectOptionByIndex: All options with index in [7] are selected on object 'Object Repository/Schedule7/Page_KDMC - CMS/select_--Select--Schedule 1Inj'

2018-05-08 10:39:04 - [MESSAGE][PASSED] - All options with index in [7] are selected on object 'Object Repository/Schedule7/Page_KDMC - CMS/select_--Select--Schedule 1Inj'

2018-05-08 10:39:04 - [TEST_STEP][PASSED] - selectOptionByIndex: All options with index in [7] are selected on object 'Object Repository/Schedule7/Page_KDMC - CMS/select_--Select--Absorbable su'

2018-05-08 10:39:04 - [MESSAGE][PASSED] - All options with index in [7] are selected on object 'Object Repository/Schedule7/Page_KDMC - CMS/select_--Select--Absorbable su'

2018-05-08 10:39:04 - [TEST_STEP][PASSED] - setText: Text '500' is set on object 'Object Repository/Schedule7/Page_KDMC - CMS/input_txttreat'

2018-05-08 10:39:04 - [MESSAGE][PASSED] - Text '500' is set on object 'Object Repository/Schedule7/Page_KDMC - CMS/input_txttreat'

2018-05-08 10:39:04 - [TEST_STEP][PASSED] - delay: Delayed 1 second(s)

2018-05-08 10:39:05 - [MESSAGE][PASSED] - Delayed 1 second(s)

2018-05-08 10:39:05 - [TEST_STEP][PASSED] - click: Object: 'Object Repository/Schedule7/Page_KDMC - CMS/button_Add' is clicked on

2018-05-08 10:39:05 - [MESSAGE][PASSED] - Object: 'Object Repository/Schedule7/Page_KDMC - CMS/button_Add' is clicked on

2018-05-08 10:39:05 - [TEST_STEP][PASSED] - selectOptionByIndex: All options with index in [7] are selected on object 'Object Repository/Schedule7/Page_KDMC - CMS/select_--Select--Schedule 1Inj'

2018-05-08 10:39:05 - [MESSAGE][PASSED] - All options with index in [7] are selected on object 'Object Repository/Schedule7/Page_KDMC - CMS/select_--Select--Schedule 1Inj'

2018-05-08 10:39:05 - [TEST_STEP][PASSED] - selectOptionByIndex: All options with index in [8] are selected on object 'Object Repository/Schedule7/Page_KDMC - CMS/select_--Select--Absorbable su'

2018-05-08 10:39:05 - [MESSAGE][PASSED] - All options with index in [8] are selected on object 'Object Repository/Schedule7/Page_KDMC - CMS/select_--Select--Absorbable su'

2018-05-08 10:39:05 - [TEST_STEP][PASSED] - setText: Text '500' is set on object 'Object Repository/Schedule7/Page_KDMC - CMS/input_txttreat'

2018-05-08 10:39:06 - [MESSAGE][PASSED] - Text '500' is set on object 'Object Repository/Schedule7/Page_KDMC - CMS/input_txttreat'

2018-05-08 10:39:06 - [TEST_STEP][PASSED] - delay: Delayed 1 second(s)

2018-05-08 10:39:07 - [MESSAGE][PASSED] - Delayed 1 second(s)

2018-05-08 10:39:07 - [TEST_STEP][PASSED] - click: Object: 'Object Repository/Schedule7/Page_KDMC - CMS/button_Add' is clicked on

2018-05-08 10:39:07 - [MESSAGE][PASSED] - Object: 'Object Repository/Schedule7/Page_KDMC - CMS/button_Add' is clicked on

2018-05-08 10:39:07 - [TEST_STEP][PASSED] - selectOptionByIndex: All options with index in [7] are selected on object 'Object Repository/Schedule7/Page_KDMC - CMS/select_--Select--Schedule 1Inj'

2018-05-08 10:39:07 - [MESSAGE][PASSED] - All options with index in [7] are selected on object 'Object Repository/Schedule7/Page_KDMC - CMS/select_--Select--Schedule 1Inj'

2018-05-08 10:39:07 - [TEST_STEP][PASSED] - selectOptionByIndex: All options with index in [9] are selected on object 'Object Repository/Schedule7/Page_KDMC - CMS/select_--Select--Absorbable su'

2018-05-08 10:39:07 - [MESSAGE][PASSED] - All options with index in [9] are selected on object 'Object Repository/Schedule7/Page_KDMC - CMS/select_--Select--Absorbable su'

2018-05-08 10:39:07 - [TEST_STEP][PASSED] - setText: Text '500' is set on object 'Object Repository/Schedule7/Page_KDMC - CMS/input_txttreat'

2018-05-08 10:39:07 - [MESSAGE][PASSED] - Text '500' is set on object 'Object Repository/Schedule7/Page_KDMC - CMS/input_txttreat'

2018-05-08 10:39:07 - [TEST_STEP][PASSED] - delay: Delayed 1 second(s)

2018-05-08 10:39:08 - [MESSAGE][PASSED] - Delayed 1 second(s)

2018-05-08 10:39:08 - [TEST_STEP][PASSED] - click: Object: 'Object Repository/Schedule7/Page_KDMC - CMS/button_Add' is clicked on

2018-05-08 10:39:08 - [MESSAGE][PASSED] - Object: 'Object Repository/Schedule7/Page_KDMC - CMS/button_Add' is clicked on

2018-05-08 10:39:08 - [TEST_STEP][PASSED] - selectOptionByIndex: All options with index in [7] are selected on object 'Object Repository/Schedule7/Page_KDMC - CMS/select_--Select--Schedule 1Inj'

2018-05-08 10:39:08 - [MESSAGE][PASSED] - All options with index in [7] are selected on object 'Object Repository/Schedule7/Page_KDMC - CMS/select_--Select--Schedule 1Inj'

2018-05-08 10:39:08 - [TEST_STEP][PASSED] - selectOptionByIndex: All options with index in [10] are selected on object 'Object Repository/Schedule7/Page_KDMC - CMS/select_--Select--Absorbable su'

2018-05-08 10:39:09 - [MESSAGE][PASSED] - All options with index in [10] are selected on object 'Object Repository/Schedule7/Page_KDMC - CMS/select_--Select--Absorbable su'

2018-05-08 10:39:09 - [TEST_STEP][PASSED] - setText: Text '500' is set on object 'Object Repository/Schedule7/Page_KDMC - CMS/input_txttreat'

2018-05-08 10:39:09 - [MESSAGE][PASSED] - Text '500' is set on object 'Object Repository/Schedule7/Page_KDMC - CMS/input_txttreat'

2018-05-08 10:39:09 - [TEST_STEP][PASSED] - delay: Delayed 1 second(s)

2018-05-08 10:39:10 - [MESSAGE][PASSED] - Delayed 1 second(s)

2018-05-08 10:39:10 - [TEST_STEP][PASSED] - click: Object: 'Object Repository/Schedule7/Page_KDMC - CMS/button_Add' is clicked on

2018-05-08 10:39:10 - [MESSAGE][PASSED] - Object: 'Object Repository/Schedule7/Page_KDMC - CMS/button_Add' is clicked on

2018-05-08 10:39:10 - [TEST_STEP][PASSED] - selectOptionByIndex: All options with index in [7] are selected on object 'Object Repository/Schedule7/Page_KDMC - CMS/select_--Select--Schedule 1Inj'

2018-05-08 10:39:10 - [MESSAGE][PASSED] - All options with index in [7] are selected on object 'Object Repository/Schedule7/Page_KDMC - CMS/select_--Select--Schedule 1Inj'

2018-05-08 10:39:10 - [TEST_STEP][PASSED] - selectOptionByIndex: All options with index in [11] are selected on object 'Object Repository/Schedule7/Page_KDMC - CMS/select_--Select--Absorbable su'

2018-05-08 10:39:11 - [MESSAGE][PASSED] - All options with index in [11] are selected on object 'Object Repository/Schedule7/Page_KDMC - CMS/select_--Select--Absorbable su'

2018-05-08 10:39:11 - [TEST_STEP][PASSED] - setText: Text '500' is set on object 'Object Repository/Schedule7/Page_KDMC - CMS/input_txttreat'

2018-05-08 10:39:11 - [MESSAGE][PASSED] - Text '500' is set on object 'Object Repository/Schedule7/Page_KDMC - CMS/input_txttreat'

2018-05-08 10:39:11 - [TEST_STEP][PASSED] - delay: Delayed 1 second(s)

2018-05-08 10:39:12 - [MESSAGE][PASSED] - Delayed 1 second(s)

2018-05-08 10:39:12 - [TEST_STEP][PASSED] - click: Object: 'Object Repository/Schedule7/Page_KDMC - CMS/button_Add' is clicked on

2018-05-08 10:39:12 - [MESSAGE][PASSED] - Object: 'Object Repository/Schedule7/Page_KDMC - CMS/button_Add' is clicked on

2018-05-08 10:39:12 - [TEST_STEP][PASSED] - selectOptionByIndex: All options with index in [7] are selected on object 'Object Repository/Schedule7/Page_KDMC - CMS/select_--Select--Schedule 1Inj'

2018-05-08 10:39:12 - [MESSAGE][PASSED] - All options with index in [7] are selected on object 'Object Repository/Schedule7/Page_KDMC - CMS/select_--Select--Schedule 1Inj'

2018-05-08 10:39:12 - [TEST_STEP][PASSED] - selectOptionByIndex: All options with index in [12] are selected on object 'Object Repository/Schedule7/Page_KDMC - CMS/select_--Select--Absorbable su'

2018-05-08 10:39:12 - [MESSAGE][PASSED] - All options with index in [12] are selected on object 'Object Repository/Schedule7/Page_KDMC - CMS/select_--Select--Absorbable su'

2018-05-08 10:39:12 - [TEST_STEP][PASSED] - setText: Text '500' is set on object 'Object Repository/Schedule7/Page_KDMC - CMS/input_txttreat'

2018-05-08 10:39:12 - [MESSAGE][PASSED] - Text '500' is set on object 'Object Repository/Schedule7/Page_KDMC - CMS/input_txttreat'

2018-05-08 10:39:12 - [TEST_STEP][PASSED] - delay: Delayed 1 second(s)

2018-05-08 10:39:13 - [MESSAGE][PASSED] - Delayed 1 second(s)

2018-05-08 10:39:13 - [TEST_STEP][PASSED] - click: Object: 'Object Repository/Schedule7/Page_KDMC - CMS/button_Add' is clicked on

2018-05-08 10:39:13 - [MESSAGE][PASSED] - Object: 'Object Repository/Schedule7/Page_KDMC - CMS/button_Add' is clicked on

2018-05-08 10:39:13 - [TEST_STEP][PASSED] - selectOptionByIndex: All options with index in [7] are selected on object 'Object Repository/Schedule7/Page_KDMC - CMS/select_--Select--Schedule 1Inj'

2018-05-08 10:39:14 - [MESSAGE][PASSED] - All options with index in [7] are selected on object 'Object Repository/Schedule7/Page_KDMC - CMS/select_--Select--Schedule 1Inj'

2018-05-08 10:39:14 - [TEST_STEP][PASSED] - selectOptionByIndex: All options with index in [13] are selected on object 'Object Repository/Schedule7/Page_KDMC - CMS/select_--Select--Absorbable su'

2018-05-08 10:39:14 - [MESSAGE][PASSED] - All options with index in [13] are selected on object 'Object Repository/Schedule7/Page_KDMC - CMS/select_--Select--Absorbable su'

2018-05-08 10:39:14 - [TEST_STEP][PASSED] - setText: Text '500' is set on object 'Object Repository/Schedule7/Page_KDMC - CMS/input_txttreat'

2018-05-08 10:39:14 - [MESSAGE][PASSED] - Text '500' is set on object 'Object Repository/Schedule7/Page_KDMC - CMS/input_txttreat'

2018-05-08 10:39:14 - [TEST_STEP][PASSED] - delay: Delayed 1 second(s)

2018-05-08 10:39:15 - [MESSAGE][PASSED] - Delayed 1 second(s)

2018-05-08 10:39:15 - [TEST_STEP][PASSED] - click: Object: 'Object Repository/Schedule7/Page_KDMC - CMS/button_Add' is clicked on

2018-05-08 10:39:15 - [MESSAGE][PASSED] - Object: 'Object Repository/Schedule7/Page_KDMC - CMS/button_Add' is clicked on

2018-05-08 10:39:15 - [TEST_STEP][PASSED] - selectOptionByIndex: All options with index in [7] are selected on object 'Object Repository/Schedule7/Page_KDMC - CMS/select_--Select--Schedule 1Inj'

2018-05-08 10:39:15 - [MESSAGE][PASSED] - All options with index in [7] are selected on object 'Object Repository/Schedule7/Page_KDMC - CMS/select_--Select--Schedule 1Inj'

2018-05-08 10:39:15 - [TEST_STEP][PASSED] - selectOptionByIndex: All options with index in [14] are selected on object 'Object Repository/Schedule7/Page_KDMC - CMS/select_--Select--Absorbable su'

2018-05-08 10:39:15 - [MESSAGE][PASSED] - All options with index in [14] are selected on object 'Object Repository/Schedule7/Page_KDMC - CMS/select_--Select--Absorbable su'

2018-05-08 10:39:15 - [TEST_STEP][PASSED] - setText: Text '500' is set on object 'Object Repository/Schedule7/Page_KDMC - CMS/input_txttreat'

2018-05-08 10:39:15 - [MESSAGE][PASSED] - Text '500' is set on object 'Object Repository/Schedule7/Page_KDMC - CMS/input_txttreat'

2018-05-08 10:39:15 - [TEST_STEP][PASSED] - delay: Delayed 1 second(s)

2018-05-08 10:39:16 - [MESSAGE][PASSED] - Delayed 1 second(s)

2018-05-08 10:39:16 - [TEST_STEP][PASSED] - click: Object: 'Object Repository/Schedule7/Page_KDMC - CMS/button_Add' is clicked on

2018-05-08 10:39:17 - [MESSAGE][PASSED] - Object: 'Object Repository/Schedule7/Page_KDMC - CMS/button_Add' is clicked on

2018-05-08 10:39:17 - [TEST_STEP][PASSED] - selectOptionByIndex: All options with index in [7] are selected on object 'Object Repository/Schedule7/Page_KDMC - CMS/select_--Select--Schedule 1Inj'

2018-05-08 10:39:17 - [MESSAGE][PASSED] - All options with index in [7] are selected on object 'Object Repository/Schedule7/Page_KDMC - CMS/select_--Select--Schedule 1Inj'

2018-05-08 10:39:17 - [TEST_STEP][PASSED] - selectOptionByIndex: All options with index in [15] are selected on object 'Object Repository/Schedule7/Page_KDMC - CMS/select_--Select--Absorbable su'

2018-05-08 10:39:18 - [MESSAGE][PASSED] - All options with index in [15] are selected on object 'Object Repository/Schedule7/Page_KDMC - CMS/select_--Select--Absorbable su'

2018-05-08 10:39:18 - [TEST_STEP][PASSED] - setText: Text '500' is set on object 'Object Repository/Schedule7/Page_KDMC - CMS/input_txttreat'

2018-05-08 10:39:18 - [MESSAGE][PASSED] - Text '500' is set on object 'Object Repository/Schedule7/Page_KDMC - CMS/input_txttreat'

2018-05-08 10:39:18 - [TEST_STEP][PASSED] - delay: Delayed 1 second(s)

2018-05-08 10:39:19 - [MESSAGE][PASSED] - Delayed 1 second(s)

2018-05-08 10:39:19 - [TEST_STEP][PASSED] - click: Object: 'Object Repository/Schedule7/Page_KDMC - CMS/button_Add' is clicked on

2018-05-08 10:39:19 - [MESSAGE][PASSED] - Object: 'Object Repository/Schedule7/Page_KDMC - CMS/button_Add' is clicked on

2018-05-08 10:39:19 - [TEST_STEP][PASSED] - selectOptionByIndex: All options with index in [7] are selected on object 'Object Repository/Schedule7/Page_KDMC - CMS/select_--Select--Schedule 1Inj'

2018-05-08 10:39:19 - [MESSAGE][PASSED] - All options with index in [7] are selected on object 'Object Repository/Schedule7/Page_KDMC - CMS/select_--Select--Schedule 1Inj'

2018-05-08 10:39:19 - [TEST_STEP][PASSED] - selectOptionByIndex: All options with index in [16] are selected on object 'Object Repository/Schedule7/Page_KDMC - CMS/select_--Select--Absorbable su'

2018-05-08 10:39:19 - [MESSAGE][PASSED] - All options with index in [16] are selected on object 'Object Repository/Schedule7/Page_KDMC - CMS/select_--Select--Absorbable su'

2018-05-08 10:39:19 - [TEST_STEP][PASSED] - setText: Text '500' is set on object 'Object Repository/Schedule7/Page_KDMC - CMS/input_txttreat'

2018-05-08 10:39:19 - [MESSAGE][PASSED] - Text '500' is set on object 'Object Repository/Schedule7/Page_KDMC - CMS/input_txttreat'

2018-05-08 10:39:19 - [TEST_STEP][PASSED] - delay: Delayed 1 second(s)

2018-05-08 10:39:20 - [MESSAGE][PASSED] - Delayed 1 second(s)

2018-05-08 10:39:20 - [TEST_STEP][PASSED] - click: Object: 'Object Repository/Schedule7/Page_KDMC - CMS/button_Add' is clicked on

2018-05-08 10:39:20 - [MESSAGE][PASSED] - Object: 'Object Repository/Schedule7/Page_KDMC - CMS/button_Add' is clicked on

2018-05-08 10:39:20 - [TEST_STEP][PASSED] - selectOptionByIndex: All options with index in [7] are selected on object 'Object Repository/Schedule7/Page_KDMC - CMS/select_--Select--Schedule 1Inj'

2018-05-08 10:39:21 - [MESSAGE][PASSED] - All options with index in [7] are selected on object 'Object Repository/Schedule7/Page_KDMC - CMS/select_--Select--Schedule 1Inj'

2018-05-08 10:39:21 - [TEST_STEP][PASSED] - selectOptionByIndex: All options with index in [17] are selected on object 'Object Repository/Schedule7/Page_KDMC - CMS/select_--Select--Absorbable su'

2018-05-08 10:39:21 - [MESSAGE][PASSED] - All options with index in [17] are selected on object 'Object Repository/Schedule7/Page_KDMC - CMS/select_--Select--Absorbable su'

2018-05-08 10:39:21 - [TEST_STEP][PASSED] - setText: Text '500' is set on object 'Object Repository/Schedule7/Page_KDMC - CMS/input_txttreat'

2018-05-08 10:39:21 - [MESSAGE][PASSED] - Text '500' is set on object 'Object Repository/Schedule7/Page_KDMC - CMS/input_txttreat'

2018-05-08 10:39:21 - [TEST_STEP][PASSED] - delay: Delayed 1 second(s)

2018-05-08 10:39:22 - [MESSAGE][PASSED] - Delayed 1 second(s)

2018-05-08 10:39:22 - [TEST_STEP][PASSED] - click: Object: 'Object Repository/Schedule7/Page_KDMC - CMS/button_Add' is clicked on

2018-05-08 10:39:22 - [MESSAGE][PASSED] - Object: 'Object Repository/Schedule7/Page_KDMC - CMS/button_Add' is clicked on

2018-05-08 10:39:22 - [TEST_STEP][PASSED] - selectOptionByIndex: All options with index in [7] are selected on object 'Object Repository/Schedule7/Page_KDMC - CMS/select_--Select--Schedule 1Inj'

2018-05-08 10:39:22 - [MESSAGE][PASSED] - All options with index in [7] are selected on object 'Object Repository/Schedule7/Page_KDMC - CMS/select_--Select--Schedule 1Inj'

2018-05-08 10:39:22 - [TEST_STEP][PASSED] - selectOptionByIndex: All options with index in [18] are selected on object 'Object Repository/Schedule7/Page_KDMC - CMS/select_--Select--Absorbable su'

2018-05-08 10:39:23 - [MESSAGE][PASSED] - All options with index in [18] are selected on object 'Object Repository/Schedule7/Page_KDMC - CMS/select_--Select--Absorbable su'

2018-05-08 10:39:23 - [TEST_STEP][PASSED] - setText: Text '500' is set on object 'Object Repository/Schedule7/Page_KDMC - CMS/input_txttreat'

2018-05-08 10:39:23 - [MESSAGE][PASSED] - Text '500' is set on object 'Object Repository/Schedule7/Page_KDMC - CMS/input_txttreat'

2018-05-08 10:39:23 - [TEST_STEP][PASSED] - delay: Delayed 1 second(s)

2018-05-08 10:39:24 - [MESSAGE][PASSED] - Delayed 1 second(s)

2018-05-08 10:39:24 - [TEST_STEP][PASSED] - click: Object: 'Object Repository/Schedule7/Page_KDMC - CMS/button_Add' is clicked on

2018-05-08 10:39:24 - [MESSAGE][PASSED] - Object: 'Object Repository/Schedule7/Page_KDMC - CMS/button_Add' is clicked on

2018-05-08 10:39:24 - [TEST_STEP][PASSED] - selectOptionByIndex: All options with index in [7] are selected on object 'Object Repository/Schedule7/Page_KDMC - CMS/select_--Select--Schedule 1Inj'

2018-05-08 10:39:24 - [MESSAGE][PASSED] - All options with index in [7] are selected on object 'Object Repository/Schedule7/Page_KDMC - CMS/select_--Select--Schedule 1Inj'

2018-05-08 10:39:24 - [TEST_STEP][PASSED] - selectOptionByIndex: All options with index in [19] are selected on object 'Object Repository/Schedule7/Page_KDMC - CMS/select_--Select--Absorbable su'

2018-05-08 10:39:25 - [MESSAGE][PASSED] - All options with index in [19] are selected on object 'Object Repository/Schedule7/Page_KDMC - CMS/select_--Select--Absorbable su'

2018-05-08 10:39:25 - [TEST_STEP][PASSED] - setText: Text '500' is set on object 'Object Repository/Schedule7/Page_KDMC - CMS/input_txttreat'

2018-05-08 10:39:25 - [MESSAGE][PASSED] - Text '500' is set on object 'Object Repository/Schedule7/Page_KDMC - CMS/input_txttreat'

2018-05-08 10:39:25 - [TEST_STEP][PASSED] - delay: Delayed 1 second(s)

2018-05-08 10:39:26 - [MESSAGE][PASSED] - Delayed 1 second(s)

2018-05-08 10:39:26 - [TEST_STEP][PASSED] - click: Object: 'Object Repository/Schedule7/Page_KDMC - CMS/button_Add' is clicked on

2018-05-08 10:39:26 - [MESSAGE][PASSED] - Object: 'Object Repository/Schedule7/Page_KDMC - CMS/button_Add' is clicked on

2018-05-08 10:39:26 - [TEST_STEP][PASSED] - selectOptionByIndex: All options with index in [7] are selected on object 'Object Repository/Schedule7/Page_KDMC - CMS/select_--Select--Schedule 1Inj'

2018-05-08 10:39:27 - [MESSAGE][PASSED] - All options with index in [7] are selected on object 'Object Repository/Schedule7/Page_KDMC - CMS/select_--Select--Schedule 1Inj'

2018-05-08 10:39:27 - [TEST_STEP][PASSED] - selectOptionByIndex: All options with index in [20] are selected on object 'Object Repository/Schedule7/Page_KDMC - CMS/select_--Select--Absorbable su'

2018-05-08 10:39:27 - [MESSAGE][PASSED] - All options with index in [20] are selected on object 'Object Repository/Schedule7/Page_KDMC - CMS/select_--Select--Absorbable su'

2018-05-08 10:39:27 - [TEST_STEP][PASSED] - setText: Text '500' is set on object 'Object Repository/Schedule7/Page_KDMC - CMS/input_txttreat'

2018-05-08 10:39:27 - [MESSAGE][PASSED] - Text '500' is set on object 'Object Repository/Schedule7/Page_KDMC - CMS/input_txttreat'

2018-05-08 10:39:27 - [TEST_STEP][PASSED] - delay: Delayed 1 second(s)

2018-05-08 10:39:28 - [MESSAGE][PASSED] - Delayed 1 second(s)

2018-05-08 10:39:28 - [TEST_STEP][PASSED] - click: Object: 'Object Repository/Schedule7/Page_KDMC - CMS/button_Add' is clicked on

2018-05-08 10:39:28 - [MESSAGE][PASSED] - Object: 'Object Repository/Schedule7/Page_KDMC - CMS/button_Add' is clicked on

2018-05-08 10:39:28 - [TEST_STEP][PASSED] - selectOptionByIndex: All options with index in [7] are selected on object 'Object Repository/Schedule7/Page_KDMC - CMS/select_--Select--Schedule 1Inj'

2018-05-08 10:39:28 - [MESSAGE][PASSED] - All options with index in [7] are selected on object 'Object Repository/Schedule7/Page_KDMC - CMS/select_--Select--Schedule 1Inj'

2018-05-08 10:39:28 - [TEST_STEP][PASSED] - selectOptionByIndex: All options with index in [21] are selected on object 'Object Repository/Schedule7/Page_KDMC - CMS/select_--Select--Absorbable su'

2018-05-08 10:39:29 - [MESSAGE][PASSED] - All options with index in [21] are selected on object 'Object Repository/Schedule7/Page_KDMC - CMS/select_--Select--Absorbable su'

2018-05-08 10:39:29 - [TEST_STEP][PASSED] - setText: Text '500' is set on object 'Object Repository/Schedule7/Page_KDMC - CMS/input_txttreat'

2018-05-08 10:39:29 - [MESSAGE][PASSED] - Text '500' is set on object 'Object Repository/Schedule7/Page_KDMC - CMS/input_txttreat'

2018-05-08 10:39:29 - [TEST_STEP][PASSED] - delay: Delayed 1 second(s)

2018-05-08 10:39:30 - [MESSAGE][PASSED] - Delayed 1 second(s)

2018-05-08 10:39:30 - [TEST_STEP][PASSED] - click: Object: 'Object Repository/Schedule7/Page_KDMC - CMS/button_Add' is clicked on

2018-05-08 10:39:30 - [MESSAGE][PASSED] - Object: 'Object Repository/Schedule7/Page_KDMC - CMS/button_Add' is clicked on

2018-05-08 10:39:30 - [TEST_STEP][PASSED] - selectOptionByIndex: All options with index in [7] are selected on object 'Object Repository/Schedule7/Page_KDMC - CMS/select_--Select--Schedule 1Inj'

2018-05-08 10:39:30 - [MESSAGE][PASSED] - All options with index in [7] are selected on object 'Object Repository/Schedule7/Page_KDMC - CMS/select_--Select--Schedule 1Inj'

2018-05-08 10:39:30 - [TEST_STEP][PASSED] - selectOptionByIndex: All options with index in [22] are selected on object 'Object Repository/Schedule7/Page_KDMC - CMS/select_--Select--Absorbable su'

2018-05-08 10:39:30 - [MESSAGE][PASSED] - All options with index in [22] are selected on object 'Object Repository/Schedule7/Page_KDMC - CMS/select_--Select--Absorbable su'

2018-05-08 10:39:30 - [TEST_STEP][PASSED] - setText: Text '500' is set on object 'Object Repository/Schedule7/Page_KDMC - CMS/input_txttreat'

2018-05-08 10:39:30 - [MESSAGE][PASSED] - Text '500' is set on object 'Object Repository/Schedule7/Page_KDMC - CMS/input_txttreat'

2018-05-08 10:39:30 - [TEST_STEP][PASSED] - delay: Delayed 1 second(s)

2018-05-08 10:39:31 - [MESSAGE][PASSED] - Delayed 1 second(s)

2018-05-08 10:39:31 - [TEST_STEP][PASSED] - click: Object: 'Object Repository/Schedule7/Page_KDMC - CMS/button_Add' is clicked on

2018-05-08 10:39:31 - [MESSAGE][PASSED] - Object: 'Object Repository/Schedule7/Page_KDMC - CMS/button_Add' is clicked on

2018-05-08 10:39:31 - [TEST_STEP][PASSED] - selectOptionByIndex: All options with index in [7] are selected on object 'Object Repository/Schedule7/Page_KDMC - CMS/select_--Select--Schedule 1Inj'

2018-05-08 10:39:32 - [MESSAGE][PASSED] - All options with index in [7] are selected on object 'Object Repository/Schedule7/Page_KDMC - CMS/select_--Select--Schedule 1Inj'

2018-05-08 10:39:32 - [TEST_STEP][PASSED] - selectOptionByIndex: All options with index in [23] are selected on object 'Object Repository/Schedule7/Page_KDMC - CMS/select_--Select--Absorbable su'

2018-05-08 10:39:32 - [MESSAGE][PASSED] - All options with index in [23] are selected on object 'Object Repository/Schedule7/Page_KDMC - CMS/select_--Select--Absorbable su'

2018-05-08 10:39:32 - [TEST_STEP][PASSED] - setText: Text '500' is set on object 'Object Repository/Schedule7/Page_KDMC - CMS/input_txttreat'

2018-05-08 10:39:32 - [MESSAGE][PASSED] - Text '500' is set on object 'Object Repository/Schedule7/Page_KDMC - CMS/input_txttreat'

2018-05-08 10:39:32 - [TEST_STEP][PASSED] - delay: Delayed 1 second(s)

2018-05-08 10:39:33 - [MESSAGE][PASSED] - Delayed 1 second(s)

2018-05-08 10:39:33 - [TEST_STEP][PASSED] - click: Object: 'Object Repository/Schedule7/Page_KDMC - CMS/button_Add' is clicked on

2018-05-08 10:39:33 - [MESSAGE][PASSED] - Object: 'Object Repository/Schedule7/Page_KDMC - CMS/button_Add' is clicked on

2018-05-08 10:39:33 - [TEST_STEP][PASSED] - scrollToElement: Scroll to object 'Object Repository/Schedule7/Page_KDMC - CMS/input_btnsave' successfully

2018-05-08 10:39:33 - [MESSAGE][PASSED] - Scroll to object 'Object Repository/Schedule7/Page_KDMC - CMS/input_btnsave' successfully

2018-05-08 10:39:33 - [TEST_STEP][PASSED] - click: Object: 'Object Repository/Schedule7/Page_KDMC - CMS/input_btnsave' is clicked on

2018-05-08 10:39:33 - [MESSAGE][PASSED] - Object: 'Object Repository/Schedule7/Page_KDMC - CMS/input_btnsave' is clicked on

2018-05-08 10:39:33 - [TEST_STEP][PASSED] - waitForElementPresent: Object 'Object Repository/Schedule7/Page_KDMC - CMS/button_OK' is present

2018-05-08 10:39:34 - [MESSAGE][PASSED] - Object 'Object Repository/Schedule7/Page_KDMC - CMS/button_OK' is present

2018-05-08 10:39:34 - [TEST_STEP][PASSED] - click: Object: 'Object Repository/Schedule7/Page_KDMC - CMS/button_OK' is clicked on

2018-05-08 10:39:34 - [MESSAGE][PASSED] - Object: 'Object Repository/Schedule7/Page_KDMC - CMS/button_OK' is clicked on

2018-05-08 10:39:34 - [TEST_STEP][PASSED] - delay: Delayed 3 second(s)

2018-05-08 10:39:37 - [MESSAGE][PASSED] - Delayed 3 second(s)

2018-05-08 10:39:37 - [TEST_STEP][PASSED] - click: Object: 'Object Repository/Schedule7/Page_KDMC - CMS/a_dropdown-toggle' is clicked on

2018-05-08 10:39:38 - [MESSAGE][PASSED] - Object: 'Object Repository/Schedule7/Page_KDMC - CMS/a_dropdown-toggle' is clicked on

2018-05-08 10:39:38 - [TEST_STEP][PASSED] - click: Object: 'Object Repository/Schedule7/Page_KDMC - CMS/a_Sign out' is clicked on

2018-05-08 10:39:43 - [MESSAGE][PASSED] - Object: 'Object Repository/Schedule7/Page_KDMC - CMS/a_Sign out' is clicked on

2018-05-08 10:39:43 - [TEST_STEP][PASSED] - closeBrowser: Browser is closed

2018-05-08 10:39:44 - [MESSAGE][PASSED] - Browser is closed]]></system-out>
         <system-err><![CDATA[]]></system-err>
      </testcase>
      <testcase name="Test Cases/MOH TO CMS REQUEST/MohRequestSchedule8" classname="Test Cases/MOH TO CMS REQUEST/MohRequestSchedule8" status="PASSED">
         <system-out><![CDATA[2018-05-08 10:39:44 - [TEST_CASE][PASSED] - Test Cases/MOH TO CMS REQUEST/MohRequestSchedule8: Test Cases/MOH TO CMS REQUEST/MohRequestSchedule8

2018-05-08 10:39:44 - [TEST_STEP][PASSED] - openBrowser: Browser is opened with url: ''

2018-05-08 10:39:46 - [MESSAGE][PASSED] - Browser is opened with url: ''

2018-05-08 10:39:46 - [TEST_STEP][PASSED] - navigateToUrl: Navigate to 'http://192.168.137.1/multihospital_new/' successfully

2018-05-08 10:39:58 - [MESSAGE][PASSED] - Navigate to 'http://192.168.137.1/multihospital_new/' successfully

2018-05-08 10:39:58 - [TEST_STEP][PASSED] - maximizeWindow: Current window maximized

2018-05-08 10:39:59 - [MESSAGE][PASSED] - Current window maximized

2018-05-08 10:39:59 - [TEST_STEP][PASSED] - click: Object: 'Object Repository/Schedule8/Page_KDMC/a_CMS' is clicked on

2018-05-08 10:40:00 - [MESSAGE][PASSED] - Object: 'Object Repository/Schedule8/Page_KDMC/a_CMS' is clicked on

2018-05-08 10:40:00 - [TEST_STEP][PASSED] - setText: Text 'bala' is set on object 'Object Repository/Schedule8/Page_CMS login/input_txtusername'

2018-05-08 10:40:00 - [MESSAGE][PASSED] - Text 'bala' is set on object 'Object Repository/Schedule8/Page_CMS login/input_txtusername'

2018-05-08 10:40:00 - [TEST_STEP][PASSED] - setText: Text '123' is set on object 'Object Repository/Schedule8/Page_CMS login/input_txtpassword'

2018-05-08 10:40:00 - [MESSAGE][PASSED] - Text '123' is set on object 'Object Repository/Schedule8/Page_CMS login/input_txtpassword'

2018-05-08 10:40:00 - [TEST_STEP][PASSED] - delay: Delayed 3 second(s)

2018-05-08 10:40:03 - [MESSAGE][PASSED] - Delayed 3 second(s)

2018-05-08 10:40:03 - [TEST_STEP][PASSED] - click: Object: 'Object Repository/Schedule8/Page_CMS login/button_Sign in' is clicked on

2018-05-08 10:40:04 - [MESSAGE][PASSED] - Object: 'Object Repository/Schedule8/Page_CMS login/button_Sign in' is clicked on

2018-05-08 10:40:04 - [TEST_STEP][PASSED] - click: Object: 'Object Repository/Schedule8/Page_KDMC - CMS/a_Request to MOH' is clicked on

2018-05-08 10:40:05 - [MESSAGE][PASSED] - Object: 'Object Repository/Schedule8/Page_KDMC - CMS/a_Request to MOH' is clicked on

2018-05-08 10:40:05 - [TEST_STEP][PASSED] - selectOptionByIndex: All options with index in [2] are selected on object 'Object Repository/Schedule8/Page_KDMC - CMS/select_--Select--'

2018-05-08 10:40:05 - [MESSAGE][PASSED] - All options with index in [2] are selected on object 'Object Repository/Schedule8/Page_KDMC - CMS/select_--Select--'

2018-05-08 10:40:05 - [TEST_STEP][PASSED] - selectOptionByIndex: All options with index in [8] are selected on object 'Object Repository/Schedule8/Page_KDMC - CMS/select_--Select--Schedule 1Inj'

2018-05-08 10:40:05 - [MESSAGE][PASSED] - All options with index in [8] are selected on object 'Object Repository/Schedule8/Page_KDMC - CMS/select_--Select--Schedule 1Inj'

2018-05-08 10:40:05 - [TEST_STEP][PASSED] - Statement - SelectedOption = com.kms.katalon.core.webui.keyword.WebUiBuiltInKeywords.getNumberOfTotalOption(com.kms.katalon.core.testobject.ObjectRepository.findTestObject(Schedule8/Page_KDMC - CMS/select_--Select--Disposable de)): 18 options of object 'Object Repository/Schedule8/Page_KDMC - CMS/select_--Select--Disposable de' counted

2018-05-08 10:40:05 - [MESSAGE][PASSED] - 18 options of object 'Object Repository/Schedule8/Page_KDMC - CMS/select_--Select--Disposable de' counted

2018-05-08 10:40:05 - [TEST_STEP][PASSED] - Statement - For ([r = 1, r < SelectedOption, (r++)]): Object: 'Object Repository/Schedule8/Page_KDMC - CMS/button_Add' is clicked on

2018-05-08 10:40:05 - [TEST_STEP][PASSED] - selectOptionByIndex: All options with index in [8] are selected on object 'Object Repository/Schedule8/Page_KDMC - CMS/select_--Select--Schedule 1Inj'

2018-05-08 10:40:05 - [MESSAGE][PASSED] - All options with index in [8] are selected on object 'Object Repository/Schedule8/Page_KDMC - CMS/select_--Select--Schedule 1Inj'

2018-05-08 10:40:05 - [TEST_STEP][PASSED] - selectOptionByIndex: All options with index in [1] are selected on object 'Object Repository/Schedule8/Page_KDMC - CMS/select_--Select--Disposable de'

2018-05-08 10:40:06 - [MESSAGE][PASSED] - All options with index in [1] are selected on object 'Object Repository/Schedule8/Page_KDMC - CMS/select_--Select--Disposable de'

2018-05-08 10:40:06 - [TEST_STEP][PASSED] - setText: Text '500' is set on object 'Object Repository/Schedule8/Page_KDMC - CMS/input_txttreat'

2018-05-08 10:40:06 - [MESSAGE][PASSED] - Text '500' is set on object 'Object Repository/Schedule8/Page_KDMC - CMS/input_txttreat'

2018-05-08 10:40:06 - [TEST_STEP][PASSED] - click: Object: 'Object Repository/Schedule8/Page_KDMC - CMS/button_Add' is clicked on

2018-05-08 10:40:06 - [MESSAGE][PASSED] - Object: 'Object Repository/Schedule8/Page_KDMC - CMS/button_Add' is clicked on

2018-05-08 10:40:06 - [TEST_STEP][PASSED] - selectOptionByIndex: All options with index in [8] are selected on object 'Object Repository/Schedule8/Page_KDMC - CMS/select_--Select--Schedule 1Inj'

2018-05-08 10:40:06 - [MESSAGE][PASSED] - All options with index in [8] are selected on object 'Object Repository/Schedule8/Page_KDMC - CMS/select_--Select--Schedule 1Inj'

2018-05-08 10:40:06 - [TEST_STEP][PASSED] - selectOptionByIndex: All options with index in [2] are selected on object 'Object Repository/Schedule8/Page_KDMC - CMS/select_--Select--Disposable de'

2018-05-08 10:40:06 - [MESSAGE][PASSED] - All options with index in [2] are selected on object 'Object Repository/Schedule8/Page_KDMC - CMS/select_--Select--Disposable de'

2018-05-08 10:40:06 - [TEST_STEP][PASSED] - setText: Text '500' is set on object 'Object Repository/Schedule8/Page_KDMC - CMS/input_txttreat'

2018-05-08 10:40:06 - [MESSAGE][PASSED] - Text '500' is set on object 'Object Repository/Schedule8/Page_KDMC - CMS/input_txttreat'

2018-05-08 10:40:06 - [TEST_STEP][PASSED] - click: Object: 'Object Repository/Schedule8/Page_KDMC - CMS/button_Add' is clicked on

2018-05-08 10:40:06 - [MESSAGE][PASSED] - Object: 'Object Repository/Schedule8/Page_KDMC - CMS/button_Add' is clicked on

2018-05-08 10:40:06 - [TEST_STEP][PASSED] - selectOptionByIndex: All options with index in [8] are selected on object 'Object Repository/Schedule8/Page_KDMC - CMS/select_--Select--Schedule 1Inj'

2018-05-08 10:40:06 - [MESSAGE][PASSED] - All options with index in [8] are selected on object 'Object Repository/Schedule8/Page_KDMC - CMS/select_--Select--Schedule 1Inj'

2018-05-08 10:40:06 - [TEST_STEP][PASSED] - selectOptionByIndex: All options with index in [3] are selected on object 'Object Repository/Schedule8/Page_KDMC - CMS/select_--Select--Disposable de'

2018-05-08 10:40:07 - [MESSAGE][PASSED] - All options with index in [3] are selected on object 'Object Repository/Schedule8/Page_KDMC - CMS/select_--Select--Disposable de'

2018-05-08 10:40:07 - [TEST_STEP][PASSED] - setText: Text '500' is set on object 'Object Repository/Schedule8/Page_KDMC - CMS/input_txttreat'

2018-05-08 10:40:07 - [MESSAGE][PASSED] - Text '500' is set on object 'Object Repository/Schedule8/Page_KDMC - CMS/input_txttreat'

2018-05-08 10:40:07 - [TEST_STEP][PASSED] - click: Object: 'Object Repository/Schedule8/Page_KDMC - CMS/button_Add' is clicked on

2018-05-08 10:40:07 - [MESSAGE][PASSED] - Object: 'Object Repository/Schedule8/Page_KDMC - CMS/button_Add' is clicked on

2018-05-08 10:40:07 - [TEST_STEP][PASSED] - selectOptionByIndex: All options with index in [8] are selected on object 'Object Repository/Schedule8/Page_KDMC - CMS/select_--Select--Schedule 1Inj'

2018-05-08 10:40:07 - [MESSAGE][PASSED] - All options with index in [8] are selected on object 'Object Repository/Schedule8/Page_KDMC - CMS/select_--Select--Schedule 1Inj'

2018-05-08 10:40:07 - [TEST_STEP][PASSED] - selectOptionByIndex: All options with index in [4] are selected on object 'Object Repository/Schedule8/Page_KDMC - CMS/select_--Select--Disposable de'

2018-05-08 10:40:07 - [MESSAGE][PASSED] - All options with index in [4] are selected on object 'Object Repository/Schedule8/Page_KDMC - CMS/select_--Select--Disposable de'

2018-05-08 10:40:07 - [TEST_STEP][PASSED] - setText: Text '500' is set on object 'Object Repository/Schedule8/Page_KDMC - CMS/input_txttreat'

2018-05-08 10:40:07 - [MESSAGE][PASSED] - Text '500' is set on object 'Object Repository/Schedule8/Page_KDMC - CMS/input_txttreat'

2018-05-08 10:40:07 - [TEST_STEP][PASSED] - click: Object: 'Object Repository/Schedule8/Page_KDMC - CMS/button_Add' is clicked on

2018-05-08 10:40:07 - [MESSAGE][PASSED] - Object: 'Object Repository/Schedule8/Page_KDMC - CMS/button_Add' is clicked on

2018-05-08 10:40:07 - [TEST_STEP][PASSED] - selectOptionByIndex: All options with index in [8] are selected on object 'Object Repository/Schedule8/Page_KDMC - CMS/select_--Select--Schedule 1Inj'

2018-05-08 10:40:07 - [MESSAGE][PASSED] - All options with index in [8] are selected on object 'Object Repository/Schedule8/Page_KDMC - CMS/select_--Select--Schedule 1Inj'

2018-05-08 10:40:07 - [TEST_STEP][PASSED] - selectOptionByIndex: All options with index in [5] are selected on object 'Object Repository/Schedule8/Page_KDMC - CMS/select_--Select--Disposable de'

2018-05-08 10:40:07 - [MESSAGE][PASSED] - All options with index in [5] are selected on object 'Object Repository/Schedule8/Page_KDMC - CMS/select_--Select--Disposable de'

2018-05-08 10:40:07 - [TEST_STEP][PASSED] - setText: Text '500' is set on object 'Object Repository/Schedule8/Page_KDMC - CMS/input_txttreat'

2018-05-08 10:40:08 - [MESSAGE][PASSED] - Text '500' is set on object 'Object Repository/Schedule8/Page_KDMC - CMS/input_txttreat'

2018-05-08 10:40:08 - [TEST_STEP][PASSED] - click: Object: 'Object Repository/Schedule8/Page_KDMC - CMS/button_Add' is clicked on

2018-05-08 10:40:08 - [MESSAGE][PASSED] - Object: 'Object Repository/Schedule8/Page_KDMC - CMS/button_Add' is clicked on

2018-05-08 10:40:08 - [TEST_STEP][PASSED] - selectOptionByIndex: All options with index in [8] are selected on object 'Object Repository/Schedule8/Page_KDMC - CMS/select_--Select--Schedule 1Inj'

2018-05-08 10:40:08 - [MESSAGE][PASSED] - All options with index in [8] are selected on object 'Object Repository/Schedule8/Page_KDMC - CMS/select_--Select--Schedule 1Inj'

2018-05-08 10:40:08 - [TEST_STEP][PASSED] - selectOptionByIndex: All options with index in [6] are selected on object 'Object Repository/Schedule8/Page_KDMC - CMS/select_--Select--Disposable de'

2018-05-08 10:40:08 - [MESSAGE][PASSED] - All options with index in [6] are selected on object 'Object Repository/Schedule8/Page_KDMC - CMS/select_--Select--Disposable de'

2018-05-08 10:40:08 - [TEST_STEP][PASSED] - setText: Text '500' is set on object 'Object Repository/Schedule8/Page_KDMC - CMS/input_txttreat'

2018-05-08 10:40:08 - [MESSAGE][PASSED] - Text '500' is set on object 'Object Repository/Schedule8/Page_KDMC - CMS/input_txttreat'

2018-05-08 10:40:08 - [TEST_STEP][PASSED] - click: Object: 'Object Repository/Schedule8/Page_KDMC - CMS/button_Add' is clicked on

2018-05-08 10:40:08 - [MESSAGE][PASSED] - Object: 'Object Repository/Schedule8/Page_KDMC - CMS/button_Add' is clicked on

2018-05-08 10:40:08 - [TEST_STEP][PASSED] - selectOptionByIndex: All options with index in [8] are selected on object 'Object Repository/Schedule8/Page_KDMC - CMS/select_--Select--Schedule 1Inj'

2018-05-08 10:40:08 - [MESSAGE][PASSED] - All options with index in [8] are selected on object 'Object Repository/Schedule8/Page_KDMC - CMS/select_--Select--Schedule 1Inj'

2018-05-08 10:40:08 - [TEST_STEP][PASSED] - selectOptionByIndex: All options with index in [7] are selected on object 'Object Repository/Schedule8/Page_KDMC - CMS/select_--Select--Disposable de'

2018-05-08 10:40:08 - [MESSAGE][PASSED] - All options with index in [7] are selected on object 'Object Repository/Schedule8/Page_KDMC - CMS/select_--Select--Disposable de'

2018-05-08 10:40:08 - [TEST_STEP][PASSED] - setText: Text '500' is set on object 'Object Repository/Schedule8/Page_KDMC - CMS/input_txttreat'

2018-05-08 10:40:08 - [MESSAGE][PASSED] - Text '500' is set on object 'Object Repository/Schedule8/Page_KDMC - CMS/input_txttreat'

2018-05-08 10:40:08 - [TEST_STEP][PASSED] - click: Object: 'Object Repository/Schedule8/Page_KDMC - CMS/button_Add' is clicked on

2018-05-08 10:40:09 - [MESSAGE][PASSED] - Object: 'Object Repository/Schedule8/Page_KDMC - CMS/button_Add' is clicked on

2018-05-08 10:40:09 - [TEST_STEP][PASSED] - selectOptionByIndex: All options with index in [8] are selected on object 'Object Repository/Schedule8/Page_KDMC - CMS/select_--Select--Schedule 1Inj'

2018-05-08 10:40:09 - [MESSAGE][PASSED] - All options with index in [8] are selected on object 'Object Repository/Schedule8/Page_KDMC - CMS/select_--Select--Schedule 1Inj'

2018-05-08 10:40:09 - [TEST_STEP][PASSED] - selectOptionByIndex: All options with index in [8] are selected on object 'Object Repository/Schedule8/Page_KDMC - CMS/select_--Select--Disposable de'

2018-05-08 10:40:09 - [MESSAGE][PASSED] - All options with index in [8] are selected on object 'Object Repository/Schedule8/Page_KDMC - CMS/select_--Select--Disposable de'

2018-05-08 10:40:09 - [TEST_STEP][PASSED] - setText: Text '500' is set on object 'Object Repository/Schedule8/Page_KDMC - CMS/input_txttreat'

2018-05-08 10:40:10 - [MESSAGE][PASSED] - Text '500' is set on object 'Object Repository/Schedule8/Page_KDMC - CMS/input_txttreat'

2018-05-08 10:40:10 - [TEST_STEP][PASSED] - click: Object: 'Object Repository/Schedule8/Page_KDMC - CMS/button_Add' is clicked on

2018-05-08 10:40:10 - [MESSAGE][PASSED] - Object: 'Object Repository/Schedule8/Page_KDMC - CMS/button_Add' is clicked on

2018-05-08 10:40:10 - [TEST_STEP][PASSED] - selectOptionByIndex: All options with index in [8] are selected on object 'Object Repository/Schedule8/Page_KDMC - CMS/select_--Select--Schedule 1Inj'

2018-05-08 10:40:10 - [MESSAGE][PASSED] - All options with index in [8] are selected on object 'Object Repository/Schedule8/Page_KDMC - CMS/select_--Select--Schedule 1Inj'

2018-05-08 10:40:10 - [TEST_STEP][PASSED] - selectOptionByIndex: All options with index in [9] are selected on object 'Object Repository/Schedule8/Page_KDMC - CMS/select_--Select--Disposable de'

2018-05-08 10:40:10 - [MESSAGE][PASSED] - All options with index in [9] are selected on object 'Object Repository/Schedule8/Page_KDMC - CMS/select_--Select--Disposable de'

2018-05-08 10:40:10 - [TEST_STEP][PASSED] - setText: Text '500' is set on object 'Object Repository/Schedule8/Page_KDMC - CMS/input_txttreat'

2018-05-08 10:40:10 - [MESSAGE][PASSED] - Text '500' is set on object 'Object Repository/Schedule8/Page_KDMC - CMS/input_txttreat'

2018-05-08 10:40:10 - [TEST_STEP][PASSED] - click: Object: 'Object Repository/Schedule8/Page_KDMC - CMS/button_Add' is clicked on

2018-05-08 10:40:10 - [MESSAGE][PASSED] - Object: 'Object Repository/Schedule8/Page_KDMC - CMS/button_Add' is clicked on

2018-05-08 10:40:10 - [TEST_STEP][PASSED] - selectOptionByIndex: All options with index in [8] are selected on object 'Object Repository/Schedule8/Page_KDMC - CMS/select_--Select--Schedule 1Inj'

2018-05-08 10:40:10 - [MESSAGE][PASSED] - All options with index in [8] are selected on object 'Object Repository/Schedule8/Page_KDMC - CMS/select_--Select--Schedule 1Inj'

2018-05-08 10:40:10 - [TEST_STEP][PASSED] - selectOptionByIndex: All options with index in [10] are selected on object 'Object Repository/Schedule8/Page_KDMC - CMS/select_--Select--Disposable de'

2018-05-08 10:40:10 - [MESSAGE][PASSED] - All options with index in [10] are selected on object 'Object Repository/Schedule8/Page_KDMC - CMS/select_--Select--Disposable de'

2018-05-08 10:40:10 - [TEST_STEP][PASSED] - setText: Text '500' is set on object 'Object Repository/Schedule8/Page_KDMC - CMS/input_txttreat'

2018-05-08 10:40:11 - [MESSAGE][PASSED] - Text '500' is set on object 'Object Repository/Schedule8/Page_KDMC - CMS/input_txttreat'

2018-05-08 10:40:11 - [TEST_STEP][PASSED] - click: Object: 'Object Repository/Schedule8/Page_KDMC - CMS/button_Add' is clicked on

2018-05-08 10:40:11 - [MESSAGE][PASSED] - Object: 'Object Repository/Schedule8/Page_KDMC - CMS/button_Add' is clicked on

2018-05-08 10:40:11 - [TEST_STEP][PASSED] - selectOptionByIndex: All options with index in [8] are selected on object 'Object Repository/Schedule8/Page_KDMC - CMS/select_--Select--Schedule 1Inj'

2018-05-08 10:40:11 - [MESSAGE][PASSED] - All options with index in [8] are selected on object 'Object Repository/Schedule8/Page_KDMC - CMS/select_--Select--Schedule 1Inj'

2018-05-08 10:40:11 - [TEST_STEP][PASSED] - selectOptionByIndex: All options with index in [11] are selected on object 'Object Repository/Schedule8/Page_KDMC - CMS/select_--Select--Disposable de'

2018-05-08 10:40:11 - [MESSAGE][PASSED] - All options with index in [11] are selected on object 'Object Repository/Schedule8/Page_KDMC - CMS/select_--Select--Disposable de'

2018-05-08 10:40:11 - [TEST_STEP][PASSED] - setText: Text '500' is set on object 'Object Repository/Schedule8/Page_KDMC - CMS/input_txttreat'

2018-05-08 10:40:11 - [MESSAGE][PASSED] - Text '500' is set on object 'Object Repository/Schedule8/Page_KDMC - CMS/input_txttreat'

2018-05-08 10:40:11 - [TEST_STEP][PASSED] - click: Object: 'Object Repository/Schedule8/Page_KDMC - CMS/button_Add' is clicked on

2018-05-08 10:40:11 - [MESSAGE][PASSED] - Object: 'Object Repository/Schedule8/Page_KDMC - CMS/button_Add' is clicked on

2018-05-08 10:40:11 - [TEST_STEP][PASSED] - selectOptionByIndex: All options with index in [8] are selected on object 'Object Repository/Schedule8/Page_KDMC - CMS/select_--Select--Schedule 1Inj'

2018-05-08 10:40:11 - [MESSAGE][PASSED] - All options with index in [8] are selected on object 'Object Repository/Schedule8/Page_KDMC - CMS/select_--Select--Schedule 1Inj'

2018-05-08 10:40:11 - [TEST_STEP][PASSED] - selectOptionByIndex: All options with index in [12] are selected on object 'Object Repository/Schedule8/Page_KDMC - CMS/select_--Select--Disposable de'

2018-05-08 10:40:11 - [MESSAGE][PASSED] - All options with index in [12] are selected on object 'Object Repository/Schedule8/Page_KDMC - CMS/select_--Select--Disposable de'

2018-05-08 10:40:11 - [TEST_STEP][PASSED] - setText: Text '500' is set on object 'Object Repository/Schedule8/Page_KDMC - CMS/input_txttreat'

2018-05-08 10:40:12 - [MESSAGE][PASSED] - Text '500' is set on object 'Object Repository/Schedule8/Page_KDMC - CMS/input_txttreat'

2018-05-08 10:40:12 - [TEST_STEP][PASSED] - click: Object: 'Object Repository/Schedule8/Page_KDMC - CMS/button_Add' is clicked on

2018-05-08 10:40:12 - [MESSAGE][PASSED] - Object: 'Object Repository/Schedule8/Page_KDMC - CMS/button_Add' is clicked on

2018-05-08 10:40:12 - [TEST_STEP][PASSED] - selectOptionByIndex: All options with index in [8] are selected on object 'Object Repository/Schedule8/Page_KDMC - CMS/select_--Select--Schedule 1Inj'

2018-05-08 10:40:12 - [MESSAGE][PASSED] - All options with index in [8] are selected on object 'Object Repository/Schedule8/Page_KDMC - CMS/select_--Select--Schedule 1Inj'

2018-05-08 10:40:12 - [TEST_STEP][PASSED] - selectOptionByIndex: All options with index in [13] are selected on object 'Object Repository/Schedule8/Page_KDMC - CMS/select_--Select--Disposable de'

2018-05-08 10:40:12 - [MESSAGE][PASSED] - All options with index in [13] are selected on object 'Object Repository/Schedule8/Page_KDMC - CMS/select_--Select--Disposable de'

2018-05-08 10:40:12 - [TEST_STEP][PASSED] - setText: Text '500' is set on object 'Object Repository/Schedule8/Page_KDMC - CMS/input_txttreat'

2018-05-08 10:40:12 - [MESSAGE][PASSED] - Text '500' is set on object 'Object Repository/Schedule8/Page_KDMC - CMS/input_txttreat'

2018-05-08 10:40:12 - [TEST_STEP][PASSED] - click: Object: 'Object Repository/Schedule8/Page_KDMC - CMS/button_Add' is clicked on

2018-05-08 10:40:12 - [MESSAGE][PASSED] - Object: 'Object Repository/Schedule8/Page_KDMC - CMS/button_Add' is clicked on

2018-05-08 10:40:12 - [TEST_STEP][PASSED] - selectOptionByIndex: All options with index in [8] are selected on object 'Object Repository/Schedule8/Page_KDMC - CMS/select_--Select--Schedule 1Inj'

2018-05-08 10:40:12 - [MESSAGE][PASSED] - All options with index in [8] are selected on object 'Object Repository/Schedule8/Page_KDMC - CMS/select_--Select--Schedule 1Inj'

2018-05-08 10:40:12 - [TEST_STEP][PASSED] - selectOptionByIndex: All options with index in [14] are selected on object 'Object Repository/Schedule8/Page_KDMC - CMS/select_--Select--Disposable de'

2018-05-08 10:40:13 - [MESSAGE][PASSED] - All options with index in [14] are selected on object 'Object Repository/Schedule8/Page_KDMC - CMS/select_--Select--Disposable de'

2018-05-08 10:40:13 - [TEST_STEP][PASSED] - setText: Text '500' is set on object 'Object Repository/Schedule8/Page_KDMC - CMS/input_txttreat'

2018-05-08 10:40:13 - [MESSAGE][PASSED] - Text '500' is set on object 'Object Repository/Schedule8/Page_KDMC - CMS/input_txttreat'

2018-05-08 10:40:13 - [TEST_STEP][PASSED] - click: Object: 'Object Repository/Schedule8/Page_KDMC - CMS/button_Add' is clicked on

2018-05-08 10:40:13 - [MESSAGE][PASSED] - Object: 'Object Repository/Schedule8/Page_KDMC - CMS/button_Add' is clicked on

2018-05-08 10:40:13 - [TEST_STEP][PASSED] - selectOptionByIndex: All options with index in [8] are selected on object 'Object Repository/Schedule8/Page_KDMC - CMS/select_--Select--Schedule 1Inj'

2018-05-08 10:40:13 - [MESSAGE][PASSED] - All options with index in [8] are selected on object 'Object Repository/Schedule8/Page_KDMC - CMS/select_--Select--Schedule 1Inj'

2018-05-08 10:40:13 - [TEST_STEP][PASSED] - selectOptionByIndex: All options with index in [15] are selected on object 'Object Repository/Schedule8/Page_KDMC - CMS/select_--Select--Disposable de'

2018-05-08 10:40:13 - [MESSAGE][PASSED] - All options with index in [15] are selected on object 'Object Repository/Schedule8/Page_KDMC - CMS/select_--Select--Disposable de'

2018-05-08 10:40:13 - [TEST_STEP][PASSED] - setText: Text '500' is set on object 'Object Repository/Schedule8/Page_KDMC - CMS/input_txttreat'

2018-05-08 10:40:13 - [MESSAGE][PASSED] - Text '500' is set on object 'Object Repository/Schedule8/Page_KDMC - CMS/input_txttreat'

2018-05-08 10:40:13 - [TEST_STEP][PASSED] - click: Object: 'Object Repository/Schedule8/Page_KDMC - CMS/button_Add' is clicked on

2018-05-08 10:40:13 - [MESSAGE][PASSED] - Object: 'Object Repository/Schedule8/Page_KDMC - CMS/button_Add' is clicked on

2018-05-08 10:40:13 - [TEST_STEP][PASSED] - selectOptionByIndex: All options with index in [8] are selected on object 'Object Repository/Schedule8/Page_KDMC - CMS/select_--Select--Schedule 1Inj'

2018-05-08 10:40:13 - [MESSAGE][PASSED] - All options with index in [8] are selected on object 'Object Repository/Schedule8/Page_KDMC - CMS/select_--Select--Schedule 1Inj'

2018-05-08 10:40:13 - [TEST_STEP][PASSED] - selectOptionByIndex: All options with index in [16] are selected on object 'Object Repository/Schedule8/Page_KDMC - CMS/select_--Select--Disposable de'

2018-05-08 10:40:14 - [MESSAGE][PASSED] - All options with index in [16] are selected on object 'Object Repository/Schedule8/Page_KDMC - CMS/select_--Select--Disposable de'

2018-05-08 10:40:14 - [TEST_STEP][PASSED] - setText: Text '500' is set on object 'Object Repository/Schedule8/Page_KDMC - CMS/input_txttreat'

2018-05-08 10:40:14 - [MESSAGE][PASSED] - Text '500' is set on object 'Object Repository/Schedule8/Page_KDMC - CMS/input_txttreat'

2018-05-08 10:40:14 - [TEST_STEP][PASSED] - click: Object: 'Object Repository/Schedule8/Page_KDMC - CMS/button_Add' is clicked on

2018-05-08 10:40:14 - [MESSAGE][PASSED] - Object: 'Object Repository/Schedule8/Page_KDMC - CMS/button_Add' is clicked on

2018-05-08 10:40:14 - [TEST_STEP][PASSED] - selectOptionByIndex: All options with index in [8] are selected on object 'Object Repository/Schedule8/Page_KDMC - CMS/select_--Select--Schedule 1Inj'

2018-05-08 10:40:14 - [MESSAGE][PASSED] - All options with index in [8] are selected on object 'Object Repository/Schedule8/Page_KDMC - CMS/select_--Select--Schedule 1Inj'

2018-05-08 10:40:14 - [TEST_STEP][PASSED] - selectOptionByIndex: All options with index in [17] are selected on object 'Object Repository/Schedule8/Page_KDMC - CMS/select_--Select--Disposable de'

2018-05-08 10:40:14 - [MESSAGE][PASSED] - All options with index in [17] are selected on object 'Object Repository/Schedule8/Page_KDMC - CMS/select_--Select--Disposable de'

2018-05-08 10:40:14 - [TEST_STEP][PASSED] - setText: Text '500' is set on object 'Object Repository/Schedule8/Page_KDMC - CMS/input_txttreat'

2018-05-08 10:40:14 - [MESSAGE][PASSED] - Text '500' is set on object 'Object Repository/Schedule8/Page_KDMC - CMS/input_txttreat'

2018-05-08 10:40:14 - [TEST_STEP][PASSED] - click: Object: 'Object Repository/Schedule8/Page_KDMC - CMS/button_Add' is clicked on

2018-05-08 10:40:14 - [MESSAGE][PASSED] - Object: 'Object Repository/Schedule8/Page_KDMC - CMS/button_Add' is clicked on

2018-05-08 10:40:14 - [TEST_STEP][PASSED] - scrollToElement: Scroll to object 'Object Repository/Schedule8/Page_KDMC - CMS/input_btnsave' successfully

2018-05-08 10:40:14 - [MESSAGE][PASSED] - Scroll to object 'Object Repository/Schedule8/Page_KDMC - CMS/input_btnsave' successfully

2018-05-08 10:40:14 - [TEST_STEP][PASSED] - click: Object: 'Object Repository/Schedule8/Page_KDMC - CMS/input_btnsave' is clicked on

2018-05-08 10:40:15 - [MESSAGE][PASSED] - Object: 'Object Repository/Schedule8/Page_KDMC - CMS/input_btnsave' is clicked on

2018-05-08 10:40:15 - [TEST_STEP][PASSED] - delay: Delayed 3 second(s)

2018-05-08 10:40:18 - [MESSAGE][PASSED] - Delayed 3 second(s)

2018-05-08 10:40:18 - [TEST_STEP][PASSED] - waitForElementPresent: Object 'Object Repository/Schedule8/Page_KDMC - CMS/button_OK' is present

2018-05-08 10:40:18 - [MESSAGE][PASSED] - Object 'Object Repository/Schedule8/Page_KDMC - CMS/button_OK' is present

2018-05-08 10:40:18 - [TEST_STEP][PASSED] - click: Object: 'Object Repository/Schedule8/Page_KDMC - CMS/button_OK' is clicked on

2018-05-08 10:40:18 - [MESSAGE][PASSED] - Object: 'Object Repository/Schedule8/Page_KDMC - CMS/button_OK' is clicked on

2018-05-08 10:40:18 - [TEST_STEP][PASSED] - delay: Delayed 3 second(s)

2018-05-08 10:40:21 - [MESSAGE][PASSED] - Delayed 3 second(s)

2018-05-08 10:40:21 - [TEST_STEP][PASSED] - click: Object: 'Object Repository/Schedule8/Page_KDMC - CMS/a_dropdown-toggle' is clicked on

2018-05-08 10:40:21 - [MESSAGE][PASSED] - Object: 'Object Repository/Schedule8/Page_KDMC - CMS/a_dropdown-toggle' is clicked on

2018-05-08 10:40:21 - [TEST_STEP][PASSED] - click: Object: 'Object Repository/Schedule8/Page_KDMC - CMS/a_Sign out' is clicked on

2018-05-08 10:40:22 - [MESSAGE][PASSED] - Object: 'Object Repository/Schedule8/Page_KDMC - CMS/a_Sign out' is clicked on

2018-05-08 10:40:22 - [TEST_STEP][PASSED] - deleteAllCookies: Delete all cookies successfully

2018-05-08 10:40:22 - [MESSAGE][PASSED] - Delete all cookies successfully

2018-05-08 10:40:22 - [TEST_STEP][PASSED] - closeBrowser: Browser is closed

2018-05-08 10:40:23 - [MESSAGE][PASSED] - Browser is closed]]></system-out>
         <system-err><![CDATA[]]></system-err>
      </testcase>
      <testcase name="Test Cases/MOH TO CMS REQUEST/MohRequestSchedule9" classname="Test Cases/MOH TO CMS REQUEST/MohRequestSchedule9" status="PASSED">
         <system-out><![CDATA[2018-05-08 10:40:23 - [TEST_CASE][PASSED] - Test Cases/MOH TO CMS REQUEST/MohRequestSchedule9: Test Cases/MOH TO CMS REQUEST/MohRequestSchedule9

2018-05-08 10:40:23 - [TEST_STEP][PASSED] - openBrowser: Browser is opened with url: ''

2018-05-08 10:40:25 - [MESSAGE][PASSED] - Browser is opened with url: ''

2018-05-08 10:40:25 - [TEST_STEP][PASSED] - navigateToUrl: Navigate to 'http://192.168.137.1/multihospital_new/' successfully

2018-05-08 10:40:28 - [MESSAGE][PASSED] - Navigate to 'http://192.168.137.1/multihospital_new/' successfully

2018-05-08 10:40:28 - [TEST_STEP][PASSED] - maximizeWindow: Current window maximized

2018-05-08 10:40:29 - [MESSAGE][PASSED] - Current window maximized

2018-05-08 10:40:29 - [TEST_STEP][PASSED] - click: Object: 'Object Repository/Schedule9/Page_KDMC/a_CMS' is clicked on

2018-05-08 10:40:29 - [MESSAGE][PASSED] - Object: 'Object Repository/Schedule9/Page_KDMC/a_CMS' is clicked on

2018-05-08 10:40:29 - [TEST_STEP][PASSED] - setText: Text 'bala' is set on object 'Object Repository/Schedule9/Page_CMS login/input_txtusername'

2018-05-08 10:40:30 - [MESSAGE][PASSED] - Text 'bala' is set on object 'Object Repository/Schedule9/Page_CMS login/input_txtusername'

2018-05-08 10:40:30 - [TEST_STEP][PASSED] - setText: Text '123' is set on object 'Object Repository/Schedule9/Page_CMS login/input_txtpassword'

2018-05-08 10:40:30 - [MESSAGE][PASSED] - Text '123' is set on object 'Object Repository/Schedule9/Page_CMS login/input_txtpassword'

2018-05-08 10:40:30 - [TEST_STEP][PASSED] - delay: Delayed 3 second(s)

2018-05-08 10:40:33 - [MESSAGE][PASSED] - Delayed 3 second(s)

2018-05-08 10:40:33 - [TEST_STEP][PASSED] - click: Object: 'Object Repository/Schedule9/Page_CMS login/button_Sign in' is clicked on

2018-05-08 10:40:34 - [MESSAGE][PASSED] - Object: 'Object Repository/Schedule9/Page_CMS login/button_Sign in' is clicked on

2018-05-08 10:40:34 - [TEST_STEP][PASSED] - click: Object: 'Object Repository/Schedule9/Page_KDMC - CMS/a_Request to MOH' is clicked on

2018-05-08 10:40:35 - [MESSAGE][PASSED] - Object: 'Object Repository/Schedule9/Page_KDMC - CMS/a_Request to MOH' is clicked on

2018-05-08 10:40:35 - [TEST_STEP][PASSED] - selectOptionByIndex: All options with index in [2] are selected on object 'Object Repository/Schedule9/Page_KDMC - CMS/select_--Select--'

2018-05-08 10:40:35 - [MESSAGE][PASSED] - All options with index in [2] are selected on object 'Object Repository/Schedule9/Page_KDMC - CMS/select_--Select--'

2018-05-08 10:40:35 - [TEST_STEP][PASSED] - selectOptionByIndex: All options with index in [9] are selected on object 'Object Repository/Schedule9/Page_KDMC - CMS/select_--Select--Schedule 1Inj'

2018-05-08 10:40:35 - [MESSAGE][PASSED] - All options with index in [9] are selected on object 'Object Repository/Schedule9/Page_KDMC - CMS/select_--Select--Schedule 1Inj'

2018-05-08 10:40:35 - [TEST_STEP][PASSED] - Statement - Selectedoption = com.kms.katalon.core.webui.keyword.WebUiBuiltInKeywords.getNumberOfTotalOption(com.kms.katalon.core.testobject.ObjectRepository.findTestObject(Schedule9/Page_KDMC - CMS/select_--Select--Blood Transfu)): 36 options of object 'Object Repository/Schedule9/Page_KDMC - CMS/select_--Select--Blood Transfu' counted

2018-05-08 10:40:35 - [MESSAGE][PASSED] - 36 options of object 'Object Repository/Schedule9/Page_KDMC - CMS/select_--Select--Blood Transfu' counted

2018-05-08 10:40:35 - [TEST_STEP][PASSED] - Statement - For ([a = 1, a < Selectedoption, (a++)]): Object: 'Object Repository/Schedule9/Page_KDMC - CMS/button_Add' is clicked on

2018-05-08 10:40:35 - [TEST_STEP][PASSED] - selectOptionByIndex: All options with index in [9] are selected on object 'Object Repository/Schedule9/Page_KDMC - CMS/select_--Select--Schedule 1Inj'

2018-05-08 10:40:36 - [MESSAGE][PASSED] - All options with index in [9] are selected on object 'Object Repository/Schedule9/Page_KDMC - CMS/select_--Select--Schedule 1Inj'

2018-05-08 10:40:36 - [TEST_STEP][PASSED] - selectOptionByIndex: All options with index in [1] are selected on object 'Object Repository/Schedule9/Page_KDMC - CMS/select_--Select--Blood Transfu'

2018-05-08 10:40:36 - [MESSAGE][PASSED] - All options with index in [1] are selected on object 'Object Repository/Schedule9/Page_KDMC - CMS/select_--Select--Blood Transfu'

2018-05-08 10:40:36 - [TEST_STEP][PASSED] - setText: Text '50000' is set on object 'Object Repository/Schedule9/Page_KDMC - CMS/input_txttreat'

2018-05-08 10:40:36 - [MESSAGE][PASSED] - Text '50000' is set on object 'Object Repository/Schedule9/Page_KDMC - CMS/input_txttreat'

2018-05-08 10:40:36 - [TEST_STEP][PASSED] - click: Object: 'Object Repository/Schedule9/Page_KDMC - CMS/button_Add' is clicked on

2018-05-08 10:40:36 - [MESSAGE][PASSED] - Object: 'Object Repository/Schedule9/Page_KDMC - CMS/button_Add' is clicked on

2018-05-08 10:40:36 - [TEST_STEP][PASSED] - selectOptionByIndex: All options with index in [9] are selected on object 'Object Repository/Schedule9/Page_KDMC - CMS/select_--Select--Schedule 1Inj'

2018-05-08 10:40:36 - [MESSAGE][PASSED] - All options with index in [9] are selected on object 'Object Repository/Schedule9/Page_KDMC - CMS/select_--Select--Schedule 1Inj'

2018-05-08 10:40:36 - [TEST_STEP][PASSED] - selectOptionByIndex: All options with index in [2] are selected on object 'Object Repository/Schedule9/Page_KDMC - CMS/select_--Select--Blood Transfu'

2018-05-08 10:40:36 - [MESSAGE][PASSED] - All options with index in [2] are selected on object 'Object Repository/Schedule9/Page_KDMC - CMS/select_--Select--Blood Transfu'

2018-05-08 10:40:36 - [TEST_STEP][PASSED] - setText: Text '50000' is set on object 'Object Repository/Schedule9/Page_KDMC - CMS/input_txttreat'

2018-05-08 10:40:36 - [MESSAGE][PASSED] - Text '50000' is set on object 'Object Repository/Schedule9/Page_KDMC - CMS/input_txttreat'

2018-05-08 10:40:36 - [TEST_STEP][PASSED] - click: Object: 'Object Repository/Schedule9/Page_KDMC - CMS/button_Add' is clicked on

2018-05-08 10:40:36 - [MESSAGE][PASSED] - Object: 'Object Repository/Schedule9/Page_KDMC - CMS/button_Add' is clicked on

2018-05-08 10:40:36 - [TEST_STEP][PASSED] - selectOptionByIndex: All options with index in [9] are selected on object 'Object Repository/Schedule9/Page_KDMC - CMS/select_--Select--Schedule 1Inj'

2018-05-08 10:40:37 - [MESSAGE][PASSED] - All options with index in [9] are selected on object 'Object Repository/Schedule9/Page_KDMC - CMS/select_--Select--Schedule 1Inj'

2018-05-08 10:40:37 - [TEST_STEP][PASSED] - selectOptionByIndex: All options with index in [3] are selected on object 'Object Repository/Schedule9/Page_KDMC - CMS/select_--Select--Blood Transfu'

2018-05-08 10:40:37 - [MESSAGE][PASSED] - All options with index in [3] are selected on object 'Object Repository/Schedule9/Page_KDMC - CMS/select_--Select--Blood Transfu'

2018-05-08 10:40:37 - [TEST_STEP][PASSED] - setText: Text '50000' is set on object 'Object Repository/Schedule9/Page_KDMC - CMS/input_txttreat'

2018-05-08 10:40:37 - [MESSAGE][PASSED] - Text '50000' is set on object 'Object Repository/Schedule9/Page_KDMC - CMS/input_txttreat'

2018-05-08 10:40:37 - [TEST_STEP][PASSED] - click: Object: 'Object Repository/Schedule9/Page_KDMC - CMS/button_Add' is clicked on

2018-05-08 10:40:37 - [MESSAGE][PASSED] - Object: 'Object Repository/Schedule9/Page_KDMC - CMS/button_Add' is clicked on

2018-05-08 10:40:37 - [TEST_STEP][PASSED] - selectOptionByIndex: All options with index in [9] are selected on object 'Object Repository/Schedule9/Page_KDMC - CMS/select_--Select--Schedule 1Inj'

2018-05-08 10:40:37 - [MESSAGE][PASSED] - All options with index in [9] are selected on object 'Object Repository/Schedule9/Page_KDMC - CMS/select_--Select--Schedule 1Inj'

2018-05-08 10:40:37 - [TEST_STEP][PASSED] - selectOptionByIndex: All options with index in [4] are selected on object 'Object Repository/Schedule9/Page_KDMC - CMS/select_--Select--Blood Transfu'

2018-05-08 10:40:37 - [MESSAGE][PASSED] - All options with index in [4] are selected on object 'Object Repository/Schedule9/Page_KDMC - CMS/select_--Select--Blood Transfu'

2018-05-08 10:40:37 - [TEST_STEP][PASSED] - setText: Text '50000' is set on object 'Object Repository/Schedule9/Page_KDMC - CMS/input_txttreat'

2018-05-08 10:40:37 - [MESSAGE][PASSED] - Text '50000' is set on object 'Object Repository/Schedule9/Page_KDMC - CMS/input_txttreat'

2018-05-08 10:40:37 - [TEST_STEP][PASSED] - click: Object: 'Object Repository/Schedule9/Page_KDMC - CMS/button_Add' is clicked on

2018-05-08 10:40:37 - [MESSAGE][PASSED] - Object: 'Object Repository/Schedule9/Page_KDMC - CMS/button_Add' is clicked on

2018-05-08 10:40:37 - [TEST_STEP][PASSED] - selectOptionByIndex: All options with index in [9] are selected on object 'Object Repository/Schedule9/Page_KDMC - CMS/select_--Select--Schedule 1Inj'

2018-05-08 10:40:37 - [MESSAGE][PASSED] - All options with index in [9] are selected on object 'Object Repository/Schedule9/Page_KDMC - CMS/select_--Select--Schedule 1Inj'

2018-05-08 10:40:37 - [TEST_STEP][PASSED] - selectOptionByIndex: All options with index in [5] are selected on object 'Object Repository/Schedule9/Page_KDMC - CMS/select_--Select--Blood Transfu'

2018-05-08 10:40:38 - [MESSAGE][PASSED] - All options with index in [5] are selected on object 'Object Repository/Schedule9/Page_KDMC - CMS/select_--Select--Blood Transfu'

2018-05-08 10:40:38 - [TEST_STEP][PASSED] - setText: Text '50000' is set on object 'Object Repository/Schedule9/Page_KDMC - CMS/input_txttreat'

2018-05-08 10:40:38 - [MESSAGE][PASSED] - Text '50000' is set on object 'Object Repository/Schedule9/Page_KDMC - CMS/input_txttreat'

2018-05-08 10:40:38 - [TEST_STEP][PASSED] - click: Object: 'Object Repository/Schedule9/Page_KDMC - CMS/button_Add' is clicked on

2018-05-08 10:40:38 - [MESSAGE][PASSED] - Object: 'Object Repository/Schedule9/Page_KDMC - CMS/button_Add' is clicked on

2018-05-08 10:40:38 - [TEST_STEP][PASSED] - selectOptionByIndex: All options with index in [9] are selected on object 'Object Repository/Schedule9/Page_KDMC - CMS/select_--Select--Schedule 1Inj'

2018-05-08 10:40:38 - [MESSAGE][PASSED] - All options with index in [9] are selected on object 'Object Repository/Schedule9/Page_KDMC - CMS/select_--Select--Schedule 1Inj'

2018-05-08 10:40:38 - [TEST_STEP][PASSED] - selectOptionByIndex: All options with index in [6] are selected on object 'Object Repository/Schedule9/Page_KDMC - CMS/select_--Select--Blood Transfu'

2018-05-08 10:40:39 - [MESSAGE][PASSED] - All options with index in [6] are selected on object 'Object Repository/Schedule9/Page_KDMC - CMS/select_--Select--Blood Transfu'

2018-05-08 10:40:39 - [TEST_STEP][PASSED] - setText: Text '50000' is set on object 'Object Repository/Schedule9/Page_KDMC - CMS/input_txttreat'

2018-05-08 10:40:39 - [MESSAGE][PASSED] - Text '50000' is set on object 'Object Repository/Schedule9/Page_KDMC - CMS/input_txttreat'

2018-05-08 10:40:39 - [TEST_STEP][PASSED] - click: Object: 'Object Repository/Schedule9/Page_KDMC - CMS/button_Add' is clicked on

2018-05-08 10:40:39 - [MESSAGE][PASSED] - Object: 'Object Repository/Schedule9/Page_KDMC - CMS/button_Add' is clicked on

2018-05-08 10:40:39 - [TEST_STEP][PASSED] - selectOptionByIndex: All options with index in [9] are selected on object 'Object Repository/Schedule9/Page_KDMC - CMS/select_--Select--Schedule 1Inj'

2018-05-08 10:40:39 - [MESSAGE][PASSED] - All options with index in [9] are selected on object 'Object Repository/Schedule9/Page_KDMC - CMS/select_--Select--Schedule 1Inj'

2018-05-08 10:40:39 - [TEST_STEP][PASSED] - selectOptionByIndex: All options with index in [7] are selected on object 'Object Repository/Schedule9/Page_KDMC - CMS/select_--Select--Blood Transfu'

2018-05-08 10:40:39 - [MESSAGE][PASSED] - All options with index in [7] are selected on object 'Object Repository/Schedule9/Page_KDMC - CMS/select_--Select--Blood Transfu'

2018-05-08 10:40:39 - [TEST_STEP][PASSED] - setText: Text '50000' is set on object 'Object Repository/Schedule9/Page_KDMC - CMS/input_txttreat'

2018-05-08 10:40:39 - [MESSAGE][PASSED] - Text '50000' is set on object 'Object Repository/Schedule9/Page_KDMC - CMS/input_txttreat'

2018-05-08 10:40:39 - [TEST_STEP][PASSED] - click: Object: 'Object Repository/Schedule9/Page_KDMC - CMS/button_Add' is clicked on

2018-05-08 10:40:39 - [MESSAGE][PASSED] - Object: 'Object Repository/Schedule9/Page_KDMC - CMS/button_Add' is clicked on

2018-05-08 10:40:39 - [TEST_STEP][PASSED] - selectOptionByIndex: All options with index in [9] are selected on object 'Object Repository/Schedule9/Page_KDMC - CMS/select_--Select--Schedule 1Inj'

2018-05-08 10:40:39 - [MESSAGE][PASSED] - All options with index in [9] are selected on object 'Object Repository/Schedule9/Page_KDMC - CMS/select_--Select--Schedule 1Inj'

2018-05-08 10:40:39 - [TEST_STEP][PASSED] - selectOptionByIndex: All options with index in [8] are selected on object 'Object Repository/Schedule9/Page_KDMC - CMS/select_--Select--Blood Transfu'

2018-05-08 10:40:40 - [MESSAGE][PASSED] - All options with index in [8] are selected on object 'Object Repository/Schedule9/Page_KDMC - CMS/select_--Select--Blood Transfu'

2018-05-08 10:40:40 - [TEST_STEP][PASSED] - setText: Text '50000' is set on object 'Object Repository/Schedule9/Page_KDMC - CMS/input_txttreat'

2018-05-08 10:40:40 - [MESSAGE][PASSED] - Text '50000' is set on object 'Object Repository/Schedule9/Page_KDMC - CMS/input_txttreat'

2018-05-08 10:40:40 - [TEST_STEP][PASSED] - click: Object: 'Object Repository/Schedule9/Page_KDMC - CMS/button_Add' is clicked on

2018-05-08 10:40:40 - [MESSAGE][PASSED] - Object: 'Object Repository/Schedule9/Page_KDMC - CMS/button_Add' is clicked on

2018-05-08 10:40:40 - [TEST_STEP][PASSED] - selectOptionByIndex: All options with index in [9] are selected on object 'Object Repository/Schedule9/Page_KDMC - CMS/select_--Select--Schedule 1Inj'

2018-05-08 10:40:40 - [MESSAGE][PASSED] - All options with index in [9] are selected on object 'Object Repository/Schedule9/Page_KDMC - CMS/select_--Select--Schedule 1Inj'

2018-05-08 10:40:40 - [TEST_STEP][PASSED] - selectOptionByIndex: All options with index in [9] are selected on object 'Object Repository/Schedule9/Page_KDMC - CMS/select_--Select--Blood Transfu'

2018-05-08 10:40:41 - [MESSAGE][PASSED] - All options with index in [9] are selected on object 'Object Repository/Schedule9/Page_KDMC - CMS/select_--Select--Blood Transfu'

2018-05-08 10:40:41 - [TEST_STEP][PASSED] - setText: Text '50000' is set on object 'Object Repository/Schedule9/Page_KDMC - CMS/input_txttreat'

2018-05-08 10:40:41 - [MESSAGE][PASSED] - Text '50000' is set on object 'Object Repository/Schedule9/Page_KDMC - CMS/input_txttreat'

2018-05-08 10:40:41 - [TEST_STEP][PASSED] - click: Object: 'Object Repository/Schedule9/Page_KDMC - CMS/button_Add' is clicked on

2018-05-08 10:40:41 - [MESSAGE][PASSED] - Object: 'Object Repository/Schedule9/Page_KDMC - CMS/button_Add' is clicked on

2018-05-08 10:40:41 - [TEST_STEP][PASSED] - selectOptionByIndex: All options with index in [9] are selected on object 'Object Repository/Schedule9/Page_KDMC - CMS/select_--Select--Schedule 1Inj'

2018-05-08 10:40:41 - [MESSAGE][PASSED] - All options with index in [9] are selected on object 'Object Repository/Schedule9/Page_KDMC - CMS/select_--Select--Schedule 1Inj'

2018-05-08 10:40:41 - [TEST_STEP][PASSED] - selectOptionByIndex: All options with index in [10] are selected on object 'Object Repository/Schedule9/Page_KDMC - CMS/select_--Select--Blood Transfu'

2018-05-08 10:40:41 - [MESSAGE][PASSED] - All options with index in [10] are selected on object 'Object Repository/Schedule9/Page_KDMC - CMS/select_--Select--Blood Transfu'

2018-05-08 10:40:41 - [TEST_STEP][PASSED] - setText: Text '50000' is set on object 'Object Repository/Schedule9/Page_KDMC - CMS/input_txttreat'

2018-05-08 10:40:41 - [MESSAGE][PASSED] - Text '50000' is set on object 'Object Repository/Schedule9/Page_KDMC - CMS/input_txttreat'

2018-05-08 10:40:41 - [TEST_STEP][PASSED] - click: Object: 'Object Repository/Schedule9/Page_KDMC - CMS/button_Add' is clicked on

2018-05-08 10:40:41 - [MESSAGE][PASSED] - Object: 'Object Repository/Schedule9/Page_KDMC - CMS/button_Add' is clicked on

2018-05-08 10:40:41 - [TEST_STEP][PASSED] - selectOptionByIndex: All options with index in [9] are selected on object 'Object Repository/Schedule9/Page_KDMC - CMS/select_--Select--Schedule 1Inj'

2018-05-08 10:40:42 - [MESSAGE][PASSED] - All options with index in [9] are selected on object 'Object Repository/Schedule9/Page_KDMC - CMS/select_--Select--Schedule 1Inj'

2018-05-08 10:40:42 - [TEST_STEP][PASSED] - selectOptionByIndex: All options with index in [11] are selected on object 'Object Repository/Schedule9/Page_KDMC - CMS/select_--Select--Blood Transfu'

2018-05-08 10:40:42 - [MESSAGE][PASSED] - All options with index in [11] are selected on object 'Object Repository/Schedule9/Page_KDMC - CMS/select_--Select--Blood Transfu'

2018-05-08 10:40:42 - [TEST_STEP][PASSED] - setText: Text '50000' is set on object 'Object Repository/Schedule9/Page_KDMC - CMS/input_txttreat'

2018-05-08 10:40:42 - [MESSAGE][PASSED] - Text '50000' is set on object 'Object Repository/Schedule9/Page_KDMC - CMS/input_txttreat'

2018-05-08 10:40:42 - [TEST_STEP][PASSED] - click: Object: 'Object Repository/Schedule9/Page_KDMC - CMS/button_Add' is clicked on

2018-05-08 10:40:42 - [MESSAGE][PASSED] - Object: 'Object Repository/Schedule9/Page_KDMC - CMS/button_Add' is clicked on

2018-05-08 10:40:42 - [TEST_STEP][PASSED] - selectOptionByIndex: All options with index in [9] are selected on object 'Object Repository/Schedule9/Page_KDMC - CMS/select_--Select--Schedule 1Inj'

2018-05-08 10:40:42 - [MESSAGE][PASSED] - All options with index in [9] are selected on object 'Object Repository/Schedule9/Page_KDMC - CMS/select_--Select--Schedule 1Inj'

2018-05-08 10:40:42 - [TEST_STEP][PASSED] - selectOptionByIndex: All options with index in [12] are selected on object 'Object Repository/Schedule9/Page_KDMC - CMS/select_--Select--Blood Transfu'

2018-05-08 10:40:42 - [MESSAGE][PASSED] - All options with index in [12] are selected on object 'Object Repository/Schedule9/Page_KDMC - CMS/select_--Select--Blood Transfu'

2018-05-08 10:40:42 - [TEST_STEP][PASSED] - setText: Text '50000' is set on object 'Object Repository/Schedule9/Page_KDMC - CMS/input_txttreat'

2018-05-08 10:40:42 - [MESSAGE][PASSED] - Text '50000' is set on object 'Object Repository/Schedule9/Page_KDMC - CMS/input_txttreat'

2018-05-08 10:40:42 - [TEST_STEP][PASSED] - click: Object: 'Object Repository/Schedule9/Page_KDMC - CMS/button_Add' is clicked on

2018-05-08 10:40:42 - [MESSAGE][PASSED] - Object: 'Object Repository/Schedule9/Page_KDMC - CMS/button_Add' is clicked on

2018-05-08 10:40:42 - [TEST_STEP][PASSED] - selectOptionByIndex: All options with index in [9] are selected on object 'Object Repository/Schedule9/Page_KDMC - CMS/select_--Select--Schedule 1Inj'

2018-05-08 10:40:43 - [MESSAGE][PASSED] - All options with index in [9] are selected on object 'Object Repository/Schedule9/Page_KDMC - CMS/select_--Select--Schedule 1Inj'

2018-05-08 10:40:43 - [TEST_STEP][PASSED] - selectOptionByIndex: All options with index in [13] are selected on object 'Object Repository/Schedule9/Page_KDMC - CMS/select_--Select--Blood Transfu'

2018-05-08 10:40:43 - [MESSAGE][PASSED] - All options with index in [13] are selected on object 'Object Repository/Schedule9/Page_KDMC - CMS/select_--Select--Blood Transfu'

2018-05-08 10:40:43 - [TEST_STEP][PASSED] - setText: Text '50000' is set on object 'Object Repository/Schedule9/Page_KDMC - CMS/input_txttreat'

2018-05-08 10:40:43 - [MESSAGE][PASSED] - Text '50000' is set on object 'Object Repository/Schedule9/Page_KDMC - CMS/input_txttreat'

2018-05-08 10:40:43 - [TEST_STEP][PASSED] - click: Object: 'Object Repository/Schedule9/Page_KDMC - CMS/button_Add' is clicked on

2018-05-08 10:40:43 - [MESSAGE][PASSED] - Object: 'Object Repository/Schedule9/Page_KDMC - CMS/button_Add' is clicked on

2018-05-08 10:40:43 - [TEST_STEP][PASSED] - selectOptionByIndex: All options with index in [9] are selected on object 'Object Repository/Schedule9/Page_KDMC - CMS/select_--Select--Schedule 1Inj'

2018-05-08 10:40:43 - [MESSAGE][PASSED] - All options with index in [9] are selected on object 'Object Repository/Schedule9/Page_KDMC - CMS/select_--Select--Schedule 1Inj'

2018-05-08 10:40:43 - [TEST_STEP][PASSED] - selectOptionByIndex: All options with index in [14] are selected on object 'Object Repository/Schedule9/Page_KDMC - CMS/select_--Select--Blood Transfu'

2018-05-08 10:40:44 - [MESSAGE][PASSED] - All options with index in [14] are selected on object 'Object Repository/Schedule9/Page_KDMC - CMS/select_--Select--Blood Transfu'

2018-05-08 10:40:44 - [TEST_STEP][PASSED] - setText: Text '50000' is set on object 'Object Repository/Schedule9/Page_KDMC - CMS/input_txttreat'

2018-05-08 10:40:44 - [MESSAGE][PASSED] - Text '50000' is set on object 'Object Repository/Schedule9/Page_KDMC - CMS/input_txttreat'

2018-05-08 10:40:44 - [TEST_STEP][PASSED] - click: Object: 'Object Repository/Schedule9/Page_KDMC - CMS/button_Add' is clicked on

2018-05-08 10:40:44 - [MESSAGE][PASSED] - Object: 'Object Repository/Schedule9/Page_KDMC - CMS/button_Add' is clicked on

2018-05-08 10:40:44 - [TEST_STEP][PASSED] - selectOptionByIndex: All options with index in [9] are selected on object 'Object Repository/Schedule9/Page_KDMC - CMS/select_--Select--Schedule 1Inj'

2018-05-08 10:40:44 - [MESSAGE][PASSED] - All options with index in [9] are selected on object 'Object Repository/Schedule9/Page_KDMC - CMS/select_--Select--Schedule 1Inj'

2018-05-08 10:40:44 - [TEST_STEP][PASSED] - selectOptionByIndex: All options with index in [15] are selected on object 'Object Repository/Schedule9/Page_KDMC - CMS/select_--Select--Blood Transfu'

2018-05-08 10:40:45 - [MESSAGE][PASSED] - All options with index in [15] are selected on object 'Object Repository/Schedule9/Page_KDMC - CMS/select_--Select--Blood Transfu'

2018-05-08 10:40:45 - [TEST_STEP][PASSED] - setText: Text '50000' is set on object 'Object Repository/Schedule9/Page_KDMC - CMS/input_txttreat'

2018-05-08 10:40:45 - [MESSAGE][PASSED] - Text '50000' is set on object 'Object Repository/Schedule9/Page_KDMC - CMS/input_txttreat'

2018-05-08 10:40:45 - [TEST_STEP][PASSED] - click: Object: 'Object Repository/Schedule9/Page_KDMC - CMS/button_Add' is clicked on

2018-05-08 10:40:45 - [MESSAGE][PASSED] - Object: 'Object Repository/Schedule9/Page_KDMC - CMS/button_Add' is clicked on

2018-05-08 10:40:45 - [TEST_STEP][PASSED] - selectOptionByIndex: All options with index in [9] are selected on object 'Object Repository/Schedule9/Page_KDMC - CMS/select_--Select--Schedule 1Inj'

2018-05-08 10:40:45 - [MESSAGE][PASSED] - All options with index in [9] are selected on object 'Object Repository/Schedule9/Page_KDMC - CMS/select_--Select--Schedule 1Inj'

2018-05-08 10:40:45 - [TEST_STEP][PASSED] - selectOptionByIndex: All options with index in [16] are selected on object 'Object Repository/Schedule9/Page_KDMC - CMS/select_--Select--Blood Transfu'

2018-05-08 10:40:45 - [MESSAGE][PASSED] - All options with index in [16] are selected on object 'Object Repository/Schedule9/Page_KDMC - CMS/select_--Select--Blood Transfu'

2018-05-08 10:40:45 - [TEST_STEP][PASSED] - setText: Text '50000' is set on object 'Object Repository/Schedule9/Page_KDMC - CMS/input_txttreat'

2018-05-08 10:40:45 - [MESSAGE][PASSED] - Text '50000' is set on object 'Object Repository/Schedule9/Page_KDMC - CMS/input_txttreat'

2018-05-08 10:40:45 - [TEST_STEP][PASSED] - click: Object: 'Object Repository/Schedule9/Page_KDMC - CMS/button_Add' is clicked on

2018-05-08 10:40:45 - [MESSAGE][PASSED] - Object: 'Object Repository/Schedule9/Page_KDMC - CMS/button_Add' is clicked on

2018-05-08 10:40:45 - [TEST_STEP][PASSED] - selectOptionByIndex: All options with index in [9] are selected on object 'Object Repository/Schedule9/Page_KDMC - CMS/select_--Select--Schedule 1Inj'

2018-05-08 10:40:45 - [MESSAGE][PASSED] - All options with index in [9] are selected on object 'Object Repository/Schedule9/Page_KDMC - CMS/select_--Select--Schedule 1Inj'

2018-05-08 10:40:45 - [TEST_STEP][PASSED] - selectOptionByIndex: All options with index in [17] are selected on object 'Object Repository/Schedule9/Page_KDMC - CMS/select_--Select--Blood Transfu'

2018-05-08 10:40:46 - [MESSAGE][PASSED] - All options with index in [17] are selected on object 'Object Repository/Schedule9/Page_KDMC - CMS/select_--Select--Blood Transfu'

2018-05-08 10:40:46 - [TEST_STEP][PASSED] - setText: Text '50000' is set on object 'Object Repository/Schedule9/Page_KDMC - CMS/input_txttreat'

2018-05-08 10:40:46 - [MESSAGE][PASSED] - Text '50000' is set on object 'Object Repository/Schedule9/Page_KDMC - CMS/input_txttreat'

2018-05-08 10:40:46 - [TEST_STEP][PASSED] - click: Object: 'Object Repository/Schedule9/Page_KDMC - CMS/button_Add' is clicked on

2018-05-08 10:40:46 - [MESSAGE][PASSED] - Object: 'Object Repository/Schedule9/Page_KDMC - CMS/button_Add' is clicked on

2018-05-08 10:40:46 - [TEST_STEP][PASSED] - selectOptionByIndex: All options with index in [9] are selected on object 'Object Repository/Schedule9/Page_KDMC - CMS/select_--Select--Schedule 1Inj'

2018-05-08 10:40:47 - [MESSAGE][PASSED] - All options with index in [9] are selected on object 'Object Repository/Schedule9/Page_KDMC - CMS/select_--Select--Schedule 1Inj'

2018-05-08 10:40:47 - [TEST_STEP][PASSED] - selectOptionByIndex: All options with index in [18] are selected on object 'Object Repository/Schedule9/Page_KDMC - CMS/select_--Select--Blood Transfu'

2018-05-08 10:40:47 - [MESSAGE][PASSED] - All options with index in [18] are selected on object 'Object Repository/Schedule9/Page_KDMC - CMS/select_--Select--Blood Transfu'

2018-05-08 10:40:47 - [TEST_STEP][PASSED] - setText: Text '50000' is set on object 'Object Repository/Schedule9/Page_KDMC - CMS/input_txttreat'

2018-05-08 10:40:48 - [MESSAGE][PASSED] - Text '50000' is set on object 'Object Repository/Schedule9/Page_KDMC - CMS/input_txttreat'

2018-05-08 10:40:48 - [TEST_STEP][PASSED] - click: Object: 'Object Repository/Schedule9/Page_KDMC - CMS/button_Add' is clicked on

2018-05-08 10:40:48 - [MESSAGE][PASSED] - Object: 'Object Repository/Schedule9/Page_KDMC - CMS/button_Add' is clicked on

2018-05-08 10:40:48 - [TEST_STEP][PASSED] - selectOptionByIndex: All options with index in [9] are selected on object 'Object Repository/Schedule9/Page_KDMC - CMS/select_--Select--Schedule 1Inj'

2018-05-08 10:40:48 - [MESSAGE][PASSED] - All options with index in [9] are selected on object 'Object Repository/Schedule9/Page_KDMC - CMS/select_--Select--Schedule 1Inj'

2018-05-08 10:40:48 - [TEST_STEP][PASSED] - selectOptionByIndex: All options with index in [19] are selected on object 'Object Repository/Schedule9/Page_KDMC - CMS/select_--Select--Blood Transfu'

2018-05-08 10:40:48 - [MESSAGE][PASSED] - All options with index in [19] are selected on object 'Object Repository/Schedule9/Page_KDMC - CMS/select_--Select--Blood Transfu'

2018-05-08 10:40:48 - [TEST_STEP][PASSED] - setText: Text '50000' is set on object 'Object Repository/Schedule9/Page_KDMC - CMS/input_txttreat'

2018-05-08 10:40:48 - [MESSAGE][PASSED] - Text '50000' is set on object 'Object Repository/Schedule9/Page_KDMC - CMS/input_txttreat'

2018-05-08 10:40:48 - [TEST_STEP][PASSED] - click: Object: 'Object Repository/Schedule9/Page_KDMC - CMS/button_Add' is clicked on

2018-05-08 10:40:48 - [MESSAGE][PASSED] - Object: 'Object Repository/Schedule9/Page_KDMC - CMS/button_Add' is clicked on

2018-05-08 10:40:48 - [TEST_STEP][PASSED] - selectOptionByIndex: All options with index in [9] are selected on object 'Object Repository/Schedule9/Page_KDMC - CMS/select_--Select--Schedule 1Inj'

2018-05-08 10:40:48 - [MESSAGE][PASSED] - All options with index in [9] are selected on object 'Object Repository/Schedule9/Page_KDMC - CMS/select_--Select--Schedule 1Inj'

2018-05-08 10:40:48 - [TEST_STEP][PASSED] - selectOptionByIndex: All options with index in [20] are selected on object 'Object Repository/Schedule9/Page_KDMC - CMS/select_--Select--Blood Transfu'

2018-05-08 10:40:49 - [MESSAGE][PASSED] - All options with index in [20] are selected on object 'Object Repository/Schedule9/Page_KDMC - CMS/select_--Select--Blood Transfu'

2018-05-08 10:40:49 - [TEST_STEP][PASSED] - setText: Text '50000' is set on object 'Object Repository/Schedule9/Page_KDMC - CMS/input_txttreat'

2018-05-08 10:40:49 - [MESSAGE][PASSED] - Text '50000' is set on object 'Object Repository/Schedule9/Page_KDMC - CMS/input_txttreat'

2018-05-08 10:40:49 - [TEST_STEP][PASSED] - click: Object: 'Object Repository/Schedule9/Page_KDMC - CMS/button_Add' is clicked on

2018-05-08 10:40:49 - [MESSAGE][PASSED] - Object: 'Object Repository/Schedule9/Page_KDMC - CMS/button_Add' is clicked on

2018-05-08 10:40:49 - [TEST_STEP][PASSED] - selectOptionByIndex: All options with index in [9] are selected on object 'Object Repository/Schedule9/Page_KDMC - CMS/select_--Select--Schedule 1Inj'

2018-05-08 10:40:49 - [MESSAGE][PASSED] - All options with index in [9] are selected on object 'Object Repository/Schedule9/Page_KDMC - CMS/select_--Select--Schedule 1Inj'

2018-05-08 10:40:49 - [TEST_STEP][PASSED] - selectOptionByIndex: All options with index in [21] are selected on object 'Object Repository/Schedule9/Page_KDMC - CMS/select_--Select--Blood Transfu'

2018-05-08 10:40:49 - [MESSAGE][PASSED] - All options with index in [21] are selected on object 'Object Repository/Schedule9/Page_KDMC - CMS/select_--Select--Blood Transfu'

2018-05-08 10:40:49 - [TEST_STEP][PASSED] - setText: Text '50000' is set on object 'Object Repository/Schedule9/Page_KDMC - CMS/input_txttreat'

2018-05-08 10:40:49 - [MESSAGE][PASSED] - Text '50000' is set on object 'Object Repository/Schedule9/Page_KDMC - CMS/input_txttreat'

2018-05-08 10:40:49 - [TEST_STEP][PASSED] - click: Object: 'Object Repository/Schedule9/Page_KDMC - CMS/button_Add' is clicked on

2018-05-08 10:40:49 - [MESSAGE][PASSED] - Object: 'Object Repository/Schedule9/Page_KDMC - CMS/button_Add' is clicked on

2018-05-08 10:40:49 - [TEST_STEP][PASSED] - selectOptionByIndex: All options with index in [9] are selected on object 'Object Repository/Schedule9/Page_KDMC - CMS/select_--Select--Schedule 1Inj'

2018-05-08 10:40:50 - [MESSAGE][PASSED] - All options with index in [9] are selected on object 'Object Repository/Schedule9/Page_KDMC - CMS/select_--Select--Schedule 1Inj'

2018-05-08 10:40:50 - [TEST_STEP][PASSED] - selectOptionByIndex: All options with index in [22] are selected on object 'Object Repository/Schedule9/Page_KDMC - CMS/select_--Select--Blood Transfu'

2018-05-08 10:40:50 - [MESSAGE][PASSED] - All options with index in [22] are selected on object 'Object Repository/Schedule9/Page_KDMC - CMS/select_--Select--Blood Transfu'

2018-05-08 10:40:50 - [TEST_STEP][PASSED] - setText: Text '50000' is set on object 'Object Repository/Schedule9/Page_KDMC - CMS/input_txttreat'

2018-05-08 10:40:50 - [MESSAGE][PASSED] - Text '50000' is set on object 'Object Repository/Schedule9/Page_KDMC - CMS/input_txttreat'

2018-05-08 10:40:50 - [TEST_STEP][PASSED] - click: Object: 'Object Repository/Schedule9/Page_KDMC - CMS/button_Add' is clicked on

2018-05-08 10:40:50 - [MESSAGE][PASSED] - Object: 'Object Repository/Schedule9/Page_KDMC - CMS/button_Add' is clicked on

2018-05-08 10:40:50 - [TEST_STEP][PASSED] - selectOptionByIndex: All options with index in [9] are selected on object 'Object Repository/Schedule9/Page_KDMC - CMS/select_--Select--Schedule 1Inj'

2018-05-08 10:40:50 - [MESSAGE][PASSED] - All options with index in [9] are selected on object 'Object Repository/Schedule9/Page_KDMC - CMS/select_--Select--Schedule 1Inj'

2018-05-08 10:40:50 - [TEST_STEP][PASSED] - selectOptionByIndex: All options with index in [23] are selected on object 'Object Repository/Schedule9/Page_KDMC - CMS/select_--Select--Blood Transfu'

2018-05-08 10:40:51 - [MESSAGE][PASSED] - All options with index in [23] are selected on object 'Object Repository/Schedule9/Page_KDMC - CMS/select_--Select--Blood Transfu'

2018-05-08 10:40:51 - [TEST_STEP][PASSED] - setText: Text '50000' is set on object 'Object Repository/Schedule9/Page_KDMC - CMS/input_txttreat'

2018-05-08 10:40:51 - [MESSAGE][PASSED] - Text '50000' is set on object 'Object Repository/Schedule9/Page_KDMC - CMS/input_txttreat'

2018-05-08 10:40:51 - [TEST_STEP][PASSED] - click: Object: 'Object Repository/Schedule9/Page_KDMC - CMS/button_Add' is clicked on

2018-05-08 10:40:51 - [MESSAGE][PASSED] - Object: 'Object Repository/Schedule9/Page_KDMC - CMS/button_Add' is clicked on

2018-05-08 10:40:51 - [TEST_STEP][PASSED] - selectOptionByIndex: All options with index in [9] are selected on object 'Object Repository/Schedule9/Page_KDMC - CMS/select_--Select--Schedule 1Inj'

2018-05-08 10:40:51 - [MESSAGE][PASSED] - All options with index in [9] are selected on object 'Object Repository/Schedule9/Page_KDMC - CMS/select_--Select--Schedule 1Inj'

2018-05-08 10:40:51 - [TEST_STEP][PASSED] - selectOptionByIndex: All options with index in [24] are selected on object 'Object Repository/Schedule9/Page_KDMC - CMS/select_--Select--Blood Transfu'

2018-05-08 10:40:52 - [MESSAGE][PASSED] - All options with index in [24] are selected on object 'Object Repository/Schedule9/Page_KDMC - CMS/select_--Select--Blood Transfu'

2018-05-08 10:40:52 - [TEST_STEP][PASSED] - setText: Text '50000' is set on object 'Object Repository/Schedule9/Page_KDMC - CMS/input_txttreat'

2018-05-08 10:40:52 - [MESSAGE][PASSED] - Text '50000' is set on object 'Object Repository/Schedule9/Page_KDMC - CMS/input_txttreat'

2018-05-08 10:40:52 - [TEST_STEP][PASSED] - click: Object: 'Object Repository/Schedule9/Page_KDMC - CMS/button_Add' is clicked on

2018-05-08 10:40:52 - [MESSAGE][PASSED] - Object: 'Object Repository/Schedule9/Page_KDMC - CMS/button_Add' is clicked on

2018-05-08 10:40:52 - [TEST_STEP][PASSED] - selectOptionByIndex: All options with index in [9] are selected on object 'Object Repository/Schedule9/Page_KDMC - CMS/select_--Select--Schedule 1Inj'

2018-05-08 10:40:52 - [MESSAGE][PASSED] - All options with index in [9] are selected on object 'Object Repository/Schedule9/Page_KDMC - CMS/select_--Select--Schedule 1Inj'

2018-05-08 10:40:52 - [TEST_STEP][PASSED] - selectOptionByIndex: All options with index in [25] are selected on object 'Object Repository/Schedule9/Page_KDMC - CMS/select_--Select--Blood Transfu'

2018-05-08 10:40:52 - [MESSAGE][PASSED] - All options with index in [25] are selected on object 'Object Repository/Schedule9/Page_KDMC - CMS/select_--Select--Blood Transfu'

2018-05-08 10:40:52 - [TEST_STEP][PASSED] - setText: Text '50000' is set on object 'Object Repository/Schedule9/Page_KDMC - CMS/input_txttreat'

2018-05-08 10:40:53 - [MESSAGE][PASSED] - Text '50000' is set on object 'Object Repository/Schedule9/Page_KDMC - CMS/input_txttreat'

2018-05-08 10:40:53 - [TEST_STEP][PASSED] - click: Object: 'Object Repository/Schedule9/Page_KDMC - CMS/button_Add' is clicked on

2018-05-08 10:40:53 - [MESSAGE][PASSED] - Object: 'Object Repository/Schedule9/Page_KDMC - CMS/button_Add' is clicked on

2018-05-08 10:40:53 - [TEST_STEP][PASSED] - selectOptionByIndex: All options with index in [9] are selected on object 'Object Repository/Schedule9/Page_KDMC - CMS/select_--Select--Schedule 1Inj'

2018-05-08 10:40:53 - [MESSAGE][PASSED] - All options with index in [9] are selected on object 'Object Repository/Schedule9/Page_KDMC - CMS/select_--Select--Schedule 1Inj'

2018-05-08 10:40:53 - [TEST_STEP][PASSED] - selectOptionByIndex: All options with index in [26] are selected on object 'Object Repository/Schedule9/Page_KDMC - CMS/select_--Select--Blood Transfu'

2018-05-08 10:40:53 - [MESSAGE][PASSED] - All options with index in [26] are selected on object 'Object Repository/Schedule9/Page_KDMC - CMS/select_--Select--Blood Transfu'

2018-05-08 10:40:53 - [TEST_STEP][PASSED] - setText: Text '50000' is set on object 'Object Repository/Schedule9/Page_KDMC - CMS/input_txttreat'

2018-05-08 10:40:53 - [MESSAGE][PASSED] - Text '50000' is set on object 'Object Repository/Schedule9/Page_KDMC - CMS/input_txttreat'

2018-05-08 10:40:53 - [TEST_STEP][PASSED] - click: Object: 'Object Repository/Schedule9/Page_KDMC - CMS/button_Add' is clicked on

2018-05-08 10:40:53 - [MESSAGE][PASSED] - Object: 'Object Repository/Schedule9/Page_KDMC - CMS/button_Add' is clicked on

2018-05-08 10:40:53 - [TEST_STEP][PASSED] - selectOptionByIndex: All options with index in [9] are selected on object 'Object Repository/Schedule9/Page_KDMC - CMS/select_--Select--Schedule 1Inj'

2018-05-08 10:40:53 - [MESSAGE][PASSED] - All options with index in [9] are selected on object 'Object Repository/Schedule9/Page_KDMC - CMS/select_--Select--Schedule 1Inj'

2018-05-08 10:40:53 - [TEST_STEP][PASSED] - selectOptionByIndex: All options with index in [27] are selected on object 'Object Repository/Schedule9/Page_KDMC - CMS/select_--Select--Blood Transfu'

2018-05-08 10:40:54 - [MESSAGE][PASSED] - All options with index in [27] are selected on object 'Object Repository/Schedule9/Page_KDMC - CMS/select_--Select--Blood Transfu'

2018-05-08 10:40:54 - [TEST_STEP][PASSED] - setText: Text '50000' is set on object 'Object Repository/Schedule9/Page_KDMC - CMS/input_txttreat'

2018-05-08 10:40:54 - [MESSAGE][PASSED] - Text '50000' is set on object 'Object Repository/Schedule9/Page_KDMC - CMS/input_txttreat'

2018-05-08 10:40:54 - [TEST_STEP][PASSED] - click: Object: 'Object Repository/Schedule9/Page_KDMC - CMS/button_Add' is clicked on

2018-05-08 10:40:54 - [MESSAGE][PASSED] - Object: 'Object Repository/Schedule9/Page_KDMC - CMS/button_Add' is clicked on

2018-05-08 10:40:54 - [TEST_STEP][PASSED] - selectOptionByIndex: All options with index in [9] are selected on object 'Object Repository/Schedule9/Page_KDMC - CMS/select_--Select--Schedule 1Inj'

2018-05-08 10:40:54 - [MESSAGE][PASSED] - All options with index in [9] are selected on object 'Object Repository/Schedule9/Page_KDMC - CMS/select_--Select--Schedule 1Inj'

2018-05-08 10:40:54 - [TEST_STEP][PASSED] - selectOptionByIndex: All options with index in [28] are selected on object 'Object Repository/Schedule9/Page_KDMC - CMS/select_--Select--Blood Transfu'

2018-05-08 10:40:54 - [MESSAGE][PASSED] - All options with index in [28] are selected on object 'Object Repository/Schedule9/Page_KDMC - CMS/select_--Select--Blood Transfu'

2018-05-08 10:40:54 - [TEST_STEP][PASSED] - setText: Text '50000' is set on object 'Object Repository/Schedule9/Page_KDMC - CMS/input_txttreat'

2018-05-08 10:40:54 - [MESSAGE][PASSED] - Text '50000' is set on object 'Object Repository/Schedule9/Page_KDMC - CMS/input_txttreat'

2018-05-08 10:40:54 - [TEST_STEP][PASSED] - click: Object: 'Object Repository/Schedule9/Page_KDMC - CMS/button_Add' is clicked on

2018-05-08 10:40:55 - [MESSAGE][PASSED] - Object: 'Object Repository/Schedule9/Page_KDMC - CMS/button_Add' is clicked on

2018-05-08 10:40:55 - [TEST_STEP][PASSED] - selectOptionByIndex: All options with index in [9] are selected on object 'Object Repository/Schedule9/Page_KDMC - CMS/select_--Select--Schedule 1Inj'

2018-05-08 10:40:55 - [MESSAGE][PASSED] - All options with index in [9] are selected on object 'Object Repository/Schedule9/Page_KDMC - CMS/select_--Select--Schedule 1Inj'

2018-05-08 10:40:55 - [TEST_STEP][PASSED] - selectOptionByIndex: All options with index in [29] are selected on object 'Object Repository/Schedule9/Page_KDMC - CMS/select_--Select--Blood Transfu'

2018-05-08 10:40:56 - [MESSAGE][PASSED] - All options with index in [29] are selected on object 'Object Repository/Schedule9/Page_KDMC - CMS/select_--Select--Blood Transfu'

2018-05-08 10:40:56 - [TEST_STEP][PASSED] - setText: Text '50000' is set on object 'Object Repository/Schedule9/Page_KDMC - CMS/input_txttreat'

2018-05-08 10:40:56 - [MESSAGE][PASSED] - Text '50000' is set on object 'Object Repository/Schedule9/Page_KDMC - CMS/input_txttreat'

2018-05-08 10:40:56 - [TEST_STEP][PASSED] - click: Object: 'Object Repository/Schedule9/Page_KDMC - CMS/button_Add' is clicked on

2018-05-08 10:40:56 - [MESSAGE][PASSED] - Object: 'Object Repository/Schedule9/Page_KDMC - CMS/button_Add' is clicked on

2018-05-08 10:40:56 - [TEST_STEP][PASSED] - selectOptionByIndex: All options with index in [9] are selected on object 'Object Repository/Schedule9/Page_KDMC - CMS/select_--Select--Schedule 1Inj'

2018-05-08 10:40:56 - [MESSAGE][PASSED] - All options with index in [9] are selected on object 'Object Repository/Schedule9/Page_KDMC - CMS/select_--Select--Schedule 1Inj'

2018-05-08 10:40:56 - [TEST_STEP][PASSED] - selectOptionByIndex: All options with index in [30] are selected on object 'Object Repository/Schedule9/Page_KDMC - CMS/select_--Select--Blood Transfu'

2018-05-08 10:40:56 - [MESSAGE][PASSED] - All options with index in [30] are selected on object 'Object Repository/Schedule9/Page_KDMC - CMS/select_--Select--Blood Transfu'

2018-05-08 10:40:56 - [TEST_STEP][PASSED] - setText: Text '50000' is set on object 'Object Repository/Schedule9/Page_KDMC - CMS/input_txttreat'

2018-05-08 10:40:56 - [MESSAGE][PASSED] - Text '50000' is set on object 'Object Repository/Schedule9/Page_KDMC - CMS/input_txttreat'

2018-05-08 10:40:56 - [TEST_STEP][PASSED] - click: Object: 'Object Repository/Schedule9/Page_KDMC - CMS/button_Add' is clicked on

2018-05-08 10:40:57 - [MESSAGE][PASSED] - Object: 'Object Repository/Schedule9/Page_KDMC - CMS/button_Add' is clicked on

2018-05-08 10:40:57 - [TEST_STEP][PASSED] - selectOptionByIndex: All options with index in [9] are selected on object 'Object Repository/Schedule9/Page_KDMC - CMS/select_--Select--Schedule 1Inj'

2018-05-08 10:40:57 - [MESSAGE][PASSED] - All options with index in [9] are selected on object 'Object Repository/Schedule9/Page_KDMC - CMS/select_--Select--Schedule 1Inj'

2018-05-08 10:40:57 - [TEST_STEP][PASSED] - selectOptionByIndex: All options with index in [31] are selected on object 'Object Repository/Schedule9/Page_KDMC - CMS/select_--Select--Blood Transfu'

2018-05-08 10:40:57 - [MESSAGE][PASSED] - All options with index in [31] are selected on object 'Object Repository/Schedule9/Page_KDMC - CMS/select_--Select--Blood Transfu'

2018-05-08 10:40:57 - [TEST_STEP][PASSED] - setText: Text '50000' is set on object 'Object Repository/Schedule9/Page_KDMC - CMS/input_txttreat'

2018-05-08 10:40:57 - [MESSAGE][PASSED] - Text '50000' is set on object 'Object Repository/Schedule9/Page_KDMC - CMS/input_txttreat'

2018-05-08 10:40:57 - [TEST_STEP][PASSED] - click: Object: 'Object Repository/Schedule9/Page_KDMC - CMS/button_Add' is clicked on

2018-05-08 10:40:57 - [MESSAGE][PASSED] - Object: 'Object Repository/Schedule9/Page_KDMC - CMS/button_Add' is clicked on

2018-05-08 10:40:57 - [TEST_STEP][PASSED] - selectOptionByIndex: All options with index in [9] are selected on object 'Object Repository/Schedule9/Page_KDMC - CMS/select_--Select--Schedule 1Inj'

2018-05-08 10:40:57 - [MESSAGE][PASSED] - All options with index in [9] are selected on object 'Object Repository/Schedule9/Page_KDMC - CMS/select_--Select--Schedule 1Inj'

2018-05-08 10:40:57 - [TEST_STEP][PASSED] - selectOptionByIndex: All options with index in [32] are selected on object 'Object Repository/Schedule9/Page_KDMC - CMS/select_--Select--Blood Transfu'

2018-05-08 10:40:58 - [MESSAGE][PASSED] - All options with index in [32] are selected on object 'Object Repository/Schedule9/Page_KDMC - CMS/select_--Select--Blood Transfu'

2018-05-08 10:40:58 - [TEST_STEP][PASSED] - setText: Text '50000' is set on object 'Object Repository/Schedule9/Page_KDMC - CMS/input_txttreat'

2018-05-08 10:40:58 - [MESSAGE][PASSED] - Text '50000' is set on object 'Object Repository/Schedule9/Page_KDMC - CMS/input_txttreat'

2018-05-08 10:40:58 - [TEST_STEP][PASSED] - click: Object: 'Object Repository/Schedule9/Page_KDMC - CMS/button_Add' is clicked on

2018-05-08 10:40:58 - [MESSAGE][PASSED] - Object: 'Object Repository/Schedule9/Page_KDMC - CMS/button_Add' is clicked on

2018-05-08 10:40:58 - [TEST_STEP][PASSED] - selectOptionByIndex: All options with index in [9] are selected on object 'Object Repository/Schedule9/Page_KDMC - CMS/select_--Select--Schedule 1Inj'

2018-05-08 10:40:58 - [MESSAGE][PASSED] - All options with index in [9] are selected on object 'Object Repository/Schedule9/Page_KDMC - CMS/select_--Select--Schedule 1Inj'

2018-05-08 10:40:58 - [TEST_STEP][PASSED] - selectOptionByIndex: All options with index in [33] are selected on object 'Object Repository/Schedule9/Page_KDMC - CMS/select_--Select--Blood Transfu'

2018-05-08 10:40:59 - [MESSAGE][PASSED] - All options with index in [33] are selected on object 'Object Repository/Schedule9/Page_KDMC - CMS/select_--Select--Blood Transfu'

2018-05-08 10:40:59 - [TEST_STEP][PASSED] - setText: Text '50000' is set on object 'Object Repository/Schedule9/Page_KDMC - CMS/input_txttreat'

2018-05-08 10:40:59 - [MESSAGE][PASSED] - Text '50000' is set on object 'Object Repository/Schedule9/Page_KDMC - CMS/input_txttreat'

2018-05-08 10:40:59 - [TEST_STEP][PASSED] - click: Object: 'Object Repository/Schedule9/Page_KDMC - CMS/button_Add' is clicked on

2018-05-08 10:40:59 - [MESSAGE][PASSED] - Object: 'Object Repository/Schedule9/Page_KDMC - CMS/button_Add' is clicked on

2018-05-08 10:40:59 - [TEST_STEP][PASSED] - selectOptionByIndex: All options with index in [9] are selected on object 'Object Repository/Schedule9/Page_KDMC - CMS/select_--Select--Schedule 1Inj'

2018-05-08 10:40:59 - [MESSAGE][PASSED] - All options with index in [9] are selected on object 'Object Repository/Schedule9/Page_KDMC - CMS/select_--Select--Schedule 1Inj'

2018-05-08 10:40:59 - [TEST_STEP][PASSED] - selectOptionByIndex: All options with index in [34] are selected on object 'Object Repository/Schedule9/Page_KDMC - CMS/select_--Select--Blood Transfu'

2018-05-08 10:40:59 - [MESSAGE][PASSED] - All options with index in [34] are selected on object 'Object Repository/Schedule9/Page_KDMC - CMS/select_--Select--Blood Transfu'

2018-05-08 10:40:59 - [TEST_STEP][PASSED] - setText: Text '50000' is set on object 'Object Repository/Schedule9/Page_KDMC - CMS/input_txttreat'

2018-05-08 10:40:59 - [MESSAGE][PASSED] - Text '50000' is set on object 'Object Repository/Schedule9/Page_KDMC - CMS/input_txttreat'

2018-05-08 10:40:59 - [TEST_STEP][PASSED] - click: Object: 'Object Repository/Schedule9/Page_KDMC - CMS/button_Add' is clicked on

2018-05-08 10:40:59 - [MESSAGE][PASSED] - Object: 'Object Repository/Schedule9/Page_KDMC - CMS/button_Add' is clicked on

2018-05-08 10:40:59 - [TEST_STEP][PASSED] - selectOptionByIndex: All options with index in [9] are selected on object 'Object Repository/Schedule9/Page_KDMC - CMS/select_--Select--Schedule 1Inj'

2018-05-08 10:41:00 - [MESSAGE][PASSED] - All options with index in [9] are selected on object 'Object Repository/Schedule9/Page_KDMC - CMS/select_--Select--Schedule 1Inj'

2018-05-08 10:41:00 - [TEST_STEP][PASSED] - selectOptionByIndex: All options with index in [35] are selected on object 'Object Repository/Schedule9/Page_KDMC - CMS/select_--Select--Blood Transfu'

2018-05-08 10:41:00 - [MESSAGE][PASSED] - All options with index in [35] are selected on object 'Object Repository/Schedule9/Page_KDMC - CMS/select_--Select--Blood Transfu'

2018-05-08 10:41:00 - [TEST_STEP][PASSED] - setText: Text '50000' is set on object 'Object Repository/Schedule9/Page_KDMC - CMS/input_txttreat'

2018-05-08 10:41:00 - [MESSAGE][PASSED] - Text '50000' is set on object 'Object Repository/Schedule9/Page_KDMC - CMS/input_txttreat'

2018-05-08 10:41:00 - [TEST_STEP][PASSED] - click: Object: 'Object Repository/Schedule9/Page_KDMC - CMS/button_Add' is clicked on

2018-05-08 10:41:00 - [MESSAGE][PASSED] - Object: 'Object Repository/Schedule9/Page_KDMC - CMS/button_Add' is clicked on

2018-05-08 10:41:00 - [TEST_STEP][PASSED] - scrollToElement: Scroll to object 'Object Repository/Schedule9/Page_KDMC - CMS/input_btnsave' successfully

2018-05-08 10:41:00 - [MESSAGE][PASSED] - Scroll to object 'Object Repository/Schedule9/Page_KDMC - CMS/input_btnsave' successfully

2018-05-08 10:41:00 - [TEST_STEP][PASSED] - click: Object: 'Object Repository/Schedule9/Page_KDMC - CMS/input_btnsave' is clicked on

2018-05-08 10:41:00 - [MESSAGE][PASSED] - Object: 'Object Repository/Schedule9/Page_KDMC - CMS/input_btnsave' is clicked on

2018-05-08 10:41:00 - [TEST_STEP][PASSED] - waitForElementPresent: Object 'Object Repository/Schedule9/Page_KDMC - CMS/button_OK' is present

2018-05-08 10:41:01 - [MESSAGE][PASSED] - Object 'Object Repository/Schedule9/Page_KDMC - CMS/button_OK' is present

2018-05-08 10:41:01 - [TEST_STEP][PASSED] - click: Object: 'Object Repository/Schedule9/Page_KDMC - CMS/button_OK' is clicked on

2018-05-08 10:41:01 - [MESSAGE][PASSED] - Object: 'Object Repository/Schedule9/Page_KDMC - CMS/button_OK' is clicked on

2018-05-08 10:41:01 - [TEST_STEP][PASSED] - click: Object: 'Object Repository/Schedule9/Page_KDMC - CMS/a_dropdown-toggle' is clicked on

2018-05-08 10:41:03 - [MESSAGE][PASSED] - Object: 'Object Repository/Schedule9/Page_KDMC - CMS/a_dropdown-toggle' is clicked on

2018-05-08 10:41:03 - [TEST_STEP][PASSED] - delay: Delayed 3 second(s)

2018-05-08 10:41:06 - [MESSAGE][PASSED] - Delayed 3 second(s)

2018-05-08 10:41:06 - [TEST_STEP][PASSED] - click: Object: 'Object Repository/Schedule9/Page_KDMC - CMS/a_Sign out' is clicked on

2018-05-08 10:41:06 - [MESSAGE][PASSED] - Object: 'Object Repository/Schedule9/Page_KDMC - CMS/a_Sign out' is clicked on

2018-05-08 10:41:06 - [TEST_STEP][PASSED] - closeBrowser: Browser is closed

2018-05-08 10:41:07 - [MESSAGE][PASSED] - Browser is closed]]></system-out>
         <system-err><![CDATA[]]></system-err>
      </testcase>
      <testcase name="Test Cases/MOH TO CMS REQUEST/MohRequestSchedule10" classname="Test Cases/MOH TO CMS REQUEST/MohRequestSchedule10" status="PASSED">
         <system-out><![CDATA[2018-05-08 10:41:07 - [TEST_CASE][PASSED] - Test Cases/MOH TO CMS REQUEST/MohRequestSchedule10: Test Cases/MOH TO CMS REQUEST/MohRequestSchedule10

2018-05-08 10:41:07 - [TEST_STEP][PASSED] - openBrowser: Browser is opened with url: ''

2018-05-08 10:41:09 - [MESSAGE][PASSED] - Browser is opened with url: ''

2018-05-08 10:41:09 - [TEST_STEP][PASSED] - navigateToUrl: Navigate to 'http://192.168.137.1/multihospital_new/' successfully

2018-05-08 10:41:12 - [MESSAGE][PASSED] - Navigate to 'http://192.168.137.1/multihospital_new/' successfully

2018-05-08 10:41:12 - [TEST_STEP][PASSED] - maximizeWindow: Current window maximized

2018-05-08 10:41:14 - [MESSAGE][PASSED] - Current window maximized

2018-05-08 10:41:14 - [TEST_STEP][PASSED] - click: Object: 'Object Repository/Schedule 10/Page_KDMC/a_CMS' is clicked on

2018-05-08 10:41:15 - [MESSAGE][PASSED] - Object: 'Object Repository/Schedule 10/Page_KDMC/a_CMS' is clicked on

2018-05-08 10:41:15 - [TEST_STEP][PASSED] - setText: Text 'bala' is set on object 'Object Repository/Schedule 10/Page_CMS login/input_txtusername'

2018-05-08 10:41:15 - [MESSAGE][PASSED] - Text 'bala' is set on object 'Object Repository/Schedule 10/Page_CMS login/input_txtusername'

2018-05-08 10:41:15 - [TEST_STEP][PASSED] - setText: Text '123' is set on object 'Object Repository/Schedule 10/Page_CMS login/input_txtpassword'

2018-05-08 10:41:15 - [MESSAGE][PASSED] - Text '123' is set on object 'Object Repository/Schedule 10/Page_CMS login/input_txtpassword'

2018-05-08 10:41:15 - [TEST_STEP][PASSED] - delay: Delayed 3 second(s)

2018-05-08 10:41:18 - [MESSAGE][PASSED] - Delayed 3 second(s)

2018-05-08 10:41:18 - [TEST_STEP][PASSED] - click: Object: 'Object Repository/Schedule 10/Page_CMS login/button_Sign in' is clicked on

2018-05-08 10:41:22 - [MESSAGE][PASSED] - Object: 'Object Repository/Schedule 10/Page_CMS login/button_Sign in' is clicked on

2018-05-08 10:41:22 - [TEST_STEP][PASSED] - click: Object: 'Object Repository/Schedule 10/Page_KDMC - CMS/a_Request to MOH' is clicked on

2018-05-08 10:41:22 - [MESSAGE][PASSED] - Object: 'Object Repository/Schedule 10/Page_KDMC - CMS/a_Request to MOH' is clicked on

2018-05-08 10:41:22 - [TEST_STEP][PASSED] - selectOptionByIndex: All options with index in [2] are selected on object 'Object Repository/Schedule 10/Page_KDMC - CMS/select_--Select--'

2018-05-08 10:41:23 - [MESSAGE][PASSED] - All options with index in [2] are selected on object 'Object Repository/Schedule 10/Page_KDMC - CMS/select_--Select--'

2018-05-08 10:41:23 - [TEST_STEP][PASSED] - selectOptionByIndex: All options with index in [10] are selected on object 'Object Repository/Schedule 10/Page_KDMC - CMS/select_--Select--Schedule 1Inj'

2018-05-08 10:41:23 - [MESSAGE][PASSED] - All options with index in [10] are selected on object 'Object Repository/Schedule 10/Page_KDMC - CMS/select_--Select--Schedule 1Inj'

2018-05-08 10:41:23 - [TEST_STEP][PASSED] - Statement - selectedoptions = com.kms.katalon.core.webui.keyword.WebUiBuiltInKeywords.getNumberOfTotalOption(com.kms.katalon.core.testobject.ObjectRepository.findTestObject(Schedule 10/Page_KDMC - CMS/select_--Select--Adjustable Mi)): 19 options of object 'Object Repository/Schedule 10/Page_KDMC - CMS/select_--Select--Adjustable Mi' counted

2018-05-08 10:41:23 - [MESSAGE][PASSED] - 19 options of object 'Object Repository/Schedule 10/Page_KDMC - CMS/select_--Select--Adjustable Mi' counted

2018-05-08 10:41:23 - [TEST_STEP][PASSED] - Statement - For ([c = 1, c < selectedoptions, (c++)]): Object: 'Object Repository/Schedule 10/Page_KDMC - CMS/button_Add' is clicked on

2018-05-08 10:41:23 - [TEST_STEP][PASSED] - selectOptionByIndex: All options with index in [10] are selected on object 'Object Repository/Schedule 10/Page_KDMC - CMS/select_--Select--Schedule 1Inj'

2018-05-08 10:41:23 - [MESSAGE][PASSED] - All options with index in [10] are selected on object 'Object Repository/Schedule 10/Page_KDMC - CMS/select_--Select--Schedule 1Inj'

2018-05-08 10:41:23 - [TEST_STEP][PASSED] - selectOptionByIndex: All options with index in [1] are selected on object 'Object Repository/Schedule 10/Page_KDMC - CMS/select_--Select--Adjustable Mi'

2018-05-08 10:41:23 - [MESSAGE][PASSED] - All options with index in [1] are selected on object 'Object Repository/Schedule 10/Page_KDMC - CMS/select_--Select--Adjustable Mi'

2018-05-08 10:41:23 - [TEST_STEP][PASSED] - setText: Text '500' is set on object 'Object Repository/Schedule 10/Page_KDMC - CMS/input_txttreat'

2018-05-08 10:41:23 - [MESSAGE][PASSED] - Text '500' is set on object 'Object Repository/Schedule 10/Page_KDMC - CMS/input_txttreat'

2018-05-08 10:41:23 - [TEST_STEP][PASSED] - click: Object: 'Object Repository/Schedule 10/Page_KDMC - CMS/button_Add' is clicked on

2018-05-08 10:41:23 - [MESSAGE][PASSED] - Object: 'Object Repository/Schedule 10/Page_KDMC - CMS/button_Add' is clicked on

2018-05-08 10:41:23 - [TEST_STEP][PASSED] - selectOptionByIndex: All options with index in [10] are selected on object 'Object Repository/Schedule 10/Page_KDMC - CMS/select_--Select--Schedule 1Inj'

2018-05-08 10:41:24 - [MESSAGE][PASSED] - All options with index in [10] are selected on object 'Object Repository/Schedule 10/Page_KDMC - CMS/select_--Select--Schedule 1Inj'

2018-05-08 10:41:24 - [TEST_STEP][PASSED] - selectOptionByIndex: All options with index in [2] are selected on object 'Object Repository/Schedule 10/Page_KDMC - CMS/select_--Select--Adjustable Mi'

2018-05-08 10:41:24 - [MESSAGE][PASSED] - All options with index in [2] are selected on object 'Object Repository/Schedule 10/Page_KDMC - CMS/select_--Select--Adjustable Mi'

2018-05-08 10:41:24 - [TEST_STEP][PASSED] - setText: Text '500' is set on object 'Object Repository/Schedule 10/Page_KDMC - CMS/input_txttreat'

2018-05-08 10:41:24 - [MESSAGE][PASSED] - Text '500' is set on object 'Object Repository/Schedule 10/Page_KDMC - CMS/input_txttreat'

2018-05-08 10:41:24 - [TEST_STEP][PASSED] - click: Object: 'Object Repository/Schedule 10/Page_KDMC - CMS/button_Add' is clicked on

2018-05-08 10:41:24 - [MESSAGE][PASSED] - Object: 'Object Repository/Schedule 10/Page_KDMC - CMS/button_Add' is clicked on

2018-05-08 10:41:24 - [TEST_STEP][PASSED] - selectOptionByIndex: All options with index in [10] are selected on object 'Object Repository/Schedule 10/Page_KDMC - CMS/select_--Select--Schedule 1Inj'

2018-05-08 10:41:24 - [MESSAGE][PASSED] - All options with index in [10] are selected on object 'Object Repository/Schedule 10/Page_KDMC - CMS/select_--Select--Schedule 1Inj'

2018-05-08 10:41:24 - [TEST_STEP][PASSED] - selectOptionByIndex: All options with index in [3] are selected on object 'Object Repository/Schedule 10/Page_KDMC - CMS/select_--Select--Adjustable Mi'

2018-05-08 10:41:24 - [MESSAGE][PASSED] - All options with index in [3] are selected on object 'Object Repository/Schedule 10/Page_KDMC - CMS/select_--Select--Adjustable Mi'

2018-05-08 10:41:24 - [TEST_STEP][PASSED] - setText: Text '500' is set on object 'Object Repository/Schedule 10/Page_KDMC - CMS/input_txttreat'

2018-05-08 10:41:24 - [MESSAGE][PASSED] - Text '500' is set on object 'Object Repository/Schedule 10/Page_KDMC - CMS/input_txttreat'

2018-05-08 10:41:24 - [TEST_STEP][PASSED] - click: Object: 'Object Repository/Schedule 10/Page_KDMC - CMS/button_Add' is clicked on

2018-05-08 10:41:24 - [MESSAGE][PASSED] - Object: 'Object Repository/Schedule 10/Page_KDMC - CMS/button_Add' is clicked on

2018-05-08 10:41:24 - [TEST_STEP][PASSED] - selectOptionByIndex: All options with index in [10] are selected on object 'Object Repository/Schedule 10/Page_KDMC - CMS/select_--Select--Schedule 1Inj'

2018-05-08 10:41:24 - [MESSAGE][PASSED] - All options with index in [10] are selected on object 'Object Repository/Schedule 10/Page_KDMC - CMS/select_--Select--Schedule 1Inj'

2018-05-08 10:41:24 - [TEST_STEP][PASSED] - selectOptionByIndex: All options with index in [4] are selected on object 'Object Repository/Schedule 10/Page_KDMC - CMS/select_--Select--Adjustable Mi'

2018-05-08 10:41:25 - [MESSAGE][PASSED] - All options with index in [4] are selected on object 'Object Repository/Schedule 10/Page_KDMC - CMS/select_--Select--Adjustable Mi'

2018-05-08 10:41:25 - [TEST_STEP][PASSED] - setText: Text '500' is set on object 'Object Repository/Schedule 10/Page_KDMC - CMS/input_txttreat'

2018-05-08 10:41:25 - [MESSAGE][PASSED] - Text '500' is set on object 'Object Repository/Schedule 10/Page_KDMC - CMS/input_txttreat'

2018-05-08 10:41:25 - [TEST_STEP][PASSED] - click: Object: 'Object Repository/Schedule 10/Page_KDMC - CMS/button_Add' is clicked on

2018-05-08 10:41:25 - [MESSAGE][PASSED] - Object: 'Object Repository/Schedule 10/Page_KDMC - CMS/button_Add' is clicked on

2018-05-08 10:41:25 - [TEST_STEP][PASSED] - selectOptionByIndex: All options with index in [10] are selected on object 'Object Repository/Schedule 10/Page_KDMC - CMS/select_--Select--Schedule 1Inj'

2018-05-08 10:41:25 - [MESSAGE][PASSED] - All options with index in [10] are selected on object 'Object Repository/Schedule 10/Page_KDMC - CMS/select_--Select--Schedule 1Inj'

2018-05-08 10:41:25 - [TEST_STEP][PASSED] - selectOptionByIndex: All options with index in [5] are selected on object 'Object Repository/Schedule 10/Page_KDMC - CMS/select_--Select--Adjustable Mi'

2018-05-08 10:41:26 - [MESSAGE][PASSED] - All options with index in [5] are selected on object 'Object Repository/Schedule 10/Page_KDMC - CMS/select_--Select--Adjustable Mi'

2018-05-08 10:41:26 - [TEST_STEP][PASSED] - setText: Text '500' is set on object 'Object Repository/Schedule 10/Page_KDMC - CMS/input_txttreat'

2018-05-08 10:41:26 - [MESSAGE][PASSED] - Text '500' is set on object 'Object Repository/Schedule 10/Page_KDMC - CMS/input_txttreat'

2018-05-08 10:41:26 - [TEST_STEP][PASSED] - click: Object: 'Object Repository/Schedule 10/Page_KDMC - CMS/button_Add' is clicked on

2018-05-08 10:41:26 - [MESSAGE][PASSED] - Object: 'Object Repository/Schedule 10/Page_KDMC - CMS/button_Add' is clicked on

2018-05-08 10:41:26 - [TEST_STEP][PASSED] - selectOptionByIndex: All options with index in [10] are selected on object 'Object Repository/Schedule 10/Page_KDMC - CMS/select_--Select--Schedule 1Inj'

2018-05-08 10:41:26 - [MESSAGE][PASSED] - All options with index in [10] are selected on object 'Object Repository/Schedule 10/Page_KDMC - CMS/select_--Select--Schedule 1Inj'

2018-05-08 10:41:26 - [TEST_STEP][PASSED] - selectOptionByIndex: All options with index in [6] are selected on object 'Object Repository/Schedule 10/Page_KDMC - CMS/select_--Select--Adjustable Mi'

2018-05-08 10:41:26 - [MESSAGE][PASSED] - All options with index in [6] are selected on object 'Object Repository/Schedule 10/Page_KDMC - CMS/select_--Select--Adjustable Mi'

2018-05-08 10:41:26 - [TEST_STEP][PASSED] - setText: Text '500' is set on object 'Object Repository/Schedule 10/Page_KDMC - CMS/input_txttreat'

2018-05-08 10:41:26 - [MESSAGE][PASSED] - Text '500' is set on object 'Object Repository/Schedule 10/Page_KDMC - CMS/input_txttreat'

2018-05-08 10:41:26 - [TEST_STEP][PASSED] - click: Object: 'Object Repository/Schedule 10/Page_KDMC - CMS/button_Add' is clicked on

2018-05-08 10:41:26 - [MESSAGE][PASSED] - Object: 'Object Repository/Schedule 10/Page_KDMC - CMS/button_Add' is clicked on

2018-05-08 10:41:26 - [TEST_STEP][PASSED] - selectOptionByIndex: All options with index in [10] are selected on object 'Object Repository/Schedule 10/Page_KDMC - CMS/select_--Select--Schedule 1Inj'

2018-05-08 10:41:26 - [MESSAGE][PASSED] - All options with index in [10] are selected on object 'Object Repository/Schedule 10/Page_KDMC - CMS/select_--Select--Schedule 1Inj'

2018-05-08 10:41:26 - [TEST_STEP][PASSED] - selectOptionByIndex: All options with index in [7] are selected on object 'Object Repository/Schedule 10/Page_KDMC - CMS/select_--Select--Adjustable Mi'

2018-05-08 10:41:27 - [MESSAGE][PASSED] - All options with index in [7] are selected on object 'Object Repository/Schedule 10/Page_KDMC - CMS/select_--Select--Adjustable Mi'

2018-05-08 10:41:27 - [TEST_STEP][PASSED] - setText: Text '500' is set on object 'Object Repository/Schedule 10/Page_KDMC - CMS/input_txttreat'

2018-05-08 10:41:27 - [MESSAGE][PASSED] - Text '500' is set on object 'Object Repository/Schedule 10/Page_KDMC - CMS/input_txttreat'

2018-05-08 10:41:27 - [TEST_STEP][PASSED] - click: Object: 'Object Repository/Schedule 10/Page_KDMC - CMS/button_Add' is clicked on

2018-05-08 10:41:27 - [MESSAGE][PASSED] - Object: 'Object Repository/Schedule 10/Page_KDMC - CMS/button_Add' is clicked on

2018-05-08 10:41:27 - [TEST_STEP][PASSED] - selectOptionByIndex: All options with index in [10] are selected on object 'Object Repository/Schedule 10/Page_KDMC - CMS/select_--Select--Schedule 1Inj'

2018-05-08 10:41:27 - [MESSAGE][PASSED] - All options with index in [10] are selected on object 'Object Repository/Schedule 10/Page_KDMC - CMS/select_--Select--Schedule 1Inj'

2018-05-08 10:41:27 - [TEST_STEP][PASSED] - selectOptionByIndex: All options with index in [8] are selected on object 'Object Repository/Schedule 10/Page_KDMC - CMS/select_--Select--Adjustable Mi'

2018-05-08 10:41:27 - [MESSAGE][PASSED] - All options with index in [8] are selected on object 'Object Repository/Schedule 10/Page_KDMC - CMS/select_--Select--Adjustable Mi'

2018-05-08 10:41:27 - [TEST_STEP][PASSED] - setText: Text '500' is set on object 'Object Repository/Schedule 10/Page_KDMC - CMS/input_txttreat'

2018-05-08 10:41:27 - [MESSAGE][PASSED] - Text '500' is set on object 'Object Repository/Schedule 10/Page_KDMC - CMS/input_txttreat'

2018-05-08 10:41:27 - [TEST_STEP][PASSED] - click: Object: 'Object Repository/Schedule 10/Page_KDMC - CMS/button_Add' is clicked on

2018-05-08 10:41:27 - [MESSAGE][PASSED] - Object: 'Object Repository/Schedule 10/Page_KDMC - CMS/button_Add' is clicked on

2018-05-08 10:41:27 - [TEST_STEP][PASSED] - selectOptionByIndex: All options with index in [10] are selected on object 'Object Repository/Schedule 10/Page_KDMC - CMS/select_--Select--Schedule 1Inj'

2018-05-08 10:41:27 - [MESSAGE][PASSED] - All options with index in [10] are selected on object 'Object Repository/Schedule 10/Page_KDMC - CMS/select_--Select--Schedule 1Inj'

2018-05-08 10:41:27 - [TEST_STEP][PASSED] - selectOptionByIndex: All options with index in [9] are selected on object 'Object Repository/Schedule 10/Page_KDMC - CMS/select_--Select--Adjustable Mi'

2018-05-08 10:41:28 - [MESSAGE][PASSED] - All options with index in [9] are selected on object 'Object Repository/Schedule 10/Page_KDMC - CMS/select_--Select--Adjustable Mi'

2018-05-08 10:41:28 - [TEST_STEP][PASSED] - setText: Text '500' is set on object 'Object Repository/Schedule 10/Page_KDMC - CMS/input_txttreat'

2018-05-08 10:41:28 - [MESSAGE][PASSED] - Text '500' is set on object 'Object Repository/Schedule 10/Page_KDMC - CMS/input_txttreat'

2018-05-08 10:41:28 - [TEST_STEP][PASSED] - click: Object: 'Object Repository/Schedule 10/Page_KDMC - CMS/button_Add' is clicked on

2018-05-08 10:41:28 - [MESSAGE][PASSED] - Object: 'Object Repository/Schedule 10/Page_KDMC - CMS/button_Add' is clicked on

2018-05-08 10:41:28 - [TEST_STEP][PASSED] - selectOptionByIndex: All options with index in [10] are selected on object 'Object Repository/Schedule 10/Page_KDMC - CMS/select_--Select--Schedule 1Inj'

2018-05-08 10:41:28 - [MESSAGE][PASSED] - All options with index in [10] are selected on object 'Object Repository/Schedule 10/Page_KDMC - CMS/select_--Select--Schedule 1Inj'

2018-05-08 10:41:28 - [TEST_STEP][PASSED] - selectOptionByIndex: All options with index in [10] are selected on object 'Object Repository/Schedule 10/Page_KDMC - CMS/select_--Select--Adjustable Mi'

2018-05-08 10:41:28 - [MESSAGE][PASSED] - All options with index in [10] are selected on object 'Object Repository/Schedule 10/Page_KDMC - CMS/select_--Select--Adjustable Mi'

2018-05-08 10:41:28 - [TEST_STEP][PASSED] - setText: Text '500' is set on object 'Object Repository/Schedule 10/Page_KDMC - CMS/input_txttreat'

2018-05-08 10:41:28 - [MESSAGE][PASSED] - Text '500' is set on object 'Object Repository/Schedule 10/Page_KDMC - CMS/input_txttreat'

2018-05-08 10:41:28 - [TEST_STEP][PASSED] - click: Object: 'Object Repository/Schedule 10/Page_KDMC - CMS/button_Add' is clicked on

2018-05-08 10:41:28 - [MESSAGE][PASSED] - Object: 'Object Repository/Schedule 10/Page_KDMC - CMS/button_Add' is clicked on

2018-05-08 10:41:28 - [TEST_STEP][PASSED] - selectOptionByIndex: All options with index in [10] are selected on object 'Object Repository/Schedule 10/Page_KDMC - CMS/select_--Select--Schedule 1Inj'

2018-05-08 10:41:28 - [MESSAGE][PASSED] - All options with index in [10] are selected on object 'Object Repository/Schedule 10/Page_KDMC - CMS/select_--Select--Schedule 1Inj'

2018-05-08 10:41:28 - [TEST_STEP][PASSED] - selectOptionByIndex: All options with index in [11] are selected on object 'Object Repository/Schedule 10/Page_KDMC - CMS/select_--Select--Adjustable Mi'

2018-05-08 10:41:29 - [MESSAGE][PASSED] - All options with index in [11] are selected on object 'Object Repository/Schedule 10/Page_KDMC - CMS/select_--Select--Adjustable Mi'

2018-05-08 10:41:29 - [TEST_STEP][PASSED] - setText: Text '500' is set on object 'Object Repository/Schedule 10/Page_KDMC - CMS/input_txttreat'

2018-05-08 10:41:29 - [MESSAGE][PASSED] - Text '500' is set on object 'Object Repository/Schedule 10/Page_KDMC - CMS/input_txttreat'

2018-05-08 10:41:29 - [TEST_STEP][PASSED] - click: Object: 'Object Repository/Schedule 10/Page_KDMC - CMS/button_Add' is clicked on

2018-05-08 10:41:29 - [MESSAGE][PASSED] - Object: 'Object Repository/Schedule 10/Page_KDMC - CMS/button_Add' is clicked on

2018-05-08 10:41:29 - [TEST_STEP][PASSED] - selectOptionByIndex: All options with index in [10] are selected on object 'Object Repository/Schedule 10/Page_KDMC - CMS/select_--Select--Schedule 1Inj'

2018-05-08 10:41:29 - [MESSAGE][PASSED] - All options with index in [10] are selected on object 'Object Repository/Schedule 10/Page_KDMC - CMS/select_--Select--Schedule 1Inj'

2018-05-08 10:41:29 - [TEST_STEP][PASSED] - selectOptionByIndex: All options with index in [12] are selected on object 'Object Repository/Schedule 10/Page_KDMC - CMS/select_--Select--Adjustable Mi'

2018-05-08 10:41:29 - [MESSAGE][PASSED] - All options with index in [12] are selected on object 'Object Repository/Schedule 10/Page_KDMC - CMS/select_--Select--Adjustable Mi'

2018-05-08 10:41:29 - [TEST_STEP][PASSED] - setText: Text '500' is set on object 'Object Repository/Schedule 10/Page_KDMC - CMS/input_txttreat'

2018-05-08 10:41:29 - [MESSAGE][PASSED] - Text '500' is set on object 'Object Repository/Schedule 10/Page_KDMC - CMS/input_txttreat'

2018-05-08 10:41:29 - [TEST_STEP][PASSED] - click: Object: 'Object Repository/Schedule 10/Page_KDMC - CMS/button_Add' is clicked on

2018-05-08 10:41:29 - [MESSAGE][PASSED] - Object: 'Object Repository/Schedule 10/Page_KDMC - CMS/button_Add' is clicked on

2018-05-08 10:41:29 - [TEST_STEP][PASSED] - selectOptionByIndex: All options with index in [10] are selected on object 'Object Repository/Schedule 10/Page_KDMC - CMS/select_--Select--Schedule 1Inj'

2018-05-08 10:41:29 - [MESSAGE][PASSED] - All options with index in [10] are selected on object 'Object Repository/Schedule 10/Page_KDMC - CMS/select_--Select--Schedule 1Inj'

2018-05-08 10:41:29 - [TEST_STEP][PASSED] - selectOptionByIndex: All options with index in [13] are selected on object 'Object Repository/Schedule 10/Page_KDMC - CMS/select_--Select--Adjustable Mi'

2018-05-08 10:41:30 - [MESSAGE][PASSED] - All options with index in [13] are selected on object 'Object Repository/Schedule 10/Page_KDMC - CMS/select_--Select--Adjustable Mi'

2018-05-08 10:41:30 - [TEST_STEP][PASSED] - setText: Text '500' is set on object 'Object Repository/Schedule 10/Page_KDMC - CMS/input_txttreat'

2018-05-08 10:41:30 - [MESSAGE][PASSED] - Text '500' is set on object 'Object Repository/Schedule 10/Page_KDMC - CMS/input_txttreat'

2018-05-08 10:41:30 - [TEST_STEP][PASSED] - click: Object: 'Object Repository/Schedule 10/Page_KDMC - CMS/button_Add' is clicked on

2018-05-08 10:41:30 - [MESSAGE][PASSED] - Object: 'Object Repository/Schedule 10/Page_KDMC - CMS/button_Add' is clicked on

2018-05-08 10:41:30 - [TEST_STEP][PASSED] - selectOptionByIndex: All options with index in [10] are selected on object 'Object Repository/Schedule 10/Page_KDMC - CMS/select_--Select--Schedule 1Inj'

2018-05-08 10:41:31 - [MESSAGE][PASSED] - All options with index in [10] are selected on object 'Object Repository/Schedule 10/Page_KDMC - CMS/select_--Select--Schedule 1Inj'

2018-05-08 10:41:31 - [TEST_STEP][PASSED] - selectOptionByIndex: All options with index in [14] are selected on object 'Object Repository/Schedule 10/Page_KDMC - CMS/select_--Select--Adjustable Mi'

2018-05-08 10:41:31 - [MESSAGE][PASSED] - All options with index in [14] are selected on object 'Object Repository/Schedule 10/Page_KDMC - CMS/select_--Select--Adjustable Mi'

2018-05-08 10:41:31 - [TEST_STEP][PASSED] - setText: Text '500' is set on object 'Object Repository/Schedule 10/Page_KDMC - CMS/input_txttreat'

2018-05-08 10:41:31 - [MESSAGE][PASSED] - Text '500' is set on object 'Object Repository/Schedule 10/Page_KDMC - CMS/input_txttreat'

2018-05-08 10:41:31 - [TEST_STEP][PASSED] - click: Object: 'Object Repository/Schedule 10/Page_KDMC - CMS/button_Add' is clicked on

2018-05-08 10:41:31 - [MESSAGE][PASSED] - Object: 'Object Repository/Schedule 10/Page_KDMC - CMS/button_Add' is clicked on

2018-05-08 10:41:31 - [TEST_STEP][PASSED] - selectOptionByIndex: All options with index in [10] are selected on object 'Object Repository/Schedule 10/Page_KDMC - CMS/select_--Select--Schedule 1Inj'

2018-05-08 10:41:31 - [MESSAGE][PASSED] - All options with index in [10] are selected on object 'Object Repository/Schedule 10/Page_KDMC - CMS/select_--Select--Schedule 1Inj'

2018-05-08 10:41:31 - [TEST_STEP][PASSED] - selectOptionByIndex: All options with index in [15] are selected on object 'Object Repository/Schedule 10/Page_KDMC - CMS/select_--Select--Adjustable Mi'

2018-05-08 10:41:31 - [MESSAGE][PASSED] - All options with index in [15] are selected on object 'Object Repository/Schedule 10/Page_KDMC - CMS/select_--Select--Adjustable Mi'

2018-05-08 10:41:31 - [TEST_STEP][PASSED] - setText: Text '500' is set on object 'Object Repository/Schedule 10/Page_KDMC - CMS/input_txttreat'

2018-05-08 10:41:31 - [MESSAGE][PASSED] - Text '500' is set on object 'Object Repository/Schedule 10/Page_KDMC - CMS/input_txttreat'

2018-05-08 10:41:31 - [TEST_STEP][PASSED] - click: Object: 'Object Repository/Schedule 10/Page_KDMC - CMS/button_Add' is clicked on

2018-05-08 10:41:31 - [MESSAGE][PASSED] - Object: 'Object Repository/Schedule 10/Page_KDMC - CMS/button_Add' is clicked on

2018-05-08 10:41:31 - [TEST_STEP][PASSED] - selectOptionByIndex: All options with index in [10] are selected on object 'Object Repository/Schedule 10/Page_KDMC - CMS/select_--Select--Schedule 1Inj'

2018-05-08 10:41:32 - [MESSAGE][PASSED] - All options with index in [10] are selected on object 'Object Repository/Schedule 10/Page_KDMC - CMS/select_--Select--Schedule 1Inj'

2018-05-08 10:41:32 - [TEST_STEP][PASSED] - selectOptionByIndex: All options with index in [16] are selected on object 'Object Repository/Schedule 10/Page_KDMC - CMS/select_--Select--Adjustable Mi'

2018-05-08 10:41:32 - [MESSAGE][PASSED] - All options with index in [16] are selected on object 'Object Repository/Schedule 10/Page_KDMC - CMS/select_--Select--Adjustable Mi'

2018-05-08 10:41:32 - [TEST_STEP][PASSED] - setText: Text '500' is set on object 'Object Repository/Schedule 10/Page_KDMC - CMS/input_txttreat'

2018-05-08 10:41:32 - [MESSAGE][PASSED] - Text '500' is set on object 'Object Repository/Schedule 10/Page_KDMC - CMS/input_txttreat'

2018-05-08 10:41:32 - [TEST_STEP][PASSED] - click: Object: 'Object Repository/Schedule 10/Page_KDMC - CMS/button_Add' is clicked on

2018-05-08 10:41:32 - [MESSAGE][PASSED] - Object: 'Object Repository/Schedule 10/Page_KDMC - CMS/button_Add' is clicked on

2018-05-08 10:41:32 - [TEST_STEP][PASSED] - selectOptionByIndex: All options with index in [10] are selected on object 'Object Repository/Schedule 10/Page_KDMC - CMS/select_--Select--Schedule 1Inj'

2018-05-08 10:41:32 - [MESSAGE][PASSED] - All options with index in [10] are selected on object 'Object Repository/Schedule 10/Page_KDMC - CMS/select_--Select--Schedule 1Inj'

2018-05-08 10:41:32 - [TEST_STEP][PASSED] - selectOptionByIndex: All options with index in [17] are selected on object 'Object Repository/Schedule 10/Page_KDMC - CMS/select_--Select--Adjustable Mi'

2018-05-08 10:41:33 - [MESSAGE][PASSED] - All options with index in [17] are selected on object 'Object Repository/Schedule 10/Page_KDMC - CMS/select_--Select--Adjustable Mi'

2018-05-08 10:41:33 - [TEST_STEP][PASSED] - setText: Text '500' is set on object 'Object Repository/Schedule 10/Page_KDMC - CMS/input_txttreat'

2018-05-08 10:41:33 - [MESSAGE][PASSED] - Text '500' is set on object 'Object Repository/Schedule 10/Page_KDMC - CMS/input_txttreat'

2018-05-08 10:41:33 - [TEST_STEP][PASSED] - click: Object: 'Object Repository/Schedule 10/Page_KDMC - CMS/button_Add' is clicked on

2018-05-08 10:41:33 - [MESSAGE][PASSED] - Object: 'Object Repository/Schedule 10/Page_KDMC - CMS/button_Add' is clicked on

2018-05-08 10:41:33 - [TEST_STEP][PASSED] - selectOptionByIndex: All options with index in [10] are selected on object 'Object Repository/Schedule 10/Page_KDMC - CMS/select_--Select--Schedule 1Inj'

2018-05-08 10:41:33 - [MESSAGE][PASSED] - All options with index in [10] are selected on object 'Object Repository/Schedule 10/Page_KDMC - CMS/select_--Select--Schedule 1Inj'

2018-05-08 10:41:33 - [TEST_STEP][PASSED] - selectOptionByIndex: All options with index in [18] are selected on object 'Object Repository/Schedule 10/Page_KDMC - CMS/select_--Select--Adjustable Mi'

2018-05-08 10:41:34 - [MESSAGE][PASSED] - All options with index in [18] are selected on object 'Object Repository/Schedule 10/Page_KDMC - CMS/select_--Select--Adjustable Mi'

2018-05-08 10:41:34 - [TEST_STEP][PASSED] - setText: Text '500' is set on object 'Object Repository/Schedule 10/Page_KDMC - CMS/input_txttreat'

2018-05-08 10:41:34 - [MESSAGE][PASSED] - Text '500' is set on object 'Object Repository/Schedule 10/Page_KDMC - CMS/input_txttreat'

2018-05-08 10:41:34 - [TEST_STEP][PASSED] - click: Object: 'Object Repository/Schedule 10/Page_KDMC - CMS/button_Add' is clicked on

2018-05-08 10:41:34 - [MESSAGE][PASSED] - Object: 'Object Repository/Schedule 10/Page_KDMC - CMS/button_Add' is clicked on

2018-05-08 10:41:34 - [TEST_STEP][PASSED] - scrollToElement: Scroll to object 'Object Repository/Schedule 10/Page_KDMC - CMS/input_btnsave' successfully

2018-05-08 10:41:34 - [MESSAGE][PASSED] - Scroll to object 'Object Repository/Schedule 10/Page_KDMC - CMS/input_btnsave' successfully

2018-05-08 10:41:34 - [TEST_STEP][PASSED] - click: Object: 'Object Repository/Schedule 10/Page_KDMC - CMS/input_btnsave' is clicked on

2018-05-08 10:41:34 - [MESSAGE][PASSED] - Object: 'Object Repository/Schedule 10/Page_KDMC - CMS/input_btnsave' is clicked on

2018-05-08 10:41:34 - [TEST_STEP][PASSED] - delay: Delayed 3 second(s)

2018-05-08 10:41:37 - [MESSAGE][PASSED] - Delayed 3 second(s)

2018-05-08 10:41:37 - [TEST_STEP][PASSED] - click: Object: 'Object Repository/Schedule 10/Page_KDMC - CMS/button_OK' is clicked on

2018-05-08 10:41:37 - [MESSAGE][PASSED] - Object: 'Object Repository/Schedule 10/Page_KDMC - CMS/button_OK' is clicked on

2018-05-08 10:41:37 - [TEST_STEP][PASSED] - delay: Delayed 3 second(s)

2018-05-08 10:41:40 - [MESSAGE][PASSED] - Delayed 3 second(s)

2018-05-08 10:41:40 - [TEST_STEP][PASSED] - click: Object: 'Object Repository/Schedule 10/Page_KDMC - CMS/a_dropdown-toggle' is clicked on

2018-05-08 10:41:41 - [MESSAGE][PASSED] - Object: 'Object Repository/Schedule 10/Page_KDMC - CMS/a_dropdown-toggle' is clicked on

2018-05-08 10:41:41 - [TEST_STEP][PASSED] - click: Object: 'Object Repository/Schedule 10/Page_KDMC - CMS/a_Sign out' is clicked on

2018-05-08 10:41:41 - [MESSAGE][PASSED] - Object: 'Object Repository/Schedule 10/Page_KDMC - CMS/a_Sign out' is clicked on

2018-05-08 10:41:41 - [TEST_STEP][PASSED] - closeBrowser: Browser is closed

2018-05-08 10:41:42 - [MESSAGE][PASSED] - Browser is closed]]></system-out>
         <system-err><![CDATA[]]></system-err>
      </testcase>
      <testcase name="Test Cases/MOH TO CMS REQUEST/MohRequestSchedule11" classname="Test Cases/MOH TO CMS REQUEST/MohRequestSchedule11" status="PASSED">
         <system-out><![CDATA[2018-05-08 10:41:42 - [TEST_CASE][PASSED] - Test Cases/MOH TO CMS REQUEST/MohRequestSchedule11: Test Cases/MOH TO CMS REQUEST/MohRequestSchedule11

2018-05-08 10:41:42 - [TEST_STEP][PASSED] - openBrowser: Browser is opened with url: ''

2018-05-08 10:41:44 - [MESSAGE][PASSED] - Browser is opened with url: ''

2018-05-08 10:41:44 - [TEST_STEP][PASSED] - navigateToUrl: Navigate to 'http://192.168.137.1/multihospital_new/' successfully

2018-05-08 10:41:59 - [MESSAGE][PASSED] - Navigate to 'http://192.168.137.1/multihospital_new/' successfully

2018-05-08 10:41:59 - [TEST_STEP][PASSED] - maximizeWindow: Current window maximized

2018-05-08 10:42:00 - [MESSAGE][PASSED] - Current window maximized

2018-05-08 10:42:00 - [TEST_STEP][PASSED] - click: Object: 'Object Repository/Schedule 11/Page_KDMC/a_CMS' is clicked on

2018-05-08 10:42:02 - [MESSAGE][PASSED] - Object: 'Object Repository/Schedule 11/Page_KDMC/a_CMS' is clicked on

2018-05-08 10:42:02 - [TEST_STEP][PASSED] - setText: Text 'bala' is set on object 'Object Repository/Schedule 11/Page_CMS login/input_txtusername'

2018-05-08 10:42:02 - [MESSAGE][PASSED] - Text 'bala' is set on object 'Object Repository/Schedule 11/Page_CMS login/input_txtusername'

2018-05-08 10:42:02 - [TEST_STEP][PASSED] - setText: Text '123' is set on object 'Object Repository/Schedule 11/Page_CMS login/input_txtpassword'

2018-05-08 10:42:02 - [MESSAGE][PASSED] - Text '123' is set on object 'Object Repository/Schedule 11/Page_CMS login/input_txtpassword'

2018-05-08 10:42:02 - [TEST_STEP][PASSED] - delay: Delayed 3 second(s)

2018-05-08 10:42:05 - [MESSAGE][PASSED] - Delayed 3 second(s)

2018-05-08 10:42:05 - [TEST_STEP][PASSED] - click: Object: 'Object Repository/Schedule 11/Page_CMS login/button_Sign in' is clicked on

2018-05-08 10:42:07 - [MESSAGE][PASSED] - Object: 'Object Repository/Schedule 11/Page_CMS login/button_Sign in' is clicked on

2018-05-08 10:42:07 - [TEST_STEP][PASSED] - click: Object: 'Object Repository/Schedule 11/Page_KDMC - CMS/a_Request to MOH' is clicked on

2018-05-08 10:42:08 - [MESSAGE][PASSED] - Object: 'Object Repository/Schedule 11/Page_KDMC - CMS/a_Request to MOH' is clicked on

2018-05-08 10:42:08 - [TEST_STEP][PASSED] - selectOptionByIndex: All options with index in [2] are selected on object 'Object Repository/Schedule 11/Page_KDMC - CMS/select_--Select--'

2018-05-08 10:42:08 - [MESSAGE][PASSED] - All options with index in [2] are selected on object 'Object Repository/Schedule 11/Page_KDMC - CMS/select_--Select--'

2018-05-08 10:42:08 - [TEST_STEP][PASSED] - selectOptionByIndex: All options with index in [11] are selected on object 'Object Repository/Schedule 11/Page_KDMC - CMS/select_--Select--Schedule 1Inj'

2018-05-08 10:42:08 - [MESSAGE][PASSED] - All options with index in [11] are selected on object 'Object Repository/Schedule 11/Page_KDMC - CMS/select_--Select--Schedule 1Inj'

2018-05-08 10:42:08 - [TEST_STEP][PASSED] - Statement - Selectedoptions = com.kms.katalon.core.webui.keyword.WebUiBuiltInKeywords.getNumberOfTotalOption(com.kms.katalon.core.testobject.ObjectRepository.findTestObject(Schedule 11/Page_KDMC - CMS/select_--Select--Advance E.C.G)): 81 options of object 'Object Repository/Schedule 11/Page_KDMC - CMS/select_--Select--Advance E.C.G' counted

2018-05-08 10:42:09 - [MESSAGE][PASSED] - 81 options of object 'Object Repository/Schedule 11/Page_KDMC - CMS/select_--Select--Advance E.C.G' counted

2018-05-08 10:42:09 - [TEST_STEP][PASSED] - Statement - For ([f = 1, f < Selectedoptions, (f++)]): Object: 'Object Repository/Schedule 11/Page_KDMC - CMS/button_Add' is clicked on

2018-05-08 10:42:09 - [TEST_STEP][PASSED] - selectOptionByIndex: All options with index in [11] are selected on object 'Object Repository/Schedule 11/Page_KDMC - CMS/select_--Select--Schedule 1Inj'

2018-05-08 10:42:09 - [MESSAGE][PASSED] - All options with index in [11] are selected on object 'Object Repository/Schedule 11/Page_KDMC - CMS/select_--Select--Schedule 1Inj'

2018-05-08 10:42:09 - [TEST_STEP][PASSED] - selectOptionByIndex: All options with index in [1] are selected on object 'Object Repository/Schedule 11/Page_KDMC - CMS/select_--Select--Advance E.C.G'

2018-05-08 10:42:09 - [MESSAGE][PASSED] - All options with index in [1] are selected on object 'Object Repository/Schedule 11/Page_KDMC - CMS/select_--Select--Advance E.C.G'

2018-05-08 10:42:09 - [TEST_STEP][PASSED] - setText: Text '200' is set on object 'Object Repository/Schedule 11/Page_KDMC - CMS/input_txttreat'

2018-05-08 10:42:09 - [MESSAGE][PASSED] - Text '200' is set on object 'Object Repository/Schedule 11/Page_KDMC - CMS/input_txttreat'

2018-05-08 10:42:09 - [TEST_STEP][PASSED] - click: Object: 'Object Repository/Schedule 11/Page_KDMC - CMS/button_Add' is clicked on

2018-05-08 10:42:09 - [MESSAGE][PASSED] - Object: 'Object Repository/Schedule 11/Page_KDMC - CMS/button_Add' is clicked on

2018-05-08 10:42:09 - [TEST_STEP][PASSED] - selectOptionByIndex: All options with index in [11] are selected on object 'Object Repository/Schedule 11/Page_KDMC - CMS/select_--Select--Schedule 1Inj'

2018-05-08 10:42:09 - [MESSAGE][PASSED] - All options with index in [11] are selected on object 'Object Repository/Schedule 11/Page_KDMC - CMS/select_--Select--Schedule 1Inj'

2018-05-08 10:42:09 - [TEST_STEP][PASSED] - selectOptionByIndex: All options with index in [2] are selected on object 'Object Repository/Schedule 11/Page_KDMC - CMS/select_--Select--Advance E.C.G'

2018-05-08 10:42:10 - [MESSAGE][PASSED] - All options with index in [2] are selected on object 'Object Repository/Schedule 11/Page_KDMC - CMS/select_--Select--Advance E.C.G'

2018-05-08 10:42:10 - [TEST_STEP][PASSED] - setText: Text '200' is set on object 'Object Repository/Schedule 11/Page_KDMC - CMS/input_txttreat'

2018-05-08 10:42:10 - [MESSAGE][PASSED] - Text '200' is set on object 'Object Repository/Schedule 11/Page_KDMC - CMS/input_txttreat'

2018-05-08 10:42:10 - [TEST_STEP][PASSED] - click: Object: 'Object Repository/Schedule 11/Page_KDMC - CMS/button_Add' is clicked on

2018-05-08 10:42:10 - [MESSAGE][PASSED] - Object: 'Object Repository/Schedule 11/Page_KDMC - CMS/button_Add' is clicked on

2018-05-08 10:42:10 - [TEST_STEP][PASSED] - selectOptionByIndex: All options with index in [11] are selected on object 'Object Repository/Schedule 11/Page_KDMC - CMS/select_--Select--Schedule 1Inj'

2018-05-08 10:42:10 - [MESSAGE][PASSED] - All options with index in [11] are selected on object 'Object Repository/Schedule 11/Page_KDMC - CMS/select_--Select--Schedule 1Inj'

2018-05-08 10:42:10 - [TEST_STEP][PASSED] - selectOptionByIndex: All options with index in [3] are selected on object 'Object Repository/Schedule 11/Page_KDMC - CMS/select_--Select--Advance E.C.G'

2018-05-08 10:42:11 - [MESSAGE][PASSED] - All options with index in [3] are selected on object 'Object Repository/Schedule 11/Page_KDMC - CMS/select_--Select--Advance E.C.G'

2018-05-08 10:42:11 - [TEST_STEP][PASSED] - setText: Text '200' is set on object 'Object Repository/Schedule 11/Page_KDMC - CMS/input_txttreat'

2018-05-08 10:42:11 - [MESSAGE][PASSED] - Text '200' is set on object 'Object Repository/Schedule 11/Page_KDMC - CMS/input_txttreat'

2018-05-08 10:42:11 - [TEST_STEP][PASSED] - click: Object: 'Object Repository/Schedule 11/Page_KDMC - CMS/button_Add' is clicked on

2018-05-08 10:42:11 - [MESSAGE][PASSED] - Object: 'Object Repository/Schedule 11/Page_KDMC - CMS/button_Add' is clicked on

2018-05-08 10:42:11 - [TEST_STEP][PASSED] - selectOptionByIndex: All options with index in [11] are selected on object 'Object Repository/Schedule 11/Page_KDMC - CMS/select_--Select--Schedule 1Inj'

2018-05-08 10:42:11 - [MESSAGE][PASSED] - All options with index in [11] are selected on object 'Object Repository/Schedule 11/Page_KDMC - CMS/select_--Select--Schedule 1Inj'

2018-05-08 10:42:11 - [TEST_STEP][PASSED] - selectOptionByIndex: All options with index in [4] are selected on object 'Object Repository/Schedule 11/Page_KDMC - CMS/select_--Select--Advance E.C.G'

2018-05-08 10:42:12 - [MESSAGE][PASSED] - All options with index in [4] are selected on object 'Object Repository/Schedule 11/Page_KDMC - CMS/select_--Select--Advance E.C.G'

2018-05-08 10:42:12 - [TEST_STEP][PASSED] - setText: Text '200' is set on object 'Object Repository/Schedule 11/Page_KDMC - CMS/input_txttreat'

2018-05-08 10:42:12 - [MESSAGE][PASSED] - Text '200' is set on object 'Object Repository/Schedule 11/Page_KDMC - CMS/input_txttreat'

2018-05-08 10:42:12 - [TEST_STEP][PASSED] - click: Object: 'Object Repository/Schedule 11/Page_KDMC - CMS/button_Add' is clicked on

2018-05-08 10:42:12 - [MESSAGE][PASSED] - Object: 'Object Repository/Schedule 11/Page_KDMC - CMS/button_Add' is clicked on

2018-05-08 10:42:12 - [TEST_STEP][PASSED] - selectOptionByIndex: All options with index in [11] are selected on object 'Object Repository/Schedule 11/Page_KDMC - CMS/select_--Select--Schedule 1Inj'

2018-05-08 10:42:12 - [MESSAGE][PASSED] - All options with index in [11] are selected on object 'Object Repository/Schedule 11/Page_KDMC - CMS/select_--Select--Schedule 1Inj'

2018-05-08 10:42:12 - [TEST_STEP][PASSED] - selectOptionByIndex: All options with index in [5] are selected on object 'Object Repository/Schedule 11/Page_KDMC - CMS/select_--Select--Advance E.C.G'

2018-05-08 10:42:12 - [MESSAGE][PASSED] - All options with index in [5] are selected on object 'Object Repository/Schedule 11/Page_KDMC - CMS/select_--Select--Advance E.C.G'

2018-05-08 10:42:12 - [TEST_STEP][PASSED] - setText: Text '200' is set on object 'Object Repository/Schedule 11/Page_KDMC - CMS/input_txttreat'

2018-05-08 10:42:12 - [MESSAGE][PASSED] - Text '200' is set on object 'Object Repository/Schedule 11/Page_KDMC - CMS/input_txttreat'

2018-05-08 10:42:12 - [TEST_STEP][PASSED] - click: Object: 'Object Repository/Schedule 11/Page_KDMC - CMS/button_Add' is clicked on

2018-05-08 10:42:12 - [MESSAGE][PASSED] - Object: 'Object Repository/Schedule 11/Page_KDMC - CMS/button_Add' is clicked on

2018-05-08 10:42:12 - [TEST_STEP][PASSED] - selectOptionByIndex: All options with index in [11] are selected on object 'Object Repository/Schedule 11/Page_KDMC - CMS/select_--Select--Schedule 1Inj'

2018-05-08 10:42:12 - [MESSAGE][PASSED] - All options with index in [11] are selected on object 'Object Repository/Schedule 11/Page_KDMC - CMS/select_--Select--Schedule 1Inj'

2018-05-08 10:42:12 - [TEST_STEP][PASSED] - selectOptionByIndex: All options with index in [6] are selected on object 'Object Repository/Schedule 11/Page_KDMC - CMS/select_--Select--Advance E.C.G'

2018-05-08 10:42:13 - [MESSAGE][PASSED] - All options with index in [6] are selected on object 'Object Repository/Schedule 11/Page_KDMC - CMS/select_--Select--Advance E.C.G'

2018-05-08 10:42:13 - [TEST_STEP][PASSED] - setText: Text '200' is set on object 'Object Repository/Schedule 11/Page_KDMC - CMS/input_txttreat'

2018-05-08 10:42:13 - [MESSAGE][PASSED] - Text '200' is set on object 'Object Repository/Schedule 11/Page_KDMC - CMS/input_txttreat'

2018-05-08 10:42:13 - [TEST_STEP][PASSED] - click: Object: 'Object Repository/Schedule 11/Page_KDMC - CMS/button_Add' is clicked on

2018-05-08 10:42:13 - [MESSAGE][PASSED] - Object: 'Object Repository/Schedule 11/Page_KDMC - CMS/button_Add' is clicked on

2018-05-08 10:42:13 - [TEST_STEP][PASSED] - selectOptionByIndex: All options with index in [11] are selected on object 'Object Repository/Schedule 11/Page_KDMC - CMS/select_--Select--Schedule 1Inj'

2018-05-08 10:42:13 - [MESSAGE][PASSED] - All options with index in [11] are selected on object 'Object Repository/Schedule 11/Page_KDMC - CMS/select_--Select--Schedule 1Inj'

2018-05-08 10:42:13 - [TEST_STEP][PASSED] - selectOptionByIndex: All options with index in [7] are selected on object 'Object Repository/Schedule 11/Page_KDMC - CMS/select_--Select--Advance E.C.G'

2018-05-08 10:42:14 - [MESSAGE][PASSED] - All options with index in [7] are selected on object 'Object Repository/Schedule 11/Page_KDMC - CMS/select_--Select--Advance E.C.G'

2018-05-08 10:42:14 - [TEST_STEP][PASSED] - setText: Text '200' is set on object 'Object Repository/Schedule 11/Page_KDMC - CMS/input_txttreat'

2018-05-08 10:42:14 - [MESSAGE][PASSED] - Text '200' is set on object 'Object Repository/Schedule 11/Page_KDMC - CMS/input_txttreat'

2018-05-08 10:42:14 - [TEST_STEP][PASSED] - click: Object: 'Object Repository/Schedule 11/Page_KDMC - CMS/button_Add' is clicked on

2018-05-08 10:42:14 - [MESSAGE][PASSED] - Object: 'Object Repository/Schedule 11/Page_KDMC - CMS/button_Add' is clicked on

2018-05-08 10:42:14 - [TEST_STEP][PASSED] - selectOptionByIndex: All options with index in [11] are selected on object 'Object Repository/Schedule 11/Page_KDMC - CMS/select_--Select--Schedule 1Inj'

2018-05-08 10:42:14 - [MESSAGE][PASSED] - All options with index in [11] are selected on object 'Object Repository/Schedule 11/Page_KDMC - CMS/select_--Select--Schedule 1Inj'

2018-05-08 10:42:14 - [TEST_STEP][PASSED] - selectOptionByIndex: All options with index in [8] are selected on object 'Object Repository/Schedule 11/Page_KDMC - CMS/select_--Select--Advance E.C.G'

2018-05-08 10:42:15 - [MESSAGE][PASSED] - All options with index in [8] are selected on object 'Object Repository/Schedule 11/Page_KDMC - CMS/select_--Select--Advance E.C.G'

2018-05-08 10:42:15 - [TEST_STEP][PASSED] - setText: Text '200' is set on object 'Object Repository/Schedule 11/Page_KDMC - CMS/input_txttreat'

2018-05-08 10:42:15 - [MESSAGE][PASSED] - Text '200' is set on object 'Object Repository/Schedule 11/Page_KDMC - CMS/input_txttreat'

2018-05-08 10:42:15 - [TEST_STEP][PASSED] - click: Object: 'Object Repository/Schedule 11/Page_KDMC - CMS/button_Add' is clicked on

2018-05-08 10:42:15 - [MESSAGE][PASSED] - Object: 'Object Repository/Schedule 11/Page_KDMC - CMS/button_Add' is clicked on

2018-05-08 10:42:15 - [TEST_STEP][PASSED] - selectOptionByIndex: All options with index in [11] are selected on object 'Object Repository/Schedule 11/Page_KDMC - CMS/select_--Select--Schedule 1Inj'

2018-05-08 10:42:15 - [MESSAGE][PASSED] - All options with index in [11] are selected on object 'Object Repository/Schedule 11/Page_KDMC - CMS/select_--Select--Schedule 1Inj'

2018-05-08 10:42:15 - [TEST_STEP][PASSED] - selectOptionByIndex: All options with index in [9] are selected on object 'Object Repository/Schedule 11/Page_KDMC - CMS/select_--Select--Advance E.C.G'

2018-05-08 10:42:16 - [MESSAGE][PASSED] - All options with index in [9] are selected on object 'Object Repository/Schedule 11/Page_KDMC - CMS/select_--Select--Advance E.C.G'

2018-05-08 10:42:16 - [TEST_STEP][PASSED] - setText: Text '200' is set on object 'Object Repository/Schedule 11/Page_KDMC - CMS/input_txttreat'

2018-05-08 10:42:16 - [MESSAGE][PASSED] - Text '200' is set on object 'Object Repository/Schedule 11/Page_KDMC - CMS/input_txttreat'

2018-05-08 10:42:16 - [TEST_STEP][PASSED] - click: Object: 'Object Repository/Schedule 11/Page_KDMC - CMS/button_Add' is clicked on

2018-05-08 10:42:16 - [MESSAGE][PASSED] - Object: 'Object Repository/Schedule 11/Page_KDMC - CMS/button_Add' is clicked on

2018-05-08 10:42:16 - [TEST_STEP][PASSED] - selectOptionByIndex: All options with index in [11] are selected on object 'Object Repository/Schedule 11/Page_KDMC - CMS/select_--Select--Schedule 1Inj'

2018-05-08 10:42:16 - [MESSAGE][PASSED] - All options with index in [11] are selected on object 'Object Repository/Schedule 11/Page_KDMC - CMS/select_--Select--Schedule 1Inj'

2018-05-08 10:42:16 - [TEST_STEP][PASSED] - selectOptionByIndex: All options with index in [10] are selected on object 'Object Repository/Schedule 11/Page_KDMC - CMS/select_--Select--Advance E.C.G'

2018-05-08 10:42:17 - [MESSAGE][PASSED] - All options with index in [10] are selected on object 'Object Repository/Schedule 11/Page_KDMC - CMS/select_--Select--Advance E.C.G'

2018-05-08 10:42:17 - [TEST_STEP][PASSED] - setText: Text '200' is set on object 'Object Repository/Schedule 11/Page_KDMC - CMS/input_txttreat'

2018-05-08 10:42:17 - [MESSAGE][PASSED] - Text '200' is set on object 'Object Repository/Schedule 11/Page_KDMC - CMS/input_txttreat'

2018-05-08 10:42:17 - [TEST_STEP][PASSED] - click: Object: 'Object Repository/Schedule 11/Page_KDMC - CMS/button_Add' is clicked on

2018-05-08 10:42:17 - [MESSAGE][PASSED] - Object: 'Object Repository/Schedule 11/Page_KDMC - CMS/button_Add' is clicked on

2018-05-08 10:42:17 - [TEST_STEP][PASSED] - selectOptionByIndex: All options with index in [11] are selected on object 'Object Repository/Schedule 11/Page_KDMC - CMS/select_--Select--Schedule 1Inj'

2018-05-08 10:42:17 - [MESSAGE][PASSED] - All options with index in [11] are selected on object 'Object Repository/Schedule 11/Page_KDMC - CMS/select_--Select--Schedule 1Inj'

2018-05-08 10:42:17 - [TEST_STEP][PASSED] - selectOptionByIndex: All options with index in [11] are selected on object 'Object Repository/Schedule 11/Page_KDMC - CMS/select_--Select--Advance E.C.G'

2018-05-08 10:42:18 - [MESSAGE][PASSED] - All options with index in [11] are selected on object 'Object Repository/Schedule 11/Page_KDMC - CMS/select_--Select--Advance E.C.G'

2018-05-08 10:42:18 - [TEST_STEP][PASSED] - setText: Text '200' is set on object 'Object Repository/Schedule 11/Page_KDMC - CMS/input_txttreat'

2018-05-08 10:42:18 - [MESSAGE][PASSED] - Text '200' is set on object 'Object Repository/Schedule 11/Page_KDMC - CMS/input_txttreat'

2018-05-08 10:42:18 - [TEST_STEP][PASSED] - click: Object: 'Object Repository/Schedule 11/Page_KDMC - CMS/button_Add' is clicked on

2018-05-08 10:42:18 - [MESSAGE][PASSED] - Object: 'Object Repository/Schedule 11/Page_KDMC - CMS/button_Add' is clicked on

2018-05-08 10:42:18 - [TEST_STEP][PASSED] - selectOptionByIndex: All options with index in [11] are selected on object 'Object Repository/Schedule 11/Page_KDMC - CMS/select_--Select--Schedule 1Inj'

2018-05-08 10:42:18 - [MESSAGE][PASSED] - All options with index in [11] are selected on object 'Object Repository/Schedule 11/Page_KDMC - CMS/select_--Select--Schedule 1Inj'

2018-05-08 10:42:18 - [TEST_STEP][PASSED] - selectOptionByIndex: All options with index in [12] are selected on object 'Object Repository/Schedule 11/Page_KDMC - CMS/select_--Select--Advance E.C.G'

2018-05-08 10:42:19 - [MESSAGE][PASSED] - All options with index in [12] are selected on object 'Object Repository/Schedule 11/Page_KDMC - CMS/select_--Select--Advance E.C.G'

2018-05-08 10:42:19 - [TEST_STEP][PASSED] - setText: Text '200' is set on object 'Object Repository/Schedule 11/Page_KDMC - CMS/input_txttreat'

2018-05-08 10:42:19 - [MESSAGE][PASSED] - Text '200' is set on object 'Object Repository/Schedule 11/Page_KDMC - CMS/input_txttreat'

2018-05-08 10:42:19 - [TEST_STEP][PASSED] - click: Object: 'Object Repository/Schedule 11/Page_KDMC - CMS/button_Add' is clicked on

2018-05-08 10:42:19 - [MESSAGE][PASSED] - Object: 'Object Repository/Schedule 11/Page_KDMC - CMS/button_Add' is clicked on

2018-05-08 10:42:19 - [TEST_STEP][PASSED] - selectOptionByIndex: All options with index in [11] are selected on object 'Object Repository/Schedule 11/Page_KDMC - CMS/select_--Select--Schedule 1Inj'

2018-05-08 10:42:20 - [MESSAGE][PASSED] - All options with index in [11] are selected on object 'Object Repository/Schedule 11/Page_KDMC - CMS/select_--Select--Schedule 1Inj'

2018-05-08 10:42:20 - [TEST_STEP][PASSED] - selectOptionByIndex: All options with index in [13] are selected on object 'Object Repository/Schedule 11/Page_KDMC - CMS/select_--Select--Advance E.C.G'

2018-05-08 10:42:20 - [MESSAGE][PASSED] - All options with index in [13] are selected on object 'Object Repository/Schedule 11/Page_KDMC - CMS/select_--Select--Advance E.C.G'

2018-05-08 10:42:20 - [TEST_STEP][PASSED] - setText: Text '200' is set on object 'Object Repository/Schedule 11/Page_KDMC - CMS/input_txttreat'

2018-05-08 10:42:20 - [MESSAGE][PASSED] - Text '200' is set on object 'Object Repository/Schedule 11/Page_KDMC - CMS/input_txttreat'

2018-05-08 10:42:20 - [TEST_STEP][PASSED] - click: Object: 'Object Repository/Schedule 11/Page_KDMC - CMS/button_Add' is clicked on

2018-05-08 10:42:21 - [MESSAGE][PASSED] - Object: 'Object Repository/Schedule 11/Page_KDMC - CMS/button_Add' is clicked on

2018-05-08 10:42:21 - [TEST_STEP][PASSED] - selectOptionByIndex: All options with index in [11] are selected on object 'Object Repository/Schedule 11/Page_KDMC - CMS/select_--Select--Schedule 1Inj'

2018-05-08 10:42:21 - [MESSAGE][PASSED] - All options with index in [11] are selected on object 'Object Repository/Schedule 11/Page_KDMC - CMS/select_--Select--Schedule 1Inj'

2018-05-08 10:42:21 - [TEST_STEP][PASSED] - selectOptionByIndex: All options with index in [14] are selected on object 'Object Repository/Schedule 11/Page_KDMC - CMS/select_--Select--Advance E.C.G'

2018-05-08 10:42:21 - [MESSAGE][PASSED] - All options with index in [14] are selected on object 'Object Repository/Schedule 11/Page_KDMC - CMS/select_--Select--Advance E.C.G'

2018-05-08 10:42:21 - [TEST_STEP][PASSED] - setText: Text '200' is set on object 'Object Repository/Schedule 11/Page_KDMC - CMS/input_txttreat'

2018-05-08 10:42:22 - [MESSAGE][PASSED] - Text '200' is set on object 'Object Repository/Schedule 11/Page_KDMC - CMS/input_txttreat'

2018-05-08 10:42:22 - [TEST_STEP][PASSED] - click: Object: 'Object Repository/Schedule 11/Page_KDMC - CMS/button_Add' is clicked on

2018-05-08 10:42:22 - [MESSAGE][PASSED] - Object: 'Object Repository/Schedule 11/Page_KDMC - CMS/button_Add' is clicked on

2018-05-08 10:42:22 - [TEST_STEP][PASSED] - selectOptionByIndex: All options with index in [11] are selected on object 'Object Repository/Schedule 11/Page_KDMC - CMS/select_--Select--Schedule 1Inj'

2018-05-08 10:42:22 - [MESSAGE][PASSED] - All options with index in [11] are selected on object 'Object Repository/Schedule 11/Page_KDMC - CMS/select_--Select--Schedule 1Inj'

2018-05-08 10:42:22 - [TEST_STEP][PASSED] - selectOptionByIndex: All options with index in [15] are selected on object 'Object Repository/Schedule 11/Page_KDMC - CMS/select_--Select--Advance E.C.G'

2018-05-08 10:42:22 - [MESSAGE][PASSED] - All options with index in [15] are selected on object 'Object Repository/Schedule 11/Page_KDMC - CMS/select_--Select--Advance E.C.G'

2018-05-08 10:42:22 - [TEST_STEP][PASSED] - setText: Text '200' is set on object 'Object Repository/Schedule 11/Page_KDMC - CMS/input_txttreat'

2018-05-08 10:42:22 - [MESSAGE][PASSED] - Text '200' is set on object 'Object Repository/Schedule 11/Page_KDMC - CMS/input_txttreat'

2018-05-08 10:42:22 - [TEST_STEP][PASSED] - click: Object: 'Object Repository/Schedule 11/Page_KDMC - CMS/button_Add' is clicked on

2018-05-08 10:42:22 - [MESSAGE][PASSED] - Object: 'Object Repository/Schedule 11/Page_KDMC - CMS/button_Add' is clicked on

2018-05-08 10:42:22 - [TEST_STEP][PASSED] - selectOptionByIndex: All options with index in [11] are selected on object 'Object Repository/Schedule 11/Page_KDMC - CMS/select_--Select--Schedule 1Inj'

2018-05-08 10:42:22 - [MESSAGE][PASSED] - All options with index in [11] are selected on object 'Object Repository/Schedule 11/Page_KDMC - CMS/select_--Select--Schedule 1Inj'

2018-05-08 10:42:22 - [TEST_STEP][PASSED] - selectOptionByIndex: All options with index in [16] are selected on object 'Object Repository/Schedule 11/Page_KDMC - CMS/select_--Select--Advance E.C.G'

2018-05-08 10:42:23 - [MESSAGE][PASSED] - All options with index in [16] are selected on object 'Object Repository/Schedule 11/Page_KDMC - CMS/select_--Select--Advance E.C.G'

2018-05-08 10:42:23 - [TEST_STEP][PASSED] - setText: Text '200' is set on object 'Object Repository/Schedule 11/Page_KDMC - CMS/input_txttreat'

2018-05-08 10:42:23 - [MESSAGE][PASSED] - Text '200' is set on object 'Object Repository/Schedule 11/Page_KDMC - CMS/input_txttreat'

2018-05-08 10:42:23 - [TEST_STEP][PASSED] - click: Object: 'Object Repository/Schedule 11/Page_KDMC - CMS/button_Add' is clicked on

2018-05-08 10:42:23 - [MESSAGE][PASSED] - Object: 'Object Repository/Schedule 11/Page_KDMC - CMS/button_Add' is clicked on

2018-05-08 10:42:23 - [TEST_STEP][PASSED] - selectOptionByIndex: All options with index in [11] are selected on object 'Object Repository/Schedule 11/Page_KDMC - CMS/select_--Select--Schedule 1Inj'

2018-05-08 10:42:24 - [MESSAGE][PASSED] - All options with index in [11] are selected on object 'Object Repository/Schedule 11/Page_KDMC - CMS/select_--Select--Schedule 1Inj'

2018-05-08 10:42:24 - [TEST_STEP][PASSED] - selectOptionByIndex: All options with index in [17] are selected on object 'Object Repository/Schedule 11/Page_KDMC - CMS/select_--Select--Advance E.C.G'

2018-05-08 10:42:24 - [MESSAGE][PASSED] - All options with index in [17] are selected on object 'Object Repository/Schedule 11/Page_KDMC - CMS/select_--Select--Advance E.C.G'

2018-05-08 10:42:24 - [TEST_STEP][PASSED] - setText: Text '200' is set on object 'Object Repository/Schedule 11/Page_KDMC - CMS/input_txttreat'

2018-05-08 10:42:24 - [MESSAGE][PASSED] - Text '200' is set on object 'Object Repository/Schedule 11/Page_KDMC - CMS/input_txttreat'

2018-05-08 10:42:24 - [TEST_STEP][PASSED] - click: Object: 'Object Repository/Schedule 11/Page_KDMC - CMS/button_Add' is clicked on

2018-05-08 10:42:24 - [MESSAGE][PASSED] - Object: 'Object Repository/Schedule 11/Page_KDMC - CMS/button_Add' is clicked on

2018-05-08 10:42:24 - [TEST_STEP][PASSED] - selectOptionByIndex: All options with index in [11] are selected on object 'Object Repository/Schedule 11/Page_KDMC - CMS/select_--Select--Schedule 1Inj'

2018-05-08 10:42:25 - [MESSAGE][PASSED] - All options with index in [11] are selected on object 'Object Repository/Schedule 11/Page_KDMC - CMS/select_--Select--Schedule 1Inj'

2018-05-08 10:42:25 - [TEST_STEP][PASSED] - selectOptionByIndex: All options with index in [18] are selected on object 'Object Repository/Schedule 11/Page_KDMC - CMS/select_--Select--Advance E.C.G'

2018-05-08 10:42:26 - [MESSAGE][PASSED] - All options with index in [18] are selected on object 'Object Repository/Schedule 11/Page_KDMC - CMS/select_--Select--Advance E.C.G'

2018-05-08 10:42:26 - [TEST_STEP][PASSED] - setText: Text '200' is set on object 'Object Repository/Schedule 11/Page_KDMC - CMS/input_txttreat'

2018-05-08 10:42:26 - [MESSAGE][PASSED] - Text '200' is set on object 'Object Repository/Schedule 11/Page_KDMC - CMS/input_txttreat'

2018-05-08 10:42:26 - [TEST_STEP][PASSED] - click: Object: 'Object Repository/Schedule 11/Page_KDMC - CMS/button_Add' is clicked on

2018-05-08 10:42:26 - [MESSAGE][PASSED] - Object: 'Object Repository/Schedule 11/Page_KDMC - CMS/button_Add' is clicked on

2018-05-08 10:42:26 - [TEST_STEP][PASSED] - selectOptionByIndex: All options with index in [11] are selected on object 'Object Repository/Schedule 11/Page_KDMC - CMS/select_--Select--Schedule 1Inj'

2018-05-08 10:42:26 - [MESSAGE][PASSED] - All options with index in [11] are selected on object 'Object Repository/Schedule 11/Page_KDMC - CMS/select_--Select--Schedule 1Inj'

2018-05-08 10:42:26 - [TEST_STEP][PASSED] - selectOptionByIndex: All options with index in [19] are selected on object 'Object Repository/Schedule 11/Page_KDMC - CMS/select_--Select--Advance E.C.G'

2018-05-08 10:42:27 - [MESSAGE][PASSED] - All options with index in [19] are selected on object 'Object Repository/Schedule 11/Page_KDMC - CMS/select_--Select--Advance E.C.G'

2018-05-08 10:42:27 - [TEST_STEP][PASSED] - setText: Text '200' is set on object 'Object Repository/Schedule 11/Page_KDMC - CMS/input_txttreat'

2018-05-08 10:42:27 - [MESSAGE][PASSED] - Text '200' is set on object 'Object Repository/Schedule 11/Page_KDMC - CMS/input_txttreat'

2018-05-08 10:42:27 - [TEST_STEP][PASSED] - click: Object: 'Object Repository/Schedule 11/Page_KDMC - CMS/button_Add' is clicked on

2018-05-08 10:42:27 - [MESSAGE][PASSED] - Object: 'Object Repository/Schedule 11/Page_KDMC - CMS/button_Add' is clicked on

2018-05-08 10:42:27 - [TEST_STEP][PASSED] - selectOptionByIndex: All options with index in [11] are selected on object 'Object Repository/Schedule 11/Page_KDMC - CMS/select_--Select--Schedule 1Inj'

2018-05-08 10:42:27 - [MESSAGE][PASSED] - All options with index in [11] are selected on object 'Object Repository/Schedule 11/Page_KDMC - CMS/select_--Select--Schedule 1Inj'

2018-05-08 10:42:27 - [TEST_STEP][PASSED] - selectOptionByIndex: All options with index in [20] are selected on object 'Object Repository/Schedule 11/Page_KDMC - CMS/select_--Select--Advance E.C.G'

2018-05-08 10:42:28 - [MESSAGE][PASSED] - All options with index in [20] are selected on object 'Object Repository/Schedule 11/Page_KDMC - CMS/select_--Select--Advance E.C.G'

2018-05-08 10:42:28 - [TEST_STEP][PASSED] - setText: Text '200' is set on object 'Object Repository/Schedule 11/Page_KDMC - CMS/input_txttreat'

2018-05-08 10:42:28 - [MESSAGE][PASSED] - Text '200' is set on object 'Object Repository/Schedule 11/Page_KDMC - CMS/input_txttreat'

2018-05-08 10:42:28 - [TEST_STEP][PASSED] - click: Object: 'Object Repository/Schedule 11/Page_KDMC - CMS/button_Add' is clicked on

2018-05-08 10:42:28 - [MESSAGE][PASSED] - Object: 'Object Repository/Schedule 11/Page_KDMC - CMS/button_Add' is clicked on

2018-05-08 10:42:28 - [TEST_STEP][PASSED] - selectOptionByIndex: All options with index in [11] are selected on object 'Object Repository/Schedule 11/Page_KDMC - CMS/select_--Select--Schedule 1Inj'

2018-05-08 10:42:28 - [MESSAGE][PASSED] - All options with index in [11] are selected on object 'Object Repository/Schedule 11/Page_KDMC - CMS/select_--Select--Schedule 1Inj'

2018-05-08 10:42:28 - [TEST_STEP][PASSED] - selectOptionByIndex: All options with index in [21] are selected on object 'Object Repository/Schedule 11/Page_KDMC - CMS/select_--Select--Advance E.C.G'

2018-05-08 10:42:29 - [MESSAGE][PASSED] - All options with index in [21] are selected on object 'Object Repository/Schedule 11/Page_KDMC - CMS/select_--Select--Advance E.C.G'

2018-05-08 10:42:29 - [TEST_STEP][PASSED] - setText: Text '200' is set on object 'Object Repository/Schedule 11/Page_KDMC - CMS/input_txttreat'

2018-05-08 10:42:29 - [MESSAGE][PASSED] - Text '200' is set on object 'Object Repository/Schedule 11/Page_KDMC - CMS/input_txttreat'

2018-05-08 10:42:29 - [TEST_STEP][PASSED] - click: Object: 'Object Repository/Schedule 11/Page_KDMC - CMS/button_Add' is clicked on

2018-05-08 10:42:29 - [MESSAGE][PASSED] - Object: 'Object Repository/Schedule 11/Page_KDMC - CMS/button_Add' is clicked on

2018-05-08 10:42:29 - [TEST_STEP][PASSED] - selectOptionByIndex: All options with index in [11] are selected on object 'Object Repository/Schedule 11/Page_KDMC - CMS/select_--Select--Schedule 1Inj'

2018-05-08 10:42:30 - [MESSAGE][PASSED] - All options with index in [11] are selected on object 'Object Repository/Schedule 11/Page_KDMC - CMS/select_--Select--Schedule 1Inj'

2018-05-08 10:42:30 - [TEST_STEP][PASSED] - selectOptionByIndex: All options with index in [22] are selected on object 'Object Repository/Schedule 11/Page_KDMC - CMS/select_--Select--Advance E.C.G'

2018-05-08 10:42:30 - [MESSAGE][PASSED] - All options with index in [22] are selected on object 'Object Repository/Schedule 11/Page_KDMC - CMS/select_--Select--Advance E.C.G'

2018-05-08 10:42:30 - [TEST_STEP][PASSED] - setText: Text '200' is set on object 'Object Repository/Schedule 11/Page_KDMC - CMS/input_txttreat'

2018-05-08 10:42:30 - [MESSAGE][PASSED] - Text '200' is set on object 'Object Repository/Schedule 11/Page_KDMC - CMS/input_txttreat'

2018-05-08 10:42:30 - [TEST_STEP][PASSED] - click: Object: 'Object Repository/Schedule 11/Page_KDMC - CMS/button_Add' is clicked on

2018-05-08 10:42:31 - [MESSAGE][PASSED] - Object: 'Object Repository/Schedule 11/Page_KDMC - CMS/button_Add' is clicked on

2018-05-08 10:42:31 - [TEST_STEP][PASSED] - selectOptionByIndex: All options with index in [11] are selected on object 'Object Repository/Schedule 11/Page_KDMC - CMS/select_--Select--Schedule 1Inj'

2018-05-08 10:42:31 - [MESSAGE][PASSED] - All options with index in [11] are selected on object 'Object Repository/Schedule 11/Page_KDMC - CMS/select_--Select--Schedule 1Inj'

2018-05-08 10:42:31 - [TEST_STEP][PASSED] - selectOptionByIndex: All options with index in [23] are selected on object 'Object Repository/Schedule 11/Page_KDMC - CMS/select_--Select--Advance E.C.G'

2018-05-08 10:42:32 - [MESSAGE][PASSED] - All options with index in [23] are selected on object 'Object Repository/Schedule 11/Page_KDMC - CMS/select_--Select--Advance E.C.G'

2018-05-08 10:42:32 - [TEST_STEP][PASSED] - setText: Text '200' is set on object 'Object Repository/Schedule 11/Page_KDMC - CMS/input_txttreat'

2018-05-08 10:42:32 - [MESSAGE][PASSED] - Text '200' is set on object 'Object Repository/Schedule 11/Page_KDMC - CMS/input_txttreat'

2018-05-08 10:42:32 - [TEST_STEP][PASSED] - click: Object: 'Object Repository/Schedule 11/Page_KDMC - CMS/button_Add' is clicked on

2018-05-08 10:42:32 - [MESSAGE][PASSED] - Object: 'Object Repository/Schedule 11/Page_KDMC - CMS/button_Add' is clicked on

2018-05-08 10:42:32 - [TEST_STEP][PASSED] - selectOptionByIndex: All options with index in [11] are selected on object 'Object Repository/Schedule 11/Page_KDMC - CMS/select_--Select--Schedule 1Inj'

2018-05-08 10:42:32 - [MESSAGE][PASSED] - All options with index in [11] are selected on object 'Object Repository/Schedule 11/Page_KDMC - CMS/select_--Select--Schedule 1Inj'

2018-05-08 10:42:32 - [TEST_STEP][PASSED] - selectOptionByIndex: All options with index in [24] are selected on object 'Object Repository/Schedule 11/Page_KDMC - CMS/select_--Select--Advance E.C.G'

2018-05-08 10:42:33 - [MESSAGE][PASSED] - All options with index in [24] are selected on object 'Object Repository/Schedule 11/Page_KDMC - CMS/select_--Select--Advance E.C.G'

2018-05-08 10:42:33 - [TEST_STEP][PASSED] - setText: Text '200' is set on object 'Object Repository/Schedule 11/Page_KDMC - CMS/input_txttreat'

2018-05-08 10:42:33 - [MESSAGE][PASSED] - Text '200' is set on object 'Object Repository/Schedule 11/Page_KDMC - CMS/input_txttreat'

2018-05-08 10:42:33 - [TEST_STEP][PASSED] - click: Object: 'Object Repository/Schedule 11/Page_KDMC - CMS/button_Add' is clicked on

2018-05-08 10:42:33 - [MESSAGE][PASSED] - Object: 'Object Repository/Schedule 11/Page_KDMC - CMS/button_Add' is clicked on

2018-05-08 10:42:33 - [TEST_STEP][PASSED] - selectOptionByIndex: All options with index in [11] are selected on object 'Object Repository/Schedule 11/Page_KDMC - CMS/select_--Select--Schedule 1Inj'

2018-05-08 10:42:33 - [MESSAGE][PASSED] - All options with index in [11] are selected on object 'Object Repository/Schedule 11/Page_KDMC - CMS/select_--Select--Schedule 1Inj'

2018-05-08 10:42:33 - [TEST_STEP][PASSED] - selectOptionByIndex: All options with index in [25] are selected on object 'Object Repository/Schedule 11/Page_KDMC - CMS/select_--Select--Advance E.C.G'

2018-05-08 10:42:34 - [MESSAGE][PASSED] - All options with index in [25] are selected on object 'Object Repository/Schedule 11/Page_KDMC - CMS/select_--Select--Advance E.C.G'

2018-05-08 10:42:34 - [TEST_STEP][PASSED] - setText: Text '200' is set on object 'Object Repository/Schedule 11/Page_KDMC - CMS/input_txttreat'

2018-05-08 10:42:34 - [MESSAGE][PASSED] - Text '200' is set on object 'Object Repository/Schedule 11/Page_KDMC - CMS/input_txttreat'

2018-05-08 10:42:34 - [TEST_STEP][PASSED] - click: Object: 'Object Repository/Schedule 11/Page_KDMC - CMS/button_Add' is clicked on

2018-05-08 10:42:34 - [MESSAGE][PASSED] - Object: 'Object Repository/Schedule 11/Page_KDMC - CMS/button_Add' is clicked on

2018-05-08 10:42:34 - [TEST_STEP][PASSED] - selectOptionByIndex: All options with index in [11] are selected on object 'Object Repository/Schedule 11/Page_KDMC - CMS/select_--Select--Schedule 1Inj'

2018-05-08 10:42:34 - [MESSAGE][PASSED] - All options with index in [11] are selected on object 'Object Repository/Schedule 11/Page_KDMC - CMS/select_--Select--Schedule 1Inj'

2018-05-08 10:42:34 - [TEST_STEP][PASSED] - selectOptionByIndex: All options with index in [26] are selected on object 'Object Repository/Schedule 11/Page_KDMC - CMS/select_--Select--Advance E.C.G'

2018-05-08 10:42:35 - [MESSAGE][PASSED] - All options with index in [26] are selected on object 'Object Repository/Schedule 11/Page_KDMC - CMS/select_--Select--Advance E.C.G'

2018-05-08 10:42:35 - [TEST_STEP][PASSED] - setText: Text '200' is set on object 'Object Repository/Schedule 11/Page_KDMC - CMS/input_txttreat'

2018-05-08 10:42:35 - [MESSAGE][PASSED] - Text '200' is set on object 'Object Repository/Schedule 11/Page_KDMC - CMS/input_txttreat'

2018-05-08 10:42:35 - [TEST_STEP][PASSED] - click: Object: 'Object Repository/Schedule 11/Page_KDMC - CMS/button_Add' is clicked on

2018-05-08 10:42:35 - [MESSAGE][PASSED] - Object: 'Object Repository/Schedule 11/Page_KDMC - CMS/button_Add' is clicked on

2018-05-08 10:42:35 - [TEST_STEP][PASSED] - selectOptionByIndex: All options with index in [11] are selected on object 'Object Repository/Schedule 11/Page_KDMC - CMS/select_--Select--Schedule 1Inj'

2018-05-08 10:42:36 - [MESSAGE][PASSED] - All options with index in [11] are selected on object 'Object Repository/Schedule 11/Page_KDMC - CMS/select_--Select--Schedule 1Inj'

2018-05-08 10:42:36 - [TEST_STEP][PASSED] - selectOptionByIndex: All options with index in [27] are selected on object 'Object Repository/Schedule 11/Page_KDMC - CMS/select_--Select--Advance E.C.G'

2018-05-08 10:42:36 - [MESSAGE][PASSED] - All options with index in [27] are selected on object 'Object Repository/Schedule 11/Page_KDMC - CMS/select_--Select--Advance E.C.G'

2018-05-08 10:42:36 - [TEST_STEP][PASSED] - setText: Text '200' is set on object 'Object Repository/Schedule 11/Page_KDMC - CMS/input_txttreat'

2018-05-08 10:42:37 - [MESSAGE][PASSED] - Text '200' is set on object 'Object Repository/Schedule 11/Page_KDMC - CMS/input_txttreat'

2018-05-08 10:42:37 - [TEST_STEP][PASSED] - click: Object: 'Object Repository/Schedule 11/Page_KDMC - CMS/button_Add' is clicked on

2018-05-08 10:42:37 - [MESSAGE][PASSED] - Object: 'Object Repository/Schedule 11/Page_KDMC - CMS/button_Add' is clicked on

2018-05-08 10:42:37 - [TEST_STEP][PASSED] - selectOptionByIndex: All options with index in [11] are selected on object 'Object Repository/Schedule 11/Page_KDMC - CMS/select_--Select--Schedule 1Inj'

2018-05-08 10:42:37 - [MESSAGE][PASSED] - All options with index in [11] are selected on object 'Object Repository/Schedule 11/Page_KDMC - CMS/select_--Select--Schedule 1Inj'

2018-05-08 10:42:37 - [TEST_STEP][PASSED] - selectOptionByIndex: All options with index in [28] are selected on object 'Object Repository/Schedule 11/Page_KDMC - CMS/select_--Select--Advance E.C.G'

2018-05-08 10:42:38 - [MESSAGE][PASSED] - All options with index in [28] are selected on object 'Object Repository/Schedule 11/Page_KDMC - CMS/select_--Select--Advance E.C.G'

2018-05-08 10:42:38 - [TEST_STEP][PASSED] - setText: Text '200' is set on object 'Object Repository/Schedule 11/Page_KDMC - CMS/input_txttreat'

2018-05-08 10:42:38 - [MESSAGE][PASSED] - Text '200' is set on object 'Object Repository/Schedule 11/Page_KDMC - CMS/input_txttreat'

2018-05-08 10:42:38 - [TEST_STEP][PASSED] - click: Object: 'Object Repository/Schedule 11/Page_KDMC - CMS/button_Add' is clicked on

2018-05-08 10:42:38 - [MESSAGE][PASSED] - Object: 'Object Repository/Schedule 11/Page_KDMC - CMS/button_Add' is clicked on

2018-05-08 10:42:38 - [TEST_STEP][PASSED] - selectOptionByIndex: All options with index in [11] are selected on object 'Object Repository/Schedule 11/Page_KDMC - CMS/select_--Select--Schedule 1Inj'

2018-05-08 10:42:38 - [MESSAGE][PASSED] - All options with index in [11] are selected on object 'Object Repository/Schedule 11/Page_KDMC - CMS/select_--Select--Schedule 1Inj'

2018-05-08 10:42:38 - [TEST_STEP][PASSED] - selectOptionByIndex: All options with index in [29] are selected on object 'Object Repository/Schedule 11/Page_KDMC - CMS/select_--Select--Advance E.C.G'

2018-05-08 10:42:39 - [MESSAGE][PASSED] - All options with index in [29] are selected on object 'Object Repository/Schedule 11/Page_KDMC - CMS/select_--Select--Advance E.C.G'

2018-05-08 10:42:39 - [TEST_STEP][PASSED] - setText: Text '200' is set on object 'Object Repository/Schedule 11/Page_KDMC - CMS/input_txttreat'

2018-05-08 10:42:39 - [MESSAGE][PASSED] - Text '200' is set on object 'Object Repository/Schedule 11/Page_KDMC - CMS/input_txttreat'

2018-05-08 10:42:39 - [TEST_STEP][PASSED] - click: Object: 'Object Repository/Schedule 11/Page_KDMC - CMS/button_Add' is clicked on

2018-05-08 10:42:39 - [MESSAGE][PASSED] - Object: 'Object Repository/Schedule 11/Page_KDMC - CMS/button_Add' is clicked on

2018-05-08 10:42:39 - [TEST_STEP][PASSED] - selectOptionByIndex: All options with index in [11] are selected on object 'Object Repository/Schedule 11/Page_KDMC - CMS/select_--Select--Schedule 1Inj'

2018-05-08 10:42:39 - [MESSAGE][PASSED] - All options with index in [11] are selected on object 'Object Repository/Schedule 11/Page_KDMC - CMS/select_--Select--Schedule 1Inj'

2018-05-08 10:42:39 - [TEST_STEP][PASSED] - selectOptionByIndex: All options with index in [30] are selected on object 'Object Repository/Schedule 11/Page_KDMC - CMS/select_--Select--Advance E.C.G'

2018-05-08 10:42:40 - [MESSAGE][PASSED] - All options with index in [30] are selected on object 'Object Repository/Schedule 11/Page_KDMC - CMS/select_--Select--Advance E.C.G'

2018-05-08 10:42:40 - [TEST_STEP][PASSED] - setText: Text '200' is set on object 'Object Repository/Schedule 11/Page_KDMC - CMS/input_txttreat'

2018-05-08 10:42:40 - [MESSAGE][PASSED] - Text '200' is set on object 'Object Repository/Schedule 11/Page_KDMC - CMS/input_txttreat'

2018-05-08 10:42:40 - [TEST_STEP][PASSED] - click: Object: 'Object Repository/Schedule 11/Page_KDMC - CMS/button_Add' is clicked on

2018-05-08 10:42:40 - [MESSAGE][PASSED] - Object: 'Object Repository/Schedule 11/Page_KDMC - CMS/button_Add' is clicked on

2018-05-08 10:42:40 - [TEST_STEP][PASSED] - selectOptionByIndex: All options with index in [11] are selected on object 'Object Repository/Schedule 11/Page_KDMC - CMS/select_--Select--Schedule 1Inj'

2018-05-08 10:42:40 - [MESSAGE][PASSED] - All options with index in [11] are selected on object 'Object Repository/Schedule 11/Page_KDMC - CMS/select_--Select--Schedule 1Inj'

2018-05-08 10:42:40 - [TEST_STEP][PASSED] - selectOptionByIndex: All options with index in [31] are selected on object 'Object Repository/Schedule 11/Page_KDMC - CMS/select_--Select--Advance E.C.G'

2018-05-08 10:42:41 - [MESSAGE][PASSED] - All options with index in [31] are selected on object 'Object Repository/Schedule 11/Page_KDMC - CMS/select_--Select--Advance E.C.G'

2018-05-08 10:42:41 - [TEST_STEP][PASSED] - setText: Text '200' is set on object 'Object Repository/Schedule 11/Page_KDMC - CMS/input_txttreat'

2018-05-08 10:42:41 - [MESSAGE][PASSED] - Text '200' is set on object 'Object Repository/Schedule 11/Page_KDMC - CMS/input_txttreat'

2018-05-08 10:42:41 - [TEST_STEP][PASSED] - click: Object: 'Object Repository/Schedule 11/Page_KDMC - CMS/button_Add' is clicked on

2018-05-08 10:42:41 - [MESSAGE][PASSED] - Object: 'Object Repository/Schedule 11/Page_KDMC - CMS/button_Add' is clicked on

2018-05-08 10:42:41 - [TEST_STEP][PASSED] - selectOptionByIndex: All options with index in [11] are selected on object 'Object Repository/Schedule 11/Page_KDMC - CMS/select_--Select--Schedule 1Inj'

2018-05-08 10:42:41 - [MESSAGE][PASSED] - All options with index in [11] are selected on object 'Object Repository/Schedule 11/Page_KDMC - CMS/select_--Select--Schedule 1Inj'

2018-05-08 10:42:41 - [TEST_STEP][PASSED] - selectOptionByIndex: All options with index in [32] are selected on object 'Object Repository/Schedule 11/Page_KDMC - CMS/select_--Select--Advance E.C.G'

2018-05-08 10:42:42 - [MESSAGE][PASSED] - All options with index in [32] are selected on object 'Object Repository/Schedule 11/Page_KDMC - CMS/select_--Select--Advance E.C.G'

2018-05-08 10:42:42 - [TEST_STEP][PASSED] - setText: Text '200' is set on object 'Object Repository/Schedule 11/Page_KDMC - CMS/input_txttreat'

2018-05-08 10:42:43 - [MESSAGE][PASSED] - Text '200' is set on object 'Object Repository/Schedule 11/Page_KDMC - CMS/input_txttreat'

2018-05-08 10:42:43 - [TEST_STEP][PASSED] - click: Object: 'Object Repository/Schedule 11/Page_KDMC - CMS/button_Add' is clicked on

2018-05-08 10:42:43 - [MESSAGE][PASSED] - Object: 'Object Repository/Schedule 11/Page_KDMC - CMS/button_Add' is clicked on

2018-05-08 10:42:43 - [TEST_STEP][PASSED] - selectOptionByIndex: All options with index in [11] are selected on object 'Object Repository/Schedule 11/Page_KDMC - CMS/select_--Select--Schedule 1Inj'

2018-05-08 10:42:43 - [MESSAGE][PASSED] - All options with index in [11] are selected on object 'Object Repository/Schedule 11/Page_KDMC - CMS/select_--Select--Schedule 1Inj'

2018-05-08 10:42:43 - [TEST_STEP][PASSED] - selectOptionByIndex: All options with index in [33] are selected on object 'Object Repository/Schedule 11/Page_KDMC - CMS/select_--Select--Advance E.C.G'

2018-05-08 10:42:44 - [MESSAGE][PASSED] - All options with index in [33] are selected on object 'Object Repository/Schedule 11/Page_KDMC - CMS/select_--Select--Advance E.C.G'

2018-05-08 10:42:44 - [TEST_STEP][PASSED] - setText: Text '200' is set on object 'Object Repository/Schedule 11/Page_KDMC - CMS/input_txttreat'

2018-05-08 10:42:44 - [MESSAGE][PASSED] - Text '200' is set on object 'Object Repository/Schedule 11/Page_KDMC - CMS/input_txttreat'

2018-05-08 10:42:44 - [TEST_STEP][PASSED] - click: Object: 'Object Repository/Schedule 11/Page_KDMC - CMS/button_Add' is clicked on

2018-05-08 10:42:44 - [MESSAGE][PASSED] - Object: 'Object Repository/Schedule 11/Page_KDMC - CMS/button_Add' is clicked on

2018-05-08 10:42:44 - [TEST_STEP][PASSED] - selectOptionByIndex: All options with index in [11] are selected on object 'Object Repository/Schedule 11/Page_KDMC - CMS/select_--Select--Schedule 1Inj'

2018-05-08 10:42:44 - [MESSAGE][PASSED] - All options with index in [11] are selected on object 'Object Repository/Schedule 11/Page_KDMC - CMS/select_--Select--Schedule 1Inj'

2018-05-08 10:42:44 - [TEST_STEP][PASSED] - selectOptionByIndex: All options with index in [34] are selected on object 'Object Repository/Schedule 11/Page_KDMC - CMS/select_--Select--Advance E.C.G'

2018-05-08 10:42:45 - [MESSAGE][PASSED] - All options with index in [34] are selected on object 'Object Repository/Schedule 11/Page_KDMC - CMS/select_--Select--Advance E.C.G'

2018-05-08 10:42:45 - [TEST_STEP][PASSED] - setText: Text '200' is set on object 'Object Repository/Schedule 11/Page_KDMC - CMS/input_txttreat'

2018-05-08 10:42:45 - [MESSAGE][PASSED] - Text '200' is set on object 'Object Repository/Schedule 11/Page_KDMC - CMS/input_txttreat'

2018-05-08 10:42:45 - [TEST_STEP][PASSED] - click: Object: 'Object Repository/Schedule 11/Page_KDMC - CMS/button_Add' is clicked on

2018-05-08 10:42:45 - [MESSAGE][PASSED] - Object: 'Object Repository/Schedule 11/Page_KDMC - CMS/button_Add' is clicked on

2018-05-08 10:42:45 - [TEST_STEP][PASSED] - selectOptionByIndex: All options with index in [11] are selected on object 'Object Repository/Schedule 11/Page_KDMC - CMS/select_--Select--Schedule 1Inj'

2018-05-08 10:42:45 - [MESSAGE][PASSED] - All options with index in [11] are selected on object 'Object Repository/Schedule 11/Page_KDMC - CMS/select_--Select--Schedule 1Inj'

2018-05-08 10:42:45 - [TEST_STEP][PASSED] - selectOptionByIndex: All options with index in [35] are selected on object 'Object Repository/Schedule 11/Page_KDMC - CMS/select_--Select--Advance E.C.G'

2018-05-08 10:42:45 - [MESSAGE][PASSED] - All options with index in [35] are selected on object 'Object Repository/Schedule 11/Page_KDMC - CMS/select_--Select--Advance E.C.G'

2018-05-08 10:42:45 - [TEST_STEP][PASSED] - setText: Text '200' is set on object 'Object Repository/Schedule 11/Page_KDMC - CMS/input_txttreat'

2018-05-08 10:42:45 - [MESSAGE][PASSED] - Text '200' is set on object 'Object Repository/Schedule 11/Page_KDMC - CMS/input_txttreat'

2018-05-08 10:42:45 - [TEST_STEP][PASSED] - click: Object: 'Object Repository/Schedule 11/Page_KDMC - CMS/button_Add' is clicked on

2018-05-08 10:42:45 - [MESSAGE][PASSED] - Object: 'Object Repository/Schedule 11/Page_KDMC - CMS/button_Add' is clicked on

2018-05-08 10:42:45 - [TEST_STEP][PASSED] - selectOptionByIndex: All options with index in [11] are selected on object 'Object Repository/Schedule 11/Page_KDMC - CMS/select_--Select--Schedule 1Inj'

2018-05-08 10:42:46 - [MESSAGE][PASSED] - All options with index in [11] are selected on object 'Object Repository/Schedule 11/Page_KDMC - CMS/select_--Select--Schedule 1Inj'

2018-05-08 10:42:46 - [TEST_STEP][PASSED] - selectOptionByIndex: All options with index in [36] are selected on object 'Object Repository/Schedule 11/Page_KDMC - CMS/select_--Select--Advance E.C.G'

2018-05-08 10:42:47 - [MESSAGE][PASSED] - All options with index in [36] are selected on object 'Object Repository/Schedule 11/Page_KDMC - CMS/select_--Select--Advance E.C.G'

2018-05-08 10:42:47 - [TEST_STEP][PASSED] - setText: Text '200' is set on object 'Object Repository/Schedule 11/Page_KDMC - CMS/input_txttreat'

2018-05-08 10:42:47 - [MESSAGE][PASSED] - Text '200' is set on object 'Object Repository/Schedule 11/Page_KDMC - CMS/input_txttreat'

2018-05-08 10:42:47 - [TEST_STEP][PASSED] - click: Object: 'Object Repository/Schedule 11/Page_KDMC - CMS/button_Add' is clicked on

2018-05-08 10:42:47 - [MESSAGE][PASSED] - Object: 'Object Repository/Schedule 11/Page_KDMC - CMS/button_Add' is clicked on

2018-05-08 10:42:47 - [TEST_STEP][PASSED] - selectOptionByIndex: All options with index in [11] are selected on object 'Object Repository/Schedule 11/Page_KDMC - CMS/select_--Select--Schedule 1Inj'

2018-05-08 10:42:47 - [MESSAGE][PASSED] - All options with index in [11] are selected on object 'Object Repository/Schedule 11/Page_KDMC - CMS/select_--Select--Schedule 1Inj'

2018-05-08 10:42:47 - [TEST_STEP][PASSED] - selectOptionByIndex: All options with index in [37] are selected on object 'Object Repository/Schedule 11/Page_KDMC - CMS/select_--Select--Advance E.C.G'

2018-05-08 10:42:47 - [MESSAGE][PASSED] - All options with index in [37] are selected on object 'Object Repository/Schedule 11/Page_KDMC - CMS/select_--Select--Advance E.C.G'

2018-05-08 10:42:47 - [TEST_STEP][PASSED] - setText: Text '200' is set on object 'Object Repository/Schedule 11/Page_KDMC - CMS/input_txttreat'

2018-05-08 10:42:47 - [MESSAGE][PASSED] - Text '200' is set on object 'Object Repository/Schedule 11/Page_KDMC - CMS/input_txttreat'

2018-05-08 10:42:47 - [TEST_STEP][PASSED] - click: Object: 'Object Repository/Schedule 11/Page_KDMC - CMS/button_Add' is clicked on

2018-05-08 10:42:48 - [MESSAGE][PASSED] - Object: 'Object Repository/Schedule 11/Page_KDMC - CMS/button_Add' is clicked on

2018-05-08 10:42:48 - [TEST_STEP][PASSED] - selectOptionByIndex: All options with index in [11] are selected on object 'Object Repository/Schedule 11/Page_KDMC - CMS/select_--Select--Schedule 1Inj'

2018-05-08 10:42:48 - [MESSAGE][PASSED] - All options with index in [11] are selected on object 'Object Repository/Schedule 11/Page_KDMC - CMS/select_--Select--Schedule 1Inj'

2018-05-08 10:42:48 - [TEST_STEP][PASSED] - selectOptionByIndex: All options with index in [38] are selected on object 'Object Repository/Schedule 11/Page_KDMC - CMS/select_--Select--Advance E.C.G'

2018-05-08 10:42:49 - [MESSAGE][PASSED] - All options with index in [38] are selected on object 'Object Repository/Schedule 11/Page_KDMC - CMS/select_--Select--Advance E.C.G'

2018-05-08 10:42:49 - [TEST_STEP][PASSED] - setText: Text '200' is set on object 'Object Repository/Schedule 11/Page_KDMC - CMS/input_txttreat'

2018-05-08 10:42:49 - [MESSAGE][PASSED] - Text '200' is set on object 'Object Repository/Schedule 11/Page_KDMC - CMS/input_txttreat'

2018-05-08 10:42:49 - [TEST_STEP][PASSED] - click: Object: 'Object Repository/Schedule 11/Page_KDMC - CMS/button_Add' is clicked on

2018-05-08 10:42:49 - [MESSAGE][PASSED] - Object: 'Object Repository/Schedule 11/Page_KDMC - CMS/button_Add' is clicked on

2018-05-08 10:42:49 - [TEST_STEP][PASSED] - selectOptionByIndex: All options with index in [11] are selected on object 'Object Repository/Schedule 11/Page_KDMC - CMS/select_--Select--Schedule 1Inj'

2018-05-08 10:42:49 - [MESSAGE][PASSED] - All options with index in [11] are selected on object 'Object Repository/Schedule 11/Page_KDMC - CMS/select_--Select--Schedule 1Inj'

2018-05-08 10:42:49 - [TEST_STEP][PASSED] - selectOptionByIndex: All options with index in [39] are selected on object 'Object Repository/Schedule 11/Page_KDMC - CMS/select_--Select--Advance E.C.G'

2018-05-08 10:42:50 - [MESSAGE][PASSED] - All options with index in [39] are selected on object 'Object Repository/Schedule 11/Page_KDMC - CMS/select_--Select--Advance E.C.G'

2018-05-08 10:42:50 - [TEST_STEP][PASSED] - setText: Text '200' is set on object 'Object Repository/Schedule 11/Page_KDMC - CMS/input_txttreat'

2018-05-08 10:42:50 - [MESSAGE][PASSED] - Text '200' is set on object 'Object Repository/Schedule 11/Page_KDMC - CMS/input_txttreat'

2018-05-08 10:42:50 - [TEST_STEP][PASSED] - click: Object: 'Object Repository/Schedule 11/Page_KDMC - CMS/button_Add' is clicked on

2018-05-08 10:42:50 - [MESSAGE][PASSED] - Object: 'Object Repository/Schedule 11/Page_KDMC - CMS/button_Add' is clicked on

2018-05-08 10:42:50 - [TEST_STEP][PASSED] - selectOptionByIndex: All options with index in [11] are selected on object 'Object Repository/Schedule 11/Page_KDMC - CMS/select_--Select--Schedule 1Inj'

2018-05-08 10:42:50 - [MESSAGE][PASSED] - All options with index in [11] are selected on object 'Object Repository/Schedule 11/Page_KDMC - CMS/select_--Select--Schedule 1Inj'

2018-05-08 10:42:50 - [TEST_STEP][PASSED] - selectOptionByIndex: All options with index in [40] are selected on object 'Object Repository/Schedule 11/Page_KDMC - CMS/select_--Select--Advance E.C.G'

2018-05-08 10:42:50 - [MESSAGE][PASSED] - All options with index in [40] are selected on object 'Object Repository/Schedule 11/Page_KDMC - CMS/select_--Select--Advance E.C.G'

2018-05-08 10:42:50 - [TEST_STEP][PASSED] - setText: Text '200' is set on object 'Object Repository/Schedule 11/Page_KDMC - CMS/input_txttreat'

2018-05-08 10:42:50 - [MESSAGE][PASSED] - Text '200' is set on object 'Object Repository/Schedule 11/Page_KDMC - CMS/input_txttreat'

2018-05-08 10:42:50 - [TEST_STEP][PASSED] - click: Object: 'Object Repository/Schedule 11/Page_KDMC - CMS/button_Add' is clicked on

2018-05-08 10:42:51 - [MESSAGE][PASSED] - Object: 'Object Repository/Schedule 11/Page_KDMC - CMS/button_Add' is clicked on

2018-05-08 10:42:51 - [TEST_STEP][PASSED] - selectOptionByIndex: All options with index in [11] are selected on object 'Object Repository/Schedule 11/Page_KDMC - CMS/select_--Select--Schedule 1Inj'

2018-05-08 10:42:51 - [MESSAGE][PASSED] - All options with index in [11] are selected on object 'Object Repository/Schedule 11/Page_KDMC - CMS/select_--Select--Schedule 1Inj'

2018-05-08 10:42:51 - [TEST_STEP][PASSED] - selectOptionByIndex: All options with index in [41] are selected on object 'Object Repository/Schedule 11/Page_KDMC - CMS/select_--Select--Advance E.C.G'

2018-05-08 10:42:52 - [MESSAGE][PASSED] - All options with index in [41] are selected on object 'Object Repository/Schedule 11/Page_KDMC - CMS/select_--Select--Advance E.C.G'

2018-05-08 10:42:52 - [TEST_STEP][PASSED] - setText: Text '200' is set on object 'Object Repository/Schedule 11/Page_KDMC - CMS/input_txttreat'

2018-05-08 10:42:52 - [MESSAGE][PASSED] - Text '200' is set on object 'Object Repository/Schedule 11/Page_KDMC - CMS/input_txttreat'

2018-05-08 10:42:52 - [TEST_STEP][PASSED] - click: Object: 'Object Repository/Schedule 11/Page_KDMC - CMS/button_Add' is clicked on

2018-05-08 10:42:52 - [MESSAGE][PASSED] - Object: 'Object Repository/Schedule 11/Page_KDMC - CMS/button_Add' is clicked on

2018-05-08 10:42:52 - [TEST_STEP][PASSED] - selectOptionByIndex: All options with index in [11] are selected on object 'Object Repository/Schedule 11/Page_KDMC - CMS/select_--Select--Schedule 1Inj'

2018-05-08 10:42:52 - [MESSAGE][PASSED] - All options with index in [11] are selected on object 'Object Repository/Schedule 11/Page_KDMC - CMS/select_--Select--Schedule 1Inj'

2018-05-08 10:42:52 - [TEST_STEP][PASSED] - selectOptionByIndex: All options with index in [42] are selected on object 'Object Repository/Schedule 11/Page_KDMC - CMS/select_--Select--Advance E.C.G'

2018-05-08 10:42:53 - [MESSAGE][PASSED] - All options with index in [42] are selected on object 'Object Repository/Schedule 11/Page_KDMC - CMS/select_--Select--Advance E.C.G'

2018-05-08 10:42:53 - [TEST_STEP][PASSED] - setText: Text '200' is set on object 'Object Repository/Schedule 11/Page_KDMC - CMS/input_txttreat'

2018-05-08 10:42:53 - [MESSAGE][PASSED] - Text '200' is set on object 'Object Repository/Schedule 11/Page_KDMC - CMS/input_txttreat'

2018-05-08 10:42:53 - [TEST_STEP][PASSED] - click: Object: 'Object Repository/Schedule 11/Page_KDMC - CMS/button_Add' is clicked on

2018-05-08 10:42:53 - [MESSAGE][PASSED] - Object: 'Object Repository/Schedule 11/Page_KDMC - CMS/button_Add' is clicked on

2018-05-08 10:42:53 - [TEST_STEP][PASSED] - selectOptionByIndex: All options with index in [11] are selected on object 'Object Repository/Schedule 11/Page_KDMC - CMS/select_--Select--Schedule 1Inj'

2018-05-08 10:42:54 - [MESSAGE][PASSED] - All options with index in [11] are selected on object 'Object Repository/Schedule 11/Page_KDMC - CMS/select_--Select--Schedule 1Inj'

2018-05-08 10:42:54 - [TEST_STEP][PASSED] - selectOptionByIndex: All options with index in [43] are selected on object 'Object Repository/Schedule 11/Page_KDMC - CMS/select_--Select--Advance E.C.G'

2018-05-08 10:42:55 - [MESSAGE][PASSED] - All options with index in [43] are selected on object 'Object Repository/Schedule 11/Page_KDMC - CMS/select_--Select--Advance E.C.G'

2018-05-08 10:42:55 - [TEST_STEP][PASSED] - setText: Text '200' is set on object 'Object Repository/Schedule 11/Page_KDMC - CMS/input_txttreat'

2018-05-08 10:42:55 - [MESSAGE][PASSED] - Text '200' is set on object 'Object Repository/Schedule 11/Page_KDMC - CMS/input_txttreat'

2018-05-08 10:42:55 - [TEST_STEP][PASSED] - click: Object: 'Object Repository/Schedule 11/Page_KDMC - CMS/button_Add' is clicked on

2018-05-08 10:42:55 - [MESSAGE][PASSED] - Object: 'Object Repository/Schedule 11/Page_KDMC - CMS/button_Add' is clicked on

2018-05-08 10:42:55 - [TEST_STEP][PASSED] - selectOptionByIndex: All options with index in [11] are selected on object 'Object Repository/Schedule 11/Page_KDMC - CMS/select_--Select--Schedule 1Inj'

2018-05-08 10:42:55 - [MESSAGE][PASSED] - All options with index in [11] are selected on object 'Object Repository/Schedule 11/Page_KDMC - CMS/select_--Select--Schedule 1Inj'

2018-05-08 10:42:55 - [TEST_STEP][PASSED] - selectOptionByIndex: All options with index in [44] are selected on object 'Object Repository/Schedule 11/Page_KDMC - CMS/select_--Select--Advance E.C.G'

2018-05-08 10:42:56 - [MESSAGE][PASSED] - All options with index in [44] are selected on object 'Object Repository/Schedule 11/Page_KDMC - CMS/select_--Select--Advance E.C.G'

2018-05-08 10:42:56 - [TEST_STEP][PASSED] - setText: Text '200' is set on object 'Object Repository/Schedule 11/Page_KDMC - CMS/input_txttreat'

2018-05-08 10:42:56 - [MESSAGE][PASSED] - Text '200' is set on object 'Object Repository/Schedule 11/Page_KDMC - CMS/input_txttreat'

2018-05-08 10:42:56 - [TEST_STEP][PASSED] - click: Object: 'Object Repository/Schedule 11/Page_KDMC - CMS/button_Add' is clicked on

2018-05-08 10:42:56 - [MESSAGE][PASSED] - Object: 'Object Repository/Schedule 11/Page_KDMC - CMS/button_Add' is clicked on

2018-05-08 10:42:56 - [TEST_STEP][PASSED] - selectOptionByIndex: All options with index in [11] are selected on object 'Object Repository/Schedule 11/Page_KDMC - CMS/select_--Select--Schedule 1Inj'

2018-05-08 10:42:56 - [MESSAGE][PASSED] - All options with index in [11] are selected on object 'Object Repository/Schedule 11/Page_KDMC - CMS/select_--Select--Schedule 1Inj'

2018-05-08 10:42:56 - [TEST_STEP][PASSED] - selectOptionByIndex: All options with index in [45] are selected on object 'Object Repository/Schedule 11/Page_KDMC - CMS/select_--Select--Advance E.C.G'

2018-05-08 10:42:57 - [MESSAGE][PASSED] - All options with index in [45] are selected on object 'Object Repository/Schedule 11/Page_KDMC - CMS/select_--Select--Advance E.C.G'

2018-05-08 10:42:57 - [TEST_STEP][PASSED] - setText: Text '200' is set on object 'Object Repository/Schedule 11/Page_KDMC - CMS/input_txttreat'

2018-05-08 10:42:57 - [MESSAGE][PASSED] - Text '200' is set on object 'Object Repository/Schedule 11/Page_KDMC - CMS/input_txttreat'

2018-05-08 10:42:57 - [TEST_STEP][PASSED] - click: Object: 'Object Repository/Schedule 11/Page_KDMC - CMS/button_Add' is clicked on

2018-05-08 10:42:57 - [MESSAGE][PASSED] - Object: 'Object Repository/Schedule 11/Page_KDMC - CMS/button_Add' is clicked on

2018-05-08 10:42:57 - [TEST_STEP][PASSED] - selectOptionByIndex: All options with index in [11] are selected on object 'Object Repository/Schedule 11/Page_KDMC - CMS/select_--Select--Schedule 1Inj'

2018-05-08 10:42:57 - [MESSAGE][PASSED] - All options with index in [11] are selected on object 'Object Repository/Schedule 11/Page_KDMC - CMS/select_--Select--Schedule 1Inj'

2018-05-08 10:42:57 - [TEST_STEP][PASSED] - selectOptionByIndex: All options with index in [46] are selected on object 'Object Repository/Schedule 11/Page_KDMC - CMS/select_--Select--Advance E.C.G'

2018-05-08 10:42:58 - [MESSAGE][PASSED] - All options with index in [46] are selected on object 'Object Repository/Schedule 11/Page_KDMC - CMS/select_--Select--Advance E.C.G'

2018-05-08 10:42:58 - [TEST_STEP][PASSED] - setText: Text '200' is set on object 'Object Repository/Schedule 11/Page_KDMC - CMS/input_txttreat'

2018-05-08 10:42:58 - [MESSAGE][PASSED] - Text '200' is set on object 'Object Repository/Schedule 11/Page_KDMC - CMS/input_txttreat'

2018-05-08 10:42:58 - [TEST_STEP][PASSED] - click: Object: 'Object Repository/Schedule 11/Page_KDMC - CMS/button_Add' is clicked on

2018-05-08 10:42:58 - [MESSAGE][PASSED] - Object: 'Object Repository/Schedule 11/Page_KDMC - CMS/button_Add' is clicked on

2018-05-08 10:42:58 - [TEST_STEP][PASSED] - selectOptionByIndex: All options with index in [11] are selected on object 'Object Repository/Schedule 11/Page_KDMC - CMS/select_--Select--Schedule 1Inj'

2018-05-08 10:42:58 - [MESSAGE][PASSED] - All options with index in [11] are selected on object 'Object Repository/Schedule 11/Page_KDMC - CMS/select_--Select--Schedule 1Inj'

2018-05-08 10:42:58 - [TEST_STEP][PASSED] - selectOptionByIndex: All options with index in [47] are selected on object 'Object Repository/Schedule 11/Page_KDMC - CMS/select_--Select--Advance E.C.G'

2018-05-08 10:42:59 - [MESSAGE][PASSED] - All options with index in [47] are selected on object 'Object Repository/Schedule 11/Page_KDMC - CMS/select_--Select--Advance E.C.G'

2018-05-08 10:42:59 - [TEST_STEP][PASSED] - setText: Text '200' is set on object 'Object Repository/Schedule 11/Page_KDMC - CMS/input_txttreat'

2018-05-08 10:43:00 - [MESSAGE][PASSED] - Text '200' is set on object 'Object Repository/Schedule 11/Page_KDMC - CMS/input_txttreat'

2018-05-08 10:43:00 - [TEST_STEP][PASSED] - click: Object: 'Object Repository/Schedule 11/Page_KDMC - CMS/button_Add' is clicked on

2018-05-08 10:43:00 - [MESSAGE][PASSED] - Object: 'Object Repository/Schedule 11/Page_KDMC - CMS/button_Add' is clicked on

2018-05-08 10:43:00 - [TEST_STEP][PASSED] - selectOptionByIndex: All options with index in [11] are selected on object 'Object Repository/Schedule 11/Page_KDMC - CMS/select_--Select--Schedule 1Inj'

2018-05-08 10:43:00 - [MESSAGE][PASSED] - All options with index in [11] are selected on object 'Object Repository/Schedule 11/Page_KDMC - CMS/select_--Select--Schedule 1Inj'

2018-05-08 10:43:00 - [TEST_STEP][PASSED] - selectOptionByIndex: All options with index in [48] are selected on object 'Object Repository/Schedule 11/Page_KDMC - CMS/select_--Select--Advance E.C.G'

2018-05-08 10:43:01 - [MESSAGE][PASSED] - All options with index in [48] are selected on object 'Object Repository/Schedule 11/Page_KDMC - CMS/select_--Select--Advance E.C.G'

2018-05-08 10:43:01 - [TEST_STEP][PASSED] - setText: Text '200' is set on object 'Object Repository/Schedule 11/Page_KDMC - CMS/input_txttreat'

2018-05-08 10:43:01 - [MESSAGE][PASSED] - Text '200' is set on object 'Object Repository/Schedule 11/Page_KDMC - CMS/input_txttreat'

2018-05-08 10:43:01 - [TEST_STEP][PASSED] - click: Object: 'Object Repository/Schedule 11/Page_KDMC - CMS/button_Add' is clicked on

2018-05-08 10:43:01 - [MESSAGE][PASSED] - Object: 'Object Repository/Schedule 11/Page_KDMC - CMS/button_Add' is clicked on

2018-05-08 10:43:01 - [TEST_STEP][PASSED] - selectOptionByIndex: All options with index in [11] are selected on object 'Object Repository/Schedule 11/Page_KDMC - CMS/select_--Select--Schedule 1Inj'

2018-05-08 10:43:01 - [MESSAGE][PASSED] - All options with index in [11] are selected on object 'Object Repository/Schedule 11/Page_KDMC - CMS/select_--Select--Schedule 1Inj'

2018-05-08 10:43:01 - [TEST_STEP][PASSED] - selectOptionByIndex: All options with index in [49] are selected on object 'Object Repository/Schedule 11/Page_KDMC - CMS/select_--Select--Advance E.C.G'

2018-05-08 10:43:02 - [MESSAGE][PASSED] - All options with index in [49] are selected on object 'Object Repository/Schedule 11/Page_KDMC - CMS/select_--Select--Advance E.C.G'

2018-05-08 10:43:02 - [TEST_STEP][PASSED] - setText: Text '200' is set on object 'Object Repository/Schedule 11/Page_KDMC - CMS/input_txttreat'

2018-05-08 10:43:02 - [MESSAGE][PASSED] - Text '200' is set on object 'Object Repository/Schedule 11/Page_KDMC - CMS/input_txttreat'

2018-05-08 10:43:02 - [TEST_STEP][PASSED] - click: Object: 'Object Repository/Schedule 11/Page_KDMC - CMS/button_Add' is clicked on

2018-05-08 10:43:02 - [MESSAGE][PASSED] - Object: 'Object Repository/Schedule 11/Page_KDMC - CMS/button_Add' is clicked on

2018-05-08 10:43:02 - [TEST_STEP][PASSED] - selectOptionByIndex: All options with index in [11] are selected on object 'Object Repository/Schedule 11/Page_KDMC - CMS/select_--Select--Schedule 1Inj'

2018-05-08 10:43:02 - [MESSAGE][PASSED] - All options with index in [11] are selected on object 'Object Repository/Schedule 11/Page_KDMC - CMS/select_--Select--Schedule 1Inj'

2018-05-08 10:43:02 - [TEST_STEP][PASSED] - selectOptionByIndex: All options with index in [50] are selected on object 'Object Repository/Schedule 11/Page_KDMC - CMS/select_--Select--Advance E.C.G'

2018-05-08 10:43:03 - [MESSAGE][PASSED] - All options with index in [50] are selected on object 'Object Repository/Schedule 11/Page_KDMC - CMS/select_--Select--Advance E.C.G'

2018-05-08 10:43:03 - [TEST_STEP][PASSED] - setText: Text '200' is set on object 'Object Repository/Schedule 11/Page_KDMC - CMS/input_txttreat'

2018-05-08 10:43:03 - [MESSAGE][PASSED] - Text '200' is set on object 'Object Repository/Schedule 11/Page_KDMC - CMS/input_txttreat'

2018-05-08 10:43:03 - [TEST_STEP][PASSED] - click: Object: 'Object Repository/Schedule 11/Page_KDMC - CMS/button_Add' is clicked on

2018-05-08 10:43:03 - [MESSAGE][PASSED] - Object: 'Object Repository/Schedule 11/Page_KDMC - CMS/button_Add' is clicked on

2018-05-08 10:43:03 - [TEST_STEP][PASSED] - selectOptionByIndex: All options with index in [11] are selected on object 'Object Repository/Schedule 11/Page_KDMC - CMS/select_--Select--Schedule 1Inj'

2018-05-08 10:43:04 - [MESSAGE][PASSED] - All options with index in [11] are selected on object 'Object Repository/Schedule 11/Page_KDMC - CMS/select_--Select--Schedule 1Inj'

2018-05-08 10:43:04 - [TEST_STEP][PASSED] - selectOptionByIndex: All options with index in [51] are selected on object 'Object Repository/Schedule 11/Page_KDMC - CMS/select_--Select--Advance E.C.G'

2018-05-08 10:43:05 - [MESSAGE][PASSED] - All options with index in [51] are selected on object 'Object Repository/Schedule 11/Page_KDMC - CMS/select_--Select--Advance E.C.G'

2018-05-08 10:43:05 - [TEST_STEP][PASSED] - setText: Text '200' is set on object 'Object Repository/Schedule 11/Page_KDMC - CMS/input_txttreat'

2018-05-08 10:43:05 - [MESSAGE][PASSED] - Text '200' is set on object 'Object Repository/Schedule 11/Page_KDMC - CMS/input_txttreat'

2018-05-08 10:43:05 - [TEST_STEP][PASSED] - click: Object: 'Object Repository/Schedule 11/Page_KDMC - CMS/button_Add' is clicked on

2018-05-08 10:43:05 - [MESSAGE][PASSED] - Object: 'Object Repository/Schedule 11/Page_KDMC - CMS/button_Add' is clicked on

2018-05-08 10:43:05 - [TEST_STEP][PASSED] - selectOptionByIndex: All options with index in [11] are selected on object 'Object Repository/Schedule 11/Page_KDMC - CMS/select_--Select--Schedule 1Inj'

2018-05-08 10:43:05 - [MESSAGE][PASSED] - All options with index in [11] are selected on object 'Object Repository/Schedule 11/Page_KDMC - CMS/select_--Select--Schedule 1Inj'

2018-05-08 10:43:05 - [TEST_STEP][PASSED] - selectOptionByIndex: All options with index in [52] are selected on object 'Object Repository/Schedule 11/Page_KDMC - CMS/select_--Select--Advance E.C.G'

2018-05-08 10:43:06 - [MESSAGE][PASSED] - All options with index in [52] are selected on object 'Object Repository/Schedule 11/Page_KDMC - CMS/select_--Select--Advance E.C.G'

2018-05-08 10:43:06 - [TEST_STEP][PASSED] - setText: Text '200' is set on object 'Object Repository/Schedule 11/Page_KDMC - CMS/input_txttreat'

2018-05-08 10:43:07 - [MESSAGE][PASSED] - Text '200' is set on object 'Object Repository/Schedule 11/Page_KDMC - CMS/input_txttreat'

2018-05-08 10:43:07 - [TEST_STEP][PASSED] - click: Object: 'Object Repository/Schedule 11/Page_KDMC - CMS/button_Add' is clicked on

2018-05-08 10:43:07 - [MESSAGE][PASSED] - Object: 'Object Repository/Schedule 11/Page_KDMC - CMS/button_Add' is clicked on

2018-05-08 10:43:07 - [TEST_STEP][PASSED] - selectOptionByIndex: All options with index in [11] are selected on object 'Object Repository/Schedule 11/Page_KDMC - CMS/select_--Select--Schedule 1Inj'

2018-05-08 10:43:07 - [MESSAGE][PASSED] - All options with index in [11] are selected on object 'Object Repository/Schedule 11/Page_KDMC - CMS/select_--Select--Schedule 1Inj'

2018-05-08 10:43:07 - [TEST_STEP][PASSED] - selectOptionByIndex: All options with index in [53] are selected on object 'Object Repository/Schedule 11/Page_KDMC - CMS/select_--Select--Advance E.C.G'

2018-05-08 10:43:08 - [MESSAGE][PASSED] - All options with index in [53] are selected on object 'Object Repository/Schedule 11/Page_KDMC - CMS/select_--Select--Advance E.C.G'

2018-05-08 10:43:08 - [TEST_STEP][PASSED] - setText: Text '200' is set on object 'Object Repository/Schedule 11/Page_KDMC - CMS/input_txttreat'

2018-05-08 10:43:08 - [MESSAGE][PASSED] - Text '200' is set on object 'Object Repository/Schedule 11/Page_KDMC - CMS/input_txttreat'

2018-05-08 10:43:08 - [TEST_STEP][PASSED] - click: Object: 'Object Repository/Schedule 11/Page_KDMC - CMS/button_Add' is clicked on

2018-05-08 10:43:08 - [MESSAGE][PASSED] - Object: 'Object Repository/Schedule 11/Page_KDMC - CMS/button_Add' is clicked on

2018-05-08 10:43:08 - [TEST_STEP][PASSED] - selectOptionByIndex: All options with index in [11] are selected on object 'Object Repository/Schedule 11/Page_KDMC - CMS/select_--Select--Schedule 1Inj'

2018-05-08 10:43:08 - [MESSAGE][PASSED] - All options with index in [11] are selected on object 'Object Repository/Schedule 11/Page_KDMC - CMS/select_--Select--Schedule 1Inj'

2018-05-08 10:43:08 - [TEST_STEP][PASSED] - selectOptionByIndex: All options with index in [54] are selected on object 'Object Repository/Schedule 11/Page_KDMC - CMS/select_--Select--Advance E.C.G'

2018-05-08 10:43:10 - [MESSAGE][PASSED] - All options with index in [54] are selected on object 'Object Repository/Schedule 11/Page_KDMC - CMS/select_--Select--Advance E.C.G'

2018-05-08 10:43:10 - [TEST_STEP][PASSED] - setText: Text '200' is set on object 'Object Repository/Schedule 11/Page_KDMC - CMS/input_txttreat'

2018-05-08 10:43:10 - [MESSAGE][PASSED] - Text '200' is set on object 'Object Repository/Schedule 11/Page_KDMC - CMS/input_txttreat'

2018-05-08 10:43:10 - [TEST_STEP][PASSED] - click: Object: 'Object Repository/Schedule 11/Page_KDMC - CMS/button_Add' is clicked on

2018-05-08 10:43:10 - [MESSAGE][PASSED] - Object: 'Object Repository/Schedule 11/Page_KDMC - CMS/button_Add' is clicked on

2018-05-08 10:43:10 - [TEST_STEP][PASSED] - selectOptionByIndex: All options with index in [11] are selected on object 'Object Repository/Schedule 11/Page_KDMC - CMS/select_--Select--Schedule 1Inj'

2018-05-08 10:43:10 - [MESSAGE][PASSED] - All options with index in [11] are selected on object 'Object Repository/Schedule 11/Page_KDMC - CMS/select_--Select--Schedule 1Inj'

2018-05-08 10:43:10 - [TEST_STEP][PASSED] - selectOptionByIndex: All options with index in [55] are selected on object 'Object Repository/Schedule 11/Page_KDMC - CMS/select_--Select--Advance E.C.G'

2018-05-08 10:43:11 - [MESSAGE][PASSED] - All options with index in [55] are selected on object 'Object Repository/Schedule 11/Page_KDMC - CMS/select_--Select--Advance E.C.G'

2018-05-08 10:43:11 - [TEST_STEP][PASSED] - setText: Text '200' is set on object 'Object Repository/Schedule 11/Page_KDMC - CMS/input_txttreat'

2018-05-08 10:43:11 - [MESSAGE][PASSED] - Text '200' is set on object 'Object Repository/Schedule 11/Page_KDMC - CMS/input_txttreat'

2018-05-08 10:43:11 - [TEST_STEP][PASSED] - click: Object: 'Object Repository/Schedule 11/Page_KDMC - CMS/button_Add' is clicked on

2018-05-08 10:43:11 - [MESSAGE][PASSED] - Object: 'Object Repository/Schedule 11/Page_KDMC - CMS/button_Add' is clicked on

2018-05-08 10:43:11 - [TEST_STEP][PASSED] - selectOptionByIndex: All options with index in [11] are selected on object 'Object Repository/Schedule 11/Page_KDMC - CMS/select_--Select--Schedule 1Inj'

2018-05-08 10:43:11 - [MESSAGE][PASSED] - All options with index in [11] are selected on object 'Object Repository/Schedule 11/Page_KDMC - CMS/select_--Select--Schedule 1Inj'

2018-05-08 10:43:11 - [TEST_STEP][PASSED] - selectOptionByIndex: All options with index in [56] are selected on object 'Object Repository/Schedule 11/Page_KDMC - CMS/select_--Select--Advance E.C.G'

2018-05-08 10:43:13 - [MESSAGE][PASSED] - All options with index in [56] are selected on object 'Object Repository/Schedule 11/Page_KDMC - CMS/select_--Select--Advance E.C.G'

2018-05-08 10:43:13 - [TEST_STEP][PASSED] - setText: Text '200' is set on object 'Object Repository/Schedule 11/Page_KDMC - CMS/input_txttreat'

2018-05-08 10:43:13 - [MESSAGE][PASSED] - Text '200' is set on object 'Object Repository/Schedule 11/Page_KDMC - CMS/input_txttreat'

2018-05-08 10:43:13 - [TEST_STEP][PASSED] - click: Object: 'Object Repository/Schedule 11/Page_KDMC - CMS/button_Add' is clicked on

2018-05-08 10:43:13 - [MESSAGE][PASSED] - Object: 'Object Repository/Schedule 11/Page_KDMC - CMS/button_Add' is clicked on

2018-05-08 10:43:13 - [TEST_STEP][PASSED] - selectOptionByIndex: All options with index in [11] are selected on object 'Object Repository/Schedule 11/Page_KDMC - CMS/select_--Select--Schedule 1Inj'

2018-05-08 10:43:13 - [MESSAGE][PASSED] - All options with index in [11] are selected on object 'Object Repository/Schedule 11/Page_KDMC - CMS/select_--Select--Schedule 1Inj'

2018-05-08 10:43:13 - [TEST_STEP][PASSED] - selectOptionByIndex: All options with index in [57] are selected on object 'Object Repository/Schedule 11/Page_KDMC - CMS/select_--Select--Advance E.C.G'

2018-05-08 10:43:14 - [MESSAGE][PASSED] - All options with index in [57] are selected on object 'Object Repository/Schedule 11/Page_KDMC - CMS/select_--Select--Advance E.C.G'

2018-05-08 10:43:14 - [TEST_STEP][PASSED] - setText: Text '200' is set on object 'Object Repository/Schedule 11/Page_KDMC - CMS/input_txttreat'

2018-05-08 10:43:14 - [MESSAGE][PASSED] - Text '200' is set on object 'Object Repository/Schedule 11/Page_KDMC - CMS/input_txttreat'

2018-05-08 10:43:14 - [TEST_STEP][PASSED] - click: Object: 'Object Repository/Schedule 11/Page_KDMC - CMS/button_Add' is clicked on

2018-05-08 10:43:14 - [MESSAGE][PASSED] - Object: 'Object Repository/Schedule 11/Page_KDMC - CMS/button_Add' is clicked on

2018-05-08 10:43:14 - [TEST_STEP][PASSED] - selectOptionByIndex: All options with index in [11] are selected on object 'Object Repository/Schedule 11/Page_KDMC - CMS/select_--Select--Schedule 1Inj'

2018-05-08 10:43:15 - [MESSAGE][PASSED] - All options with index in [11] are selected on object 'Object Repository/Schedule 11/Page_KDMC - CMS/select_--Select--Schedule 1Inj'

2018-05-08 10:43:15 - [TEST_STEP][PASSED] - selectOptionByIndex: All options with index in [58] are selected on object 'Object Repository/Schedule 11/Page_KDMC - CMS/select_--Select--Advance E.C.G'

2018-05-08 10:43:15 - [MESSAGE][PASSED] - All options with index in [58] are selected on object 'Object Repository/Schedule 11/Page_KDMC - CMS/select_--Select--Advance E.C.G'

2018-05-08 10:43:15 - [TEST_STEP][PASSED] - setText: Text '200' is set on object 'Object Repository/Schedule 11/Page_KDMC - CMS/input_txttreat'

2018-05-08 10:43:15 - [MESSAGE][PASSED] - Text '200' is set on object 'Object Repository/Schedule 11/Page_KDMC - CMS/input_txttreat'

2018-05-08 10:43:15 - [TEST_STEP][PASSED] - click: Object: 'Object Repository/Schedule 11/Page_KDMC - CMS/button_Add' is clicked on

2018-05-08 10:43:15 - [MESSAGE][PASSED] - Object: 'Object Repository/Schedule 11/Page_KDMC - CMS/button_Add' is clicked on

2018-05-08 10:43:15 - [TEST_STEP][PASSED] - selectOptionByIndex: All options with index in [11] are selected on object 'Object Repository/Schedule 11/Page_KDMC - CMS/select_--Select--Schedule 1Inj'

2018-05-08 10:43:15 - [MESSAGE][PASSED] - All options with index in [11] are selected on object 'Object Repository/Schedule 11/Page_KDMC - CMS/select_--Select--Schedule 1Inj'

2018-05-08 10:43:15 - [TEST_STEP][PASSED] - selectOptionByIndex: All options with index in [59] are selected on object 'Object Repository/Schedule 11/Page_KDMC - CMS/select_--Select--Advance E.C.G'

2018-05-08 10:43:16 - [MESSAGE][PASSED] - All options with index in [59] are selected on object 'Object Repository/Schedule 11/Page_KDMC - CMS/select_--Select--Advance E.C.G'

2018-05-08 10:43:16 - [TEST_STEP][PASSED] - setText: Text '200' is set on object 'Object Repository/Schedule 11/Page_KDMC - CMS/input_txttreat'

2018-05-08 10:43:16 - [MESSAGE][PASSED] - Text '200' is set on object 'Object Repository/Schedule 11/Page_KDMC - CMS/input_txttreat'

2018-05-08 10:43:16 - [TEST_STEP][PASSED] - click: Object: 'Object Repository/Schedule 11/Page_KDMC - CMS/button_Add' is clicked on

2018-05-08 10:43:16 - [MESSAGE][PASSED] - Object: 'Object Repository/Schedule 11/Page_KDMC - CMS/button_Add' is clicked on

2018-05-08 10:43:16 - [TEST_STEP][PASSED] - selectOptionByIndex: All options with index in [11] are selected on object 'Object Repository/Schedule 11/Page_KDMC - CMS/select_--Select--Schedule 1Inj'

2018-05-08 10:43:16 - [MESSAGE][PASSED] - All options with index in [11] are selected on object 'Object Repository/Schedule 11/Page_KDMC - CMS/select_--Select--Schedule 1Inj'

2018-05-08 10:43:16 - [TEST_STEP][PASSED] - selectOptionByIndex: All options with index in [60] are selected on object 'Object Repository/Schedule 11/Page_KDMC - CMS/select_--Select--Advance E.C.G'

2018-05-08 10:43:18 - [MESSAGE][PASSED] - All options with index in [60] are selected on object 'Object Repository/Schedule 11/Page_KDMC - CMS/select_--Select--Advance E.C.G'

2018-05-08 10:43:18 - [TEST_STEP][PASSED] - setText: Text '200' is set on object 'Object Repository/Schedule 11/Page_KDMC - CMS/input_txttreat'

2018-05-08 10:43:18 - [MESSAGE][PASSED] - Text '200' is set on object 'Object Repository/Schedule 11/Page_KDMC - CMS/input_txttreat'

2018-05-08 10:43:18 - [TEST_STEP][PASSED] - click: Object: 'Object Repository/Schedule 11/Page_KDMC - CMS/button_Add' is clicked on

2018-05-08 10:43:18 - [MESSAGE][PASSED] - Object: 'Object Repository/Schedule 11/Page_KDMC - CMS/button_Add' is clicked on

2018-05-08 10:43:18 - [TEST_STEP][PASSED] - selectOptionByIndex: All options with index in [11] are selected on object 'Object Repository/Schedule 11/Page_KDMC - CMS/select_--Select--Schedule 1Inj'

2018-05-08 10:43:18 - [MESSAGE][PASSED] - All options with index in [11] are selected on object 'Object Repository/Schedule 11/Page_KDMC - CMS/select_--Select--Schedule 1Inj'

2018-05-08 10:43:18 - [TEST_STEP][PASSED] - selectOptionByIndex: All options with index in [61] are selected on object 'Object Repository/Schedule 11/Page_KDMC - CMS/select_--Select--Advance E.C.G'

2018-05-08 10:43:19 - [MESSAGE][PASSED] - All options with index in [61] are selected on object 'Object Repository/Schedule 11/Page_KDMC - CMS/select_--Select--Advance E.C.G'

2018-05-08 10:43:19 - [TEST_STEP][PASSED] - setText: Text '200' is set on object 'Object Repository/Schedule 11/Page_KDMC - CMS/input_txttreat'

2018-05-08 10:43:19 - [MESSAGE][PASSED] - Text '200' is set on object 'Object Repository/Schedule 11/Page_KDMC - CMS/input_txttreat'

2018-05-08 10:43:19 - [TEST_STEP][PASSED] - click: Object: 'Object Repository/Schedule 11/Page_KDMC - CMS/button_Add' is clicked on

2018-05-08 10:43:19 - [MESSAGE][PASSED] - Object: 'Object Repository/Schedule 11/Page_KDMC - CMS/button_Add' is clicked on

2018-05-08 10:43:19 - [TEST_STEP][PASSED] - selectOptionByIndex: All options with index in [11] are selected on object 'Object Repository/Schedule 11/Page_KDMC - CMS/select_--Select--Schedule 1Inj'

2018-05-08 10:43:19 - [MESSAGE][PASSED] - All options with index in [11] are selected on object 'Object Repository/Schedule 11/Page_KDMC - CMS/select_--Select--Schedule 1Inj'

2018-05-08 10:43:19 - [TEST_STEP][PASSED] - selectOptionByIndex: All options with index in [62] are selected on object 'Object Repository/Schedule 11/Page_KDMC - CMS/select_--Select--Advance E.C.G'

2018-05-08 10:43:20 - [MESSAGE][PASSED] - All options with index in [62] are selected on object 'Object Repository/Schedule 11/Page_KDMC - CMS/select_--Select--Advance E.C.G'

2018-05-08 10:43:20 - [TEST_STEP][PASSED] - setText: Text '200' is set on object 'Object Repository/Schedule 11/Page_KDMC - CMS/input_txttreat'

2018-05-08 10:43:20 - [MESSAGE][PASSED] - Text '200' is set on object 'Object Repository/Schedule 11/Page_KDMC - CMS/input_txttreat'

2018-05-08 10:43:20 - [TEST_STEP][PASSED] - click: Object: 'Object Repository/Schedule 11/Page_KDMC - CMS/button_Add' is clicked on

2018-05-08 10:43:20 - [MESSAGE][PASSED] - Object: 'Object Repository/Schedule 11/Page_KDMC - CMS/button_Add' is clicked on

2018-05-08 10:43:20 - [TEST_STEP][PASSED] - selectOptionByIndex: All options with index in [11] are selected on object 'Object Repository/Schedule 11/Page_KDMC - CMS/select_--Select--Schedule 1Inj'

2018-05-08 10:43:20 - [MESSAGE][PASSED] - All options with index in [11] are selected on object 'Object Repository/Schedule 11/Page_KDMC - CMS/select_--Select--Schedule 1Inj'

2018-05-08 10:43:20 - [TEST_STEP][PASSED] - selectOptionByIndex: All options with index in [63] are selected on object 'Object Repository/Schedule 11/Page_KDMC - CMS/select_--Select--Advance E.C.G'

2018-05-08 10:43:21 - [MESSAGE][PASSED] - All options with index in [63] are selected on object 'Object Repository/Schedule 11/Page_KDMC - CMS/select_--Select--Advance E.C.G'

2018-05-08 10:43:21 - [TEST_STEP][PASSED] - setText: Text '200' is set on object 'Object Repository/Schedule 11/Page_KDMC - CMS/input_txttreat'

2018-05-08 10:43:21 - [MESSAGE][PASSED] - Text '200' is set on object 'Object Repository/Schedule 11/Page_KDMC - CMS/input_txttreat'

2018-05-08 10:43:21 - [TEST_STEP][PASSED] - click: Object: 'Object Repository/Schedule 11/Page_KDMC - CMS/button_Add' is clicked on

2018-05-08 10:43:21 - [MESSAGE][PASSED] - Object: 'Object Repository/Schedule 11/Page_KDMC - CMS/button_Add' is clicked on

2018-05-08 10:43:21 - [TEST_STEP][PASSED] - selectOptionByIndex: All options with index in [11] are selected on object 'Object Repository/Schedule 11/Page_KDMC - CMS/select_--Select--Schedule 1Inj'

2018-05-08 10:43:21 - [MESSAGE][PASSED] - All options with index in [11] are selected on object 'Object Repository/Schedule 11/Page_KDMC - CMS/select_--Select--Schedule 1Inj'

2018-05-08 10:43:21 - [TEST_STEP][PASSED] - selectOptionByIndex: All options with index in [64] are selected on object 'Object Repository/Schedule 11/Page_KDMC - CMS/select_--Select--Advance E.C.G'

2018-05-08 10:43:23 - [MESSAGE][PASSED] - All options with index in [64] are selected on object 'Object Repository/Schedule 11/Page_KDMC - CMS/select_--Select--Advance E.C.G'

2018-05-08 10:43:23 - [TEST_STEP][PASSED] - setText: Text '200' is set on object 'Object Repository/Schedule 11/Page_KDMC - CMS/input_txttreat'

2018-05-08 10:43:23 - [MESSAGE][PASSED] - Text '200' is set on object 'Object Repository/Schedule 11/Page_KDMC - CMS/input_txttreat'

2018-05-08 10:43:23 - [TEST_STEP][PASSED] - click: Object: 'Object Repository/Schedule 11/Page_KDMC - CMS/button_Add' is clicked on

2018-05-08 10:43:23 - [MESSAGE][PASSED] - Object: 'Object Repository/Schedule 11/Page_KDMC - CMS/button_Add' is clicked on

2018-05-08 10:43:23 - [TEST_STEP][PASSED] - selectOptionByIndex: All options with index in [11] are selected on object 'Object Repository/Schedule 11/Page_KDMC - CMS/select_--Select--Schedule 1Inj'

2018-05-08 10:43:23 - [MESSAGE][PASSED] - All options with index in [11] are selected on object 'Object Repository/Schedule 11/Page_KDMC - CMS/select_--Select--Schedule 1Inj'

2018-05-08 10:43:23 - [TEST_STEP][PASSED] - selectOptionByIndex: All options with index in [65] are selected on object 'Object Repository/Schedule 11/Page_KDMC - CMS/select_--Select--Advance E.C.G'

2018-05-08 10:43:24 - [MESSAGE][PASSED] - All options with index in [65] are selected on object 'Object Repository/Schedule 11/Page_KDMC - CMS/select_--Select--Advance E.C.G'

2018-05-08 10:43:24 - [TEST_STEP][PASSED] - setText: Text '200' is set on object 'Object Repository/Schedule 11/Page_KDMC - CMS/input_txttreat'

2018-05-08 10:43:24 - [MESSAGE][PASSED] - Text '200' is set on object 'Object Repository/Schedule 11/Page_KDMC - CMS/input_txttreat'

2018-05-08 10:43:24 - [TEST_STEP][PASSED] - click: Object: 'Object Repository/Schedule 11/Page_KDMC - CMS/button_Add' is clicked on

2018-05-08 10:43:24 - [MESSAGE][PASSED] - Object: 'Object Repository/Schedule 11/Page_KDMC - CMS/button_Add' is clicked on

2018-05-08 10:43:24 - [TEST_STEP][PASSED] - selectOptionByIndex: All options with index in [11] are selected on object 'Object Repository/Schedule 11/Page_KDMC - CMS/select_--Select--Schedule 1Inj'

2018-05-08 10:43:24 - [MESSAGE][PASSED] - All options with index in [11] are selected on object 'Object Repository/Schedule 11/Page_KDMC - CMS/select_--Select--Schedule 1Inj'

2018-05-08 10:43:24 - [TEST_STEP][PASSED] - selectOptionByIndex: All options with index in [66] are selected on object 'Object Repository/Schedule 11/Page_KDMC - CMS/select_--Select--Advance E.C.G'

2018-05-08 10:43:26 - [MESSAGE][PASSED] - All options with index in [66] are selected on object 'Object Repository/Schedule 11/Page_KDMC - CMS/select_--Select--Advance E.C.G'

2018-05-08 10:43:26 - [TEST_STEP][PASSED] - setText: Text '200' is set on object 'Object Repository/Schedule 11/Page_KDMC - CMS/input_txttreat'

2018-05-08 10:43:26 - [MESSAGE][PASSED] - Text '200' is set on object 'Object Repository/Schedule 11/Page_KDMC - CMS/input_txttreat'

2018-05-08 10:43:26 - [TEST_STEP][PASSED] - click: Object: 'Object Repository/Schedule 11/Page_KDMC - CMS/button_Add' is clicked on

2018-05-08 10:43:26 - [MESSAGE][PASSED] - Object: 'Object Repository/Schedule 11/Page_KDMC - CMS/button_Add' is clicked on

2018-05-08 10:43:26 - [TEST_STEP][PASSED] - selectOptionByIndex: All options with index in [11] are selected on object 'Object Repository/Schedule 11/Page_KDMC - CMS/select_--Select--Schedule 1Inj'

2018-05-08 10:43:26 - [MESSAGE][PASSED] - All options with index in [11] are selected on object 'Object Repository/Schedule 11/Page_KDMC - CMS/select_--Select--Schedule 1Inj'

2018-05-08 10:43:26 - [TEST_STEP][PASSED] - selectOptionByIndex: All options with index in [67] are selected on object 'Object Repository/Schedule 11/Page_KDMC - CMS/select_--Select--Advance E.C.G'

2018-05-08 10:43:27 - [MESSAGE][PASSED] - All options with index in [67] are selected on object 'Object Repository/Schedule 11/Page_KDMC - CMS/select_--Select--Advance E.C.G'

2018-05-08 10:43:27 - [TEST_STEP][PASSED] - setText: Text '200' is set on object 'Object Repository/Schedule 11/Page_KDMC - CMS/input_txttreat'

2018-05-08 10:43:28 - [MESSAGE][PASSED] - Text '200' is set on object 'Object Repository/Schedule 11/Page_KDMC - CMS/input_txttreat'

2018-05-08 10:43:28 - [TEST_STEP][PASSED] - click: Object: 'Object Repository/Schedule 11/Page_KDMC - CMS/button_Add' is clicked on

2018-05-08 10:43:28 - [MESSAGE][PASSED] - Object: 'Object Repository/Schedule 11/Page_KDMC - CMS/button_Add' is clicked on

2018-05-08 10:43:28 - [TEST_STEP][PASSED] - selectOptionByIndex: All options with index in [11] are selected on object 'Object Repository/Schedule 11/Page_KDMC - CMS/select_--Select--Schedule 1Inj'

2018-05-08 10:43:28 - [MESSAGE][PASSED] - All options with index in [11] are selected on object 'Object Repository/Schedule 11/Page_KDMC - CMS/select_--Select--Schedule 1Inj'

2018-05-08 10:43:28 - [TEST_STEP][PASSED] - selectOptionByIndex: All options with index in [68] are selected on object 'Object Repository/Schedule 11/Page_KDMC - CMS/select_--Select--Advance E.C.G'

2018-05-08 10:43:29 - [MESSAGE][PASSED] - All options with index in [68] are selected on object 'Object Repository/Schedule 11/Page_KDMC - CMS/select_--Select--Advance E.C.G'

2018-05-08 10:43:29 - [TEST_STEP][PASSED] - setText: Text '200' is set on object 'Object Repository/Schedule 11/Page_KDMC - CMS/input_txttreat'

2018-05-08 10:43:29 - [MESSAGE][PASSED] - Text '200' is set on object 'Object Repository/Schedule 11/Page_KDMC - CMS/input_txttreat'

2018-05-08 10:43:29 - [TEST_STEP][PASSED] - click: Object: 'Object Repository/Schedule 11/Page_KDMC - CMS/button_Add' is clicked on

2018-05-08 10:43:29 - [MESSAGE][PASSED] - Object: 'Object Repository/Schedule 11/Page_KDMC - CMS/button_Add' is clicked on

2018-05-08 10:43:29 - [TEST_STEP][PASSED] - selectOptionByIndex: All options with index in [11] are selected on object 'Object Repository/Schedule 11/Page_KDMC - CMS/select_--Select--Schedule 1Inj'

2018-05-08 10:43:29 - [MESSAGE][PASSED] - All options with index in [11] are selected on object 'Object Repository/Schedule 11/Page_KDMC - CMS/select_--Select--Schedule 1Inj'

2018-05-08 10:43:29 - [TEST_STEP][PASSED] - selectOptionByIndex: All options with index in [69] are selected on object 'Object Repository/Schedule 11/Page_KDMC - CMS/select_--Select--Advance E.C.G'

2018-05-08 10:43:31 - [MESSAGE][PASSED] - All options with index in [69] are selected on object 'Object Repository/Schedule 11/Page_KDMC - CMS/select_--Select--Advance E.C.G'

2018-05-08 10:43:31 - [TEST_STEP][PASSED] - setText: Text '200' is set on object 'Object Repository/Schedule 11/Page_KDMC - CMS/input_txttreat'

2018-05-08 10:43:31 - [MESSAGE][PASSED] - Text '200' is set on object 'Object Repository/Schedule 11/Page_KDMC - CMS/input_txttreat'

2018-05-08 10:43:31 - [TEST_STEP][PASSED] - click: Object: 'Object Repository/Schedule 11/Page_KDMC - CMS/button_Add' is clicked on

2018-05-08 10:43:31 - [MESSAGE][PASSED] - Object: 'Object Repository/Schedule 11/Page_KDMC - CMS/button_Add' is clicked on

2018-05-08 10:43:31 - [TEST_STEP][PASSED] - selectOptionByIndex: All options with index in [11] are selected on object 'Object Repository/Schedule 11/Page_KDMC - CMS/select_--Select--Schedule 1Inj'

2018-05-08 10:43:31 - [MESSAGE][PASSED] - All options with index in [11] are selected on object 'Object Repository/Schedule 11/Page_KDMC - CMS/select_--Select--Schedule 1Inj'

2018-05-08 10:43:31 - [TEST_STEP][PASSED] - selectOptionByIndex: All options with index in [70] are selected on object 'Object Repository/Schedule 11/Page_KDMC - CMS/select_--Select--Advance E.C.G'

2018-05-08 10:43:32 - [MESSAGE][PASSED] - All options with index in [70] are selected on object 'Object Repository/Schedule 11/Page_KDMC - CMS/select_--Select--Advance E.C.G'

2018-05-08 10:43:32 - [TEST_STEP][PASSED] - setText: Text '200' is set on object 'Object Repository/Schedule 11/Page_KDMC - CMS/input_txttreat'

2018-05-08 10:43:32 - [MESSAGE][PASSED] - Text '200' is set on object 'Object Repository/Schedule 11/Page_KDMC - CMS/input_txttreat'

2018-05-08 10:43:32 - [TEST_STEP][PASSED] - click: Object: 'Object Repository/Schedule 11/Page_KDMC - CMS/button_Add' is clicked on

2018-05-08 10:43:33 - [MESSAGE][PASSED] - Object: 'Object Repository/Schedule 11/Page_KDMC - CMS/button_Add' is clicked on

2018-05-08 10:43:33 - [TEST_STEP][PASSED] - selectOptionByIndex: All options with index in [11] are selected on object 'Object Repository/Schedule 11/Page_KDMC - CMS/select_--Select--Schedule 1Inj'

2018-05-08 10:43:33 - [MESSAGE][PASSED] - All options with index in [11] are selected on object 'Object Repository/Schedule 11/Page_KDMC - CMS/select_--Select--Schedule 1Inj'

2018-05-08 10:43:33 - [TEST_STEP][PASSED] - selectOptionByIndex: All options with index in [71] are selected on object 'Object Repository/Schedule 11/Page_KDMC - CMS/select_--Select--Advance E.C.G'

2018-05-08 10:43:34 - [MESSAGE][PASSED] - All options with index in [71] are selected on object 'Object Repository/Schedule 11/Page_KDMC - CMS/select_--Select--Advance E.C.G'

2018-05-08 10:43:34 - [TEST_STEP][PASSED] - setText: Text '200' is set on object 'Object Repository/Schedule 11/Page_KDMC - CMS/input_txttreat'

2018-05-08 10:43:34 - [MESSAGE][PASSED] - Text '200' is set on object 'Object Repository/Schedule 11/Page_KDMC - CMS/input_txttreat'

2018-05-08 10:43:34 - [TEST_STEP][PASSED] - click: Object: 'Object Repository/Schedule 11/Page_KDMC - CMS/button_Add' is clicked on

2018-05-08 10:43:34 - [MESSAGE][PASSED] - Object: 'Object Repository/Schedule 11/Page_KDMC - CMS/button_Add' is clicked on

2018-05-08 10:43:34 - [TEST_STEP][PASSED] - selectOptionByIndex: All options with index in [11] are selected on object 'Object Repository/Schedule 11/Page_KDMC - CMS/select_--Select--Schedule 1Inj'

2018-05-08 10:43:34 - [MESSAGE][PASSED] - All options with index in [11] are selected on object 'Object Repository/Schedule 11/Page_KDMC - CMS/select_--Select--Schedule 1Inj'

2018-05-08 10:43:34 - [TEST_STEP][PASSED] - selectOptionByIndex: All options with index in [72] are selected on object 'Object Repository/Schedule 11/Page_KDMC - CMS/select_--Select--Advance E.C.G'

2018-05-08 10:43:36 - [MESSAGE][PASSED] - All options with index in [72] are selected on object 'Object Repository/Schedule 11/Page_KDMC - CMS/select_--Select--Advance E.C.G'

2018-05-08 10:43:36 - [TEST_STEP][PASSED] - setText: Text '200' is set on object 'Object Repository/Schedule 11/Page_KDMC - CMS/input_txttreat'

2018-05-08 10:43:36 - [MESSAGE][PASSED] - Text '200' is set on object 'Object Repository/Schedule 11/Page_KDMC - CMS/input_txttreat'

2018-05-08 10:43:36 - [TEST_STEP][PASSED] - click: Object: 'Object Repository/Schedule 11/Page_KDMC - CMS/button_Add' is clicked on

2018-05-08 10:43:36 - [MESSAGE][PASSED] - Object: 'Object Repository/Schedule 11/Page_KDMC - CMS/button_Add' is clicked on

2018-05-08 10:43:36 - [TEST_STEP][PASSED] - selectOptionByIndex: All options with index in [11] are selected on object 'Object Repository/Schedule 11/Page_KDMC - CMS/select_--Select--Schedule 1Inj'

2018-05-08 10:43:36 - [MESSAGE][PASSED] - All options with index in [11] are selected on object 'Object Repository/Schedule 11/Page_KDMC - CMS/select_--Select--Schedule 1Inj'

2018-05-08 10:43:36 - [TEST_STEP][PASSED] - selectOptionByIndex: All options with index in [73] are selected on object 'Object Repository/Schedule 11/Page_KDMC - CMS/select_--Select--Advance E.C.G'

2018-05-08 10:43:38 - [MESSAGE][PASSED] - All options with index in [73] are selected on object 'Object Repository/Schedule 11/Page_KDMC - CMS/select_--Select--Advance E.C.G'

2018-05-08 10:43:38 - [TEST_STEP][PASSED] - setText: Text '200' is set on object 'Object Repository/Schedule 11/Page_KDMC - CMS/input_txttreat'

2018-05-08 10:43:38 - [MESSAGE][PASSED] - Text '200' is set on object 'Object Repository/Schedule 11/Page_KDMC - CMS/input_txttreat'

2018-05-08 10:43:38 - [TEST_STEP][PASSED] - click: Object: 'Object Repository/Schedule 11/Page_KDMC - CMS/button_Add' is clicked on

2018-05-08 10:43:38 - [MESSAGE][PASSED] - Object: 'Object Repository/Schedule 11/Page_KDMC - CMS/button_Add' is clicked on

2018-05-08 10:43:38 - [TEST_STEP][PASSED] - selectOptionByIndex: All options with index in [11] are selected on object 'Object Repository/Schedule 11/Page_KDMC - CMS/select_--Select--Schedule 1Inj'

2018-05-08 10:43:38 - [MESSAGE][PASSED] - All options with index in [11] are selected on object 'Object Repository/Schedule 11/Page_KDMC - CMS/select_--Select--Schedule 1Inj'

2018-05-08 10:43:38 - [TEST_STEP][PASSED] - selectOptionByIndex: All options with index in [74] are selected on object 'Object Repository/Schedule 11/Page_KDMC - CMS/select_--Select--Advance E.C.G'

2018-05-08 10:43:39 - [MESSAGE][PASSED] - All options with index in [74] are selected on object 'Object Repository/Schedule 11/Page_KDMC - CMS/select_--Select--Advance E.C.G'

2018-05-08 10:43:39 - [TEST_STEP][PASSED] - setText: Text '200' is set on object 'Object Repository/Schedule 11/Page_KDMC - CMS/input_txttreat'

2018-05-08 10:43:39 - [MESSAGE][PASSED] - Text '200' is set on object 'Object Repository/Schedule 11/Page_KDMC - CMS/input_txttreat'

2018-05-08 10:43:39 - [TEST_STEP][PASSED] - click: Object: 'Object Repository/Schedule 11/Page_KDMC - CMS/button_Add' is clicked on

2018-05-08 10:43:39 - [MESSAGE][PASSED] - Object: 'Object Repository/Schedule 11/Page_KDMC - CMS/button_Add' is clicked on

2018-05-08 10:43:39 - [TEST_STEP][PASSED] - selectOptionByIndex: All options with index in [11] are selected on object 'Object Repository/Schedule 11/Page_KDMC - CMS/select_--Select--Schedule 1Inj'

2018-05-08 10:43:40 - [MESSAGE][PASSED] - All options with index in [11] are selected on object 'Object Repository/Schedule 11/Page_KDMC - CMS/select_--Select--Schedule 1Inj'

2018-05-08 10:43:40 - [TEST_STEP][PASSED] - selectOptionByIndex: All options with index in [75] are selected on object 'Object Repository/Schedule 11/Page_KDMC - CMS/select_--Select--Advance E.C.G'

2018-05-08 10:43:40 - [MESSAGE][PASSED] - All options with index in [75] are selected on object 'Object Repository/Schedule 11/Page_KDMC - CMS/select_--Select--Advance E.C.G'

2018-05-08 10:43:40 - [TEST_STEP][PASSED] - setText: Text '200' is set on object 'Object Repository/Schedule 11/Page_KDMC - CMS/input_txttreat'

2018-05-08 10:43:40 - [MESSAGE][PASSED] - Text '200' is set on object 'Object Repository/Schedule 11/Page_KDMC - CMS/input_txttreat'

2018-05-08 10:43:40 - [TEST_STEP][PASSED] - click: Object: 'Object Repository/Schedule 11/Page_KDMC - CMS/button_Add' is clicked on

2018-05-08 10:43:41 - [MESSAGE][PASSED] - Object: 'Object Repository/Schedule 11/Page_KDMC - CMS/button_Add' is clicked on

2018-05-08 10:43:41 - [TEST_STEP][PASSED] - selectOptionByIndex: All options with index in [11] are selected on object 'Object Repository/Schedule 11/Page_KDMC - CMS/select_--Select--Schedule 1Inj'

2018-05-08 10:43:41 - [MESSAGE][PASSED] - All options with index in [11] are selected on object 'Object Repository/Schedule 11/Page_KDMC - CMS/select_--Select--Schedule 1Inj'

2018-05-08 10:43:41 - [TEST_STEP][PASSED] - selectOptionByIndex: All options with index in [76] are selected on object 'Object Repository/Schedule 11/Page_KDMC - CMS/select_--Select--Advance E.C.G'

2018-05-08 10:43:42 - [MESSAGE][PASSED] - All options with index in [76] are selected on object 'Object Repository/Schedule 11/Page_KDMC - CMS/select_--Select--Advance E.C.G'

2018-05-08 10:43:42 - [TEST_STEP][PASSED] - setText: Text '200' is set on object 'Object Repository/Schedule 11/Page_KDMC - CMS/input_txttreat'

2018-05-08 10:43:42 - [MESSAGE][PASSED] - Text '200' is set on object 'Object Repository/Schedule 11/Page_KDMC - CMS/input_txttreat'

2018-05-08 10:43:42 - [TEST_STEP][PASSED] - click: Object: 'Object Repository/Schedule 11/Page_KDMC - CMS/button_Add' is clicked on

2018-05-08 10:43:43 - [MESSAGE][PASSED] - Object: 'Object Repository/Schedule 11/Page_KDMC - CMS/button_Add' is clicked on

2018-05-08 10:43:43 - [TEST_STEP][PASSED] - selectOptionByIndex: All options with index in [11] are selected on object 'Object Repository/Schedule 11/Page_KDMC - CMS/select_--Select--Schedule 1Inj'

2018-05-08 10:43:43 - [MESSAGE][PASSED] - All options with index in [11] are selected on object 'Object Repository/Schedule 11/Page_KDMC - CMS/select_--Select--Schedule 1Inj'

2018-05-08 10:43:43 - [TEST_STEP][PASSED] - selectOptionByIndex: All options with index in [77] are selected on object 'Object Repository/Schedule 11/Page_KDMC - CMS/select_--Select--Advance E.C.G'

2018-05-08 10:43:44 - [MESSAGE][PASSED] - All options with index in [77] are selected on object 'Object Repository/Schedule 11/Page_KDMC - CMS/select_--Select--Advance E.C.G'

2018-05-08 10:43:44 - [TEST_STEP][PASSED] - setText: Text '200' is set on object 'Object Repository/Schedule 11/Page_KDMC - CMS/input_txttreat'

2018-05-08 10:43:44 - [MESSAGE][PASSED] - Text '200' is set on object 'Object Repository/Schedule 11/Page_KDMC - CMS/input_txttreat'

2018-05-08 10:43:44 - [TEST_STEP][PASSED] - click: Object: 'Object Repository/Schedule 11/Page_KDMC - CMS/button_Add' is clicked on

2018-05-08 10:43:44 - [MESSAGE][PASSED] - Object: 'Object Repository/Schedule 11/Page_KDMC - CMS/button_Add' is clicked on

2018-05-08 10:43:44 - [TEST_STEP][PASSED] - selectOptionByIndex: All options with index in [11] are selected on object 'Object Repository/Schedule 11/Page_KDMC - CMS/select_--Select--Schedule 1Inj'

2018-05-08 10:43:44 - [MESSAGE][PASSED] - All options with index in [11] are selected on object 'Object Repository/Schedule 11/Page_KDMC - CMS/select_--Select--Schedule 1Inj'

2018-05-08 10:43:44 - [TEST_STEP][PASSED] - selectOptionByIndex: All options with index in [78] are selected on object 'Object Repository/Schedule 11/Page_KDMC - CMS/select_--Select--Advance E.C.G'

2018-05-08 10:43:46 - [MESSAGE][PASSED] - All options with index in [78] are selected on object 'Object Repository/Schedule 11/Page_KDMC - CMS/select_--Select--Advance E.C.G'

2018-05-08 10:43:46 - [TEST_STEP][PASSED] - setText: Text '200' is set on object 'Object Repository/Schedule 11/Page_KDMC - CMS/input_txttreat'

2018-05-08 10:43:46 - [MESSAGE][PASSED] - Text '200' is set on object 'Object Repository/Schedule 11/Page_KDMC - CMS/input_txttreat'

2018-05-08 10:43:46 - [TEST_STEP][PASSED] - click: Object: 'Object Repository/Schedule 11/Page_KDMC - CMS/button_Add' is clicked on

2018-05-08 10:43:46 - [MESSAGE][PASSED] - Object: 'Object Repository/Schedule 11/Page_KDMC - CMS/button_Add' is clicked on

2018-05-08 10:43:46 - [TEST_STEP][PASSED] - selectOptionByIndex: All options with index in [11] are selected on object 'Object Repository/Schedule 11/Page_KDMC - CMS/select_--Select--Schedule 1Inj'

2018-05-08 10:43:46 - [MESSAGE][PASSED] - All options with index in [11] are selected on object 'Object Repository/Schedule 11/Page_KDMC - CMS/select_--Select--Schedule 1Inj'

2018-05-08 10:43:46 - [TEST_STEP][PASSED] - selectOptionByIndex: All options with index in [79] are selected on object 'Object Repository/Schedule 11/Page_KDMC - CMS/select_--Select--Advance E.C.G'

2018-05-08 10:43:47 - [MESSAGE][PASSED] - All options with index in [79] are selected on object 'Object Repository/Schedule 11/Page_KDMC - CMS/select_--Select--Advance E.C.G'

2018-05-08 10:43:47 - [TEST_STEP][PASSED] - setText: Text '200' is set on object 'Object Repository/Schedule 11/Page_KDMC - CMS/input_txttreat'

2018-05-08 10:43:47 - [MESSAGE][PASSED] - Text '200' is set on object 'Object Repository/Schedule 11/Page_KDMC - CMS/input_txttreat'

2018-05-08 10:43:47 - [TEST_STEP][PASSED] - click: Object: 'Object Repository/Schedule 11/Page_KDMC - CMS/button_Add' is clicked on

2018-05-08 10:43:47 - [MESSAGE][PASSED] - Object: 'Object Repository/Schedule 11/Page_KDMC - CMS/button_Add' is clicked on

2018-05-08 10:43:47 - [TEST_STEP][PASSED] - selectOptionByIndex: All options with index in [11] are selected on object 'Object Repository/Schedule 11/Page_KDMC - CMS/select_--Select--Schedule 1Inj'

2018-05-08 10:43:47 - [MESSAGE][PASSED] - All options with index in [11] are selected on object 'Object Repository/Schedule 11/Page_KDMC - CMS/select_--Select--Schedule 1Inj'

2018-05-08 10:43:47 - [TEST_STEP][PASSED] - selectOptionByIndex: All options with index in [80] are selected on object 'Object Repository/Schedule 11/Page_KDMC - CMS/select_--Select--Advance E.C.G'

2018-05-08 10:43:48 - [MESSAGE][PASSED] - All options with index in [80] are selected on object 'Object Repository/Schedule 11/Page_KDMC - CMS/select_--Select--Advance E.C.G'

2018-05-08 10:43:48 - [TEST_STEP][PASSED] - setText: Text '200' is set on object 'Object Repository/Schedule 11/Page_KDMC - CMS/input_txttreat'

2018-05-08 10:43:48 - [MESSAGE][PASSED] - Text '200' is set on object 'Object Repository/Schedule 11/Page_KDMC - CMS/input_txttreat'

2018-05-08 10:43:48 - [TEST_STEP][PASSED] - click: Object: 'Object Repository/Schedule 11/Page_KDMC - CMS/button_Add' is clicked on

2018-05-08 10:43:49 - [MESSAGE][PASSED] - Object: 'Object Repository/Schedule 11/Page_KDMC - CMS/button_Add' is clicked on

2018-05-08 10:43:49 - [TEST_STEP][PASSED] - scrollToElement: Scroll to object 'Object Repository/Schedule 11/Page_KDMC - CMS/input_btnsave' successfully

2018-05-08 10:43:49 - [MESSAGE][PASSED] - Scroll to object 'Object Repository/Schedule 11/Page_KDMC - CMS/input_btnsave' successfully

2018-05-08 10:43:49 - [TEST_STEP][PASSED] - click: Object: 'Object Repository/Schedule 11/Page_KDMC - CMS/input_btnsave' is clicked on

2018-05-08 10:43:49 - [MESSAGE][PASSED] - Object: 'Object Repository/Schedule 11/Page_KDMC - CMS/input_btnsave' is clicked on

2018-05-08 10:43:49 - [TEST_STEP][PASSED] - delay: Delayed 3 second(s)

2018-05-08 10:43:52 - [MESSAGE][PASSED] - Delayed 3 second(s)

2018-05-08 10:43:52 - [TEST_STEP][PASSED] - click: Object: 'Object Repository/Schedule 11/Page_KDMC - CMS/button_OK' is clicked on

2018-05-08 10:43:52 - [MESSAGE][PASSED] - Object: 'Object Repository/Schedule 11/Page_KDMC - CMS/button_OK' is clicked on

2018-05-08 10:43:52 - [TEST_STEP][PASSED] - delay: Delayed 3 second(s)

2018-05-08 10:43:55 - [MESSAGE][PASSED] - Delayed 3 second(s)

2018-05-08 10:43:55 - [TEST_STEP][PASSED] - click: Object: 'Object Repository/Schedule 11/Page_KDMC - CMS/a_dropdown-toggle' is clicked on

2018-05-08 10:43:55 - [MESSAGE][PASSED] - Object: 'Object Repository/Schedule 11/Page_KDMC - CMS/a_dropdown-toggle' is clicked on

2018-05-08 10:43:55 - [TEST_STEP][PASSED] - click: Object: 'Object Repository/Schedule 11/Page_KDMC - CMS/a_Sign out' is clicked on

2018-05-08 10:43:56 - [MESSAGE][PASSED] - Object: 'Object Repository/Schedule 11/Page_KDMC - CMS/a_Sign out' is clicked on

2018-05-08 10:43:56 - [TEST_STEP][PASSED] - closeBrowser: Browser is closed

2018-05-08 10:43:57 - [MESSAGE][PASSED] - Browser is closed]]></system-out>
         <system-err><![CDATA[]]></system-err>
      </testcase>
      <testcase name="Test Cases/MOH TO CMS REQUEST/MohRequestSchedule12" classname="Test Cases/MOH TO CMS REQUEST/MohRequestSchedule12" status="PASSED">
         <system-out><![CDATA[2018-05-08 10:43:57 - [TEST_CASE][PASSED] - Test Cases/MOH TO CMS REQUEST/MohRequestSchedule12: Test Cases/MOH TO CMS REQUEST/MohRequestSchedule12

2018-05-08 10:43:57 - [TEST_STEP][PASSED] - openBrowser: Browser is opened with url: ''

2018-05-08 10:43:59 - [MESSAGE][PASSED] - Browser is opened with url: ''

2018-05-08 10:43:59 - [TEST_STEP][PASSED] - navigateToUrl: Navigate to 'http://192.168.137.1/multihospital_new/' successfully

2018-05-08 10:44:06 - [MESSAGE][PASSED] - Navigate to 'http://192.168.137.1/multihospital_new/' successfully

2018-05-08 10:44:06 - [TEST_STEP][PASSED] - maximizeWindow: Current window maximized

2018-05-08 10:44:07 - [MESSAGE][PASSED] - Current window maximized

2018-05-08 10:44:07 - [TEST_STEP][PASSED] - click: Object: 'Object Repository/Schedule 12/Page_KDMC/a_CMS' is clicked on

2018-05-08 10:44:08 - [MESSAGE][PASSED] - Object: 'Object Repository/Schedule 12/Page_KDMC/a_CMS' is clicked on

2018-05-08 10:44:08 - [TEST_STEP][PASSED] - setText: Text 'bala' is set on object 'Object Repository/Schedule 12/Page_CMS login/input_txtusername'

2018-05-08 10:44:08 - [MESSAGE][PASSED] - Text 'bala' is set on object 'Object Repository/Schedule 12/Page_CMS login/input_txtusername'

2018-05-08 10:44:08 - [TEST_STEP][PASSED] - setText: Text '123' is set on object 'Object Repository/Schedule 12/Page_CMS login/input_txtpassword'

2018-05-08 10:44:08 - [MESSAGE][PASSED] - Text '123' is set on object 'Object Repository/Schedule 12/Page_CMS login/input_txtpassword'

2018-05-08 10:44:08 - [TEST_STEP][PASSED] - delay: Delayed 3 second(s)

2018-05-08 10:44:11 - [MESSAGE][PASSED] - Delayed 3 second(s)

2018-05-08 10:44:11 - [TEST_STEP][PASSED] - click: Object: 'Object Repository/Schedule 12/Page_CMS login/button_Sign in' is clicked on

2018-05-08 10:44:13 - [MESSAGE][PASSED] - Object: 'Object Repository/Schedule 12/Page_CMS login/button_Sign in' is clicked on

2018-05-08 10:44:13 - [TEST_STEP][PASSED] - click: Object: 'Object Repository/Schedule 12/Page_KDMC - CMS/a_Request to MOH' is clicked on

2018-05-08 10:44:13 - [MESSAGE][PASSED] - Object: 'Object Repository/Schedule 12/Page_KDMC - CMS/a_Request to MOH' is clicked on

2018-05-08 10:44:13 - [TEST_STEP][PASSED] - selectOptionByIndex: All options with index in [2] are selected on object 'Object Repository/Schedule 12/Page_KDMC - CMS/select_--Select--'

2018-05-08 10:44:13 - [MESSAGE][PASSED] - All options with index in [2] are selected on object 'Object Repository/Schedule 12/Page_KDMC - CMS/select_--Select--'

2018-05-08 10:44:13 - [TEST_STEP][PASSED] - selectOptionByIndex: All options with index in [12] are selected on object 'Object Repository/Schedule 12/Page_KDMC - CMS/select_--Select--Schedule 1Inj'

2018-05-08 10:44:14 - [MESSAGE][PASSED] - All options with index in [12] are selected on object 'Object Repository/Schedule 12/Page_KDMC - CMS/select_--Select--Schedule 1Inj'

2018-05-08 10:44:14 - [TEST_STEP][PASSED] - Statement - Selectedoptions = com.kms.katalon.core.webui.keyword.WebUiBuiltInKeywords.getNumberOfTotalOption(com.kms.katalon.core.testobject.ObjectRepository.findTestObject(Schedule 12/Page_KDMC - CMS/select_--Select--Baby sheet (R)): 20 options of object 'Object Repository/Schedule 12/Page_KDMC - CMS/select_--Select--Baby sheet (R' counted

2018-05-08 10:44:14 - [MESSAGE][PASSED] - 20 options of object 'Object Repository/Schedule 12/Page_KDMC - CMS/select_--Select--Baby sheet (R' counted

2018-05-08 10:44:14 - [TEST_STEP][PASSED] - Statement - For ([f = 1, f < Selectedoptions, (f++)]): Object: 'Object Repository/Schedule 12/Page_KDMC - CMS/button_Add' is clicked on

2018-05-08 10:44:14 - [TEST_STEP][PASSED] - selectOptionByIndex: All options with index in [12] are selected on object 'Object Repository/Schedule 12/Page_KDMC - CMS/select_--Select--Schedule 1Inj'

2018-05-08 10:44:14 - [MESSAGE][PASSED] - All options with index in [12] are selected on object 'Object Repository/Schedule 12/Page_KDMC - CMS/select_--Select--Schedule 1Inj'

2018-05-08 10:44:14 - [TEST_STEP][PASSED] - selectOptionByIndex: All options with index in [1] are selected on object 'Object Repository/Schedule 12/Page_KDMC - CMS/select_--Select--Baby sheet (R'

2018-05-08 10:44:14 - [MESSAGE][PASSED] - All options with index in [1] are selected on object 'Object Repository/Schedule 12/Page_KDMC - CMS/select_--Select--Baby sheet (R'

2018-05-08 10:44:14 - [TEST_STEP][PASSED] - setText: Text '50000' is set on object 'Object Repository/Schedule 12/Page_KDMC - CMS/input_txttreat'

2018-05-08 10:44:14 - [MESSAGE][PASSED] - Text '50000' is set on object 'Object Repository/Schedule 12/Page_KDMC - CMS/input_txttreat'

2018-05-08 10:44:14 - [TEST_STEP][PASSED] - click: Object: 'Object Repository/Schedule 12/Page_KDMC - CMS/button_Add' is clicked on

2018-05-08 10:44:14 - [MESSAGE][PASSED] - Object: 'Object Repository/Schedule 12/Page_KDMC - CMS/button_Add' is clicked on

2018-05-08 10:44:14 - [TEST_STEP][PASSED] - selectOptionByIndex: All options with index in [12] are selected on object 'Object Repository/Schedule 12/Page_KDMC - CMS/select_--Select--Schedule 1Inj'

2018-05-08 10:44:14 - [MESSAGE][PASSED] - All options with index in [12] are selected on object 'Object Repository/Schedule 12/Page_KDMC - CMS/select_--Select--Schedule 1Inj'

2018-05-08 10:44:14 - [TEST_STEP][PASSED] - selectOptionByIndex: All options with index in [2] are selected on object 'Object Repository/Schedule 12/Page_KDMC - CMS/select_--Select--Baby sheet (R'

2018-05-08 10:44:15 - [MESSAGE][PASSED] - All options with index in [2] are selected on object 'Object Repository/Schedule 12/Page_KDMC - CMS/select_--Select--Baby sheet (R'

2018-05-08 10:44:15 - [TEST_STEP][PASSED] - setText: Text '50000' is set on object 'Object Repository/Schedule 12/Page_KDMC - CMS/input_txttreat'

2018-05-08 10:44:15 - [MESSAGE][PASSED] - Text '50000' is set on object 'Object Repository/Schedule 12/Page_KDMC - CMS/input_txttreat'

2018-05-08 10:44:15 - [TEST_STEP][PASSED] - click: Object: 'Object Repository/Schedule 12/Page_KDMC - CMS/button_Add' is clicked on

2018-05-08 10:44:15 - [MESSAGE][PASSED] - Object: 'Object Repository/Schedule 12/Page_KDMC - CMS/button_Add' is clicked on

2018-05-08 10:44:15 - [TEST_STEP][PASSED] - selectOptionByIndex: All options with index in [12] are selected on object 'Object Repository/Schedule 12/Page_KDMC - CMS/select_--Select--Schedule 1Inj'

2018-05-08 10:44:15 - [MESSAGE][PASSED] - All options with index in [12] are selected on object 'Object Repository/Schedule 12/Page_KDMC - CMS/select_--Select--Schedule 1Inj'

2018-05-08 10:44:15 - [TEST_STEP][PASSED] - selectOptionByIndex: All options with index in [3] are selected on object 'Object Repository/Schedule 12/Page_KDMC - CMS/select_--Select--Baby sheet (R'

2018-05-08 10:44:16 - [MESSAGE][PASSED] - All options with index in [3] are selected on object 'Object Repository/Schedule 12/Page_KDMC - CMS/select_--Select--Baby sheet (R'

2018-05-08 10:44:16 - [TEST_STEP][PASSED] - setText: Text '50000' is set on object 'Object Repository/Schedule 12/Page_KDMC - CMS/input_txttreat'

2018-05-08 10:44:16 - [MESSAGE][PASSED] - Text '50000' is set on object 'Object Repository/Schedule 12/Page_KDMC - CMS/input_txttreat'

2018-05-08 10:44:16 - [TEST_STEP][PASSED] - click: Object: 'Object Repository/Schedule 12/Page_KDMC - CMS/button_Add' is clicked on

2018-05-08 10:44:16 - [MESSAGE][PASSED] - Object: 'Object Repository/Schedule 12/Page_KDMC - CMS/button_Add' is clicked on

2018-05-08 10:44:16 - [TEST_STEP][PASSED] - selectOptionByIndex: All options with index in [12] are selected on object 'Object Repository/Schedule 12/Page_KDMC - CMS/select_--Select--Schedule 1Inj'

2018-05-08 10:44:16 - [MESSAGE][PASSED] - All options with index in [12] are selected on object 'Object Repository/Schedule 12/Page_KDMC - CMS/select_--Select--Schedule 1Inj'

2018-05-08 10:44:16 - [TEST_STEP][PASSED] - selectOptionByIndex: All options with index in [4] are selected on object 'Object Repository/Schedule 12/Page_KDMC - CMS/select_--Select--Baby sheet (R'

2018-05-08 10:44:16 - [MESSAGE][PASSED] - All options with index in [4] are selected on object 'Object Repository/Schedule 12/Page_KDMC - CMS/select_--Select--Baby sheet (R'

2018-05-08 10:44:16 - [TEST_STEP][PASSED] - setText: Text '50000' is set on object 'Object Repository/Schedule 12/Page_KDMC - CMS/input_txttreat'

2018-05-08 10:44:16 - [MESSAGE][PASSED] - Text '50000' is set on object 'Object Repository/Schedule 12/Page_KDMC - CMS/input_txttreat'

2018-05-08 10:44:16 - [TEST_STEP][PASSED] - click: Object: 'Object Repository/Schedule 12/Page_KDMC - CMS/button_Add' is clicked on

2018-05-08 10:44:16 - [MESSAGE][PASSED] - Object: 'Object Repository/Schedule 12/Page_KDMC - CMS/button_Add' is clicked on

2018-05-08 10:44:16 - [TEST_STEP][PASSED] - selectOptionByIndex: All options with index in [12] are selected on object 'Object Repository/Schedule 12/Page_KDMC - CMS/select_--Select--Schedule 1Inj'

2018-05-08 10:44:16 - [MESSAGE][PASSED] - All options with index in [12] are selected on object 'Object Repository/Schedule 12/Page_KDMC - CMS/select_--Select--Schedule 1Inj'

2018-05-08 10:44:16 - [TEST_STEP][PASSED] - selectOptionByIndex: All options with index in [5] are selected on object 'Object Repository/Schedule 12/Page_KDMC - CMS/select_--Select--Baby sheet (R'

2018-05-08 10:44:17 - [MESSAGE][PASSED] - All options with index in [5] are selected on object 'Object Repository/Schedule 12/Page_KDMC - CMS/select_--Select--Baby sheet (R'

2018-05-08 10:44:17 - [TEST_STEP][PASSED] - setText: Text '50000' is set on object 'Object Repository/Schedule 12/Page_KDMC - CMS/input_txttreat'

2018-05-08 10:44:17 - [MESSAGE][PASSED] - Text '50000' is set on object 'Object Repository/Schedule 12/Page_KDMC - CMS/input_txttreat'

2018-05-08 10:44:17 - [TEST_STEP][PASSED] - click: Object: 'Object Repository/Schedule 12/Page_KDMC - CMS/button_Add' is clicked on

2018-05-08 10:44:17 - [MESSAGE][PASSED] - Object: 'Object Repository/Schedule 12/Page_KDMC - CMS/button_Add' is clicked on

2018-05-08 10:44:17 - [TEST_STEP][PASSED] - selectOptionByIndex: All options with index in [12] are selected on object 'Object Repository/Schedule 12/Page_KDMC - CMS/select_--Select--Schedule 1Inj'

2018-05-08 10:44:17 - [MESSAGE][PASSED] - All options with index in [12] are selected on object 'Object Repository/Schedule 12/Page_KDMC - CMS/select_--Select--Schedule 1Inj'

2018-05-08 10:44:17 - [TEST_STEP][PASSED] - selectOptionByIndex: All options with index in [6] are selected on object 'Object Repository/Schedule 12/Page_KDMC - CMS/select_--Select--Baby sheet (R'

2018-05-08 10:44:17 - [MESSAGE][PASSED] - All options with index in [6] are selected on object 'Object Repository/Schedule 12/Page_KDMC - CMS/select_--Select--Baby sheet (R'

2018-05-08 10:44:17 - [TEST_STEP][PASSED] - setText: Text '50000' is set on object 'Object Repository/Schedule 12/Page_KDMC - CMS/input_txttreat'

2018-05-08 10:44:17 - [MESSAGE][PASSED] - Text '50000' is set on object 'Object Repository/Schedule 12/Page_KDMC - CMS/input_txttreat'

2018-05-08 10:44:17 - [TEST_STEP][PASSED] - click: Object: 'Object Repository/Schedule 12/Page_KDMC - CMS/button_Add' is clicked on

2018-05-08 10:44:17 - [MESSAGE][PASSED] - Object: 'Object Repository/Schedule 12/Page_KDMC - CMS/button_Add' is clicked on

2018-05-08 10:44:17 - [TEST_STEP][PASSED] - selectOptionByIndex: All options with index in [12] are selected on object 'Object Repository/Schedule 12/Page_KDMC - CMS/select_--Select--Schedule 1Inj'

2018-05-08 10:44:17 - [MESSAGE][PASSED] - All options with index in [12] are selected on object 'Object Repository/Schedule 12/Page_KDMC - CMS/select_--Select--Schedule 1Inj'

2018-05-08 10:44:17 - [TEST_STEP][PASSED] - selectOptionByIndex: All options with index in [7] are selected on object 'Object Repository/Schedule 12/Page_KDMC - CMS/select_--Select--Baby sheet (R'

2018-05-08 10:44:18 - [MESSAGE][PASSED] - All options with index in [7] are selected on object 'Object Repository/Schedule 12/Page_KDMC - CMS/select_--Select--Baby sheet (R'

2018-05-08 10:44:18 - [TEST_STEP][PASSED] - setText: Text '50000' is set on object 'Object Repository/Schedule 12/Page_KDMC - CMS/input_txttreat'

2018-05-08 10:44:18 - [MESSAGE][PASSED] - Text '50000' is set on object 'Object Repository/Schedule 12/Page_KDMC - CMS/input_txttreat'

2018-05-08 10:44:18 - [TEST_STEP][PASSED] - click: Object: 'Object Repository/Schedule 12/Page_KDMC - CMS/button_Add' is clicked on

2018-05-08 10:44:18 - [MESSAGE][PASSED] - Object: 'Object Repository/Schedule 12/Page_KDMC - CMS/button_Add' is clicked on

2018-05-08 10:44:18 - [TEST_STEP][PASSED] - selectOptionByIndex: All options with index in [12] are selected on object 'Object Repository/Schedule 12/Page_KDMC - CMS/select_--Select--Schedule 1Inj'

2018-05-08 10:44:18 - [MESSAGE][PASSED] - All options with index in [12] are selected on object 'Object Repository/Schedule 12/Page_KDMC - CMS/select_--Select--Schedule 1Inj'

2018-05-08 10:44:18 - [TEST_STEP][PASSED] - selectOptionByIndex: All options with index in [8] are selected on object 'Object Repository/Schedule 12/Page_KDMC - CMS/select_--Select--Baby sheet (R'

2018-05-08 10:44:18 - [MESSAGE][PASSED] - All options with index in [8] are selected on object 'Object Repository/Schedule 12/Page_KDMC - CMS/select_--Select--Baby sheet (R'

2018-05-08 10:44:18 - [TEST_STEP][PASSED] - setText: Text '50000' is set on object 'Object Repository/Schedule 12/Page_KDMC - CMS/input_txttreat'

2018-05-08 10:44:18 - [MESSAGE][PASSED] - Text '50000' is set on object 'Object Repository/Schedule 12/Page_KDMC - CMS/input_txttreat'

2018-05-08 10:44:18 - [TEST_STEP][PASSED] - click: Object: 'Object Repository/Schedule 12/Page_KDMC - CMS/button_Add' is clicked on

2018-05-08 10:44:18 - [MESSAGE][PASSED] - Object: 'Object Repository/Schedule 12/Page_KDMC - CMS/button_Add' is clicked on

2018-05-08 10:44:18 - [TEST_STEP][PASSED] - selectOptionByIndex: All options with index in [12] are selected on object 'Object Repository/Schedule 12/Page_KDMC - CMS/select_--Select--Schedule 1Inj'

2018-05-08 10:44:18 - [MESSAGE][PASSED] - All options with index in [12] are selected on object 'Object Repository/Schedule 12/Page_KDMC - CMS/select_--Select--Schedule 1Inj'

2018-05-08 10:44:18 - [TEST_STEP][PASSED] - selectOptionByIndex: All options with index in [9] are selected on object 'Object Repository/Schedule 12/Page_KDMC - CMS/select_--Select--Baby sheet (R'

2018-05-08 10:44:19 - [MESSAGE][PASSED] - All options with index in [9] are selected on object 'Object Repository/Schedule 12/Page_KDMC - CMS/select_--Select--Baby sheet (R'

2018-05-08 10:44:19 - [TEST_STEP][PASSED] - setText: Text '50000' is set on object 'Object Repository/Schedule 12/Page_KDMC - CMS/input_txttreat'

2018-05-08 10:44:19 - [MESSAGE][PASSED] - Text '50000' is set on object 'Object Repository/Schedule 12/Page_KDMC - CMS/input_txttreat'

2018-05-08 10:44:19 - [TEST_STEP][PASSED] - click: Object: 'Object Repository/Schedule 12/Page_KDMC - CMS/button_Add' is clicked on

2018-05-08 10:44:19 - [MESSAGE][PASSED] - Object: 'Object Repository/Schedule 12/Page_KDMC - CMS/button_Add' is clicked on

2018-05-08 10:44:19 - [TEST_STEP][PASSED] - selectOptionByIndex: All options with index in [12] are selected on object 'Object Repository/Schedule 12/Page_KDMC - CMS/select_--Select--Schedule 1Inj'

2018-05-08 10:44:19 - [MESSAGE][PASSED] - All options with index in [12] are selected on object 'Object Repository/Schedule 12/Page_KDMC - CMS/select_--Select--Schedule 1Inj'

2018-05-08 10:44:19 - [TEST_STEP][PASSED] - selectOptionByIndex: All options with index in [10] are selected on object 'Object Repository/Schedule 12/Page_KDMC - CMS/select_--Select--Baby sheet (R'

2018-05-08 10:44:19 - [MESSAGE][PASSED] - All options with index in [10] are selected on object 'Object Repository/Schedule 12/Page_KDMC - CMS/select_--Select--Baby sheet (R'

2018-05-08 10:44:19 - [TEST_STEP][PASSED] - setText: Text '50000' is set on object 'Object Repository/Schedule 12/Page_KDMC - CMS/input_txttreat'

2018-05-08 10:44:19 - [MESSAGE][PASSED] - Text '50000' is set on object 'Object Repository/Schedule 12/Page_KDMC - CMS/input_txttreat'

2018-05-08 10:44:19 - [TEST_STEP][PASSED] - click: Object: 'Object Repository/Schedule 12/Page_KDMC - CMS/button_Add' is clicked on

2018-05-08 10:44:19 - [MESSAGE][PASSED] - Object: 'Object Repository/Schedule 12/Page_KDMC - CMS/button_Add' is clicked on

2018-05-08 10:44:19 - [TEST_STEP][PASSED] - selectOptionByIndex: All options with index in [12] are selected on object 'Object Repository/Schedule 12/Page_KDMC - CMS/select_--Select--Schedule 1Inj'

2018-05-08 10:44:20 - [MESSAGE][PASSED] - All options with index in [12] are selected on object 'Object Repository/Schedule 12/Page_KDMC - CMS/select_--Select--Schedule 1Inj'

2018-05-08 10:44:20 - [TEST_STEP][PASSED] - selectOptionByIndex: All options with index in [11] are selected on object 'Object Repository/Schedule 12/Page_KDMC - CMS/select_--Select--Baby sheet (R'

2018-05-08 10:44:20 - [MESSAGE][PASSED] - All options with index in [11] are selected on object 'Object Repository/Schedule 12/Page_KDMC - CMS/select_--Select--Baby sheet (R'

2018-05-08 10:44:20 - [TEST_STEP][PASSED] - setText: Text '50000' is set on object 'Object Repository/Schedule 12/Page_KDMC - CMS/input_txttreat'

2018-05-08 10:44:20 - [MESSAGE][PASSED] - Text '50000' is set on object 'Object Repository/Schedule 12/Page_KDMC - CMS/input_txttreat'

2018-05-08 10:44:20 - [TEST_STEP][PASSED] - click: Object: 'Object Repository/Schedule 12/Page_KDMC - CMS/button_Add' is clicked on

2018-05-08 10:44:20 - [MESSAGE][PASSED] - Object: 'Object Repository/Schedule 12/Page_KDMC - CMS/button_Add' is clicked on

2018-05-08 10:44:20 - [TEST_STEP][PASSED] - selectOptionByIndex: All options with index in [12] are selected on object 'Object Repository/Schedule 12/Page_KDMC - CMS/select_--Select--Schedule 1Inj'

2018-05-08 10:44:21 - [MESSAGE][PASSED] - All options with index in [12] are selected on object 'Object Repository/Schedule 12/Page_KDMC - CMS/select_--Select--Schedule 1Inj'

2018-05-08 10:44:21 - [TEST_STEP][PASSED] - selectOptionByIndex: All options with index in [12] are selected on object 'Object Repository/Schedule 12/Page_KDMC - CMS/select_--Select--Baby sheet (R'

2018-05-08 10:44:21 - [MESSAGE][PASSED] - All options with index in [12] are selected on object 'Object Repository/Schedule 12/Page_KDMC - CMS/select_--Select--Baby sheet (R'

2018-05-08 10:44:21 - [TEST_STEP][PASSED] - setText: Text '50000' is set on object 'Object Repository/Schedule 12/Page_KDMC - CMS/input_txttreat'

2018-05-08 10:44:21 - [MESSAGE][PASSED] - Text '50000' is set on object 'Object Repository/Schedule 12/Page_KDMC - CMS/input_txttreat'

2018-05-08 10:44:21 - [TEST_STEP][PASSED] - click: Object: 'Object Repository/Schedule 12/Page_KDMC - CMS/button_Add' is clicked on

2018-05-08 10:44:21 - [MESSAGE][PASSED] - Object: 'Object Repository/Schedule 12/Page_KDMC - CMS/button_Add' is clicked on

2018-05-08 10:44:21 - [TEST_STEP][PASSED] - selectOptionByIndex: All options with index in [12] are selected on object 'Object Repository/Schedule 12/Page_KDMC - CMS/select_--Select--Schedule 1Inj'

2018-05-08 10:44:21 - [MESSAGE][PASSED] - All options with index in [12] are selected on object 'Object Repository/Schedule 12/Page_KDMC - CMS/select_--Select--Schedule 1Inj'

2018-05-08 10:44:21 - [TEST_STEP][PASSED] - selectOptionByIndex: All options with index in [13] are selected on object 'Object Repository/Schedule 12/Page_KDMC - CMS/select_--Select--Baby sheet (R'

2018-05-08 10:44:22 - [MESSAGE][PASSED] - All options with index in [13] are selected on object 'Object Repository/Schedule 12/Page_KDMC - CMS/select_--Select--Baby sheet (R'

2018-05-08 10:44:22 - [TEST_STEP][PASSED] - setText: Text '50000' is set on object 'Object Repository/Schedule 12/Page_KDMC - CMS/input_txttreat'

2018-05-08 10:44:22 - [MESSAGE][PASSED] - Text '50000' is set on object 'Object Repository/Schedule 12/Page_KDMC - CMS/input_txttreat'

2018-05-08 10:44:22 - [TEST_STEP][PASSED] - click: Object: 'Object Repository/Schedule 12/Page_KDMC - CMS/button_Add' is clicked on

2018-05-08 10:44:22 - [MESSAGE][PASSED] - Object: 'Object Repository/Schedule 12/Page_KDMC - CMS/button_Add' is clicked on

2018-05-08 10:44:22 - [TEST_STEP][PASSED] - selectOptionByIndex: All options with index in [12] are selected on object 'Object Repository/Schedule 12/Page_KDMC - CMS/select_--Select--Schedule 1Inj'

2018-05-08 10:44:22 - [MESSAGE][PASSED] - All options with index in [12] are selected on object 'Object Repository/Schedule 12/Page_KDMC - CMS/select_--Select--Schedule 1Inj'

2018-05-08 10:44:22 - [TEST_STEP][PASSED] - selectOptionByIndex: All options with index in [14] are selected on object 'Object Repository/Schedule 12/Page_KDMC - CMS/select_--Select--Baby sheet (R'

2018-05-08 10:44:22 - [MESSAGE][PASSED] - All options with index in [14] are selected on object 'Object Repository/Schedule 12/Page_KDMC - CMS/select_--Select--Baby sheet (R'

2018-05-08 10:44:22 - [TEST_STEP][PASSED] - setText: Text '50000' is set on object 'Object Repository/Schedule 12/Page_KDMC - CMS/input_txttreat'

2018-05-08 10:44:23 - [MESSAGE][PASSED] - Text '50000' is set on object 'Object Repository/Schedule 12/Page_KDMC - CMS/input_txttreat'

2018-05-08 10:44:23 - [TEST_STEP][PASSED] - click: Object: 'Object Repository/Schedule 12/Page_KDMC - CMS/button_Add' is clicked on

2018-05-08 10:44:23 - [MESSAGE][PASSED] - Object: 'Object Repository/Schedule 12/Page_KDMC - CMS/button_Add' is clicked on

2018-05-08 10:44:23 - [TEST_STEP][PASSED] - selectOptionByIndex: All options with index in [12] are selected on object 'Object Repository/Schedule 12/Page_KDMC - CMS/select_--Select--Schedule 1Inj'

2018-05-08 10:44:23 - [MESSAGE][PASSED] - All options with index in [12] are selected on object 'Object Repository/Schedule 12/Page_KDMC - CMS/select_--Select--Schedule 1Inj'

2018-05-08 10:44:23 - [TEST_STEP][PASSED] - selectOptionByIndex: All options with index in [15] are selected on object 'Object Repository/Schedule 12/Page_KDMC - CMS/select_--Select--Baby sheet (R'

2018-05-08 10:44:23 - [MESSAGE][PASSED] - All options with index in [15] are selected on object 'Object Repository/Schedule 12/Page_KDMC - CMS/select_--Select--Baby sheet (R'

2018-05-08 10:44:23 - [TEST_STEP][PASSED] - setText: Text '50000' is set on object 'Object Repository/Schedule 12/Page_KDMC - CMS/input_txttreat'

2018-05-08 10:44:23 - [MESSAGE][PASSED] - Text '50000' is set on object 'Object Repository/Schedule 12/Page_KDMC - CMS/input_txttreat'

2018-05-08 10:44:23 - [TEST_STEP][PASSED] - click: Object: 'Object Repository/Schedule 12/Page_KDMC - CMS/button_Add' is clicked on

2018-05-08 10:44:23 - [MESSAGE][PASSED] - Object: 'Object Repository/Schedule 12/Page_KDMC - CMS/button_Add' is clicked on

2018-05-08 10:44:23 - [TEST_STEP][PASSED] - selectOptionByIndex: All options with index in [12] are selected on object 'Object Repository/Schedule 12/Page_KDMC - CMS/select_--Select--Schedule 1Inj'

2018-05-08 10:44:23 - [MESSAGE][PASSED] - All options with index in [12] are selected on object 'Object Repository/Schedule 12/Page_KDMC - CMS/select_--Select--Schedule 1Inj'

2018-05-08 10:44:23 - [TEST_STEP][PASSED] - selectOptionByIndex: All options with index in [16] are selected on object 'Object Repository/Schedule 12/Page_KDMC - CMS/select_--Select--Baby sheet (R'

2018-05-08 10:44:24 - [MESSAGE][PASSED] - All options with index in [16] are selected on object 'Object Repository/Schedule 12/Page_KDMC - CMS/select_--Select--Baby sheet (R'

2018-05-08 10:44:24 - [TEST_STEP][PASSED] - setText: Text '50000' is set on object 'Object Repository/Schedule 12/Page_KDMC - CMS/input_txttreat'

2018-05-08 10:44:24 - [MESSAGE][PASSED] - Text '50000' is set on object 'Object Repository/Schedule 12/Page_KDMC - CMS/input_txttreat'

2018-05-08 10:44:24 - [TEST_STEP][PASSED] - click: Object: 'Object Repository/Schedule 12/Page_KDMC - CMS/button_Add' is clicked on

2018-05-08 10:44:24 - [MESSAGE][PASSED] - Object: 'Object Repository/Schedule 12/Page_KDMC - CMS/button_Add' is clicked on

2018-05-08 10:44:24 - [TEST_STEP][PASSED] - selectOptionByIndex: All options with index in [12] are selected on object 'Object Repository/Schedule 12/Page_KDMC - CMS/select_--Select--Schedule 1Inj'

2018-05-08 10:44:24 - [MESSAGE][PASSED] - All options with index in [12] are selected on object 'Object Repository/Schedule 12/Page_KDMC - CMS/select_--Select--Schedule 1Inj'

2018-05-08 10:44:24 - [TEST_STEP][PASSED] - selectOptionByIndex: All options with index in [17] are selected on object 'Object Repository/Schedule 12/Page_KDMC - CMS/select_--Select--Baby sheet (R'

2018-05-08 10:44:24 - [MESSAGE][PASSED] - All options with index in [17] are selected on object 'Object Repository/Schedule 12/Page_KDMC - CMS/select_--Select--Baby sheet (R'

2018-05-08 10:44:24 - [TEST_STEP][PASSED] - setText: Text '50000' is set on object 'Object Repository/Schedule 12/Page_KDMC - CMS/input_txttreat'

2018-05-08 10:44:24 - [MESSAGE][PASSED] - Text '50000' is set on object 'Object Repository/Schedule 12/Page_KDMC - CMS/input_txttreat'

2018-05-08 10:44:24 - [TEST_STEP][PASSED] - click: Object: 'Object Repository/Schedule 12/Page_KDMC - CMS/button_Add' is clicked on

2018-05-08 10:44:24 - [MESSAGE][PASSED] - Object: 'Object Repository/Schedule 12/Page_KDMC - CMS/button_Add' is clicked on

2018-05-08 10:44:24 - [TEST_STEP][PASSED] - selectOptionByIndex: All options with index in [12] are selected on object 'Object Repository/Schedule 12/Page_KDMC - CMS/select_--Select--Schedule 1Inj'

2018-05-08 10:44:25 - [MESSAGE][PASSED] - All options with index in [12] are selected on object 'Object Repository/Schedule 12/Page_KDMC - CMS/select_--Select--Schedule 1Inj'

2018-05-08 10:44:25 - [TEST_STEP][PASSED] - selectOptionByIndex: All options with index in [18] are selected on object 'Object Repository/Schedule 12/Page_KDMC - CMS/select_--Select--Baby sheet (R'

2018-05-08 10:44:25 - [MESSAGE][PASSED] - All options with index in [18] are selected on object 'Object Repository/Schedule 12/Page_KDMC - CMS/select_--Select--Baby sheet (R'

2018-05-08 10:44:25 - [TEST_STEP][PASSED] - setText: Text '50000' is set on object 'Object Repository/Schedule 12/Page_KDMC - CMS/input_txttreat'

2018-05-08 10:44:26 - [MESSAGE][PASSED] - Text '50000' is set on object 'Object Repository/Schedule 12/Page_KDMC - CMS/input_txttreat'

2018-05-08 10:44:26 - [TEST_STEP][PASSED] - click: Object: 'Object Repository/Schedule 12/Page_KDMC - CMS/button_Add' is clicked on

2018-05-08 10:44:26 - [MESSAGE][PASSED] - Object: 'Object Repository/Schedule 12/Page_KDMC - CMS/button_Add' is clicked on

2018-05-08 10:44:26 - [TEST_STEP][PASSED] - selectOptionByIndex: All options with index in [12] are selected on object 'Object Repository/Schedule 12/Page_KDMC - CMS/select_--Select--Schedule 1Inj'

2018-05-08 10:44:26 - [MESSAGE][PASSED] - All options with index in [12] are selected on object 'Object Repository/Schedule 12/Page_KDMC - CMS/select_--Select--Schedule 1Inj'

2018-05-08 10:44:26 - [TEST_STEP][PASSED] - selectOptionByIndex: All options with index in [19] are selected on object 'Object Repository/Schedule 12/Page_KDMC - CMS/select_--Select--Baby sheet (R'

2018-05-08 10:44:27 - [MESSAGE][PASSED] - All options with index in [19] are selected on object 'Object Repository/Schedule 12/Page_KDMC - CMS/select_--Select--Baby sheet (R'

2018-05-08 10:44:27 - [TEST_STEP][PASSED] - setText: Text '50000' is set on object 'Object Repository/Schedule 12/Page_KDMC - CMS/input_txttreat'

2018-05-08 10:44:27 - [MESSAGE][PASSED] - Text '50000' is set on object 'Object Repository/Schedule 12/Page_KDMC - CMS/input_txttreat'

2018-05-08 10:44:27 - [TEST_STEP][PASSED] - click: Object: 'Object Repository/Schedule 12/Page_KDMC - CMS/button_Add' is clicked on

2018-05-08 10:44:27 - [MESSAGE][PASSED] - Object: 'Object Repository/Schedule 12/Page_KDMC - CMS/button_Add' is clicked on

2018-05-08 10:44:27 - [TEST_STEP][PASSED] - scrollToElement: Scroll to object 'Object Repository/Schedule 12/Page_KDMC - CMS/input_btnsave' successfully

2018-05-08 10:44:27 - [MESSAGE][PASSED] - Scroll to object 'Object Repository/Schedule 12/Page_KDMC - CMS/input_btnsave' successfully

2018-05-08 10:44:27 - [TEST_STEP][PASSED] - click: Object: 'Object Repository/Schedule 12/Page_KDMC - CMS/input_btnsave' is clicked on

2018-05-08 10:44:27 - [MESSAGE][PASSED] - Object: 'Object Repository/Schedule 12/Page_KDMC - CMS/input_btnsave' is clicked on

2018-05-08 10:44:27 - [TEST_STEP][PASSED] - delay: Delayed 3 second(s)

2018-05-08 10:44:30 - [MESSAGE][PASSED] - Delayed 3 second(s)

2018-05-08 10:44:30 - [TEST_STEP][PASSED] - click: Object: 'Object Repository/Schedule 12/Page_KDMC - CMS/button_OK' is clicked on

2018-05-08 10:44:31 - [MESSAGE][PASSED] - Object: 'Object Repository/Schedule 12/Page_KDMC - CMS/button_OK' is clicked on

2018-05-08 10:44:31 - [TEST_STEP][PASSED] - click: Object: 'Object Repository/Schedule 12/Page_KDMC - CMS/a_dropdown-toggle' is clicked on

2018-05-08 10:44:31 - [MESSAGE][PASSED] - Object: 'Object Repository/Schedule 12/Page_KDMC - CMS/a_dropdown-toggle' is clicked on

2018-05-08 10:44:31 - [TEST_STEP][PASSED] - click: Object: 'Object Repository/Schedule 12/Page_KDMC - CMS/a_Sign out' is clicked on

2018-05-08 10:44:31 - [MESSAGE][PASSED] - Object: 'Object Repository/Schedule 12/Page_KDMC - CMS/a_Sign out' is clicked on

2018-05-08 10:44:31 - [TEST_STEP][PASSED] - closeBrowser: Browser is closed

2018-05-08 10:44:32 - [MESSAGE][PASSED] - Browser is closed]]></system-out>
         <system-err><![CDATA[]]></system-err>
      </testcase>
      <system-out><![CDATA[2018-05-08 10:25:16 - [TEST_SUITE][FAILED] - Moh_Request: Test Cases/MOH TO CMS REQUEST/MohRequestSchedule1 FAILED because (of) Unable to click on object 'Object Repository/Schedule1/Page_KDMC - CMS/a_dropdown-toggle' (Root cause: com.kms.katalon.core.webui.exception.WebElementNotFoundException: Web element with id: 'Object Repository/Schedule1/Page_KDMC - CMS/a_dropdown-toggle' located by 'By.xpath: /html[1]/body[@class="skin-blue  pace-done"]/header[@class="header"]/div[@class="row"]/div[@class="col-md-12"]/nav[@class="navbar navbar-static-top"]/div[@class="navbar-right"]/ul[@class="nav navbar-nav"]/li[@class="dropdown user user-menu"]/a[@class="dropdown-toggle"][count(. | //a[@href = '#' and @data-toggle = 'dropdown']) = count(//a[@href = '#' and @data-toggle = 'dropdown'])]' not found)]]></system-out>
      <system-err><![CDATA[2018-05-08 10:25:16 - [TEST_SUITE][FAILED] - Moh_Request: Test Cases/MOH TO CMS REQUEST/MohRequestSchedule1 FAILED because (of) Unable to click on object 'Object Repository/Schedule1/Page_KDMC - CMS/a_dropdown-toggle' (Root cause: com.kms.katalon.core.webui.exception.WebElementNotFoundException: Web element with id: 'Object Repository/Schedule1/Page_KDMC - CMS/a_dropdown-toggle' located by 'By.xpath: /html[1]/body[@class="skin-blue  pace-done"]/header[@class="header"]/div[@class="row"]/div[@class="col-md-12"]/nav[@class="navbar navbar-static-top"]/div[@class="navbar-right"]/ul[@class="nav navbar-nav"]/li[@class="dropdown user user-menu"]/a[@class="dropdown-toggle"][count(. | //a[@href = '#' and @data-toggle = 'dropdown']) = count(//a[@href = '#' and @data-toggle = 'dropdown'])]' not found)]]></system-err>
   </testsuite>
</testsuites>
