<?xml version="1.0" encoding="UTF-8"?>
<testsuites name="Moh_Request" time="741" tests="11" failures="0" errors="0">
   <testsuite name="Moh_Request" tests="11" failures="0" errors="0" time="741" timestamp="2018-05-05 19:24:39" hostname="Quality Analyst - DESKTOP-BLFTK83" id="Test Suites/Moh_Request">
      <properties>
         <property name="deviceName" value=""/>
         <property name="devicePlatform" value=""/>
         <property name="logFolder" value="C:\\Users\\Quality Analyst\\Katalon Studio\\ds\\Reports\\Moh_Request\\20180505_192433"/>
         <property name="logFiles" value="C:\\Users\\Quality Analyst\\Katalon Studio\\ds\\Reports\\Moh_Request\\20180505_192433\\execution0.log, C:\\Users\\Quality Analyst\\Katalon Studio\\ds\\Reports\\Moh_Request\\20180505_192433\\execution1.log"/>
         <property name="attachments" value=""/>
         <property name="hostName" value="Quality Analyst - DESKTOP-BLFTK83"/>
         <property name="os" value="Windows 10 64bit"/>
         <property name="katalonVersion" value="5.4.1.1"/>
         <property name="browser" value="Chrome 66.0.3359.139"/>
         <property name="hostAddress" value="192.168.71.2"/>
         <property name="sessionId" value="f32aa57da26891e08da775291f121163"/>
         <property name="seleniumVersion" value="3.7.1"/>
         <property name="proxyInformation" value="ProxyInformation{proxyOption=NO_PROXY, proxyServerType=HTTP, password=, proxyServerAddress=, proxyServerPort=0}"/>
         <property name="platform" value="Windows 10"/>
      </properties>
      <testcase name="Test Cases/MOH TO CMS REQUEST/MohRequestSchedule2" classname="Test Cases/MOH TO CMS REQUEST/MohRequestSchedule2" status="PASSED">
         <system-out><![CDATA[2018-05-05 19:24:39 - [TEST_CASE][PASSED] - Test Cases/MOH TO CMS REQUEST/MohRequestSchedule2: Test Cases/MOH TO CMS REQUEST/MohRequestSchedule2

2018-05-05 19:24:39 - [TEST_STEP][PASSED] - openBrowser: Browser is opened with url: ''

2018-05-05 19:24:42 - [MESSAGE][PASSED] - Browser is opened with url: ''

2018-05-05 19:24:42 - [TEST_STEP][PASSED] - navigateToUrl: Navigate to 'http://192.168.137.1/multihospital_new/' successfully

2018-05-05 19:24:44 - [MESSAGE][PASSED] - Navigate to 'http://192.168.137.1/multihospital_new/' successfully

2018-05-05 19:24:44 - [TEST_STEP][PASSED] - maximizeWindow: Current window maximized

2018-05-05 19:24:46 - [MESSAGE][PASSED] - Current window maximized

2018-05-05 19:24:46 - [TEST_STEP][PASSED] - click: Object: 'Object Repository/Schedule2/Page_KDMC/a_CMS' is clicked on

2018-05-05 19:24:46 - [MESSAGE][PASSED] - Object: 'Object Repository/Schedule2/Page_KDMC/a_CMS' is clicked on

2018-05-05 19:24:46 - [TEST_STEP][PASSED] - setText: Text 'bala' is set on object 'Object Repository/Schedule2/Page_CMS login/input_txtusername'

2018-05-05 19:24:47 - [MESSAGE][PASSED] - Text 'bala' is set on object 'Object Repository/Schedule2/Page_CMS login/input_txtusername'

2018-05-05 19:24:47 - [TEST_STEP][PASSED] - setText: Text '123' is set on object 'Object Repository/Schedule2/Page_CMS login/input_txtpassword'

2018-05-05 19:24:47 - [MESSAGE][PASSED] - Text '123' is set on object 'Object Repository/Schedule2/Page_CMS login/input_txtpassword'

2018-05-05 19:24:47 - [TEST_STEP][PASSED] - delay: Delayed 4 second(s)

2018-05-05 19:24:51 - [MESSAGE][PASSED] - Delayed 4 second(s)

2018-05-05 19:24:51 - [TEST_STEP][PASSED] - click: Object: 'Object Repository/Schedule2/Page_CMS login/button_Sign in' is clicked on

2018-05-05 19:24:52 - [MESSAGE][PASSED] - Object: 'Object Repository/Schedule2/Page_CMS login/button_Sign in' is clicked on

2018-05-05 19:24:52 - [TEST_STEP][PASSED] - delay: Delayed 2 second(s)

2018-05-05 19:24:54 - [MESSAGE][PASSED] - Delayed 2 second(s)

2018-05-05 19:24:54 - [TEST_STEP][PASSED] - click: Object: 'Object Repository/Schedule2/Page_KDMC - CMS/a_Request to MOH' is clicked on

2018-05-05 19:24:54 - [MESSAGE][PASSED] - Object: 'Object Repository/Schedule2/Page_KDMC - CMS/a_Request to MOH' is clicked on

2018-05-05 19:24:54 - [TEST_STEP][PASSED] - delay: Delayed 2 second(s)

2018-05-05 19:24:56 - [MESSAGE][PASSED] - Delayed 2 second(s)

2018-05-05 19:24:56 - [TEST_STEP][PASSED] - selectOptionByValue: All options with value 'Weekly/Monthly' are selected in object 'Object Repository/Schedule2/Page_KDMC - CMS/select_--Select--'  using regular expression

2018-05-05 19:24:56 - [MESSAGE][PASSED] - All options with value 'Weekly/Monthly' are selected in object 'Object Repository/Schedule2/Page_KDMC - CMS/select_--Select--'  using regular expression

2018-05-05 19:24:56 - [TEST_STEP][PASSED] - delay: Delayed 2 second(s)

2018-05-05 19:24:58 - [MESSAGE][PASSED] - Delayed 2 second(s)

2018-05-05 19:24:58 - [TEST_STEP][PASSED] - selectOptionByValue: All options with value '2' are selected in object 'Object Repository/Schedule2/Page_KDMC - CMS/select_--Select--Schedule 1Inj'  using regular expression

2018-05-05 19:24:59 - [MESSAGE][PASSED] - All options with value '2' are selected in object 'Object Repository/Schedule2/Page_KDMC - CMS/select_--Select--Schedule 1Inj'  using regular expression

2018-05-05 19:24:59 - [TEST_STEP][PASSED] - Statement - selectedoptions = com.kms.katalon.core.webui.keyword.WebUiBuiltInKeywords.getNumberOfTotalOption(com.kms.katalon.core.testobject.ObjectRepository.findTestObject(Schedule2/Page_KDMC - CMS/select_--Select--Albendazole)): 73 options of object 'Object Repository/Schedule2/Page_KDMC - CMS/select_--Select--Albendazole' counted

2018-05-05 19:24:59 - [MESSAGE][PASSED] - 73 options of object 'Object Repository/Schedule2/Page_KDMC - CMS/select_--Select--Albendazole' counted

2018-05-05 19:24:59 - [TEST_STEP][PASSED] - Statement - For ([i = 1, i < selectedoptions, (i++)]): Object: 'Object Repository/Schedule2/Page_KDMC - CMS/button_Add' is clicked on

2018-05-05 19:24:59 - [TEST_STEP][PASSED] - selectOptionByValue: All options with value '2' are selected in object 'Object Repository/Schedule2/Page_KDMC - CMS/select_--Select--Schedule 1Inj'  using regular expression

2018-05-05 19:24:59 - [MESSAGE][PASSED] - All options with value '2' are selected in object 'Object Repository/Schedule2/Page_KDMC - CMS/select_--Select--Schedule 1Inj'  using regular expression

2018-05-05 19:24:59 - [TEST_STEP][PASSED] - selectOptionByIndex: All options with index in [1] are selected on object 'Object Repository/Schedule2/Page_KDMC - CMS/select_--Select--Albendazole'

2018-05-05 19:24:59 - [MESSAGE][PASSED] - All options with index in [1] are selected on object 'Object Repository/Schedule2/Page_KDMC - CMS/select_--Select--Albendazole'

2018-05-05 19:24:59 - [TEST_STEP][PASSED] - setText: Text '5000' is set on object 'Object Repository/Schedule2/Page_KDMC - CMS/input_txttreat'

2018-05-05 19:25:00 - [MESSAGE][PASSED] - Text '5000' is set on object 'Object Repository/Schedule2/Page_KDMC - CMS/input_txttreat'

2018-05-05 19:25:00 - [TEST_STEP][PASSED] - delay: Delayed 1 second(s)

2018-05-05 19:25:01 - [MESSAGE][PASSED] - Delayed 1 second(s)

2018-05-05 19:25:01 - [TEST_STEP][PASSED] - click: Object: 'Object Repository/Schedule2/Page_KDMC - CMS/button_Add' is clicked on

2018-05-05 19:25:01 - [MESSAGE][PASSED] - Object: 'Object Repository/Schedule2/Page_KDMC - CMS/button_Add' is clicked on

2018-05-05 19:25:01 - [TEST_STEP][PASSED] - selectOptionByValue: All options with value '2' are selected in object 'Object Repository/Schedule2/Page_KDMC - CMS/select_--Select--Schedule 1Inj'  using regular expression

2018-05-05 19:25:01 - [MESSAGE][PASSED] - All options with value '2' are selected in object 'Object Repository/Schedule2/Page_KDMC - CMS/select_--Select--Schedule 1Inj'  using regular expression

2018-05-05 19:25:01 - [TEST_STEP][PASSED] - selectOptionByIndex: All options with index in [2] are selected on object 'Object Repository/Schedule2/Page_KDMC - CMS/select_--Select--Albendazole'

2018-05-05 19:25:01 - [MESSAGE][PASSED] - All options with index in [2] are selected on object 'Object Repository/Schedule2/Page_KDMC - CMS/select_--Select--Albendazole'

2018-05-05 19:25:01 - [TEST_STEP][PASSED] - setText: Text '5000' is set on object 'Object Repository/Schedule2/Page_KDMC - CMS/input_txttreat'

2018-05-05 19:25:01 - [MESSAGE][PASSED] - Text '5000' is set on object 'Object Repository/Schedule2/Page_KDMC - CMS/input_txttreat'

2018-05-05 19:25:01 - [TEST_STEP][PASSED] - delay: Delayed 1 second(s)

2018-05-05 19:25:02 - [MESSAGE][PASSED] - Delayed 1 second(s)

2018-05-05 19:25:02 - [TEST_STEP][PASSED] - click: Object: 'Object Repository/Schedule2/Page_KDMC - CMS/button_Add' is clicked on

2018-05-05 19:25:02 - [MESSAGE][PASSED] - Object: 'Object Repository/Schedule2/Page_KDMC - CMS/button_Add' is clicked on

2018-05-05 19:25:02 - [TEST_STEP][PASSED] - selectOptionByValue: All options with value '2' are selected in object 'Object Repository/Schedule2/Page_KDMC - CMS/select_--Select--Schedule 1Inj'  using regular expression

2018-05-05 19:25:03 - [MESSAGE][PASSED] - All options with value '2' are selected in object 'Object Repository/Schedule2/Page_KDMC - CMS/select_--Select--Schedule 1Inj'  using regular expression

2018-05-05 19:25:03 - [TEST_STEP][PASSED] - selectOptionByIndex: All options with index in [3] are selected on object 'Object Repository/Schedule2/Page_KDMC - CMS/select_--Select--Albendazole'

2018-05-05 19:25:03 - [MESSAGE][PASSED] - All options with index in [3] are selected on object 'Object Repository/Schedule2/Page_KDMC - CMS/select_--Select--Albendazole'

2018-05-05 19:25:03 - [TEST_STEP][PASSED] - setText: Text '5000' is set on object 'Object Repository/Schedule2/Page_KDMC - CMS/input_txttreat'

2018-05-05 19:25:03 - [MESSAGE][PASSED] - Text '5000' is set on object 'Object Repository/Schedule2/Page_KDMC - CMS/input_txttreat'

2018-05-05 19:25:03 - [TEST_STEP][PASSED] - delay: Delayed 1 second(s)

2018-05-05 19:25:04 - [MESSAGE][PASSED] - Delayed 1 second(s)

2018-05-05 19:25:04 - [TEST_STEP][PASSED] - click: Object: 'Object Repository/Schedule2/Page_KDMC - CMS/button_Add' is clicked on

2018-05-05 19:25:04 - [MESSAGE][PASSED] - Object: 'Object Repository/Schedule2/Page_KDMC - CMS/button_Add' is clicked on

2018-05-05 19:25:04 - [TEST_STEP][PASSED] - selectOptionByValue: All options with value '2' are selected in object 'Object Repository/Schedule2/Page_KDMC - CMS/select_--Select--Schedule 1Inj'  using regular expression

2018-05-05 19:25:04 - [MESSAGE][PASSED] - All options with value '2' are selected in object 'Object Repository/Schedule2/Page_KDMC - CMS/select_--Select--Schedule 1Inj'  using regular expression

2018-05-05 19:25:04 - [TEST_STEP][PASSED] - selectOptionByIndex: All options with index in [4] are selected on object 'Object Repository/Schedule2/Page_KDMC - CMS/select_--Select--Albendazole'

2018-05-05 19:25:04 - [MESSAGE][PASSED] - All options with index in [4] are selected on object 'Object Repository/Schedule2/Page_KDMC - CMS/select_--Select--Albendazole'

2018-05-05 19:25:04 - [TEST_STEP][PASSED] - setText: Text '5000' is set on object 'Object Repository/Schedule2/Page_KDMC - CMS/input_txttreat'

2018-05-05 19:25:04 - [MESSAGE][PASSED] - Text '5000' is set on object 'Object Repository/Schedule2/Page_KDMC - CMS/input_txttreat'

2018-05-05 19:25:04 - [TEST_STEP][PASSED] - delay: Delayed 1 second(s)

2018-05-05 19:25:05 - [MESSAGE][PASSED] - Delayed 1 second(s)

2018-05-05 19:25:05 - [TEST_STEP][PASSED] - click: Object: 'Object Repository/Schedule2/Page_KDMC - CMS/button_Add' is clicked on

2018-05-05 19:25:05 - [MESSAGE][PASSED] - Object: 'Object Repository/Schedule2/Page_KDMC - CMS/button_Add' is clicked on

2018-05-05 19:25:05 - [TEST_STEP][PASSED] - selectOptionByValue: All options with value '2' are selected in object 'Object Repository/Schedule2/Page_KDMC - CMS/select_--Select--Schedule 1Inj'  using regular expression

2018-05-05 19:25:06 - [MESSAGE][PASSED] - All options with value '2' are selected in object 'Object Repository/Schedule2/Page_KDMC - CMS/select_--Select--Schedule 1Inj'  using regular expression

2018-05-05 19:25:06 - [TEST_STEP][PASSED] - selectOptionByIndex: All options with index in [5] are selected on object 'Object Repository/Schedule2/Page_KDMC - CMS/select_--Select--Albendazole'

2018-05-05 19:25:06 - [MESSAGE][PASSED] - All options with index in [5] are selected on object 'Object Repository/Schedule2/Page_KDMC - CMS/select_--Select--Albendazole'

2018-05-05 19:25:06 - [TEST_STEP][PASSED] - setText: Text '5000' is set on object 'Object Repository/Schedule2/Page_KDMC - CMS/input_txttreat'

2018-05-05 19:25:06 - [MESSAGE][PASSED] - Text '5000' is set on object 'Object Repository/Schedule2/Page_KDMC - CMS/input_txttreat'

2018-05-05 19:25:06 - [TEST_STEP][PASSED] - delay: Delayed 1 second(s)

2018-05-05 19:25:07 - [MESSAGE][PASSED] - Delayed 1 second(s)

2018-05-05 19:25:07 - [TEST_STEP][PASSED] - click: Object: 'Object Repository/Schedule2/Page_KDMC - CMS/button_Add' is clicked on

2018-05-05 19:25:07 - [MESSAGE][PASSED] - Object: 'Object Repository/Schedule2/Page_KDMC - CMS/button_Add' is clicked on

2018-05-05 19:25:07 - [TEST_STEP][PASSED] - selectOptionByValue: All options with value '2' are selected in object 'Object Repository/Schedule2/Page_KDMC - CMS/select_--Select--Schedule 1Inj'  using regular expression

2018-05-05 19:25:07 - [MESSAGE][PASSED] - All options with value '2' are selected in object 'Object Repository/Schedule2/Page_KDMC - CMS/select_--Select--Schedule 1Inj'  using regular expression

2018-05-05 19:25:07 - [TEST_STEP][PASSED] - selectOptionByIndex: All options with index in [6] are selected on object 'Object Repository/Schedule2/Page_KDMC - CMS/select_--Select--Albendazole'

2018-05-05 19:25:08 - [MESSAGE][PASSED] - All options with index in [6] are selected on object 'Object Repository/Schedule2/Page_KDMC - CMS/select_--Select--Albendazole'

2018-05-05 19:25:08 - [TEST_STEP][PASSED] - setText: Text '5000' is set on object 'Object Repository/Schedule2/Page_KDMC - CMS/input_txttreat'

2018-05-05 19:25:08 - [MESSAGE][PASSED] - Text '5000' is set on object 'Object Repository/Schedule2/Page_KDMC - CMS/input_txttreat'

2018-05-05 19:25:08 - [TEST_STEP][PASSED] - delay: Delayed 1 second(s)

2018-05-05 19:25:09 - [MESSAGE][PASSED] - Delayed 1 second(s)

2018-05-05 19:25:09 - [TEST_STEP][PASSED] - click: Object: 'Object Repository/Schedule2/Page_KDMC - CMS/button_Add' is clicked on

2018-05-05 19:25:09 - [MESSAGE][PASSED] - Object: 'Object Repository/Schedule2/Page_KDMC - CMS/button_Add' is clicked on

2018-05-05 19:25:09 - [TEST_STEP][PASSED] - selectOptionByValue: All options with value '2' are selected in object 'Object Repository/Schedule2/Page_KDMC - CMS/select_--Select--Schedule 1Inj'  using regular expression

2018-05-05 19:25:09 - [MESSAGE][PASSED] - All options with value '2' are selected in object 'Object Repository/Schedule2/Page_KDMC - CMS/select_--Select--Schedule 1Inj'  using regular expression

2018-05-05 19:25:09 - [TEST_STEP][PASSED] - selectOptionByIndex: All options with index in [7] are selected on object 'Object Repository/Schedule2/Page_KDMC - CMS/select_--Select--Albendazole'

2018-05-05 19:25:09 - [MESSAGE][PASSED] - All options with index in [7] are selected on object 'Object Repository/Schedule2/Page_KDMC - CMS/select_--Select--Albendazole'

2018-05-05 19:25:09 - [TEST_STEP][PASSED] - setText: Text '5000' is set on object 'Object Repository/Schedule2/Page_KDMC - CMS/input_txttreat'

2018-05-05 19:25:09 - [MESSAGE][PASSED] - Text '5000' is set on object 'Object Repository/Schedule2/Page_KDMC - CMS/input_txttreat'

2018-05-05 19:25:09 - [TEST_STEP][PASSED] - delay: Delayed 1 second(s)

2018-05-05 19:25:10 - [MESSAGE][PASSED] - Delayed 1 second(s)

2018-05-05 19:25:10 - [TEST_STEP][PASSED] - click: Object: 'Object Repository/Schedule2/Page_KDMC - CMS/button_Add' is clicked on

2018-05-05 19:25:11 - [MESSAGE][PASSED] - Object: 'Object Repository/Schedule2/Page_KDMC - CMS/button_Add' is clicked on

2018-05-05 19:25:11 - [TEST_STEP][PASSED] - selectOptionByValue: All options with value '2' are selected in object 'Object Repository/Schedule2/Page_KDMC - CMS/select_--Select--Schedule 1Inj'  using regular expression

2018-05-05 19:25:11 - [MESSAGE][PASSED] - All options with value '2' are selected in object 'Object Repository/Schedule2/Page_KDMC - CMS/select_--Select--Schedule 1Inj'  using regular expression

2018-05-05 19:25:11 - [TEST_STEP][PASSED] - selectOptionByIndex: All options with index in [8] are selected on object 'Object Repository/Schedule2/Page_KDMC - CMS/select_--Select--Albendazole'

2018-05-05 19:25:11 - [MESSAGE][PASSED] - All options with index in [8] are selected on object 'Object Repository/Schedule2/Page_KDMC - CMS/select_--Select--Albendazole'

2018-05-05 19:25:11 - [TEST_STEP][PASSED] - setText: Text '5000' is set on object 'Object Repository/Schedule2/Page_KDMC - CMS/input_txttreat'

2018-05-05 19:25:11 - [MESSAGE][PASSED] - Text '5000' is set on object 'Object Repository/Schedule2/Page_KDMC - CMS/input_txttreat'

2018-05-05 19:25:11 - [TEST_STEP][PASSED] - delay: Delayed 1 second(s)

2018-05-05 19:25:12 - [MESSAGE][PASSED] - Delayed 1 second(s)

2018-05-05 19:25:12 - [TEST_STEP][PASSED] - click: Object: 'Object Repository/Schedule2/Page_KDMC - CMS/button_Add' is clicked on

2018-05-05 19:25:12 - [MESSAGE][PASSED] - Object: 'Object Repository/Schedule2/Page_KDMC - CMS/button_Add' is clicked on

2018-05-05 19:25:12 - [TEST_STEP][PASSED] - selectOptionByValue: All options with value '2' are selected in object 'Object Repository/Schedule2/Page_KDMC - CMS/select_--Select--Schedule 1Inj'  using regular expression

2018-05-05 19:25:13 - [MESSAGE][PASSED] - All options with value '2' are selected in object 'Object Repository/Schedule2/Page_KDMC - CMS/select_--Select--Schedule 1Inj'  using regular expression

2018-05-05 19:25:13 - [TEST_STEP][PASSED] - selectOptionByIndex: All options with index in [9] are selected on object 'Object Repository/Schedule2/Page_KDMC - CMS/select_--Select--Albendazole'

2018-05-05 19:25:13 - [MESSAGE][PASSED] - All options with index in [9] are selected on object 'Object Repository/Schedule2/Page_KDMC - CMS/select_--Select--Albendazole'

2018-05-05 19:25:13 - [TEST_STEP][PASSED] - setText: Text '5000' is set on object 'Object Repository/Schedule2/Page_KDMC - CMS/input_txttreat'

2018-05-05 19:25:13 - [MESSAGE][PASSED] - Text '5000' is set on object 'Object Repository/Schedule2/Page_KDMC - CMS/input_txttreat'

2018-05-05 19:25:13 - [TEST_STEP][PASSED] - delay: Delayed 1 second(s)

2018-05-05 19:25:14 - [MESSAGE][PASSED] - Delayed 1 second(s)

2018-05-05 19:25:14 - [TEST_STEP][PASSED] - click: Object: 'Object Repository/Schedule2/Page_KDMC - CMS/button_Add' is clicked on

2018-05-05 19:25:14 - [MESSAGE][PASSED] - Object: 'Object Repository/Schedule2/Page_KDMC - CMS/button_Add' is clicked on

2018-05-05 19:25:14 - [TEST_STEP][PASSED] - selectOptionByValue: All options with value '2' are selected in object 'Object Repository/Schedule2/Page_KDMC - CMS/select_--Select--Schedule 1Inj'  using regular expression

2018-05-05 19:25:14 - [MESSAGE][PASSED] - All options with value '2' are selected in object 'Object Repository/Schedule2/Page_KDMC - CMS/select_--Select--Schedule 1Inj'  using regular expression

2018-05-05 19:25:14 - [TEST_STEP][PASSED] - selectOptionByIndex: All options with index in [10] are selected on object 'Object Repository/Schedule2/Page_KDMC - CMS/select_--Select--Albendazole'

2018-05-05 19:25:14 - [MESSAGE][PASSED] - All options with index in [10] are selected on object 'Object Repository/Schedule2/Page_KDMC - CMS/select_--Select--Albendazole'

2018-05-05 19:25:14 - [TEST_STEP][PASSED] - setText: Text '5000' is set on object 'Object Repository/Schedule2/Page_KDMC - CMS/input_txttreat'

2018-05-05 19:25:15 - [MESSAGE][PASSED] - Text '5000' is set on object 'Object Repository/Schedule2/Page_KDMC - CMS/input_txttreat'

2018-05-05 19:25:15 - [TEST_STEP][PASSED] - delay: Delayed 1 second(s)

2018-05-05 19:25:16 - [MESSAGE][PASSED] - Delayed 1 second(s)

2018-05-05 19:25:16 - [TEST_STEP][PASSED] - click: Object: 'Object Repository/Schedule2/Page_KDMC - CMS/button_Add' is clicked on

2018-05-05 19:25:16 - [MESSAGE][PASSED] - Object: 'Object Repository/Schedule2/Page_KDMC - CMS/button_Add' is clicked on

2018-05-05 19:25:16 - [TEST_STEP][PASSED] - selectOptionByValue: All options with value '2' are selected in object 'Object Repository/Schedule2/Page_KDMC - CMS/select_--Select--Schedule 1Inj'  using regular expression

2018-05-05 19:25:16 - [MESSAGE][PASSED] - All options with value '2' are selected in object 'Object Repository/Schedule2/Page_KDMC - CMS/select_--Select--Schedule 1Inj'  using regular expression

2018-05-05 19:25:16 - [TEST_STEP][PASSED] - selectOptionByIndex: All options with index in [11] are selected on object 'Object Repository/Schedule2/Page_KDMC - CMS/select_--Select--Albendazole'

2018-05-05 19:25:16 - [MESSAGE][PASSED] - All options with index in [11] are selected on object 'Object Repository/Schedule2/Page_KDMC - CMS/select_--Select--Albendazole'

2018-05-05 19:25:16 - [TEST_STEP][PASSED] - setText: Text '5000' is set on object 'Object Repository/Schedule2/Page_KDMC - CMS/input_txttreat'

2018-05-05 19:25:16 - [MESSAGE][PASSED] - Text '5000' is set on object 'Object Repository/Schedule2/Page_KDMC - CMS/input_txttreat'

2018-05-05 19:25:16 - [TEST_STEP][PASSED] - delay: Delayed 1 second(s)

2018-05-05 19:25:17 - [MESSAGE][PASSED] - Delayed 1 second(s)

2018-05-05 19:25:17 - [TEST_STEP][PASSED] - click: Object: 'Object Repository/Schedule2/Page_KDMC - CMS/button_Add' is clicked on

2018-05-05 19:25:17 - [MESSAGE][PASSED] - Object: 'Object Repository/Schedule2/Page_KDMC - CMS/button_Add' is clicked on

2018-05-05 19:25:17 - [TEST_STEP][PASSED] - selectOptionByValue: All options with value '2' are selected in object 'Object Repository/Schedule2/Page_KDMC - CMS/select_--Select--Schedule 1Inj'  using regular expression

2018-05-05 19:25:18 - [MESSAGE][PASSED] - All options with value '2' are selected in object 'Object Repository/Schedule2/Page_KDMC - CMS/select_--Select--Schedule 1Inj'  using regular expression

2018-05-05 19:25:18 - [TEST_STEP][PASSED] - selectOptionByIndex: All options with index in [12] are selected on object 'Object Repository/Schedule2/Page_KDMC - CMS/select_--Select--Albendazole'

2018-05-05 19:25:18 - [MESSAGE][PASSED] - All options with index in [12] are selected on object 'Object Repository/Schedule2/Page_KDMC - CMS/select_--Select--Albendazole'

2018-05-05 19:25:18 - [TEST_STEP][PASSED] - setText: Text '5000' is set on object 'Object Repository/Schedule2/Page_KDMC - CMS/input_txttreat'

2018-05-05 19:25:18 - [MESSAGE][PASSED] - Text '5000' is set on object 'Object Repository/Schedule2/Page_KDMC - CMS/input_txttreat'

2018-05-05 19:25:18 - [TEST_STEP][PASSED] - delay: Delayed 1 second(s)

2018-05-05 19:25:19 - [MESSAGE][PASSED] - Delayed 1 second(s)

2018-05-05 19:25:19 - [TEST_STEP][PASSED] - click: Object: 'Object Repository/Schedule2/Page_KDMC - CMS/button_Add' is clicked on

2018-05-05 19:25:19 - [MESSAGE][PASSED] - Object: 'Object Repository/Schedule2/Page_KDMC - CMS/button_Add' is clicked on

2018-05-05 19:25:19 - [TEST_STEP][PASSED] - selectOptionByValue: All options with value '2' are selected in object 'Object Repository/Schedule2/Page_KDMC - CMS/select_--Select--Schedule 1Inj'  using regular expression

2018-05-05 19:25:19 - [MESSAGE][PASSED] - All options with value '2' are selected in object 'Object Repository/Schedule2/Page_KDMC - CMS/select_--Select--Schedule 1Inj'  using regular expression

2018-05-05 19:25:19 - [TEST_STEP][PASSED] - selectOptionByIndex: All options with index in [13] are selected on object 'Object Repository/Schedule2/Page_KDMC - CMS/select_--Select--Albendazole'

2018-05-05 19:25:20 - [MESSAGE][PASSED] - All options with index in [13] are selected on object 'Object Repository/Schedule2/Page_KDMC - CMS/select_--Select--Albendazole'

2018-05-05 19:25:20 - [TEST_STEP][PASSED] - setText: Text '5000' is set on object 'Object Repository/Schedule2/Page_KDMC - CMS/input_txttreat'

2018-05-05 19:25:20 - [MESSAGE][PASSED] - Text '5000' is set on object 'Object Repository/Schedule2/Page_KDMC - CMS/input_txttreat'

2018-05-05 19:25:20 - [TEST_STEP][PASSED] - delay: Delayed 1 second(s)

2018-05-05 19:25:21 - [MESSAGE][PASSED] - Delayed 1 second(s)

2018-05-05 19:25:21 - [TEST_STEP][PASSED] - click: Object: 'Object Repository/Schedule2/Page_KDMC - CMS/button_Add' is clicked on

2018-05-05 19:25:21 - [MESSAGE][PASSED] - Object: 'Object Repository/Schedule2/Page_KDMC - CMS/button_Add' is clicked on

2018-05-05 19:25:21 - [TEST_STEP][PASSED] - selectOptionByValue: All options with value '2' are selected in object 'Object Repository/Schedule2/Page_KDMC - CMS/select_--Select--Schedule 1Inj'  using regular expression

2018-05-05 19:25:21 - [MESSAGE][PASSED] - All options with value '2' are selected in object 'Object Repository/Schedule2/Page_KDMC - CMS/select_--Select--Schedule 1Inj'  using regular expression

2018-05-05 19:25:21 - [TEST_STEP][PASSED] - selectOptionByIndex: All options with index in [14] are selected on object 'Object Repository/Schedule2/Page_KDMC - CMS/select_--Select--Albendazole'

2018-05-05 19:25:21 - [MESSAGE][PASSED] - All options with index in [14] are selected on object 'Object Repository/Schedule2/Page_KDMC - CMS/select_--Select--Albendazole'

2018-05-05 19:25:21 - [TEST_STEP][PASSED] - setText: Text '5000' is set on object 'Object Repository/Schedule2/Page_KDMC - CMS/input_txttreat'

2018-05-05 19:25:21 - [MESSAGE][PASSED] - Text '5000' is set on object 'Object Repository/Schedule2/Page_KDMC - CMS/input_txttreat'

2018-05-05 19:25:21 - [TEST_STEP][PASSED] - delay: Delayed 1 second(s)

2018-05-05 19:25:22 - [MESSAGE][PASSED] - Delayed 1 second(s)

2018-05-05 19:25:22 - [TEST_STEP][PASSED] - click: Object: 'Object Repository/Schedule2/Page_KDMC - CMS/button_Add' is clicked on

2018-05-05 19:25:23 - [MESSAGE][PASSED] - Object: 'Object Repository/Schedule2/Page_KDMC - CMS/button_Add' is clicked on

2018-05-05 19:25:23 - [TEST_STEP][PASSED] - selectOptionByValue: All options with value '2' are selected in object 'Object Repository/Schedule2/Page_KDMC - CMS/select_--Select--Schedule 1Inj'  using regular expression

2018-05-05 19:25:23 - [MESSAGE][PASSED] - All options with value '2' are selected in object 'Object Repository/Schedule2/Page_KDMC - CMS/select_--Select--Schedule 1Inj'  using regular expression

2018-05-05 19:25:23 - [TEST_STEP][PASSED] - selectOptionByIndex: All options with index in [15] are selected on object 'Object Repository/Schedule2/Page_KDMC - CMS/select_--Select--Albendazole'

2018-05-05 19:25:23 - [MESSAGE][PASSED] - All options with index in [15] are selected on object 'Object Repository/Schedule2/Page_KDMC - CMS/select_--Select--Albendazole'

2018-05-05 19:25:23 - [TEST_STEP][PASSED] - setText: Text '5000' is set on object 'Object Repository/Schedule2/Page_KDMC - CMS/input_txttreat'

2018-05-05 19:25:23 - [MESSAGE][PASSED] - Text '5000' is set on object 'Object Repository/Schedule2/Page_KDMC - CMS/input_txttreat'

2018-05-05 19:25:23 - [TEST_STEP][PASSED] - delay: Delayed 1 second(s)

2018-05-05 19:25:24 - [MESSAGE][PASSED] - Delayed 1 second(s)

2018-05-05 19:25:24 - [TEST_STEP][PASSED] - click: Object: 'Object Repository/Schedule2/Page_KDMC - CMS/button_Add' is clicked on

2018-05-05 19:25:24 - [MESSAGE][PASSED] - Object: 'Object Repository/Schedule2/Page_KDMC - CMS/button_Add' is clicked on

2018-05-05 19:25:24 - [TEST_STEP][PASSED] - selectOptionByValue: All options with value '2' are selected in object 'Object Repository/Schedule2/Page_KDMC - CMS/select_--Select--Schedule 1Inj'  using regular expression

2018-05-05 19:25:25 - [MESSAGE][PASSED] - All options with value '2' are selected in object 'Object Repository/Schedule2/Page_KDMC - CMS/select_--Select--Schedule 1Inj'  using regular expression

2018-05-05 19:25:25 - [TEST_STEP][PASSED] - selectOptionByIndex: All options with index in [16] are selected on object 'Object Repository/Schedule2/Page_KDMC - CMS/select_--Select--Albendazole'

2018-05-05 19:25:25 - [MESSAGE][PASSED] - All options with index in [16] are selected on object 'Object Repository/Schedule2/Page_KDMC - CMS/select_--Select--Albendazole'

2018-05-05 19:25:25 - [TEST_STEP][PASSED] - setText: Text '5000' is set on object 'Object Repository/Schedule2/Page_KDMC - CMS/input_txttreat'

2018-05-05 19:25:25 - [MESSAGE][PASSED] - Text '5000' is set on object 'Object Repository/Schedule2/Page_KDMC - CMS/input_txttreat'

2018-05-05 19:25:25 - [TEST_STEP][PASSED] - delay: Delayed 1 second(s)

2018-05-05 19:25:26 - [MESSAGE][PASSED] - Delayed 1 second(s)

2018-05-05 19:25:26 - [TEST_STEP][PASSED] - click: Object: 'Object Repository/Schedule2/Page_KDMC - CMS/button_Add' is clicked on

2018-05-05 19:25:26 - [MESSAGE][PASSED] - Object: 'Object Repository/Schedule2/Page_KDMC - CMS/button_Add' is clicked on

2018-05-05 19:25:26 - [TEST_STEP][PASSED] - selectOptionByValue: All options with value '2' are selected in object 'Object Repository/Schedule2/Page_KDMC - CMS/select_--Select--Schedule 1Inj'  using regular expression

2018-05-05 19:25:26 - [MESSAGE][PASSED] - All options with value '2' are selected in object 'Object Repository/Schedule2/Page_KDMC - CMS/select_--Select--Schedule 1Inj'  using regular expression

2018-05-05 19:25:26 - [TEST_STEP][PASSED] - selectOptionByIndex: All options with index in [17] are selected on object 'Object Repository/Schedule2/Page_KDMC - CMS/select_--Select--Albendazole'

2018-05-05 19:25:27 - [MESSAGE][PASSED] - All options with index in [17] are selected on object 'Object Repository/Schedule2/Page_KDMC - CMS/select_--Select--Albendazole'

2018-05-05 19:25:27 - [TEST_STEP][PASSED] - setText: Text '5000' is set on object 'Object Repository/Schedule2/Page_KDMC - CMS/input_txttreat'

2018-05-05 19:25:27 - [MESSAGE][PASSED] - Text '5000' is set on object 'Object Repository/Schedule2/Page_KDMC - CMS/input_txttreat'

2018-05-05 19:25:27 - [TEST_STEP][PASSED] - delay: Delayed 1 second(s)

2018-05-05 19:25:28 - [MESSAGE][PASSED] - Delayed 1 second(s)

2018-05-05 19:25:28 - [TEST_STEP][PASSED] - click: Object: 'Object Repository/Schedule2/Page_KDMC - CMS/button_Add' is clicked on

2018-05-05 19:25:28 - [MESSAGE][PASSED] - Object: 'Object Repository/Schedule2/Page_KDMC - CMS/button_Add' is clicked on

2018-05-05 19:25:28 - [TEST_STEP][PASSED] - selectOptionByValue: All options with value '2' are selected in object 'Object Repository/Schedule2/Page_KDMC - CMS/select_--Select--Schedule 1Inj'  using regular expression

2018-05-05 19:25:28 - [MESSAGE][PASSED] - All options with value '2' are selected in object 'Object Repository/Schedule2/Page_KDMC - CMS/select_--Select--Schedule 1Inj'  using regular expression

2018-05-05 19:25:28 - [TEST_STEP][PASSED] - selectOptionByIndex: All options with index in [18] are selected on object 'Object Repository/Schedule2/Page_KDMC - CMS/select_--Select--Albendazole'

2018-05-05 19:25:28 - [MESSAGE][PASSED] - All options with index in [18] are selected on object 'Object Repository/Schedule2/Page_KDMC - CMS/select_--Select--Albendazole'

2018-05-05 19:25:28 - [TEST_STEP][PASSED] - setText: Text '5000' is set on object 'Object Repository/Schedule2/Page_KDMC - CMS/input_txttreat'

2018-05-05 19:25:29 - [MESSAGE][PASSED] - Text '5000' is set on object 'Object Repository/Schedule2/Page_KDMC - CMS/input_txttreat'

2018-05-05 19:25:29 - [TEST_STEP][PASSED] - delay: Delayed 1 second(s)

2018-05-05 19:25:30 - [MESSAGE][PASSED] - Delayed 1 second(s)

2018-05-05 19:25:30 - [TEST_STEP][PASSED] - click: Object: 'Object Repository/Schedule2/Page_KDMC - CMS/button_Add' is clicked on

2018-05-05 19:25:30 - [MESSAGE][PASSED] - Object: 'Object Repository/Schedule2/Page_KDMC - CMS/button_Add' is clicked on

2018-05-05 19:25:30 - [TEST_STEP][PASSED] - selectOptionByValue: All options with value '2' are selected in object 'Object Repository/Schedule2/Page_KDMC - CMS/select_--Select--Schedule 1Inj'  using regular expression

2018-05-05 19:25:30 - [MESSAGE][PASSED] - All options with value '2' are selected in object 'Object Repository/Schedule2/Page_KDMC - CMS/select_--Select--Schedule 1Inj'  using regular expression

2018-05-05 19:25:30 - [TEST_STEP][PASSED] - selectOptionByIndex: All options with index in [19] are selected on object 'Object Repository/Schedule2/Page_KDMC - CMS/select_--Select--Albendazole'

2018-05-05 19:25:30 - [MESSAGE][PASSED] - All options with index in [19] are selected on object 'Object Repository/Schedule2/Page_KDMC - CMS/select_--Select--Albendazole'

2018-05-05 19:25:30 - [TEST_STEP][PASSED] - setText: Text '5000' is set on object 'Object Repository/Schedule2/Page_KDMC - CMS/input_txttreat'

2018-05-05 19:25:30 - [MESSAGE][PASSED] - Text '5000' is set on object 'Object Repository/Schedule2/Page_KDMC - CMS/input_txttreat'

2018-05-05 19:25:30 - [TEST_STEP][PASSED] - delay: Delayed 1 second(s)

2018-05-05 19:25:31 - [MESSAGE][PASSED] - Delayed 1 second(s)

2018-05-05 19:25:31 - [TEST_STEP][PASSED] - click: Object: 'Object Repository/Schedule2/Page_KDMC - CMS/button_Add' is clicked on

2018-05-05 19:25:31 - [MESSAGE][PASSED] - Object: 'Object Repository/Schedule2/Page_KDMC - CMS/button_Add' is clicked on

2018-05-05 19:25:31 - [TEST_STEP][PASSED] - selectOptionByValue: All options with value '2' are selected in object 'Object Repository/Schedule2/Page_KDMC - CMS/select_--Select--Schedule 1Inj'  using regular expression

2018-05-05 19:25:32 - [MESSAGE][PASSED] - All options with value '2' are selected in object 'Object Repository/Schedule2/Page_KDMC - CMS/select_--Select--Schedule 1Inj'  using regular expression

2018-05-05 19:25:32 - [TEST_STEP][PASSED] - selectOptionByIndex: All options with index in [20] are selected on object 'Object Repository/Schedule2/Page_KDMC - CMS/select_--Select--Albendazole'

2018-05-05 19:25:32 - [MESSAGE][PASSED] - All options with index in [20] are selected on object 'Object Repository/Schedule2/Page_KDMC - CMS/select_--Select--Albendazole'

2018-05-05 19:25:32 - [TEST_STEP][PASSED] - setText: Text '5000' is set on object 'Object Repository/Schedule2/Page_KDMC - CMS/input_txttreat'

2018-05-05 19:25:32 - [MESSAGE][PASSED] - Text '5000' is set on object 'Object Repository/Schedule2/Page_KDMC - CMS/input_txttreat'

2018-05-05 19:25:32 - [TEST_STEP][PASSED] - delay: Delayed 1 second(s)

2018-05-05 19:25:33 - [MESSAGE][PASSED] - Delayed 1 second(s)

2018-05-05 19:25:33 - [TEST_STEP][PASSED] - click: Object: 'Object Repository/Schedule2/Page_KDMC - CMS/button_Add' is clicked on

2018-05-05 19:25:33 - [MESSAGE][PASSED] - Object: 'Object Repository/Schedule2/Page_KDMC - CMS/button_Add' is clicked on

2018-05-05 19:25:33 - [TEST_STEP][PASSED] - selectOptionByValue: All options with value '2' are selected in object 'Object Repository/Schedule2/Page_KDMC - CMS/select_--Select--Schedule 1Inj'  using regular expression

2018-05-05 19:25:33 - [MESSAGE][PASSED] - All options with value '2' are selected in object 'Object Repository/Schedule2/Page_KDMC - CMS/select_--Select--Schedule 1Inj'  using regular expression

2018-05-05 19:25:33 - [TEST_STEP][PASSED] - selectOptionByIndex: All options with index in [21] are selected on object 'Object Repository/Schedule2/Page_KDMC - CMS/select_--Select--Albendazole'

2018-05-05 19:25:34 - [MESSAGE][PASSED] - All options with index in [21] are selected on object 'Object Repository/Schedule2/Page_KDMC - CMS/select_--Select--Albendazole'

2018-05-05 19:25:34 - [TEST_STEP][PASSED] - setText: Text '5000' is set on object 'Object Repository/Schedule2/Page_KDMC - CMS/input_txttreat'

2018-05-05 19:25:34 - [MESSAGE][PASSED] - Text '5000' is set on object 'Object Repository/Schedule2/Page_KDMC - CMS/input_txttreat'

2018-05-05 19:25:34 - [TEST_STEP][PASSED] - delay: Delayed 1 second(s)

2018-05-05 19:25:35 - [MESSAGE][PASSED] - Delayed 1 second(s)

2018-05-05 19:25:35 - [TEST_STEP][PASSED] - click: Object: 'Object Repository/Schedule2/Page_KDMC - CMS/button_Add' is clicked on

2018-05-05 19:25:35 - [MESSAGE][PASSED] - Object: 'Object Repository/Schedule2/Page_KDMC - CMS/button_Add' is clicked on

2018-05-05 19:25:35 - [TEST_STEP][PASSED] - selectOptionByValue: All options with value '2' are selected in object 'Object Repository/Schedule2/Page_KDMC - CMS/select_--Select--Schedule 1Inj'  using regular expression

2018-05-05 19:25:35 - [MESSAGE][PASSED] - All options with value '2' are selected in object 'Object Repository/Schedule2/Page_KDMC - CMS/select_--Select--Schedule 1Inj'  using regular expression

2018-05-05 19:25:35 - [TEST_STEP][PASSED] - selectOptionByIndex: All options with index in [22] are selected on object 'Object Repository/Schedule2/Page_KDMC - CMS/select_--Select--Albendazole'

2018-05-05 19:25:36 - [MESSAGE][PASSED] - All options with index in [22] are selected on object 'Object Repository/Schedule2/Page_KDMC - CMS/select_--Select--Albendazole'

2018-05-05 19:25:36 - [TEST_STEP][PASSED] - setText: Text '5000' is set on object 'Object Repository/Schedule2/Page_KDMC - CMS/input_txttreat'

2018-05-05 19:25:36 - [MESSAGE][PASSED] - Text '5000' is set on object 'Object Repository/Schedule2/Page_KDMC - CMS/input_txttreat'

2018-05-05 19:25:36 - [TEST_STEP][PASSED] - delay: Delayed 1 second(s)

2018-05-05 19:25:37 - [MESSAGE][PASSED] - Delayed 1 second(s)

2018-05-05 19:25:37 - [TEST_STEP][PASSED] - click: Object: 'Object Repository/Schedule2/Page_KDMC - CMS/button_Add' is clicked on

2018-05-05 19:25:37 - [MESSAGE][PASSED] - Object: 'Object Repository/Schedule2/Page_KDMC - CMS/button_Add' is clicked on

2018-05-05 19:25:37 - [TEST_STEP][PASSED] - selectOptionByValue: All options with value '2' are selected in object 'Object Repository/Schedule2/Page_KDMC - CMS/select_--Select--Schedule 1Inj'  using regular expression

2018-05-05 19:25:37 - [MESSAGE][PASSED] - All options with value '2' are selected in object 'Object Repository/Schedule2/Page_KDMC - CMS/select_--Select--Schedule 1Inj'  using regular expression

2018-05-05 19:25:37 - [TEST_STEP][PASSED] - selectOptionByIndex: All options with index in [23] are selected on object 'Object Repository/Schedule2/Page_KDMC - CMS/select_--Select--Albendazole'

2018-05-05 19:25:37 - [MESSAGE][PASSED] - All options with index in [23] are selected on object 'Object Repository/Schedule2/Page_KDMC - CMS/select_--Select--Albendazole'

2018-05-05 19:25:37 - [TEST_STEP][PASSED] - setText: Text '5000' is set on object 'Object Repository/Schedule2/Page_KDMC - CMS/input_txttreat'

2018-05-05 19:25:37 - [MESSAGE][PASSED] - Text '5000' is set on object 'Object Repository/Schedule2/Page_KDMC - CMS/input_txttreat'

2018-05-05 19:25:37 - [TEST_STEP][PASSED] - delay: Delayed 1 second(s)

2018-05-05 19:25:38 - [MESSAGE][PASSED] - Delayed 1 second(s)

2018-05-05 19:25:38 - [TEST_STEP][PASSED] - click: Object: 'Object Repository/Schedule2/Page_KDMC - CMS/button_Add' is clicked on

2018-05-05 19:25:38 - [MESSAGE][PASSED] - Object: 'Object Repository/Schedule2/Page_KDMC - CMS/button_Add' is clicked on

2018-05-05 19:25:38 - [TEST_STEP][PASSED] - selectOptionByValue: All options with value '2' are selected in object 'Object Repository/Schedule2/Page_KDMC - CMS/select_--Select--Schedule 1Inj'  using regular expression

2018-05-05 19:25:39 - [MESSAGE][PASSED] - All options with value '2' are selected in object 'Object Repository/Schedule2/Page_KDMC - CMS/select_--Select--Schedule 1Inj'  using regular expression

2018-05-05 19:25:39 - [TEST_STEP][PASSED] - selectOptionByIndex: All options with index in [24] are selected on object 'Object Repository/Schedule2/Page_KDMC - CMS/select_--Select--Albendazole'

2018-05-05 19:25:39 - [MESSAGE][PASSED] - All options with index in [24] are selected on object 'Object Repository/Schedule2/Page_KDMC - CMS/select_--Select--Albendazole'

2018-05-05 19:25:39 - [TEST_STEP][PASSED] - setText: Text '5000' is set on object 'Object Repository/Schedule2/Page_KDMC - CMS/input_txttreat'

2018-05-05 19:25:39 - [MESSAGE][PASSED] - Text '5000' is set on object 'Object Repository/Schedule2/Page_KDMC - CMS/input_txttreat'

2018-05-05 19:25:39 - [TEST_STEP][PASSED] - delay: Delayed 1 second(s)

2018-05-05 19:25:40 - [MESSAGE][PASSED] - Delayed 1 second(s)

2018-05-05 19:25:40 - [TEST_STEP][PASSED] - click: Object: 'Object Repository/Schedule2/Page_KDMC - CMS/button_Add' is clicked on

2018-05-05 19:25:40 - [MESSAGE][PASSED] - Object: 'Object Repository/Schedule2/Page_KDMC - CMS/button_Add' is clicked on

2018-05-05 19:25:40 - [TEST_STEP][PASSED] - selectOptionByValue: All options with value '2' are selected in object 'Object Repository/Schedule2/Page_KDMC - CMS/select_--Select--Schedule 1Inj'  using regular expression

2018-05-05 19:25:41 - [MESSAGE][PASSED] - All options with value '2' are selected in object 'Object Repository/Schedule2/Page_KDMC - CMS/select_--Select--Schedule 1Inj'  using regular expression

2018-05-05 19:25:41 - [TEST_STEP][PASSED] - selectOptionByIndex: All options with index in [25] are selected on object 'Object Repository/Schedule2/Page_KDMC - CMS/select_--Select--Albendazole'

2018-05-05 19:25:41 - [MESSAGE][PASSED] - All options with index in [25] are selected on object 'Object Repository/Schedule2/Page_KDMC - CMS/select_--Select--Albendazole'

2018-05-05 19:25:41 - [TEST_STEP][PASSED] - setText: Text '5000' is set on object 'Object Repository/Schedule2/Page_KDMC - CMS/input_txttreat'

2018-05-05 19:25:41 - [MESSAGE][PASSED] - Text '5000' is set on object 'Object Repository/Schedule2/Page_KDMC - CMS/input_txttreat'

2018-05-05 19:25:41 - [TEST_STEP][PASSED] - delay: Delayed 1 second(s)

2018-05-05 19:25:42 - [MESSAGE][PASSED] - Delayed 1 second(s)

2018-05-05 19:25:42 - [TEST_STEP][PASSED] - click: Object: 'Object Repository/Schedule2/Page_KDMC - CMS/button_Add' is clicked on

2018-05-05 19:25:42 - [MESSAGE][PASSED] - Object: 'Object Repository/Schedule2/Page_KDMC - CMS/button_Add' is clicked on

2018-05-05 19:25:42 - [TEST_STEP][PASSED] - selectOptionByValue: All options with value '2' are selected in object 'Object Repository/Schedule2/Page_KDMC - CMS/select_--Select--Schedule 1Inj'  using regular expression

2018-05-05 19:25:42 - [MESSAGE][PASSED] - All options with value '2' are selected in object 'Object Repository/Schedule2/Page_KDMC - CMS/select_--Select--Schedule 1Inj'  using regular expression

2018-05-05 19:25:42 - [TEST_STEP][PASSED] - selectOptionByIndex: All options with index in [26] are selected on object 'Object Repository/Schedule2/Page_KDMC - CMS/select_--Select--Albendazole'

2018-05-05 19:25:43 - [MESSAGE][PASSED] - All options with index in [26] are selected on object 'Object Repository/Schedule2/Page_KDMC - CMS/select_--Select--Albendazole'

2018-05-05 19:25:43 - [TEST_STEP][PASSED] - setText: Text '5000' is set on object 'Object Repository/Schedule2/Page_KDMC - CMS/input_txttreat'

2018-05-05 19:25:43 - [MESSAGE][PASSED] - Text '5000' is set on object 'Object Repository/Schedule2/Page_KDMC - CMS/input_txttreat'

2018-05-05 19:25:43 - [TEST_STEP][PASSED] - delay: Delayed 1 second(s)

2018-05-05 19:25:44 - [MESSAGE][PASSED] - Delayed 1 second(s)

2018-05-05 19:25:44 - [TEST_STEP][PASSED] - click: Object: 'Object Repository/Schedule2/Page_KDMC - CMS/button_Add' is clicked on

2018-05-05 19:25:44 - [MESSAGE][PASSED] - Object: 'Object Repository/Schedule2/Page_KDMC - CMS/button_Add' is clicked on

2018-05-05 19:25:44 - [TEST_STEP][PASSED] - selectOptionByValue: All options with value '2' are selected in object 'Object Repository/Schedule2/Page_KDMC - CMS/select_--Select--Schedule 1Inj'  using regular expression

2018-05-05 19:25:44 - [MESSAGE][PASSED] - All options with value '2' are selected in object 'Object Repository/Schedule2/Page_KDMC - CMS/select_--Select--Schedule 1Inj'  using regular expression

2018-05-05 19:25:44 - [TEST_STEP][PASSED] - selectOptionByIndex: All options with index in [27] are selected on object 'Object Repository/Schedule2/Page_KDMC - CMS/select_--Select--Albendazole'

2018-05-05 19:25:45 - [MESSAGE][PASSED] - All options with index in [27] are selected on object 'Object Repository/Schedule2/Page_KDMC - CMS/select_--Select--Albendazole'

2018-05-05 19:25:45 - [TEST_STEP][PASSED] - setText: Text '5000' is set on object 'Object Repository/Schedule2/Page_KDMC - CMS/input_txttreat'

2018-05-05 19:25:45 - [MESSAGE][PASSED] - Text '5000' is set on object 'Object Repository/Schedule2/Page_KDMC - CMS/input_txttreat'

2018-05-05 19:25:45 - [TEST_STEP][PASSED] - delay: Delayed 1 second(s)

2018-05-05 19:25:46 - [MESSAGE][PASSED] - Delayed 1 second(s)

2018-05-05 19:25:46 - [TEST_STEP][PASSED] - click: Object: 'Object Repository/Schedule2/Page_KDMC - CMS/button_Add' is clicked on

2018-05-05 19:25:46 - [MESSAGE][PASSED] - Object: 'Object Repository/Schedule2/Page_KDMC - CMS/button_Add' is clicked on

2018-05-05 19:25:46 - [TEST_STEP][PASSED] - selectOptionByValue: All options with value '2' are selected in object 'Object Repository/Schedule2/Page_KDMC - CMS/select_--Select--Schedule 1Inj'  using regular expression

2018-05-05 19:25:46 - [MESSAGE][PASSED] - All options with value '2' are selected in object 'Object Repository/Schedule2/Page_KDMC - CMS/select_--Select--Schedule 1Inj'  using regular expression

2018-05-05 19:25:46 - [TEST_STEP][PASSED] - selectOptionByIndex: All options with index in [28] are selected on object 'Object Repository/Schedule2/Page_KDMC - CMS/select_--Select--Albendazole'

2018-05-05 19:25:47 - [MESSAGE][PASSED] - All options with index in [28] are selected on object 'Object Repository/Schedule2/Page_KDMC - CMS/select_--Select--Albendazole'

2018-05-05 19:25:47 - [TEST_STEP][PASSED] - setText: Text '5000' is set on object 'Object Repository/Schedule2/Page_KDMC - CMS/input_txttreat'

2018-05-05 19:25:47 - [MESSAGE][PASSED] - Text '5000' is set on object 'Object Repository/Schedule2/Page_KDMC - CMS/input_txttreat'

2018-05-05 19:25:47 - [TEST_STEP][PASSED] - delay: Delayed 1 second(s)

2018-05-05 19:25:48 - [MESSAGE][PASSED] - Delayed 1 second(s)

2018-05-05 19:25:48 - [TEST_STEP][PASSED] - click: Object: 'Object Repository/Schedule2/Page_KDMC - CMS/button_Add' is clicked on

2018-05-05 19:25:48 - [MESSAGE][PASSED] - Object: 'Object Repository/Schedule2/Page_KDMC - CMS/button_Add' is clicked on

2018-05-05 19:25:48 - [TEST_STEP][PASSED] - selectOptionByValue: All options with value '2' are selected in object 'Object Repository/Schedule2/Page_KDMC - CMS/select_--Select--Schedule 1Inj'  using regular expression

2018-05-05 19:25:48 - [MESSAGE][PASSED] - All options with value '2' are selected in object 'Object Repository/Schedule2/Page_KDMC - CMS/select_--Select--Schedule 1Inj'  using regular expression

2018-05-05 19:25:48 - [TEST_STEP][PASSED] - selectOptionByIndex: All options with index in [29] are selected on object 'Object Repository/Schedule2/Page_KDMC - CMS/select_--Select--Albendazole'

2018-05-05 19:25:48 - [MESSAGE][PASSED] - All options with index in [29] are selected on object 'Object Repository/Schedule2/Page_KDMC - CMS/select_--Select--Albendazole'

2018-05-05 19:25:48 - [TEST_STEP][PASSED] - setText: Text '5000' is set on object 'Object Repository/Schedule2/Page_KDMC - CMS/input_txttreat'

2018-05-05 19:25:49 - [MESSAGE][PASSED] - Text '5000' is set on object 'Object Repository/Schedule2/Page_KDMC - CMS/input_txttreat'

2018-05-05 19:25:49 - [TEST_STEP][PASSED] - delay: Delayed 1 second(s)

2018-05-05 19:25:50 - [MESSAGE][PASSED] - Delayed 1 second(s)

2018-05-05 19:25:50 - [TEST_STEP][PASSED] - click: Object: 'Object Repository/Schedule2/Page_KDMC - CMS/button_Add' is clicked on

2018-05-05 19:25:50 - [MESSAGE][PASSED] - Object: 'Object Repository/Schedule2/Page_KDMC - CMS/button_Add' is clicked on

2018-05-05 19:25:50 - [TEST_STEP][PASSED] - selectOptionByValue: All options with value '2' are selected in object 'Object Repository/Schedule2/Page_KDMC - CMS/select_--Select--Schedule 1Inj'  using regular expression

2018-05-05 19:25:50 - [MESSAGE][PASSED] - All options with value '2' are selected in object 'Object Repository/Schedule2/Page_KDMC - CMS/select_--Select--Schedule 1Inj'  using regular expression

2018-05-05 19:25:50 - [TEST_STEP][PASSED] - selectOptionByIndex: All options with index in [30] are selected on object 'Object Repository/Schedule2/Page_KDMC - CMS/select_--Select--Albendazole'

2018-05-05 19:25:50 - [MESSAGE][PASSED] - All options with index in [30] are selected on object 'Object Repository/Schedule2/Page_KDMC - CMS/select_--Select--Albendazole'

2018-05-05 19:25:50 - [TEST_STEP][PASSED] - setText: Text '5000' is set on object 'Object Repository/Schedule2/Page_KDMC - CMS/input_txttreat'

2018-05-05 19:25:50 - [MESSAGE][PASSED] - Text '5000' is set on object 'Object Repository/Schedule2/Page_KDMC - CMS/input_txttreat'

2018-05-05 19:25:50 - [TEST_STEP][PASSED] - delay: Delayed 1 second(s)

2018-05-05 19:25:51 - [MESSAGE][PASSED] - Delayed 1 second(s)

2018-05-05 19:25:51 - [TEST_STEP][PASSED] - click: Object: 'Object Repository/Schedule2/Page_KDMC - CMS/button_Add' is clicked on

2018-05-05 19:25:51 - [MESSAGE][PASSED] - Object: 'Object Repository/Schedule2/Page_KDMC - CMS/button_Add' is clicked on

2018-05-05 19:25:51 - [TEST_STEP][PASSED] - selectOptionByValue: All options with value '2' are selected in object 'Object Repository/Schedule2/Page_KDMC - CMS/select_--Select--Schedule 1Inj'  using regular expression

2018-05-05 19:25:52 - [MESSAGE][PASSED] - All options with value '2' are selected in object 'Object Repository/Schedule2/Page_KDMC - CMS/select_--Select--Schedule 1Inj'  using regular expression

2018-05-05 19:25:52 - [TEST_STEP][PASSED] - selectOptionByIndex: All options with index in [31] are selected on object 'Object Repository/Schedule2/Page_KDMC - CMS/select_--Select--Albendazole'

2018-05-05 19:25:52 - [MESSAGE][PASSED] - All options with index in [31] are selected on object 'Object Repository/Schedule2/Page_KDMC - CMS/select_--Select--Albendazole'

2018-05-05 19:25:52 - [TEST_STEP][PASSED] - setText: Text '5000' is set on object 'Object Repository/Schedule2/Page_KDMC - CMS/input_txttreat'

2018-05-05 19:25:52 - [MESSAGE][PASSED] - Text '5000' is set on object 'Object Repository/Schedule2/Page_KDMC - CMS/input_txttreat'

2018-05-05 19:25:52 - [TEST_STEP][PASSED] - delay: Delayed 1 second(s)

2018-05-05 19:25:53 - [MESSAGE][PASSED] - Delayed 1 second(s)

2018-05-05 19:25:53 - [TEST_STEP][PASSED] - click: Object: 'Object Repository/Schedule2/Page_KDMC - CMS/button_Add' is clicked on

2018-05-05 19:25:53 - [MESSAGE][PASSED] - Object: 'Object Repository/Schedule2/Page_KDMC - CMS/button_Add' is clicked on

2018-05-05 19:25:53 - [TEST_STEP][PASSED] - selectOptionByValue: All options with value '2' are selected in object 'Object Repository/Schedule2/Page_KDMC - CMS/select_--Select--Schedule 1Inj'  using regular expression

2018-05-05 19:25:54 - [MESSAGE][PASSED] - All options with value '2' are selected in object 'Object Repository/Schedule2/Page_KDMC - CMS/select_--Select--Schedule 1Inj'  using regular expression

2018-05-05 19:25:54 - [TEST_STEP][PASSED] - selectOptionByIndex: All options with index in [32] are selected on object 'Object Repository/Schedule2/Page_KDMC - CMS/select_--Select--Albendazole'

2018-05-05 19:25:54 - [MESSAGE][PASSED] - All options with index in [32] are selected on object 'Object Repository/Schedule2/Page_KDMC - CMS/select_--Select--Albendazole'

2018-05-05 19:25:54 - [TEST_STEP][PASSED] - setText: Text '5000' is set on object 'Object Repository/Schedule2/Page_KDMC - CMS/input_txttreat'

2018-05-05 19:25:54 - [MESSAGE][PASSED] - Text '5000' is set on object 'Object Repository/Schedule2/Page_KDMC - CMS/input_txttreat'

2018-05-05 19:25:54 - [TEST_STEP][PASSED] - delay: Delayed 1 second(s)

2018-05-05 19:25:55 - [MESSAGE][PASSED] - Delayed 1 second(s)

2018-05-05 19:25:55 - [TEST_STEP][PASSED] - click: Object: 'Object Repository/Schedule2/Page_KDMC - CMS/button_Add' is clicked on

2018-05-05 19:25:55 - [MESSAGE][PASSED] - Object: 'Object Repository/Schedule2/Page_KDMC - CMS/button_Add' is clicked on

2018-05-05 19:25:55 - [TEST_STEP][PASSED] - selectOptionByValue: All options with value '2' are selected in object 'Object Repository/Schedule2/Page_KDMC - CMS/select_--Select--Schedule 1Inj'  using regular expression

2018-05-05 19:25:56 - [MESSAGE][PASSED] - All options with value '2' are selected in object 'Object Repository/Schedule2/Page_KDMC - CMS/select_--Select--Schedule 1Inj'  using regular expression

2018-05-05 19:25:56 - [TEST_STEP][PASSED] - selectOptionByIndex: All options with index in [33] are selected on object 'Object Repository/Schedule2/Page_KDMC - CMS/select_--Select--Albendazole'

2018-05-05 19:25:56 - [MESSAGE][PASSED] - All options with index in [33] are selected on object 'Object Repository/Schedule2/Page_KDMC - CMS/select_--Select--Albendazole'

2018-05-05 19:25:56 - [TEST_STEP][PASSED] - setText: Text '5000' is set on object 'Object Repository/Schedule2/Page_KDMC - CMS/input_txttreat'

2018-05-05 19:25:56 - [MESSAGE][PASSED] - Text '5000' is set on object 'Object Repository/Schedule2/Page_KDMC - CMS/input_txttreat'

2018-05-05 19:25:56 - [TEST_STEP][PASSED] - delay: Delayed 1 second(s)

2018-05-05 19:25:57 - [MESSAGE][PASSED] - Delayed 1 second(s)

2018-05-05 19:25:57 - [TEST_STEP][PASSED] - click: Object: 'Object Repository/Schedule2/Page_KDMC - CMS/button_Add' is clicked on

2018-05-05 19:25:57 - [MESSAGE][PASSED] - Object: 'Object Repository/Schedule2/Page_KDMC - CMS/button_Add' is clicked on

2018-05-05 19:25:57 - [TEST_STEP][PASSED] - selectOptionByValue: All options with value '2' are selected in object 'Object Repository/Schedule2/Page_KDMC - CMS/select_--Select--Schedule 1Inj'  using regular expression

2018-05-05 19:25:57 - [MESSAGE][PASSED] - All options with value '2' are selected in object 'Object Repository/Schedule2/Page_KDMC - CMS/select_--Select--Schedule 1Inj'  using regular expression

2018-05-05 19:25:57 - [TEST_STEP][PASSED] - selectOptionByIndex: All options with index in [34] are selected on object 'Object Repository/Schedule2/Page_KDMC - CMS/select_--Select--Albendazole'

2018-05-05 19:25:58 - [MESSAGE][PASSED] - All options with index in [34] are selected on object 'Object Repository/Schedule2/Page_KDMC - CMS/select_--Select--Albendazole'

2018-05-05 19:25:58 - [TEST_STEP][PASSED] - setText: Text '5000' is set on object 'Object Repository/Schedule2/Page_KDMC - CMS/input_txttreat'

2018-05-05 19:25:58 - [MESSAGE][PASSED] - Text '5000' is set on object 'Object Repository/Schedule2/Page_KDMC - CMS/input_txttreat'

2018-05-05 19:25:58 - [TEST_STEP][PASSED] - delay: Delayed 1 second(s)

2018-05-05 19:25:59 - [MESSAGE][PASSED] - Delayed 1 second(s)

2018-05-05 19:25:59 - [TEST_STEP][PASSED] - click: Object: 'Object Repository/Schedule2/Page_KDMC - CMS/button_Add' is clicked on

2018-05-05 19:25:59 - [MESSAGE][PASSED] - Object: 'Object Repository/Schedule2/Page_KDMC - CMS/button_Add' is clicked on

2018-05-05 19:25:59 - [TEST_STEP][PASSED] - selectOptionByValue: All options with value '2' are selected in object 'Object Repository/Schedule2/Page_KDMC - CMS/select_--Select--Schedule 1Inj'  using regular expression

2018-05-05 19:25:59 - [MESSAGE][PASSED] - All options with value '2' are selected in object 'Object Repository/Schedule2/Page_KDMC - CMS/select_--Select--Schedule 1Inj'  using regular expression

2018-05-05 19:25:59 - [TEST_STEP][PASSED] - selectOptionByIndex: All options with index in [35] are selected on object 'Object Repository/Schedule2/Page_KDMC - CMS/select_--Select--Albendazole'

2018-05-05 19:26:00 - [MESSAGE][PASSED] - All options with index in [35] are selected on object 'Object Repository/Schedule2/Page_KDMC - CMS/select_--Select--Albendazole'

2018-05-05 19:26:00 - [TEST_STEP][PASSED] - setText: Text '5000' is set on object 'Object Repository/Schedule2/Page_KDMC - CMS/input_txttreat'

2018-05-05 19:26:00 - [MESSAGE][PASSED] - Text '5000' is set on object 'Object Repository/Schedule2/Page_KDMC - CMS/input_txttreat'

2018-05-05 19:26:00 - [TEST_STEP][PASSED] - delay: Delayed 1 second(s)

2018-05-05 19:26:01 - [MESSAGE][PASSED] - Delayed 1 second(s)

2018-05-05 19:26:01 - [TEST_STEP][PASSED] - click: Object: 'Object Repository/Schedule2/Page_KDMC - CMS/button_Add' is clicked on

2018-05-05 19:26:01 - [MESSAGE][PASSED] - Object: 'Object Repository/Schedule2/Page_KDMC - CMS/button_Add' is clicked on

2018-05-05 19:26:01 - [TEST_STEP][PASSED] - selectOptionByValue: All options with value '2' are selected in object 'Object Repository/Schedule2/Page_KDMC - CMS/select_--Select--Schedule 1Inj'  using regular expression

2018-05-05 19:26:01 - [MESSAGE][PASSED] - All options with value '2' are selected in object 'Object Repository/Schedule2/Page_KDMC - CMS/select_--Select--Schedule 1Inj'  using regular expression

2018-05-05 19:26:01 - [TEST_STEP][PASSED] - selectOptionByIndex: All options with index in [36] are selected on object 'Object Repository/Schedule2/Page_KDMC - CMS/select_--Select--Albendazole'

2018-05-05 19:26:02 - [MESSAGE][PASSED] - All options with index in [36] are selected on object 'Object Repository/Schedule2/Page_KDMC - CMS/select_--Select--Albendazole'

2018-05-05 19:26:02 - [TEST_STEP][PASSED] - setText: Text '5000' is set on object 'Object Repository/Schedule2/Page_KDMC - CMS/input_txttreat'

2018-05-05 19:26:02 - [MESSAGE][PASSED] - Text '5000' is set on object 'Object Repository/Schedule2/Page_KDMC - CMS/input_txttreat'

2018-05-05 19:26:02 - [TEST_STEP][PASSED] - delay: Delayed 1 second(s)

2018-05-05 19:26:03 - [MESSAGE][PASSED] - Delayed 1 second(s)

2018-05-05 19:26:03 - [TEST_STEP][PASSED] - click: Object: 'Object Repository/Schedule2/Page_KDMC - CMS/button_Add' is clicked on

2018-05-05 19:26:03 - [MESSAGE][PASSED] - Object: 'Object Repository/Schedule2/Page_KDMC - CMS/button_Add' is clicked on

2018-05-05 19:26:03 - [TEST_STEP][PASSED] - selectOptionByValue: All options with value '2' are selected in object 'Object Repository/Schedule2/Page_KDMC - CMS/select_--Select--Schedule 1Inj'  using regular expression

2018-05-05 19:26:03 - [MESSAGE][PASSED] - All options with value '2' are selected in object 'Object Repository/Schedule2/Page_KDMC - CMS/select_--Select--Schedule 1Inj'  using regular expression

2018-05-05 19:26:03 - [TEST_STEP][PASSED] - selectOptionByIndex: All options with index in [37] are selected on object 'Object Repository/Schedule2/Page_KDMC - CMS/select_--Select--Albendazole'

2018-05-05 19:26:04 - [MESSAGE][PASSED] - All options with index in [37] are selected on object 'Object Repository/Schedule2/Page_KDMC - CMS/select_--Select--Albendazole'

2018-05-05 19:26:04 - [TEST_STEP][PASSED] - setText: Text '5000' is set on object 'Object Repository/Schedule2/Page_KDMC - CMS/input_txttreat'

2018-05-05 19:26:04 - [MESSAGE][PASSED] - Text '5000' is set on object 'Object Repository/Schedule2/Page_KDMC - CMS/input_txttreat'

2018-05-05 19:26:04 - [TEST_STEP][PASSED] - delay: Delayed 1 second(s)

2018-05-05 19:26:05 - [MESSAGE][PASSED] - Delayed 1 second(s)

2018-05-05 19:26:05 - [TEST_STEP][PASSED] - click: Object: 'Object Repository/Schedule2/Page_KDMC - CMS/button_Add' is clicked on

2018-05-05 19:26:05 - [MESSAGE][PASSED] - Object: 'Object Repository/Schedule2/Page_KDMC - CMS/button_Add' is clicked on

2018-05-05 19:26:05 - [TEST_STEP][PASSED] - selectOptionByValue: All options with value '2' are selected in object 'Object Repository/Schedule2/Page_KDMC - CMS/select_--Select--Schedule 1Inj'  using regular expression

2018-05-05 19:26:05 - [MESSAGE][PASSED] - All options with value '2' are selected in object 'Object Repository/Schedule2/Page_KDMC - CMS/select_--Select--Schedule 1Inj'  using regular expression

2018-05-05 19:26:05 - [TEST_STEP][PASSED] - selectOptionByIndex: All options with index in [38] are selected on object 'Object Repository/Schedule2/Page_KDMC - CMS/select_--Select--Albendazole'

2018-05-05 19:26:06 - [MESSAGE][PASSED] - All options with index in [38] are selected on object 'Object Repository/Schedule2/Page_KDMC - CMS/select_--Select--Albendazole'

2018-05-05 19:26:06 - [TEST_STEP][PASSED] - setText: Text '5000' is set on object 'Object Repository/Schedule2/Page_KDMC - CMS/input_txttreat'

2018-05-05 19:26:06 - [MESSAGE][PASSED] - Text '5000' is set on object 'Object Repository/Schedule2/Page_KDMC - CMS/input_txttreat'

2018-05-05 19:26:06 - [TEST_STEP][PASSED] - delay: Delayed 1 second(s)

2018-05-05 19:26:07 - [MESSAGE][PASSED] - Delayed 1 second(s)

2018-05-05 19:26:07 - [TEST_STEP][PASSED] - click: Object: 'Object Repository/Schedule2/Page_KDMC - CMS/button_Add' is clicked on

2018-05-05 19:26:07 - [MESSAGE][PASSED] - Object: 'Object Repository/Schedule2/Page_KDMC - CMS/button_Add' is clicked on

2018-05-05 19:26:07 - [TEST_STEP][PASSED] - selectOptionByValue: All options with value '2' are selected in object 'Object Repository/Schedule2/Page_KDMC - CMS/select_--Select--Schedule 1Inj'  using regular expression

2018-05-05 19:26:07 - [MESSAGE][PASSED] - All options with value '2' are selected in object 'Object Repository/Schedule2/Page_KDMC - CMS/select_--Select--Schedule 1Inj'  using regular expression

2018-05-05 19:26:07 - [TEST_STEP][PASSED] - selectOptionByIndex: All options with index in [39] are selected on object 'Object Repository/Schedule2/Page_KDMC - CMS/select_--Select--Albendazole'

2018-05-05 19:26:08 - [MESSAGE][PASSED] - All options with index in [39] are selected on object 'Object Repository/Schedule2/Page_KDMC - CMS/select_--Select--Albendazole'

2018-05-05 19:26:08 - [TEST_STEP][PASSED] - setText: Text '5000' is set on object 'Object Repository/Schedule2/Page_KDMC - CMS/input_txttreat'

2018-05-05 19:26:08 - [MESSAGE][PASSED] - Text '5000' is set on object 'Object Repository/Schedule2/Page_KDMC - CMS/input_txttreat'

2018-05-05 19:26:08 - [TEST_STEP][PASSED] - delay: Delayed 1 second(s)

2018-05-05 19:26:09 - [MESSAGE][PASSED] - Delayed 1 second(s)

2018-05-05 19:26:09 - [TEST_STEP][PASSED] - click: Object: 'Object Repository/Schedule2/Page_KDMC - CMS/button_Add' is clicked on

2018-05-05 19:26:09 - [MESSAGE][PASSED] - Object: 'Object Repository/Schedule2/Page_KDMC - CMS/button_Add' is clicked on

2018-05-05 19:26:09 - [TEST_STEP][PASSED] - selectOptionByValue: All options with value '2' are selected in object 'Object Repository/Schedule2/Page_KDMC - CMS/select_--Select--Schedule 1Inj'  using regular expression

2018-05-05 19:26:09 - [MESSAGE][PASSED] - All options with value '2' are selected in object 'Object Repository/Schedule2/Page_KDMC - CMS/select_--Select--Schedule 1Inj'  using regular expression

2018-05-05 19:26:09 - [TEST_STEP][PASSED] - selectOptionByIndex: All options with index in [40] are selected on object 'Object Repository/Schedule2/Page_KDMC - CMS/select_--Select--Albendazole'

2018-05-05 19:26:10 - [MESSAGE][PASSED] - All options with index in [40] are selected on object 'Object Repository/Schedule2/Page_KDMC - CMS/select_--Select--Albendazole'

2018-05-05 19:26:10 - [TEST_STEP][PASSED] - setText: Text '5000' is set on object 'Object Repository/Schedule2/Page_KDMC - CMS/input_txttreat'

2018-05-05 19:26:10 - [MESSAGE][PASSED] - Text '5000' is set on object 'Object Repository/Schedule2/Page_KDMC - CMS/input_txttreat'

2018-05-05 19:26:10 - [TEST_STEP][PASSED] - delay: Delayed 1 second(s)

2018-05-05 19:26:11 - [MESSAGE][PASSED] - Delayed 1 second(s)

2018-05-05 19:26:11 - [TEST_STEP][PASSED] - click: Object: 'Object Repository/Schedule2/Page_KDMC - CMS/button_Add' is clicked on

2018-05-05 19:26:11 - [MESSAGE][PASSED] - Object: 'Object Repository/Schedule2/Page_KDMC - CMS/button_Add' is clicked on

2018-05-05 19:26:11 - [TEST_STEP][PASSED] - selectOptionByValue: All options with value '2' are selected in object 'Object Repository/Schedule2/Page_KDMC - CMS/select_--Select--Schedule 1Inj'  using regular expression

2018-05-05 19:26:11 - [MESSAGE][PASSED] - All options with value '2' are selected in object 'Object Repository/Schedule2/Page_KDMC - CMS/select_--Select--Schedule 1Inj'  using regular expression

2018-05-05 19:26:11 - [TEST_STEP][PASSED] - selectOptionByIndex: All options with index in [41] are selected on object 'Object Repository/Schedule2/Page_KDMC - CMS/select_--Select--Albendazole'

2018-05-05 19:26:12 - [MESSAGE][PASSED] - All options with index in [41] are selected on object 'Object Repository/Schedule2/Page_KDMC - CMS/select_--Select--Albendazole'

2018-05-05 19:26:12 - [TEST_STEP][PASSED] - setText: Text '5000' is set on object 'Object Repository/Schedule2/Page_KDMC - CMS/input_txttreat'

2018-05-05 19:26:12 - [MESSAGE][PASSED] - Text '5000' is set on object 'Object Repository/Schedule2/Page_KDMC - CMS/input_txttreat'

2018-05-05 19:26:12 - [TEST_STEP][PASSED] - delay: Delayed 1 second(s)

2018-05-05 19:26:13 - [MESSAGE][PASSED] - Delayed 1 second(s)

2018-05-05 19:26:13 - [TEST_STEP][PASSED] - click: Object: 'Object Repository/Schedule2/Page_KDMC - CMS/button_Add' is clicked on

2018-05-05 19:26:13 - [MESSAGE][PASSED] - Object: 'Object Repository/Schedule2/Page_KDMC - CMS/button_Add' is clicked on

2018-05-05 19:26:13 - [TEST_STEP][PASSED] - selectOptionByValue: All options with value '2' are selected in object 'Object Repository/Schedule2/Page_KDMC - CMS/select_--Select--Schedule 1Inj'  using regular expression

2018-05-05 19:26:13 - [MESSAGE][PASSED] - All options with value '2' are selected in object 'Object Repository/Schedule2/Page_KDMC - CMS/select_--Select--Schedule 1Inj'  using regular expression

2018-05-05 19:26:13 - [TEST_STEP][PASSED] - selectOptionByIndex: All options with index in [42] are selected on object 'Object Repository/Schedule2/Page_KDMC - CMS/select_--Select--Albendazole'

2018-05-05 19:26:14 - [MESSAGE][PASSED] - All options with index in [42] are selected on object 'Object Repository/Schedule2/Page_KDMC - CMS/select_--Select--Albendazole'

2018-05-05 19:26:14 - [TEST_STEP][PASSED] - setText: Text '5000' is set on object 'Object Repository/Schedule2/Page_KDMC - CMS/input_txttreat'

2018-05-05 19:26:14 - [MESSAGE][PASSED] - Text '5000' is set on object 'Object Repository/Schedule2/Page_KDMC - CMS/input_txttreat'

2018-05-05 19:26:14 - [TEST_STEP][PASSED] - delay: Delayed 1 second(s)

2018-05-05 19:26:15 - [MESSAGE][PASSED] - Delayed 1 second(s)

2018-05-05 19:26:15 - [TEST_STEP][PASSED] - click: Object: 'Object Repository/Schedule2/Page_KDMC - CMS/button_Add' is clicked on

2018-05-05 19:26:15 - [MESSAGE][PASSED] - Object: 'Object Repository/Schedule2/Page_KDMC - CMS/button_Add' is clicked on

2018-05-05 19:26:15 - [TEST_STEP][PASSED] - selectOptionByValue: All options with value '2' are selected in object 'Object Repository/Schedule2/Page_KDMC - CMS/select_--Select--Schedule 1Inj'  using regular expression

2018-05-05 19:26:15 - [MESSAGE][PASSED] - All options with value '2' are selected in object 'Object Repository/Schedule2/Page_KDMC - CMS/select_--Select--Schedule 1Inj'  using regular expression

2018-05-05 19:26:15 - [TEST_STEP][PASSED] - selectOptionByIndex: All options with index in [43] are selected on object 'Object Repository/Schedule2/Page_KDMC - CMS/select_--Select--Albendazole'

2018-05-05 19:26:16 - [MESSAGE][PASSED] - All options with index in [43] are selected on object 'Object Repository/Schedule2/Page_KDMC - CMS/select_--Select--Albendazole'

2018-05-05 19:26:16 - [TEST_STEP][PASSED] - setText: Text '5000' is set on object 'Object Repository/Schedule2/Page_KDMC - CMS/input_txttreat'

2018-05-05 19:26:16 - [MESSAGE][PASSED] - Text '5000' is set on object 'Object Repository/Schedule2/Page_KDMC - CMS/input_txttreat'

2018-05-05 19:26:16 - [TEST_STEP][PASSED] - delay: Delayed 1 second(s)

2018-05-05 19:26:17 - [MESSAGE][PASSED] - Delayed 1 second(s)

2018-05-05 19:26:17 - [TEST_STEP][PASSED] - click: Object: 'Object Repository/Schedule2/Page_KDMC - CMS/button_Add' is clicked on

2018-05-05 19:26:17 - [MESSAGE][PASSED] - Object: 'Object Repository/Schedule2/Page_KDMC - CMS/button_Add' is clicked on

2018-05-05 19:26:17 - [TEST_STEP][PASSED] - selectOptionByValue: All options with value '2' are selected in object 'Object Repository/Schedule2/Page_KDMC - CMS/select_--Select--Schedule 1Inj'  using regular expression

2018-05-05 19:26:17 - [MESSAGE][PASSED] - All options with value '2' are selected in object 'Object Repository/Schedule2/Page_KDMC - CMS/select_--Select--Schedule 1Inj'  using regular expression

2018-05-05 19:26:17 - [TEST_STEP][PASSED] - selectOptionByIndex: All options with index in [44] are selected on object 'Object Repository/Schedule2/Page_KDMC - CMS/select_--Select--Albendazole'

2018-05-05 19:26:18 - [MESSAGE][PASSED] - All options with index in [44] are selected on object 'Object Repository/Schedule2/Page_KDMC - CMS/select_--Select--Albendazole'

2018-05-05 19:26:18 - [TEST_STEP][PASSED] - setText: Text '5000' is set on object 'Object Repository/Schedule2/Page_KDMC - CMS/input_txttreat'

2018-05-05 19:26:18 - [MESSAGE][PASSED] - Text '5000' is set on object 'Object Repository/Schedule2/Page_KDMC - CMS/input_txttreat'

2018-05-05 19:26:18 - [TEST_STEP][PASSED] - delay: Delayed 1 second(s)

2018-05-05 19:26:19 - [MESSAGE][PASSED] - Delayed 1 second(s)

2018-05-05 19:26:19 - [TEST_STEP][PASSED] - click: Object: 'Object Repository/Schedule2/Page_KDMC - CMS/button_Add' is clicked on

2018-05-05 19:26:19 - [MESSAGE][PASSED] - Object: 'Object Repository/Schedule2/Page_KDMC - CMS/button_Add' is clicked on

2018-05-05 19:26:19 - [TEST_STEP][PASSED] - selectOptionByValue: All options with value '2' are selected in object 'Object Repository/Schedule2/Page_KDMC - CMS/select_--Select--Schedule 1Inj'  using regular expression

2018-05-05 19:26:19 - [MESSAGE][PASSED] - All options with value '2' are selected in object 'Object Repository/Schedule2/Page_KDMC - CMS/select_--Select--Schedule 1Inj'  using regular expression

2018-05-05 19:26:19 - [TEST_STEP][PASSED] - selectOptionByIndex: All options with index in [45] are selected on object 'Object Repository/Schedule2/Page_KDMC - CMS/select_--Select--Albendazole'

2018-05-05 19:26:20 - [MESSAGE][PASSED] - All options with index in [45] are selected on object 'Object Repository/Schedule2/Page_KDMC - CMS/select_--Select--Albendazole'

2018-05-05 19:26:20 - [TEST_STEP][PASSED] - setText: Text '5000' is set on object 'Object Repository/Schedule2/Page_KDMC - CMS/input_txttreat'

2018-05-05 19:26:20 - [MESSAGE][PASSED] - Text '5000' is set on object 'Object Repository/Schedule2/Page_KDMC - CMS/input_txttreat'

2018-05-05 19:26:20 - [TEST_STEP][PASSED] - delay: Delayed 1 second(s)

2018-05-05 19:26:21 - [MESSAGE][PASSED] - Delayed 1 second(s)

2018-05-05 19:26:21 - [TEST_STEP][PASSED] - click: Object: 'Object Repository/Schedule2/Page_KDMC - CMS/button_Add' is clicked on

2018-05-05 19:26:21 - [MESSAGE][PASSED] - Object: 'Object Repository/Schedule2/Page_KDMC - CMS/button_Add' is clicked on

2018-05-05 19:26:21 - [TEST_STEP][PASSED] - selectOptionByValue: All options with value '2' are selected in object 'Object Repository/Schedule2/Page_KDMC - CMS/select_--Select--Schedule 1Inj'  using regular expression

2018-05-05 19:26:21 - [MESSAGE][PASSED] - All options with value '2' are selected in object 'Object Repository/Schedule2/Page_KDMC - CMS/select_--Select--Schedule 1Inj'  using regular expression

2018-05-05 19:26:21 - [TEST_STEP][PASSED] - selectOptionByIndex: All options with index in [46] are selected on object 'Object Repository/Schedule2/Page_KDMC - CMS/select_--Select--Albendazole'

2018-05-05 19:26:22 - [MESSAGE][PASSED] - All options with index in [46] are selected on object 'Object Repository/Schedule2/Page_KDMC - CMS/select_--Select--Albendazole'

2018-05-05 19:26:22 - [TEST_STEP][PASSED] - setText: Text '5000' is set on object 'Object Repository/Schedule2/Page_KDMC - CMS/input_txttreat'

2018-05-05 19:26:22 - [MESSAGE][PASSED] - Text '5000' is set on object 'Object Repository/Schedule2/Page_KDMC - CMS/input_txttreat'

2018-05-05 19:26:22 - [TEST_STEP][PASSED] - delay: Delayed 1 second(s)

2018-05-05 19:26:23 - [MESSAGE][PASSED] - Delayed 1 second(s)

2018-05-05 19:26:23 - [TEST_STEP][PASSED] - click: Object: 'Object Repository/Schedule2/Page_KDMC - CMS/button_Add' is clicked on

2018-05-05 19:26:23 - [MESSAGE][PASSED] - Object: 'Object Repository/Schedule2/Page_KDMC - CMS/button_Add' is clicked on

2018-05-05 19:26:23 - [TEST_STEP][PASSED] - selectOptionByValue: All options with value '2' are selected in object 'Object Repository/Schedule2/Page_KDMC - CMS/select_--Select--Schedule 1Inj'  using regular expression

2018-05-05 19:26:23 - [MESSAGE][PASSED] - All options with value '2' are selected in object 'Object Repository/Schedule2/Page_KDMC - CMS/select_--Select--Schedule 1Inj'  using regular expression

2018-05-05 19:26:23 - [TEST_STEP][PASSED] - selectOptionByIndex: All options with index in [47] are selected on object 'Object Repository/Schedule2/Page_KDMC - CMS/select_--Select--Albendazole'

2018-05-05 19:26:24 - [MESSAGE][PASSED] - All options with index in [47] are selected on object 'Object Repository/Schedule2/Page_KDMC - CMS/select_--Select--Albendazole'

2018-05-05 19:26:24 - [TEST_STEP][PASSED] - setText: Text '5000' is set on object 'Object Repository/Schedule2/Page_KDMC - CMS/input_txttreat'

2018-05-05 19:26:24 - [MESSAGE][PASSED] - Text '5000' is set on object 'Object Repository/Schedule2/Page_KDMC - CMS/input_txttreat'

2018-05-05 19:26:24 - [TEST_STEP][PASSED] - delay: Delayed 1 second(s)

2018-05-05 19:26:25 - [MESSAGE][PASSED] - Delayed 1 second(s)

2018-05-05 19:26:25 - [TEST_STEP][PASSED] - click: Object: 'Object Repository/Schedule2/Page_KDMC - CMS/button_Add' is clicked on

2018-05-05 19:26:25 - [MESSAGE][PASSED] - Object: 'Object Repository/Schedule2/Page_KDMC - CMS/button_Add' is clicked on

2018-05-05 19:26:25 - [TEST_STEP][PASSED] - selectOptionByValue: All options with value '2' are selected in object 'Object Repository/Schedule2/Page_KDMC - CMS/select_--Select--Schedule 1Inj'  using regular expression

2018-05-05 19:26:25 - [MESSAGE][PASSED] - All options with value '2' are selected in object 'Object Repository/Schedule2/Page_KDMC - CMS/select_--Select--Schedule 1Inj'  using regular expression

2018-05-05 19:26:25 - [TEST_STEP][PASSED] - selectOptionByIndex: All options with index in [48] are selected on object 'Object Repository/Schedule2/Page_KDMC - CMS/select_--Select--Albendazole'

2018-05-05 19:26:26 - [MESSAGE][PASSED] - All options with index in [48] are selected on object 'Object Repository/Schedule2/Page_KDMC - CMS/select_--Select--Albendazole'

2018-05-05 19:26:26 - [TEST_STEP][PASSED] - setText: Text '5000' is set on object 'Object Repository/Schedule2/Page_KDMC - CMS/input_txttreat'

2018-05-05 19:26:26 - [MESSAGE][PASSED] - Text '5000' is set on object 'Object Repository/Schedule2/Page_KDMC - CMS/input_txttreat'

2018-05-05 19:26:26 - [TEST_STEP][PASSED] - delay: Delayed 1 second(s)

2018-05-05 19:26:27 - [MESSAGE][PASSED] - Delayed 1 second(s)

2018-05-05 19:26:27 - [TEST_STEP][PASSED] - click: Object: 'Object Repository/Schedule2/Page_KDMC - CMS/button_Add' is clicked on

2018-05-05 19:26:27 - [MESSAGE][PASSED] - Object: 'Object Repository/Schedule2/Page_KDMC - CMS/button_Add' is clicked on

2018-05-05 19:26:27 - [TEST_STEP][PASSED] - selectOptionByValue: All options with value '2' are selected in object 'Object Repository/Schedule2/Page_KDMC - CMS/select_--Select--Schedule 1Inj'  using regular expression

2018-05-05 19:26:27 - [MESSAGE][PASSED] - All options with value '2' are selected in object 'Object Repository/Schedule2/Page_KDMC - CMS/select_--Select--Schedule 1Inj'  using regular expression

2018-05-05 19:26:27 - [TEST_STEP][PASSED] - selectOptionByIndex: All options with index in [49] are selected on object 'Object Repository/Schedule2/Page_KDMC - CMS/select_--Select--Albendazole'

2018-05-05 19:26:28 - [MESSAGE][PASSED] - All options with index in [49] are selected on object 'Object Repository/Schedule2/Page_KDMC - CMS/select_--Select--Albendazole'

2018-05-05 19:26:28 - [TEST_STEP][PASSED] - setText: Text '5000' is set on object 'Object Repository/Schedule2/Page_KDMC - CMS/input_txttreat'

2018-05-05 19:26:28 - [MESSAGE][PASSED] - Text '5000' is set on object 'Object Repository/Schedule2/Page_KDMC - CMS/input_txttreat'

2018-05-05 19:26:28 - [TEST_STEP][PASSED] - delay: Delayed 1 second(s)

2018-05-05 19:26:29 - [MESSAGE][PASSED] - Delayed 1 second(s)

2018-05-05 19:26:29 - [TEST_STEP][PASSED] - click: Object: 'Object Repository/Schedule2/Page_KDMC - CMS/button_Add' is clicked on

2018-05-05 19:26:29 - [MESSAGE][PASSED] - Object: 'Object Repository/Schedule2/Page_KDMC - CMS/button_Add' is clicked on

2018-05-05 19:26:29 - [TEST_STEP][PASSED] - selectOptionByValue: All options with value '2' are selected in object 'Object Repository/Schedule2/Page_KDMC - CMS/select_--Select--Schedule 1Inj'  using regular expression

2018-05-05 19:26:29 - [MESSAGE][PASSED] - All options with value '2' are selected in object 'Object Repository/Schedule2/Page_KDMC - CMS/select_--Select--Schedule 1Inj'  using regular expression

2018-05-05 19:26:29 - [TEST_STEP][PASSED] - selectOptionByIndex: All options with index in [50] are selected on object 'Object Repository/Schedule2/Page_KDMC - CMS/select_--Select--Albendazole'

2018-05-05 19:26:30 - [MESSAGE][PASSED] - All options with index in [50] are selected on object 'Object Repository/Schedule2/Page_KDMC - CMS/select_--Select--Albendazole'

2018-05-05 19:26:30 - [TEST_STEP][PASSED] - setText: Text '5000' is set on object 'Object Repository/Schedule2/Page_KDMC - CMS/input_txttreat'

2018-05-05 19:26:30 - [MESSAGE][PASSED] - Text '5000' is set on object 'Object Repository/Schedule2/Page_KDMC - CMS/input_txttreat'

2018-05-05 19:26:30 - [TEST_STEP][PASSED] - delay: Delayed 1 second(s)

2018-05-05 19:26:31 - [MESSAGE][PASSED] - Delayed 1 second(s)

2018-05-05 19:26:31 - [TEST_STEP][PASSED] - click: Object: 'Object Repository/Schedule2/Page_KDMC - CMS/button_Add' is clicked on

2018-05-05 19:26:31 - [MESSAGE][PASSED] - Object: 'Object Repository/Schedule2/Page_KDMC - CMS/button_Add' is clicked on

2018-05-05 19:26:31 - [TEST_STEP][PASSED] - selectOptionByValue: All options with value '2' are selected in object 'Object Repository/Schedule2/Page_KDMC - CMS/select_--Select--Schedule 1Inj'  using regular expression

2018-05-05 19:26:31 - [MESSAGE][PASSED] - All options with value '2' are selected in object 'Object Repository/Schedule2/Page_KDMC - CMS/select_--Select--Schedule 1Inj'  using regular expression

2018-05-05 19:26:31 - [TEST_STEP][PASSED] - selectOptionByIndex: All options with index in [51] are selected on object 'Object Repository/Schedule2/Page_KDMC - CMS/select_--Select--Albendazole'

2018-05-05 19:26:32 - [MESSAGE][PASSED] - All options with index in [51] are selected on object 'Object Repository/Schedule2/Page_KDMC - CMS/select_--Select--Albendazole'

2018-05-05 19:26:32 - [TEST_STEP][PASSED] - setText: Text '5000' is set on object 'Object Repository/Schedule2/Page_KDMC - CMS/input_txttreat'

2018-05-05 19:26:32 - [MESSAGE][PASSED] - Text '5000' is set on object 'Object Repository/Schedule2/Page_KDMC - CMS/input_txttreat'

2018-05-05 19:26:32 - [TEST_STEP][PASSED] - delay: Delayed 1 second(s)

2018-05-05 19:26:33 - [MESSAGE][PASSED] - Delayed 1 second(s)

2018-05-05 19:26:33 - [TEST_STEP][PASSED] - click: Object: 'Object Repository/Schedule2/Page_KDMC - CMS/button_Add' is clicked on

2018-05-05 19:26:33 - [MESSAGE][PASSED] - Object: 'Object Repository/Schedule2/Page_KDMC - CMS/button_Add' is clicked on

2018-05-05 19:26:33 - [TEST_STEP][PASSED] - selectOptionByValue: All options with value '2' are selected in object 'Object Repository/Schedule2/Page_KDMC - CMS/select_--Select--Schedule 1Inj'  using regular expression

2018-05-05 19:26:33 - [MESSAGE][PASSED] - All options with value '2' are selected in object 'Object Repository/Schedule2/Page_KDMC - CMS/select_--Select--Schedule 1Inj'  using regular expression

2018-05-05 19:26:33 - [TEST_STEP][PASSED] - selectOptionByIndex: All options with index in [52] are selected on object 'Object Repository/Schedule2/Page_KDMC - CMS/select_--Select--Albendazole'

2018-05-05 19:26:34 - [MESSAGE][PASSED] - All options with index in [52] are selected on object 'Object Repository/Schedule2/Page_KDMC - CMS/select_--Select--Albendazole'

2018-05-05 19:26:34 - [TEST_STEP][PASSED] - setText: Text '5000' is set on object 'Object Repository/Schedule2/Page_KDMC - CMS/input_txttreat'

2018-05-05 19:26:34 - [MESSAGE][PASSED] - Text '5000' is set on object 'Object Repository/Schedule2/Page_KDMC - CMS/input_txttreat'

2018-05-05 19:26:34 - [TEST_STEP][PASSED] - delay: Delayed 1 second(s)

2018-05-05 19:26:35 - [MESSAGE][PASSED] - Delayed 1 second(s)

2018-05-05 19:26:35 - [TEST_STEP][PASSED] - click: Object: 'Object Repository/Schedule2/Page_KDMC - CMS/button_Add' is clicked on

2018-05-05 19:26:35 - [MESSAGE][PASSED] - Object: 'Object Repository/Schedule2/Page_KDMC - CMS/button_Add' is clicked on

2018-05-05 19:26:35 - [TEST_STEP][PASSED] - selectOptionByValue: All options with value '2' are selected in object 'Object Repository/Schedule2/Page_KDMC - CMS/select_--Select--Schedule 1Inj'  using regular expression

2018-05-05 19:26:35 - [MESSAGE][PASSED] - All options with value '2' are selected in object 'Object Repository/Schedule2/Page_KDMC - CMS/select_--Select--Schedule 1Inj'  using regular expression

2018-05-05 19:26:35 - [TEST_STEP][PASSED] - selectOptionByIndex: All options with index in [53] are selected on object 'Object Repository/Schedule2/Page_KDMC - CMS/select_--Select--Albendazole'

2018-05-05 19:26:36 - [MESSAGE][PASSED] - All options with index in [53] are selected on object 'Object Repository/Schedule2/Page_KDMC - CMS/select_--Select--Albendazole'

2018-05-05 19:26:36 - [TEST_STEP][PASSED] - setText: Text '5000' is set on object 'Object Repository/Schedule2/Page_KDMC - CMS/input_txttreat'

2018-05-05 19:26:36 - [MESSAGE][PASSED] - Text '5000' is set on object 'Object Repository/Schedule2/Page_KDMC - CMS/input_txttreat'

2018-05-05 19:26:36 - [TEST_STEP][PASSED] - delay: Delayed 1 second(s)

2018-05-05 19:26:37 - [MESSAGE][PASSED] - Delayed 1 second(s)

2018-05-05 19:26:37 - [TEST_STEP][PASSED] - click: Object: 'Object Repository/Schedule2/Page_KDMC - CMS/button_Add' is clicked on

2018-05-05 19:26:37 - [MESSAGE][PASSED] - Object: 'Object Repository/Schedule2/Page_KDMC - CMS/button_Add' is clicked on

2018-05-05 19:26:37 - [TEST_STEP][PASSED] - selectOptionByValue: All options with value '2' are selected in object 'Object Repository/Schedule2/Page_KDMC - CMS/select_--Select--Schedule 1Inj'  using regular expression

2018-05-05 19:26:37 - [MESSAGE][PASSED] - All options with value '2' are selected in object 'Object Repository/Schedule2/Page_KDMC - CMS/select_--Select--Schedule 1Inj'  using regular expression

2018-05-05 19:26:37 - [TEST_STEP][PASSED] - selectOptionByIndex: All options with index in [54] are selected on object 'Object Repository/Schedule2/Page_KDMC - CMS/select_--Select--Albendazole'

2018-05-05 19:26:38 - [MESSAGE][PASSED] - All options with index in [54] are selected on object 'Object Repository/Schedule2/Page_KDMC - CMS/select_--Select--Albendazole'

2018-05-05 19:26:38 - [TEST_STEP][PASSED] - setText: Text '5000' is set on object 'Object Repository/Schedule2/Page_KDMC - CMS/input_txttreat'

2018-05-05 19:26:38 - [MESSAGE][PASSED] - Text '5000' is set on object 'Object Repository/Schedule2/Page_KDMC - CMS/input_txttreat'

2018-05-05 19:26:38 - [TEST_STEP][PASSED] - delay: Delayed 1 second(s)

2018-05-05 19:26:39 - [MESSAGE][PASSED] - Delayed 1 second(s)

2018-05-05 19:26:39 - [TEST_STEP][PASSED] - click: Object: 'Object Repository/Schedule2/Page_KDMC - CMS/button_Add' is clicked on

2018-05-05 19:26:39 - [MESSAGE][PASSED] - Object: 'Object Repository/Schedule2/Page_KDMC - CMS/button_Add' is clicked on

2018-05-05 19:26:39 - [TEST_STEP][PASSED] - selectOptionByValue: All options with value '2' are selected in object 'Object Repository/Schedule2/Page_KDMC - CMS/select_--Select--Schedule 1Inj'  using regular expression

2018-05-05 19:26:40 - [MESSAGE][PASSED] - All options with value '2' are selected in object 'Object Repository/Schedule2/Page_KDMC - CMS/select_--Select--Schedule 1Inj'  using regular expression

2018-05-05 19:26:40 - [TEST_STEP][PASSED] - selectOptionByIndex: All options with index in [55] are selected on object 'Object Repository/Schedule2/Page_KDMC - CMS/select_--Select--Albendazole'

2018-05-05 19:26:40 - [MESSAGE][PASSED] - All options with index in [55] are selected on object 'Object Repository/Schedule2/Page_KDMC - CMS/select_--Select--Albendazole'

2018-05-05 19:26:40 - [TEST_STEP][PASSED] - setText: Text '5000' is set on object 'Object Repository/Schedule2/Page_KDMC - CMS/input_txttreat'

2018-05-05 19:26:40 - [MESSAGE][PASSED] - Text '5000' is set on object 'Object Repository/Schedule2/Page_KDMC - CMS/input_txttreat'

2018-05-05 19:26:40 - [TEST_STEP][PASSED] - delay: Delayed 1 second(s)

2018-05-05 19:26:41 - [MESSAGE][PASSED] - Delayed 1 second(s)

2018-05-05 19:26:41 - [TEST_STEP][PASSED] - click: Object: 'Object Repository/Schedule2/Page_KDMC - CMS/button_Add' is clicked on

2018-05-05 19:26:41 - [MESSAGE][PASSED] - Object: 'Object Repository/Schedule2/Page_KDMC - CMS/button_Add' is clicked on

2018-05-05 19:26:41 - [TEST_STEP][PASSED] - selectOptionByValue: All options with value '2' are selected in object 'Object Repository/Schedule2/Page_KDMC - CMS/select_--Select--Schedule 1Inj'  using regular expression

2018-05-05 19:26:42 - [MESSAGE][PASSED] - All options with value '2' are selected in object 'Object Repository/Schedule2/Page_KDMC - CMS/select_--Select--Schedule 1Inj'  using regular expression

2018-05-05 19:26:42 - [TEST_STEP][PASSED] - selectOptionByIndex: All options with index in [56] are selected on object 'Object Repository/Schedule2/Page_KDMC - CMS/select_--Select--Albendazole'

2018-05-05 19:26:42 - [MESSAGE][PASSED] - All options with index in [56] are selected on object 'Object Repository/Schedule2/Page_KDMC - CMS/select_--Select--Albendazole'

2018-05-05 19:26:42 - [TEST_STEP][PASSED] - setText: Text '5000' is set on object 'Object Repository/Schedule2/Page_KDMC - CMS/input_txttreat'

2018-05-05 19:26:42 - [MESSAGE][PASSED] - Text '5000' is set on object 'Object Repository/Schedule2/Page_KDMC - CMS/input_txttreat'

2018-05-05 19:26:42 - [TEST_STEP][PASSED] - delay: Delayed 1 second(s)

2018-05-05 19:26:43 - [MESSAGE][PASSED] - Delayed 1 second(s)

2018-05-05 19:26:43 - [TEST_STEP][PASSED] - click: Object: 'Object Repository/Schedule2/Page_KDMC - CMS/button_Add' is clicked on

2018-05-05 19:26:43 - [MESSAGE][PASSED] - Object: 'Object Repository/Schedule2/Page_KDMC - CMS/button_Add' is clicked on

2018-05-05 19:26:43 - [TEST_STEP][PASSED] - selectOptionByValue: All options with value '2' are selected in object 'Object Repository/Schedule2/Page_KDMC - CMS/select_--Select--Schedule 1Inj'  using regular expression

2018-05-05 19:26:44 - [MESSAGE][PASSED] - All options with value '2' are selected in object 'Object Repository/Schedule2/Page_KDMC - CMS/select_--Select--Schedule 1Inj'  using regular expression

2018-05-05 19:26:44 - [TEST_STEP][PASSED] - selectOptionByIndex: All options with index in [57] are selected on object 'Object Repository/Schedule2/Page_KDMC - CMS/select_--Select--Albendazole'

2018-05-05 19:26:44 - [MESSAGE][PASSED] - All options with index in [57] are selected on object 'Object Repository/Schedule2/Page_KDMC - CMS/select_--Select--Albendazole'

2018-05-05 19:26:44 - [TEST_STEP][PASSED] - setText: Text '5000' is set on object 'Object Repository/Schedule2/Page_KDMC - CMS/input_txttreat'

2018-05-05 19:26:44 - [MESSAGE][PASSED] - Text '5000' is set on object 'Object Repository/Schedule2/Page_KDMC - CMS/input_txttreat'

2018-05-05 19:26:44 - [TEST_STEP][PASSED] - delay: Delayed 1 second(s)

2018-05-05 19:26:45 - [MESSAGE][PASSED] - Delayed 1 second(s)

2018-05-05 19:26:45 - [TEST_STEP][PASSED] - click: Object: 'Object Repository/Schedule2/Page_KDMC - CMS/button_Add' is clicked on

2018-05-05 19:26:46 - [MESSAGE][PASSED] - Object: 'Object Repository/Schedule2/Page_KDMC - CMS/button_Add' is clicked on

2018-05-05 19:26:46 - [TEST_STEP][PASSED] - selectOptionByValue: All options with value '2' are selected in object 'Object Repository/Schedule2/Page_KDMC - CMS/select_--Select--Schedule 1Inj'  using regular expression

2018-05-05 19:26:46 - [MESSAGE][PASSED] - All options with value '2' are selected in object 'Object Repository/Schedule2/Page_KDMC - CMS/select_--Select--Schedule 1Inj'  using regular expression

2018-05-05 19:26:46 - [TEST_STEP][PASSED] - selectOptionByIndex: All options with index in [58] are selected on object 'Object Repository/Schedule2/Page_KDMC - CMS/select_--Select--Albendazole'

2018-05-05 19:26:46 - [MESSAGE][PASSED] - All options with index in [58] are selected on object 'Object Repository/Schedule2/Page_KDMC - CMS/select_--Select--Albendazole'

2018-05-05 19:26:46 - [TEST_STEP][PASSED] - setText: Text '5000' is set on object 'Object Repository/Schedule2/Page_KDMC - CMS/input_txttreat'

2018-05-05 19:26:46 - [MESSAGE][PASSED] - Text '5000' is set on object 'Object Repository/Schedule2/Page_KDMC - CMS/input_txttreat'

2018-05-05 19:26:46 - [TEST_STEP][PASSED] - delay: Delayed 1 second(s)

2018-05-05 19:26:47 - [MESSAGE][PASSED] - Delayed 1 second(s)

2018-05-05 19:26:47 - [TEST_STEP][PASSED] - click: Object: 'Object Repository/Schedule2/Page_KDMC - CMS/button_Add' is clicked on

2018-05-05 19:26:48 - [MESSAGE][PASSED] - Object: 'Object Repository/Schedule2/Page_KDMC - CMS/button_Add' is clicked on

2018-05-05 19:26:48 - [TEST_STEP][PASSED] - selectOptionByValue: All options with value '2' are selected in object 'Object Repository/Schedule2/Page_KDMC - CMS/select_--Select--Schedule 1Inj'  using regular expression

2018-05-05 19:26:48 - [MESSAGE][PASSED] - All options with value '2' are selected in object 'Object Repository/Schedule2/Page_KDMC - CMS/select_--Select--Schedule 1Inj'  using regular expression

2018-05-05 19:26:48 - [TEST_STEP][PASSED] - selectOptionByIndex: All options with index in [59] are selected on object 'Object Repository/Schedule2/Page_KDMC - CMS/select_--Select--Albendazole'

2018-05-05 19:26:49 - [MESSAGE][PASSED] - All options with index in [59] are selected on object 'Object Repository/Schedule2/Page_KDMC - CMS/select_--Select--Albendazole'

2018-05-05 19:26:49 - [TEST_STEP][PASSED] - setText: Text '5000' is set on object 'Object Repository/Schedule2/Page_KDMC - CMS/input_txttreat'

2018-05-05 19:26:49 - [MESSAGE][PASSED] - Text '5000' is set on object 'Object Repository/Schedule2/Page_KDMC - CMS/input_txttreat'

2018-05-05 19:26:49 - [TEST_STEP][PASSED] - delay: Delayed 1 second(s)

2018-05-05 19:26:50 - [MESSAGE][PASSED] - Delayed 1 second(s)

2018-05-05 19:26:50 - [TEST_STEP][PASSED] - click: Object: 'Object Repository/Schedule2/Page_KDMC - CMS/button_Add' is clicked on

2018-05-05 19:26:50 - [MESSAGE][PASSED] - Object: 'Object Repository/Schedule2/Page_KDMC - CMS/button_Add' is clicked on

2018-05-05 19:26:50 - [TEST_STEP][PASSED] - selectOptionByValue: All options with value '2' are selected in object 'Object Repository/Schedule2/Page_KDMC - CMS/select_--Select--Schedule 1Inj'  using regular expression

2018-05-05 19:26:50 - [MESSAGE][PASSED] - All options with value '2' are selected in object 'Object Repository/Schedule2/Page_KDMC - CMS/select_--Select--Schedule 1Inj'  using regular expression

2018-05-05 19:26:50 - [TEST_STEP][PASSED] - selectOptionByIndex: All options with index in [60] are selected on object 'Object Repository/Schedule2/Page_KDMC - CMS/select_--Select--Albendazole'

2018-05-05 19:26:51 - [MESSAGE][PASSED] - All options with index in [60] are selected on object 'Object Repository/Schedule2/Page_KDMC - CMS/select_--Select--Albendazole'

2018-05-05 19:26:51 - [TEST_STEP][PASSED] - setText: Text '5000' is set on object 'Object Repository/Schedule2/Page_KDMC - CMS/input_txttreat'

2018-05-05 19:26:51 - [MESSAGE][PASSED] - Text '5000' is set on object 'Object Repository/Schedule2/Page_KDMC - CMS/input_txttreat'

2018-05-05 19:26:51 - [TEST_STEP][PASSED] - delay: Delayed 1 second(s)

2018-05-05 19:26:52 - [MESSAGE][PASSED] - Delayed 1 second(s)

2018-05-05 19:26:52 - [TEST_STEP][PASSED] - click: Object: 'Object Repository/Schedule2/Page_KDMC - CMS/button_Add' is clicked on

2018-05-05 19:26:52 - [MESSAGE][PASSED] - Object: 'Object Repository/Schedule2/Page_KDMC - CMS/button_Add' is clicked on

2018-05-05 19:26:52 - [TEST_STEP][PASSED] - selectOptionByValue: All options with value '2' are selected in object 'Object Repository/Schedule2/Page_KDMC - CMS/select_--Select--Schedule 1Inj'  using regular expression

2018-05-05 19:26:52 - [MESSAGE][PASSED] - All options with value '2' are selected in object 'Object Repository/Schedule2/Page_KDMC - CMS/select_--Select--Schedule 1Inj'  using regular expression

2018-05-05 19:26:52 - [TEST_STEP][PASSED] - selectOptionByIndex: All options with index in [61] are selected on object 'Object Repository/Schedule2/Page_KDMC - CMS/select_--Select--Albendazole'

2018-05-05 19:26:53 - [MESSAGE][PASSED] - All options with index in [61] are selected on object 'Object Repository/Schedule2/Page_KDMC - CMS/select_--Select--Albendazole'

2018-05-05 19:26:53 - [TEST_STEP][PASSED] - setText: Text '5000' is set on object 'Object Repository/Schedule2/Page_KDMC - CMS/input_txttreat'

2018-05-05 19:26:53 - [MESSAGE][PASSED] - Text '5000' is set on object 'Object Repository/Schedule2/Page_KDMC - CMS/input_txttreat'

2018-05-05 19:26:53 - [TEST_STEP][PASSED] - delay: Delayed 1 second(s)

2018-05-05 19:26:54 - [MESSAGE][PASSED] - Delayed 1 second(s)

2018-05-05 19:26:54 - [TEST_STEP][PASSED] - click: Object: 'Object Repository/Schedule2/Page_KDMC - CMS/button_Add' is clicked on

2018-05-05 19:26:54 - [MESSAGE][PASSED] - Object: 'Object Repository/Schedule2/Page_KDMC - CMS/button_Add' is clicked on

2018-05-05 19:26:54 - [TEST_STEP][PASSED] - selectOptionByValue: All options with value '2' are selected in object 'Object Repository/Schedule2/Page_KDMC - CMS/select_--Select--Schedule 1Inj'  using regular expression

2018-05-05 19:26:54 - [MESSAGE][PASSED] - All options with value '2' are selected in object 'Object Repository/Schedule2/Page_KDMC - CMS/select_--Select--Schedule 1Inj'  using regular expression

2018-05-05 19:26:54 - [TEST_STEP][PASSED] - selectOptionByIndex: All options with index in [62] are selected on object 'Object Repository/Schedule2/Page_KDMC - CMS/select_--Select--Albendazole'

2018-05-05 19:26:55 - [MESSAGE][PASSED] - All options with index in [62] are selected on object 'Object Repository/Schedule2/Page_KDMC - CMS/select_--Select--Albendazole'

2018-05-05 19:26:55 - [TEST_STEP][PASSED] - setText: Text '5000' is set on object 'Object Repository/Schedule2/Page_KDMC - CMS/input_txttreat'

2018-05-05 19:26:55 - [MESSAGE][PASSED] - Text '5000' is set on object 'Object Repository/Schedule2/Page_KDMC - CMS/input_txttreat'

2018-05-05 19:26:55 - [TEST_STEP][PASSED] - delay: Delayed 1 second(s)

2018-05-05 19:26:56 - [MESSAGE][PASSED] - Delayed 1 second(s)

2018-05-05 19:26:56 - [TEST_STEP][PASSED] - click: Object: 'Object Repository/Schedule2/Page_KDMC - CMS/button_Add' is clicked on

2018-05-05 19:26:56 - [MESSAGE][PASSED] - Object: 'Object Repository/Schedule2/Page_KDMC - CMS/button_Add' is clicked on

2018-05-05 19:26:56 - [TEST_STEP][PASSED] - selectOptionByValue: All options with value '2' are selected in object 'Object Repository/Schedule2/Page_KDMC - CMS/select_--Select--Schedule 1Inj'  using regular expression

2018-05-05 19:26:57 - [MESSAGE][PASSED] - All options with value '2' are selected in object 'Object Repository/Schedule2/Page_KDMC - CMS/select_--Select--Schedule 1Inj'  using regular expression

2018-05-05 19:26:57 - [TEST_STEP][PASSED] - selectOptionByIndex: All options with index in [63] are selected on object 'Object Repository/Schedule2/Page_KDMC - CMS/select_--Select--Albendazole'

2018-05-05 19:26:58 - [MESSAGE][PASSED] - All options with index in [63] are selected on object 'Object Repository/Schedule2/Page_KDMC - CMS/select_--Select--Albendazole'

2018-05-05 19:26:58 - [TEST_STEP][PASSED] - setText: Text '5000' is set on object 'Object Repository/Schedule2/Page_KDMC - CMS/input_txttreat'

2018-05-05 19:26:58 - [MESSAGE][PASSED] - Text '5000' is set on object 'Object Repository/Schedule2/Page_KDMC - CMS/input_txttreat'

2018-05-05 19:26:58 - [TEST_STEP][PASSED] - delay: Delayed 1 second(s)

2018-05-05 19:26:59 - [MESSAGE][PASSED] - Delayed 1 second(s)

2018-05-05 19:26:59 - [TEST_STEP][PASSED] - click: Object: 'Object Repository/Schedule2/Page_KDMC - CMS/button_Add' is clicked on

2018-05-05 19:26:59 - [MESSAGE][PASSED] - Object: 'Object Repository/Schedule2/Page_KDMC - CMS/button_Add' is clicked on

2018-05-05 19:26:59 - [TEST_STEP][PASSED] - selectOptionByValue: All options with value '2' are selected in object 'Object Repository/Schedule2/Page_KDMC - CMS/select_--Select--Schedule 1Inj'  using regular expression

2018-05-05 19:26:59 - [MESSAGE][PASSED] - All options with value '2' are selected in object 'Object Repository/Schedule2/Page_KDMC - CMS/select_--Select--Schedule 1Inj'  using regular expression

2018-05-05 19:26:59 - [TEST_STEP][PASSED] - selectOptionByIndex: All options with index in [64] are selected on object 'Object Repository/Schedule2/Page_KDMC - CMS/select_--Select--Albendazole'

2018-05-05 19:27:00 - [MESSAGE][PASSED] - All options with index in [64] are selected on object 'Object Repository/Schedule2/Page_KDMC - CMS/select_--Select--Albendazole'

2018-05-05 19:27:00 - [TEST_STEP][PASSED] - setText: Text '5000' is set on object 'Object Repository/Schedule2/Page_KDMC - CMS/input_txttreat'

2018-05-05 19:27:00 - [MESSAGE][PASSED] - Text '5000' is set on object 'Object Repository/Schedule2/Page_KDMC - CMS/input_txttreat'

2018-05-05 19:27:00 - [TEST_STEP][PASSED] - delay: Delayed 1 second(s)

2018-05-05 19:27:01 - [MESSAGE][PASSED] - Delayed 1 second(s)

2018-05-05 19:27:01 - [TEST_STEP][PASSED] - click: Object: 'Object Repository/Schedule2/Page_KDMC - CMS/button_Add' is clicked on

2018-05-05 19:27:01 - [MESSAGE][PASSED] - Object: 'Object Repository/Schedule2/Page_KDMC - CMS/button_Add' is clicked on

2018-05-05 19:27:01 - [TEST_STEP][PASSED] - selectOptionByValue: All options with value '2' are selected in object 'Object Repository/Schedule2/Page_KDMC - CMS/select_--Select--Schedule 1Inj'  using regular expression

2018-05-05 19:27:01 - [MESSAGE][PASSED] - All options with value '2' are selected in object 'Object Repository/Schedule2/Page_KDMC - CMS/select_--Select--Schedule 1Inj'  using regular expression

2018-05-05 19:27:01 - [TEST_STEP][PASSED] - selectOptionByIndex: All options with index in [65] are selected on object 'Object Repository/Schedule2/Page_KDMC - CMS/select_--Select--Albendazole'

2018-05-05 19:27:02 - [MESSAGE][PASSED] - All options with index in [65] are selected on object 'Object Repository/Schedule2/Page_KDMC - CMS/select_--Select--Albendazole'

2018-05-05 19:27:02 - [TEST_STEP][PASSED] - setText: Text '5000' is set on object 'Object Repository/Schedule2/Page_KDMC - CMS/input_txttreat'

2018-05-05 19:27:02 - [MESSAGE][PASSED] - Text '5000' is set on object 'Object Repository/Schedule2/Page_KDMC - CMS/input_txttreat'

2018-05-05 19:27:02 - [TEST_STEP][PASSED] - delay: Delayed 1 second(s)

2018-05-05 19:27:03 - [MESSAGE][PASSED] - Delayed 1 second(s)

2018-05-05 19:27:03 - [TEST_STEP][PASSED] - click: Object: 'Object Repository/Schedule2/Page_KDMC - CMS/button_Add' is clicked on

2018-05-05 19:27:03 - [MESSAGE][PASSED] - Object: 'Object Repository/Schedule2/Page_KDMC - CMS/button_Add' is clicked on

2018-05-05 19:27:03 - [TEST_STEP][PASSED] - selectOptionByValue: All options with value '2' are selected in object 'Object Repository/Schedule2/Page_KDMC - CMS/select_--Select--Schedule 1Inj'  using regular expression

2018-05-05 19:27:03 - [MESSAGE][PASSED] - All options with value '2' are selected in object 'Object Repository/Schedule2/Page_KDMC - CMS/select_--Select--Schedule 1Inj'  using regular expression

2018-05-05 19:27:03 - [TEST_STEP][PASSED] - selectOptionByIndex: All options with index in [66] are selected on object 'Object Repository/Schedule2/Page_KDMC - CMS/select_--Select--Albendazole'

2018-05-05 19:27:04 - [MESSAGE][PASSED] - All options with index in [66] are selected on object 'Object Repository/Schedule2/Page_KDMC - CMS/select_--Select--Albendazole'

2018-05-05 19:27:04 - [TEST_STEP][PASSED] - setText: Text '5000' is set on object 'Object Repository/Schedule2/Page_KDMC - CMS/input_txttreat'

2018-05-05 19:27:04 - [MESSAGE][PASSED] - Text '5000' is set on object 'Object Repository/Schedule2/Page_KDMC - CMS/input_txttreat'

2018-05-05 19:27:04 - [TEST_STEP][PASSED] - delay: Delayed 1 second(s)

2018-05-05 19:27:05 - [MESSAGE][PASSED] - Delayed 1 second(s)

2018-05-05 19:27:05 - [TEST_STEP][PASSED] - click: Object: 'Object Repository/Schedule2/Page_KDMC - CMS/button_Add' is clicked on

2018-05-05 19:27:05 - [MESSAGE][PASSED] - Object: 'Object Repository/Schedule2/Page_KDMC - CMS/button_Add' is clicked on

2018-05-05 19:27:05 - [TEST_STEP][PASSED] - selectOptionByValue: All options with value '2' are selected in object 'Object Repository/Schedule2/Page_KDMC - CMS/select_--Select--Schedule 1Inj'  using regular expression

2018-05-05 19:27:06 - [MESSAGE][PASSED] - All options with value '2' are selected in object 'Object Repository/Schedule2/Page_KDMC - CMS/select_--Select--Schedule 1Inj'  using regular expression

2018-05-05 19:27:06 - [TEST_STEP][PASSED] - selectOptionByIndex: All options with index in [67] are selected on object 'Object Repository/Schedule2/Page_KDMC - CMS/select_--Select--Albendazole'

2018-05-05 19:27:06 - [MESSAGE][PASSED] - All options with index in [67] are selected on object 'Object Repository/Schedule2/Page_KDMC - CMS/select_--Select--Albendazole'

2018-05-05 19:27:06 - [TEST_STEP][PASSED] - setText: Text '5000' is set on object 'Object Repository/Schedule2/Page_KDMC - CMS/input_txttreat'

2018-05-05 19:27:06 - [MESSAGE][PASSED] - Text '5000' is set on object 'Object Repository/Schedule2/Page_KDMC - CMS/input_txttreat'

2018-05-05 19:27:06 - [TEST_STEP][PASSED] - delay: Delayed 1 second(s)

2018-05-05 19:27:07 - [MESSAGE][PASSED] - Delayed 1 second(s)

2018-05-05 19:27:07 - [TEST_STEP][PASSED] - click: Object: 'Object Repository/Schedule2/Page_KDMC - CMS/button_Add' is clicked on

2018-05-05 19:27:08 - [MESSAGE][PASSED] - Object: 'Object Repository/Schedule2/Page_KDMC - CMS/button_Add' is clicked on

2018-05-05 19:27:08 - [TEST_STEP][PASSED] - selectOptionByValue: All options with value '2' are selected in object 'Object Repository/Schedule2/Page_KDMC - CMS/select_--Select--Schedule 1Inj'  using regular expression

2018-05-05 19:27:08 - [MESSAGE][PASSED] - All options with value '2' are selected in object 'Object Repository/Schedule2/Page_KDMC - CMS/select_--Select--Schedule 1Inj'  using regular expression

2018-05-05 19:27:08 - [TEST_STEP][PASSED] - selectOptionByIndex: All options with index in [68] are selected on object 'Object Repository/Schedule2/Page_KDMC - CMS/select_--Select--Albendazole'

2018-05-05 19:27:09 - [MESSAGE][PASSED] - All options with index in [68] are selected on object 'Object Repository/Schedule2/Page_KDMC - CMS/select_--Select--Albendazole'

2018-05-05 19:27:09 - [TEST_STEP][PASSED] - setText: Text '5000' is set on object 'Object Repository/Schedule2/Page_KDMC - CMS/input_txttreat'

2018-05-05 19:27:09 - [MESSAGE][PASSED] - Text '5000' is set on object 'Object Repository/Schedule2/Page_KDMC - CMS/input_txttreat'

2018-05-05 19:27:09 - [TEST_STEP][PASSED] - delay: Delayed 1 second(s)

2018-05-05 19:27:10 - [MESSAGE][PASSED] - Delayed 1 second(s)

2018-05-05 19:27:10 - [TEST_STEP][PASSED] - click: Object: 'Object Repository/Schedule2/Page_KDMC - CMS/button_Add' is clicked on

2018-05-05 19:27:10 - [MESSAGE][PASSED] - Object: 'Object Repository/Schedule2/Page_KDMC - CMS/button_Add' is clicked on

2018-05-05 19:27:10 - [TEST_STEP][PASSED] - selectOptionByValue: All options with value '2' are selected in object 'Object Repository/Schedule2/Page_KDMC - CMS/select_--Select--Schedule 1Inj'  using regular expression

2018-05-05 19:27:10 - [MESSAGE][PASSED] - All options with value '2' are selected in object 'Object Repository/Schedule2/Page_KDMC - CMS/select_--Select--Schedule 1Inj'  using regular expression

2018-05-05 19:27:10 - [TEST_STEP][PASSED] - selectOptionByIndex: All options with index in [69] are selected on object 'Object Repository/Schedule2/Page_KDMC - CMS/select_--Select--Albendazole'

2018-05-05 19:27:11 - [MESSAGE][PASSED] - All options with index in [69] are selected on object 'Object Repository/Schedule2/Page_KDMC - CMS/select_--Select--Albendazole'

2018-05-05 19:27:11 - [TEST_STEP][PASSED] - setText: Text '5000' is set on object 'Object Repository/Schedule2/Page_KDMC - CMS/input_txttreat'

2018-05-05 19:27:11 - [MESSAGE][PASSED] - Text '5000' is set on object 'Object Repository/Schedule2/Page_KDMC - CMS/input_txttreat'

2018-05-05 19:27:11 - [TEST_STEP][PASSED] - delay: Delayed 1 second(s)

2018-05-05 19:27:12 - [MESSAGE][PASSED] - Delayed 1 second(s)

2018-05-05 19:27:12 - [TEST_STEP][PASSED] - click: Object: 'Object Repository/Schedule2/Page_KDMC - CMS/button_Add' is clicked on

2018-05-05 19:27:12 - [MESSAGE][PASSED] - Object: 'Object Repository/Schedule2/Page_KDMC - CMS/button_Add' is clicked on

2018-05-05 19:27:12 - [TEST_STEP][PASSED] - selectOptionByValue: All options with value '2' are selected in object 'Object Repository/Schedule2/Page_KDMC - CMS/select_--Select--Schedule 1Inj'  using regular expression

2018-05-05 19:27:12 - [MESSAGE][PASSED] - All options with value '2' are selected in object 'Object Repository/Schedule2/Page_KDMC - CMS/select_--Select--Schedule 1Inj'  using regular expression

2018-05-05 19:27:12 - [TEST_STEP][PASSED] - selectOptionByIndex: All options with index in [70] are selected on object 'Object Repository/Schedule2/Page_KDMC - CMS/select_--Select--Albendazole'

2018-05-05 19:27:13 - [MESSAGE][PASSED] - All options with index in [70] are selected on object 'Object Repository/Schedule2/Page_KDMC - CMS/select_--Select--Albendazole'

2018-05-05 19:27:13 - [TEST_STEP][PASSED] - setText: Text '5000' is set on object 'Object Repository/Schedule2/Page_KDMC - CMS/input_txttreat'

2018-05-05 19:27:13 - [MESSAGE][PASSED] - Text '5000' is set on object 'Object Repository/Schedule2/Page_KDMC - CMS/input_txttreat'

2018-05-05 19:27:13 - [TEST_STEP][PASSED] - delay: Delayed 1 second(s)

2018-05-05 19:27:14 - [MESSAGE][PASSED] - Delayed 1 second(s)

2018-05-05 19:27:14 - [TEST_STEP][PASSED] - click: Object: 'Object Repository/Schedule2/Page_KDMC - CMS/button_Add' is clicked on

2018-05-05 19:27:14 - [MESSAGE][PASSED] - Object: 'Object Repository/Schedule2/Page_KDMC - CMS/button_Add' is clicked on

2018-05-05 19:27:14 - [TEST_STEP][PASSED] - selectOptionByValue: All options with value '2' are selected in object 'Object Repository/Schedule2/Page_KDMC - CMS/select_--Select--Schedule 1Inj'  using regular expression

2018-05-05 19:27:15 - [MESSAGE][PASSED] - All options with value '2' are selected in object 'Object Repository/Schedule2/Page_KDMC - CMS/select_--Select--Schedule 1Inj'  using regular expression

2018-05-05 19:27:15 - [TEST_STEP][PASSED] - selectOptionByIndex: All options with index in [71] are selected on object 'Object Repository/Schedule2/Page_KDMC - CMS/select_--Select--Albendazole'

2018-05-05 19:27:16 - [MESSAGE][PASSED] - All options with index in [71] are selected on object 'Object Repository/Schedule2/Page_KDMC - CMS/select_--Select--Albendazole'

2018-05-05 19:27:16 - [TEST_STEP][PASSED] - setText: Text '5000' is set on object 'Object Repository/Schedule2/Page_KDMC - CMS/input_txttreat'

2018-05-05 19:27:16 - [MESSAGE][PASSED] - Text '5000' is set on object 'Object Repository/Schedule2/Page_KDMC - CMS/input_txttreat'

2018-05-05 19:27:16 - [TEST_STEP][PASSED] - delay: Delayed 1 second(s)

2018-05-05 19:27:17 - [MESSAGE][PASSED] - Delayed 1 second(s)

2018-05-05 19:27:17 - [TEST_STEP][PASSED] - click: Object: 'Object Repository/Schedule2/Page_KDMC - CMS/button_Add' is clicked on

2018-05-05 19:27:17 - [MESSAGE][PASSED] - Object: 'Object Repository/Schedule2/Page_KDMC - CMS/button_Add' is clicked on

2018-05-05 19:27:17 - [TEST_STEP][PASSED] - selectOptionByValue: All options with value '2' are selected in object 'Object Repository/Schedule2/Page_KDMC - CMS/select_--Select--Schedule 1Inj'  using regular expression

2018-05-05 19:27:17 - [MESSAGE][PASSED] - All options with value '2' are selected in object 'Object Repository/Schedule2/Page_KDMC - CMS/select_--Select--Schedule 1Inj'  using regular expression

2018-05-05 19:27:17 - [TEST_STEP][PASSED] - selectOptionByIndex: All options with index in [72] are selected on object 'Object Repository/Schedule2/Page_KDMC - CMS/select_--Select--Albendazole'

2018-05-05 19:27:18 - [MESSAGE][PASSED] - All options with index in [72] are selected on object 'Object Repository/Schedule2/Page_KDMC - CMS/select_--Select--Albendazole'

2018-05-05 19:27:18 - [TEST_STEP][PASSED] - setText: Text '5000' is set on object 'Object Repository/Schedule2/Page_KDMC - CMS/input_txttreat'

2018-05-05 19:27:18 - [MESSAGE][PASSED] - Text '5000' is set on object 'Object Repository/Schedule2/Page_KDMC - CMS/input_txttreat'

2018-05-05 19:27:18 - [TEST_STEP][PASSED] - delay: Delayed 1 second(s)

2018-05-05 19:27:19 - [MESSAGE][PASSED] - Delayed 1 second(s)

2018-05-05 19:27:19 - [TEST_STEP][PASSED] - click: Object: 'Object Repository/Schedule2/Page_KDMC - CMS/button_Add' is clicked on

2018-05-05 19:27:19 - [MESSAGE][PASSED] - Object: 'Object Repository/Schedule2/Page_KDMC - CMS/button_Add' is clicked on

2018-05-05 19:27:19 - [TEST_STEP][PASSED] - delay: Delayed 3 second(s)

2018-05-05 19:27:22 - [MESSAGE][PASSED] - Delayed 3 second(s)

2018-05-05 19:27:22 - [TEST_STEP][PASSED] - scrollToElement: Scroll to object 'Object Repository/Schedule2/Page_KDMC - CMS/input_btnsave' successfully

2018-05-05 19:27:22 - [MESSAGE][PASSED] - Scroll to object 'Object Repository/Schedule2/Page_KDMC - CMS/input_btnsave' successfully

2018-05-05 19:27:22 - [TEST_STEP][PASSED] - click: Object: 'Object Repository/Schedule2/Page_KDMC - CMS/input_btnsave' is clicked on

2018-05-05 19:27:22 - [MESSAGE][PASSED] - Object: 'Object Repository/Schedule2/Page_KDMC - CMS/input_btnsave' is clicked on

2018-05-05 19:27:22 - [TEST_STEP][PASSED] - delay: Delayed 3 second(s)

2018-05-05 19:27:25 - [MESSAGE][PASSED] - Delayed 3 second(s)

2018-05-05 19:27:25 - [TEST_STEP][PASSED] - click: Object: 'Object Repository/Schedule2/Page_KDMC - CMS/button_OK' is clicked on

2018-05-05 19:27:26 - [MESSAGE][PASSED] - Object: 'Object Repository/Schedule2/Page_KDMC - CMS/button_OK' is clicked on

2018-05-05 19:27:26 - [TEST_STEP][PASSED] - delay: Delayed 3 second(s)

2018-05-05 19:27:29 - [MESSAGE][PASSED] - Delayed 3 second(s)

2018-05-05 19:27:29 - [TEST_STEP][PASSED] - click: Object: 'Object Repository/Schedule2/Page_KDMC - CMS/a_dropdown-toggle' is clicked on

2018-05-05 19:27:29 - [MESSAGE][PASSED] - Object: 'Object Repository/Schedule2/Page_KDMC - CMS/a_dropdown-toggle' is clicked on

2018-05-05 19:27:29 - [TEST_STEP][PASSED] - click: Object: 'Object Repository/Schedule2/Page_KDMC - CMS/a_Sign out' is clicked on

2018-05-05 19:27:29 - [MESSAGE][PASSED] - Object: 'Object Repository/Schedule2/Page_KDMC - CMS/a_Sign out' is clicked on

2018-05-05 19:27:29 - [TEST_STEP][PASSED] - closeBrowser: Browser is closed

2018-05-05 19:27:30 - [MESSAGE][PASSED] - Browser is closed]]></system-out>
         <system-err><![CDATA[]]></system-err>
      </testcase>
      <testcase name="Test Cases/MOH TO CMS REQUEST/MohRequestSchedule3" classname="Test Cases/MOH TO CMS REQUEST/MohRequestSchedule3" status="PASSED">
         <system-out><![CDATA[2018-05-05 19:27:30 - [TEST_CASE][PASSED] - Test Cases/MOH TO CMS REQUEST/MohRequestSchedule3: Test Cases/MOH TO CMS REQUEST/MohRequestSchedule3

2018-05-05 19:27:30 - [TEST_STEP][PASSED] - openBrowser: Browser is opened with url: ''

2018-05-05 19:27:32 - [MESSAGE][PASSED] - Browser is opened with url: ''

2018-05-05 19:27:32 - [TEST_STEP][PASSED] - navigateToUrl: Navigate to 'http://192.168.137.1/multihospital_new/' successfully

2018-05-05 19:27:34 - [MESSAGE][PASSED] - Navigate to 'http://192.168.137.1/multihospital_new/' successfully

2018-05-05 19:27:34 - [TEST_STEP][PASSED] - maximizeWindow: Current window maximized

2018-05-05 19:27:35 - [MESSAGE][PASSED] - Current window maximized

2018-05-05 19:27:35 - [TEST_STEP][PASSED] - click: Object: 'Object Repository/Schedule3/Page_KDMC/a_CMS' is clicked on

2018-05-05 19:27:36 - [MESSAGE][PASSED] - Object: 'Object Repository/Schedule3/Page_KDMC/a_CMS' is clicked on

2018-05-05 19:27:36 - [TEST_STEP][PASSED] - setText: Text 'bala' is set on object 'Object Repository/Schedule3/Page_CMS login/input_txtusername'

2018-05-05 19:27:36 - [MESSAGE][PASSED] - Text 'bala' is set on object 'Object Repository/Schedule3/Page_CMS login/input_txtusername'

2018-05-05 19:27:36 - [TEST_STEP][PASSED] - setText: Text '123' is set on object 'Object Repository/Schedule3/Page_CMS login/input_txtpassword'

2018-05-05 19:27:36 - [MESSAGE][PASSED] - Text '123' is set on object 'Object Repository/Schedule3/Page_CMS login/input_txtpassword'

2018-05-05 19:27:36 - [TEST_STEP][PASSED] - delay: Delayed 4 second(s)

2018-05-05 19:27:40 - [MESSAGE][PASSED] - Delayed 4 second(s)

2018-05-05 19:27:40 - [TEST_STEP][PASSED] - click: Object: 'Object Repository/Schedule3/Page_CMS login/button_Sign in' is clicked on

2018-05-05 19:27:41 - [MESSAGE][PASSED] - Object: 'Object Repository/Schedule3/Page_CMS login/button_Sign in' is clicked on

2018-05-05 19:27:41 - [TEST_STEP][PASSED] - click: Object: 'Object Repository/Schedule3/Page_KDMC - CMS/a_Request to MOH' is clicked on

2018-05-05 19:27:42 - [MESSAGE][PASSED] - Object: 'Object Repository/Schedule3/Page_KDMC - CMS/a_Request to MOH' is clicked on

2018-05-05 19:27:42 - [TEST_STEP][PASSED] - selectOptionByIndex: All options with index in [2] are selected on object 'Object Repository/Schedule3/Page_KDMC - CMS/select_--Select--'

2018-05-05 19:27:42 - [MESSAGE][PASSED] - All options with index in [2] are selected on object 'Object Repository/Schedule3/Page_KDMC - CMS/select_--Select--'

2018-05-05 19:27:42 - [TEST_STEP][PASSED] - selectOptionByIndex: All options with index in [3] are selected on object 'Object Repository/Schedule3/Page_KDMC - CMS/select_--Select--Schedule 1Inj'

2018-05-05 19:27:42 - [MESSAGE][PASSED] - All options with index in [3] are selected on object 'Object Repository/Schedule3/Page_KDMC - CMS/select_--Select--Schedule 1Inj'

2018-05-05 19:27:42 - [TEST_STEP][PASSED] - Statement - selectedoptions = com.kms.katalon.core.webui.keyword.WebUiBuiltInKeywords.getNumberOfTotalOption(com.kms.katalon.core.testobject.ObjectRepository.findTestObject(Schedule3/Page_KDMC - CMS/select_--Select--Amoxycillin 2)): 37 options of object 'Object Repository/Schedule3/Page_KDMC - CMS/select_--Select--Amoxycillin 2' counted

2018-05-05 19:27:42 - [MESSAGE][PASSED] - 37 options of object 'Object Repository/Schedule3/Page_KDMC - CMS/select_--Select--Amoxycillin 2' counted

2018-05-05 19:27:42 - [TEST_STEP][PASSED] - Statement - For ([i = 1, i < selectedoptions, (i++)]): Object: 'Object Repository/Schedule3/Page_KDMC - CMS/button_Add' is clicked on

2018-05-05 19:27:42 - [TEST_STEP][PASSED] - selectOptionByIndex: All options with index in [3] are selected on object 'Object Repository/Schedule3/Page_KDMC - CMS/select_--Select--Schedule 1Inj'

2018-05-05 19:27:42 - [MESSAGE][PASSED] - All options with index in [3] are selected on object 'Object Repository/Schedule3/Page_KDMC - CMS/select_--Select--Schedule 1Inj'

2018-05-05 19:27:42 - [TEST_STEP][PASSED] - selectOptionByIndex: All options with index in [1] are selected on object 'Object Repository/Schedule3/Page_KDMC - CMS/select_--Select--Amoxycillin 2'

2018-05-05 19:27:42 - [MESSAGE][PASSED] - All options with index in [1] are selected on object 'Object Repository/Schedule3/Page_KDMC - CMS/select_--Select--Amoxycillin 2'

2018-05-05 19:27:42 - [TEST_STEP][PASSED] - setText: Text '500' is set on object 'Object Repository/Schedule3/Page_KDMC - CMS/input_txttreat'

2018-05-05 19:27:42 - [MESSAGE][PASSED] - Text '500' is set on object 'Object Repository/Schedule3/Page_KDMC - CMS/input_txttreat'

2018-05-05 19:27:42 - [TEST_STEP][PASSED] - delay: Delayed 1 second(s)

2018-05-05 19:27:43 - [MESSAGE][PASSED] - Delayed 1 second(s)

2018-05-05 19:27:43 - [TEST_STEP][PASSED] - click: Object: 'Object Repository/Schedule3/Page_KDMC - CMS/button_Add' is clicked on

2018-05-05 19:27:43 - [MESSAGE][PASSED] - Object: 'Object Repository/Schedule3/Page_KDMC - CMS/button_Add' is clicked on

2018-05-05 19:27:43 - [TEST_STEP][PASSED] - selectOptionByIndex: All options with index in [3] are selected on object 'Object Repository/Schedule3/Page_KDMC - CMS/select_--Select--Schedule 1Inj'

2018-05-05 19:27:44 - [MESSAGE][PASSED] - All options with index in [3] are selected on object 'Object Repository/Schedule3/Page_KDMC - CMS/select_--Select--Schedule 1Inj'

2018-05-05 19:27:44 - [TEST_STEP][PASSED] - selectOptionByIndex: All options with index in [2] are selected on object 'Object Repository/Schedule3/Page_KDMC - CMS/select_--Select--Amoxycillin 2'

2018-05-05 19:27:44 - [MESSAGE][PASSED] - All options with index in [2] are selected on object 'Object Repository/Schedule3/Page_KDMC - CMS/select_--Select--Amoxycillin 2'

2018-05-05 19:27:44 - [TEST_STEP][PASSED] - setText: Text '500' is set on object 'Object Repository/Schedule3/Page_KDMC - CMS/input_txttreat'

2018-05-05 19:27:44 - [MESSAGE][PASSED] - Text '500' is set on object 'Object Repository/Schedule3/Page_KDMC - CMS/input_txttreat'

2018-05-05 19:27:44 - [TEST_STEP][PASSED] - delay: Delayed 1 second(s)

2018-05-05 19:27:45 - [MESSAGE][PASSED] - Delayed 1 second(s)

2018-05-05 19:27:45 - [TEST_STEP][PASSED] - click: Object: 'Object Repository/Schedule3/Page_KDMC - CMS/button_Add' is clicked on

2018-05-05 19:27:45 - [MESSAGE][PASSED] - Object: 'Object Repository/Schedule3/Page_KDMC - CMS/button_Add' is clicked on

2018-05-05 19:27:45 - [TEST_STEP][PASSED] - selectOptionByIndex: All options with index in [3] are selected on object 'Object Repository/Schedule3/Page_KDMC - CMS/select_--Select--Schedule 1Inj'

2018-05-05 19:27:46 - [MESSAGE][PASSED] - All options with index in [3] are selected on object 'Object Repository/Schedule3/Page_KDMC - CMS/select_--Select--Schedule 1Inj'

2018-05-05 19:27:46 - [TEST_STEP][PASSED] - selectOptionByIndex: All options with index in [3] are selected on object 'Object Repository/Schedule3/Page_KDMC - CMS/select_--Select--Amoxycillin 2'

2018-05-05 19:27:46 - [MESSAGE][PASSED] - All options with index in [3] are selected on object 'Object Repository/Schedule3/Page_KDMC - CMS/select_--Select--Amoxycillin 2'

2018-05-05 19:27:46 - [TEST_STEP][PASSED] - setText: Text '500' is set on object 'Object Repository/Schedule3/Page_KDMC - CMS/input_txttreat'

2018-05-05 19:27:46 - [MESSAGE][PASSED] - Text '500' is set on object 'Object Repository/Schedule3/Page_KDMC - CMS/input_txttreat'

2018-05-05 19:27:46 - [TEST_STEP][PASSED] - delay: Delayed 1 second(s)

2018-05-05 19:27:47 - [MESSAGE][PASSED] - Delayed 1 second(s)

2018-05-05 19:27:47 - [TEST_STEP][PASSED] - click: Object: 'Object Repository/Schedule3/Page_KDMC - CMS/button_Add' is clicked on

2018-05-05 19:27:48 - [MESSAGE][PASSED] - Object: 'Object Repository/Schedule3/Page_KDMC - CMS/button_Add' is clicked on

2018-05-05 19:27:48 - [TEST_STEP][PASSED] - selectOptionByIndex: All options with index in [3] are selected on object 'Object Repository/Schedule3/Page_KDMC - CMS/select_--Select--Schedule 1Inj'

2018-05-05 19:27:48 - [MESSAGE][PASSED] - All options with index in [3] are selected on object 'Object Repository/Schedule3/Page_KDMC - CMS/select_--Select--Schedule 1Inj'

2018-05-05 19:27:48 - [TEST_STEP][PASSED] - selectOptionByIndex: All options with index in [4] are selected on object 'Object Repository/Schedule3/Page_KDMC - CMS/select_--Select--Amoxycillin 2'

2018-05-05 19:27:48 - [MESSAGE][PASSED] - All options with index in [4] are selected on object 'Object Repository/Schedule3/Page_KDMC - CMS/select_--Select--Amoxycillin 2'

2018-05-05 19:27:48 - [TEST_STEP][PASSED] - setText: Text '500' is set on object 'Object Repository/Schedule3/Page_KDMC - CMS/input_txttreat'

2018-05-05 19:27:49 - [MESSAGE][PASSED] - Text '500' is set on object 'Object Repository/Schedule3/Page_KDMC - CMS/input_txttreat'

2018-05-05 19:27:49 - [TEST_STEP][PASSED] - delay: Delayed 1 second(s)

2018-05-05 19:27:50 - [MESSAGE][PASSED] - Delayed 1 second(s)

2018-05-05 19:27:50 - [TEST_STEP][PASSED] - click: Object: 'Object Repository/Schedule3/Page_KDMC - CMS/button_Add' is clicked on

2018-05-05 19:27:50 - [MESSAGE][PASSED] - Object: 'Object Repository/Schedule3/Page_KDMC - CMS/button_Add' is clicked on

2018-05-05 19:27:50 - [TEST_STEP][PASSED] - selectOptionByIndex: All options with index in [3] are selected on object 'Object Repository/Schedule3/Page_KDMC - CMS/select_--Select--Schedule 1Inj'

2018-05-05 19:27:50 - [MESSAGE][PASSED] - All options with index in [3] are selected on object 'Object Repository/Schedule3/Page_KDMC - CMS/select_--Select--Schedule 1Inj'

2018-05-05 19:27:50 - [TEST_STEP][PASSED] - selectOptionByIndex: All options with index in [5] are selected on object 'Object Repository/Schedule3/Page_KDMC - CMS/select_--Select--Amoxycillin 2'

2018-05-05 19:27:51 - [MESSAGE][PASSED] - All options with index in [5] are selected on object 'Object Repository/Schedule3/Page_KDMC - CMS/select_--Select--Amoxycillin 2'

2018-05-05 19:27:51 - [TEST_STEP][PASSED] - setText: Text '500' is set on object 'Object Repository/Schedule3/Page_KDMC - CMS/input_txttreat'

2018-05-05 19:27:51 - [MESSAGE][PASSED] - Text '500' is set on object 'Object Repository/Schedule3/Page_KDMC - CMS/input_txttreat'

2018-05-05 19:27:51 - [TEST_STEP][PASSED] - delay: Delayed 1 second(s)

2018-05-05 19:27:52 - [MESSAGE][PASSED] - Delayed 1 second(s)

2018-05-05 19:27:52 - [TEST_STEP][PASSED] - click: Object: 'Object Repository/Schedule3/Page_KDMC - CMS/button_Add' is clicked on

2018-05-05 19:27:52 - [MESSAGE][PASSED] - Object: 'Object Repository/Schedule3/Page_KDMC - CMS/button_Add' is clicked on

2018-05-05 19:27:52 - [TEST_STEP][PASSED] - selectOptionByIndex: All options with index in [3] are selected on object 'Object Repository/Schedule3/Page_KDMC - CMS/select_--Select--Schedule 1Inj'

2018-05-05 19:27:52 - [MESSAGE][PASSED] - All options with index in [3] are selected on object 'Object Repository/Schedule3/Page_KDMC - CMS/select_--Select--Schedule 1Inj'

2018-05-05 19:27:52 - [TEST_STEP][PASSED] - selectOptionByIndex: All options with index in [6] are selected on object 'Object Repository/Schedule3/Page_KDMC - CMS/select_--Select--Amoxycillin 2'

2018-05-05 19:27:53 - [MESSAGE][PASSED] - All options with index in [6] are selected on object 'Object Repository/Schedule3/Page_KDMC - CMS/select_--Select--Amoxycillin 2'

2018-05-05 19:27:53 - [TEST_STEP][PASSED] - setText: Text '500' is set on object 'Object Repository/Schedule3/Page_KDMC - CMS/input_txttreat'

2018-05-05 19:27:53 - [MESSAGE][PASSED] - Text '500' is set on object 'Object Repository/Schedule3/Page_KDMC - CMS/input_txttreat'

2018-05-05 19:27:53 - [TEST_STEP][PASSED] - delay: Delayed 1 second(s)

2018-05-05 19:27:54 - [MESSAGE][PASSED] - Delayed 1 second(s)

2018-05-05 19:27:54 - [TEST_STEP][PASSED] - click: Object: 'Object Repository/Schedule3/Page_KDMC - CMS/button_Add' is clicked on

2018-05-05 19:27:54 - [MESSAGE][PASSED] - Object: 'Object Repository/Schedule3/Page_KDMC - CMS/button_Add' is clicked on

2018-05-05 19:27:54 - [TEST_STEP][PASSED] - selectOptionByIndex: All options with index in [3] are selected on object 'Object Repository/Schedule3/Page_KDMC - CMS/select_--Select--Schedule 1Inj'

2018-05-05 19:27:54 - [MESSAGE][PASSED] - All options with index in [3] are selected on object 'Object Repository/Schedule3/Page_KDMC - CMS/select_--Select--Schedule 1Inj'

2018-05-05 19:27:54 - [TEST_STEP][PASSED] - selectOptionByIndex: All options with index in [7] are selected on object 'Object Repository/Schedule3/Page_KDMC - CMS/select_--Select--Amoxycillin 2'

2018-05-05 19:27:55 - [MESSAGE][PASSED] - All options with index in [7] are selected on object 'Object Repository/Schedule3/Page_KDMC - CMS/select_--Select--Amoxycillin 2'

2018-05-05 19:27:55 - [TEST_STEP][PASSED] - setText: Text '500' is set on object 'Object Repository/Schedule3/Page_KDMC - CMS/input_txttreat'

2018-05-05 19:27:55 - [MESSAGE][PASSED] - Text '500' is set on object 'Object Repository/Schedule3/Page_KDMC - CMS/input_txttreat'

2018-05-05 19:27:55 - [TEST_STEP][PASSED] - delay: Delayed 1 second(s)

2018-05-05 19:27:56 - [MESSAGE][PASSED] - Delayed 1 second(s)

2018-05-05 19:27:56 - [TEST_STEP][PASSED] - click: Object: 'Object Repository/Schedule3/Page_KDMC - CMS/button_Add' is clicked on

2018-05-05 19:27:56 - [MESSAGE][PASSED] - Object: 'Object Repository/Schedule3/Page_KDMC - CMS/button_Add' is clicked on

2018-05-05 19:27:56 - [TEST_STEP][PASSED] - selectOptionByIndex: All options with index in [3] are selected on object 'Object Repository/Schedule3/Page_KDMC - CMS/select_--Select--Schedule 1Inj'

2018-05-05 19:27:56 - [MESSAGE][PASSED] - All options with index in [3] are selected on object 'Object Repository/Schedule3/Page_KDMC - CMS/select_--Select--Schedule 1Inj'

2018-05-05 19:27:56 - [TEST_STEP][PASSED] - selectOptionByIndex: All options with index in [8] are selected on object 'Object Repository/Schedule3/Page_KDMC - CMS/select_--Select--Amoxycillin 2'

2018-05-05 19:27:57 - [MESSAGE][PASSED] - All options with index in [8] are selected on object 'Object Repository/Schedule3/Page_KDMC - CMS/select_--Select--Amoxycillin 2'

2018-05-05 19:27:57 - [TEST_STEP][PASSED] - setText: Text '500' is set on object 'Object Repository/Schedule3/Page_KDMC - CMS/input_txttreat'

2018-05-05 19:27:57 - [MESSAGE][PASSED] - Text '500' is set on object 'Object Repository/Schedule3/Page_KDMC - CMS/input_txttreat'

2018-05-05 19:27:57 - [TEST_STEP][PASSED] - delay: Delayed 1 second(s)

2018-05-05 19:27:58 - [MESSAGE][PASSED] - Delayed 1 second(s)

2018-05-05 19:27:58 - [TEST_STEP][PASSED] - click: Object: 'Object Repository/Schedule3/Page_KDMC - CMS/button_Add' is clicked on

2018-05-05 19:27:58 - [MESSAGE][PASSED] - Object: 'Object Repository/Schedule3/Page_KDMC - CMS/button_Add' is clicked on

2018-05-05 19:27:58 - [TEST_STEP][PASSED] - selectOptionByIndex: All options with index in [3] are selected on object 'Object Repository/Schedule3/Page_KDMC - CMS/select_--Select--Schedule 1Inj'

2018-05-05 19:27:58 - [MESSAGE][PASSED] - All options with index in [3] are selected on object 'Object Repository/Schedule3/Page_KDMC - CMS/select_--Select--Schedule 1Inj'

2018-05-05 19:27:58 - [TEST_STEP][PASSED] - selectOptionByIndex: All options with index in [9] are selected on object 'Object Repository/Schedule3/Page_KDMC - CMS/select_--Select--Amoxycillin 2'

2018-05-05 19:27:59 - [MESSAGE][PASSED] - All options with index in [9] are selected on object 'Object Repository/Schedule3/Page_KDMC - CMS/select_--Select--Amoxycillin 2'

2018-05-05 19:27:59 - [TEST_STEP][PASSED] - setText: Text '500' is set on object 'Object Repository/Schedule3/Page_KDMC - CMS/input_txttreat'

2018-05-05 19:27:59 - [MESSAGE][PASSED] - Text '500' is set on object 'Object Repository/Schedule3/Page_KDMC - CMS/input_txttreat'

2018-05-05 19:27:59 - [TEST_STEP][PASSED] - delay: Delayed 1 second(s)

2018-05-05 19:28:00 - [MESSAGE][PASSED] - Delayed 1 second(s)

2018-05-05 19:28:00 - [TEST_STEP][PASSED] - click: Object: 'Object Repository/Schedule3/Page_KDMC - CMS/button_Add' is clicked on

2018-05-05 19:28:00 - [MESSAGE][PASSED] - Object: 'Object Repository/Schedule3/Page_KDMC - CMS/button_Add' is clicked on

2018-05-05 19:28:00 - [TEST_STEP][PASSED] - selectOptionByIndex: All options with index in [3] are selected on object 'Object Repository/Schedule3/Page_KDMC - CMS/select_--Select--Schedule 1Inj'

2018-05-05 19:28:00 - [MESSAGE][PASSED] - All options with index in [3] are selected on object 'Object Repository/Schedule3/Page_KDMC - CMS/select_--Select--Schedule 1Inj'

2018-05-05 19:28:00 - [TEST_STEP][PASSED] - selectOptionByIndex: All options with index in [10] are selected on object 'Object Repository/Schedule3/Page_KDMC - CMS/select_--Select--Amoxycillin 2'

2018-05-05 19:28:01 - [MESSAGE][PASSED] - All options with index in [10] are selected on object 'Object Repository/Schedule3/Page_KDMC - CMS/select_--Select--Amoxycillin 2'

2018-05-05 19:28:01 - [TEST_STEP][PASSED] - setText: Text '500' is set on object 'Object Repository/Schedule3/Page_KDMC - CMS/input_txttreat'

2018-05-05 19:28:01 - [MESSAGE][PASSED] - Text '500' is set on object 'Object Repository/Schedule3/Page_KDMC - CMS/input_txttreat'

2018-05-05 19:28:01 - [TEST_STEP][PASSED] - delay: Delayed 1 second(s)

2018-05-05 19:28:02 - [MESSAGE][PASSED] - Delayed 1 second(s)

2018-05-05 19:28:02 - [TEST_STEP][PASSED] - click: Object: 'Object Repository/Schedule3/Page_KDMC - CMS/button_Add' is clicked on

2018-05-05 19:28:02 - [MESSAGE][PASSED] - Object: 'Object Repository/Schedule3/Page_KDMC - CMS/button_Add' is clicked on

2018-05-05 19:28:02 - [TEST_STEP][PASSED] - selectOptionByIndex: All options with index in [3] are selected on object 'Object Repository/Schedule3/Page_KDMC - CMS/select_--Select--Schedule 1Inj'

2018-05-05 19:28:02 - [MESSAGE][PASSED] - All options with index in [3] are selected on object 'Object Repository/Schedule3/Page_KDMC - CMS/select_--Select--Schedule 1Inj'

2018-05-05 19:28:02 - [TEST_STEP][PASSED] - selectOptionByIndex: All options with index in [11] are selected on object 'Object Repository/Schedule3/Page_KDMC - CMS/select_--Select--Amoxycillin 2'

2018-05-05 19:28:03 - [MESSAGE][PASSED] - All options with index in [11] are selected on object 'Object Repository/Schedule3/Page_KDMC - CMS/select_--Select--Amoxycillin 2'

2018-05-05 19:28:03 - [TEST_STEP][PASSED] - setText: Text '500' is set on object 'Object Repository/Schedule3/Page_KDMC - CMS/input_txttreat'

2018-05-05 19:28:03 - [MESSAGE][PASSED] - Text '500' is set on object 'Object Repository/Schedule3/Page_KDMC - CMS/input_txttreat'

2018-05-05 19:28:03 - [TEST_STEP][PASSED] - delay: Delayed 1 second(s)

2018-05-05 19:28:04 - [MESSAGE][PASSED] - Delayed 1 second(s)

2018-05-05 19:28:04 - [TEST_STEP][PASSED] - click: Object: 'Object Repository/Schedule3/Page_KDMC - CMS/button_Add' is clicked on

2018-05-05 19:28:04 - [MESSAGE][PASSED] - Object: 'Object Repository/Schedule3/Page_KDMC - CMS/button_Add' is clicked on

2018-05-05 19:28:04 - [TEST_STEP][PASSED] - selectOptionByIndex: All options with index in [3] are selected on object 'Object Repository/Schedule3/Page_KDMC - CMS/select_--Select--Schedule 1Inj'

2018-05-05 19:28:04 - [MESSAGE][PASSED] - All options with index in [3] are selected on object 'Object Repository/Schedule3/Page_KDMC - CMS/select_--Select--Schedule 1Inj'

2018-05-05 19:28:04 - [TEST_STEP][PASSED] - selectOptionByIndex: All options with index in [12] are selected on object 'Object Repository/Schedule3/Page_KDMC - CMS/select_--Select--Amoxycillin 2'

2018-05-05 19:28:05 - [MESSAGE][PASSED] - All options with index in [12] are selected on object 'Object Repository/Schedule3/Page_KDMC - CMS/select_--Select--Amoxycillin 2'

2018-05-05 19:28:05 - [TEST_STEP][PASSED] - setText: Text '500' is set on object 'Object Repository/Schedule3/Page_KDMC - CMS/input_txttreat'

2018-05-05 19:28:05 - [MESSAGE][PASSED] - Text '500' is set on object 'Object Repository/Schedule3/Page_KDMC - CMS/input_txttreat'

2018-05-05 19:28:05 - [TEST_STEP][PASSED] - delay: Delayed 1 second(s)

2018-05-05 19:28:06 - [MESSAGE][PASSED] - Delayed 1 second(s)

2018-05-05 19:28:06 - [TEST_STEP][PASSED] - click: Object: 'Object Repository/Schedule3/Page_KDMC - CMS/button_Add' is clicked on

2018-05-05 19:28:06 - [MESSAGE][PASSED] - Object: 'Object Repository/Schedule3/Page_KDMC - CMS/button_Add' is clicked on

2018-05-05 19:28:06 - [TEST_STEP][PASSED] - selectOptionByIndex: All options with index in [3] are selected on object 'Object Repository/Schedule3/Page_KDMC - CMS/select_--Select--Schedule 1Inj'

2018-05-05 19:28:06 - [MESSAGE][PASSED] - All options with index in [3] are selected on object 'Object Repository/Schedule3/Page_KDMC - CMS/select_--Select--Schedule 1Inj'

2018-05-05 19:28:06 - [TEST_STEP][PASSED] - selectOptionByIndex: All options with index in [13] are selected on object 'Object Repository/Schedule3/Page_KDMC - CMS/select_--Select--Amoxycillin 2'

2018-05-05 19:28:07 - [MESSAGE][PASSED] - All options with index in [13] are selected on object 'Object Repository/Schedule3/Page_KDMC - CMS/select_--Select--Amoxycillin 2'

2018-05-05 19:28:07 - [TEST_STEP][PASSED] - setText: Text '500' is set on object 'Object Repository/Schedule3/Page_KDMC - CMS/input_txttreat'

2018-05-05 19:28:07 - [MESSAGE][PASSED] - Text '500' is set on object 'Object Repository/Schedule3/Page_KDMC - CMS/input_txttreat'

2018-05-05 19:28:07 - [TEST_STEP][PASSED] - delay: Delayed 1 second(s)

2018-05-05 19:28:08 - [MESSAGE][PASSED] - Delayed 1 second(s)

2018-05-05 19:28:08 - [TEST_STEP][PASSED] - click: Object: 'Object Repository/Schedule3/Page_KDMC - CMS/button_Add' is clicked on

2018-05-05 19:28:08 - [MESSAGE][PASSED] - Object: 'Object Repository/Schedule3/Page_KDMC - CMS/button_Add' is clicked on

2018-05-05 19:28:08 - [TEST_STEP][PASSED] - selectOptionByIndex: All options with index in [3] are selected on object 'Object Repository/Schedule3/Page_KDMC - CMS/select_--Select--Schedule 1Inj'

2018-05-05 19:28:09 - [MESSAGE][PASSED] - All options with index in [3] are selected on object 'Object Repository/Schedule3/Page_KDMC - CMS/select_--Select--Schedule 1Inj'

2018-05-05 19:28:09 - [TEST_STEP][PASSED] - selectOptionByIndex: All options with index in [14] are selected on object 'Object Repository/Schedule3/Page_KDMC - CMS/select_--Select--Amoxycillin 2'

2018-05-05 19:28:09 - [MESSAGE][PASSED] - All options with index in [14] are selected on object 'Object Repository/Schedule3/Page_KDMC - CMS/select_--Select--Amoxycillin 2'

2018-05-05 19:28:09 - [TEST_STEP][PASSED] - setText: Text '500' is set on object 'Object Repository/Schedule3/Page_KDMC - CMS/input_txttreat'

2018-05-05 19:28:10 - [MESSAGE][PASSED] - Text '500' is set on object 'Object Repository/Schedule3/Page_KDMC - CMS/input_txttreat'

2018-05-05 19:28:10 - [TEST_STEP][PASSED] - delay: Delayed 1 second(s)

2018-05-05 19:28:11 - [MESSAGE][PASSED] - Delayed 1 second(s)

2018-05-05 19:28:11 - [TEST_STEP][PASSED] - click: Object: 'Object Repository/Schedule3/Page_KDMC - CMS/button_Add' is clicked on

2018-05-05 19:28:11 - [MESSAGE][PASSED] - Object: 'Object Repository/Schedule3/Page_KDMC - CMS/button_Add' is clicked on

2018-05-05 19:28:11 - [TEST_STEP][PASSED] - selectOptionByIndex: All options with index in [3] are selected on object 'Object Repository/Schedule3/Page_KDMC - CMS/select_--Select--Schedule 1Inj'

2018-05-05 19:28:11 - [MESSAGE][PASSED] - All options with index in [3] are selected on object 'Object Repository/Schedule3/Page_KDMC - CMS/select_--Select--Schedule 1Inj'

2018-05-05 19:28:11 - [TEST_STEP][PASSED] - selectOptionByIndex: All options with index in [15] are selected on object 'Object Repository/Schedule3/Page_KDMC - CMS/select_--Select--Amoxycillin 2'

2018-05-05 19:28:12 - [MESSAGE][PASSED] - All options with index in [15] are selected on object 'Object Repository/Schedule3/Page_KDMC - CMS/select_--Select--Amoxycillin 2'

2018-05-05 19:28:12 - [TEST_STEP][PASSED] - setText: Text '500' is set on object 'Object Repository/Schedule3/Page_KDMC - CMS/input_txttreat'

2018-05-05 19:28:12 - [MESSAGE][PASSED] - Text '500' is set on object 'Object Repository/Schedule3/Page_KDMC - CMS/input_txttreat'

2018-05-05 19:28:12 - [TEST_STEP][PASSED] - delay: Delayed 1 second(s)

2018-05-05 19:28:13 - [MESSAGE][PASSED] - Delayed 1 second(s)

2018-05-05 19:28:13 - [TEST_STEP][PASSED] - click: Object: 'Object Repository/Schedule3/Page_KDMC - CMS/button_Add' is clicked on

2018-05-05 19:28:13 - [MESSAGE][PASSED] - Object: 'Object Repository/Schedule3/Page_KDMC - CMS/button_Add' is clicked on

2018-05-05 19:28:13 - [TEST_STEP][PASSED] - selectOptionByIndex: All options with index in [3] are selected on object 'Object Repository/Schedule3/Page_KDMC - CMS/select_--Select--Schedule 1Inj'

2018-05-05 19:28:13 - [MESSAGE][PASSED] - All options with index in [3] are selected on object 'Object Repository/Schedule3/Page_KDMC - CMS/select_--Select--Schedule 1Inj'

2018-05-05 19:28:13 - [TEST_STEP][PASSED] - selectOptionByIndex: All options with index in [16] are selected on object 'Object Repository/Schedule3/Page_KDMC - CMS/select_--Select--Amoxycillin 2'

2018-05-05 19:28:14 - [MESSAGE][PASSED] - All options with index in [16] are selected on object 'Object Repository/Schedule3/Page_KDMC - CMS/select_--Select--Amoxycillin 2'

2018-05-05 19:28:14 - [TEST_STEP][PASSED] - setText: Text '500' is set on object 'Object Repository/Schedule3/Page_KDMC - CMS/input_txttreat'

2018-05-05 19:28:14 - [MESSAGE][PASSED] - Text '500' is set on object 'Object Repository/Schedule3/Page_KDMC - CMS/input_txttreat'

2018-05-05 19:28:14 - [TEST_STEP][PASSED] - delay: Delayed 1 second(s)

2018-05-05 19:28:15 - [MESSAGE][PASSED] - Delayed 1 second(s)

2018-05-05 19:28:15 - [TEST_STEP][PASSED] - click: Object: 'Object Repository/Schedule3/Page_KDMC - CMS/button_Add' is clicked on

2018-05-05 19:28:15 - [MESSAGE][PASSED] - Object: 'Object Repository/Schedule3/Page_KDMC - CMS/button_Add' is clicked on

2018-05-05 19:28:15 - [TEST_STEP][PASSED] - selectOptionByIndex: All options with index in [3] are selected on object 'Object Repository/Schedule3/Page_KDMC - CMS/select_--Select--Schedule 1Inj'

2018-05-05 19:28:15 - [MESSAGE][PASSED] - All options with index in [3] are selected on object 'Object Repository/Schedule3/Page_KDMC - CMS/select_--Select--Schedule 1Inj'

2018-05-05 19:28:15 - [TEST_STEP][PASSED] - selectOptionByIndex: All options with index in [17] are selected on object 'Object Repository/Schedule3/Page_KDMC - CMS/select_--Select--Amoxycillin 2'

2018-05-05 19:28:16 - [MESSAGE][PASSED] - All options with index in [17] are selected on object 'Object Repository/Schedule3/Page_KDMC - CMS/select_--Select--Amoxycillin 2'

2018-05-05 19:28:16 - [TEST_STEP][PASSED] - setText: Text '500' is set on object 'Object Repository/Schedule3/Page_KDMC - CMS/input_txttreat'

2018-05-05 19:28:16 - [MESSAGE][PASSED] - Text '500' is set on object 'Object Repository/Schedule3/Page_KDMC - CMS/input_txttreat'

2018-05-05 19:28:16 - [TEST_STEP][PASSED] - delay: Delayed 1 second(s)

2018-05-05 19:28:17 - [MESSAGE][PASSED] - Delayed 1 second(s)

2018-05-05 19:28:17 - [TEST_STEP][PASSED] - click: Object: 'Object Repository/Schedule3/Page_KDMC - CMS/button_Add' is clicked on

2018-05-05 19:28:17 - [MESSAGE][PASSED] - Object: 'Object Repository/Schedule3/Page_KDMC - CMS/button_Add' is clicked on

2018-05-05 19:28:17 - [TEST_STEP][PASSED] - selectOptionByIndex: All options with index in [3] are selected on object 'Object Repository/Schedule3/Page_KDMC - CMS/select_--Select--Schedule 1Inj'

2018-05-05 19:28:17 - [MESSAGE][PASSED] - All options with index in [3] are selected on object 'Object Repository/Schedule3/Page_KDMC - CMS/select_--Select--Schedule 1Inj'

2018-05-05 19:28:17 - [TEST_STEP][PASSED] - selectOptionByIndex: All options with index in [18] are selected on object 'Object Repository/Schedule3/Page_KDMC - CMS/select_--Select--Amoxycillin 2'

2018-05-05 19:28:18 - [MESSAGE][PASSED] - All options with index in [18] are selected on object 'Object Repository/Schedule3/Page_KDMC - CMS/select_--Select--Amoxycillin 2'

2018-05-05 19:28:18 - [TEST_STEP][PASSED] - setText: Text '500' is set on object 'Object Repository/Schedule3/Page_KDMC - CMS/input_txttreat'

2018-05-05 19:28:18 - [MESSAGE][PASSED] - Text '500' is set on object 'Object Repository/Schedule3/Page_KDMC - CMS/input_txttreat'

2018-05-05 19:28:18 - [TEST_STEP][PASSED] - delay: Delayed 1 second(s)

2018-05-05 19:28:19 - [MESSAGE][PASSED] - Delayed 1 second(s)

2018-05-05 19:28:19 - [TEST_STEP][PASSED] - click: Object: 'Object Repository/Schedule3/Page_KDMC - CMS/button_Add' is clicked on

2018-05-05 19:28:19 - [MESSAGE][PASSED] - Object: 'Object Repository/Schedule3/Page_KDMC - CMS/button_Add' is clicked on

2018-05-05 19:28:19 - [TEST_STEP][PASSED] - selectOptionByIndex: All options with index in [3] are selected on object 'Object Repository/Schedule3/Page_KDMC - CMS/select_--Select--Schedule 1Inj'

2018-05-05 19:28:19 - [MESSAGE][PASSED] - All options with index in [3] are selected on object 'Object Repository/Schedule3/Page_KDMC - CMS/select_--Select--Schedule 1Inj'

2018-05-05 19:28:19 - [TEST_STEP][PASSED] - selectOptionByIndex: All options with index in [19] are selected on object 'Object Repository/Schedule3/Page_KDMC - CMS/select_--Select--Amoxycillin 2'

2018-05-05 19:28:20 - [MESSAGE][PASSED] - All options with index in [19] are selected on object 'Object Repository/Schedule3/Page_KDMC - CMS/select_--Select--Amoxycillin 2'

2018-05-05 19:28:20 - [TEST_STEP][PASSED] - setText: Text '500' is set on object 'Object Repository/Schedule3/Page_KDMC - CMS/input_txttreat'

2018-05-05 19:28:20 - [MESSAGE][PASSED] - Text '500' is set on object 'Object Repository/Schedule3/Page_KDMC - CMS/input_txttreat'

2018-05-05 19:28:20 - [TEST_STEP][PASSED] - delay: Delayed 1 second(s)

2018-05-05 19:28:21 - [MESSAGE][PASSED] - Delayed 1 second(s)

2018-05-05 19:28:21 - [TEST_STEP][PASSED] - click: Object: 'Object Repository/Schedule3/Page_KDMC - CMS/button_Add' is clicked on

2018-05-05 19:28:22 - [MESSAGE][PASSED] - Object: 'Object Repository/Schedule3/Page_KDMC - CMS/button_Add' is clicked on

2018-05-05 19:28:22 - [TEST_STEP][PASSED] - selectOptionByIndex: All options with index in [3] are selected on object 'Object Repository/Schedule3/Page_KDMC - CMS/select_--Select--Schedule 1Inj'

2018-05-05 19:28:22 - [MESSAGE][PASSED] - All options with index in [3] are selected on object 'Object Repository/Schedule3/Page_KDMC - CMS/select_--Select--Schedule 1Inj'

2018-05-05 19:28:22 - [TEST_STEP][PASSED] - selectOptionByIndex: All options with index in [20] are selected on object 'Object Repository/Schedule3/Page_KDMC - CMS/select_--Select--Amoxycillin 2'

2018-05-05 19:28:23 - [MESSAGE][PASSED] - All options with index in [20] are selected on object 'Object Repository/Schedule3/Page_KDMC - CMS/select_--Select--Amoxycillin 2'

2018-05-05 19:28:23 - [TEST_STEP][PASSED] - setText: Text '500' is set on object 'Object Repository/Schedule3/Page_KDMC - CMS/input_txttreat'

2018-05-05 19:28:23 - [MESSAGE][PASSED] - Text '500' is set on object 'Object Repository/Schedule3/Page_KDMC - CMS/input_txttreat'

2018-05-05 19:28:23 - [TEST_STEP][PASSED] - delay: Delayed 1 second(s)

2018-05-05 19:28:24 - [MESSAGE][PASSED] - Delayed 1 second(s)

2018-05-05 19:28:24 - [TEST_STEP][PASSED] - click: Object: 'Object Repository/Schedule3/Page_KDMC - CMS/button_Add' is clicked on

2018-05-05 19:28:24 - [MESSAGE][PASSED] - Object: 'Object Repository/Schedule3/Page_KDMC - CMS/button_Add' is clicked on

2018-05-05 19:28:24 - [TEST_STEP][PASSED] - selectOptionByIndex: All options with index in [3] are selected on object 'Object Repository/Schedule3/Page_KDMC - CMS/select_--Select--Schedule 1Inj'

2018-05-05 19:28:24 - [MESSAGE][PASSED] - All options with index in [3] are selected on object 'Object Repository/Schedule3/Page_KDMC - CMS/select_--Select--Schedule 1Inj'

2018-05-05 19:28:24 - [TEST_STEP][PASSED] - selectOptionByIndex: All options with index in [21] are selected on object 'Object Repository/Schedule3/Page_KDMC - CMS/select_--Select--Amoxycillin 2'

2018-05-05 19:28:25 - [MESSAGE][PASSED] - All options with index in [21] are selected on object 'Object Repository/Schedule3/Page_KDMC - CMS/select_--Select--Amoxycillin 2'

2018-05-05 19:28:25 - [TEST_STEP][PASSED] - setText: Text '500' is set on object 'Object Repository/Schedule3/Page_KDMC - CMS/input_txttreat'

2018-05-05 19:28:25 - [MESSAGE][PASSED] - Text '500' is set on object 'Object Repository/Schedule3/Page_KDMC - CMS/input_txttreat'

2018-05-05 19:28:25 - [TEST_STEP][PASSED] - delay: Delayed 1 second(s)

2018-05-05 19:28:26 - [MESSAGE][PASSED] - Delayed 1 second(s)

2018-05-05 19:28:26 - [TEST_STEP][PASSED] - click: Object: 'Object Repository/Schedule3/Page_KDMC - CMS/button_Add' is clicked on

2018-05-05 19:28:26 - [MESSAGE][PASSED] - Object: 'Object Repository/Schedule3/Page_KDMC - CMS/button_Add' is clicked on

2018-05-05 19:28:26 - [TEST_STEP][PASSED] - selectOptionByIndex: All options with index in [3] are selected on object 'Object Repository/Schedule3/Page_KDMC - CMS/select_--Select--Schedule 1Inj'

2018-05-05 19:28:26 - [MESSAGE][PASSED] - All options with index in [3] are selected on object 'Object Repository/Schedule3/Page_KDMC - CMS/select_--Select--Schedule 1Inj'

2018-05-05 19:28:26 - [TEST_STEP][PASSED] - selectOptionByIndex: All options with index in [22] are selected on object 'Object Repository/Schedule3/Page_KDMC - CMS/select_--Select--Amoxycillin 2'

2018-05-05 19:28:27 - [MESSAGE][PASSED] - All options with index in [22] are selected on object 'Object Repository/Schedule3/Page_KDMC - CMS/select_--Select--Amoxycillin 2'

2018-05-05 19:28:27 - [TEST_STEP][PASSED] - setText: Text '500' is set on object 'Object Repository/Schedule3/Page_KDMC - CMS/input_txttreat'

2018-05-05 19:28:27 - [MESSAGE][PASSED] - Text '500' is set on object 'Object Repository/Schedule3/Page_KDMC - CMS/input_txttreat'

2018-05-05 19:28:27 - [TEST_STEP][PASSED] - delay: Delayed 1 second(s)

2018-05-05 19:28:28 - [MESSAGE][PASSED] - Delayed 1 second(s)

2018-05-05 19:28:28 - [TEST_STEP][PASSED] - click: Object: 'Object Repository/Schedule3/Page_KDMC - CMS/button_Add' is clicked on

2018-05-05 19:28:28 - [MESSAGE][PASSED] - Object: 'Object Repository/Schedule3/Page_KDMC - CMS/button_Add' is clicked on

2018-05-05 19:28:28 - [TEST_STEP][PASSED] - selectOptionByIndex: All options with index in [3] are selected on object 'Object Repository/Schedule3/Page_KDMC - CMS/select_--Select--Schedule 1Inj'

2018-05-05 19:28:28 - [MESSAGE][PASSED] - All options with index in [3] are selected on object 'Object Repository/Schedule3/Page_KDMC - CMS/select_--Select--Schedule 1Inj'

2018-05-05 19:28:28 - [TEST_STEP][PASSED] - selectOptionByIndex: All options with index in [23] are selected on object 'Object Repository/Schedule3/Page_KDMC - CMS/select_--Select--Amoxycillin 2'

2018-05-05 19:28:29 - [MESSAGE][PASSED] - All options with index in [23] are selected on object 'Object Repository/Schedule3/Page_KDMC - CMS/select_--Select--Amoxycillin 2'

2018-05-05 19:28:29 - [TEST_STEP][PASSED] - setText: Text '500' is set on object 'Object Repository/Schedule3/Page_KDMC - CMS/input_txttreat'

2018-05-05 19:28:29 - [MESSAGE][PASSED] - Text '500' is set on object 'Object Repository/Schedule3/Page_KDMC - CMS/input_txttreat'

2018-05-05 19:28:29 - [TEST_STEP][PASSED] - delay: Delayed 1 second(s)

2018-05-05 19:28:30 - [MESSAGE][PASSED] - Delayed 1 second(s)

2018-05-05 19:28:30 - [TEST_STEP][PASSED] - click: Object: 'Object Repository/Schedule3/Page_KDMC - CMS/button_Add' is clicked on

2018-05-05 19:28:30 - [MESSAGE][PASSED] - Object: 'Object Repository/Schedule3/Page_KDMC - CMS/button_Add' is clicked on

2018-05-05 19:28:30 - [TEST_STEP][PASSED] - selectOptionByIndex: All options with index in [3] are selected on object 'Object Repository/Schedule3/Page_KDMC - CMS/select_--Select--Schedule 1Inj'

2018-05-05 19:28:31 - [MESSAGE][PASSED] - All options with index in [3] are selected on object 'Object Repository/Schedule3/Page_KDMC - CMS/select_--Select--Schedule 1Inj'

2018-05-05 19:28:31 - [TEST_STEP][PASSED] - selectOptionByIndex: All options with index in [24] are selected on object 'Object Repository/Schedule3/Page_KDMC - CMS/select_--Select--Amoxycillin 2'

2018-05-05 19:28:32 - [MESSAGE][PASSED] - All options with index in [24] are selected on object 'Object Repository/Schedule3/Page_KDMC - CMS/select_--Select--Amoxycillin 2'

2018-05-05 19:28:32 - [TEST_STEP][PASSED] - setText: Text '500' is set on object 'Object Repository/Schedule3/Page_KDMC - CMS/input_txttreat'

2018-05-05 19:28:32 - [MESSAGE][PASSED] - Text '500' is set on object 'Object Repository/Schedule3/Page_KDMC - CMS/input_txttreat'

2018-05-05 19:28:32 - [TEST_STEP][PASSED] - delay: Delayed 1 second(s)

2018-05-05 19:28:33 - [MESSAGE][PASSED] - Delayed 1 second(s)

2018-05-05 19:28:33 - [TEST_STEP][PASSED] - click: Object: 'Object Repository/Schedule3/Page_KDMC - CMS/button_Add' is clicked on

2018-05-05 19:28:33 - [MESSAGE][PASSED] - Object: 'Object Repository/Schedule3/Page_KDMC - CMS/button_Add' is clicked on

2018-05-05 19:28:33 - [TEST_STEP][PASSED] - selectOptionByIndex: All options with index in [3] are selected on object 'Object Repository/Schedule3/Page_KDMC - CMS/select_--Select--Schedule 1Inj'

2018-05-05 19:28:33 - [MESSAGE][PASSED] - All options with index in [3] are selected on object 'Object Repository/Schedule3/Page_KDMC - CMS/select_--Select--Schedule 1Inj'

2018-05-05 19:28:33 - [TEST_STEP][PASSED] - selectOptionByIndex: All options with index in [25] are selected on object 'Object Repository/Schedule3/Page_KDMC - CMS/select_--Select--Amoxycillin 2'

2018-05-05 19:28:34 - [MESSAGE][PASSED] - All options with index in [25] are selected on object 'Object Repository/Schedule3/Page_KDMC - CMS/select_--Select--Amoxycillin 2'

2018-05-05 19:28:34 - [TEST_STEP][PASSED] - setText: Text '500' is set on object 'Object Repository/Schedule3/Page_KDMC - CMS/input_txttreat'

2018-05-05 19:28:34 - [MESSAGE][PASSED] - Text '500' is set on object 'Object Repository/Schedule3/Page_KDMC - CMS/input_txttreat'

2018-05-05 19:28:34 - [TEST_STEP][PASSED] - delay: Delayed 1 second(s)

2018-05-05 19:28:35 - [MESSAGE][PASSED] - Delayed 1 second(s)

2018-05-05 19:28:35 - [TEST_STEP][PASSED] - click: Object: 'Object Repository/Schedule3/Page_KDMC - CMS/button_Add' is clicked on

2018-05-05 19:28:35 - [MESSAGE][PASSED] - Object: 'Object Repository/Schedule3/Page_KDMC - CMS/button_Add' is clicked on

2018-05-05 19:28:35 - [TEST_STEP][PASSED] - selectOptionByIndex: All options with index in [3] are selected on object 'Object Repository/Schedule3/Page_KDMC - CMS/select_--Select--Schedule 1Inj'

2018-05-05 19:28:35 - [MESSAGE][PASSED] - All options with index in [3] are selected on object 'Object Repository/Schedule3/Page_KDMC - CMS/select_--Select--Schedule 1Inj'

2018-05-05 19:28:35 - [TEST_STEP][PASSED] - selectOptionByIndex: All options with index in [26] are selected on object 'Object Repository/Schedule3/Page_KDMC - CMS/select_--Select--Amoxycillin 2'

2018-05-05 19:28:36 - [MESSAGE][PASSED] - All options with index in [26] are selected on object 'Object Repository/Schedule3/Page_KDMC - CMS/select_--Select--Amoxycillin 2'

2018-05-05 19:28:36 - [TEST_STEP][PASSED] - setText: Text '500' is set on object 'Object Repository/Schedule3/Page_KDMC - CMS/input_txttreat'

2018-05-05 19:28:36 - [MESSAGE][PASSED] - Text '500' is set on object 'Object Repository/Schedule3/Page_KDMC - CMS/input_txttreat'

2018-05-05 19:28:36 - [TEST_STEP][PASSED] - delay: Delayed 1 second(s)

2018-05-05 19:28:37 - [MESSAGE][PASSED] - Delayed 1 second(s)

2018-05-05 19:28:37 - [TEST_STEP][PASSED] - click: Object: 'Object Repository/Schedule3/Page_KDMC - CMS/button_Add' is clicked on

2018-05-05 19:28:37 - [MESSAGE][PASSED] - Object: 'Object Repository/Schedule3/Page_KDMC - CMS/button_Add' is clicked on

2018-05-05 19:28:37 - [TEST_STEP][PASSED] - selectOptionByIndex: All options with index in [3] are selected on object 'Object Repository/Schedule3/Page_KDMC - CMS/select_--Select--Schedule 1Inj'

2018-05-05 19:28:37 - [MESSAGE][PASSED] - All options with index in [3] are selected on object 'Object Repository/Schedule3/Page_KDMC - CMS/select_--Select--Schedule 1Inj'

2018-05-05 19:28:37 - [TEST_STEP][PASSED] - selectOptionByIndex: All options with index in [27] are selected on object 'Object Repository/Schedule3/Page_KDMC - CMS/select_--Select--Amoxycillin 2'

2018-05-05 19:28:38 - [MESSAGE][PASSED] - All options with index in [27] are selected on object 'Object Repository/Schedule3/Page_KDMC - CMS/select_--Select--Amoxycillin 2'

2018-05-05 19:28:38 - [TEST_STEP][PASSED] - setText: Text '500' is set on object 'Object Repository/Schedule3/Page_KDMC - CMS/input_txttreat'

2018-05-05 19:28:39 - [MESSAGE][PASSED] - Text '500' is set on object 'Object Repository/Schedule3/Page_KDMC - CMS/input_txttreat'

2018-05-05 19:28:39 - [TEST_STEP][PASSED] - delay: Delayed 1 second(s)

2018-05-05 19:28:40 - [MESSAGE][PASSED] - Delayed 1 second(s)

2018-05-05 19:28:40 - [TEST_STEP][PASSED] - click: Object: 'Object Repository/Schedule3/Page_KDMC - CMS/button_Add' is clicked on

2018-05-05 19:28:40 - [MESSAGE][PASSED] - Object: 'Object Repository/Schedule3/Page_KDMC - CMS/button_Add' is clicked on

2018-05-05 19:28:40 - [TEST_STEP][PASSED] - selectOptionByIndex: All options with index in [3] are selected on object 'Object Repository/Schedule3/Page_KDMC - CMS/select_--Select--Schedule 1Inj'

2018-05-05 19:28:40 - [MESSAGE][PASSED] - All options with index in [3] are selected on object 'Object Repository/Schedule3/Page_KDMC - CMS/select_--Select--Schedule 1Inj'

2018-05-05 19:28:40 - [TEST_STEP][PASSED] - selectOptionByIndex: All options with index in [28] are selected on object 'Object Repository/Schedule3/Page_KDMC - CMS/select_--Select--Amoxycillin 2'

2018-05-05 19:28:41 - [MESSAGE][PASSED] - All options with index in [28] are selected on object 'Object Repository/Schedule3/Page_KDMC - CMS/select_--Select--Amoxycillin 2'

2018-05-05 19:28:41 - [TEST_STEP][PASSED] - setText: Text '500' is set on object 'Object Repository/Schedule3/Page_KDMC - CMS/input_txttreat'

2018-05-05 19:28:41 - [MESSAGE][PASSED] - Text '500' is set on object 'Object Repository/Schedule3/Page_KDMC - CMS/input_txttreat'

2018-05-05 19:28:41 - [TEST_STEP][PASSED] - delay: Delayed 1 second(s)

2018-05-05 19:28:42 - [MESSAGE][PASSED] - Delayed 1 second(s)

2018-05-05 19:28:42 - [TEST_STEP][PASSED] - click: Object: 'Object Repository/Schedule3/Page_KDMC - CMS/button_Add' is clicked on

2018-05-05 19:28:42 - [MESSAGE][PASSED] - Object: 'Object Repository/Schedule3/Page_KDMC - CMS/button_Add' is clicked on

2018-05-05 19:28:42 - [TEST_STEP][PASSED] - selectOptionByIndex: All options with index in [3] are selected on object 'Object Repository/Schedule3/Page_KDMC - CMS/select_--Select--Schedule 1Inj'

2018-05-05 19:28:42 - [MESSAGE][PASSED] - All options with index in [3] are selected on object 'Object Repository/Schedule3/Page_KDMC - CMS/select_--Select--Schedule 1Inj'

2018-05-05 19:28:42 - [TEST_STEP][PASSED] - selectOptionByIndex: All options with index in [29] are selected on object 'Object Repository/Schedule3/Page_KDMC - CMS/select_--Select--Amoxycillin 2'

2018-05-05 19:28:43 - [MESSAGE][PASSED] - All options with index in [29] are selected on object 'Object Repository/Schedule3/Page_KDMC - CMS/select_--Select--Amoxycillin 2'

2018-05-05 19:28:43 - [TEST_STEP][PASSED] - setText: Text '500' is set on object 'Object Repository/Schedule3/Page_KDMC - CMS/input_txttreat'

2018-05-05 19:28:43 - [MESSAGE][PASSED] - Text '500' is set on object 'Object Repository/Schedule3/Page_KDMC - CMS/input_txttreat'

2018-05-05 19:28:43 - [TEST_STEP][PASSED] - delay: Delayed 1 second(s)

2018-05-05 19:28:44 - [MESSAGE][PASSED] - Delayed 1 second(s)

2018-05-05 19:28:44 - [TEST_STEP][PASSED] - click: Object: 'Object Repository/Schedule3/Page_KDMC - CMS/button_Add' is clicked on

2018-05-05 19:28:44 - [MESSAGE][PASSED] - Object: 'Object Repository/Schedule3/Page_KDMC - CMS/button_Add' is clicked on

2018-05-05 19:28:44 - [TEST_STEP][PASSED] - selectOptionByIndex: All options with index in [3] are selected on object 'Object Repository/Schedule3/Page_KDMC - CMS/select_--Select--Schedule 1Inj'

2018-05-05 19:28:44 - [MESSAGE][PASSED] - All options with index in [3] are selected on object 'Object Repository/Schedule3/Page_KDMC - CMS/select_--Select--Schedule 1Inj'

2018-05-05 19:28:44 - [TEST_STEP][PASSED] - selectOptionByIndex: All options with index in [30] are selected on object 'Object Repository/Schedule3/Page_KDMC - CMS/select_--Select--Amoxycillin 2'

2018-05-05 19:28:45 - [MESSAGE][PASSED] - All options with index in [30] are selected on object 'Object Repository/Schedule3/Page_KDMC - CMS/select_--Select--Amoxycillin 2'

2018-05-05 19:28:45 - [TEST_STEP][PASSED] - setText: Text '500' is set on object 'Object Repository/Schedule3/Page_KDMC - CMS/input_txttreat'

2018-05-05 19:28:45 - [MESSAGE][PASSED] - Text '500' is set on object 'Object Repository/Schedule3/Page_KDMC - CMS/input_txttreat'

2018-05-05 19:28:45 - [TEST_STEP][PASSED] - delay: Delayed 1 second(s)

2018-05-05 19:28:46 - [MESSAGE][PASSED] - Delayed 1 second(s)

2018-05-05 19:28:46 - [TEST_STEP][PASSED] - click: Object: 'Object Repository/Schedule3/Page_KDMC - CMS/button_Add' is clicked on

2018-05-05 19:28:46 - [MESSAGE][PASSED] - Object: 'Object Repository/Schedule3/Page_KDMC - CMS/button_Add' is clicked on

2018-05-05 19:28:46 - [TEST_STEP][PASSED] - selectOptionByIndex: All options with index in [3] are selected on object 'Object Repository/Schedule3/Page_KDMC - CMS/select_--Select--Schedule 1Inj'

2018-05-05 19:28:47 - [MESSAGE][PASSED] - All options with index in [3] are selected on object 'Object Repository/Schedule3/Page_KDMC - CMS/select_--Select--Schedule 1Inj'

2018-05-05 19:28:47 - [TEST_STEP][PASSED] - selectOptionByIndex: All options with index in [31] are selected on object 'Object Repository/Schedule3/Page_KDMC - CMS/select_--Select--Amoxycillin 2'

2018-05-05 19:28:48 - [MESSAGE][PASSED] - All options with index in [31] are selected on object 'Object Repository/Schedule3/Page_KDMC - CMS/select_--Select--Amoxycillin 2'

2018-05-05 19:28:48 - [TEST_STEP][PASSED] - setText: Text '500' is set on object 'Object Repository/Schedule3/Page_KDMC - CMS/input_txttreat'

2018-05-05 19:28:48 - [MESSAGE][PASSED] - Text '500' is set on object 'Object Repository/Schedule3/Page_KDMC - CMS/input_txttreat'

2018-05-05 19:28:48 - [TEST_STEP][PASSED] - delay: Delayed 1 second(s)

2018-05-05 19:28:49 - [MESSAGE][PASSED] - Delayed 1 second(s)

2018-05-05 19:28:49 - [TEST_STEP][PASSED] - click: Object: 'Object Repository/Schedule3/Page_KDMC - CMS/button_Add' is clicked on

2018-05-05 19:28:49 - [MESSAGE][PASSED] - Object: 'Object Repository/Schedule3/Page_KDMC - CMS/button_Add' is clicked on

2018-05-05 19:28:49 - [TEST_STEP][PASSED] - selectOptionByIndex: All options with index in [3] are selected on object 'Object Repository/Schedule3/Page_KDMC - CMS/select_--Select--Schedule 1Inj'

2018-05-05 19:28:49 - [MESSAGE][PASSED] - All options with index in [3] are selected on object 'Object Repository/Schedule3/Page_KDMC - CMS/select_--Select--Schedule 1Inj'

2018-05-05 19:28:49 - [TEST_STEP][PASSED] - selectOptionByIndex: All options with index in [32] are selected on object 'Object Repository/Schedule3/Page_KDMC - CMS/select_--Select--Amoxycillin 2'

2018-05-05 19:28:50 - [MESSAGE][PASSED] - All options with index in [32] are selected on object 'Object Repository/Schedule3/Page_KDMC - CMS/select_--Select--Amoxycillin 2'

2018-05-05 19:28:50 - [TEST_STEP][PASSED] - setText: Text '500' is set on object 'Object Repository/Schedule3/Page_KDMC - CMS/input_txttreat'

2018-05-05 19:28:50 - [MESSAGE][PASSED] - Text '500' is set on object 'Object Repository/Schedule3/Page_KDMC - CMS/input_txttreat'

2018-05-05 19:28:50 - [TEST_STEP][PASSED] - delay: Delayed 1 second(s)

2018-05-05 19:28:51 - [MESSAGE][PASSED] - Delayed 1 second(s)

2018-05-05 19:28:51 - [TEST_STEP][PASSED] - click: Object: 'Object Repository/Schedule3/Page_KDMC - CMS/button_Add' is clicked on

2018-05-05 19:28:51 - [MESSAGE][PASSED] - Object: 'Object Repository/Schedule3/Page_KDMC - CMS/button_Add' is clicked on

2018-05-05 19:28:51 - [TEST_STEP][PASSED] - selectOptionByIndex: All options with index in [3] are selected on object 'Object Repository/Schedule3/Page_KDMC - CMS/select_--Select--Schedule 1Inj'

2018-05-05 19:28:52 - [MESSAGE][PASSED] - All options with index in [3] are selected on object 'Object Repository/Schedule3/Page_KDMC - CMS/select_--Select--Schedule 1Inj'

2018-05-05 19:28:52 - [TEST_STEP][PASSED] - selectOptionByIndex: All options with index in [33] are selected on object 'Object Repository/Schedule3/Page_KDMC - CMS/select_--Select--Amoxycillin 2'

2018-05-05 19:28:53 - [MESSAGE][PASSED] - All options with index in [33] are selected on object 'Object Repository/Schedule3/Page_KDMC - CMS/select_--Select--Amoxycillin 2'

2018-05-05 19:28:53 - [TEST_STEP][PASSED] - setText: Text '500' is set on object 'Object Repository/Schedule3/Page_KDMC - CMS/input_txttreat'

2018-05-05 19:28:53 - [MESSAGE][PASSED] - Text '500' is set on object 'Object Repository/Schedule3/Page_KDMC - CMS/input_txttreat'

2018-05-05 19:28:53 - [TEST_STEP][PASSED] - delay: Delayed 1 second(s)

2018-05-05 19:28:54 - [MESSAGE][PASSED] - Delayed 1 second(s)

2018-05-05 19:28:54 - [TEST_STEP][PASSED] - click: Object: 'Object Repository/Schedule3/Page_KDMC - CMS/button_Add' is clicked on

2018-05-05 19:28:54 - [MESSAGE][PASSED] - Object: 'Object Repository/Schedule3/Page_KDMC - CMS/button_Add' is clicked on

2018-05-05 19:28:54 - [TEST_STEP][PASSED] - selectOptionByIndex: All options with index in [3] are selected on object 'Object Repository/Schedule3/Page_KDMC - CMS/select_--Select--Schedule 1Inj'

2018-05-05 19:28:54 - [MESSAGE][PASSED] - All options with index in [3] are selected on object 'Object Repository/Schedule3/Page_KDMC - CMS/select_--Select--Schedule 1Inj'

2018-05-05 19:28:54 - [TEST_STEP][PASSED] - selectOptionByIndex: All options with index in [34] are selected on object 'Object Repository/Schedule3/Page_KDMC - CMS/select_--Select--Amoxycillin 2'

2018-05-05 19:28:55 - [MESSAGE][PASSED] - All options with index in [34] are selected on object 'Object Repository/Schedule3/Page_KDMC - CMS/select_--Select--Amoxycillin 2'

2018-05-05 19:28:55 - [TEST_STEP][PASSED] - setText: Text '500' is set on object 'Object Repository/Schedule3/Page_KDMC - CMS/input_txttreat'

2018-05-05 19:28:55 - [MESSAGE][PASSED] - Text '500' is set on object 'Object Repository/Schedule3/Page_KDMC - CMS/input_txttreat'

2018-05-05 19:28:55 - [TEST_STEP][PASSED] - delay: Delayed 1 second(s)

2018-05-05 19:28:56 - [MESSAGE][PASSED] - Delayed 1 second(s)

2018-05-05 19:28:56 - [TEST_STEP][PASSED] - click: Object: 'Object Repository/Schedule3/Page_KDMC - CMS/button_Add' is clicked on

2018-05-05 19:28:56 - [MESSAGE][PASSED] - Object: 'Object Repository/Schedule3/Page_KDMC - CMS/button_Add' is clicked on

2018-05-05 19:28:56 - [TEST_STEP][PASSED] - selectOptionByIndex: All options with index in [3] are selected on object 'Object Repository/Schedule3/Page_KDMC - CMS/select_--Select--Schedule 1Inj'

2018-05-05 19:28:57 - [MESSAGE][PASSED] - All options with index in [3] are selected on object 'Object Repository/Schedule3/Page_KDMC - CMS/select_--Select--Schedule 1Inj'

2018-05-05 19:28:57 - [TEST_STEP][PASSED] - selectOptionByIndex: All options with index in [35] are selected on object 'Object Repository/Schedule3/Page_KDMC - CMS/select_--Select--Amoxycillin 2'

2018-05-05 19:28:58 - [MESSAGE][PASSED] - All options with index in [35] are selected on object 'Object Repository/Schedule3/Page_KDMC - CMS/select_--Select--Amoxycillin 2'

2018-05-05 19:28:58 - [TEST_STEP][PASSED] - setText: Text '500' is set on object 'Object Repository/Schedule3/Page_KDMC - CMS/input_txttreat'

2018-05-05 19:28:58 - [MESSAGE][PASSED] - Text '500' is set on object 'Object Repository/Schedule3/Page_KDMC - CMS/input_txttreat'

2018-05-05 19:28:58 - [TEST_STEP][PASSED] - delay: Delayed 1 second(s)

2018-05-05 19:28:59 - [MESSAGE][PASSED] - Delayed 1 second(s)

2018-05-05 19:28:59 - [TEST_STEP][PASSED] - click: Object: 'Object Repository/Schedule3/Page_KDMC - CMS/button_Add' is clicked on

2018-05-05 19:28:59 - [MESSAGE][PASSED] - Object: 'Object Repository/Schedule3/Page_KDMC - CMS/button_Add' is clicked on

2018-05-05 19:28:59 - [TEST_STEP][PASSED] - selectOptionByIndex: All options with index in [3] are selected on object 'Object Repository/Schedule3/Page_KDMC - CMS/select_--Select--Schedule 1Inj'

2018-05-05 19:28:59 - [MESSAGE][PASSED] - All options with index in [3] are selected on object 'Object Repository/Schedule3/Page_KDMC - CMS/select_--Select--Schedule 1Inj'

2018-05-05 19:28:59 - [TEST_STEP][PASSED] - selectOptionByIndex: All options with index in [36] are selected on object 'Object Repository/Schedule3/Page_KDMC - CMS/select_--Select--Amoxycillin 2'

2018-05-05 19:29:00 - [MESSAGE][PASSED] - All options with index in [36] are selected on object 'Object Repository/Schedule3/Page_KDMC - CMS/select_--Select--Amoxycillin 2'

2018-05-05 19:29:00 - [TEST_STEP][PASSED] - setText: Text '500' is set on object 'Object Repository/Schedule3/Page_KDMC - CMS/input_txttreat'

2018-05-05 19:29:00 - [MESSAGE][PASSED] - Text '500' is set on object 'Object Repository/Schedule3/Page_KDMC - CMS/input_txttreat'

2018-05-05 19:29:00 - [TEST_STEP][PASSED] - delay: Delayed 1 second(s)

2018-05-05 19:29:01 - [MESSAGE][PASSED] - Delayed 1 second(s)

2018-05-05 19:29:01 - [TEST_STEP][PASSED] - click: Object: 'Object Repository/Schedule3/Page_KDMC - CMS/button_Add' is clicked on

2018-05-05 19:29:02 - [MESSAGE][PASSED] - Object: 'Object Repository/Schedule3/Page_KDMC - CMS/button_Add' is clicked on

2018-05-05 19:29:02 - [TEST_STEP][PASSED] - delay: Delayed 3 second(s)

2018-05-05 19:29:05 - [MESSAGE][PASSED] - Delayed 3 second(s)

2018-05-05 19:29:05 - [TEST_STEP][PASSED] - scrollToElement: Scroll to object 'Object Repository/Schedule3/Page_KDMC - CMS/input_btnsave' successfully

2018-05-05 19:29:05 - [MESSAGE][PASSED] - Scroll to object 'Object Repository/Schedule3/Page_KDMC - CMS/input_btnsave' successfully

2018-05-05 19:29:05 - [TEST_STEP][PASSED] - click: Object: 'Object Repository/Schedule3/Page_KDMC - CMS/input_btnsave' is clicked on

2018-05-05 19:29:05 - [MESSAGE][PASSED] - Object: 'Object Repository/Schedule3/Page_KDMC - CMS/input_btnsave' is clicked on

2018-05-05 19:29:05 - [TEST_STEP][PASSED] - delay: Delayed 3 second(s)

2018-05-05 19:29:08 - [MESSAGE][PASSED] - Delayed 3 second(s)

2018-05-05 19:29:08 - [TEST_STEP][PASSED] - click: Object: 'Object Repository/Schedule3/Page_KDMC - CMS/button_OK' is clicked on

2018-05-05 19:29:08 - [MESSAGE][PASSED] - Object: 'Object Repository/Schedule3/Page_KDMC - CMS/button_OK' is clicked on

2018-05-05 19:29:08 - [TEST_STEP][PASSED] - delay: Delayed 3 second(s)

2018-05-05 19:29:11 - [MESSAGE][PASSED] - Delayed 3 second(s)

2018-05-05 19:29:11 - [TEST_STEP][PASSED] - click: Object: 'Object Repository/Schedule3/Page_KDMC - CMS/a_dropdown-toggle' is clicked on

2018-05-05 19:29:11 - [MESSAGE][PASSED] - Object: 'Object Repository/Schedule3/Page_KDMC - CMS/a_dropdown-toggle' is clicked on

2018-05-05 19:29:11 - [TEST_STEP][PASSED] - click: Object: 'Object Repository/Schedule3/Page_KDMC - CMS/a_Sign out' is clicked on

2018-05-05 19:29:12 - [MESSAGE][PASSED] - Object: 'Object Repository/Schedule3/Page_KDMC - CMS/a_Sign out' is clicked on

2018-05-05 19:29:12 - [TEST_STEP][PASSED] - closeBrowser: Browser is closed

2018-05-05 19:29:12 - [MESSAGE][PASSED] - Browser is closed]]></system-out>
         <system-err><![CDATA[]]></system-err>
      </testcase>
      <testcase name="Test Cases/MOH TO CMS REQUEST/MohRequestSchedule4" classname="Test Cases/MOH TO CMS REQUEST/MohRequestSchedule4" status="PASSED">
         <system-out><![CDATA[2018-05-05 19:29:12 - [TEST_CASE][PASSED] - Test Cases/MOH TO CMS REQUEST/MohRequestSchedule4: Test Cases/MOH TO CMS REQUEST/MohRequestSchedule4

2018-05-05 19:29:12 - [TEST_STEP][PASSED] - openBrowser: Browser is opened with url: ''

2018-05-05 19:29:14 - [MESSAGE][PASSED] - Browser is opened with url: ''

2018-05-05 19:29:14 - [TEST_STEP][PASSED] - navigateToUrl: Navigate to 'http://192.168.137.1/multihospital_new/' successfully

2018-05-05 19:29:16 - [MESSAGE][PASSED] - Navigate to 'http://192.168.137.1/multihospital_new/' successfully

2018-05-05 19:29:16 - [TEST_STEP][PASSED] - maximizeWindow: Current window maximized

2018-05-05 19:29:17 - [MESSAGE][PASSED] - Current window maximized

2018-05-05 19:29:17 - [TEST_STEP][PASSED] - click: Object: 'Object Repository/Schedule4/Page_KDMC/a_CMS' is clicked on

2018-05-05 19:29:18 - [MESSAGE][PASSED] - Object: 'Object Repository/Schedule4/Page_KDMC/a_CMS' is clicked on

2018-05-05 19:29:18 - [TEST_STEP][PASSED] - setText: Text 'bala' is set on object 'Object Repository/Schedule4/Page_CMS login/input_txtusername'

2018-05-05 19:29:18 - [MESSAGE][PASSED] - Text 'bala' is set on object 'Object Repository/Schedule4/Page_CMS login/input_txtusername'

2018-05-05 19:29:18 - [TEST_STEP][PASSED] - setText: Text '123' is set on object 'Object Repository/Schedule4/Page_CMS login/input_txtpassword'

2018-05-05 19:29:18 - [MESSAGE][PASSED] - Text '123' is set on object 'Object Repository/Schedule4/Page_CMS login/input_txtpassword'

2018-05-05 19:29:18 - [TEST_STEP][PASSED] - delay: Delayed 4 second(s)

2018-05-05 19:29:22 - [MESSAGE][PASSED] - Delayed 4 second(s)

2018-05-05 19:29:22 - [TEST_STEP][PASSED] - click: Object: 'Object Repository/Schedule4/Page_CMS login/button_Sign in' is clicked on

2018-05-05 19:29:23 - [MESSAGE][PASSED] - Object: 'Object Repository/Schedule4/Page_CMS login/button_Sign in' is clicked on

2018-05-05 19:29:23 - [TEST_STEP][PASSED] - click: Object: 'Object Repository/Schedule4/Page_KDMC - CMS/a_Request to MOH' is clicked on

2018-05-05 19:29:25 - [MESSAGE][PASSED] - Object: 'Object Repository/Schedule4/Page_KDMC - CMS/a_Request to MOH' is clicked on

2018-05-05 19:29:25 - [TEST_STEP][PASSED] - selectOptionByValue: All options with value 'Weekly/Monthly' are selected in object 'Object Repository/Schedule4/Page_KDMC - CMS/select_--Select--'  using regular expression

2018-05-05 19:29:25 - [MESSAGE][PASSED] - All options with value 'Weekly/Monthly' are selected in object 'Object Repository/Schedule4/Page_KDMC - CMS/select_--Select--'  using regular expression

2018-05-05 19:29:25 - [TEST_STEP][PASSED] - selectOptionByValue: All options with value '4' are selected in object 'Object Repository/Schedule4/Page_KDMC - CMS/select_--Select--Schedule 1Inj'  using regular expression

2018-05-05 19:29:25 - [MESSAGE][PASSED] - All options with value '4' are selected in object 'Object Repository/Schedule4/Page_KDMC - CMS/select_--Select--Schedule 1Inj'  using regular expression

2018-05-05 19:29:25 - [TEST_STEP][PASSED] - Statement - Selectedoptions = com.kms.katalon.core.webui.keyword.WebUiBuiltInKeywords.getNumberOfTotalOption(com.kms.katalon.core.testobject.ObjectRepository.findTestObject(Schedule4/Page_KDMC - CMS/select_--Select--Automatic x-r)): 16 options of object 'Object Repository/Schedule4/Page_KDMC - CMS/select_--Select--Automatic x-r' counted

2018-05-05 19:29:25 - [MESSAGE][PASSED] - 16 options of object 'Object Repository/Schedule4/Page_KDMC - CMS/select_--Select--Automatic x-r' counted

2018-05-05 19:29:25 - [TEST_STEP][PASSED] - Statement - For ([j = 1, j <= Selectedoptions - 1, (j++)]): Object: 'Object Repository/Schedule4/Page_KDMC - CMS/button_Add' is clicked on

2018-05-05 19:29:25 - [TEST_STEP][PASSED] - selectOptionByValue: All options with value '4' are selected in object 'Object Repository/Schedule4/Page_KDMC - CMS/select_--Select--Schedule 1Inj'  using regular expression

2018-05-05 19:29:26 - [MESSAGE][PASSED] - All options with value '4' are selected in object 'Object Repository/Schedule4/Page_KDMC - CMS/select_--Select--Schedule 1Inj'  using regular expression

2018-05-05 19:29:26 - [TEST_STEP][PASSED] - selectOptionByIndex: All options with index in [1] are selected on object 'Object Repository/Schedule4/Page_KDMC - CMS/select_--Select--Automatic x-r'

2018-05-05 19:29:26 - [MESSAGE][PASSED] - All options with index in [1] are selected on object 'Object Repository/Schedule4/Page_KDMC - CMS/select_--Select--Automatic x-r'

2018-05-05 19:29:26 - [TEST_STEP][PASSED] - setText: Text '5000' is set on object 'Object Repository/Schedule4/Page_KDMC - CMS/input_txttreat'

2018-05-05 19:29:26 - [MESSAGE][PASSED] - Text '5000' is set on object 'Object Repository/Schedule4/Page_KDMC - CMS/input_txttreat'

2018-05-05 19:29:26 - [TEST_STEP][PASSED] - click: Object: 'Object Repository/Schedule4/Page_KDMC - CMS/button_Add' is clicked on

2018-05-05 19:29:26 - [MESSAGE][PASSED] - Object: 'Object Repository/Schedule4/Page_KDMC - CMS/button_Add' is clicked on

2018-05-05 19:29:26 - [TEST_STEP][PASSED] - selectOptionByValue: All options with value '4' are selected in object 'Object Repository/Schedule4/Page_KDMC - CMS/select_--Select--Schedule 1Inj'  using regular expression

2018-05-05 19:29:26 - [MESSAGE][PASSED] - All options with value '4' are selected in object 'Object Repository/Schedule4/Page_KDMC - CMS/select_--Select--Schedule 1Inj'  using regular expression

2018-05-05 19:29:26 - [TEST_STEP][PASSED] - selectOptionByIndex: All options with index in [2] are selected on object 'Object Repository/Schedule4/Page_KDMC - CMS/select_--Select--Automatic x-r'

2018-05-05 19:29:26 - [MESSAGE][PASSED] - All options with index in [2] are selected on object 'Object Repository/Schedule4/Page_KDMC - CMS/select_--Select--Automatic x-r'

2018-05-05 19:29:26 - [TEST_STEP][PASSED] - setText: Text '5000' is set on object 'Object Repository/Schedule4/Page_KDMC - CMS/input_txttreat'

2018-05-05 19:29:26 - [MESSAGE][PASSED] - Text '5000' is set on object 'Object Repository/Schedule4/Page_KDMC - CMS/input_txttreat'

2018-05-05 19:29:26 - [TEST_STEP][PASSED] - click: Object: 'Object Repository/Schedule4/Page_KDMC - CMS/button_Add' is clicked on

2018-05-05 19:29:26 - [MESSAGE][PASSED] - Object: 'Object Repository/Schedule4/Page_KDMC - CMS/button_Add' is clicked on

2018-05-05 19:29:26 - [TEST_STEP][PASSED] - selectOptionByValue: All options with value '4' are selected in object 'Object Repository/Schedule4/Page_KDMC - CMS/select_--Select--Schedule 1Inj'  using regular expression

2018-05-05 19:29:27 - [MESSAGE][PASSED] - All options with value '4' are selected in object 'Object Repository/Schedule4/Page_KDMC - CMS/select_--Select--Schedule 1Inj'  using regular expression

2018-05-05 19:29:27 - [TEST_STEP][PASSED] - selectOptionByIndex: All options with index in [3] are selected on object 'Object Repository/Schedule4/Page_KDMC - CMS/select_--Select--Automatic x-r'

2018-05-05 19:29:27 - [MESSAGE][PASSED] - All options with index in [3] are selected on object 'Object Repository/Schedule4/Page_KDMC - CMS/select_--Select--Automatic x-r'

2018-05-05 19:29:27 - [TEST_STEP][PASSED] - setText: Text '5000' is set on object 'Object Repository/Schedule4/Page_KDMC - CMS/input_txttreat'

2018-05-05 19:29:27 - [MESSAGE][PASSED] - Text '5000' is set on object 'Object Repository/Schedule4/Page_KDMC - CMS/input_txttreat'

2018-05-05 19:29:27 - [TEST_STEP][PASSED] - click: Object: 'Object Repository/Schedule4/Page_KDMC - CMS/button_Add' is clicked on

2018-05-05 19:29:27 - [MESSAGE][PASSED] - Object: 'Object Repository/Schedule4/Page_KDMC - CMS/button_Add' is clicked on

2018-05-05 19:29:27 - [TEST_STEP][PASSED] - selectOptionByValue: All options with value '4' are selected in object 'Object Repository/Schedule4/Page_KDMC - CMS/select_--Select--Schedule 1Inj'  using regular expression

2018-05-05 19:29:27 - [MESSAGE][PASSED] - All options with value '4' are selected in object 'Object Repository/Schedule4/Page_KDMC - CMS/select_--Select--Schedule 1Inj'  using regular expression

2018-05-05 19:29:27 - [TEST_STEP][PASSED] - selectOptionByIndex: All options with index in [4] are selected on object 'Object Repository/Schedule4/Page_KDMC - CMS/select_--Select--Automatic x-r'

2018-05-05 19:29:27 - [MESSAGE][PASSED] - All options with index in [4] are selected on object 'Object Repository/Schedule4/Page_KDMC - CMS/select_--Select--Automatic x-r'

2018-05-05 19:29:27 - [TEST_STEP][PASSED] - setText: Text '5000' is set on object 'Object Repository/Schedule4/Page_KDMC - CMS/input_txttreat'

2018-05-05 19:29:27 - [MESSAGE][PASSED] - Text '5000' is set on object 'Object Repository/Schedule4/Page_KDMC - CMS/input_txttreat'

2018-05-05 19:29:27 - [TEST_STEP][PASSED] - click: Object: 'Object Repository/Schedule4/Page_KDMC - CMS/button_Add' is clicked on

2018-05-05 19:29:27 - [MESSAGE][PASSED] - Object: 'Object Repository/Schedule4/Page_KDMC - CMS/button_Add' is clicked on

2018-05-05 19:29:27 - [TEST_STEP][PASSED] - selectOptionByValue: All options with value '4' are selected in object 'Object Repository/Schedule4/Page_KDMC - CMS/select_--Select--Schedule 1Inj'  using regular expression

2018-05-05 19:29:28 - [MESSAGE][PASSED] - All options with value '4' are selected in object 'Object Repository/Schedule4/Page_KDMC - CMS/select_--Select--Schedule 1Inj'  using regular expression

2018-05-05 19:29:28 - [TEST_STEP][PASSED] - selectOptionByIndex: All options with index in [5] are selected on object 'Object Repository/Schedule4/Page_KDMC - CMS/select_--Select--Automatic x-r'

2018-05-05 19:29:28 - [MESSAGE][PASSED] - All options with index in [5] are selected on object 'Object Repository/Schedule4/Page_KDMC - CMS/select_--Select--Automatic x-r'

2018-05-05 19:29:28 - [TEST_STEP][PASSED] - setText: Text '5000' is set on object 'Object Repository/Schedule4/Page_KDMC - CMS/input_txttreat'

2018-05-05 19:29:28 - [MESSAGE][PASSED] - Text '5000' is set on object 'Object Repository/Schedule4/Page_KDMC - CMS/input_txttreat'

2018-05-05 19:29:28 - [TEST_STEP][PASSED] - click: Object: 'Object Repository/Schedule4/Page_KDMC - CMS/button_Add' is clicked on

2018-05-05 19:29:28 - [MESSAGE][PASSED] - Object: 'Object Repository/Schedule4/Page_KDMC - CMS/button_Add' is clicked on

2018-05-05 19:29:28 - [TEST_STEP][PASSED] - selectOptionByValue: All options with value '4' are selected in object 'Object Repository/Schedule4/Page_KDMC - CMS/select_--Select--Schedule 1Inj'  using regular expression

2018-05-05 19:29:28 - [MESSAGE][PASSED] - All options with value '4' are selected in object 'Object Repository/Schedule4/Page_KDMC - CMS/select_--Select--Schedule 1Inj'  using regular expression

2018-05-05 19:29:28 - [TEST_STEP][PASSED] - selectOptionByIndex: All options with index in [6] are selected on object 'Object Repository/Schedule4/Page_KDMC - CMS/select_--Select--Automatic x-r'

2018-05-05 19:29:29 - [MESSAGE][PASSED] - All options with index in [6] are selected on object 'Object Repository/Schedule4/Page_KDMC - CMS/select_--Select--Automatic x-r'

2018-05-05 19:29:29 - [TEST_STEP][PASSED] - setText: Text '5000' is set on object 'Object Repository/Schedule4/Page_KDMC - CMS/input_txttreat'

2018-05-05 19:29:29 - [MESSAGE][PASSED] - Text '5000' is set on object 'Object Repository/Schedule4/Page_KDMC - CMS/input_txttreat'

2018-05-05 19:29:29 - [TEST_STEP][PASSED] - click: Object: 'Object Repository/Schedule4/Page_KDMC - CMS/button_Add' is clicked on

2018-05-05 19:29:29 - [MESSAGE][PASSED] - Object: 'Object Repository/Schedule4/Page_KDMC - CMS/button_Add' is clicked on

2018-05-05 19:29:29 - [TEST_STEP][PASSED] - selectOptionByValue: All options with value '4' are selected in object 'Object Repository/Schedule4/Page_KDMC - CMS/select_--Select--Schedule 1Inj'  using regular expression

2018-05-05 19:29:29 - [MESSAGE][PASSED] - All options with value '4' are selected in object 'Object Repository/Schedule4/Page_KDMC - CMS/select_--Select--Schedule 1Inj'  using regular expression

2018-05-05 19:29:29 - [TEST_STEP][PASSED] - selectOptionByIndex: All options with index in [7] are selected on object 'Object Repository/Schedule4/Page_KDMC - CMS/select_--Select--Automatic x-r'

2018-05-05 19:29:29 - [MESSAGE][PASSED] - All options with index in [7] are selected on object 'Object Repository/Schedule4/Page_KDMC - CMS/select_--Select--Automatic x-r'

2018-05-05 19:29:29 - [TEST_STEP][PASSED] - setText: Text '5000' is set on object 'Object Repository/Schedule4/Page_KDMC - CMS/input_txttreat'

2018-05-05 19:29:29 - [MESSAGE][PASSED] - Text '5000' is set on object 'Object Repository/Schedule4/Page_KDMC - CMS/input_txttreat'

2018-05-05 19:29:29 - [TEST_STEP][PASSED] - click: Object: 'Object Repository/Schedule4/Page_KDMC - CMS/button_Add' is clicked on

2018-05-05 19:29:29 - [MESSAGE][PASSED] - Object: 'Object Repository/Schedule4/Page_KDMC - CMS/button_Add' is clicked on

2018-05-05 19:29:29 - [TEST_STEP][PASSED] - selectOptionByValue: All options with value '4' are selected in object 'Object Repository/Schedule4/Page_KDMC - CMS/select_--Select--Schedule 1Inj'  using regular expression

2018-05-05 19:29:30 - [MESSAGE][PASSED] - All options with value '4' are selected in object 'Object Repository/Schedule4/Page_KDMC - CMS/select_--Select--Schedule 1Inj'  using regular expression

2018-05-05 19:29:30 - [TEST_STEP][PASSED] - selectOptionByIndex: All options with index in [8] are selected on object 'Object Repository/Schedule4/Page_KDMC - CMS/select_--Select--Automatic x-r'

2018-05-05 19:29:30 - [MESSAGE][PASSED] - All options with index in [8] are selected on object 'Object Repository/Schedule4/Page_KDMC - CMS/select_--Select--Automatic x-r'

2018-05-05 19:29:30 - [TEST_STEP][PASSED] - setText: Text '5000' is set on object 'Object Repository/Schedule4/Page_KDMC - CMS/input_txttreat'

2018-05-05 19:29:30 - [MESSAGE][PASSED] - Text '5000' is set on object 'Object Repository/Schedule4/Page_KDMC - CMS/input_txttreat'

2018-05-05 19:29:30 - [TEST_STEP][PASSED] - click: Object: 'Object Repository/Schedule4/Page_KDMC - CMS/button_Add' is clicked on

2018-05-05 19:29:30 - [MESSAGE][PASSED] - Object: 'Object Repository/Schedule4/Page_KDMC - CMS/button_Add' is clicked on

2018-05-05 19:29:30 - [TEST_STEP][PASSED] - selectOptionByValue: All options with value '4' are selected in object 'Object Repository/Schedule4/Page_KDMC - CMS/select_--Select--Schedule 1Inj'  using regular expression

2018-05-05 19:29:30 - [MESSAGE][PASSED] - All options with value '4' are selected in object 'Object Repository/Schedule4/Page_KDMC - CMS/select_--Select--Schedule 1Inj'  using regular expression

2018-05-05 19:29:30 - [TEST_STEP][PASSED] - selectOptionByIndex: All options with index in [9] are selected on object 'Object Repository/Schedule4/Page_KDMC - CMS/select_--Select--Automatic x-r'

2018-05-05 19:29:30 - [MESSAGE][PASSED] - All options with index in [9] are selected on object 'Object Repository/Schedule4/Page_KDMC - CMS/select_--Select--Automatic x-r'

2018-05-05 19:29:30 - [TEST_STEP][PASSED] - setText: Text '5000' is set on object 'Object Repository/Schedule4/Page_KDMC - CMS/input_txttreat'

2018-05-05 19:29:31 - [MESSAGE][PASSED] - Text '5000' is set on object 'Object Repository/Schedule4/Page_KDMC - CMS/input_txttreat'

2018-05-05 19:29:31 - [TEST_STEP][PASSED] - click: Object: 'Object Repository/Schedule4/Page_KDMC - CMS/button_Add' is clicked on

2018-05-05 19:29:31 - [MESSAGE][PASSED] - Object: 'Object Repository/Schedule4/Page_KDMC - CMS/button_Add' is clicked on

2018-05-05 19:29:31 - [TEST_STEP][PASSED] - selectOptionByValue: All options with value '4' are selected in object 'Object Repository/Schedule4/Page_KDMC - CMS/select_--Select--Schedule 1Inj'  using regular expression

2018-05-05 19:29:31 - [MESSAGE][PASSED] - All options with value '4' are selected in object 'Object Repository/Schedule4/Page_KDMC - CMS/select_--Select--Schedule 1Inj'  using regular expression

2018-05-05 19:29:31 - [TEST_STEP][PASSED] - selectOptionByIndex: All options with index in [10] are selected on object 'Object Repository/Schedule4/Page_KDMC - CMS/select_--Select--Automatic x-r'

2018-05-05 19:29:31 - [MESSAGE][PASSED] - All options with index in [10] are selected on object 'Object Repository/Schedule4/Page_KDMC - CMS/select_--Select--Automatic x-r'

2018-05-05 19:29:31 - [TEST_STEP][PASSED] - setText: Text '5000' is set on object 'Object Repository/Schedule4/Page_KDMC - CMS/input_txttreat'

2018-05-05 19:29:31 - [MESSAGE][PASSED] - Text '5000' is set on object 'Object Repository/Schedule4/Page_KDMC - CMS/input_txttreat'

2018-05-05 19:29:31 - [TEST_STEP][PASSED] - click: Object: 'Object Repository/Schedule4/Page_KDMC - CMS/button_Add' is clicked on

2018-05-05 19:29:31 - [MESSAGE][PASSED] - Object: 'Object Repository/Schedule4/Page_KDMC - CMS/button_Add' is clicked on

2018-05-05 19:29:31 - [TEST_STEP][PASSED] - selectOptionByValue: All options with value '4' are selected in object 'Object Repository/Schedule4/Page_KDMC - CMS/select_--Select--Schedule 1Inj'  using regular expression

2018-05-05 19:29:31 - [MESSAGE][PASSED] - All options with value '4' are selected in object 'Object Repository/Schedule4/Page_KDMC - CMS/select_--Select--Schedule 1Inj'  using regular expression

2018-05-05 19:29:31 - [TEST_STEP][PASSED] - selectOptionByIndex: All options with index in [11] are selected on object 'Object Repository/Schedule4/Page_KDMC - CMS/select_--Select--Automatic x-r'

2018-05-05 19:29:32 - [MESSAGE][PASSED] - All options with index in [11] are selected on object 'Object Repository/Schedule4/Page_KDMC - CMS/select_--Select--Automatic x-r'

2018-05-05 19:29:32 - [TEST_STEP][PASSED] - setText: Text '5000' is set on object 'Object Repository/Schedule4/Page_KDMC - CMS/input_txttreat'

2018-05-05 19:29:32 - [MESSAGE][PASSED] - Text '5000' is set on object 'Object Repository/Schedule4/Page_KDMC - CMS/input_txttreat'

2018-05-05 19:29:32 - [TEST_STEP][PASSED] - click: Object: 'Object Repository/Schedule4/Page_KDMC - CMS/button_Add' is clicked on

2018-05-05 19:29:32 - [MESSAGE][PASSED] - Object: 'Object Repository/Schedule4/Page_KDMC - CMS/button_Add' is clicked on

2018-05-05 19:29:32 - [TEST_STEP][PASSED] - selectOptionByValue: All options with value '4' are selected in object 'Object Repository/Schedule4/Page_KDMC - CMS/select_--Select--Schedule 1Inj'  using regular expression

2018-05-05 19:29:32 - [MESSAGE][PASSED] - All options with value '4' are selected in object 'Object Repository/Schedule4/Page_KDMC - CMS/select_--Select--Schedule 1Inj'  using regular expression

2018-05-05 19:29:32 - [TEST_STEP][PASSED] - selectOptionByIndex: All options with index in [12] are selected on object 'Object Repository/Schedule4/Page_KDMC - CMS/select_--Select--Automatic x-r'

2018-05-05 19:29:32 - [MESSAGE][PASSED] - All options with index in [12] are selected on object 'Object Repository/Schedule4/Page_KDMC - CMS/select_--Select--Automatic x-r'

2018-05-05 19:29:32 - [TEST_STEP][PASSED] - setText: Text '5000' is set on object 'Object Repository/Schedule4/Page_KDMC - CMS/input_txttreat'

2018-05-05 19:29:32 - [MESSAGE][PASSED] - Text '5000' is set on object 'Object Repository/Schedule4/Page_KDMC - CMS/input_txttreat'

2018-05-05 19:29:32 - [TEST_STEP][PASSED] - click: Object: 'Object Repository/Schedule4/Page_KDMC - CMS/button_Add' is clicked on

2018-05-05 19:29:32 - [MESSAGE][PASSED] - Object: 'Object Repository/Schedule4/Page_KDMC - CMS/button_Add' is clicked on

2018-05-05 19:29:32 - [TEST_STEP][PASSED] - selectOptionByValue: All options with value '4' are selected in object 'Object Repository/Schedule4/Page_KDMC - CMS/select_--Select--Schedule 1Inj'  using regular expression

2018-05-05 19:29:33 - [MESSAGE][PASSED] - All options with value '4' are selected in object 'Object Repository/Schedule4/Page_KDMC - CMS/select_--Select--Schedule 1Inj'  using regular expression

2018-05-05 19:29:33 - [TEST_STEP][PASSED] - selectOptionByIndex: All options with index in [13] are selected on object 'Object Repository/Schedule4/Page_KDMC - CMS/select_--Select--Automatic x-r'

2018-05-05 19:29:33 - [MESSAGE][PASSED] - All options with index in [13] are selected on object 'Object Repository/Schedule4/Page_KDMC - CMS/select_--Select--Automatic x-r'

2018-05-05 19:29:33 - [TEST_STEP][PASSED] - setText: Text '5000' is set on object 'Object Repository/Schedule4/Page_KDMC - CMS/input_txttreat'

2018-05-05 19:29:33 - [MESSAGE][PASSED] - Text '5000' is set on object 'Object Repository/Schedule4/Page_KDMC - CMS/input_txttreat'

2018-05-05 19:29:33 - [TEST_STEP][PASSED] - click: Object: 'Object Repository/Schedule4/Page_KDMC - CMS/button_Add' is clicked on

2018-05-05 19:29:33 - [MESSAGE][PASSED] - Object: 'Object Repository/Schedule4/Page_KDMC - CMS/button_Add' is clicked on

2018-05-05 19:29:33 - [TEST_STEP][PASSED] - selectOptionByValue: All options with value '4' are selected in object 'Object Repository/Schedule4/Page_KDMC - CMS/select_--Select--Schedule 1Inj'  using regular expression

2018-05-05 19:29:33 - [MESSAGE][PASSED] - All options with value '4' are selected in object 'Object Repository/Schedule4/Page_KDMC - CMS/select_--Select--Schedule 1Inj'  using regular expression

2018-05-05 19:29:33 - [TEST_STEP][PASSED] - selectOptionByIndex: All options with index in [14] are selected on object 'Object Repository/Schedule4/Page_KDMC - CMS/select_--Select--Automatic x-r'

2018-05-05 19:29:34 - [MESSAGE][PASSED] - All options with index in [14] are selected on object 'Object Repository/Schedule4/Page_KDMC - CMS/select_--Select--Automatic x-r'

2018-05-05 19:29:34 - [TEST_STEP][PASSED] - setText: Text '5000' is set on object 'Object Repository/Schedule4/Page_KDMC - CMS/input_txttreat'

2018-05-05 19:29:34 - [MESSAGE][PASSED] - Text '5000' is set on object 'Object Repository/Schedule4/Page_KDMC - CMS/input_txttreat'

2018-05-05 19:29:34 - [TEST_STEP][PASSED] - click: Object: 'Object Repository/Schedule4/Page_KDMC - CMS/button_Add' is clicked on

2018-05-05 19:29:34 - [MESSAGE][PASSED] - Object: 'Object Repository/Schedule4/Page_KDMC - CMS/button_Add' is clicked on

2018-05-05 19:29:34 - [TEST_STEP][PASSED] - selectOptionByValue: All options with value '4' are selected in object 'Object Repository/Schedule4/Page_KDMC - CMS/select_--Select--Schedule 1Inj'  using regular expression

2018-05-05 19:29:34 - [MESSAGE][PASSED] - All options with value '4' are selected in object 'Object Repository/Schedule4/Page_KDMC - CMS/select_--Select--Schedule 1Inj'  using regular expression

2018-05-05 19:29:34 - [TEST_STEP][PASSED] - selectOptionByIndex: All options with index in [15] are selected on object 'Object Repository/Schedule4/Page_KDMC - CMS/select_--Select--Automatic x-r'

2018-05-05 19:29:34 - [MESSAGE][PASSED] - All options with index in [15] are selected on object 'Object Repository/Schedule4/Page_KDMC - CMS/select_--Select--Automatic x-r'

2018-05-05 19:29:34 - [TEST_STEP][PASSED] - setText: Text '5000' is set on object 'Object Repository/Schedule4/Page_KDMC - CMS/input_txttreat'

2018-05-05 19:29:34 - [MESSAGE][PASSED] - Text '5000' is set on object 'Object Repository/Schedule4/Page_KDMC - CMS/input_txttreat'

2018-05-05 19:29:34 - [TEST_STEP][PASSED] - click: Object: 'Object Repository/Schedule4/Page_KDMC - CMS/button_Add' is clicked on

2018-05-05 19:29:34 - [MESSAGE][PASSED] - Object: 'Object Repository/Schedule4/Page_KDMC - CMS/button_Add' is clicked on

2018-05-05 19:29:34 - [TEST_STEP][PASSED] - scrollToElement: Scroll to object 'Object Repository/Schedule4/Page_KDMC - CMS/input_btnsave' successfully

2018-05-05 19:29:34 - [MESSAGE][PASSED] - Scroll to object 'Object Repository/Schedule4/Page_KDMC - CMS/input_btnsave' successfully

2018-05-05 19:29:34 - [TEST_STEP][PASSED] - click: Object: 'Object Repository/Schedule4/Page_KDMC - CMS/input_btnsave' is clicked on

2018-05-05 19:29:34 - [MESSAGE][PASSED] - Object: 'Object Repository/Schedule4/Page_KDMC - CMS/input_btnsave' is clicked on

2018-05-05 19:29:34 - [TEST_STEP][PASSED] - delay: Delayed 3 second(s)

2018-05-05 19:29:37 - [MESSAGE][PASSED] - Delayed 3 second(s)

2018-05-05 19:29:37 - [TEST_STEP][PASSED] - click: Object: 'Object Repository/Schedule4/Page_KDMC - CMS/button_OK' is clicked on

2018-05-05 19:29:38 - [MESSAGE][PASSED] - Object: 'Object Repository/Schedule4/Page_KDMC - CMS/button_OK' is clicked on

2018-05-05 19:29:38 - [TEST_STEP][PASSED] - delay: Delayed 3 second(s)

2018-05-05 19:29:41 - [MESSAGE][PASSED] - Delayed 3 second(s)

2018-05-05 19:29:41 - [TEST_STEP][PASSED] - click: Object: 'Object Repository/Schedule4/Page_KDMC - CMS/a_dropdown-toggle' is clicked on

2018-05-05 19:29:41 - [MESSAGE][PASSED] - Object: 'Object Repository/Schedule4/Page_KDMC - CMS/a_dropdown-toggle' is clicked on

2018-05-05 19:29:41 - [TEST_STEP][PASSED] - delay: Delayed 3 second(s)

2018-05-05 19:29:44 - [MESSAGE][PASSED] - Delayed 3 second(s)

2018-05-05 19:29:44 - [TEST_STEP][PASSED] - click: Object: 'Object Repository/Schedule4/Page_KDMC - CMS/a_Sign out' is clicked on

2018-05-05 19:29:44 - [MESSAGE][PASSED] - Object: 'Object Repository/Schedule4/Page_KDMC - CMS/a_Sign out' is clicked on

2018-05-05 19:29:44 - [TEST_STEP][PASSED] - closeBrowser: Browser is closed

2018-05-05 19:29:45 - [MESSAGE][PASSED] - Browser is closed]]></system-out>
         <system-err><![CDATA[]]></system-err>
      </testcase>
      <testcase name="Test Cases/MOH TO CMS REQUEST/MohRequestSchedule5" classname="Test Cases/MOH TO CMS REQUEST/MohRequestSchedule5" status="PASSED">
         <system-out><![CDATA[2018-05-05 19:29:45 - [TEST_CASE][PASSED] - Test Cases/MOH TO CMS REQUEST/MohRequestSchedule5: Test Cases/MOH TO CMS REQUEST/MohRequestSchedule5

2018-05-05 19:29:45 - [TEST_STEP][PASSED] - openBrowser: Browser is opened with url: ''

2018-05-05 19:29:47 - [MESSAGE][PASSED] - Browser is opened with url: ''

2018-05-05 19:29:47 - [TEST_STEP][PASSED] - navigateToUrl: Navigate to 'http://192.168.137.1/multihospital_new/' successfully

2018-05-05 19:29:50 - [MESSAGE][PASSED] - Navigate to 'http://192.168.137.1/multihospital_new/' successfully

2018-05-05 19:29:50 - [TEST_STEP][PASSED] - maximizeWindow: Current window maximized

2018-05-05 19:29:51 - [MESSAGE][PASSED] - Current window maximized

2018-05-05 19:29:51 - [TEST_STEP][PASSED] - click: Object: 'Object Repository/Schedule5/Page_KDMC/a_CMS' is clicked on

2018-05-05 19:29:52 - [MESSAGE][PASSED] - Object: 'Object Repository/Schedule5/Page_KDMC/a_CMS' is clicked on

2018-05-05 19:29:52 - [TEST_STEP][PASSED] - setText: Text 'bala' is set on object 'Object Repository/Schedule5/Page_CMS login/input_txtusername'

2018-05-05 19:29:52 - [MESSAGE][PASSED] - Text 'bala' is set on object 'Object Repository/Schedule5/Page_CMS login/input_txtusername'

2018-05-05 19:29:52 - [TEST_STEP][PASSED] - setText: Text '123' is set on object 'Object Repository/Schedule5/Page_CMS login/input_txtpassword'

2018-05-05 19:29:52 - [MESSAGE][PASSED] - Text '123' is set on object 'Object Repository/Schedule5/Page_CMS login/input_txtpassword'

2018-05-05 19:29:52 - [TEST_STEP][PASSED] - delay: Delayed 4 second(s)

2018-05-05 19:29:56 - [MESSAGE][PASSED] - Delayed 4 second(s)

2018-05-05 19:29:56 - [TEST_STEP][PASSED] - click: Object: 'Object Repository/Schedule5/Page_CMS login/button_Sign in' is clicked on

2018-05-05 19:29:57 - [MESSAGE][PASSED] - Object: 'Object Repository/Schedule5/Page_CMS login/button_Sign in' is clicked on

2018-05-05 19:29:57 - [TEST_STEP][PASSED] - click: Object: 'Object Repository/Schedule5/Page_KDMC - CMS/a_Request to MOH' is clicked on

2018-05-05 19:29:58 - [MESSAGE][PASSED] - Object: 'Object Repository/Schedule5/Page_KDMC - CMS/a_Request to MOH' is clicked on

2018-05-05 19:29:58 - [TEST_STEP][PASSED] - selectOptionByIndex: All options with index in [1] are selected on object 'Object Repository/Schedule5/Page_KDMC - CMS/select_--Select--'

2018-05-05 19:29:58 - [MESSAGE][PASSED] - All options with index in [1] are selected on object 'Object Repository/Schedule5/Page_KDMC - CMS/select_--Select--'

2018-05-05 19:29:58 - [TEST_STEP][PASSED] - selectOptionByIndex: All options with index in [5] are selected on object 'Object Repository/Schedule5/Page_KDMC - CMS/select_--Select--Schedule 1Inj'

2018-05-05 19:29:58 - [MESSAGE][PASSED] - All options with index in [5] are selected on object 'Object Repository/Schedule5/Page_KDMC - CMS/select_--Select--Schedule 1Inj'

2018-05-05 19:29:58 - [TEST_STEP][PASSED] - Statement - SelectOptions = com.kms.katalon.core.webui.keyword.WebUiBuiltInKeywords.getNumberOfTotalOption(com.kms.katalon.core.testobject.ObjectRepository.findTestObject(Schedule5/Page_KDMC - CMS/select_--Select--Schedule 1Inj)): 15 options of object 'Object Repository/Schedule5/Page_KDMC - CMS/select_--Select--Schedule 1Inj' counted

2018-05-05 19:29:58 - [MESSAGE][PASSED] - 15 options of object 'Object Repository/Schedule5/Page_KDMC - CMS/select_--Select--Schedule 1Inj' counted

2018-05-05 19:29:58 - [TEST_STEP][PASSED] - Statement - For ([q = 1, q < SelectOptions, (q++)]): Object: 'Object Repository/Schedule5/Page_KDMC - CMS/button_Add' is clicked on

2018-05-05 19:29:58 - [TEST_STEP][PASSED] - selectOptionByIndex: All options with index in [5] are selected on object 'Object Repository/Schedule5/Page_KDMC - CMS/select_--Select--Schedule 1Inj'

2018-05-05 19:29:58 - [MESSAGE][PASSED] - All options with index in [5] are selected on object 'Object Repository/Schedule5/Page_KDMC - CMS/select_--Select--Schedule 1Inj'

2018-05-05 19:29:58 - [TEST_STEP][PASSED] - selectOptionByIndex: All options with index in [1] are selected on object 'Object Repository/Schedule5/Page_KDMC - CMS/select_--Select--Alcohol Rub i'

2018-05-05 19:29:58 - [MESSAGE][PASSED] - All options with index in [1] are selected on object 'Object Repository/Schedule5/Page_KDMC - CMS/select_--Select--Alcohol Rub i'

2018-05-05 19:29:58 - [TEST_STEP][PASSED] - setText: Text '5000' is set on object 'Object Repository/Schedule5/Page_KDMC - CMS/input_txttreat'

2018-05-05 19:29:58 - [MESSAGE][PASSED] - Text '5000' is set on object 'Object Repository/Schedule5/Page_KDMC - CMS/input_txttreat'

2018-05-05 19:29:58 - [TEST_STEP][PASSED] - click: Object: 'Object Repository/Schedule5/Page_KDMC - CMS/button_Add' is clicked on

2018-05-05 19:29:59 - [MESSAGE][PASSED] - Object: 'Object Repository/Schedule5/Page_KDMC - CMS/button_Add' is clicked on

2018-05-05 19:29:59 - [TEST_STEP][PASSED] - selectOptionByIndex: All options with index in [5] are selected on object 'Object Repository/Schedule5/Page_KDMC - CMS/select_--Select--Schedule 1Inj'

2018-05-05 19:29:59 - [MESSAGE][PASSED] - All options with index in [5] are selected on object 'Object Repository/Schedule5/Page_KDMC - CMS/select_--Select--Schedule 1Inj'

2018-05-05 19:29:59 - [TEST_STEP][PASSED] - selectOptionByIndex: All options with index in [2] are selected on object 'Object Repository/Schedule5/Page_KDMC - CMS/select_--Select--Alcohol Rub i'

2018-05-05 19:29:59 - [MESSAGE][PASSED] - All options with index in [2] are selected on object 'Object Repository/Schedule5/Page_KDMC - CMS/select_--Select--Alcohol Rub i'

2018-05-05 19:29:59 - [TEST_STEP][PASSED] - setText: Text '5000' is set on object 'Object Repository/Schedule5/Page_KDMC - CMS/input_txttreat'

2018-05-05 19:29:59 - [MESSAGE][PASSED] - Text '5000' is set on object 'Object Repository/Schedule5/Page_KDMC - CMS/input_txttreat'

2018-05-05 19:29:59 - [TEST_STEP][PASSED] - click: Object: 'Object Repository/Schedule5/Page_KDMC - CMS/button_Add' is clicked on

2018-05-05 19:29:59 - [MESSAGE][PASSED] - Object: 'Object Repository/Schedule5/Page_KDMC - CMS/button_Add' is clicked on

2018-05-05 19:29:59 - [TEST_STEP][PASSED] - selectOptionByIndex: All options with index in [5] are selected on object 'Object Repository/Schedule5/Page_KDMC - CMS/select_--Select--Schedule 1Inj'

2018-05-05 19:30:00 - [MESSAGE][PASSED] - All options with index in [5] are selected on object 'Object Repository/Schedule5/Page_KDMC - CMS/select_--Select--Schedule 1Inj'

2018-05-05 19:30:00 - [TEST_STEP][PASSED] - selectOptionByIndex: All options with index in [3] are selected on object 'Object Repository/Schedule5/Page_KDMC - CMS/select_--Select--Alcohol Rub i'

2018-05-05 19:30:00 - [MESSAGE][PASSED] - All options with index in [3] are selected on object 'Object Repository/Schedule5/Page_KDMC - CMS/select_--Select--Alcohol Rub i'

2018-05-05 19:30:00 - [TEST_STEP][PASSED] - setText: Text '5000' is set on object 'Object Repository/Schedule5/Page_KDMC - CMS/input_txttreat'

2018-05-05 19:30:00 - [MESSAGE][PASSED] - Text '5000' is set on object 'Object Repository/Schedule5/Page_KDMC - CMS/input_txttreat'

2018-05-05 19:30:00 - [TEST_STEP][PASSED] - click: Object: 'Object Repository/Schedule5/Page_KDMC - CMS/button_Add' is clicked on

2018-05-05 19:30:00 - [MESSAGE][PASSED] - Object: 'Object Repository/Schedule5/Page_KDMC - CMS/button_Add' is clicked on

2018-05-05 19:30:00 - [TEST_STEP][PASSED] - selectOptionByIndex: All options with index in [5] are selected on object 'Object Repository/Schedule5/Page_KDMC - CMS/select_--Select--Schedule 1Inj'

2018-05-05 19:30:00 - [MESSAGE][PASSED] - All options with index in [5] are selected on object 'Object Repository/Schedule5/Page_KDMC - CMS/select_--Select--Schedule 1Inj'

2018-05-05 19:30:00 - [TEST_STEP][PASSED] - selectOptionByIndex: All options with index in [4] are selected on object 'Object Repository/Schedule5/Page_KDMC - CMS/select_--Select--Alcohol Rub i'

2018-05-05 19:30:01 - [MESSAGE][PASSED] - All options with index in [4] are selected on object 'Object Repository/Schedule5/Page_KDMC - CMS/select_--Select--Alcohol Rub i'

2018-05-05 19:30:01 - [TEST_STEP][PASSED] - setText: Text '5000' is set on object 'Object Repository/Schedule5/Page_KDMC - CMS/input_txttreat'

2018-05-05 19:30:01 - [MESSAGE][PASSED] - Text '5000' is set on object 'Object Repository/Schedule5/Page_KDMC - CMS/input_txttreat'

2018-05-05 19:30:01 - [TEST_STEP][PASSED] - click: Object: 'Object Repository/Schedule5/Page_KDMC - CMS/button_Add' is clicked on

2018-05-05 19:30:01 - [MESSAGE][PASSED] - Object: 'Object Repository/Schedule5/Page_KDMC - CMS/button_Add' is clicked on

2018-05-05 19:30:01 - [TEST_STEP][PASSED] - selectOptionByIndex: All options with index in [5] are selected on object 'Object Repository/Schedule5/Page_KDMC - CMS/select_--Select--Schedule 1Inj'

2018-05-05 19:30:01 - [MESSAGE][PASSED] - All options with index in [5] are selected on object 'Object Repository/Schedule5/Page_KDMC - CMS/select_--Select--Schedule 1Inj'

2018-05-05 19:30:01 - [TEST_STEP][PASSED] - selectOptionByIndex: All options with index in [5] are selected on object 'Object Repository/Schedule5/Page_KDMC - CMS/select_--Select--Alcohol Rub i'

2018-05-05 19:30:01 - [MESSAGE][PASSED] - All options with index in [5] are selected on object 'Object Repository/Schedule5/Page_KDMC - CMS/select_--Select--Alcohol Rub i'

2018-05-05 19:30:01 - [TEST_STEP][PASSED] - setText: Text '5000' is set on object 'Object Repository/Schedule5/Page_KDMC - CMS/input_txttreat'

2018-05-05 19:30:01 - [MESSAGE][PASSED] - Text '5000' is set on object 'Object Repository/Schedule5/Page_KDMC - CMS/input_txttreat'

2018-05-05 19:30:01 - [TEST_STEP][PASSED] - click: Object: 'Object Repository/Schedule5/Page_KDMC - CMS/button_Add' is clicked on

2018-05-05 19:30:01 - [MESSAGE][PASSED] - Object: 'Object Repository/Schedule5/Page_KDMC - CMS/button_Add' is clicked on

2018-05-05 19:30:01 - [TEST_STEP][PASSED] - selectOptionByIndex: All options with index in [5] are selected on object 'Object Repository/Schedule5/Page_KDMC - CMS/select_--Select--Schedule 1Inj'

2018-05-05 19:30:01 - [MESSAGE][PASSED] - All options with index in [5] are selected on object 'Object Repository/Schedule5/Page_KDMC - CMS/select_--Select--Schedule 1Inj'

2018-05-05 19:30:01 - [TEST_STEP][PASSED] - selectOptionByIndex: All options with index in [6] are selected on object 'Object Repository/Schedule5/Page_KDMC - CMS/select_--Select--Alcohol Rub i'

2018-05-05 19:30:02 - [MESSAGE][PASSED] - All options with index in [6] are selected on object 'Object Repository/Schedule5/Page_KDMC - CMS/select_--Select--Alcohol Rub i'

2018-05-05 19:30:02 - [TEST_STEP][PASSED] - setText: Text '5000' is set on object 'Object Repository/Schedule5/Page_KDMC - CMS/input_txttreat'

2018-05-05 19:30:02 - [MESSAGE][PASSED] - Text '5000' is set on object 'Object Repository/Schedule5/Page_KDMC - CMS/input_txttreat'

2018-05-05 19:30:02 - [TEST_STEP][PASSED] - click: Object: 'Object Repository/Schedule5/Page_KDMC - CMS/button_Add' is clicked on

2018-05-05 19:30:02 - [MESSAGE][PASSED] - Object: 'Object Repository/Schedule5/Page_KDMC - CMS/button_Add' is clicked on

2018-05-05 19:30:02 - [TEST_STEP][PASSED] - selectOptionByIndex: All options with index in [5] are selected on object 'Object Repository/Schedule5/Page_KDMC - CMS/select_--Select--Schedule 1Inj'

2018-05-05 19:30:02 - [MESSAGE][PASSED] - All options with index in [5] are selected on object 'Object Repository/Schedule5/Page_KDMC - CMS/select_--Select--Schedule 1Inj'

2018-05-05 19:30:02 - [TEST_STEP][PASSED] - selectOptionByIndex: All options with index in [7] are selected on object 'Object Repository/Schedule5/Page_KDMC - CMS/select_--Select--Alcohol Rub i'

2018-05-05 19:30:03 - [MESSAGE][PASSED] - All options with index in [7] are selected on object 'Object Repository/Schedule5/Page_KDMC - CMS/select_--Select--Alcohol Rub i'

2018-05-05 19:30:03 - [TEST_STEP][PASSED] - setText: Text '5000' is set on object 'Object Repository/Schedule5/Page_KDMC - CMS/input_txttreat'

2018-05-05 19:30:03 - [MESSAGE][PASSED] - Text '5000' is set on object 'Object Repository/Schedule5/Page_KDMC - CMS/input_txttreat'

2018-05-05 19:30:03 - [TEST_STEP][PASSED] - click: Object: 'Object Repository/Schedule5/Page_KDMC - CMS/button_Add' is clicked on

2018-05-05 19:30:03 - [MESSAGE][PASSED] - Object: 'Object Repository/Schedule5/Page_KDMC - CMS/button_Add' is clicked on

2018-05-05 19:30:03 - [TEST_STEP][PASSED] - selectOptionByIndex: All options with index in [5] are selected on object 'Object Repository/Schedule5/Page_KDMC - CMS/select_--Select--Schedule 1Inj'

2018-05-05 19:30:03 - [MESSAGE][PASSED] - All options with index in [5] are selected on object 'Object Repository/Schedule5/Page_KDMC - CMS/select_--Select--Schedule 1Inj'

2018-05-05 19:30:03 - [TEST_STEP][PASSED] - selectOptionByIndex: All options with index in [8] are selected on object 'Object Repository/Schedule5/Page_KDMC - CMS/select_--Select--Alcohol Rub i'

2018-05-05 19:30:04 - [MESSAGE][PASSED] - All options with index in [8] are selected on object 'Object Repository/Schedule5/Page_KDMC - CMS/select_--Select--Alcohol Rub i'

2018-05-05 19:30:04 - [TEST_STEP][PASSED] - setText: Text '5000' is set on object 'Object Repository/Schedule5/Page_KDMC - CMS/input_txttreat'

2018-05-05 19:30:04 - [MESSAGE][PASSED] - Text '5000' is set on object 'Object Repository/Schedule5/Page_KDMC - CMS/input_txttreat'

2018-05-05 19:30:04 - [TEST_STEP][PASSED] - click: Object: 'Object Repository/Schedule5/Page_KDMC - CMS/button_Add' is clicked on

2018-05-05 19:30:04 - [MESSAGE][PASSED] - Object: 'Object Repository/Schedule5/Page_KDMC - CMS/button_Add' is clicked on

2018-05-05 19:30:04 - [TEST_STEP][PASSED] - selectOptionByIndex: All options with index in [5] are selected on object 'Object Repository/Schedule5/Page_KDMC - CMS/select_--Select--Schedule 1Inj'

2018-05-05 19:30:04 - [MESSAGE][PASSED] - All options with index in [5] are selected on object 'Object Repository/Schedule5/Page_KDMC - CMS/select_--Select--Schedule 1Inj'

2018-05-05 19:30:04 - [TEST_STEP][PASSED] - selectOptionByIndex: All options with index in [9] are selected on object 'Object Repository/Schedule5/Page_KDMC - CMS/select_--Select--Alcohol Rub i'

2018-05-05 19:30:04 - [MESSAGE][PASSED] - All options with index in [9] are selected on object 'Object Repository/Schedule5/Page_KDMC - CMS/select_--Select--Alcohol Rub i'

2018-05-05 19:30:04 - [TEST_STEP][PASSED] - setText: Text '5000' is set on object 'Object Repository/Schedule5/Page_KDMC - CMS/input_txttreat'

2018-05-05 19:30:04 - [MESSAGE][PASSED] - Text '5000' is set on object 'Object Repository/Schedule5/Page_KDMC - CMS/input_txttreat'

2018-05-05 19:30:04 - [TEST_STEP][PASSED] - click: Object: 'Object Repository/Schedule5/Page_KDMC - CMS/button_Add' is clicked on

2018-05-05 19:30:04 - [MESSAGE][PASSED] - Object: 'Object Repository/Schedule5/Page_KDMC - CMS/button_Add' is clicked on

2018-05-05 19:30:04 - [TEST_STEP][PASSED] - selectOptionByIndex: All options with index in [5] are selected on object 'Object Repository/Schedule5/Page_KDMC - CMS/select_--Select--Schedule 1Inj'

2018-05-05 19:30:04 - [MESSAGE][PASSED] - All options with index in [5] are selected on object 'Object Repository/Schedule5/Page_KDMC - CMS/select_--Select--Schedule 1Inj'

2018-05-05 19:30:04 - [TEST_STEP][PASSED] - selectOptionByIndex: All options with index in [10] are selected on object 'Object Repository/Schedule5/Page_KDMC - CMS/select_--Select--Alcohol Rub i'

2018-05-05 19:30:05 - [MESSAGE][PASSED] - All options with index in [10] are selected on object 'Object Repository/Schedule5/Page_KDMC - CMS/select_--Select--Alcohol Rub i'

2018-05-05 19:30:05 - [TEST_STEP][PASSED] - setText: Text '5000' is set on object 'Object Repository/Schedule5/Page_KDMC - CMS/input_txttreat'

2018-05-05 19:30:05 - [MESSAGE][PASSED] - Text '5000' is set on object 'Object Repository/Schedule5/Page_KDMC - CMS/input_txttreat'

2018-05-05 19:30:05 - [TEST_STEP][PASSED] - click: Object: 'Object Repository/Schedule5/Page_KDMC - CMS/button_Add' is clicked on

2018-05-05 19:30:05 - [MESSAGE][PASSED] - Object: 'Object Repository/Schedule5/Page_KDMC - CMS/button_Add' is clicked on

2018-05-05 19:30:05 - [TEST_STEP][PASSED] - selectOptionByIndex: All options with index in [5] are selected on object 'Object Repository/Schedule5/Page_KDMC - CMS/select_--Select--Schedule 1Inj'

2018-05-05 19:30:05 - [MESSAGE][PASSED] - All options with index in [5] are selected on object 'Object Repository/Schedule5/Page_KDMC - CMS/select_--Select--Schedule 1Inj'

2018-05-05 19:30:05 - [TEST_STEP][PASSED] - selectOptionByIndex: All options with index in [11] are selected on object 'Object Repository/Schedule5/Page_KDMC - CMS/select_--Select--Alcohol Rub i'

2018-05-05 19:30:06 - [MESSAGE][PASSED] - All options with index in [11] are selected on object 'Object Repository/Schedule5/Page_KDMC - CMS/select_--Select--Alcohol Rub i'

2018-05-05 19:30:06 - [TEST_STEP][PASSED] - setText: Text '5000' is set on object 'Object Repository/Schedule5/Page_KDMC - CMS/input_txttreat'

2018-05-05 19:30:06 - [MESSAGE][PASSED] - Text '5000' is set on object 'Object Repository/Schedule5/Page_KDMC - CMS/input_txttreat'

2018-05-05 19:30:06 - [TEST_STEP][PASSED] - click: Object: 'Object Repository/Schedule5/Page_KDMC - CMS/button_Add' is clicked on

2018-05-05 19:30:06 - [MESSAGE][PASSED] - Object: 'Object Repository/Schedule5/Page_KDMC - CMS/button_Add' is clicked on

2018-05-05 19:30:06 - [TEST_STEP][PASSED] - selectOptionByIndex: All options with index in [5] are selected on object 'Object Repository/Schedule5/Page_KDMC - CMS/select_--Select--Schedule 1Inj'

2018-05-05 19:30:06 - [MESSAGE][PASSED] - All options with index in [5] are selected on object 'Object Repository/Schedule5/Page_KDMC - CMS/select_--Select--Schedule 1Inj'

2018-05-05 19:30:06 - [TEST_STEP][PASSED] - selectOptionByIndex: All options with index in [12] are selected on object 'Object Repository/Schedule5/Page_KDMC - CMS/select_--Select--Alcohol Rub i'

2018-05-05 19:30:07 - [MESSAGE][PASSED] - All options with index in [12] are selected on object 'Object Repository/Schedule5/Page_KDMC - CMS/select_--Select--Alcohol Rub i'

2018-05-05 19:30:07 - [TEST_STEP][PASSED] - setText: Text '5000' is set on object 'Object Repository/Schedule5/Page_KDMC - CMS/input_txttreat'

2018-05-05 19:30:07 - [MESSAGE][PASSED] - Text '5000' is set on object 'Object Repository/Schedule5/Page_KDMC - CMS/input_txttreat'

2018-05-05 19:30:07 - [TEST_STEP][PASSED] - click: Object: 'Object Repository/Schedule5/Page_KDMC - CMS/button_Add' is clicked on

2018-05-05 19:30:07 - [MESSAGE][PASSED] - Object: 'Object Repository/Schedule5/Page_KDMC - CMS/button_Add' is clicked on

2018-05-05 19:30:07 - [TEST_STEP][PASSED] - selectOptionByIndex: All options with index in [5] are selected on object 'Object Repository/Schedule5/Page_KDMC - CMS/select_--Select--Schedule 1Inj'

2018-05-05 19:30:08 - [MESSAGE][PASSED] - All options with index in [5] are selected on object 'Object Repository/Schedule5/Page_KDMC - CMS/select_--Select--Schedule 1Inj'

2018-05-05 19:30:08 - [TEST_STEP][PASSED] - selectOptionByIndex: All options with index in [13] are selected on object 'Object Repository/Schedule5/Page_KDMC - CMS/select_--Select--Alcohol Rub i'

2018-05-05 19:30:08 - [MESSAGE][PASSED] - All options with index in [13] are selected on object 'Object Repository/Schedule5/Page_KDMC - CMS/select_--Select--Alcohol Rub i'

2018-05-05 19:30:08 - [TEST_STEP][PASSED] - setText: Text '5000' is set on object 'Object Repository/Schedule5/Page_KDMC - CMS/input_txttreat'

2018-05-05 19:30:08 - [MESSAGE][PASSED] - Text '5000' is set on object 'Object Repository/Schedule5/Page_KDMC - CMS/input_txttreat'

2018-05-05 19:30:08 - [TEST_STEP][PASSED] - click: Object: 'Object Repository/Schedule5/Page_KDMC - CMS/button_Add' is clicked on

2018-05-05 19:30:08 - [MESSAGE][PASSED] - Object: 'Object Repository/Schedule5/Page_KDMC - CMS/button_Add' is clicked on

2018-05-05 19:30:08 - [TEST_STEP][PASSED] - selectOptionByIndex: All options with index in [5] are selected on object 'Object Repository/Schedule5/Page_KDMC - CMS/select_--Select--Schedule 1Inj'

2018-05-05 19:30:09 - [MESSAGE][PASSED] - All options with index in [5] are selected on object 'Object Repository/Schedule5/Page_KDMC - CMS/select_--Select--Schedule 1Inj'

2018-05-05 19:30:09 - [TEST_STEP][PASSED] - selectOptionByIndex: All options with index in [14] are selected on object 'Object Repository/Schedule5/Page_KDMC - CMS/select_--Select--Alcohol Rub i'

2018-05-05 19:30:09 - [MESSAGE][PASSED] - All options with index in [14] are selected on object 'Object Repository/Schedule5/Page_KDMC - CMS/select_--Select--Alcohol Rub i'

2018-05-05 19:30:09 - [TEST_STEP][PASSED] - setText: Text '5000' is set on object 'Object Repository/Schedule5/Page_KDMC - CMS/input_txttreat'

2018-05-05 19:30:09 - [MESSAGE][PASSED] - Text '5000' is set on object 'Object Repository/Schedule5/Page_KDMC - CMS/input_txttreat'

2018-05-05 19:30:09 - [TEST_STEP][PASSED] - click: Object: 'Object Repository/Schedule5/Page_KDMC - CMS/button_Add' is clicked on

2018-05-05 19:30:10 - [MESSAGE][PASSED] - Object: 'Object Repository/Schedule5/Page_KDMC - CMS/button_Add' is clicked on

2018-05-05 19:30:10 - [TEST_STEP][PASSED] - scrollToElement: Scroll to object 'Object Repository/Schedule5/Page_KDMC - CMS/input_btnsave' successfully

2018-05-05 19:30:10 - [MESSAGE][PASSED] - Scroll to object 'Object Repository/Schedule5/Page_KDMC - CMS/input_btnsave' successfully

2018-05-05 19:30:10 - [TEST_STEP][PASSED] - click: Object: 'Object Repository/Schedule5/Page_KDMC - CMS/input_btnsave' is clicked on

2018-05-05 19:30:10 - [MESSAGE][PASSED] - Object: 'Object Repository/Schedule5/Page_KDMC - CMS/input_btnsave' is clicked on

2018-05-05 19:30:10 - [TEST_STEP][PASSED] - delay: Delayed 3 second(s)

2018-05-05 19:30:13 - [MESSAGE][PASSED] - Delayed 3 second(s)

2018-05-05 19:30:13 - [TEST_STEP][PASSED] - click: Object: 'Object Repository/Schedule5/Page_KDMC - CMS/button_OK' is clicked on

2018-05-05 19:30:13 - [MESSAGE][PASSED] - Object: 'Object Repository/Schedule5/Page_KDMC - CMS/button_OK' is clicked on

2018-05-05 19:30:13 - [TEST_STEP][PASSED] - delay: Delayed 3 second(s)

2018-05-05 19:30:16 - [MESSAGE][PASSED] - Delayed 3 second(s)

2018-05-05 19:30:16 - [TEST_STEP][PASSED] - click: Object: 'Object Repository/Schedule5/Page_KDMC - CMS/a_dropdown-toggle' is clicked on

2018-05-05 19:30:16 - [MESSAGE][PASSED] - Object: 'Object Repository/Schedule5/Page_KDMC - CMS/a_dropdown-toggle' is clicked on

2018-05-05 19:30:16 - [TEST_STEP][PASSED] - delay: Delayed 3 second(s)

2018-05-05 19:30:19 - [MESSAGE][PASSED] - Delayed 3 second(s)

2018-05-05 19:30:19 - [TEST_STEP][PASSED] - click: Object: 'Object Repository/Schedule5/Page_KDMC - CMS/a_Sign out' is clicked on

2018-05-05 19:30:20 - [MESSAGE][PASSED] - Object: 'Object Repository/Schedule5/Page_KDMC - CMS/a_Sign out' is clicked on

2018-05-05 19:30:20 - [TEST_STEP][PASSED] - closeBrowser: Browser is closed

2018-05-05 19:30:20 - [MESSAGE][PASSED] - Browser is closed]]></system-out>
         <system-err><![CDATA[]]></system-err>
      </testcase>
      <testcase name="Test Cases/MOH TO CMS REQUEST/MohRequestSchedule6" classname="Test Cases/MOH TO CMS REQUEST/MohRequestSchedule6" status="PASSED">
         <system-out><![CDATA[2018-05-05 19:30:20 - [TEST_CASE][PASSED] - Test Cases/MOH TO CMS REQUEST/MohRequestSchedule6: Test Cases/MOH TO CMS REQUEST/MohRequestSchedule6

2018-05-05 19:30:20 - [TEST_STEP][PASSED] - openBrowser: Browser is opened with url: ''

2018-05-05 19:30:22 - [MESSAGE][PASSED] - Browser is opened with url: ''

2018-05-05 19:30:22 - [TEST_STEP][PASSED] - navigateToUrl: Navigate to 'http://192.168.137.1/multihospital_new/' successfully

2018-05-05 19:30:24 - [MESSAGE][PASSED] - Navigate to 'http://192.168.137.1/multihospital_new/' successfully

2018-05-05 19:30:24 - [TEST_STEP][PASSED] - maximizeWindow: Current window maximized

2018-05-05 19:30:26 - [MESSAGE][PASSED] - Current window maximized

2018-05-05 19:30:26 - [TEST_STEP][PASSED] - click: Object: 'Object Repository/Schedule6/Page_KDMC/a_CMS' is clicked on

2018-05-05 19:30:26 - [MESSAGE][PASSED] - Object: 'Object Repository/Schedule6/Page_KDMC/a_CMS' is clicked on

2018-05-05 19:30:26 - [TEST_STEP][PASSED] - setText: Text 'bala' is set on object 'Object Repository/Schedule6/Page_CMS login/input_txtusername'

2018-05-05 19:30:26 - [MESSAGE][PASSED] - Text 'bala' is set on object 'Object Repository/Schedule6/Page_CMS login/input_txtusername'

2018-05-05 19:30:26 - [TEST_STEP][PASSED] - setText: Text '123' is set on object 'Object Repository/Schedule6/Page_CMS login/input_txtpassword'

2018-05-05 19:30:26 - [MESSAGE][PASSED] - Text '123' is set on object 'Object Repository/Schedule6/Page_CMS login/input_txtpassword'

2018-05-05 19:30:26 - [TEST_STEP][PASSED] - delay: Delayed 3 second(s)

2018-05-05 19:30:29 - [MESSAGE][PASSED] - Delayed 3 second(s)

2018-05-05 19:30:29 - [TEST_STEP][PASSED] - click: Object: 'Object Repository/Schedule6/Page_CMS login/button_Sign in' is clicked on

2018-05-05 19:30:30 - [MESSAGE][PASSED] - Object: 'Object Repository/Schedule6/Page_CMS login/button_Sign in' is clicked on

2018-05-05 19:30:30 - [TEST_STEP][PASSED] - click: Object: 'Object Repository/Schedule6/Page_KDMC - CMS/a_Request to MOH' is clicked on

2018-05-05 19:30:31 - [MESSAGE][PASSED] - Object: 'Object Repository/Schedule6/Page_KDMC - CMS/a_Request to MOH' is clicked on

2018-05-05 19:30:31 - [TEST_STEP][PASSED] - selectOptionByValue: All options with value 'Quarterly' are selected in object 'Object Repository/Schedule6/Page_KDMC - CMS/select_--Select--'  using regular expression

2018-05-05 19:30:31 - [MESSAGE][PASSED] - All options with value 'Quarterly' are selected in object 'Object Repository/Schedule6/Page_KDMC - CMS/select_--Select--'  using regular expression

2018-05-05 19:30:31 - [TEST_STEP][PASSED] - selectOptionByValue: All options with value '6' are selected in object 'Object Repository/Schedule6/Page_KDMC - CMS/select_--Select--Schedule 1Inj'  using regular expression

2018-05-05 19:30:31 - [MESSAGE][PASSED] - All options with value '6' are selected in object 'Object Repository/Schedule6/Page_KDMC - CMS/select_--Select--Schedule 1Inj'  using regular expression

2018-05-05 19:30:31 - [TEST_STEP][PASSED] - Statement - SelectedOptions = com.kms.katalon.core.webui.keyword.WebUiBuiltInKeywords.getNumberOfTotalOption(com.kms.katalon.core.testobject.ObjectRepository.findTestObject(Schedule6/Page_KDMC - CMS/select_--Select--Albumin kit ()): 14 options of object 'Object Repository/Schedule6/Page_KDMC - CMS/select_--Select--Albumin kit (' counted

2018-05-05 19:30:31 - [MESSAGE][PASSED] - 14 options of object 'Object Repository/Schedule6/Page_KDMC - CMS/select_--Select--Albumin kit (' counted

2018-05-05 19:30:31 - [TEST_STEP][PASSED] - Statement - For ([w = 1, w < SelectedOptions, (w++)]): Object: 'Object Repository/Schedule6/Page_KDMC - CMS/button_Add' is clicked on

2018-05-05 19:30:31 - [TEST_STEP][PASSED] - selectOptionByValue: All options with value '6' are selected in object 'Object Repository/Schedule6/Page_KDMC - CMS/select_--Select--Schedule 1Inj'  using regular expression

2018-05-05 19:30:31 - [MESSAGE][PASSED] - All options with value '6' are selected in object 'Object Repository/Schedule6/Page_KDMC - CMS/select_--Select--Schedule 1Inj'  using regular expression

2018-05-05 19:30:31 - [TEST_STEP][PASSED] - selectOptionByIndex: All options with index in [1] are selected on object 'Object Repository/Schedule6/Page_KDMC - CMS/select_--Select--Albumin kit ('

2018-05-05 19:30:32 - [MESSAGE][PASSED] - All options with index in [1] are selected on object 'Object Repository/Schedule6/Page_KDMC - CMS/select_--Select--Albumin kit ('

2018-05-05 19:30:32 - [TEST_STEP][PASSED] - setText: Text '100' is set on object 'Object Repository/Schedule6/Page_KDMC - CMS/input_txttreat'

2018-05-05 19:30:32 - [MESSAGE][PASSED] - Text '100' is set on object 'Object Repository/Schedule6/Page_KDMC - CMS/input_txttreat'

2018-05-05 19:30:32 - [TEST_STEP][PASSED] - click: Object: 'Object Repository/Schedule6/Page_KDMC - CMS/button_Add' is clicked on

2018-05-05 19:30:32 - [MESSAGE][PASSED] - Object: 'Object Repository/Schedule6/Page_KDMC - CMS/button_Add' is clicked on

2018-05-05 19:30:32 - [TEST_STEP][PASSED] - selectOptionByValue: All options with value '6' are selected in object 'Object Repository/Schedule6/Page_KDMC - CMS/select_--Select--Schedule 1Inj'  using regular expression

2018-05-05 19:30:32 - [MESSAGE][PASSED] - All options with value '6' are selected in object 'Object Repository/Schedule6/Page_KDMC - CMS/select_--Select--Schedule 1Inj'  using regular expression

2018-05-05 19:30:32 - [TEST_STEP][PASSED] - selectOptionByIndex: All options with index in [2] are selected on object 'Object Repository/Schedule6/Page_KDMC - CMS/select_--Select--Albumin kit ('

2018-05-05 19:30:32 - [MESSAGE][PASSED] - All options with index in [2] are selected on object 'Object Repository/Schedule6/Page_KDMC - CMS/select_--Select--Albumin kit ('

2018-05-05 19:30:32 - [TEST_STEP][PASSED] - setText: Text '100' is set on object 'Object Repository/Schedule6/Page_KDMC - CMS/input_txttreat'

2018-05-05 19:30:32 - [MESSAGE][PASSED] - Text '100' is set on object 'Object Repository/Schedule6/Page_KDMC - CMS/input_txttreat'

2018-05-05 19:30:32 - [TEST_STEP][PASSED] - click: Object: 'Object Repository/Schedule6/Page_KDMC - CMS/button_Add' is clicked on

2018-05-05 19:30:32 - [MESSAGE][PASSED] - Object: 'Object Repository/Schedule6/Page_KDMC - CMS/button_Add' is clicked on

2018-05-05 19:30:32 - [TEST_STEP][PASSED] - selectOptionByValue: All options with value '6' are selected in object 'Object Repository/Schedule6/Page_KDMC - CMS/select_--Select--Schedule 1Inj'  using regular expression

2018-05-05 19:30:33 - [MESSAGE][PASSED] - All options with value '6' are selected in object 'Object Repository/Schedule6/Page_KDMC - CMS/select_--Select--Schedule 1Inj'  using regular expression

2018-05-05 19:30:33 - [TEST_STEP][PASSED] - selectOptionByIndex: All options with index in [3] are selected on object 'Object Repository/Schedule6/Page_KDMC - CMS/select_--Select--Albumin kit ('

2018-05-05 19:30:33 - [MESSAGE][PASSED] - All options with index in [3] are selected on object 'Object Repository/Schedule6/Page_KDMC - CMS/select_--Select--Albumin kit ('

2018-05-05 19:30:33 - [TEST_STEP][PASSED] - setText: Text '100' is set on object 'Object Repository/Schedule6/Page_KDMC - CMS/input_txttreat'

2018-05-05 19:30:33 - [MESSAGE][PASSED] - Text '100' is set on object 'Object Repository/Schedule6/Page_KDMC - CMS/input_txttreat'

2018-05-05 19:30:33 - [TEST_STEP][PASSED] - click: Object: 'Object Repository/Schedule6/Page_KDMC - CMS/button_Add' is clicked on

2018-05-05 19:30:33 - [MESSAGE][PASSED] - Object: 'Object Repository/Schedule6/Page_KDMC - CMS/button_Add' is clicked on

2018-05-05 19:30:33 - [TEST_STEP][PASSED] - selectOptionByValue: All options with value '6' are selected in object 'Object Repository/Schedule6/Page_KDMC - CMS/select_--Select--Schedule 1Inj'  using regular expression

2018-05-05 19:30:33 - [MESSAGE][PASSED] - All options with value '6' are selected in object 'Object Repository/Schedule6/Page_KDMC - CMS/select_--Select--Schedule 1Inj'  using regular expression

2018-05-05 19:30:33 - [TEST_STEP][PASSED] - selectOptionByIndex: All options with index in [4] are selected on object 'Object Repository/Schedule6/Page_KDMC - CMS/select_--Select--Albumin kit ('

2018-05-05 19:30:33 - [MESSAGE][PASSED] - All options with index in [4] are selected on object 'Object Repository/Schedule6/Page_KDMC - CMS/select_--Select--Albumin kit ('

2018-05-05 19:30:33 - [TEST_STEP][PASSED] - setText: Text '100' is set on object 'Object Repository/Schedule6/Page_KDMC - CMS/input_txttreat'

2018-05-05 19:30:33 - [MESSAGE][PASSED] - Text '100' is set on object 'Object Repository/Schedule6/Page_KDMC - CMS/input_txttreat'

2018-05-05 19:30:33 - [TEST_STEP][PASSED] - click: Object: 'Object Repository/Schedule6/Page_KDMC - CMS/button_Add' is clicked on

2018-05-05 19:30:33 - [MESSAGE][PASSED] - Object: 'Object Repository/Schedule6/Page_KDMC - CMS/button_Add' is clicked on

2018-05-05 19:30:33 - [TEST_STEP][PASSED] - selectOptionByValue: All options with value '6' are selected in object 'Object Repository/Schedule6/Page_KDMC - CMS/select_--Select--Schedule 1Inj'  using regular expression

2018-05-05 19:30:34 - [MESSAGE][PASSED] - All options with value '6' are selected in object 'Object Repository/Schedule6/Page_KDMC - CMS/select_--Select--Schedule 1Inj'  using regular expression

2018-05-05 19:30:34 - [TEST_STEP][PASSED] - selectOptionByIndex: All options with index in [5] are selected on object 'Object Repository/Schedule6/Page_KDMC - CMS/select_--Select--Albumin kit ('

2018-05-05 19:30:34 - [MESSAGE][PASSED] - All options with index in [5] are selected on object 'Object Repository/Schedule6/Page_KDMC - CMS/select_--Select--Albumin kit ('

2018-05-05 19:30:34 - [TEST_STEP][PASSED] - setText: Text '100' is set on object 'Object Repository/Schedule6/Page_KDMC - CMS/input_txttreat'

2018-05-05 19:30:34 - [MESSAGE][PASSED] - Text '100' is set on object 'Object Repository/Schedule6/Page_KDMC - CMS/input_txttreat'

2018-05-05 19:30:34 - [TEST_STEP][PASSED] - click: Object: 'Object Repository/Schedule6/Page_KDMC - CMS/button_Add' is clicked on

2018-05-05 19:30:34 - [MESSAGE][PASSED] - Object: 'Object Repository/Schedule6/Page_KDMC - CMS/button_Add' is clicked on

2018-05-05 19:30:34 - [TEST_STEP][PASSED] - selectOptionByValue: All options with value '6' are selected in object 'Object Repository/Schedule6/Page_KDMC - CMS/select_--Select--Schedule 1Inj'  using regular expression

2018-05-05 19:30:34 - [MESSAGE][PASSED] - All options with value '6' are selected in object 'Object Repository/Schedule6/Page_KDMC - CMS/select_--Select--Schedule 1Inj'  using regular expression

2018-05-05 19:30:34 - [TEST_STEP][PASSED] - selectOptionByIndex: All options with index in [6] are selected on object 'Object Repository/Schedule6/Page_KDMC - CMS/select_--Select--Albumin kit ('

2018-05-05 19:30:35 - [MESSAGE][PASSED] - All options with index in [6] are selected on object 'Object Repository/Schedule6/Page_KDMC - CMS/select_--Select--Albumin kit ('

2018-05-05 19:30:35 - [TEST_STEP][PASSED] - setText: Text '100' is set on object 'Object Repository/Schedule6/Page_KDMC - CMS/input_txttreat'

2018-05-05 19:30:35 - [MESSAGE][PASSED] - Text '100' is set on object 'Object Repository/Schedule6/Page_KDMC - CMS/input_txttreat'

2018-05-05 19:30:35 - [TEST_STEP][PASSED] - click: Object: 'Object Repository/Schedule6/Page_KDMC - CMS/button_Add' is clicked on

2018-05-05 19:30:35 - [MESSAGE][PASSED] - Object: 'Object Repository/Schedule6/Page_KDMC - CMS/button_Add' is clicked on

2018-05-05 19:30:35 - [TEST_STEP][PASSED] - selectOptionByValue: All options with value '6' are selected in object 'Object Repository/Schedule6/Page_KDMC - CMS/select_--Select--Schedule 1Inj'  using regular expression

2018-05-05 19:30:35 - [MESSAGE][PASSED] - All options with value '6' are selected in object 'Object Repository/Schedule6/Page_KDMC - CMS/select_--Select--Schedule 1Inj'  using regular expression

2018-05-05 19:30:35 - [TEST_STEP][PASSED] - selectOptionByIndex: All options with index in [7] are selected on object 'Object Repository/Schedule6/Page_KDMC - CMS/select_--Select--Albumin kit ('

2018-05-05 19:30:35 - [MESSAGE][PASSED] - All options with index in [7] are selected on object 'Object Repository/Schedule6/Page_KDMC - CMS/select_--Select--Albumin kit ('

2018-05-05 19:30:35 - [TEST_STEP][PASSED] - setText: Text '100' is set on object 'Object Repository/Schedule6/Page_KDMC - CMS/input_txttreat'

2018-05-05 19:30:35 - [MESSAGE][PASSED] - Text '100' is set on object 'Object Repository/Schedule6/Page_KDMC - CMS/input_txttreat'

2018-05-05 19:30:35 - [TEST_STEP][PASSED] - click: Object: 'Object Repository/Schedule6/Page_KDMC - CMS/button_Add' is clicked on

2018-05-05 19:30:35 - [MESSAGE][PASSED] - Object: 'Object Repository/Schedule6/Page_KDMC - CMS/button_Add' is clicked on

2018-05-05 19:30:35 - [TEST_STEP][PASSED] - selectOptionByValue: All options with value '6' are selected in object 'Object Repository/Schedule6/Page_KDMC - CMS/select_--Select--Schedule 1Inj'  using regular expression

2018-05-05 19:30:36 - [MESSAGE][PASSED] - All options with value '6' are selected in object 'Object Repository/Schedule6/Page_KDMC - CMS/select_--Select--Schedule 1Inj'  using regular expression

2018-05-05 19:30:36 - [TEST_STEP][PASSED] - selectOptionByIndex: All options with index in [8] are selected on object 'Object Repository/Schedule6/Page_KDMC - CMS/select_--Select--Albumin kit ('

2018-05-05 19:30:36 - [MESSAGE][PASSED] - All options with index in [8] are selected on object 'Object Repository/Schedule6/Page_KDMC - CMS/select_--Select--Albumin kit ('

2018-05-05 19:30:36 - [TEST_STEP][PASSED] - setText: Text '100' is set on object 'Object Repository/Schedule6/Page_KDMC - CMS/input_txttreat'

2018-05-05 19:30:36 - [MESSAGE][PASSED] - Text '100' is set on object 'Object Repository/Schedule6/Page_KDMC - CMS/input_txttreat'

2018-05-05 19:30:36 - [TEST_STEP][PASSED] - click: Object: 'Object Repository/Schedule6/Page_KDMC - CMS/button_Add' is clicked on

2018-05-05 19:30:36 - [MESSAGE][PASSED] - Object: 'Object Repository/Schedule6/Page_KDMC - CMS/button_Add' is clicked on

2018-05-05 19:30:36 - [TEST_STEP][PASSED] - selectOptionByValue: All options with value '6' are selected in object 'Object Repository/Schedule6/Page_KDMC - CMS/select_--Select--Schedule 1Inj'  using regular expression

2018-05-05 19:30:36 - [MESSAGE][PASSED] - All options with value '6' are selected in object 'Object Repository/Schedule6/Page_KDMC - CMS/select_--Select--Schedule 1Inj'  using regular expression

2018-05-05 19:30:36 - [TEST_STEP][PASSED] - selectOptionByIndex: All options with index in [9] are selected on object 'Object Repository/Schedule6/Page_KDMC - CMS/select_--Select--Albumin kit ('

2018-05-05 19:30:36 - [MESSAGE][PASSED] - All options with index in [9] are selected on object 'Object Repository/Schedule6/Page_KDMC - CMS/select_--Select--Albumin kit ('

2018-05-05 19:30:36 - [TEST_STEP][PASSED] - setText: Text '100' is set on object 'Object Repository/Schedule6/Page_KDMC - CMS/input_txttreat'

2018-05-05 19:30:36 - [MESSAGE][PASSED] - Text '100' is set on object 'Object Repository/Schedule6/Page_KDMC - CMS/input_txttreat'

2018-05-05 19:30:36 - [TEST_STEP][PASSED] - click: Object: 'Object Repository/Schedule6/Page_KDMC - CMS/button_Add' is clicked on

2018-05-05 19:30:37 - [MESSAGE][PASSED] - Object: 'Object Repository/Schedule6/Page_KDMC - CMS/button_Add' is clicked on

2018-05-05 19:30:37 - [TEST_STEP][PASSED] - selectOptionByValue: All options with value '6' are selected in object 'Object Repository/Schedule6/Page_KDMC - CMS/select_--Select--Schedule 1Inj'  using regular expression

2018-05-05 19:30:37 - [MESSAGE][PASSED] - All options with value '6' are selected in object 'Object Repository/Schedule6/Page_KDMC - CMS/select_--Select--Schedule 1Inj'  using regular expression

2018-05-05 19:30:37 - [TEST_STEP][PASSED] - selectOptionByIndex: All options with index in [10] are selected on object 'Object Repository/Schedule6/Page_KDMC - CMS/select_--Select--Albumin kit ('

2018-05-05 19:30:37 - [MESSAGE][PASSED] - All options with index in [10] are selected on object 'Object Repository/Schedule6/Page_KDMC - CMS/select_--Select--Albumin kit ('

2018-05-05 19:30:37 - [TEST_STEP][PASSED] - setText: Text '100' is set on object 'Object Repository/Schedule6/Page_KDMC - CMS/input_txttreat'

2018-05-05 19:30:37 - [MESSAGE][PASSED] - Text '100' is set on object 'Object Repository/Schedule6/Page_KDMC - CMS/input_txttreat'

2018-05-05 19:30:37 - [TEST_STEP][PASSED] - click: Object: 'Object Repository/Schedule6/Page_KDMC - CMS/button_Add' is clicked on

2018-05-05 19:30:37 - [MESSAGE][PASSED] - Object: 'Object Repository/Schedule6/Page_KDMC - CMS/button_Add' is clicked on

2018-05-05 19:30:37 - [TEST_STEP][PASSED] - selectOptionByValue: All options with value '6' are selected in object 'Object Repository/Schedule6/Page_KDMC - CMS/select_--Select--Schedule 1Inj'  using regular expression

2018-05-05 19:30:37 - [MESSAGE][PASSED] - All options with value '6' are selected in object 'Object Repository/Schedule6/Page_KDMC - CMS/select_--Select--Schedule 1Inj'  using regular expression

2018-05-05 19:30:37 - [TEST_STEP][PASSED] - selectOptionByIndex: All options with index in [11] are selected on object 'Object Repository/Schedule6/Page_KDMC - CMS/select_--Select--Albumin kit ('

2018-05-05 19:30:38 - [MESSAGE][PASSED] - All options with index in [11] are selected on object 'Object Repository/Schedule6/Page_KDMC - CMS/select_--Select--Albumin kit ('

2018-05-05 19:30:38 - [TEST_STEP][PASSED] - setText: Text '100' is set on object 'Object Repository/Schedule6/Page_KDMC - CMS/input_txttreat'

2018-05-05 19:30:38 - [MESSAGE][PASSED] - Text '100' is set on object 'Object Repository/Schedule6/Page_KDMC - CMS/input_txttreat'

2018-05-05 19:30:38 - [TEST_STEP][PASSED] - click: Object: 'Object Repository/Schedule6/Page_KDMC - CMS/button_Add' is clicked on

2018-05-05 19:30:38 - [MESSAGE][PASSED] - Object: 'Object Repository/Schedule6/Page_KDMC - CMS/button_Add' is clicked on

2018-05-05 19:30:38 - [TEST_STEP][PASSED] - selectOptionByValue: All options with value '6' are selected in object 'Object Repository/Schedule6/Page_KDMC - CMS/select_--Select--Schedule 1Inj'  using regular expression

2018-05-05 19:30:38 - [MESSAGE][PASSED] - All options with value '6' are selected in object 'Object Repository/Schedule6/Page_KDMC - CMS/select_--Select--Schedule 1Inj'  using regular expression

2018-05-05 19:30:38 - [TEST_STEP][PASSED] - selectOptionByIndex: All options with index in [12] are selected on object 'Object Repository/Schedule6/Page_KDMC - CMS/select_--Select--Albumin kit ('

2018-05-05 19:30:38 - [MESSAGE][PASSED] - All options with index in [12] are selected on object 'Object Repository/Schedule6/Page_KDMC - CMS/select_--Select--Albumin kit ('

2018-05-05 19:30:38 - [TEST_STEP][PASSED] - setText: Text '100' is set on object 'Object Repository/Schedule6/Page_KDMC - CMS/input_txttreat'

2018-05-05 19:30:38 - [MESSAGE][PASSED] - Text '100' is set on object 'Object Repository/Schedule6/Page_KDMC - CMS/input_txttreat'

2018-05-05 19:30:38 - [TEST_STEP][PASSED] - click: Object: 'Object Repository/Schedule6/Page_KDMC - CMS/button_Add' is clicked on

2018-05-05 19:30:38 - [MESSAGE][PASSED] - Object: 'Object Repository/Schedule6/Page_KDMC - CMS/button_Add' is clicked on

2018-05-05 19:30:38 - [TEST_STEP][PASSED] - selectOptionByValue: All options with value '6' are selected in object 'Object Repository/Schedule6/Page_KDMC - CMS/select_--Select--Schedule 1Inj'  using regular expression

2018-05-05 19:30:39 - [MESSAGE][PASSED] - All options with value '6' are selected in object 'Object Repository/Schedule6/Page_KDMC - CMS/select_--Select--Schedule 1Inj'  using regular expression

2018-05-05 19:30:39 - [TEST_STEP][PASSED] - selectOptionByIndex: All options with index in [13] are selected on object 'Object Repository/Schedule6/Page_KDMC - CMS/select_--Select--Albumin kit ('

2018-05-05 19:30:39 - [MESSAGE][PASSED] - All options with index in [13] are selected on object 'Object Repository/Schedule6/Page_KDMC - CMS/select_--Select--Albumin kit ('

2018-05-05 19:30:39 - [TEST_STEP][PASSED] - setText: Text '100' is set on object 'Object Repository/Schedule6/Page_KDMC - CMS/input_txttreat'

2018-05-05 19:30:39 - [MESSAGE][PASSED] - Text '100' is set on object 'Object Repository/Schedule6/Page_KDMC - CMS/input_txttreat'

2018-05-05 19:30:39 - [TEST_STEP][PASSED] - click: Object: 'Object Repository/Schedule6/Page_KDMC - CMS/button_Add' is clicked on

2018-05-05 19:30:39 - [MESSAGE][PASSED] - Object: 'Object Repository/Schedule6/Page_KDMC - CMS/button_Add' is clicked on

2018-05-05 19:30:39 - [TEST_STEP][PASSED] - scrollToElement: Scroll to object 'Object Repository/Schedule6/Page_KDMC - CMS/input_btnsave' successfully

2018-05-05 19:30:39 - [MESSAGE][PASSED] - Scroll to object 'Object Repository/Schedule6/Page_KDMC - CMS/input_btnsave' successfully

2018-05-05 19:30:39 - [TEST_STEP][PASSED] - click: Object: 'Object Repository/Schedule6/Page_KDMC - CMS/input_btnsave' is clicked on

2018-05-05 19:30:39 - [MESSAGE][PASSED] - Object: 'Object Repository/Schedule6/Page_KDMC - CMS/input_btnsave' is clicked on

2018-05-05 19:30:39 - [TEST_STEP][PASSED] - delay: Delayed 3 second(s)

2018-05-05 19:30:42 - [MESSAGE][PASSED] - Delayed 3 second(s)

2018-05-05 19:30:42 - [TEST_STEP][PASSED] - click: Object: 'Object Repository/Schedule6/Page_KDMC - CMS/button_OK' is clicked on

2018-05-05 19:30:43 - [MESSAGE][PASSED] - Object: 'Object Repository/Schedule6/Page_KDMC - CMS/button_OK' is clicked on

2018-05-05 19:30:43 - [TEST_STEP][PASSED] - delay: Delayed 3 second(s)

2018-05-05 19:30:46 - [MESSAGE][PASSED] - Delayed 3 second(s)

2018-05-05 19:30:46 - [TEST_STEP][PASSED] - click: Object: 'Object Repository/Schedule6/Page_KDMC - CMS/a_dropdown-toggle' is clicked on

2018-05-05 19:30:46 - [MESSAGE][PASSED] - Object: 'Object Repository/Schedule6/Page_KDMC - CMS/a_dropdown-toggle' is clicked on

2018-05-05 19:30:46 - [TEST_STEP][PASSED] - delay: Delayed 3 second(s)

2018-05-05 19:30:49 - [MESSAGE][PASSED] - Delayed 3 second(s)

2018-05-05 19:30:49 - [TEST_STEP][PASSED] - click: Object: 'Object Repository/Schedule6/Page_KDMC - CMS/a_Sign out' is clicked on

2018-05-05 19:30:49 - [MESSAGE][PASSED] - Object: 'Object Repository/Schedule6/Page_KDMC - CMS/a_Sign out' is clicked on

2018-05-05 19:30:49 - [TEST_STEP][PASSED] - closeBrowser: Browser is closed

2018-05-05 19:30:50 - [MESSAGE][PASSED] - Browser is closed]]></system-out>
         <system-err><![CDATA[]]></system-err>
      </testcase>
      <testcase name="Test Cases/MOH TO CMS REQUEST/MohRequestSchedule7" classname="Test Cases/MOH TO CMS REQUEST/MohRequestSchedule7" status="PASSED">
         <system-out><![CDATA[2018-05-05 19:30:50 - [TEST_CASE][PASSED] - Test Cases/MOH TO CMS REQUEST/MohRequestSchedule7: Test Cases/MOH TO CMS REQUEST/MohRequestSchedule7

2018-05-05 19:30:50 - [TEST_STEP][PASSED] - openBrowser: Browser is opened with url: ''

2018-05-05 19:30:52 - [MESSAGE][PASSED] - Browser is opened with url: ''

2018-05-05 19:30:52 - [TEST_STEP][PASSED] - navigateToUrl: Navigate to 'http://192.168.137.1/multihospital_new/' successfully

2018-05-05 19:30:54 - [MESSAGE][PASSED] - Navigate to 'http://192.168.137.1/multihospital_new/' successfully

2018-05-05 19:30:54 - [TEST_STEP][PASSED] - maximizeWindow: Current window maximized

2018-05-05 19:30:55 - [MESSAGE][PASSED] - Current window maximized

2018-05-05 19:30:55 - [TEST_STEP][PASSED] - click: Object: 'Object Repository/Schedule7/Page_KDMC/a_CMS' is clicked on

2018-05-05 19:30:56 - [MESSAGE][PASSED] - Object: 'Object Repository/Schedule7/Page_KDMC/a_CMS' is clicked on

2018-05-05 19:30:56 - [TEST_STEP][PASSED] - setText: Text 'bala' is set on object 'Object Repository/Schedule7/Page_CMS login/input_txtusername'

2018-05-05 19:30:56 - [MESSAGE][PASSED] - Text 'bala' is set on object 'Object Repository/Schedule7/Page_CMS login/input_txtusername'

2018-05-05 19:30:56 - [TEST_STEP][PASSED] - setText: Text '123' is set on object 'Object Repository/Schedule7/Page_CMS login/input_txtpassword'

2018-05-05 19:30:56 - [MESSAGE][PASSED] - Text '123' is set on object 'Object Repository/Schedule7/Page_CMS login/input_txtpassword'

2018-05-05 19:30:56 - [TEST_STEP][PASSED] - delay: Delayed 3 second(s)

2018-05-05 19:30:59 - [MESSAGE][PASSED] - Delayed 3 second(s)

2018-05-05 19:30:59 - [TEST_STEP][PASSED] - click: Object: 'Object Repository/Schedule6/Page_CMS login/button_Sign in' is clicked on

2018-05-05 19:31:00 - [MESSAGE][PASSED] - Object: 'Object Repository/Schedule6/Page_CMS login/button_Sign in' is clicked on

2018-05-05 19:31:00 - [TEST_STEP][PASSED] - click: Object: 'Object Repository/Schedule7/Page_KDMC - CMS/a_Request to MOH' is clicked on

2018-05-05 19:31:00 - [MESSAGE][PASSED] - Object: 'Object Repository/Schedule7/Page_KDMC - CMS/a_Request to MOH' is clicked on

2018-05-05 19:31:00 - [TEST_STEP][PASSED] - selectOptionByIndex: All options with index in [1] are selected on object 'Object Repository/Schedule7/Page_KDMC - CMS/select_--Select--'

2018-05-05 19:31:00 - [MESSAGE][PASSED] - All options with index in [1] are selected on object 'Object Repository/Schedule7/Page_KDMC - CMS/select_--Select--'

2018-05-05 19:31:00 - [TEST_STEP][PASSED] - selectOptionByIndex: All options with index in [7] are selected on object 'Object Repository/Schedule7/Page_KDMC - CMS/select_--Select--Schedule 1Inj'

2018-05-05 19:31:01 - [MESSAGE][PASSED] - All options with index in [7] are selected on object 'Object Repository/Schedule7/Page_KDMC - CMS/select_--Select--Schedule 1Inj'

2018-05-05 19:31:01 - [TEST_STEP][PASSED] - Statement - SelectedOptions = com.kms.katalon.core.webui.keyword.WebUiBuiltInKeywords.getNumberOfTotalOption(com.kms.katalon.core.testobject.ObjectRepository.findTestObject(Schedule7/Page_KDMC - CMS/select_--Select--Absorbable su)): 24 options of object 'Object Repository/Schedule7/Page_KDMC - CMS/select_--Select--Absorbable su' counted

2018-05-05 19:31:01 - [MESSAGE][PASSED] - 24 options of object 'Object Repository/Schedule7/Page_KDMC - CMS/select_--Select--Absorbable su' counted

2018-05-05 19:31:01 - [TEST_STEP][PASSED] - Statement - For ([w = 1, w < SelectedOptions, (w++)]): Object: 'Object Repository/Schedule7/Page_KDMC - CMS/button_Add' is clicked on

2018-05-05 19:31:01 - [TEST_STEP][PASSED] - selectOptionByIndex: All options with index in [7] are selected on object 'Object Repository/Schedule7/Page_KDMC - CMS/select_--Select--Schedule 1Inj'

2018-05-05 19:31:01 - [MESSAGE][PASSED] - All options with index in [7] are selected on object 'Object Repository/Schedule7/Page_KDMC - CMS/select_--Select--Schedule 1Inj'

2018-05-05 19:31:01 - [TEST_STEP][PASSED] - selectOptionByIndex: All options with index in [1] are selected on object 'Object Repository/Schedule7/Page_KDMC - CMS/select_--Select--Absorbable su'

2018-05-05 19:31:01 - [MESSAGE][PASSED] - All options with index in [1] are selected on object 'Object Repository/Schedule7/Page_KDMC - CMS/select_--Select--Absorbable su'

2018-05-05 19:31:01 - [TEST_STEP][PASSED] - setText: Text '500' is set on object 'Object Repository/Schedule7/Page_KDMC - CMS/input_txttreat'

2018-05-05 19:31:01 - [MESSAGE][PASSED] - Text '500' is set on object 'Object Repository/Schedule7/Page_KDMC - CMS/input_txttreat'

2018-05-05 19:31:01 - [TEST_STEP][PASSED] - delay: Delayed 1 second(s)

2018-05-05 19:31:02 - [MESSAGE][PASSED] - Delayed 1 second(s)

2018-05-05 19:31:02 - [TEST_STEP][PASSED] - click: Object: 'Object Repository/Schedule7/Page_KDMC - CMS/button_Add' is clicked on

2018-05-05 19:31:02 - [MESSAGE][PASSED] - Object: 'Object Repository/Schedule7/Page_KDMC - CMS/button_Add' is clicked on

2018-05-05 19:31:02 - [TEST_STEP][PASSED] - selectOptionByIndex: All options with index in [7] are selected on object 'Object Repository/Schedule7/Page_KDMC - CMS/select_--Select--Schedule 1Inj'

2018-05-05 19:31:02 - [MESSAGE][PASSED] - All options with index in [7] are selected on object 'Object Repository/Schedule7/Page_KDMC - CMS/select_--Select--Schedule 1Inj'

2018-05-05 19:31:02 - [TEST_STEP][PASSED] - selectOptionByIndex: All options with index in [2] are selected on object 'Object Repository/Schedule7/Page_KDMC - CMS/select_--Select--Absorbable su'

2018-05-05 19:31:03 - [MESSAGE][PASSED] - All options with index in [2] are selected on object 'Object Repository/Schedule7/Page_KDMC - CMS/select_--Select--Absorbable su'

2018-05-05 19:31:03 - [TEST_STEP][PASSED] - setText: Text '500' is set on object 'Object Repository/Schedule7/Page_KDMC - CMS/input_txttreat'

2018-05-05 19:31:03 - [MESSAGE][PASSED] - Text '500' is set on object 'Object Repository/Schedule7/Page_KDMC - CMS/input_txttreat'

2018-05-05 19:31:03 - [TEST_STEP][PASSED] - delay: Delayed 1 second(s)

2018-05-05 19:31:04 - [MESSAGE][PASSED] - Delayed 1 second(s)

2018-05-05 19:31:04 - [TEST_STEP][PASSED] - click: Object: 'Object Repository/Schedule7/Page_KDMC - CMS/button_Add' is clicked on

2018-05-05 19:31:04 - [MESSAGE][PASSED] - Object: 'Object Repository/Schedule7/Page_KDMC - CMS/button_Add' is clicked on

2018-05-05 19:31:04 - [TEST_STEP][PASSED] - selectOptionByIndex: All options with index in [7] are selected on object 'Object Repository/Schedule7/Page_KDMC - CMS/select_--Select--Schedule 1Inj'

2018-05-05 19:31:04 - [MESSAGE][PASSED] - All options with index in [7] are selected on object 'Object Repository/Schedule7/Page_KDMC - CMS/select_--Select--Schedule 1Inj'

2018-05-05 19:31:04 - [TEST_STEP][PASSED] - selectOptionByIndex: All options with index in [3] are selected on object 'Object Repository/Schedule7/Page_KDMC - CMS/select_--Select--Absorbable su'

2018-05-05 19:31:05 - [MESSAGE][PASSED] - All options with index in [3] are selected on object 'Object Repository/Schedule7/Page_KDMC - CMS/select_--Select--Absorbable su'

2018-05-05 19:31:05 - [TEST_STEP][PASSED] - setText: Text '500' is set on object 'Object Repository/Schedule7/Page_KDMC - CMS/input_txttreat'

2018-05-05 19:31:05 - [MESSAGE][PASSED] - Text '500' is set on object 'Object Repository/Schedule7/Page_KDMC - CMS/input_txttreat'

2018-05-05 19:31:05 - [TEST_STEP][PASSED] - delay: Delayed 1 second(s)

2018-05-05 19:31:06 - [MESSAGE][PASSED] - Delayed 1 second(s)

2018-05-05 19:31:06 - [TEST_STEP][PASSED] - click: Object: 'Object Repository/Schedule7/Page_KDMC - CMS/button_Add' is clicked on

2018-05-05 19:31:06 - [MESSAGE][PASSED] - Object: 'Object Repository/Schedule7/Page_KDMC - CMS/button_Add' is clicked on

2018-05-05 19:31:06 - [TEST_STEP][PASSED] - selectOptionByIndex: All options with index in [7] are selected on object 'Object Repository/Schedule7/Page_KDMC - CMS/select_--Select--Schedule 1Inj'

2018-05-05 19:31:06 - [MESSAGE][PASSED] - All options with index in [7] are selected on object 'Object Repository/Schedule7/Page_KDMC - CMS/select_--Select--Schedule 1Inj'

2018-05-05 19:31:06 - [TEST_STEP][PASSED] - selectOptionByIndex: All options with index in [4] are selected on object 'Object Repository/Schedule7/Page_KDMC - CMS/select_--Select--Absorbable su'

2018-05-05 19:31:07 - [MESSAGE][PASSED] - All options with index in [4] are selected on object 'Object Repository/Schedule7/Page_KDMC - CMS/select_--Select--Absorbable su'

2018-05-05 19:31:07 - [TEST_STEP][PASSED] - setText: Text '500' is set on object 'Object Repository/Schedule7/Page_KDMC - CMS/input_txttreat'

2018-05-05 19:31:07 - [MESSAGE][PASSED] - Text '500' is set on object 'Object Repository/Schedule7/Page_KDMC - CMS/input_txttreat'

2018-05-05 19:31:07 - [TEST_STEP][PASSED] - delay: Delayed 1 second(s)

2018-05-05 19:31:08 - [MESSAGE][PASSED] - Delayed 1 second(s)

2018-05-05 19:31:08 - [TEST_STEP][PASSED] - click: Object: 'Object Repository/Schedule7/Page_KDMC - CMS/button_Add' is clicked on

2018-05-05 19:31:08 - [MESSAGE][PASSED] - Object: 'Object Repository/Schedule7/Page_KDMC - CMS/button_Add' is clicked on

2018-05-05 19:31:08 - [TEST_STEP][PASSED] - selectOptionByIndex: All options with index in [7] are selected on object 'Object Repository/Schedule7/Page_KDMC - CMS/select_--Select--Schedule 1Inj'

2018-05-05 19:31:08 - [MESSAGE][PASSED] - All options with index in [7] are selected on object 'Object Repository/Schedule7/Page_KDMC - CMS/select_--Select--Schedule 1Inj'

2018-05-05 19:31:08 - [TEST_STEP][PASSED] - selectOptionByIndex: All options with index in [5] are selected on object 'Object Repository/Schedule7/Page_KDMC - CMS/select_--Select--Absorbable su'

2018-05-05 19:31:09 - [MESSAGE][PASSED] - All options with index in [5] are selected on object 'Object Repository/Schedule7/Page_KDMC - CMS/select_--Select--Absorbable su'

2018-05-05 19:31:09 - [TEST_STEP][PASSED] - setText: Text '500' is set on object 'Object Repository/Schedule7/Page_KDMC - CMS/input_txttreat'

2018-05-05 19:31:09 - [MESSAGE][PASSED] - Text '500' is set on object 'Object Repository/Schedule7/Page_KDMC - CMS/input_txttreat'

2018-05-05 19:31:09 - [TEST_STEP][PASSED] - delay: Delayed 1 second(s)

2018-05-05 19:31:10 - [MESSAGE][PASSED] - Delayed 1 second(s)

2018-05-05 19:31:10 - [TEST_STEP][PASSED] - click: Object: 'Object Repository/Schedule7/Page_KDMC - CMS/button_Add' is clicked on

2018-05-05 19:31:10 - [MESSAGE][PASSED] - Object: 'Object Repository/Schedule7/Page_KDMC - CMS/button_Add' is clicked on

2018-05-05 19:31:10 - [TEST_STEP][PASSED] - selectOptionByIndex: All options with index in [7] are selected on object 'Object Repository/Schedule7/Page_KDMC - CMS/select_--Select--Schedule 1Inj'

2018-05-05 19:31:10 - [MESSAGE][PASSED] - All options with index in [7] are selected on object 'Object Repository/Schedule7/Page_KDMC - CMS/select_--Select--Schedule 1Inj'

2018-05-05 19:31:10 - [TEST_STEP][PASSED] - selectOptionByIndex: All options with index in [6] are selected on object 'Object Repository/Schedule7/Page_KDMC - CMS/select_--Select--Absorbable su'

2018-05-05 19:31:11 - [MESSAGE][PASSED] - All options with index in [6] are selected on object 'Object Repository/Schedule7/Page_KDMC - CMS/select_--Select--Absorbable su'

2018-05-05 19:31:11 - [TEST_STEP][PASSED] - setText: Text '500' is set on object 'Object Repository/Schedule7/Page_KDMC - CMS/input_txttreat'

2018-05-05 19:31:11 - [MESSAGE][PASSED] - Text '500' is set on object 'Object Repository/Schedule7/Page_KDMC - CMS/input_txttreat'

2018-05-05 19:31:11 - [TEST_STEP][PASSED] - delay: Delayed 1 second(s)

2018-05-05 19:31:12 - [MESSAGE][PASSED] - Delayed 1 second(s)

2018-05-05 19:31:12 - [TEST_STEP][PASSED] - click: Object: 'Object Repository/Schedule7/Page_KDMC - CMS/button_Add' is clicked on

2018-05-05 19:31:12 - [MESSAGE][PASSED] - Object: 'Object Repository/Schedule7/Page_KDMC - CMS/button_Add' is clicked on

2018-05-05 19:31:12 - [TEST_STEP][PASSED] - selectOptionByIndex: All options with index in [7] are selected on object 'Object Repository/Schedule7/Page_KDMC - CMS/select_--Select--Schedule 1Inj'

2018-05-05 19:31:13 - [MESSAGE][PASSED] - All options with index in [7] are selected on object 'Object Repository/Schedule7/Page_KDMC - CMS/select_--Select--Schedule 1Inj'

2018-05-05 19:31:13 - [TEST_STEP][PASSED] - selectOptionByIndex: All options with index in [7] are selected on object 'Object Repository/Schedule7/Page_KDMC - CMS/select_--Select--Absorbable su'

2018-05-05 19:31:13 - [MESSAGE][PASSED] - All options with index in [7] are selected on object 'Object Repository/Schedule7/Page_KDMC - CMS/select_--Select--Absorbable su'

2018-05-05 19:31:13 - [TEST_STEP][PASSED] - setText: Text '500' is set on object 'Object Repository/Schedule7/Page_KDMC - CMS/input_txttreat'

2018-05-05 19:31:13 - [MESSAGE][PASSED] - Text '500' is set on object 'Object Repository/Schedule7/Page_KDMC - CMS/input_txttreat'

2018-05-05 19:31:13 - [TEST_STEP][PASSED] - delay: Delayed 1 second(s)

2018-05-05 19:31:14 - [MESSAGE][PASSED] - Delayed 1 second(s)

2018-05-05 19:31:14 - [TEST_STEP][PASSED] - click: Object: 'Object Repository/Schedule7/Page_KDMC - CMS/button_Add' is clicked on

2018-05-05 19:31:14 - [MESSAGE][PASSED] - Object: 'Object Repository/Schedule7/Page_KDMC - CMS/button_Add' is clicked on

2018-05-05 19:31:14 - [TEST_STEP][PASSED] - selectOptionByIndex: All options with index in [7] are selected on object 'Object Repository/Schedule7/Page_KDMC - CMS/select_--Select--Schedule 1Inj'

2018-05-05 19:31:15 - [MESSAGE][PASSED] - All options with index in [7] are selected on object 'Object Repository/Schedule7/Page_KDMC - CMS/select_--Select--Schedule 1Inj'

2018-05-05 19:31:15 - [TEST_STEP][PASSED] - selectOptionByIndex: All options with index in [8] are selected on object 'Object Repository/Schedule7/Page_KDMC - CMS/select_--Select--Absorbable su'

2018-05-05 19:31:15 - [MESSAGE][PASSED] - All options with index in [8] are selected on object 'Object Repository/Schedule7/Page_KDMC - CMS/select_--Select--Absorbable su'

2018-05-05 19:31:15 - [TEST_STEP][PASSED] - setText: Text '500' is set on object 'Object Repository/Schedule7/Page_KDMC - CMS/input_txttreat'

2018-05-05 19:31:16 - [MESSAGE][PASSED] - Text '500' is set on object 'Object Repository/Schedule7/Page_KDMC - CMS/input_txttreat'

2018-05-05 19:31:16 - [TEST_STEP][PASSED] - delay: Delayed 1 second(s)

2018-05-05 19:31:17 - [MESSAGE][PASSED] - Delayed 1 second(s)

2018-05-05 19:31:17 - [TEST_STEP][PASSED] - click: Object: 'Object Repository/Schedule7/Page_KDMC - CMS/button_Add' is clicked on

2018-05-05 19:31:17 - [MESSAGE][PASSED] - Object: 'Object Repository/Schedule7/Page_KDMC - CMS/button_Add' is clicked on

2018-05-05 19:31:17 - [TEST_STEP][PASSED] - selectOptionByIndex: All options with index in [7] are selected on object 'Object Repository/Schedule7/Page_KDMC - CMS/select_--Select--Schedule 1Inj'

2018-05-05 19:31:17 - [MESSAGE][PASSED] - All options with index in [7] are selected on object 'Object Repository/Schedule7/Page_KDMC - CMS/select_--Select--Schedule 1Inj'

2018-05-05 19:31:17 - [TEST_STEP][PASSED] - selectOptionByIndex: All options with index in [9] are selected on object 'Object Repository/Schedule7/Page_KDMC - CMS/select_--Select--Absorbable su'

2018-05-05 19:31:18 - [MESSAGE][PASSED] - All options with index in [9] are selected on object 'Object Repository/Schedule7/Page_KDMC - CMS/select_--Select--Absorbable su'

2018-05-05 19:31:18 - [TEST_STEP][PASSED] - setText: Text '500' is set on object 'Object Repository/Schedule7/Page_KDMC - CMS/input_txttreat'

2018-05-05 19:31:18 - [MESSAGE][PASSED] - Text '500' is set on object 'Object Repository/Schedule7/Page_KDMC - CMS/input_txttreat'

2018-05-05 19:31:18 - [TEST_STEP][PASSED] - delay: Delayed 1 second(s)

2018-05-05 19:31:19 - [MESSAGE][PASSED] - Delayed 1 second(s)

2018-05-05 19:31:19 - [TEST_STEP][PASSED] - click: Object: 'Object Repository/Schedule7/Page_KDMC - CMS/button_Add' is clicked on

2018-05-05 19:31:19 - [MESSAGE][PASSED] - Object: 'Object Repository/Schedule7/Page_KDMC - CMS/button_Add' is clicked on

2018-05-05 19:31:19 - [TEST_STEP][PASSED] - selectOptionByIndex: All options with index in [7] are selected on object 'Object Repository/Schedule7/Page_KDMC - CMS/select_--Select--Schedule 1Inj'

2018-05-05 19:31:19 - [MESSAGE][PASSED] - All options with index in [7] are selected on object 'Object Repository/Schedule7/Page_KDMC - CMS/select_--Select--Schedule 1Inj'

2018-05-05 19:31:19 - [TEST_STEP][PASSED] - selectOptionByIndex: All options with index in [10] are selected on object 'Object Repository/Schedule7/Page_KDMC - CMS/select_--Select--Absorbable su'

2018-05-05 19:31:20 - [MESSAGE][PASSED] - All options with index in [10] are selected on object 'Object Repository/Schedule7/Page_KDMC - CMS/select_--Select--Absorbable su'

2018-05-05 19:31:20 - [TEST_STEP][PASSED] - setText: Text '500' is set on object 'Object Repository/Schedule7/Page_KDMC - CMS/input_txttreat'

2018-05-05 19:31:20 - [MESSAGE][PASSED] - Text '500' is set on object 'Object Repository/Schedule7/Page_KDMC - CMS/input_txttreat'

2018-05-05 19:31:20 - [TEST_STEP][PASSED] - delay: Delayed 1 second(s)

2018-05-05 19:31:21 - [MESSAGE][PASSED] - Delayed 1 second(s)

2018-05-05 19:31:21 - [TEST_STEP][PASSED] - click: Object: 'Object Repository/Schedule7/Page_KDMC - CMS/button_Add' is clicked on

2018-05-05 19:31:21 - [MESSAGE][PASSED] - Object: 'Object Repository/Schedule7/Page_KDMC - CMS/button_Add' is clicked on

2018-05-05 19:31:21 - [TEST_STEP][PASSED] - selectOptionByIndex: All options with index in [7] are selected on object 'Object Repository/Schedule7/Page_KDMC - CMS/select_--Select--Schedule 1Inj'

2018-05-05 19:31:21 - [MESSAGE][PASSED] - All options with index in [7] are selected on object 'Object Repository/Schedule7/Page_KDMC - CMS/select_--Select--Schedule 1Inj'

2018-05-05 19:31:21 - [TEST_STEP][PASSED] - selectOptionByIndex: All options with index in [11] are selected on object 'Object Repository/Schedule7/Page_KDMC - CMS/select_--Select--Absorbable su'

2018-05-05 19:31:22 - [MESSAGE][PASSED] - All options with index in [11] are selected on object 'Object Repository/Schedule7/Page_KDMC - CMS/select_--Select--Absorbable su'

2018-05-05 19:31:22 - [TEST_STEP][PASSED] - setText: Text '500' is set on object 'Object Repository/Schedule7/Page_KDMC - CMS/input_txttreat'

2018-05-05 19:31:22 - [MESSAGE][PASSED] - Text '500' is set on object 'Object Repository/Schedule7/Page_KDMC - CMS/input_txttreat'

2018-05-05 19:31:22 - [TEST_STEP][PASSED] - delay: Delayed 1 second(s)

2018-05-05 19:31:23 - [MESSAGE][PASSED] - Delayed 1 second(s)

2018-05-05 19:31:23 - [TEST_STEP][PASSED] - click: Object: 'Object Repository/Schedule7/Page_KDMC - CMS/button_Add' is clicked on

2018-05-05 19:31:23 - [MESSAGE][PASSED] - Object: 'Object Repository/Schedule7/Page_KDMC - CMS/button_Add' is clicked on

2018-05-05 19:31:23 - [TEST_STEP][PASSED] - selectOptionByIndex: All options with index in [7] are selected on object 'Object Repository/Schedule7/Page_KDMC - CMS/select_--Select--Schedule 1Inj'

2018-05-05 19:31:23 - [MESSAGE][PASSED] - All options with index in [7] are selected on object 'Object Repository/Schedule7/Page_KDMC - CMS/select_--Select--Schedule 1Inj'

2018-05-05 19:31:23 - [TEST_STEP][PASSED] - selectOptionByIndex: All options with index in [12] are selected on object 'Object Repository/Schedule7/Page_KDMC - CMS/select_--Select--Absorbable su'

2018-05-05 19:31:24 - [MESSAGE][PASSED] - All options with index in [12] are selected on object 'Object Repository/Schedule7/Page_KDMC - CMS/select_--Select--Absorbable su'

2018-05-05 19:31:24 - [TEST_STEP][PASSED] - setText: Text '500' is set on object 'Object Repository/Schedule7/Page_KDMC - CMS/input_txttreat'

2018-05-05 19:31:24 - [MESSAGE][PASSED] - Text '500' is set on object 'Object Repository/Schedule7/Page_KDMC - CMS/input_txttreat'

2018-05-05 19:31:24 - [TEST_STEP][PASSED] - delay: Delayed 1 second(s)

2018-05-05 19:31:25 - [MESSAGE][PASSED] - Delayed 1 second(s)

2018-05-05 19:31:25 - [TEST_STEP][PASSED] - click: Object: 'Object Repository/Schedule7/Page_KDMC - CMS/button_Add' is clicked on

2018-05-05 19:31:25 - [MESSAGE][PASSED] - Object: 'Object Repository/Schedule7/Page_KDMC - CMS/button_Add' is clicked on

2018-05-05 19:31:25 - [TEST_STEP][PASSED] - selectOptionByIndex: All options with index in [7] are selected on object 'Object Repository/Schedule7/Page_KDMC - CMS/select_--Select--Schedule 1Inj'

2018-05-05 19:31:25 - [MESSAGE][PASSED] - All options with index in [7] are selected on object 'Object Repository/Schedule7/Page_KDMC - CMS/select_--Select--Schedule 1Inj'

2018-05-05 19:31:25 - [TEST_STEP][PASSED] - selectOptionByIndex: All options with index in [13] are selected on object 'Object Repository/Schedule7/Page_KDMC - CMS/select_--Select--Absorbable su'

2018-05-05 19:31:26 - [MESSAGE][PASSED] - All options with index in [13] are selected on object 'Object Repository/Schedule7/Page_KDMC - CMS/select_--Select--Absorbable su'

2018-05-05 19:31:26 - [TEST_STEP][PASSED] - setText: Text '500' is set on object 'Object Repository/Schedule7/Page_KDMC - CMS/input_txttreat'

2018-05-05 19:31:26 - [MESSAGE][PASSED] - Text '500' is set on object 'Object Repository/Schedule7/Page_KDMC - CMS/input_txttreat'

2018-05-05 19:31:26 - [TEST_STEP][PASSED] - delay: Delayed 1 second(s)

2018-05-05 19:31:27 - [MESSAGE][PASSED] - Delayed 1 second(s)

2018-05-05 19:31:27 - [TEST_STEP][PASSED] - click: Object: 'Object Repository/Schedule7/Page_KDMC - CMS/button_Add' is clicked on

2018-05-05 19:31:27 - [MESSAGE][PASSED] - Object: 'Object Repository/Schedule7/Page_KDMC - CMS/button_Add' is clicked on

2018-05-05 19:31:27 - [TEST_STEP][PASSED] - selectOptionByIndex: All options with index in [7] are selected on object 'Object Repository/Schedule7/Page_KDMC - CMS/select_--Select--Schedule 1Inj'

2018-05-05 19:31:28 - [MESSAGE][PASSED] - All options with index in [7] are selected on object 'Object Repository/Schedule7/Page_KDMC - CMS/select_--Select--Schedule 1Inj'

2018-05-05 19:31:28 - [TEST_STEP][PASSED] - selectOptionByIndex: All options with index in [14] are selected on object 'Object Repository/Schedule7/Page_KDMC - CMS/select_--Select--Absorbable su'

2018-05-05 19:31:28 - [MESSAGE][PASSED] - All options with index in [14] are selected on object 'Object Repository/Schedule7/Page_KDMC - CMS/select_--Select--Absorbable su'

2018-05-05 19:31:28 - [TEST_STEP][PASSED] - setText: Text '500' is set on object 'Object Repository/Schedule7/Page_KDMC - CMS/input_txttreat'

2018-05-05 19:31:29 - [MESSAGE][PASSED] - Text '500' is set on object 'Object Repository/Schedule7/Page_KDMC - CMS/input_txttreat'

2018-05-05 19:31:29 - [TEST_STEP][PASSED] - delay: Delayed 1 second(s)

2018-05-05 19:31:30 - [MESSAGE][PASSED] - Delayed 1 second(s)

2018-05-05 19:31:30 - [TEST_STEP][PASSED] - click: Object: 'Object Repository/Schedule7/Page_KDMC - CMS/button_Add' is clicked on

2018-05-05 19:31:30 - [MESSAGE][PASSED] - Object: 'Object Repository/Schedule7/Page_KDMC - CMS/button_Add' is clicked on

2018-05-05 19:31:30 - [TEST_STEP][PASSED] - selectOptionByIndex: All options with index in [7] are selected on object 'Object Repository/Schedule7/Page_KDMC - CMS/select_--Select--Schedule 1Inj'

2018-05-05 19:31:30 - [MESSAGE][PASSED] - All options with index in [7] are selected on object 'Object Repository/Schedule7/Page_KDMC - CMS/select_--Select--Schedule 1Inj'

2018-05-05 19:31:30 - [TEST_STEP][PASSED] - selectOptionByIndex: All options with index in [15] are selected on object 'Object Repository/Schedule7/Page_KDMC - CMS/select_--Select--Absorbable su'

2018-05-05 19:31:31 - [MESSAGE][PASSED] - All options with index in [15] are selected on object 'Object Repository/Schedule7/Page_KDMC - CMS/select_--Select--Absorbable su'

2018-05-05 19:31:31 - [TEST_STEP][PASSED] - setText: Text '500' is set on object 'Object Repository/Schedule7/Page_KDMC - CMS/input_txttreat'

2018-05-05 19:31:31 - [MESSAGE][PASSED] - Text '500' is set on object 'Object Repository/Schedule7/Page_KDMC - CMS/input_txttreat'

2018-05-05 19:31:31 - [TEST_STEP][PASSED] - delay: Delayed 1 second(s)

2018-05-05 19:31:32 - [MESSAGE][PASSED] - Delayed 1 second(s)

2018-05-05 19:31:32 - [TEST_STEP][PASSED] - click: Object: 'Object Repository/Schedule7/Page_KDMC - CMS/button_Add' is clicked on

2018-05-05 19:31:32 - [MESSAGE][PASSED] - Object: 'Object Repository/Schedule7/Page_KDMC - CMS/button_Add' is clicked on

2018-05-05 19:31:32 - [TEST_STEP][PASSED] - selectOptionByIndex: All options with index in [7] are selected on object 'Object Repository/Schedule7/Page_KDMC - CMS/select_--Select--Schedule 1Inj'

2018-05-05 19:31:32 - [MESSAGE][PASSED] - All options with index in [7] are selected on object 'Object Repository/Schedule7/Page_KDMC - CMS/select_--Select--Schedule 1Inj'

2018-05-05 19:31:32 - [TEST_STEP][PASSED] - selectOptionByIndex: All options with index in [16] are selected on object 'Object Repository/Schedule7/Page_KDMC - CMS/select_--Select--Absorbable su'

2018-05-05 19:31:33 - [MESSAGE][PASSED] - All options with index in [16] are selected on object 'Object Repository/Schedule7/Page_KDMC - CMS/select_--Select--Absorbable su'

2018-05-05 19:31:33 - [TEST_STEP][PASSED] - setText: Text '500' is set on object 'Object Repository/Schedule7/Page_KDMC - CMS/input_txttreat'

2018-05-05 19:31:33 - [MESSAGE][PASSED] - Text '500' is set on object 'Object Repository/Schedule7/Page_KDMC - CMS/input_txttreat'

2018-05-05 19:31:33 - [TEST_STEP][PASSED] - delay: Delayed 1 second(s)

2018-05-05 19:31:34 - [MESSAGE][PASSED] - Delayed 1 second(s)

2018-05-05 19:31:34 - [TEST_STEP][PASSED] - click: Object: 'Object Repository/Schedule7/Page_KDMC - CMS/button_Add' is clicked on

2018-05-05 19:31:34 - [MESSAGE][PASSED] - Object: 'Object Repository/Schedule7/Page_KDMC - CMS/button_Add' is clicked on

2018-05-05 19:31:34 - [TEST_STEP][PASSED] - selectOptionByIndex: All options with index in [7] are selected on object 'Object Repository/Schedule7/Page_KDMC - CMS/select_--Select--Schedule 1Inj'

2018-05-05 19:31:34 - [MESSAGE][PASSED] - All options with index in [7] are selected on object 'Object Repository/Schedule7/Page_KDMC - CMS/select_--Select--Schedule 1Inj'

2018-05-05 19:31:34 - [TEST_STEP][PASSED] - selectOptionByIndex: All options with index in [17] are selected on object 'Object Repository/Schedule7/Page_KDMC - CMS/select_--Select--Absorbable su'

2018-05-05 19:31:35 - [MESSAGE][PASSED] - All options with index in [17] are selected on object 'Object Repository/Schedule7/Page_KDMC - CMS/select_--Select--Absorbable su'

2018-05-05 19:31:35 - [TEST_STEP][PASSED] - setText: Text '500' is set on object 'Object Repository/Schedule7/Page_KDMC - CMS/input_txttreat'

2018-05-05 19:31:35 - [MESSAGE][PASSED] - Text '500' is set on object 'Object Repository/Schedule7/Page_KDMC - CMS/input_txttreat'

2018-05-05 19:31:35 - [TEST_STEP][PASSED] - delay: Delayed 1 second(s)

2018-05-05 19:31:36 - [MESSAGE][PASSED] - Delayed 1 second(s)

2018-05-05 19:31:36 - [TEST_STEP][PASSED] - click: Object: 'Object Repository/Schedule7/Page_KDMC - CMS/button_Add' is clicked on

2018-05-05 19:31:36 - [MESSAGE][PASSED] - Object: 'Object Repository/Schedule7/Page_KDMC - CMS/button_Add' is clicked on

2018-05-05 19:31:36 - [TEST_STEP][PASSED] - selectOptionByIndex: All options with index in [7] are selected on object 'Object Repository/Schedule7/Page_KDMC - CMS/select_--Select--Schedule 1Inj'

2018-05-05 19:31:36 - [MESSAGE][PASSED] - All options with index in [7] are selected on object 'Object Repository/Schedule7/Page_KDMC - CMS/select_--Select--Schedule 1Inj'

2018-05-05 19:31:36 - [TEST_STEP][PASSED] - selectOptionByIndex: All options with index in [18] are selected on object 'Object Repository/Schedule7/Page_KDMC - CMS/select_--Select--Absorbable su'

2018-05-05 19:31:37 - [MESSAGE][PASSED] - All options with index in [18] are selected on object 'Object Repository/Schedule7/Page_KDMC - CMS/select_--Select--Absorbable su'

2018-05-05 19:31:37 - [TEST_STEP][PASSED] - setText: Text '500' is set on object 'Object Repository/Schedule7/Page_KDMC - CMS/input_txttreat'

2018-05-05 19:31:37 - [MESSAGE][PASSED] - Text '500' is set on object 'Object Repository/Schedule7/Page_KDMC - CMS/input_txttreat'

2018-05-05 19:31:37 - [TEST_STEP][PASSED] - delay: Delayed 1 second(s)

2018-05-05 19:31:38 - [MESSAGE][PASSED] - Delayed 1 second(s)

2018-05-05 19:31:38 - [TEST_STEP][PASSED] - click: Object: 'Object Repository/Schedule7/Page_KDMC - CMS/button_Add' is clicked on

2018-05-05 19:31:39 - [MESSAGE][PASSED] - Object: 'Object Repository/Schedule7/Page_KDMC - CMS/button_Add' is clicked on

2018-05-05 19:31:39 - [TEST_STEP][PASSED] - selectOptionByIndex: All options with index in [7] are selected on object 'Object Repository/Schedule7/Page_KDMC - CMS/select_--Select--Schedule 1Inj'

2018-05-05 19:31:39 - [MESSAGE][PASSED] - All options with index in [7] are selected on object 'Object Repository/Schedule7/Page_KDMC - CMS/select_--Select--Schedule 1Inj'

2018-05-05 19:31:39 - [TEST_STEP][PASSED] - selectOptionByIndex: All options with index in [19] are selected on object 'Object Repository/Schedule7/Page_KDMC - CMS/select_--Select--Absorbable su'

2018-05-05 19:31:40 - [MESSAGE][PASSED] - All options with index in [19] are selected on object 'Object Repository/Schedule7/Page_KDMC - CMS/select_--Select--Absorbable su'

2018-05-05 19:31:40 - [TEST_STEP][PASSED] - setText: Text '500' is set on object 'Object Repository/Schedule7/Page_KDMC - CMS/input_txttreat'

2018-05-05 19:31:40 - [MESSAGE][PASSED] - Text '500' is set on object 'Object Repository/Schedule7/Page_KDMC - CMS/input_txttreat'

2018-05-05 19:31:40 - [TEST_STEP][PASSED] - delay: Delayed 1 second(s)

2018-05-05 19:31:41 - [MESSAGE][PASSED] - Delayed 1 second(s)

2018-05-05 19:31:41 - [TEST_STEP][PASSED] - click: Object: 'Object Repository/Schedule7/Page_KDMC - CMS/button_Add' is clicked on

2018-05-05 19:31:41 - [MESSAGE][PASSED] - Object: 'Object Repository/Schedule7/Page_KDMC - CMS/button_Add' is clicked on

2018-05-05 19:31:41 - [TEST_STEP][PASSED] - selectOptionByIndex: All options with index in [7] are selected on object 'Object Repository/Schedule7/Page_KDMC - CMS/select_--Select--Schedule 1Inj'

2018-05-05 19:31:41 - [MESSAGE][PASSED] - All options with index in [7] are selected on object 'Object Repository/Schedule7/Page_KDMC - CMS/select_--Select--Schedule 1Inj'

2018-05-05 19:31:41 - [TEST_STEP][PASSED] - selectOptionByIndex: All options with index in [20] are selected on object 'Object Repository/Schedule7/Page_KDMC - CMS/select_--Select--Absorbable su'

2018-05-05 19:31:41 - [MESSAGE][PASSED] - All options with index in [20] are selected on object 'Object Repository/Schedule7/Page_KDMC - CMS/select_--Select--Absorbable su'

2018-05-05 19:31:41 - [TEST_STEP][PASSED] - setText: Text '500' is set on object 'Object Repository/Schedule7/Page_KDMC - CMS/input_txttreat'

2018-05-05 19:31:41 - [MESSAGE][PASSED] - Text '500' is set on object 'Object Repository/Schedule7/Page_KDMC - CMS/input_txttreat'

2018-05-05 19:31:41 - [TEST_STEP][PASSED] - delay: Delayed 1 second(s)

2018-05-05 19:31:42 - [MESSAGE][PASSED] - Delayed 1 second(s)

2018-05-05 19:31:42 - [TEST_STEP][PASSED] - click: Object: 'Object Repository/Schedule7/Page_KDMC - CMS/button_Add' is clicked on

2018-05-05 19:31:42 - [MESSAGE][PASSED] - Object: 'Object Repository/Schedule7/Page_KDMC - CMS/button_Add' is clicked on

2018-05-05 19:31:42 - [TEST_STEP][PASSED] - selectOptionByIndex: All options with index in [7] are selected on object 'Object Repository/Schedule7/Page_KDMC - CMS/select_--Select--Schedule 1Inj'

2018-05-05 19:31:43 - [MESSAGE][PASSED] - All options with index in [7] are selected on object 'Object Repository/Schedule7/Page_KDMC - CMS/select_--Select--Schedule 1Inj'

2018-05-05 19:31:43 - [TEST_STEP][PASSED] - selectOptionByIndex: All options with index in [21] are selected on object 'Object Repository/Schedule7/Page_KDMC - CMS/select_--Select--Absorbable su'

2018-05-05 19:31:44 - [MESSAGE][PASSED] - All options with index in [21] are selected on object 'Object Repository/Schedule7/Page_KDMC - CMS/select_--Select--Absorbable su'

2018-05-05 19:31:44 - [TEST_STEP][PASSED] - setText: Text '500' is set on object 'Object Repository/Schedule7/Page_KDMC - CMS/input_txttreat'

2018-05-05 19:31:44 - [MESSAGE][PASSED] - Text '500' is set on object 'Object Repository/Schedule7/Page_KDMC - CMS/input_txttreat'

2018-05-05 19:31:44 - [TEST_STEP][PASSED] - delay: Delayed 1 second(s)

2018-05-05 19:31:45 - [MESSAGE][PASSED] - Delayed 1 second(s)

2018-05-05 19:31:45 - [TEST_STEP][PASSED] - click: Object: 'Object Repository/Schedule7/Page_KDMC - CMS/button_Add' is clicked on

2018-05-05 19:31:45 - [MESSAGE][PASSED] - Object: 'Object Repository/Schedule7/Page_KDMC - CMS/button_Add' is clicked on

2018-05-05 19:31:45 - [TEST_STEP][PASSED] - selectOptionByIndex: All options with index in [7] are selected on object 'Object Repository/Schedule7/Page_KDMC - CMS/select_--Select--Schedule 1Inj'

2018-05-05 19:31:45 - [MESSAGE][PASSED] - All options with index in [7] are selected on object 'Object Repository/Schedule7/Page_KDMC - CMS/select_--Select--Schedule 1Inj'

2018-05-05 19:31:45 - [TEST_STEP][PASSED] - selectOptionByIndex: All options with index in [22] are selected on object 'Object Repository/Schedule7/Page_KDMC - CMS/select_--Select--Absorbable su'

2018-05-05 19:31:46 - [MESSAGE][PASSED] - All options with index in [22] are selected on object 'Object Repository/Schedule7/Page_KDMC - CMS/select_--Select--Absorbable su'

2018-05-05 19:31:46 - [TEST_STEP][PASSED] - setText: Text '500' is set on object 'Object Repository/Schedule7/Page_KDMC - CMS/input_txttreat'

2018-05-05 19:31:46 - [MESSAGE][PASSED] - Text '500' is set on object 'Object Repository/Schedule7/Page_KDMC - CMS/input_txttreat'

2018-05-05 19:31:46 - [TEST_STEP][PASSED] - delay: Delayed 1 second(s)

2018-05-05 19:31:47 - [MESSAGE][PASSED] - Delayed 1 second(s)

2018-05-05 19:31:47 - [TEST_STEP][PASSED] - click: Object: 'Object Repository/Schedule7/Page_KDMC - CMS/button_Add' is clicked on

2018-05-05 19:31:47 - [MESSAGE][PASSED] - Object: 'Object Repository/Schedule7/Page_KDMC - CMS/button_Add' is clicked on

2018-05-05 19:31:47 - [TEST_STEP][PASSED] - selectOptionByIndex: All options with index in [7] are selected on object 'Object Repository/Schedule7/Page_KDMC - CMS/select_--Select--Schedule 1Inj'

2018-05-05 19:31:47 - [MESSAGE][PASSED] - All options with index in [7] are selected on object 'Object Repository/Schedule7/Page_KDMC - CMS/select_--Select--Schedule 1Inj'

2018-05-05 19:31:47 - [TEST_STEP][PASSED] - selectOptionByIndex: All options with index in [23] are selected on object 'Object Repository/Schedule7/Page_KDMC - CMS/select_--Select--Absorbable su'

2018-05-05 19:31:48 - [MESSAGE][PASSED] - All options with index in [23] are selected on object 'Object Repository/Schedule7/Page_KDMC - CMS/select_--Select--Absorbable su'

2018-05-05 19:31:48 - [TEST_STEP][PASSED] - setText: Text '500' is set on object 'Object Repository/Schedule7/Page_KDMC - CMS/input_txttreat'

2018-05-05 19:31:48 - [MESSAGE][PASSED] - Text '500' is set on object 'Object Repository/Schedule7/Page_KDMC - CMS/input_txttreat'

2018-05-05 19:31:48 - [TEST_STEP][PASSED] - delay: Delayed 1 second(s)

2018-05-05 19:31:49 - [MESSAGE][PASSED] - Delayed 1 second(s)

2018-05-05 19:31:49 - [TEST_STEP][PASSED] - click: Object: 'Object Repository/Schedule7/Page_KDMC - CMS/button_Add' is clicked on

2018-05-05 19:31:49 - [MESSAGE][PASSED] - Object: 'Object Repository/Schedule7/Page_KDMC - CMS/button_Add' is clicked on

2018-05-05 19:31:49 - [TEST_STEP][PASSED] - scrollToElement: Scroll to object 'Object Repository/Schedule7/Page_KDMC - CMS/input_btnsave' successfully

2018-05-05 19:31:49 - [MESSAGE][PASSED] - Scroll to object 'Object Repository/Schedule7/Page_KDMC - CMS/input_btnsave' successfully

2018-05-05 19:31:49 - [TEST_STEP][PASSED] - click: Object: 'Object Repository/Schedule7/Page_KDMC - CMS/input_btnsave' is clicked on

2018-05-05 19:31:50 - [MESSAGE][PASSED] - Object: 'Object Repository/Schedule7/Page_KDMC - CMS/input_btnsave' is clicked on

2018-05-05 19:31:50 - [TEST_STEP][PASSED] - delay: Delayed 3 second(s)

2018-05-05 19:31:53 - [MESSAGE][PASSED] - Delayed 3 second(s)

2018-05-05 19:31:53 - [TEST_STEP][PASSED] - click: Object: 'Object Repository/Schedule7/Page_KDMC - CMS/button_OK' is clicked on

2018-05-05 19:31:53 - [MESSAGE][PASSED] - Object: 'Object Repository/Schedule7/Page_KDMC - CMS/button_OK' is clicked on

2018-05-05 19:31:53 - [TEST_STEP][PASSED] - delay: Delayed 3 second(s)

2018-05-05 19:31:56 - [MESSAGE][PASSED] - Delayed 3 second(s)

2018-05-05 19:31:56 - [TEST_STEP][PASSED] - click: Object: 'Object Repository/Schedule7/Page_KDMC - CMS/span_pfnamer' is clicked on

2018-05-05 19:31:56 - [MESSAGE][PASSED] - Object: 'Object Repository/Schedule7/Page_KDMC - CMS/span_pfnamer' is clicked on

2018-05-05 19:31:56 - [TEST_STEP][PASSED] - delay: Delayed 3 second(s)

2018-05-05 19:31:59 - [MESSAGE][PASSED] - Delayed 3 second(s)

2018-05-05 19:31:59 - [TEST_STEP][PASSED] - click: Object: 'Object Repository/Schedule7/Page_KDMC - CMS/li_Sign out' is clicked on

2018-05-05 19:31:59 - [MESSAGE][PASSED] - Object: 'Object Repository/Schedule7/Page_KDMC - CMS/li_Sign out' is clicked on

2018-05-05 19:31:59 - [TEST_STEP][PASSED] - delay: Delayed 3 second(s)

2018-05-05 19:32:02 - [MESSAGE][PASSED] - Delayed 3 second(s)

2018-05-05 19:32:02 - [TEST_STEP][PASSED] - click: Object: 'Object Repository/Schedule7/Page_KDMC - CMS/i_glyphicon glyphicon-user' is clicked on

2018-05-05 19:32:02 - [MESSAGE][PASSED] - Object: 'Object Repository/Schedule7/Page_KDMC - CMS/i_glyphicon glyphicon-user' is clicked on

2018-05-05 19:32:02 - [TEST_STEP][PASSED] - delay: Delayed 3 second(s)

2018-05-05 19:32:05 - [MESSAGE][PASSED] - Delayed 3 second(s)

2018-05-05 19:32:05 - [TEST_STEP][PASSED] - click: Object: 'Object Repository/Schedule7/Page_KDMC - CMS/a_Sign out' is clicked on

2018-05-05 19:32:06 - [MESSAGE][PASSED] - Object: 'Object Repository/Schedule7/Page_KDMC - CMS/a_Sign out' is clicked on

2018-05-05 19:32:06 - [TEST_STEP][PASSED] - closeBrowser: Browser is closed

2018-05-05 19:32:06 - [MESSAGE][PASSED] - Browser is closed]]></system-out>
         <system-err><![CDATA[]]></system-err>
      </testcase>
      <testcase name="Test Cases/MOH TO CMS REQUEST/MohRequestSchedule8" classname="Test Cases/MOH TO CMS REQUEST/MohRequestSchedule8" status="PASSED">
         <system-out><![CDATA[2018-05-05 19:32:06 - [TEST_CASE][PASSED] - Test Cases/MOH TO CMS REQUEST/MohRequestSchedule8: Test Cases/MOH TO CMS REQUEST/MohRequestSchedule8

2018-05-05 19:32:06 - [TEST_STEP][PASSED] - openBrowser: Browser is opened with url: ''

2018-05-05 19:32:08 - [MESSAGE][PASSED] - Browser is opened with url: ''

2018-05-05 19:32:08 - [TEST_STEP][PASSED] - navigateToUrl: Navigate to 'http://192.168.137.1/multihospital_new/' successfully

2018-05-05 19:32:10 - [MESSAGE][PASSED] - Navigate to 'http://192.168.137.1/multihospital_new/' successfully

2018-05-05 19:32:10 - [TEST_STEP][PASSED] - maximizeWindow: Current window maximized

2018-05-05 19:32:11 - [MESSAGE][PASSED] - Current window maximized

2018-05-05 19:32:11 - [TEST_STEP][PASSED] - click: Object: 'Object Repository/Schedule8/Page_KDMC/a_CMS' is clicked on

2018-05-05 19:32:12 - [MESSAGE][PASSED] - Object: 'Object Repository/Schedule8/Page_KDMC/a_CMS' is clicked on

2018-05-05 19:32:12 - [TEST_STEP][PASSED] - setText: Text 'bala' is set on object 'Object Repository/Schedule8/Page_CMS login/input_txtusername'

2018-05-05 19:32:12 - [MESSAGE][PASSED] - Text 'bala' is set on object 'Object Repository/Schedule8/Page_CMS login/input_txtusername'

2018-05-05 19:32:12 - [TEST_STEP][PASSED] - setText: Text '123' is set on object 'Object Repository/Schedule8/Page_CMS login/input_txtpassword'

2018-05-05 19:32:12 - [MESSAGE][PASSED] - Text '123' is set on object 'Object Repository/Schedule8/Page_CMS login/input_txtpassword'

2018-05-05 19:32:12 - [TEST_STEP][PASSED] - delay: Delayed 3 second(s)

2018-05-05 19:32:15 - [MESSAGE][PASSED] - Delayed 3 second(s)

2018-05-05 19:32:15 - [TEST_STEP][PASSED] - click: Object: 'Object Repository/Schedule8/Page_CMS login/button_Sign in' is clicked on

2018-05-05 19:32:16 - [MESSAGE][PASSED] - Object: 'Object Repository/Schedule8/Page_CMS login/button_Sign in' is clicked on

2018-05-05 19:32:16 - [TEST_STEP][PASSED] - click: Object: 'Object Repository/Schedule8/Page_KDMC - CMS/a_Request to MOH' is clicked on

2018-05-05 19:32:17 - [MESSAGE][PASSED] - Object: 'Object Repository/Schedule8/Page_KDMC - CMS/a_Request to MOH' is clicked on

2018-05-05 19:32:17 - [TEST_STEP][PASSED] - selectOptionByIndex: All options with index in [2] are selected on object 'Object Repository/Schedule8/Page_KDMC - CMS/select_--Select--'

2018-05-05 19:32:17 - [MESSAGE][PASSED] - All options with index in [2] are selected on object 'Object Repository/Schedule8/Page_KDMC - CMS/select_--Select--'

2018-05-05 19:32:17 - [TEST_STEP][PASSED] - selectOptionByIndex: All options with index in [8] are selected on object 'Object Repository/Schedule8/Page_KDMC - CMS/select_--Select--Schedule 1Inj'

2018-05-05 19:32:17 - [MESSAGE][PASSED] - All options with index in [8] are selected on object 'Object Repository/Schedule8/Page_KDMC - CMS/select_--Select--Schedule 1Inj'

2018-05-05 19:32:17 - [TEST_STEP][PASSED] - Statement - SelectedOption = com.kms.katalon.core.webui.keyword.WebUiBuiltInKeywords.getNumberOfTotalOption(com.kms.katalon.core.testobject.ObjectRepository.findTestObject(Schedule8/Page_KDMC - CMS/select_--Select--Disposable de)): 18 options of object 'Object Repository/Schedule8/Page_KDMC - CMS/select_--Select--Disposable de' counted

2018-05-05 19:32:17 - [MESSAGE][PASSED] - 18 options of object 'Object Repository/Schedule8/Page_KDMC - CMS/select_--Select--Disposable de' counted

2018-05-05 19:32:17 - [TEST_STEP][PASSED] - Statement - For ([r = 1, r < SelectedOption, (r++)]): Object: 'Object Repository/Schedule8/Page_KDMC - CMS/button_Add' is clicked on

2018-05-05 19:32:17 - [TEST_STEP][PASSED] - selectOptionByIndex: All options with index in [8] are selected on object 'Object Repository/Schedule8/Page_KDMC - CMS/select_--Select--Schedule 1Inj'

2018-05-05 19:32:17 - [MESSAGE][PASSED] - All options with index in [8] are selected on object 'Object Repository/Schedule8/Page_KDMC - CMS/select_--Select--Schedule 1Inj'

2018-05-05 19:32:17 - [TEST_STEP][PASSED] - selectOptionByIndex: All options with index in [1] are selected on object 'Object Repository/Schedule8/Page_KDMC - CMS/select_--Select--Disposable de'

2018-05-05 19:32:17 - [MESSAGE][PASSED] - All options with index in [1] are selected on object 'Object Repository/Schedule8/Page_KDMC - CMS/select_--Select--Disposable de'

2018-05-05 19:32:17 - [TEST_STEP][PASSED] - setText: Text '500' is set on object 'Object Repository/Schedule8/Page_KDMC - CMS/input_txttreat'

2018-05-05 19:32:17 - [MESSAGE][PASSED] - Text '500' is set on object 'Object Repository/Schedule8/Page_KDMC - CMS/input_txttreat'

2018-05-05 19:32:17 - [TEST_STEP][PASSED] - click: Object: 'Object Repository/Schedule8/Page_KDMC - CMS/button_Add' is clicked on

2018-05-05 19:32:17 - [MESSAGE][PASSED] - Object: 'Object Repository/Schedule8/Page_KDMC - CMS/button_Add' is clicked on

2018-05-05 19:32:17 - [TEST_STEP][PASSED] - selectOptionByIndex: All options with index in [8] are selected on object 'Object Repository/Schedule8/Page_KDMC - CMS/select_--Select--Schedule 1Inj'

2018-05-05 19:32:18 - [MESSAGE][PASSED] - All options with index in [8] are selected on object 'Object Repository/Schedule8/Page_KDMC - CMS/select_--Select--Schedule 1Inj'

2018-05-05 19:32:18 - [TEST_STEP][PASSED] - selectOptionByIndex: All options with index in [2] are selected on object 'Object Repository/Schedule8/Page_KDMC - CMS/select_--Select--Disposable de'

2018-05-05 19:32:18 - [MESSAGE][PASSED] - All options with index in [2] are selected on object 'Object Repository/Schedule8/Page_KDMC - CMS/select_--Select--Disposable de'

2018-05-05 19:32:18 - [TEST_STEP][PASSED] - setText: Text '500' is set on object 'Object Repository/Schedule8/Page_KDMC - CMS/input_txttreat'

2018-05-05 19:32:18 - [MESSAGE][PASSED] - Text '500' is set on object 'Object Repository/Schedule8/Page_KDMC - CMS/input_txttreat'

2018-05-05 19:32:18 - [TEST_STEP][PASSED] - click: Object: 'Object Repository/Schedule8/Page_KDMC - CMS/button_Add' is clicked on

2018-05-05 19:32:18 - [MESSAGE][PASSED] - Object: 'Object Repository/Schedule8/Page_KDMC - CMS/button_Add' is clicked on

2018-05-05 19:32:18 - [TEST_STEP][PASSED] - selectOptionByIndex: All options with index in [8] are selected on object 'Object Repository/Schedule8/Page_KDMC - CMS/select_--Select--Schedule 1Inj'

2018-05-05 19:32:19 - [MESSAGE][PASSED] - All options with index in [8] are selected on object 'Object Repository/Schedule8/Page_KDMC - CMS/select_--Select--Schedule 1Inj'

2018-05-05 19:32:19 - [TEST_STEP][PASSED] - selectOptionByIndex: All options with index in [3] are selected on object 'Object Repository/Schedule8/Page_KDMC - CMS/select_--Select--Disposable de'

2018-05-05 19:32:19 - [MESSAGE][PASSED] - All options with index in [3] are selected on object 'Object Repository/Schedule8/Page_KDMC - CMS/select_--Select--Disposable de'

2018-05-05 19:32:19 - [TEST_STEP][PASSED] - setText: Text '500' is set on object 'Object Repository/Schedule8/Page_KDMC - CMS/input_txttreat'

2018-05-05 19:32:19 - [MESSAGE][PASSED] - Text '500' is set on object 'Object Repository/Schedule8/Page_KDMC - CMS/input_txttreat'

2018-05-05 19:32:19 - [TEST_STEP][PASSED] - click: Object: 'Object Repository/Schedule8/Page_KDMC - CMS/button_Add' is clicked on

2018-05-05 19:32:19 - [MESSAGE][PASSED] - Object: 'Object Repository/Schedule8/Page_KDMC - CMS/button_Add' is clicked on

2018-05-05 19:32:19 - [TEST_STEP][PASSED] - selectOptionByIndex: All options with index in [8] are selected on object 'Object Repository/Schedule8/Page_KDMC - CMS/select_--Select--Schedule 1Inj'

2018-05-05 19:32:20 - [MESSAGE][PASSED] - All options with index in [8] are selected on object 'Object Repository/Schedule8/Page_KDMC - CMS/select_--Select--Schedule 1Inj'

2018-05-05 19:32:20 - [TEST_STEP][PASSED] - selectOptionByIndex: All options with index in [4] are selected on object 'Object Repository/Schedule8/Page_KDMC - CMS/select_--Select--Disposable de'

2018-05-05 19:32:20 - [MESSAGE][PASSED] - All options with index in [4] are selected on object 'Object Repository/Schedule8/Page_KDMC - CMS/select_--Select--Disposable de'

2018-05-05 19:32:20 - [TEST_STEP][PASSED] - setText: Text '500' is set on object 'Object Repository/Schedule8/Page_KDMC - CMS/input_txttreat'

2018-05-05 19:32:20 - [MESSAGE][PASSED] - Text '500' is set on object 'Object Repository/Schedule8/Page_KDMC - CMS/input_txttreat'

2018-05-05 19:32:20 - [TEST_STEP][PASSED] - click: Object: 'Object Repository/Schedule8/Page_KDMC - CMS/button_Add' is clicked on

2018-05-05 19:32:20 - [MESSAGE][PASSED] - Object: 'Object Repository/Schedule8/Page_KDMC - CMS/button_Add' is clicked on

2018-05-05 19:32:20 - [TEST_STEP][PASSED] - selectOptionByIndex: All options with index in [8] are selected on object 'Object Repository/Schedule8/Page_KDMC - CMS/select_--Select--Schedule 1Inj'

2018-05-05 19:32:20 - [MESSAGE][PASSED] - All options with index in [8] are selected on object 'Object Repository/Schedule8/Page_KDMC - CMS/select_--Select--Schedule 1Inj'

2018-05-05 19:32:20 - [TEST_STEP][PASSED] - selectOptionByIndex: All options with index in [5] are selected on object 'Object Repository/Schedule8/Page_KDMC - CMS/select_--Select--Disposable de'

2018-05-05 19:32:21 - [MESSAGE][PASSED] - All options with index in [5] are selected on object 'Object Repository/Schedule8/Page_KDMC - CMS/select_--Select--Disposable de'

2018-05-05 19:32:21 - [TEST_STEP][PASSED] - setText: Text '500' is set on object 'Object Repository/Schedule8/Page_KDMC - CMS/input_txttreat'

2018-05-05 19:32:21 - [MESSAGE][PASSED] - Text '500' is set on object 'Object Repository/Schedule8/Page_KDMC - CMS/input_txttreat'

2018-05-05 19:32:21 - [TEST_STEP][PASSED] - click: Object: 'Object Repository/Schedule8/Page_KDMC - CMS/button_Add' is clicked on

2018-05-05 19:32:21 - [MESSAGE][PASSED] - Object: 'Object Repository/Schedule8/Page_KDMC - CMS/button_Add' is clicked on

2018-05-05 19:32:21 - [TEST_STEP][PASSED] - selectOptionByIndex: All options with index in [8] are selected on object 'Object Repository/Schedule8/Page_KDMC - CMS/select_--Select--Schedule 1Inj'

2018-05-05 19:32:21 - [MESSAGE][PASSED] - All options with index in [8] are selected on object 'Object Repository/Schedule8/Page_KDMC - CMS/select_--Select--Schedule 1Inj'

2018-05-05 19:32:21 - [TEST_STEP][PASSED] - selectOptionByIndex: All options with index in [6] are selected on object 'Object Repository/Schedule8/Page_KDMC - CMS/select_--Select--Disposable de'

2018-05-05 19:32:22 - [MESSAGE][PASSED] - All options with index in [6] are selected on object 'Object Repository/Schedule8/Page_KDMC - CMS/select_--Select--Disposable de'

2018-05-05 19:32:22 - [TEST_STEP][PASSED] - setText: Text '500' is set on object 'Object Repository/Schedule8/Page_KDMC - CMS/input_txttreat'

2018-05-05 19:32:22 - [MESSAGE][PASSED] - Text '500' is set on object 'Object Repository/Schedule8/Page_KDMC - CMS/input_txttreat'

2018-05-05 19:32:22 - [TEST_STEP][PASSED] - click: Object: 'Object Repository/Schedule8/Page_KDMC - CMS/button_Add' is clicked on

2018-05-05 19:32:22 - [MESSAGE][PASSED] - Object: 'Object Repository/Schedule8/Page_KDMC - CMS/button_Add' is clicked on

2018-05-05 19:32:22 - [TEST_STEP][PASSED] - selectOptionByIndex: All options with index in [8] are selected on object 'Object Repository/Schedule8/Page_KDMC - CMS/select_--Select--Schedule 1Inj'

2018-05-05 19:32:22 - [MESSAGE][PASSED] - All options with index in [8] are selected on object 'Object Repository/Schedule8/Page_KDMC - CMS/select_--Select--Schedule 1Inj'

2018-05-05 19:32:22 - [TEST_STEP][PASSED] - selectOptionByIndex: All options with index in [7] are selected on object 'Object Repository/Schedule8/Page_KDMC - CMS/select_--Select--Disposable de'

2018-05-05 19:32:23 - [MESSAGE][PASSED] - All options with index in [7] are selected on object 'Object Repository/Schedule8/Page_KDMC - CMS/select_--Select--Disposable de'

2018-05-05 19:32:23 - [TEST_STEP][PASSED] - setText: Text '500' is set on object 'Object Repository/Schedule8/Page_KDMC - CMS/input_txttreat'

2018-05-05 19:32:23 - [MESSAGE][PASSED] - Text '500' is set on object 'Object Repository/Schedule8/Page_KDMC - CMS/input_txttreat'

2018-05-05 19:32:23 - [TEST_STEP][PASSED] - click: Object: 'Object Repository/Schedule8/Page_KDMC - CMS/button_Add' is clicked on

2018-05-05 19:32:23 - [MESSAGE][PASSED] - Object: 'Object Repository/Schedule8/Page_KDMC - CMS/button_Add' is clicked on

2018-05-05 19:32:23 - [TEST_STEP][PASSED] - selectOptionByIndex: All options with index in [8] are selected on object 'Object Repository/Schedule8/Page_KDMC - CMS/select_--Select--Schedule 1Inj'

2018-05-05 19:32:23 - [MESSAGE][PASSED] - All options with index in [8] are selected on object 'Object Repository/Schedule8/Page_KDMC - CMS/select_--Select--Schedule 1Inj'

2018-05-05 19:32:23 - [TEST_STEP][PASSED] - selectOptionByIndex: All options with index in [8] are selected on object 'Object Repository/Schedule8/Page_KDMC - CMS/select_--Select--Disposable de'

2018-05-05 19:32:24 - [MESSAGE][PASSED] - All options with index in [8] are selected on object 'Object Repository/Schedule8/Page_KDMC - CMS/select_--Select--Disposable de'

2018-05-05 19:32:24 - [TEST_STEP][PASSED] - setText: Text '500' is set on object 'Object Repository/Schedule8/Page_KDMC - CMS/input_txttreat'

2018-05-05 19:32:24 - [MESSAGE][PASSED] - Text '500' is set on object 'Object Repository/Schedule8/Page_KDMC - CMS/input_txttreat'

2018-05-05 19:32:24 - [TEST_STEP][PASSED] - click: Object: 'Object Repository/Schedule8/Page_KDMC - CMS/button_Add' is clicked on

2018-05-05 19:32:24 - [MESSAGE][PASSED] - Object: 'Object Repository/Schedule8/Page_KDMC - CMS/button_Add' is clicked on

2018-05-05 19:32:24 - [TEST_STEP][PASSED] - selectOptionByIndex: All options with index in [8] are selected on object 'Object Repository/Schedule8/Page_KDMC - CMS/select_--Select--Schedule 1Inj'

2018-05-05 19:32:24 - [MESSAGE][PASSED] - All options with index in [8] are selected on object 'Object Repository/Schedule8/Page_KDMC - CMS/select_--Select--Schedule 1Inj'

2018-05-05 19:32:24 - [TEST_STEP][PASSED] - selectOptionByIndex: All options with index in [9] are selected on object 'Object Repository/Schedule8/Page_KDMC - CMS/select_--Select--Disposable de'

2018-05-05 19:32:25 - [MESSAGE][PASSED] - All options with index in [9] are selected on object 'Object Repository/Schedule8/Page_KDMC - CMS/select_--Select--Disposable de'

2018-05-05 19:32:25 - [TEST_STEP][PASSED] - setText: Text '500' is set on object 'Object Repository/Schedule8/Page_KDMC - CMS/input_txttreat'

2018-05-05 19:32:25 - [MESSAGE][PASSED] - Text '500' is set on object 'Object Repository/Schedule8/Page_KDMC - CMS/input_txttreat'

2018-05-05 19:32:25 - [TEST_STEP][PASSED] - click: Object: 'Object Repository/Schedule8/Page_KDMC - CMS/button_Add' is clicked on

2018-05-05 19:32:25 - [MESSAGE][PASSED] - Object: 'Object Repository/Schedule8/Page_KDMC - CMS/button_Add' is clicked on

2018-05-05 19:32:25 - [TEST_STEP][PASSED] - selectOptionByIndex: All options with index in [8] are selected on object 'Object Repository/Schedule8/Page_KDMC - CMS/select_--Select--Schedule 1Inj'

2018-05-05 19:32:25 - [MESSAGE][PASSED] - All options with index in [8] are selected on object 'Object Repository/Schedule8/Page_KDMC - CMS/select_--Select--Schedule 1Inj'

2018-05-05 19:32:25 - [TEST_STEP][PASSED] - selectOptionByIndex: All options with index in [10] are selected on object 'Object Repository/Schedule8/Page_KDMC - CMS/select_--Select--Disposable de'

2018-05-05 19:32:26 - [MESSAGE][PASSED] - All options with index in [10] are selected on object 'Object Repository/Schedule8/Page_KDMC - CMS/select_--Select--Disposable de'

2018-05-05 19:32:26 - [TEST_STEP][PASSED] - setText: Text '500' is set on object 'Object Repository/Schedule8/Page_KDMC - CMS/input_txttreat'

2018-05-05 19:32:26 - [MESSAGE][PASSED] - Text '500' is set on object 'Object Repository/Schedule8/Page_KDMC - CMS/input_txttreat'

2018-05-05 19:32:26 - [TEST_STEP][PASSED] - click: Object: 'Object Repository/Schedule8/Page_KDMC - CMS/button_Add' is clicked on

2018-05-05 19:32:26 - [MESSAGE][PASSED] - Object: 'Object Repository/Schedule8/Page_KDMC - CMS/button_Add' is clicked on

2018-05-05 19:32:26 - [TEST_STEP][PASSED] - selectOptionByIndex: All options with index in [8] are selected on object 'Object Repository/Schedule8/Page_KDMC - CMS/select_--Select--Schedule 1Inj'

2018-05-05 19:32:27 - [MESSAGE][PASSED] - All options with index in [8] are selected on object 'Object Repository/Schedule8/Page_KDMC - CMS/select_--Select--Schedule 1Inj'

2018-05-05 19:32:27 - [TEST_STEP][PASSED] - selectOptionByIndex: All options with index in [11] are selected on object 'Object Repository/Schedule8/Page_KDMC - CMS/select_--Select--Disposable de'

2018-05-05 19:32:27 - [MESSAGE][PASSED] - All options with index in [11] are selected on object 'Object Repository/Schedule8/Page_KDMC - CMS/select_--Select--Disposable de'

2018-05-05 19:32:27 - [TEST_STEP][PASSED] - setText: Text '500' is set on object 'Object Repository/Schedule8/Page_KDMC - CMS/input_txttreat'

2018-05-05 19:32:27 - [MESSAGE][PASSED] - Text '500' is set on object 'Object Repository/Schedule8/Page_KDMC - CMS/input_txttreat'

2018-05-05 19:32:27 - [TEST_STEP][PASSED] - click: Object: 'Object Repository/Schedule8/Page_KDMC - CMS/button_Add' is clicked on

2018-05-05 19:32:27 - [MESSAGE][PASSED] - Object: 'Object Repository/Schedule8/Page_KDMC - CMS/button_Add' is clicked on

2018-05-05 19:32:27 - [TEST_STEP][PASSED] - selectOptionByIndex: All options with index in [8] are selected on object 'Object Repository/Schedule8/Page_KDMC - CMS/select_--Select--Schedule 1Inj'

2018-05-05 19:32:28 - [MESSAGE][PASSED] - All options with index in [8] are selected on object 'Object Repository/Schedule8/Page_KDMC - CMS/select_--Select--Schedule 1Inj'

2018-05-05 19:32:28 - [TEST_STEP][PASSED] - selectOptionByIndex: All options with index in [12] are selected on object 'Object Repository/Schedule8/Page_KDMC - CMS/select_--Select--Disposable de'

2018-05-05 19:32:28 - [MESSAGE][PASSED] - All options with index in [12] are selected on object 'Object Repository/Schedule8/Page_KDMC - CMS/select_--Select--Disposable de'

2018-05-05 19:32:28 - [TEST_STEP][PASSED] - setText: Text '500' is set on object 'Object Repository/Schedule8/Page_KDMC - CMS/input_txttreat'

2018-05-05 19:32:28 - [MESSAGE][PASSED] - Text '500' is set on object 'Object Repository/Schedule8/Page_KDMC - CMS/input_txttreat'

2018-05-05 19:32:28 - [TEST_STEP][PASSED] - click: Object: 'Object Repository/Schedule8/Page_KDMC - CMS/button_Add' is clicked on

2018-05-05 19:32:29 - [MESSAGE][PASSED] - Object: 'Object Repository/Schedule8/Page_KDMC - CMS/button_Add' is clicked on

2018-05-05 19:32:29 - [TEST_STEP][PASSED] - selectOptionByIndex: All options with index in [8] are selected on object 'Object Repository/Schedule8/Page_KDMC - CMS/select_--Select--Schedule 1Inj'

2018-05-05 19:32:29 - [MESSAGE][PASSED] - All options with index in [8] are selected on object 'Object Repository/Schedule8/Page_KDMC - CMS/select_--Select--Schedule 1Inj'

2018-05-05 19:32:29 - [TEST_STEP][PASSED] - selectOptionByIndex: All options with index in [13] are selected on object 'Object Repository/Schedule8/Page_KDMC - CMS/select_--Select--Disposable de'

2018-05-05 19:32:29 - [MESSAGE][PASSED] - All options with index in [13] are selected on object 'Object Repository/Schedule8/Page_KDMC - CMS/select_--Select--Disposable de'

2018-05-05 19:32:29 - [TEST_STEP][PASSED] - setText: Text '500' is set on object 'Object Repository/Schedule8/Page_KDMC - CMS/input_txttreat'

2018-05-05 19:32:30 - [MESSAGE][PASSED] - Text '500' is set on object 'Object Repository/Schedule8/Page_KDMC - CMS/input_txttreat'

2018-05-05 19:32:30 - [TEST_STEP][PASSED] - click: Object: 'Object Repository/Schedule8/Page_KDMC - CMS/button_Add' is clicked on

2018-05-05 19:32:30 - [MESSAGE][PASSED] - Object: 'Object Repository/Schedule8/Page_KDMC - CMS/button_Add' is clicked on

2018-05-05 19:32:30 - [TEST_STEP][PASSED] - selectOptionByIndex: All options with index in [8] are selected on object 'Object Repository/Schedule8/Page_KDMC - CMS/select_--Select--Schedule 1Inj'

2018-05-05 19:32:30 - [MESSAGE][PASSED] - All options with index in [8] are selected on object 'Object Repository/Schedule8/Page_KDMC - CMS/select_--Select--Schedule 1Inj'

2018-05-05 19:32:30 - [TEST_STEP][PASSED] - selectOptionByIndex: All options with index in [14] are selected on object 'Object Repository/Schedule8/Page_KDMC - CMS/select_--Select--Disposable de'

2018-05-05 19:32:31 - [MESSAGE][PASSED] - All options with index in [14] are selected on object 'Object Repository/Schedule8/Page_KDMC - CMS/select_--Select--Disposable de'

2018-05-05 19:32:31 - [TEST_STEP][PASSED] - setText: Text '500' is set on object 'Object Repository/Schedule8/Page_KDMC - CMS/input_txttreat'

2018-05-05 19:32:31 - [MESSAGE][PASSED] - Text '500' is set on object 'Object Repository/Schedule8/Page_KDMC - CMS/input_txttreat'

2018-05-05 19:32:31 - [TEST_STEP][PASSED] - click: Object: 'Object Repository/Schedule8/Page_KDMC - CMS/button_Add' is clicked on

2018-05-05 19:32:31 - [MESSAGE][PASSED] - Object: 'Object Repository/Schedule8/Page_KDMC - CMS/button_Add' is clicked on

2018-05-05 19:32:31 - [TEST_STEP][PASSED] - selectOptionByIndex: All options with index in [8] are selected on object 'Object Repository/Schedule8/Page_KDMC - CMS/select_--Select--Schedule 1Inj'

2018-05-05 19:32:31 - [MESSAGE][PASSED] - All options with index in [8] are selected on object 'Object Repository/Schedule8/Page_KDMC - CMS/select_--Select--Schedule 1Inj'

2018-05-05 19:32:31 - [TEST_STEP][PASSED] - selectOptionByIndex: All options with index in [15] are selected on object 'Object Repository/Schedule8/Page_KDMC - CMS/select_--Select--Disposable de'

2018-05-05 19:32:32 - [MESSAGE][PASSED] - All options with index in [15] are selected on object 'Object Repository/Schedule8/Page_KDMC - CMS/select_--Select--Disposable de'

2018-05-05 19:32:32 - [TEST_STEP][PASSED] - setText: Text '500' is set on object 'Object Repository/Schedule8/Page_KDMC - CMS/input_txttreat'

2018-05-05 19:32:32 - [MESSAGE][PASSED] - Text '500' is set on object 'Object Repository/Schedule8/Page_KDMC - CMS/input_txttreat'

2018-05-05 19:32:32 - [TEST_STEP][PASSED] - click: Object: 'Object Repository/Schedule8/Page_KDMC - CMS/button_Add' is clicked on

2018-05-05 19:32:32 - [MESSAGE][PASSED] - Object: 'Object Repository/Schedule8/Page_KDMC - CMS/button_Add' is clicked on

2018-05-05 19:32:32 - [TEST_STEP][PASSED] - selectOptionByIndex: All options with index in [8] are selected on object 'Object Repository/Schedule8/Page_KDMC - CMS/select_--Select--Schedule 1Inj'

2018-05-05 19:32:32 - [MESSAGE][PASSED] - All options with index in [8] are selected on object 'Object Repository/Schedule8/Page_KDMC - CMS/select_--Select--Schedule 1Inj'

2018-05-05 19:32:32 - [TEST_STEP][PASSED] - selectOptionByIndex: All options with index in [16] are selected on object 'Object Repository/Schedule8/Page_KDMC - CMS/select_--Select--Disposable de'

2018-05-05 19:32:33 - [MESSAGE][PASSED] - All options with index in [16] are selected on object 'Object Repository/Schedule8/Page_KDMC - CMS/select_--Select--Disposable de'

2018-05-05 19:32:33 - [TEST_STEP][PASSED] - setText: Text '500' is set on object 'Object Repository/Schedule8/Page_KDMC - CMS/input_txttreat'

2018-05-05 19:32:33 - [MESSAGE][PASSED] - Text '500' is set on object 'Object Repository/Schedule8/Page_KDMC - CMS/input_txttreat'

2018-05-05 19:32:33 - [TEST_STEP][PASSED] - click: Object: 'Object Repository/Schedule8/Page_KDMC - CMS/button_Add' is clicked on

2018-05-05 19:32:33 - [MESSAGE][PASSED] - Object: 'Object Repository/Schedule8/Page_KDMC - CMS/button_Add' is clicked on

2018-05-05 19:32:33 - [TEST_STEP][PASSED] - selectOptionByIndex: All options with index in [8] are selected on object 'Object Repository/Schedule8/Page_KDMC - CMS/select_--Select--Schedule 1Inj'

2018-05-05 19:32:33 - [MESSAGE][PASSED] - All options with index in [8] are selected on object 'Object Repository/Schedule8/Page_KDMC - CMS/select_--Select--Schedule 1Inj'

2018-05-05 19:32:33 - [TEST_STEP][PASSED] - selectOptionByIndex: All options with index in [17] are selected on object 'Object Repository/Schedule8/Page_KDMC - CMS/select_--Select--Disposable de'

2018-05-05 19:32:34 - [MESSAGE][PASSED] - All options with index in [17] are selected on object 'Object Repository/Schedule8/Page_KDMC - CMS/select_--Select--Disposable de'

2018-05-05 19:32:34 - [TEST_STEP][PASSED] - setText: Text '500' is set on object 'Object Repository/Schedule8/Page_KDMC - CMS/input_txttreat'

2018-05-05 19:32:34 - [MESSAGE][PASSED] - Text '500' is set on object 'Object Repository/Schedule8/Page_KDMC - CMS/input_txttreat'

2018-05-05 19:32:34 - [TEST_STEP][PASSED] - click: Object: 'Object Repository/Schedule8/Page_KDMC - CMS/button_Add' is clicked on

2018-05-05 19:32:34 - [MESSAGE][PASSED] - Object: 'Object Repository/Schedule8/Page_KDMC - CMS/button_Add' is clicked on

2018-05-05 19:32:34 - [TEST_STEP][PASSED] - scrollToElement: Scroll to object 'Object Repository/Schedule8/Page_KDMC - CMS/input_btnsave' successfully

2018-05-05 19:32:34 - [MESSAGE][PASSED] - Scroll to object 'Object Repository/Schedule8/Page_KDMC - CMS/input_btnsave' successfully

2018-05-05 19:32:34 - [TEST_STEP][PASSED] - click: Object: 'Object Repository/Schedule8/Page_KDMC - CMS/input_btnsave' is clicked on

2018-05-05 19:32:34 - [MESSAGE][PASSED] - Object: 'Object Repository/Schedule8/Page_KDMC - CMS/input_btnsave' is clicked on

2018-05-05 19:32:34 - [TEST_STEP][PASSED] - delay: Delayed 3 second(s)

2018-05-05 19:32:37 - [MESSAGE][PASSED] - Delayed 3 second(s)

2018-05-05 19:32:37 - [TEST_STEP][PASSED] - click: Object: 'Object Repository/Schedule8/Page_KDMC - CMS/button_OK' is clicked on

2018-05-05 19:32:38 - [MESSAGE][PASSED] - Object: 'Object Repository/Schedule8/Page_KDMC - CMS/button_OK' is clicked on

2018-05-05 19:32:38 - [TEST_STEP][PASSED] - delay: Delayed 3 second(s)

2018-05-05 19:32:41 - [MESSAGE][PASSED] - Delayed 3 second(s)

2018-05-05 19:32:41 - [TEST_STEP][PASSED] - click: Object: 'Object Repository/Schedule8/Page_KDMC - CMS/a_dropdown-toggle' is clicked on

2018-05-05 19:32:41 - [MESSAGE][PASSED] - Object: 'Object Repository/Schedule8/Page_KDMC - CMS/a_dropdown-toggle' is clicked on

2018-05-05 19:32:41 - [TEST_STEP][PASSED] - click: Object: 'Object Repository/Schedule8/Page_KDMC - CMS/a_Sign out' is clicked on

2018-05-05 19:32:41 - [MESSAGE][PASSED] - Object: 'Object Repository/Schedule8/Page_KDMC - CMS/a_Sign out' is clicked on

2018-05-05 19:32:41 - [TEST_STEP][PASSED] - deleteAllCookies: Delete all cookies successfully

2018-05-05 19:32:42 - [MESSAGE][PASSED] - Delete all cookies successfully

2018-05-05 19:32:42 - [TEST_STEP][PASSED] - closeBrowser: Browser is closed

2018-05-05 19:32:42 - [MESSAGE][PASSED] - Browser is closed]]></system-out>
         <system-err><![CDATA[]]></system-err>
      </testcase>
      <testcase name="Test Cases/MOH TO CMS REQUEST/MohRequestSchedule9" classname="Test Cases/MOH TO CMS REQUEST/MohRequestSchedule9" status="PASSED">
         <system-out><![CDATA[2018-05-05 19:32:42 - [TEST_CASE][PASSED] - Test Cases/MOH TO CMS REQUEST/MohRequestSchedule9: Test Cases/MOH TO CMS REQUEST/MohRequestSchedule9

2018-05-05 19:32:42 - [TEST_STEP][PASSED] - openBrowser: Browser is opened with url: ''

2018-05-05 19:32:44 - [MESSAGE][PASSED] - Browser is opened with url: ''

2018-05-05 19:32:44 - [TEST_STEP][PASSED] - navigateToUrl: Navigate to 'http://192.168.137.1/multihospital_new/' successfully

2018-05-05 19:32:46 - [MESSAGE][PASSED] - Navigate to 'http://192.168.137.1/multihospital_new/' successfully

2018-05-05 19:32:46 - [TEST_STEP][PASSED] - maximizeWindow: Current window maximized

2018-05-05 19:32:47 - [MESSAGE][PASSED] - Current window maximized

2018-05-05 19:32:47 - [TEST_STEP][PASSED] - click: Object: 'Object Repository/Schedule9/Page_KDMC/a_CMS' is clicked on

2018-05-05 19:32:48 - [MESSAGE][PASSED] - Object: 'Object Repository/Schedule9/Page_KDMC/a_CMS' is clicked on

2018-05-05 19:32:48 - [TEST_STEP][PASSED] - setText: Text 'bala' is set on object 'Object Repository/Schedule9/Page_CMS login/input_txtusername'

2018-05-05 19:32:48 - [MESSAGE][PASSED] - Text 'bala' is set on object 'Object Repository/Schedule9/Page_CMS login/input_txtusername'

2018-05-05 19:32:48 - [TEST_STEP][PASSED] - setText: Text '123' is set on object 'Object Repository/Schedule9/Page_CMS login/input_txtpassword'

2018-05-05 19:32:48 - [MESSAGE][PASSED] - Text '123' is set on object 'Object Repository/Schedule9/Page_CMS login/input_txtpassword'

2018-05-05 19:32:48 - [TEST_STEP][PASSED] - delay: Delayed 3 second(s)

2018-05-05 19:32:51 - [MESSAGE][PASSED] - Delayed 3 second(s)

2018-05-05 19:32:51 - [TEST_STEP][PASSED] - click: Object: 'Object Repository/Schedule9/Page_CMS login/button_Sign in' is clicked on

2018-05-05 19:32:52 - [MESSAGE][PASSED] - Object: 'Object Repository/Schedule9/Page_CMS login/button_Sign in' is clicked on

2018-05-05 19:32:52 - [TEST_STEP][PASSED] - click: Object: 'Object Repository/Schedule9/Page_KDMC - CMS/a_Request to MOH' is clicked on

2018-05-05 19:32:53 - [MESSAGE][PASSED] - Object: 'Object Repository/Schedule9/Page_KDMC - CMS/a_Request to MOH' is clicked on

2018-05-05 19:32:53 - [TEST_STEP][PASSED] - selectOptionByIndex: All options with index in [2] are selected on object 'Object Repository/Schedule9/Page_KDMC - CMS/select_--Select--'

2018-05-05 19:32:53 - [MESSAGE][PASSED] - All options with index in [2] are selected on object 'Object Repository/Schedule9/Page_KDMC - CMS/select_--Select--'

2018-05-05 19:32:53 - [TEST_STEP][PASSED] - selectOptionByIndex: All options with index in [9] are selected on object 'Object Repository/Schedule9/Page_KDMC - CMS/select_--Select--Schedule 1Inj'

2018-05-05 19:32:53 - [MESSAGE][PASSED] - All options with index in [9] are selected on object 'Object Repository/Schedule9/Page_KDMC - CMS/select_--Select--Schedule 1Inj'

2018-05-05 19:32:53 - [TEST_STEP][PASSED] - Statement - Selectedoption = com.kms.katalon.core.webui.keyword.WebUiBuiltInKeywords.getNumberOfTotalOption(com.kms.katalon.core.testobject.ObjectRepository.findTestObject(Schedule9/Page_KDMC - CMS/select_--Select--Blood Transfu)): 36 options of object 'Object Repository/Schedule9/Page_KDMC - CMS/select_--Select--Blood Transfu' counted

2018-05-05 19:32:53 - [MESSAGE][PASSED] - 36 options of object 'Object Repository/Schedule9/Page_KDMC - CMS/select_--Select--Blood Transfu' counted

2018-05-05 19:32:53 - [TEST_STEP][PASSED] - Statement - For ([a = 1, a < Selectedoption, (a++)]): Object: 'Object Repository/Schedule9/Page_KDMC - CMS/button_Add' is clicked on

2018-05-05 19:32:53 - [TEST_STEP][PASSED] - selectOptionByIndex: All options with index in [9] are selected on object 'Object Repository/Schedule9/Page_KDMC - CMS/select_--Select--Schedule 1Inj'

2018-05-05 19:32:53 - [MESSAGE][PASSED] - All options with index in [9] are selected on object 'Object Repository/Schedule9/Page_KDMC - CMS/select_--Select--Schedule 1Inj'

2018-05-05 19:32:53 - [TEST_STEP][PASSED] - selectOptionByIndex: All options with index in [1] are selected on object 'Object Repository/Schedule9/Page_KDMC - CMS/select_--Select--Blood Transfu'

2018-05-05 19:32:53 - [MESSAGE][PASSED] - All options with index in [1] are selected on object 'Object Repository/Schedule9/Page_KDMC - CMS/select_--Select--Blood Transfu'

2018-05-05 19:32:53 - [TEST_STEP][PASSED] - setText: Text '50000' is set on object 'Object Repository/Schedule9/Page_KDMC - CMS/input_txttreat'

2018-05-05 19:32:54 - [MESSAGE][PASSED] - Text '50000' is set on object 'Object Repository/Schedule9/Page_KDMC - CMS/input_txttreat'

2018-05-05 19:32:54 - [TEST_STEP][PASSED] - click: Object: 'Object Repository/Schedule9/Page_KDMC - CMS/button_Add' is clicked on

2018-05-05 19:32:54 - [MESSAGE][PASSED] - Object: 'Object Repository/Schedule9/Page_KDMC - CMS/button_Add' is clicked on

2018-05-05 19:32:54 - [TEST_STEP][PASSED] - selectOptionByIndex: All options with index in [9] are selected on object 'Object Repository/Schedule9/Page_KDMC - CMS/select_--Select--Schedule 1Inj'

2018-05-05 19:32:54 - [MESSAGE][PASSED] - All options with index in [9] are selected on object 'Object Repository/Schedule9/Page_KDMC - CMS/select_--Select--Schedule 1Inj'

2018-05-05 19:32:54 - [TEST_STEP][PASSED] - selectOptionByIndex: All options with index in [2] are selected on object 'Object Repository/Schedule9/Page_KDMC - CMS/select_--Select--Blood Transfu'

2018-05-05 19:32:54 - [MESSAGE][PASSED] - All options with index in [2] are selected on object 'Object Repository/Schedule9/Page_KDMC - CMS/select_--Select--Blood Transfu'

2018-05-05 19:32:54 - [TEST_STEP][PASSED] - setText: Text '50000' is set on object 'Object Repository/Schedule9/Page_KDMC - CMS/input_txttreat'

2018-05-05 19:32:55 - [MESSAGE][PASSED] - Text '50000' is set on object 'Object Repository/Schedule9/Page_KDMC - CMS/input_txttreat'

2018-05-05 19:32:55 - [TEST_STEP][PASSED] - click: Object: 'Object Repository/Schedule9/Page_KDMC - CMS/button_Add' is clicked on

2018-05-05 19:32:55 - [MESSAGE][PASSED] - Object: 'Object Repository/Schedule9/Page_KDMC - CMS/button_Add' is clicked on

2018-05-05 19:32:55 - [TEST_STEP][PASSED] - selectOptionByIndex: All options with index in [9] are selected on object 'Object Repository/Schedule9/Page_KDMC - CMS/select_--Select--Schedule 1Inj'

2018-05-05 19:32:55 - [MESSAGE][PASSED] - All options with index in [9] are selected on object 'Object Repository/Schedule9/Page_KDMC - CMS/select_--Select--Schedule 1Inj'

2018-05-05 19:32:55 - [TEST_STEP][PASSED] - selectOptionByIndex: All options with index in [3] are selected on object 'Object Repository/Schedule9/Page_KDMC - CMS/select_--Select--Blood Transfu'

2018-05-05 19:32:55 - [MESSAGE][PASSED] - All options with index in [3] are selected on object 'Object Repository/Schedule9/Page_KDMC - CMS/select_--Select--Blood Transfu'

2018-05-05 19:32:55 - [TEST_STEP][PASSED] - setText: Text '50000' is set on object 'Object Repository/Schedule9/Page_KDMC - CMS/input_txttreat'

2018-05-05 19:32:55 - [MESSAGE][PASSED] - Text '50000' is set on object 'Object Repository/Schedule9/Page_KDMC - CMS/input_txttreat'

2018-05-05 19:32:55 - [TEST_STEP][PASSED] - click: Object: 'Object Repository/Schedule9/Page_KDMC - CMS/button_Add' is clicked on

2018-05-05 19:32:55 - [MESSAGE][PASSED] - Object: 'Object Repository/Schedule9/Page_KDMC - CMS/button_Add' is clicked on

2018-05-05 19:32:55 - [TEST_STEP][PASSED] - selectOptionByIndex: All options with index in [9] are selected on object 'Object Repository/Schedule9/Page_KDMC - CMS/select_--Select--Schedule 1Inj'

2018-05-05 19:32:55 - [MESSAGE][PASSED] - All options with index in [9] are selected on object 'Object Repository/Schedule9/Page_KDMC - CMS/select_--Select--Schedule 1Inj'

2018-05-05 19:32:55 - [TEST_STEP][PASSED] - selectOptionByIndex: All options with index in [4] are selected on object 'Object Repository/Schedule9/Page_KDMC - CMS/select_--Select--Blood Transfu'

2018-05-05 19:32:56 - [MESSAGE][PASSED] - All options with index in [4] are selected on object 'Object Repository/Schedule9/Page_KDMC - CMS/select_--Select--Blood Transfu'

2018-05-05 19:32:56 - [TEST_STEP][PASSED] - setText: Text '50000' is set on object 'Object Repository/Schedule9/Page_KDMC - CMS/input_txttreat'

2018-05-05 19:32:56 - [MESSAGE][PASSED] - Text '50000' is set on object 'Object Repository/Schedule9/Page_KDMC - CMS/input_txttreat'

2018-05-05 19:32:56 - [TEST_STEP][PASSED] - click: Object: 'Object Repository/Schedule9/Page_KDMC - CMS/button_Add' is clicked on

2018-05-05 19:32:56 - [MESSAGE][PASSED] - Object: 'Object Repository/Schedule9/Page_KDMC - CMS/button_Add' is clicked on

2018-05-05 19:32:56 - [TEST_STEP][PASSED] - selectOptionByIndex: All options with index in [9] are selected on object 'Object Repository/Schedule9/Page_KDMC - CMS/select_--Select--Schedule 1Inj'

2018-05-05 19:32:56 - [MESSAGE][PASSED] - All options with index in [9] are selected on object 'Object Repository/Schedule9/Page_KDMC - CMS/select_--Select--Schedule 1Inj'

2018-05-05 19:32:56 - [TEST_STEP][PASSED] - selectOptionByIndex: All options with index in [5] are selected on object 'Object Repository/Schedule9/Page_KDMC - CMS/select_--Select--Blood Transfu'

2018-05-05 19:32:57 - [MESSAGE][PASSED] - All options with index in [5] are selected on object 'Object Repository/Schedule9/Page_KDMC - CMS/select_--Select--Blood Transfu'

2018-05-05 19:32:57 - [TEST_STEP][PASSED] - setText: Text '50000' is set on object 'Object Repository/Schedule9/Page_KDMC - CMS/input_txttreat'

2018-05-05 19:32:57 - [MESSAGE][PASSED] - Text '50000' is set on object 'Object Repository/Schedule9/Page_KDMC - CMS/input_txttreat'

2018-05-05 19:32:57 - [TEST_STEP][PASSED] - click: Object: 'Object Repository/Schedule9/Page_KDMC - CMS/button_Add' is clicked on

2018-05-05 19:32:57 - [MESSAGE][PASSED] - Object: 'Object Repository/Schedule9/Page_KDMC - CMS/button_Add' is clicked on

2018-05-05 19:32:57 - [TEST_STEP][PASSED] - selectOptionByIndex: All options with index in [9] are selected on object 'Object Repository/Schedule9/Page_KDMC - CMS/select_--Select--Schedule 1Inj'

2018-05-05 19:32:57 - [MESSAGE][PASSED] - All options with index in [9] are selected on object 'Object Repository/Schedule9/Page_KDMC - CMS/select_--Select--Schedule 1Inj'

2018-05-05 19:32:57 - [TEST_STEP][PASSED] - selectOptionByIndex: All options with index in [6] are selected on object 'Object Repository/Schedule9/Page_KDMC - CMS/select_--Select--Blood Transfu'

2018-05-05 19:32:57 - [MESSAGE][PASSED] - All options with index in [6] are selected on object 'Object Repository/Schedule9/Page_KDMC - CMS/select_--Select--Blood Transfu'

2018-05-05 19:32:57 - [TEST_STEP][PASSED] - setText: Text '50000' is set on object 'Object Repository/Schedule9/Page_KDMC - CMS/input_txttreat'

2018-05-05 19:32:58 - [MESSAGE][PASSED] - Text '50000' is set on object 'Object Repository/Schedule9/Page_KDMC - CMS/input_txttreat'

2018-05-05 19:32:58 - [TEST_STEP][PASSED] - click: Object: 'Object Repository/Schedule9/Page_KDMC - CMS/button_Add' is clicked on

2018-05-05 19:32:58 - [MESSAGE][PASSED] - Object: 'Object Repository/Schedule9/Page_KDMC - CMS/button_Add' is clicked on

2018-05-05 19:32:58 - [TEST_STEP][PASSED] - selectOptionByIndex: All options with index in [9] are selected on object 'Object Repository/Schedule9/Page_KDMC - CMS/select_--Select--Schedule 1Inj'

2018-05-05 19:32:58 - [MESSAGE][PASSED] - All options with index in [9] are selected on object 'Object Repository/Schedule9/Page_KDMC - CMS/select_--Select--Schedule 1Inj'

2018-05-05 19:32:58 - [TEST_STEP][PASSED] - selectOptionByIndex: All options with index in [7] are selected on object 'Object Repository/Schedule9/Page_KDMC - CMS/select_--Select--Blood Transfu'

2018-05-05 19:32:59 - [MESSAGE][PASSED] - All options with index in [7] are selected on object 'Object Repository/Schedule9/Page_KDMC - CMS/select_--Select--Blood Transfu'

2018-05-05 19:32:59 - [TEST_STEP][PASSED] - setText: Text '50000' is set on object 'Object Repository/Schedule9/Page_KDMC - CMS/input_txttreat'

2018-05-05 19:32:59 - [MESSAGE][PASSED] - Text '50000' is set on object 'Object Repository/Schedule9/Page_KDMC - CMS/input_txttreat'

2018-05-05 19:32:59 - [TEST_STEP][PASSED] - click: Object: 'Object Repository/Schedule9/Page_KDMC - CMS/button_Add' is clicked on

2018-05-05 19:32:59 - [MESSAGE][PASSED] - Object: 'Object Repository/Schedule9/Page_KDMC - CMS/button_Add' is clicked on

2018-05-05 19:32:59 - [TEST_STEP][PASSED] - selectOptionByIndex: All options with index in [9] are selected on object 'Object Repository/Schedule9/Page_KDMC - CMS/select_--Select--Schedule 1Inj'

2018-05-05 19:32:59 - [MESSAGE][PASSED] - All options with index in [9] are selected on object 'Object Repository/Schedule9/Page_KDMC - CMS/select_--Select--Schedule 1Inj'

2018-05-05 19:32:59 - [TEST_STEP][PASSED] - selectOptionByIndex: All options with index in [8] are selected on object 'Object Repository/Schedule9/Page_KDMC - CMS/select_--Select--Blood Transfu'

2018-05-05 19:33:00 - [MESSAGE][PASSED] - All options with index in [8] are selected on object 'Object Repository/Schedule9/Page_KDMC - CMS/select_--Select--Blood Transfu'

2018-05-05 19:33:00 - [TEST_STEP][PASSED] - setText: Text '50000' is set on object 'Object Repository/Schedule9/Page_KDMC - CMS/input_txttreat'

2018-05-05 19:33:00 - [MESSAGE][PASSED] - Text '50000' is set on object 'Object Repository/Schedule9/Page_KDMC - CMS/input_txttreat'

2018-05-05 19:33:00 - [TEST_STEP][PASSED] - click: Object: 'Object Repository/Schedule9/Page_KDMC - CMS/button_Add' is clicked on

2018-05-05 19:33:00 - [MESSAGE][PASSED] - Object: 'Object Repository/Schedule9/Page_KDMC - CMS/button_Add' is clicked on

2018-05-05 19:33:00 - [TEST_STEP][PASSED] - selectOptionByIndex: All options with index in [9] are selected on object 'Object Repository/Schedule9/Page_KDMC - CMS/select_--Select--Schedule 1Inj'

2018-05-05 19:33:00 - [MESSAGE][PASSED] - All options with index in [9] are selected on object 'Object Repository/Schedule9/Page_KDMC - CMS/select_--Select--Schedule 1Inj'

2018-05-05 19:33:00 - [TEST_STEP][PASSED] - selectOptionByIndex: All options with index in [9] are selected on object 'Object Repository/Schedule9/Page_KDMC - CMS/select_--Select--Blood Transfu'

2018-05-05 19:33:01 - [MESSAGE][PASSED] - All options with index in [9] are selected on object 'Object Repository/Schedule9/Page_KDMC - CMS/select_--Select--Blood Transfu'

2018-05-05 19:33:01 - [TEST_STEP][PASSED] - setText: Text '50000' is set on object 'Object Repository/Schedule9/Page_KDMC - CMS/input_txttreat'

2018-05-05 19:33:01 - [MESSAGE][PASSED] - Text '50000' is set on object 'Object Repository/Schedule9/Page_KDMC - CMS/input_txttreat'

2018-05-05 19:33:01 - [TEST_STEP][PASSED] - click: Object: 'Object Repository/Schedule9/Page_KDMC - CMS/button_Add' is clicked on

2018-05-05 19:33:01 - [MESSAGE][PASSED] - Object: 'Object Repository/Schedule9/Page_KDMC - CMS/button_Add' is clicked on

2018-05-05 19:33:01 - [TEST_STEP][PASSED] - selectOptionByIndex: All options with index in [9] are selected on object 'Object Repository/Schedule9/Page_KDMC - CMS/select_--Select--Schedule 1Inj'

2018-05-05 19:33:01 - [MESSAGE][PASSED] - All options with index in [9] are selected on object 'Object Repository/Schedule9/Page_KDMC - CMS/select_--Select--Schedule 1Inj'

2018-05-05 19:33:01 - [TEST_STEP][PASSED] - selectOptionByIndex: All options with index in [10] are selected on object 'Object Repository/Schedule9/Page_KDMC - CMS/select_--Select--Blood Transfu'

2018-05-05 19:33:02 - [MESSAGE][PASSED] - All options with index in [10] are selected on object 'Object Repository/Schedule9/Page_KDMC - CMS/select_--Select--Blood Transfu'

2018-05-05 19:33:02 - [TEST_STEP][PASSED] - setText: Text '50000' is set on object 'Object Repository/Schedule9/Page_KDMC - CMS/input_txttreat'

2018-05-05 19:33:02 - [MESSAGE][PASSED] - Text '50000' is set on object 'Object Repository/Schedule9/Page_KDMC - CMS/input_txttreat'

2018-05-05 19:33:02 - [TEST_STEP][PASSED] - click: Object: 'Object Repository/Schedule9/Page_KDMC - CMS/button_Add' is clicked on

2018-05-05 19:33:02 - [MESSAGE][PASSED] - Object: 'Object Repository/Schedule9/Page_KDMC - CMS/button_Add' is clicked on

2018-05-05 19:33:02 - [TEST_STEP][PASSED] - selectOptionByIndex: All options with index in [9] are selected on object 'Object Repository/Schedule9/Page_KDMC - CMS/select_--Select--Schedule 1Inj'

2018-05-05 19:33:02 - [MESSAGE][PASSED] - All options with index in [9] are selected on object 'Object Repository/Schedule9/Page_KDMC - CMS/select_--Select--Schedule 1Inj'

2018-05-05 19:33:02 - [TEST_STEP][PASSED] - selectOptionByIndex: All options with index in [11] are selected on object 'Object Repository/Schedule9/Page_KDMC - CMS/select_--Select--Blood Transfu'

2018-05-05 19:33:03 - [MESSAGE][PASSED] - All options with index in [11] are selected on object 'Object Repository/Schedule9/Page_KDMC - CMS/select_--Select--Blood Transfu'

2018-05-05 19:33:03 - [TEST_STEP][PASSED] - setText: Text '50000' is set on object 'Object Repository/Schedule9/Page_KDMC - CMS/input_txttreat'

2018-05-05 19:33:03 - [MESSAGE][PASSED] - Text '50000' is set on object 'Object Repository/Schedule9/Page_KDMC - CMS/input_txttreat'

2018-05-05 19:33:03 - [TEST_STEP][PASSED] - click: Object: 'Object Repository/Schedule9/Page_KDMC - CMS/button_Add' is clicked on

2018-05-05 19:33:03 - [MESSAGE][PASSED] - Object: 'Object Repository/Schedule9/Page_KDMC - CMS/button_Add' is clicked on

2018-05-05 19:33:03 - [TEST_STEP][PASSED] - selectOptionByIndex: All options with index in [9] are selected on object 'Object Repository/Schedule9/Page_KDMC - CMS/select_--Select--Schedule 1Inj'

2018-05-05 19:33:03 - [MESSAGE][PASSED] - All options with index in [9] are selected on object 'Object Repository/Schedule9/Page_KDMC - CMS/select_--Select--Schedule 1Inj'

2018-05-05 19:33:03 - [TEST_STEP][PASSED] - selectOptionByIndex: All options with index in [12] are selected on object 'Object Repository/Schedule9/Page_KDMC - CMS/select_--Select--Blood Transfu'

2018-05-05 19:33:04 - [MESSAGE][PASSED] - All options with index in [12] are selected on object 'Object Repository/Schedule9/Page_KDMC - CMS/select_--Select--Blood Transfu'

2018-05-05 19:33:04 - [TEST_STEP][PASSED] - setText: Text '50000' is set on object 'Object Repository/Schedule9/Page_KDMC - CMS/input_txttreat'

2018-05-05 19:33:04 - [MESSAGE][PASSED] - Text '50000' is set on object 'Object Repository/Schedule9/Page_KDMC - CMS/input_txttreat'

2018-05-05 19:33:04 - [TEST_STEP][PASSED] - click: Object: 'Object Repository/Schedule9/Page_KDMC - CMS/button_Add' is clicked on

2018-05-05 19:33:04 - [MESSAGE][PASSED] - Object: 'Object Repository/Schedule9/Page_KDMC - CMS/button_Add' is clicked on

2018-05-05 19:33:04 - [TEST_STEP][PASSED] - selectOptionByIndex: All options with index in [9] are selected on object 'Object Repository/Schedule9/Page_KDMC - CMS/select_--Select--Schedule 1Inj'

2018-05-05 19:33:04 - [MESSAGE][PASSED] - All options with index in [9] are selected on object 'Object Repository/Schedule9/Page_KDMC - CMS/select_--Select--Schedule 1Inj'

2018-05-05 19:33:04 - [TEST_STEP][PASSED] - selectOptionByIndex: All options with index in [13] are selected on object 'Object Repository/Schedule9/Page_KDMC - CMS/select_--Select--Blood Transfu'

2018-05-05 19:33:05 - [MESSAGE][PASSED] - All options with index in [13] are selected on object 'Object Repository/Schedule9/Page_KDMC - CMS/select_--Select--Blood Transfu'

2018-05-05 19:33:05 - [TEST_STEP][PASSED] - setText: Text '50000' is set on object 'Object Repository/Schedule9/Page_KDMC - CMS/input_txttreat'

2018-05-05 19:33:05 - [MESSAGE][PASSED] - Text '50000' is set on object 'Object Repository/Schedule9/Page_KDMC - CMS/input_txttreat'

2018-05-05 19:33:05 - [TEST_STEP][PASSED] - click: Object: 'Object Repository/Schedule9/Page_KDMC - CMS/button_Add' is clicked on

2018-05-05 19:33:05 - [MESSAGE][PASSED] - Object: 'Object Repository/Schedule9/Page_KDMC - CMS/button_Add' is clicked on

2018-05-05 19:33:05 - [TEST_STEP][PASSED] - selectOptionByIndex: All options with index in [9] are selected on object 'Object Repository/Schedule9/Page_KDMC - CMS/select_--Select--Schedule 1Inj'

2018-05-05 19:33:05 - [MESSAGE][PASSED] - All options with index in [9] are selected on object 'Object Repository/Schedule9/Page_KDMC - CMS/select_--Select--Schedule 1Inj'

2018-05-05 19:33:05 - [TEST_STEP][PASSED] - selectOptionByIndex: All options with index in [14] are selected on object 'Object Repository/Schedule9/Page_KDMC - CMS/select_--Select--Blood Transfu'

2018-05-05 19:33:06 - [MESSAGE][PASSED] - All options with index in [14] are selected on object 'Object Repository/Schedule9/Page_KDMC - CMS/select_--Select--Blood Transfu'

2018-05-05 19:33:06 - [TEST_STEP][PASSED] - setText: Text '50000' is set on object 'Object Repository/Schedule9/Page_KDMC - CMS/input_txttreat'

2018-05-05 19:33:06 - [MESSAGE][PASSED] - Text '50000' is set on object 'Object Repository/Schedule9/Page_KDMC - CMS/input_txttreat'

2018-05-05 19:33:06 - [TEST_STEP][PASSED] - click: Object: 'Object Repository/Schedule9/Page_KDMC - CMS/button_Add' is clicked on

2018-05-05 19:33:06 - [MESSAGE][PASSED] - Object: 'Object Repository/Schedule9/Page_KDMC - CMS/button_Add' is clicked on

2018-05-05 19:33:06 - [TEST_STEP][PASSED] - selectOptionByIndex: All options with index in [9] are selected on object 'Object Repository/Schedule9/Page_KDMC - CMS/select_--Select--Schedule 1Inj'

2018-05-05 19:33:07 - [MESSAGE][PASSED] - All options with index in [9] are selected on object 'Object Repository/Schedule9/Page_KDMC - CMS/select_--Select--Schedule 1Inj'

2018-05-05 19:33:07 - [TEST_STEP][PASSED] - selectOptionByIndex: All options with index in [15] are selected on object 'Object Repository/Schedule9/Page_KDMC - CMS/select_--Select--Blood Transfu'

2018-05-05 19:33:07 - [MESSAGE][PASSED] - All options with index in [15] are selected on object 'Object Repository/Schedule9/Page_KDMC - CMS/select_--Select--Blood Transfu'

2018-05-05 19:33:07 - [TEST_STEP][PASSED] - setText: Text '50000' is set on object 'Object Repository/Schedule9/Page_KDMC - CMS/input_txttreat'

2018-05-05 19:33:07 - [MESSAGE][PASSED] - Text '50000' is set on object 'Object Repository/Schedule9/Page_KDMC - CMS/input_txttreat'

2018-05-05 19:33:07 - [TEST_STEP][PASSED] - click: Object: 'Object Repository/Schedule9/Page_KDMC - CMS/button_Add' is clicked on

2018-05-05 19:33:07 - [MESSAGE][PASSED] - Object: 'Object Repository/Schedule9/Page_KDMC - CMS/button_Add' is clicked on

2018-05-05 19:33:07 - [TEST_STEP][PASSED] - selectOptionByIndex: All options with index in [9] are selected on object 'Object Repository/Schedule9/Page_KDMC - CMS/select_--Select--Schedule 1Inj'

2018-05-05 19:33:08 - [MESSAGE][PASSED] - All options with index in [9] are selected on object 'Object Repository/Schedule9/Page_KDMC - CMS/select_--Select--Schedule 1Inj'

2018-05-05 19:33:08 - [TEST_STEP][PASSED] - selectOptionByIndex: All options with index in [16] are selected on object 'Object Repository/Schedule9/Page_KDMC - CMS/select_--Select--Blood Transfu'

2018-05-05 19:33:08 - [MESSAGE][PASSED] - All options with index in [16] are selected on object 'Object Repository/Schedule9/Page_KDMC - CMS/select_--Select--Blood Transfu'

2018-05-05 19:33:08 - [TEST_STEP][PASSED] - setText: Text '50000' is set on object 'Object Repository/Schedule9/Page_KDMC - CMS/input_txttreat'

2018-05-05 19:33:09 - [MESSAGE][PASSED] - Text '50000' is set on object 'Object Repository/Schedule9/Page_KDMC - CMS/input_txttreat'

2018-05-05 19:33:09 - [TEST_STEP][PASSED] - click: Object: 'Object Repository/Schedule9/Page_KDMC - CMS/button_Add' is clicked on

2018-05-05 19:33:09 - [MESSAGE][PASSED] - Object: 'Object Repository/Schedule9/Page_KDMC - CMS/button_Add' is clicked on

2018-05-05 19:33:09 - [TEST_STEP][PASSED] - selectOptionByIndex: All options with index in [9] are selected on object 'Object Repository/Schedule9/Page_KDMC - CMS/select_--Select--Schedule 1Inj'

2018-05-05 19:33:09 - [MESSAGE][PASSED] - All options with index in [9] are selected on object 'Object Repository/Schedule9/Page_KDMC - CMS/select_--Select--Schedule 1Inj'

2018-05-05 19:33:09 - [TEST_STEP][PASSED] - selectOptionByIndex: All options with index in [17] are selected on object 'Object Repository/Schedule9/Page_KDMC - CMS/select_--Select--Blood Transfu'

2018-05-05 19:33:10 - [MESSAGE][PASSED] - All options with index in [17] are selected on object 'Object Repository/Schedule9/Page_KDMC - CMS/select_--Select--Blood Transfu'

2018-05-05 19:33:10 - [TEST_STEP][PASSED] - setText: Text '50000' is set on object 'Object Repository/Schedule9/Page_KDMC - CMS/input_txttreat'

2018-05-05 19:33:10 - [MESSAGE][PASSED] - Text '50000' is set on object 'Object Repository/Schedule9/Page_KDMC - CMS/input_txttreat'

2018-05-05 19:33:10 - [TEST_STEP][PASSED] - click: Object: 'Object Repository/Schedule9/Page_KDMC - CMS/button_Add' is clicked on

2018-05-05 19:33:10 - [MESSAGE][PASSED] - Object: 'Object Repository/Schedule9/Page_KDMC - CMS/button_Add' is clicked on

2018-05-05 19:33:10 - [TEST_STEP][PASSED] - selectOptionByIndex: All options with index in [9] are selected on object 'Object Repository/Schedule9/Page_KDMC - CMS/select_--Select--Schedule 1Inj'

2018-05-05 19:33:10 - [MESSAGE][PASSED] - All options with index in [9] are selected on object 'Object Repository/Schedule9/Page_KDMC - CMS/select_--Select--Schedule 1Inj'

2018-05-05 19:33:10 - [TEST_STEP][PASSED] - selectOptionByIndex: All options with index in [18] are selected on object 'Object Repository/Schedule9/Page_KDMC - CMS/select_--Select--Blood Transfu'

2018-05-05 19:33:11 - [MESSAGE][PASSED] - All options with index in [18] are selected on object 'Object Repository/Schedule9/Page_KDMC - CMS/select_--Select--Blood Transfu'

2018-05-05 19:33:11 - [TEST_STEP][PASSED] - setText: Text '50000' is set on object 'Object Repository/Schedule9/Page_KDMC - CMS/input_txttreat'

2018-05-05 19:33:11 - [MESSAGE][PASSED] - Text '50000' is set on object 'Object Repository/Schedule9/Page_KDMC - CMS/input_txttreat'

2018-05-05 19:33:11 - [TEST_STEP][PASSED] - click: Object: 'Object Repository/Schedule9/Page_KDMC - CMS/button_Add' is clicked on

2018-05-05 19:33:11 - [MESSAGE][PASSED] - Object: 'Object Repository/Schedule9/Page_KDMC - CMS/button_Add' is clicked on

2018-05-05 19:33:11 - [TEST_STEP][PASSED] - selectOptionByIndex: All options with index in [9] are selected on object 'Object Repository/Schedule9/Page_KDMC - CMS/select_--Select--Schedule 1Inj'

2018-05-05 19:33:11 - [MESSAGE][PASSED] - All options with index in [9] are selected on object 'Object Repository/Schedule9/Page_KDMC - CMS/select_--Select--Schedule 1Inj'

2018-05-05 19:33:11 - [TEST_STEP][PASSED] - selectOptionByIndex: All options with index in [19] are selected on object 'Object Repository/Schedule9/Page_KDMC - CMS/select_--Select--Blood Transfu'

2018-05-05 19:33:12 - [MESSAGE][PASSED] - All options with index in [19] are selected on object 'Object Repository/Schedule9/Page_KDMC - CMS/select_--Select--Blood Transfu'

2018-05-05 19:33:12 - [TEST_STEP][PASSED] - setText: Text '50000' is set on object 'Object Repository/Schedule9/Page_KDMC - CMS/input_txttreat'

2018-05-05 19:33:12 - [MESSAGE][PASSED] - Text '50000' is set on object 'Object Repository/Schedule9/Page_KDMC - CMS/input_txttreat'

2018-05-05 19:33:12 - [TEST_STEP][PASSED] - click: Object: 'Object Repository/Schedule9/Page_KDMC - CMS/button_Add' is clicked on

2018-05-05 19:33:12 - [MESSAGE][PASSED] - Object: 'Object Repository/Schedule9/Page_KDMC - CMS/button_Add' is clicked on

2018-05-05 19:33:12 - [TEST_STEP][PASSED] - selectOptionByIndex: All options with index in [9] are selected on object 'Object Repository/Schedule9/Page_KDMC - CMS/select_--Select--Schedule 1Inj'

2018-05-05 19:33:12 - [MESSAGE][PASSED] - All options with index in [9] are selected on object 'Object Repository/Schedule9/Page_KDMC - CMS/select_--Select--Schedule 1Inj'

2018-05-05 19:33:12 - [TEST_STEP][PASSED] - selectOptionByIndex: All options with index in [20] are selected on object 'Object Repository/Schedule9/Page_KDMC - CMS/select_--Select--Blood Transfu'

2018-05-05 19:33:13 - [MESSAGE][PASSED] - All options with index in [20] are selected on object 'Object Repository/Schedule9/Page_KDMC - CMS/select_--Select--Blood Transfu'

2018-05-05 19:33:13 - [TEST_STEP][PASSED] - setText: Text '50000' is set on object 'Object Repository/Schedule9/Page_KDMC - CMS/input_txttreat'

2018-05-05 19:33:13 - [MESSAGE][PASSED] - Text '50000' is set on object 'Object Repository/Schedule9/Page_KDMC - CMS/input_txttreat'

2018-05-05 19:33:13 - [TEST_STEP][PASSED] - click: Object: 'Object Repository/Schedule9/Page_KDMC - CMS/button_Add' is clicked on

2018-05-05 19:33:13 - [MESSAGE][PASSED] - Object: 'Object Repository/Schedule9/Page_KDMC - CMS/button_Add' is clicked on

2018-05-05 19:33:13 - [TEST_STEP][PASSED] - selectOptionByIndex: All options with index in [9] are selected on object 'Object Repository/Schedule9/Page_KDMC - CMS/select_--Select--Schedule 1Inj'

2018-05-05 19:33:13 - [MESSAGE][PASSED] - All options with index in [9] are selected on object 'Object Repository/Schedule9/Page_KDMC - CMS/select_--Select--Schedule 1Inj'

2018-05-05 19:33:13 - [TEST_STEP][PASSED] - selectOptionByIndex: All options with index in [21] are selected on object 'Object Repository/Schedule9/Page_KDMC - CMS/select_--Select--Blood Transfu'

2018-05-05 19:33:14 - [MESSAGE][PASSED] - All options with index in [21] are selected on object 'Object Repository/Schedule9/Page_KDMC - CMS/select_--Select--Blood Transfu'

2018-05-05 19:33:14 - [TEST_STEP][PASSED] - setText: Text '50000' is set on object 'Object Repository/Schedule9/Page_KDMC - CMS/input_txttreat'

2018-05-05 19:33:14 - [MESSAGE][PASSED] - Text '50000' is set on object 'Object Repository/Schedule9/Page_KDMC - CMS/input_txttreat'

2018-05-05 19:33:14 - [TEST_STEP][PASSED] - click: Object: 'Object Repository/Schedule9/Page_KDMC - CMS/button_Add' is clicked on

2018-05-05 19:33:14 - [MESSAGE][PASSED] - Object: 'Object Repository/Schedule9/Page_KDMC - CMS/button_Add' is clicked on

2018-05-05 19:33:14 - [TEST_STEP][PASSED] - selectOptionByIndex: All options with index in [9] are selected on object 'Object Repository/Schedule9/Page_KDMC - CMS/select_--Select--Schedule 1Inj'

2018-05-05 19:33:15 - [MESSAGE][PASSED] - All options with index in [9] are selected on object 'Object Repository/Schedule9/Page_KDMC - CMS/select_--Select--Schedule 1Inj'

2018-05-05 19:33:15 - [TEST_STEP][PASSED] - selectOptionByIndex: All options with index in [22] are selected on object 'Object Repository/Schedule9/Page_KDMC - CMS/select_--Select--Blood Transfu'

2018-05-05 19:33:16 - [MESSAGE][PASSED] - All options with index in [22] are selected on object 'Object Repository/Schedule9/Page_KDMC - CMS/select_--Select--Blood Transfu'

2018-05-05 19:33:16 - [TEST_STEP][PASSED] - setText: Text '50000' is set on object 'Object Repository/Schedule9/Page_KDMC - CMS/input_txttreat'

2018-05-05 19:33:16 - [MESSAGE][PASSED] - Text '50000' is set on object 'Object Repository/Schedule9/Page_KDMC - CMS/input_txttreat'

2018-05-05 19:33:16 - [TEST_STEP][PASSED] - click: Object: 'Object Repository/Schedule9/Page_KDMC - CMS/button_Add' is clicked on

2018-05-05 19:33:16 - [MESSAGE][PASSED] - Object: 'Object Repository/Schedule9/Page_KDMC - CMS/button_Add' is clicked on

2018-05-05 19:33:16 - [TEST_STEP][PASSED] - selectOptionByIndex: All options with index in [9] are selected on object 'Object Repository/Schedule9/Page_KDMC - CMS/select_--Select--Schedule 1Inj'

2018-05-05 19:33:16 - [MESSAGE][PASSED] - All options with index in [9] are selected on object 'Object Repository/Schedule9/Page_KDMC - CMS/select_--Select--Schedule 1Inj'

2018-05-05 19:33:16 - [TEST_STEP][PASSED] - selectOptionByIndex: All options with index in [23] are selected on object 'Object Repository/Schedule9/Page_KDMC - CMS/select_--Select--Blood Transfu'

2018-05-05 19:33:17 - [MESSAGE][PASSED] - All options with index in [23] are selected on object 'Object Repository/Schedule9/Page_KDMC - CMS/select_--Select--Blood Transfu'

2018-05-05 19:33:17 - [TEST_STEP][PASSED] - setText: Text '50000' is set on object 'Object Repository/Schedule9/Page_KDMC - CMS/input_txttreat'

2018-05-05 19:33:17 - [MESSAGE][PASSED] - Text '50000' is set on object 'Object Repository/Schedule9/Page_KDMC - CMS/input_txttreat'

2018-05-05 19:33:17 - [TEST_STEP][PASSED] - click: Object: 'Object Repository/Schedule9/Page_KDMC - CMS/button_Add' is clicked on

2018-05-05 19:33:17 - [MESSAGE][PASSED] - Object: 'Object Repository/Schedule9/Page_KDMC - CMS/button_Add' is clicked on

2018-05-05 19:33:17 - [TEST_STEP][PASSED] - selectOptionByIndex: All options with index in [9] are selected on object 'Object Repository/Schedule9/Page_KDMC - CMS/select_--Select--Schedule 1Inj'

2018-05-05 19:33:17 - [MESSAGE][PASSED] - All options with index in [9] are selected on object 'Object Repository/Schedule9/Page_KDMC - CMS/select_--Select--Schedule 1Inj'

2018-05-05 19:33:17 - [TEST_STEP][PASSED] - selectOptionByIndex: All options with index in [24] are selected on object 'Object Repository/Schedule9/Page_KDMC - CMS/select_--Select--Blood Transfu'

2018-05-05 19:33:18 - [MESSAGE][PASSED] - All options with index in [24] are selected on object 'Object Repository/Schedule9/Page_KDMC - CMS/select_--Select--Blood Transfu'

2018-05-05 19:33:18 - [TEST_STEP][PASSED] - setText: Text '50000' is set on object 'Object Repository/Schedule9/Page_KDMC - CMS/input_txttreat'

2018-05-05 19:33:18 - [MESSAGE][PASSED] - Text '50000' is set on object 'Object Repository/Schedule9/Page_KDMC - CMS/input_txttreat'

2018-05-05 19:33:18 - [TEST_STEP][PASSED] - click: Object: 'Object Repository/Schedule9/Page_KDMC - CMS/button_Add' is clicked on

2018-05-05 19:33:18 - [MESSAGE][PASSED] - Object: 'Object Repository/Schedule9/Page_KDMC - CMS/button_Add' is clicked on

2018-05-05 19:33:18 - [TEST_STEP][PASSED] - selectOptionByIndex: All options with index in [9] are selected on object 'Object Repository/Schedule9/Page_KDMC - CMS/select_--Select--Schedule 1Inj'

2018-05-05 19:33:18 - [MESSAGE][PASSED] - All options with index in [9] are selected on object 'Object Repository/Schedule9/Page_KDMC - CMS/select_--Select--Schedule 1Inj'

2018-05-05 19:33:18 - [TEST_STEP][PASSED] - selectOptionByIndex: All options with index in [25] are selected on object 'Object Repository/Schedule9/Page_KDMC - CMS/select_--Select--Blood Transfu'

2018-05-05 19:33:19 - [MESSAGE][PASSED] - All options with index in [25] are selected on object 'Object Repository/Schedule9/Page_KDMC - CMS/select_--Select--Blood Transfu'

2018-05-05 19:33:19 - [TEST_STEP][PASSED] - setText: Text '50000' is set on object 'Object Repository/Schedule9/Page_KDMC - CMS/input_txttreat'

2018-05-05 19:33:19 - [MESSAGE][PASSED] - Text '50000' is set on object 'Object Repository/Schedule9/Page_KDMC - CMS/input_txttreat'

2018-05-05 19:33:19 - [TEST_STEP][PASSED] - click: Object: 'Object Repository/Schedule9/Page_KDMC - CMS/button_Add' is clicked on

2018-05-05 19:33:19 - [MESSAGE][PASSED] - Object: 'Object Repository/Schedule9/Page_KDMC - CMS/button_Add' is clicked on

2018-05-05 19:33:19 - [TEST_STEP][PASSED] - selectOptionByIndex: All options with index in [9] are selected on object 'Object Repository/Schedule9/Page_KDMC - CMS/select_--Select--Schedule 1Inj'

2018-05-05 19:33:20 - [MESSAGE][PASSED] - All options with index in [9] are selected on object 'Object Repository/Schedule9/Page_KDMC - CMS/select_--Select--Schedule 1Inj'

2018-05-05 19:33:20 - [TEST_STEP][PASSED] - selectOptionByIndex: All options with index in [26] are selected on object 'Object Repository/Schedule9/Page_KDMC - CMS/select_--Select--Blood Transfu'

2018-05-05 19:33:21 - [MESSAGE][PASSED] - All options with index in [26] are selected on object 'Object Repository/Schedule9/Page_KDMC - CMS/select_--Select--Blood Transfu'

2018-05-05 19:33:21 - [TEST_STEP][PASSED] - setText: Text '50000' is set on object 'Object Repository/Schedule9/Page_KDMC - CMS/input_txttreat'

2018-05-05 19:33:21 - [MESSAGE][PASSED] - Text '50000' is set on object 'Object Repository/Schedule9/Page_KDMC - CMS/input_txttreat'

2018-05-05 19:33:21 - [TEST_STEP][PASSED] - click: Object: 'Object Repository/Schedule9/Page_KDMC - CMS/button_Add' is clicked on

2018-05-05 19:33:21 - [MESSAGE][PASSED] - Object: 'Object Repository/Schedule9/Page_KDMC - CMS/button_Add' is clicked on

2018-05-05 19:33:21 - [TEST_STEP][PASSED] - selectOptionByIndex: All options with index in [9] are selected on object 'Object Repository/Schedule9/Page_KDMC - CMS/select_--Select--Schedule 1Inj'

2018-05-05 19:33:21 - [MESSAGE][PASSED] - All options with index in [9] are selected on object 'Object Repository/Schedule9/Page_KDMC - CMS/select_--Select--Schedule 1Inj'

2018-05-05 19:33:21 - [TEST_STEP][PASSED] - selectOptionByIndex: All options with index in [27] are selected on object 'Object Repository/Schedule9/Page_KDMC - CMS/select_--Select--Blood Transfu'

2018-05-05 19:33:22 - [MESSAGE][PASSED] - All options with index in [27] are selected on object 'Object Repository/Schedule9/Page_KDMC - CMS/select_--Select--Blood Transfu'

2018-05-05 19:33:22 - [TEST_STEP][PASSED] - setText: Text '50000' is set on object 'Object Repository/Schedule9/Page_KDMC - CMS/input_txttreat'

2018-05-05 19:33:22 - [MESSAGE][PASSED] - Text '50000' is set on object 'Object Repository/Schedule9/Page_KDMC - CMS/input_txttreat'

2018-05-05 19:33:22 - [TEST_STEP][PASSED] - click: Object: 'Object Repository/Schedule9/Page_KDMC - CMS/button_Add' is clicked on

2018-05-05 19:33:22 - [MESSAGE][PASSED] - Object: 'Object Repository/Schedule9/Page_KDMC - CMS/button_Add' is clicked on

2018-05-05 19:33:22 - [TEST_STEP][PASSED] - selectOptionByIndex: All options with index in [9] are selected on object 'Object Repository/Schedule9/Page_KDMC - CMS/select_--Select--Schedule 1Inj'

2018-05-05 19:33:22 - [MESSAGE][PASSED] - All options with index in [9] are selected on object 'Object Repository/Schedule9/Page_KDMC - CMS/select_--Select--Schedule 1Inj'

2018-05-05 19:33:22 - [TEST_STEP][PASSED] - selectOptionByIndex: All options with index in [28] are selected on object 'Object Repository/Schedule9/Page_KDMC - CMS/select_--Select--Blood Transfu'

2018-05-05 19:33:23 - [MESSAGE][PASSED] - All options with index in [28] are selected on object 'Object Repository/Schedule9/Page_KDMC - CMS/select_--Select--Blood Transfu'

2018-05-05 19:33:23 - [TEST_STEP][PASSED] - setText: Text '50000' is set on object 'Object Repository/Schedule9/Page_KDMC - CMS/input_txttreat'

2018-05-05 19:33:23 - [MESSAGE][PASSED] - Text '50000' is set on object 'Object Repository/Schedule9/Page_KDMC - CMS/input_txttreat'

2018-05-05 19:33:23 - [TEST_STEP][PASSED] - click: Object: 'Object Repository/Schedule9/Page_KDMC - CMS/button_Add' is clicked on

2018-05-05 19:33:23 - [MESSAGE][PASSED] - Object: 'Object Repository/Schedule9/Page_KDMC - CMS/button_Add' is clicked on

2018-05-05 19:33:23 - [TEST_STEP][PASSED] - selectOptionByIndex: All options with index in [9] are selected on object 'Object Repository/Schedule9/Page_KDMC - CMS/select_--Select--Schedule 1Inj'

2018-05-05 19:33:23 - [MESSAGE][PASSED] - All options with index in [9] are selected on object 'Object Repository/Schedule9/Page_KDMC - CMS/select_--Select--Schedule 1Inj'

2018-05-05 19:33:23 - [TEST_STEP][PASSED] - selectOptionByIndex: All options with index in [29] are selected on object 'Object Repository/Schedule9/Page_KDMC - CMS/select_--Select--Blood Transfu'

2018-05-05 19:33:24 - [MESSAGE][PASSED] - All options with index in [29] are selected on object 'Object Repository/Schedule9/Page_KDMC - CMS/select_--Select--Blood Transfu'

2018-05-05 19:33:24 - [TEST_STEP][PASSED] - setText: Text '50000' is set on object 'Object Repository/Schedule9/Page_KDMC - CMS/input_txttreat'

2018-05-05 19:33:24 - [MESSAGE][PASSED] - Text '50000' is set on object 'Object Repository/Schedule9/Page_KDMC - CMS/input_txttreat'

2018-05-05 19:33:24 - [TEST_STEP][PASSED] - click: Object: 'Object Repository/Schedule9/Page_KDMC - CMS/button_Add' is clicked on

2018-05-05 19:33:24 - [MESSAGE][PASSED] - Object: 'Object Repository/Schedule9/Page_KDMC - CMS/button_Add' is clicked on

2018-05-05 19:33:24 - [TEST_STEP][PASSED] - selectOptionByIndex: All options with index in [9] are selected on object 'Object Repository/Schedule9/Page_KDMC - CMS/select_--Select--Schedule 1Inj'

2018-05-05 19:33:25 - [MESSAGE][PASSED] - All options with index in [9] are selected on object 'Object Repository/Schedule9/Page_KDMC - CMS/select_--Select--Schedule 1Inj'

2018-05-05 19:33:25 - [TEST_STEP][PASSED] - selectOptionByIndex: All options with index in [30] are selected on object 'Object Repository/Schedule9/Page_KDMC - CMS/select_--Select--Blood Transfu'

2018-05-05 19:33:26 - [MESSAGE][PASSED] - All options with index in [30] are selected on object 'Object Repository/Schedule9/Page_KDMC - CMS/select_--Select--Blood Transfu'

2018-05-05 19:33:26 - [TEST_STEP][PASSED] - setText: Text '50000' is set on object 'Object Repository/Schedule9/Page_KDMC - CMS/input_txttreat'

2018-05-05 19:33:26 - [MESSAGE][PASSED] - Text '50000' is set on object 'Object Repository/Schedule9/Page_KDMC - CMS/input_txttreat'

2018-05-05 19:33:26 - [TEST_STEP][PASSED] - click: Object: 'Object Repository/Schedule9/Page_KDMC - CMS/button_Add' is clicked on

2018-05-05 19:33:26 - [MESSAGE][PASSED] - Object: 'Object Repository/Schedule9/Page_KDMC - CMS/button_Add' is clicked on

2018-05-05 19:33:26 - [TEST_STEP][PASSED] - selectOptionByIndex: All options with index in [9] are selected on object 'Object Repository/Schedule9/Page_KDMC - CMS/select_--Select--Schedule 1Inj'

2018-05-05 19:33:26 - [MESSAGE][PASSED] - All options with index in [9] are selected on object 'Object Repository/Schedule9/Page_KDMC - CMS/select_--Select--Schedule 1Inj'

2018-05-05 19:33:26 - [TEST_STEP][PASSED] - selectOptionByIndex: All options with index in [31] are selected on object 'Object Repository/Schedule9/Page_KDMC - CMS/select_--Select--Blood Transfu'

2018-05-05 19:33:27 - [MESSAGE][PASSED] - All options with index in [31] are selected on object 'Object Repository/Schedule9/Page_KDMC - CMS/select_--Select--Blood Transfu'

2018-05-05 19:33:27 - [TEST_STEP][PASSED] - setText: Text '50000' is set on object 'Object Repository/Schedule9/Page_KDMC - CMS/input_txttreat'

2018-05-05 19:33:27 - [MESSAGE][PASSED] - Text '50000' is set on object 'Object Repository/Schedule9/Page_KDMC - CMS/input_txttreat'

2018-05-05 19:33:27 - [TEST_STEP][PASSED] - click: Object: 'Object Repository/Schedule9/Page_KDMC - CMS/button_Add' is clicked on

2018-05-05 19:33:27 - [MESSAGE][PASSED] - Object: 'Object Repository/Schedule9/Page_KDMC - CMS/button_Add' is clicked on

2018-05-05 19:33:27 - [TEST_STEP][PASSED] - selectOptionByIndex: All options with index in [9] are selected on object 'Object Repository/Schedule9/Page_KDMC - CMS/select_--Select--Schedule 1Inj'

2018-05-05 19:33:27 - [MESSAGE][PASSED] - All options with index in [9] are selected on object 'Object Repository/Schedule9/Page_KDMC - CMS/select_--Select--Schedule 1Inj'

2018-05-05 19:33:27 - [TEST_STEP][PASSED] - selectOptionByIndex: All options with index in [32] are selected on object 'Object Repository/Schedule9/Page_KDMC - CMS/select_--Select--Blood Transfu'

2018-05-05 19:33:28 - [MESSAGE][PASSED] - All options with index in [32] are selected on object 'Object Repository/Schedule9/Page_KDMC - CMS/select_--Select--Blood Transfu'

2018-05-05 19:33:28 - [TEST_STEP][PASSED] - setText: Text '50000' is set on object 'Object Repository/Schedule9/Page_KDMC - CMS/input_txttreat'

2018-05-05 19:33:28 - [MESSAGE][PASSED] - Text '50000' is set on object 'Object Repository/Schedule9/Page_KDMC - CMS/input_txttreat'

2018-05-05 19:33:28 - [TEST_STEP][PASSED] - click: Object: 'Object Repository/Schedule9/Page_KDMC - CMS/button_Add' is clicked on

2018-05-05 19:33:28 - [MESSAGE][PASSED] - Object: 'Object Repository/Schedule9/Page_KDMC - CMS/button_Add' is clicked on

2018-05-05 19:33:28 - [TEST_STEP][PASSED] - selectOptionByIndex: All options with index in [9] are selected on object 'Object Repository/Schedule9/Page_KDMC - CMS/select_--Select--Schedule 1Inj'

2018-05-05 19:33:28 - [MESSAGE][PASSED] - All options with index in [9] are selected on object 'Object Repository/Schedule9/Page_KDMC - CMS/select_--Select--Schedule 1Inj'

2018-05-05 19:33:28 - [TEST_STEP][PASSED] - selectOptionByIndex: All options with index in [33] are selected on object 'Object Repository/Schedule9/Page_KDMC - CMS/select_--Select--Blood Transfu'

2018-05-05 19:33:29 - [MESSAGE][PASSED] - All options with index in [33] are selected on object 'Object Repository/Schedule9/Page_KDMC - CMS/select_--Select--Blood Transfu'

2018-05-05 19:33:29 - [TEST_STEP][PASSED] - setText: Text '50000' is set on object 'Object Repository/Schedule9/Page_KDMC - CMS/input_txttreat'

2018-05-05 19:33:29 - [MESSAGE][PASSED] - Text '50000' is set on object 'Object Repository/Schedule9/Page_KDMC - CMS/input_txttreat'

2018-05-05 19:33:29 - [TEST_STEP][PASSED] - click: Object: 'Object Repository/Schedule9/Page_KDMC - CMS/button_Add' is clicked on

2018-05-05 19:33:30 - [MESSAGE][PASSED] - Object: 'Object Repository/Schedule9/Page_KDMC - CMS/button_Add' is clicked on

2018-05-05 19:33:30 - [TEST_STEP][PASSED] - selectOptionByIndex: All options with index in [9] are selected on object 'Object Repository/Schedule9/Page_KDMC - CMS/select_--Select--Schedule 1Inj'

2018-05-05 19:33:30 - [MESSAGE][PASSED] - All options with index in [9] are selected on object 'Object Repository/Schedule9/Page_KDMC - CMS/select_--Select--Schedule 1Inj'

2018-05-05 19:33:30 - [TEST_STEP][PASSED] - selectOptionByIndex: All options with index in [34] are selected on object 'Object Repository/Schedule9/Page_KDMC - CMS/select_--Select--Blood Transfu'

2018-05-05 19:33:31 - [MESSAGE][PASSED] - All options with index in [34] are selected on object 'Object Repository/Schedule9/Page_KDMC - CMS/select_--Select--Blood Transfu'

2018-05-05 19:33:31 - [TEST_STEP][PASSED] - setText: Text '50000' is set on object 'Object Repository/Schedule9/Page_KDMC - CMS/input_txttreat'

2018-05-05 19:33:31 - [MESSAGE][PASSED] - Text '50000' is set on object 'Object Repository/Schedule9/Page_KDMC - CMS/input_txttreat'

2018-05-05 19:33:31 - [TEST_STEP][PASSED] - click: Object: 'Object Repository/Schedule9/Page_KDMC - CMS/button_Add' is clicked on

2018-05-05 19:33:31 - [MESSAGE][PASSED] - Object: 'Object Repository/Schedule9/Page_KDMC - CMS/button_Add' is clicked on

2018-05-05 19:33:31 - [TEST_STEP][PASSED] - selectOptionByIndex: All options with index in [9] are selected on object 'Object Repository/Schedule9/Page_KDMC - CMS/select_--Select--Schedule 1Inj'

2018-05-05 19:33:31 - [MESSAGE][PASSED] - All options with index in [9] are selected on object 'Object Repository/Schedule9/Page_KDMC - CMS/select_--Select--Schedule 1Inj'

2018-05-05 19:33:31 - [TEST_STEP][PASSED] - selectOptionByIndex: All options with index in [35] are selected on object 'Object Repository/Schedule9/Page_KDMC - CMS/select_--Select--Blood Transfu'

2018-05-05 19:33:32 - [MESSAGE][PASSED] - All options with index in [35] are selected on object 'Object Repository/Schedule9/Page_KDMC - CMS/select_--Select--Blood Transfu'

2018-05-05 19:33:32 - [TEST_STEP][PASSED] - setText: Text '50000' is set on object 'Object Repository/Schedule9/Page_KDMC - CMS/input_txttreat'

2018-05-05 19:33:32 - [MESSAGE][PASSED] - Text '50000' is set on object 'Object Repository/Schedule9/Page_KDMC - CMS/input_txttreat'

2018-05-05 19:33:32 - [TEST_STEP][PASSED] - click: Object: 'Object Repository/Schedule9/Page_KDMC - CMS/button_Add' is clicked on

2018-05-05 19:33:32 - [MESSAGE][PASSED] - Object: 'Object Repository/Schedule9/Page_KDMC - CMS/button_Add' is clicked on

2018-05-05 19:33:32 - [TEST_STEP][PASSED] - scrollToElement: Scroll to object 'Object Repository/Schedule9/Page_KDMC - CMS/input_btnsave' successfully

2018-05-05 19:33:32 - [MESSAGE][PASSED] - Scroll to object 'Object Repository/Schedule9/Page_KDMC - CMS/input_btnsave' successfully

2018-05-05 19:33:32 - [TEST_STEP][PASSED] - click: Object: 'Object Repository/Schedule9/Page_KDMC - CMS/input_btnsave' is clicked on

2018-05-05 19:33:32 - [MESSAGE][PASSED] - Object: 'Object Repository/Schedule9/Page_KDMC - CMS/input_btnsave' is clicked on

2018-05-05 19:33:32 - [TEST_STEP][PASSED] - delay: Delayed 3 second(s)

2018-05-05 19:33:35 - [MESSAGE][PASSED] - Delayed 3 second(s)

2018-05-05 19:33:35 - [TEST_STEP][PASSED] - click: Object: 'Object Repository/Schedule9/Page_KDMC - CMS/button_OK' is clicked on

2018-05-05 19:33:36 - [MESSAGE][PASSED] - Object: 'Object Repository/Schedule9/Page_KDMC - CMS/button_OK' is clicked on

2018-05-05 19:33:36 - [TEST_STEP][PASSED] - click: Object: 'Object Repository/Schedule9/Page_KDMC - CMS/a_dropdown-toggle' is clicked on

2018-05-05 19:33:37 - [MESSAGE][PASSED] - Object: 'Object Repository/Schedule9/Page_KDMC - CMS/a_dropdown-toggle' is clicked on

2018-05-05 19:33:37 - [TEST_STEP][PASSED] - delay: Delayed 3 second(s)

2018-05-05 19:33:40 - [MESSAGE][PASSED] - Delayed 3 second(s)

2018-05-05 19:33:40 - [TEST_STEP][PASSED] - click: Object: 'Object Repository/Schedule9/Page_KDMC - CMS/a_Sign out' is clicked on

2018-05-05 19:33:40 - [MESSAGE][PASSED] - Object: 'Object Repository/Schedule9/Page_KDMC - CMS/a_Sign out' is clicked on

2018-05-05 19:33:40 - [TEST_STEP][PASSED] - closeBrowser: Browser is closed

2018-05-05 19:33:41 - [MESSAGE][PASSED] - Browser is closed]]></system-out>
         <system-err><![CDATA[]]></system-err>
      </testcase>
      <testcase name="Test Cases/MOH TO CMS REQUEST/MohRequestSchedule10" classname="Test Cases/MOH TO CMS REQUEST/MohRequestSchedule10" status="PASSED">
         <system-out><![CDATA[2018-05-05 19:33:41 - [TEST_CASE][PASSED] - Test Cases/MOH TO CMS REQUEST/MohRequestSchedule10: Test Cases/MOH TO CMS REQUEST/MohRequestSchedule10

2018-05-05 19:33:41 - [TEST_STEP][PASSED] - openBrowser: Browser is opened with url: ''

2018-05-05 19:33:43 - [MESSAGE][PASSED] - Browser is opened with url: ''

2018-05-05 19:33:43 - [TEST_STEP][PASSED] - navigateToUrl: Navigate to 'http://192.168.137.1/multihospital_new/' successfully

2018-05-05 19:33:45 - [MESSAGE][PASSED] - Navigate to 'http://192.168.137.1/multihospital_new/' successfully

2018-05-05 19:33:45 - [TEST_STEP][PASSED] - maximizeWindow: Current window maximized

2018-05-05 19:33:46 - [MESSAGE][PASSED] - Current window maximized

2018-05-05 19:33:46 - [TEST_STEP][PASSED] - click: Object: 'Object Repository/Schedule 10/Page_KDMC/a_CMS' is clicked on

2018-05-05 19:33:46 - [MESSAGE][PASSED] - Object: 'Object Repository/Schedule 10/Page_KDMC/a_CMS' is clicked on

2018-05-05 19:33:46 - [TEST_STEP][PASSED] - setText: Text 'bala' is set on object 'Object Repository/Schedule 10/Page_CMS login/input_txtusername'

2018-05-05 19:33:47 - [MESSAGE][PASSED] - Text 'bala' is set on object 'Object Repository/Schedule 10/Page_CMS login/input_txtusername'

2018-05-05 19:33:47 - [TEST_STEP][PASSED] - setText: Text '123' is set on object 'Object Repository/Schedule 10/Page_CMS login/input_txtpassword'

2018-05-05 19:33:47 - [MESSAGE][PASSED] - Text '123' is set on object 'Object Repository/Schedule 10/Page_CMS login/input_txtpassword'

2018-05-05 19:33:47 - [TEST_STEP][PASSED] - delay: Delayed 3 second(s)

2018-05-05 19:33:50 - [MESSAGE][PASSED] - Delayed 3 second(s)

2018-05-05 19:33:50 - [TEST_STEP][PASSED] - click: Object: 'Object Repository/Schedule 10/Page_CMS login/button_Sign in' is clicked on

2018-05-05 19:33:51 - [MESSAGE][PASSED] - Object: 'Object Repository/Schedule 10/Page_CMS login/button_Sign in' is clicked on

2018-05-05 19:33:51 - [TEST_STEP][PASSED] - click: Object: 'Object Repository/Schedule 10/Page_KDMC - CMS/a_Request to MOH' is clicked on

2018-05-05 19:33:51 - [MESSAGE][PASSED] - Object: 'Object Repository/Schedule 10/Page_KDMC - CMS/a_Request to MOH' is clicked on

2018-05-05 19:33:51 - [TEST_STEP][PASSED] - selectOptionByIndex: All options with index in [2] are selected on object 'Object Repository/Schedule 10/Page_KDMC - CMS/select_--Select--'

2018-05-05 19:33:51 - [MESSAGE][PASSED] - All options with index in [2] are selected on object 'Object Repository/Schedule 10/Page_KDMC - CMS/select_--Select--'

2018-05-05 19:33:51 - [TEST_STEP][PASSED] - selectOptionByIndex: All options with index in [10] are selected on object 'Object Repository/Schedule 10/Page_KDMC - CMS/select_--Select--Schedule 1Inj'

2018-05-05 19:33:51 - [MESSAGE][PASSED] - All options with index in [10] are selected on object 'Object Repository/Schedule 10/Page_KDMC - CMS/select_--Select--Schedule 1Inj'

2018-05-05 19:33:51 - [TEST_STEP][PASSED] - Statement - selectedoptions = com.kms.katalon.core.webui.keyword.WebUiBuiltInKeywords.getNumberOfTotalOption(com.kms.katalon.core.testobject.ObjectRepository.findTestObject(Schedule 10/Page_KDMC - CMS/select_--Select--Adjustable Mi)): 19 options of object 'Object Repository/Schedule 10/Page_KDMC - CMS/select_--Select--Adjustable Mi' counted

2018-05-05 19:33:51 - [MESSAGE][PASSED] - 19 options of object 'Object Repository/Schedule 10/Page_KDMC - CMS/select_--Select--Adjustable Mi' counted

2018-05-05 19:33:51 - [TEST_STEP][PASSED] - Statement - For ([c = 1, c < selectedoptions, (c++)]): Object: 'Object Repository/Schedule 10/Page_KDMC - CMS/button_Add' is clicked on

2018-05-05 19:33:51 - [TEST_STEP][PASSED] - selectOptionByIndex: All options with index in [10] are selected on object 'Object Repository/Schedule 10/Page_KDMC - CMS/select_--Select--Schedule 1Inj'

2018-05-05 19:33:52 - [MESSAGE][PASSED] - All options with index in [10] are selected on object 'Object Repository/Schedule 10/Page_KDMC - CMS/select_--Select--Schedule 1Inj'

2018-05-05 19:33:52 - [TEST_STEP][PASSED] - selectOptionByIndex: All options with index in [1] are selected on object 'Object Repository/Schedule 10/Page_KDMC - CMS/select_--Select--Adjustable Mi'

2018-05-05 19:33:52 - [MESSAGE][PASSED] - All options with index in [1] are selected on object 'Object Repository/Schedule 10/Page_KDMC - CMS/select_--Select--Adjustable Mi'

2018-05-05 19:33:52 - [TEST_STEP][PASSED] - setText: Text '500' is set on object 'Object Repository/Schedule 10/Page_KDMC - CMS/input_txttreat'

2018-05-05 19:33:52 - [MESSAGE][PASSED] - Text '500' is set on object 'Object Repository/Schedule 10/Page_KDMC - CMS/input_txttreat'

2018-05-05 19:33:52 - [TEST_STEP][PASSED] - click: Object: 'Object Repository/Schedule 10/Page_KDMC - CMS/button_Add' is clicked on

2018-05-05 19:33:52 - [MESSAGE][PASSED] - Object: 'Object Repository/Schedule 10/Page_KDMC - CMS/button_Add' is clicked on

2018-05-05 19:33:52 - [TEST_STEP][PASSED] - selectOptionByIndex: All options with index in [10] are selected on object 'Object Repository/Schedule 10/Page_KDMC - CMS/select_--Select--Schedule 1Inj'

2018-05-05 19:33:52 - [MESSAGE][PASSED] - All options with index in [10] are selected on object 'Object Repository/Schedule 10/Page_KDMC - CMS/select_--Select--Schedule 1Inj'

2018-05-05 19:33:52 - [TEST_STEP][PASSED] - selectOptionByIndex: All options with index in [2] are selected on object 'Object Repository/Schedule 10/Page_KDMC - CMS/select_--Select--Adjustable Mi'

2018-05-05 19:33:53 - [MESSAGE][PASSED] - All options with index in [2] are selected on object 'Object Repository/Schedule 10/Page_KDMC - CMS/select_--Select--Adjustable Mi'

2018-05-05 19:33:53 - [TEST_STEP][PASSED] - setText: Text '500' is set on object 'Object Repository/Schedule 10/Page_KDMC - CMS/input_txttreat'

2018-05-05 19:33:53 - [MESSAGE][PASSED] - Text '500' is set on object 'Object Repository/Schedule 10/Page_KDMC - CMS/input_txttreat'

2018-05-05 19:33:53 - [TEST_STEP][PASSED] - click: Object: 'Object Repository/Schedule 10/Page_KDMC - CMS/button_Add' is clicked on

2018-05-05 19:33:53 - [MESSAGE][PASSED] - Object: 'Object Repository/Schedule 10/Page_KDMC - CMS/button_Add' is clicked on

2018-05-05 19:33:53 - [TEST_STEP][PASSED] - selectOptionByIndex: All options with index in [10] are selected on object 'Object Repository/Schedule 10/Page_KDMC - CMS/select_--Select--Schedule 1Inj'

2018-05-05 19:33:53 - [MESSAGE][PASSED] - All options with index in [10] are selected on object 'Object Repository/Schedule 10/Page_KDMC - CMS/select_--Select--Schedule 1Inj'

2018-05-05 19:33:53 - [TEST_STEP][PASSED] - selectOptionByIndex: All options with index in [3] are selected on object 'Object Repository/Schedule 10/Page_KDMC - CMS/select_--Select--Adjustable Mi'

2018-05-05 19:33:54 - [MESSAGE][PASSED] - All options with index in [3] are selected on object 'Object Repository/Schedule 10/Page_KDMC - CMS/select_--Select--Adjustable Mi'

2018-05-05 19:33:54 - [TEST_STEP][PASSED] - setText: Text '500' is set on object 'Object Repository/Schedule 10/Page_KDMC - CMS/input_txttreat'

2018-05-05 19:33:54 - [MESSAGE][PASSED] - Text '500' is set on object 'Object Repository/Schedule 10/Page_KDMC - CMS/input_txttreat'

2018-05-05 19:33:54 - [TEST_STEP][PASSED] - click: Object: 'Object Repository/Schedule 10/Page_KDMC - CMS/button_Add' is clicked on

2018-05-05 19:33:54 - [MESSAGE][PASSED] - Object: 'Object Repository/Schedule 10/Page_KDMC - CMS/button_Add' is clicked on

2018-05-05 19:33:54 - [TEST_STEP][PASSED] - selectOptionByIndex: All options with index in [10] are selected on object 'Object Repository/Schedule 10/Page_KDMC - CMS/select_--Select--Schedule 1Inj'

2018-05-05 19:33:54 - [MESSAGE][PASSED] - All options with index in [10] are selected on object 'Object Repository/Schedule 10/Page_KDMC - CMS/select_--Select--Schedule 1Inj'

2018-05-05 19:33:54 - [TEST_STEP][PASSED] - selectOptionByIndex: All options with index in [4] are selected on object 'Object Repository/Schedule 10/Page_KDMC - CMS/select_--Select--Adjustable Mi'

2018-05-05 19:33:55 - [MESSAGE][PASSED] - All options with index in [4] are selected on object 'Object Repository/Schedule 10/Page_KDMC - CMS/select_--Select--Adjustable Mi'

2018-05-05 19:33:55 - [TEST_STEP][PASSED] - setText: Text '500' is set on object 'Object Repository/Schedule 10/Page_KDMC - CMS/input_txttreat'

2018-05-05 19:33:55 - [MESSAGE][PASSED] - Text '500' is set on object 'Object Repository/Schedule 10/Page_KDMC - CMS/input_txttreat'

2018-05-05 19:33:55 - [TEST_STEP][PASSED] - click: Object: 'Object Repository/Schedule 10/Page_KDMC - CMS/button_Add' is clicked on

2018-05-05 19:33:55 - [MESSAGE][PASSED] - Object: 'Object Repository/Schedule 10/Page_KDMC - CMS/button_Add' is clicked on

2018-05-05 19:33:55 - [TEST_STEP][PASSED] - selectOptionByIndex: All options with index in [10] are selected on object 'Object Repository/Schedule 10/Page_KDMC - CMS/select_--Select--Schedule 1Inj'

2018-05-05 19:33:55 - [MESSAGE][PASSED] - All options with index in [10] are selected on object 'Object Repository/Schedule 10/Page_KDMC - CMS/select_--Select--Schedule 1Inj'

2018-05-05 19:33:55 - [TEST_STEP][PASSED] - selectOptionByIndex: All options with index in [5] are selected on object 'Object Repository/Schedule 10/Page_KDMC - CMS/select_--Select--Adjustable Mi'

2018-05-05 19:33:56 - [MESSAGE][PASSED] - All options with index in [5] are selected on object 'Object Repository/Schedule 10/Page_KDMC - CMS/select_--Select--Adjustable Mi'

2018-05-05 19:33:56 - [TEST_STEP][PASSED] - setText: Text '500' is set on object 'Object Repository/Schedule 10/Page_KDMC - CMS/input_txttreat'

2018-05-05 19:33:56 - [MESSAGE][PASSED] - Text '500' is set on object 'Object Repository/Schedule 10/Page_KDMC - CMS/input_txttreat'

2018-05-05 19:33:56 - [TEST_STEP][PASSED] - click: Object: 'Object Repository/Schedule 10/Page_KDMC - CMS/button_Add' is clicked on

2018-05-05 19:33:56 - [MESSAGE][PASSED] - Object: 'Object Repository/Schedule 10/Page_KDMC - CMS/button_Add' is clicked on

2018-05-05 19:33:56 - [TEST_STEP][PASSED] - selectOptionByIndex: All options with index in [10] are selected on object 'Object Repository/Schedule 10/Page_KDMC - CMS/select_--Select--Schedule 1Inj'

2018-05-05 19:33:56 - [MESSAGE][PASSED] - All options with index in [10] are selected on object 'Object Repository/Schedule 10/Page_KDMC - CMS/select_--Select--Schedule 1Inj'

2018-05-05 19:33:56 - [TEST_STEP][PASSED] - selectOptionByIndex: All options with index in [6] are selected on object 'Object Repository/Schedule 10/Page_KDMC - CMS/select_--Select--Adjustable Mi'

2018-05-05 19:33:57 - [MESSAGE][PASSED] - All options with index in [6] are selected on object 'Object Repository/Schedule 10/Page_KDMC - CMS/select_--Select--Adjustable Mi'

2018-05-05 19:33:57 - [TEST_STEP][PASSED] - setText: Text '500' is set on object 'Object Repository/Schedule 10/Page_KDMC - CMS/input_txttreat'

2018-05-05 19:33:57 - [MESSAGE][PASSED] - Text '500' is set on object 'Object Repository/Schedule 10/Page_KDMC - CMS/input_txttreat'

2018-05-05 19:33:57 - [TEST_STEP][PASSED] - click: Object: 'Object Repository/Schedule 10/Page_KDMC - CMS/button_Add' is clicked on

2018-05-05 19:33:57 - [MESSAGE][PASSED] - Object: 'Object Repository/Schedule 10/Page_KDMC - CMS/button_Add' is clicked on

2018-05-05 19:33:57 - [TEST_STEP][PASSED] - selectOptionByIndex: All options with index in [10] are selected on object 'Object Repository/Schedule 10/Page_KDMC - CMS/select_--Select--Schedule 1Inj'

2018-05-05 19:33:57 - [MESSAGE][PASSED] - All options with index in [10] are selected on object 'Object Repository/Schedule 10/Page_KDMC - CMS/select_--Select--Schedule 1Inj'

2018-05-05 19:33:57 - [TEST_STEP][PASSED] - selectOptionByIndex: All options with index in [7] are selected on object 'Object Repository/Schedule 10/Page_KDMC - CMS/select_--Select--Adjustable Mi'

2018-05-05 19:33:57 - [MESSAGE][PASSED] - All options with index in [7] are selected on object 'Object Repository/Schedule 10/Page_KDMC - CMS/select_--Select--Adjustable Mi'

2018-05-05 19:33:57 - [TEST_STEP][PASSED] - setText: Text '500' is set on object 'Object Repository/Schedule 10/Page_KDMC - CMS/input_txttreat'

2018-05-05 19:33:57 - [MESSAGE][PASSED] - Text '500' is set on object 'Object Repository/Schedule 10/Page_KDMC - CMS/input_txttreat'

2018-05-05 19:33:57 - [TEST_STEP][PASSED] - click: Object: 'Object Repository/Schedule 10/Page_KDMC - CMS/button_Add' is clicked on

2018-05-05 19:33:58 - [MESSAGE][PASSED] - Object: 'Object Repository/Schedule 10/Page_KDMC - CMS/button_Add' is clicked on

2018-05-05 19:33:58 - [TEST_STEP][PASSED] - selectOptionByIndex: All options with index in [10] are selected on object 'Object Repository/Schedule 10/Page_KDMC - CMS/select_--Select--Schedule 1Inj'

2018-05-05 19:33:58 - [MESSAGE][PASSED] - All options with index in [10] are selected on object 'Object Repository/Schedule 10/Page_KDMC - CMS/select_--Select--Schedule 1Inj'

2018-05-05 19:33:58 - [TEST_STEP][PASSED] - selectOptionByIndex: All options with index in [8] are selected on object 'Object Repository/Schedule 10/Page_KDMC - CMS/select_--Select--Adjustable Mi'

2018-05-05 19:33:59 - [MESSAGE][PASSED] - All options with index in [8] are selected on object 'Object Repository/Schedule 10/Page_KDMC - CMS/select_--Select--Adjustable Mi'

2018-05-05 19:33:59 - [TEST_STEP][PASSED] - setText: Text '500' is set on object 'Object Repository/Schedule 10/Page_KDMC - CMS/input_txttreat'

2018-05-05 19:33:59 - [MESSAGE][PASSED] - Text '500' is set on object 'Object Repository/Schedule 10/Page_KDMC - CMS/input_txttreat'

2018-05-05 19:33:59 - [TEST_STEP][PASSED] - click: Object: 'Object Repository/Schedule 10/Page_KDMC - CMS/button_Add' is clicked on

2018-05-05 19:33:59 - [MESSAGE][PASSED] - Object: 'Object Repository/Schedule 10/Page_KDMC - CMS/button_Add' is clicked on

2018-05-05 19:33:59 - [TEST_STEP][PASSED] - selectOptionByIndex: All options with index in [10] are selected on object 'Object Repository/Schedule 10/Page_KDMC - CMS/select_--Select--Schedule 1Inj'

2018-05-05 19:33:59 - [MESSAGE][PASSED] - All options with index in [10] are selected on object 'Object Repository/Schedule 10/Page_KDMC - CMS/select_--Select--Schedule 1Inj'

2018-05-05 19:33:59 - [TEST_STEP][PASSED] - selectOptionByIndex: All options with index in [9] are selected on object 'Object Repository/Schedule 10/Page_KDMC - CMS/select_--Select--Adjustable Mi'

2018-05-05 19:34:00 - [MESSAGE][PASSED] - All options with index in [9] are selected on object 'Object Repository/Schedule 10/Page_KDMC - CMS/select_--Select--Adjustable Mi'

2018-05-05 19:34:00 - [TEST_STEP][PASSED] - setText: Text '500' is set on object 'Object Repository/Schedule 10/Page_KDMC - CMS/input_txttreat'

2018-05-05 19:34:00 - [MESSAGE][PASSED] - Text '500' is set on object 'Object Repository/Schedule 10/Page_KDMC - CMS/input_txttreat'

2018-05-05 19:34:00 - [TEST_STEP][PASSED] - click: Object: 'Object Repository/Schedule 10/Page_KDMC - CMS/button_Add' is clicked on

2018-05-05 19:34:00 - [MESSAGE][PASSED] - Object: 'Object Repository/Schedule 10/Page_KDMC - CMS/button_Add' is clicked on

2018-05-05 19:34:00 - [TEST_STEP][PASSED] - selectOptionByIndex: All options with index in [10] are selected on object 'Object Repository/Schedule 10/Page_KDMC - CMS/select_--Select--Schedule 1Inj'

2018-05-05 19:34:00 - [MESSAGE][PASSED] - All options with index in [10] are selected on object 'Object Repository/Schedule 10/Page_KDMC - CMS/select_--Select--Schedule 1Inj'

2018-05-05 19:34:00 - [TEST_STEP][PASSED] - selectOptionByIndex: All options with index in [10] are selected on object 'Object Repository/Schedule 10/Page_KDMC - CMS/select_--Select--Adjustable Mi'

2018-05-05 19:34:01 - [MESSAGE][PASSED] - All options with index in [10] are selected on object 'Object Repository/Schedule 10/Page_KDMC - CMS/select_--Select--Adjustable Mi'

2018-05-05 19:34:01 - [TEST_STEP][PASSED] - setText: Text '500' is set on object 'Object Repository/Schedule 10/Page_KDMC - CMS/input_txttreat'

2018-05-05 19:34:01 - [MESSAGE][PASSED] - Text '500' is set on object 'Object Repository/Schedule 10/Page_KDMC - CMS/input_txttreat'

2018-05-05 19:34:01 - [TEST_STEP][PASSED] - click: Object: 'Object Repository/Schedule 10/Page_KDMC - CMS/button_Add' is clicked on

2018-05-05 19:34:01 - [MESSAGE][PASSED] - Object: 'Object Repository/Schedule 10/Page_KDMC - CMS/button_Add' is clicked on

2018-05-05 19:34:01 - [TEST_STEP][PASSED] - selectOptionByIndex: All options with index in [10] are selected on object 'Object Repository/Schedule 10/Page_KDMC - CMS/select_--Select--Schedule 1Inj'

2018-05-05 19:34:01 - [MESSAGE][PASSED] - All options with index in [10] are selected on object 'Object Repository/Schedule 10/Page_KDMC - CMS/select_--Select--Schedule 1Inj'

2018-05-05 19:34:01 - [TEST_STEP][PASSED] - selectOptionByIndex: All options with index in [11] are selected on object 'Object Repository/Schedule 10/Page_KDMC - CMS/select_--Select--Adjustable Mi'

2018-05-05 19:34:02 - [MESSAGE][PASSED] - All options with index in [11] are selected on object 'Object Repository/Schedule 10/Page_KDMC - CMS/select_--Select--Adjustable Mi'

2018-05-05 19:34:02 - [TEST_STEP][PASSED] - setText: Text '500' is set on object 'Object Repository/Schedule 10/Page_KDMC - CMS/input_txttreat'

2018-05-05 19:34:02 - [MESSAGE][PASSED] - Text '500' is set on object 'Object Repository/Schedule 10/Page_KDMC - CMS/input_txttreat'

2018-05-05 19:34:02 - [TEST_STEP][PASSED] - click: Object: 'Object Repository/Schedule 10/Page_KDMC - CMS/button_Add' is clicked on

2018-05-05 19:34:02 - [MESSAGE][PASSED] - Object: 'Object Repository/Schedule 10/Page_KDMC - CMS/button_Add' is clicked on

2018-05-05 19:34:02 - [TEST_STEP][PASSED] - selectOptionByIndex: All options with index in [10] are selected on object 'Object Repository/Schedule 10/Page_KDMC - CMS/select_--Select--Schedule 1Inj'

2018-05-05 19:34:02 - [MESSAGE][PASSED] - All options with index in [10] are selected on object 'Object Repository/Schedule 10/Page_KDMC - CMS/select_--Select--Schedule 1Inj'

2018-05-05 19:34:02 - [TEST_STEP][PASSED] - selectOptionByIndex: All options with index in [12] are selected on object 'Object Repository/Schedule 10/Page_KDMC - CMS/select_--Select--Adjustable Mi'

2018-05-05 19:34:03 - [MESSAGE][PASSED] - All options with index in [12] are selected on object 'Object Repository/Schedule 10/Page_KDMC - CMS/select_--Select--Adjustable Mi'

2018-05-05 19:34:03 - [TEST_STEP][PASSED] - setText: Text '500' is set on object 'Object Repository/Schedule 10/Page_KDMC - CMS/input_txttreat'

2018-05-05 19:34:03 - [MESSAGE][PASSED] - Text '500' is set on object 'Object Repository/Schedule 10/Page_KDMC - CMS/input_txttreat'

2018-05-05 19:34:03 - [TEST_STEP][PASSED] - click: Object: 'Object Repository/Schedule 10/Page_KDMC - CMS/button_Add' is clicked on

2018-05-05 19:34:03 - [MESSAGE][PASSED] - Object: 'Object Repository/Schedule 10/Page_KDMC - CMS/button_Add' is clicked on

2018-05-05 19:34:03 - [TEST_STEP][PASSED] - selectOptionByIndex: All options with index in [10] are selected on object 'Object Repository/Schedule 10/Page_KDMC - CMS/select_--Select--Schedule 1Inj'

2018-05-05 19:34:03 - [MESSAGE][PASSED] - All options with index in [10] are selected on object 'Object Repository/Schedule 10/Page_KDMC - CMS/select_--Select--Schedule 1Inj'

2018-05-05 19:34:03 - [TEST_STEP][PASSED] - selectOptionByIndex: All options with index in [13] are selected on object 'Object Repository/Schedule 10/Page_KDMC - CMS/select_--Select--Adjustable Mi'

2018-05-05 19:34:04 - [MESSAGE][PASSED] - All options with index in [13] are selected on object 'Object Repository/Schedule 10/Page_KDMC - CMS/select_--Select--Adjustable Mi'

2018-05-05 19:34:04 - [TEST_STEP][PASSED] - setText: Text '500' is set on object 'Object Repository/Schedule 10/Page_KDMC - CMS/input_txttreat'

2018-05-05 19:34:04 - [MESSAGE][PASSED] - Text '500' is set on object 'Object Repository/Schedule 10/Page_KDMC - CMS/input_txttreat'

2018-05-05 19:34:04 - [TEST_STEP][PASSED] - click: Object: 'Object Repository/Schedule 10/Page_KDMC - CMS/button_Add' is clicked on

2018-05-05 19:34:04 - [MESSAGE][PASSED] - Object: 'Object Repository/Schedule 10/Page_KDMC - CMS/button_Add' is clicked on

2018-05-05 19:34:04 - [TEST_STEP][PASSED] - selectOptionByIndex: All options with index in [10] are selected on object 'Object Repository/Schedule 10/Page_KDMC - CMS/select_--Select--Schedule 1Inj'

2018-05-05 19:34:04 - [MESSAGE][PASSED] - All options with index in [10] are selected on object 'Object Repository/Schedule 10/Page_KDMC - CMS/select_--Select--Schedule 1Inj'

2018-05-05 19:34:04 - [TEST_STEP][PASSED] - selectOptionByIndex: All options with index in [14] are selected on object 'Object Repository/Schedule 10/Page_KDMC - CMS/select_--Select--Adjustable Mi'

2018-05-05 19:34:05 - [MESSAGE][PASSED] - All options with index in [14] are selected on object 'Object Repository/Schedule 10/Page_KDMC - CMS/select_--Select--Adjustable Mi'

2018-05-05 19:34:05 - [TEST_STEP][PASSED] - setText: Text '500' is set on object 'Object Repository/Schedule 10/Page_KDMC - CMS/input_txttreat'

2018-05-05 19:34:05 - [MESSAGE][PASSED] - Text '500' is set on object 'Object Repository/Schedule 10/Page_KDMC - CMS/input_txttreat'

2018-05-05 19:34:05 - [TEST_STEP][PASSED] - click: Object: 'Object Repository/Schedule 10/Page_KDMC - CMS/button_Add' is clicked on

2018-05-05 19:34:05 - [MESSAGE][PASSED] - Object: 'Object Repository/Schedule 10/Page_KDMC - CMS/button_Add' is clicked on

2018-05-05 19:34:05 - [TEST_STEP][PASSED] - selectOptionByIndex: All options with index in [10] are selected on object 'Object Repository/Schedule 10/Page_KDMC - CMS/select_--Select--Schedule 1Inj'

2018-05-05 19:34:05 - [MESSAGE][PASSED] - All options with index in [10] are selected on object 'Object Repository/Schedule 10/Page_KDMC - CMS/select_--Select--Schedule 1Inj'

2018-05-05 19:34:05 - [TEST_STEP][PASSED] - selectOptionByIndex: All options with index in [15] are selected on object 'Object Repository/Schedule 10/Page_KDMC - CMS/select_--Select--Adjustable Mi'

2018-05-05 19:34:06 - [MESSAGE][PASSED] - All options with index in [15] are selected on object 'Object Repository/Schedule 10/Page_KDMC - CMS/select_--Select--Adjustable Mi'

2018-05-05 19:34:06 - [TEST_STEP][PASSED] - setText: Text '500' is set on object 'Object Repository/Schedule 10/Page_KDMC - CMS/input_txttreat'

2018-05-05 19:34:06 - [MESSAGE][PASSED] - Text '500' is set on object 'Object Repository/Schedule 10/Page_KDMC - CMS/input_txttreat'

2018-05-05 19:34:06 - [TEST_STEP][PASSED] - click: Object: 'Object Repository/Schedule 10/Page_KDMC - CMS/button_Add' is clicked on

2018-05-05 19:34:06 - [MESSAGE][PASSED] - Object: 'Object Repository/Schedule 10/Page_KDMC - CMS/button_Add' is clicked on

2018-05-05 19:34:06 - [TEST_STEP][PASSED] - selectOptionByIndex: All options with index in [10] are selected on object 'Object Repository/Schedule 10/Page_KDMC - CMS/select_--Select--Schedule 1Inj'

2018-05-05 19:34:06 - [MESSAGE][PASSED] - All options with index in [10] are selected on object 'Object Repository/Schedule 10/Page_KDMC - CMS/select_--Select--Schedule 1Inj'

2018-05-05 19:34:06 - [TEST_STEP][PASSED] - selectOptionByIndex: All options with index in [16] are selected on object 'Object Repository/Schedule 10/Page_KDMC - CMS/select_--Select--Adjustable Mi'

2018-05-05 19:34:07 - [MESSAGE][PASSED] - All options with index in [16] are selected on object 'Object Repository/Schedule 10/Page_KDMC - CMS/select_--Select--Adjustable Mi'

2018-05-05 19:34:07 - [TEST_STEP][PASSED] - setText: Text '500' is set on object 'Object Repository/Schedule 10/Page_KDMC - CMS/input_txttreat'

2018-05-05 19:34:07 - [MESSAGE][PASSED] - Text '500' is set on object 'Object Repository/Schedule 10/Page_KDMC - CMS/input_txttreat'

2018-05-05 19:34:07 - [TEST_STEP][PASSED] - click: Object: 'Object Repository/Schedule 10/Page_KDMC - CMS/button_Add' is clicked on

2018-05-05 19:34:07 - [MESSAGE][PASSED] - Object: 'Object Repository/Schedule 10/Page_KDMC - CMS/button_Add' is clicked on

2018-05-05 19:34:07 - [TEST_STEP][PASSED] - selectOptionByIndex: All options with index in [10] are selected on object 'Object Repository/Schedule 10/Page_KDMC - CMS/select_--Select--Schedule 1Inj'

2018-05-05 19:34:07 - [MESSAGE][PASSED] - All options with index in [10] are selected on object 'Object Repository/Schedule 10/Page_KDMC - CMS/select_--Select--Schedule 1Inj'

2018-05-05 19:34:07 - [TEST_STEP][PASSED] - selectOptionByIndex: All options with index in [17] are selected on object 'Object Repository/Schedule 10/Page_KDMC - CMS/select_--Select--Adjustable Mi'

2018-05-05 19:34:07 - [MESSAGE][PASSED] - All options with index in [17] are selected on object 'Object Repository/Schedule 10/Page_KDMC - CMS/select_--Select--Adjustable Mi'

2018-05-05 19:34:07 - [TEST_STEP][PASSED] - setText: Text '500' is set on object 'Object Repository/Schedule 10/Page_KDMC - CMS/input_txttreat'

2018-05-05 19:34:07 - [MESSAGE][PASSED] - Text '500' is set on object 'Object Repository/Schedule 10/Page_KDMC - CMS/input_txttreat'

2018-05-05 19:34:07 - [TEST_STEP][PASSED] - click: Object: 'Object Repository/Schedule 10/Page_KDMC - CMS/button_Add' is clicked on

2018-05-05 19:34:07 - [MESSAGE][PASSED] - Object: 'Object Repository/Schedule 10/Page_KDMC - CMS/button_Add' is clicked on

2018-05-05 19:34:07 - [TEST_STEP][PASSED] - selectOptionByIndex: All options with index in [10] are selected on object 'Object Repository/Schedule 10/Page_KDMC - CMS/select_--Select--Schedule 1Inj'

2018-05-05 19:34:08 - [MESSAGE][PASSED] - All options with index in [10] are selected on object 'Object Repository/Schedule 10/Page_KDMC - CMS/select_--Select--Schedule 1Inj'

2018-05-05 19:34:08 - [TEST_STEP][PASSED] - selectOptionByIndex: All options with index in [18] are selected on object 'Object Repository/Schedule 10/Page_KDMC - CMS/select_--Select--Adjustable Mi'

2018-05-05 19:34:08 - [MESSAGE][PASSED] - All options with index in [18] are selected on object 'Object Repository/Schedule 10/Page_KDMC - CMS/select_--Select--Adjustable Mi'

2018-05-05 19:34:08 - [TEST_STEP][PASSED] - setText: Text '500' is set on object 'Object Repository/Schedule 10/Page_KDMC - CMS/input_txttreat'

2018-05-05 19:34:08 - [MESSAGE][PASSED] - Text '500' is set on object 'Object Repository/Schedule 10/Page_KDMC - CMS/input_txttreat'

2018-05-05 19:34:08 - [TEST_STEP][PASSED] - click: Object: 'Object Repository/Schedule 10/Page_KDMC - CMS/button_Add' is clicked on

2018-05-05 19:34:09 - [MESSAGE][PASSED] - Object: 'Object Repository/Schedule 10/Page_KDMC - CMS/button_Add' is clicked on

2018-05-05 19:34:09 - [TEST_STEP][PASSED] - scrollToElement: Scroll to object 'Object Repository/Schedule 10/Page_KDMC - CMS/input_btnsave' successfully

2018-05-05 19:34:09 - [MESSAGE][PASSED] - Scroll to object 'Object Repository/Schedule 10/Page_KDMC - CMS/input_btnsave' successfully

2018-05-05 19:34:09 - [TEST_STEP][PASSED] - click: Object: 'Object Repository/Schedule 10/Page_KDMC - CMS/input_btnsave' is clicked on

2018-05-05 19:34:09 - [MESSAGE][PASSED] - Object: 'Object Repository/Schedule 10/Page_KDMC - CMS/input_btnsave' is clicked on

2018-05-05 19:34:09 - [TEST_STEP][PASSED] - delay: Delayed 3 second(s)

2018-05-05 19:34:12 - [MESSAGE][PASSED] - Delayed 3 second(s)

2018-05-05 19:34:12 - [TEST_STEP][PASSED] - click: Object: 'Object Repository/Schedule 10/Page_KDMC - CMS/button_OK' is clicked on

2018-05-05 19:34:12 - [MESSAGE][PASSED] - Object: 'Object Repository/Schedule 10/Page_KDMC - CMS/button_OK' is clicked on

2018-05-05 19:34:12 - [TEST_STEP][PASSED] - delay: Delayed 3 second(s)

2018-05-05 19:34:15 - [MESSAGE][PASSED] - Delayed 3 second(s)

2018-05-05 19:34:15 - [TEST_STEP][PASSED] - click: Object: 'Object Repository/Schedule 10/Page_KDMC - CMS/a_dropdown-toggle' is clicked on

2018-05-05 19:34:15 - [MESSAGE][PASSED] - Object: 'Object Repository/Schedule 10/Page_KDMC - CMS/a_dropdown-toggle' is clicked on

2018-05-05 19:34:15 - [TEST_STEP][PASSED] - click: Object: 'Object Repository/Schedule 10/Page_KDMC - CMS/a_Sign out' is clicked on

2018-05-05 19:34:16 - [MESSAGE][PASSED] - Object: 'Object Repository/Schedule 10/Page_KDMC - CMS/a_Sign out' is clicked on

2018-05-05 19:34:16 - [TEST_STEP][PASSED] - closeBrowser: Browser is closed

2018-05-05 19:34:16 - [MESSAGE][PASSED] - Browser is closed]]></system-out>
         <system-err><![CDATA[]]></system-err>
      </testcase>
      <testcase name="Test Cases/MOH TO CMS REQUEST/MohRequestSchedule11" classname="Test Cases/MOH TO CMS REQUEST/MohRequestSchedule11" status="PASSED">
         <system-out><![CDATA[2018-05-05 19:34:16 - [TEST_CASE][PASSED] - Test Cases/MOH TO CMS REQUEST/MohRequestSchedule11: Test Cases/MOH TO CMS REQUEST/MohRequestSchedule11

2018-05-05 19:34:16 - [TEST_STEP][PASSED] - openBrowser: Browser is opened with url: ''

2018-05-05 19:34:18 - [MESSAGE][PASSED] - Browser is opened with url: ''

2018-05-05 19:34:18 - [TEST_STEP][PASSED] - navigateToUrl: Navigate to 'http://192.168.137.1/multihospital_new/' successfully

2018-05-05 19:34:20 - [MESSAGE][PASSED] - Navigate to 'http://192.168.137.1/multihospital_new/' successfully

2018-05-05 19:34:20 - [TEST_STEP][PASSED] - maximizeWindow: Current window maximized

2018-05-05 19:34:21 - [MESSAGE][PASSED] - Current window maximized

2018-05-05 19:34:21 - [TEST_STEP][PASSED] - click: Object: 'Object Repository/Schedule 11/Page_KDMC/a_CMS' is clicked on

2018-05-05 19:34:22 - [MESSAGE][PASSED] - Object: 'Object Repository/Schedule 11/Page_KDMC/a_CMS' is clicked on

2018-05-05 19:34:22 - [TEST_STEP][PASSED] - setText: Text 'bala' is set on object 'Object Repository/Schedule 11/Page_CMS login/input_txtusername'

2018-05-05 19:34:22 - [MESSAGE][PASSED] - Text 'bala' is set on object 'Object Repository/Schedule 11/Page_CMS login/input_txtusername'

2018-05-05 19:34:22 - [TEST_STEP][PASSED] - setText: Text '123' is set on object 'Object Repository/Schedule 11/Page_CMS login/input_txtpassword'

2018-05-05 19:34:22 - [MESSAGE][PASSED] - Text '123' is set on object 'Object Repository/Schedule 11/Page_CMS login/input_txtpassword'

2018-05-05 19:34:22 - [TEST_STEP][PASSED] - delay: Delayed 3 second(s)

2018-05-05 19:34:25 - [MESSAGE][PASSED] - Delayed 3 second(s)

2018-05-05 19:34:25 - [TEST_STEP][PASSED] - click: Object: 'Object Repository/Schedule 11/Page_CMS login/button_Sign in' is clicked on

2018-05-05 19:34:26 - [MESSAGE][PASSED] - Object: 'Object Repository/Schedule 11/Page_CMS login/button_Sign in' is clicked on

2018-05-05 19:34:26 - [TEST_STEP][PASSED] - click: Object: 'Object Repository/Schedule 11/Page_KDMC - CMS/a_Request to MOH' is clicked on

2018-05-05 19:34:26 - [MESSAGE][PASSED] - Object: 'Object Repository/Schedule 11/Page_KDMC - CMS/a_Request to MOH' is clicked on

2018-05-05 19:34:26 - [TEST_STEP][PASSED] - selectOptionByIndex: All options with index in [2] are selected on object 'Object Repository/Schedule 11/Page_KDMC - CMS/select_--Select--'

2018-05-05 19:34:26 - [MESSAGE][PASSED] - All options with index in [2] are selected on object 'Object Repository/Schedule 11/Page_KDMC - CMS/select_--Select--'

2018-05-05 19:34:26 - [TEST_STEP][PASSED] - selectOptionByIndex: All options with index in [11] are selected on object 'Object Repository/Schedule 11/Page_KDMC - CMS/select_--Select--Schedule 1Inj'

2018-05-05 19:34:27 - [MESSAGE][PASSED] - All options with index in [11] are selected on object 'Object Repository/Schedule 11/Page_KDMC - CMS/select_--Select--Schedule 1Inj'

2018-05-05 19:34:27 - [TEST_STEP][PASSED] - Statement - Selectedoptions = com.kms.katalon.core.webui.keyword.WebUiBuiltInKeywords.getNumberOfTotalOption(com.kms.katalon.core.testobject.ObjectRepository.findTestObject(Schedule 11/Page_KDMC - CMS/select_--Select--Advance E.C.G)): 81 options of object 'Object Repository/Schedule 11/Page_KDMC - CMS/select_--Select--Advance E.C.G' counted

2018-05-05 19:34:27 - [MESSAGE][PASSED] - 81 options of object 'Object Repository/Schedule 11/Page_KDMC - CMS/select_--Select--Advance E.C.G' counted

2018-05-05 19:34:27 - [TEST_STEP][PASSED] - Statement - For ([f = 1, f < Selectedoptions, (f++)]): Object: 'Object Repository/Schedule 11/Page_KDMC - CMS/button_Add' is clicked on

2018-05-05 19:34:27 - [TEST_STEP][PASSED] - selectOptionByIndex: All options with index in [11] are selected on object 'Object Repository/Schedule 11/Page_KDMC - CMS/select_--Select--Schedule 1Inj'

2018-05-05 19:34:27 - [MESSAGE][PASSED] - All options with index in [11] are selected on object 'Object Repository/Schedule 11/Page_KDMC - CMS/select_--Select--Schedule 1Inj'

2018-05-05 19:34:27 - [TEST_STEP][PASSED] - selectOptionByIndex: All options with index in [1] are selected on object 'Object Repository/Schedule 11/Page_KDMC - CMS/select_--Select--Advance E.C.G'

2018-05-05 19:34:27 - [MESSAGE][PASSED] - All options with index in [1] are selected on object 'Object Repository/Schedule 11/Page_KDMC - CMS/select_--Select--Advance E.C.G'

2018-05-05 19:34:27 - [TEST_STEP][PASSED] - setText: Text '200' is set on object 'Object Repository/Schedule 11/Page_KDMC - CMS/input_txttreat'

2018-05-05 19:34:27 - [MESSAGE][PASSED] - Text '200' is set on object 'Object Repository/Schedule 11/Page_KDMC - CMS/input_txttreat'

2018-05-05 19:34:27 - [TEST_STEP][PASSED] - click: Object: 'Object Repository/Schedule 11/Page_KDMC - CMS/button_Add' is clicked on

2018-05-05 19:34:27 - [MESSAGE][PASSED] - Object: 'Object Repository/Schedule 11/Page_KDMC - CMS/button_Add' is clicked on

2018-05-05 19:34:27 - [TEST_STEP][PASSED] - selectOptionByIndex: All options with index in [11] are selected on object 'Object Repository/Schedule 11/Page_KDMC - CMS/select_--Select--Schedule 1Inj'

2018-05-05 19:34:27 - [MESSAGE][PASSED] - All options with index in [11] are selected on object 'Object Repository/Schedule 11/Page_KDMC - CMS/select_--Select--Schedule 1Inj'

2018-05-05 19:34:27 - [TEST_STEP][PASSED] - selectOptionByIndex: All options with index in [2] are selected on object 'Object Repository/Schedule 11/Page_KDMC - CMS/select_--Select--Advance E.C.G'

2018-05-05 19:34:28 - [MESSAGE][PASSED] - All options with index in [2] are selected on object 'Object Repository/Schedule 11/Page_KDMC - CMS/select_--Select--Advance E.C.G'

2018-05-05 19:34:28 - [TEST_STEP][PASSED] - setText: Text '200' is set on object 'Object Repository/Schedule 11/Page_KDMC - CMS/input_txttreat'

2018-05-05 19:34:28 - [MESSAGE][PASSED] - Text '200' is set on object 'Object Repository/Schedule 11/Page_KDMC - CMS/input_txttreat'

2018-05-05 19:34:28 - [TEST_STEP][PASSED] - click: Object: 'Object Repository/Schedule 11/Page_KDMC - CMS/button_Add' is clicked on

2018-05-05 19:34:28 - [MESSAGE][PASSED] - Object: 'Object Repository/Schedule 11/Page_KDMC - CMS/button_Add' is clicked on

2018-05-05 19:34:28 - [TEST_STEP][PASSED] - selectOptionByIndex: All options with index in [11] are selected on object 'Object Repository/Schedule 11/Page_KDMC - CMS/select_--Select--Schedule 1Inj'

2018-05-05 19:34:28 - [MESSAGE][PASSED] - All options with index in [11] are selected on object 'Object Repository/Schedule 11/Page_KDMC - CMS/select_--Select--Schedule 1Inj'

2018-05-05 19:34:28 - [TEST_STEP][PASSED] - selectOptionByIndex: All options with index in [3] are selected on object 'Object Repository/Schedule 11/Page_KDMC - CMS/select_--Select--Advance E.C.G'

2018-05-05 19:34:29 - [MESSAGE][PASSED] - All options with index in [3] are selected on object 'Object Repository/Schedule 11/Page_KDMC - CMS/select_--Select--Advance E.C.G'

2018-05-05 19:34:29 - [TEST_STEP][PASSED] - setText: Text '200' is set on object 'Object Repository/Schedule 11/Page_KDMC - CMS/input_txttreat'

2018-05-05 19:34:29 - [MESSAGE][PASSED] - Text '200' is set on object 'Object Repository/Schedule 11/Page_KDMC - CMS/input_txttreat'

2018-05-05 19:34:29 - [TEST_STEP][PASSED] - click: Object: 'Object Repository/Schedule 11/Page_KDMC - CMS/button_Add' is clicked on

2018-05-05 19:34:29 - [MESSAGE][PASSED] - Object: 'Object Repository/Schedule 11/Page_KDMC - CMS/button_Add' is clicked on

2018-05-05 19:34:29 - [TEST_STEP][PASSED] - selectOptionByIndex: All options with index in [11] are selected on object 'Object Repository/Schedule 11/Page_KDMC - CMS/select_--Select--Schedule 1Inj'

2018-05-05 19:34:29 - [MESSAGE][PASSED] - All options with index in [11] are selected on object 'Object Repository/Schedule 11/Page_KDMC - CMS/select_--Select--Schedule 1Inj'

2018-05-05 19:34:29 - [TEST_STEP][PASSED] - selectOptionByIndex: All options with index in [4] are selected on object 'Object Repository/Schedule 11/Page_KDMC - CMS/select_--Select--Advance E.C.G'

2018-05-05 19:34:30 - [MESSAGE][PASSED] - All options with index in [4] are selected on object 'Object Repository/Schedule 11/Page_KDMC - CMS/select_--Select--Advance E.C.G'

2018-05-05 19:34:30 - [TEST_STEP][PASSED] - setText: Text '200' is set on object 'Object Repository/Schedule 11/Page_KDMC - CMS/input_txttreat'

2018-05-05 19:34:30 - [MESSAGE][PASSED] - Text '200' is set on object 'Object Repository/Schedule 11/Page_KDMC - CMS/input_txttreat'

2018-05-05 19:34:30 - [TEST_STEP][PASSED] - click: Object: 'Object Repository/Schedule 11/Page_KDMC - CMS/button_Add' is clicked on

2018-05-05 19:34:30 - [MESSAGE][PASSED] - Object: 'Object Repository/Schedule 11/Page_KDMC - CMS/button_Add' is clicked on

2018-05-05 19:34:30 - [TEST_STEP][PASSED] - selectOptionByIndex: All options with index in [11] are selected on object 'Object Repository/Schedule 11/Page_KDMC - CMS/select_--Select--Schedule 1Inj'

2018-05-05 19:34:30 - [MESSAGE][PASSED] - All options with index in [11] are selected on object 'Object Repository/Schedule 11/Page_KDMC - CMS/select_--Select--Schedule 1Inj'

2018-05-05 19:34:30 - [TEST_STEP][PASSED] - selectOptionByIndex: All options with index in [5] are selected on object 'Object Repository/Schedule 11/Page_KDMC - CMS/select_--Select--Advance E.C.G'

2018-05-05 19:34:31 - [MESSAGE][PASSED] - All options with index in [5] are selected on object 'Object Repository/Schedule 11/Page_KDMC - CMS/select_--Select--Advance E.C.G'

2018-05-05 19:34:31 - [TEST_STEP][PASSED] - setText: Text '200' is set on object 'Object Repository/Schedule 11/Page_KDMC - CMS/input_txttreat'

2018-05-05 19:34:31 - [MESSAGE][PASSED] - Text '200' is set on object 'Object Repository/Schedule 11/Page_KDMC - CMS/input_txttreat'

2018-05-05 19:34:31 - [TEST_STEP][PASSED] - click: Object: 'Object Repository/Schedule 11/Page_KDMC - CMS/button_Add' is clicked on

2018-05-05 19:34:31 - [MESSAGE][PASSED] - Object: 'Object Repository/Schedule 11/Page_KDMC - CMS/button_Add' is clicked on

2018-05-05 19:34:31 - [TEST_STEP][PASSED] - selectOptionByIndex: All options with index in [11] are selected on object 'Object Repository/Schedule 11/Page_KDMC - CMS/select_--Select--Schedule 1Inj'

2018-05-05 19:34:31 - [MESSAGE][PASSED] - All options with index in [11] are selected on object 'Object Repository/Schedule 11/Page_KDMC - CMS/select_--Select--Schedule 1Inj'

2018-05-05 19:34:31 - [TEST_STEP][PASSED] - selectOptionByIndex: All options with index in [6] are selected on object 'Object Repository/Schedule 11/Page_KDMC - CMS/select_--Select--Advance E.C.G'

2018-05-05 19:34:32 - [MESSAGE][PASSED] - All options with index in [6] are selected on object 'Object Repository/Schedule 11/Page_KDMC - CMS/select_--Select--Advance E.C.G'

2018-05-05 19:34:32 - [TEST_STEP][PASSED] - setText: Text '200' is set on object 'Object Repository/Schedule 11/Page_KDMC - CMS/input_txttreat'

2018-05-05 19:34:32 - [MESSAGE][PASSED] - Text '200' is set on object 'Object Repository/Schedule 11/Page_KDMC - CMS/input_txttreat'

2018-05-05 19:34:32 - [TEST_STEP][PASSED] - click: Object: 'Object Repository/Schedule 11/Page_KDMC - CMS/button_Add' is clicked on

2018-05-05 19:34:32 - [MESSAGE][PASSED] - Object: 'Object Repository/Schedule 11/Page_KDMC - CMS/button_Add' is clicked on

2018-05-05 19:34:32 - [TEST_STEP][PASSED] - selectOptionByIndex: All options with index in [11] are selected on object 'Object Repository/Schedule 11/Page_KDMC - CMS/select_--Select--Schedule 1Inj'

2018-05-05 19:34:32 - [MESSAGE][PASSED] - All options with index in [11] are selected on object 'Object Repository/Schedule 11/Page_KDMC - CMS/select_--Select--Schedule 1Inj'

2018-05-05 19:34:32 - [TEST_STEP][PASSED] - selectOptionByIndex: All options with index in [7] are selected on object 'Object Repository/Schedule 11/Page_KDMC - CMS/select_--Select--Advance E.C.G'

2018-05-05 19:34:33 - [MESSAGE][PASSED] - All options with index in [7] are selected on object 'Object Repository/Schedule 11/Page_KDMC - CMS/select_--Select--Advance E.C.G'

2018-05-05 19:34:33 - [TEST_STEP][PASSED] - setText: Text '200' is set on object 'Object Repository/Schedule 11/Page_KDMC - CMS/input_txttreat'

2018-05-05 19:34:33 - [MESSAGE][PASSED] - Text '200' is set on object 'Object Repository/Schedule 11/Page_KDMC - CMS/input_txttreat'

2018-05-05 19:34:33 - [TEST_STEP][PASSED] - click: Object: 'Object Repository/Schedule 11/Page_KDMC - CMS/button_Add' is clicked on

2018-05-05 19:34:33 - [MESSAGE][PASSED] - Object: 'Object Repository/Schedule 11/Page_KDMC - CMS/button_Add' is clicked on

2018-05-05 19:34:33 - [TEST_STEP][PASSED] - selectOptionByIndex: All options with index in [11] are selected on object 'Object Repository/Schedule 11/Page_KDMC - CMS/select_--Select--Schedule 1Inj'

2018-05-05 19:34:33 - [MESSAGE][PASSED] - All options with index in [11] are selected on object 'Object Repository/Schedule 11/Page_KDMC - CMS/select_--Select--Schedule 1Inj'

2018-05-05 19:34:33 - [TEST_STEP][PASSED] - selectOptionByIndex: All options with index in [8] are selected on object 'Object Repository/Schedule 11/Page_KDMC - CMS/select_--Select--Advance E.C.G'

2018-05-05 19:34:34 - [MESSAGE][PASSED] - All options with index in [8] are selected on object 'Object Repository/Schedule 11/Page_KDMC - CMS/select_--Select--Advance E.C.G'

2018-05-05 19:34:34 - [TEST_STEP][PASSED] - setText: Text '200' is set on object 'Object Repository/Schedule 11/Page_KDMC - CMS/input_txttreat'

2018-05-05 19:34:34 - [MESSAGE][PASSED] - Text '200' is set on object 'Object Repository/Schedule 11/Page_KDMC - CMS/input_txttreat'

2018-05-05 19:34:34 - [TEST_STEP][PASSED] - click: Object: 'Object Repository/Schedule 11/Page_KDMC - CMS/button_Add' is clicked on

2018-05-05 19:34:34 - [MESSAGE][PASSED] - Object: 'Object Repository/Schedule 11/Page_KDMC - CMS/button_Add' is clicked on

2018-05-05 19:34:34 - [TEST_STEP][PASSED] - selectOptionByIndex: All options with index in [11] are selected on object 'Object Repository/Schedule 11/Page_KDMC - CMS/select_--Select--Schedule 1Inj'

2018-05-05 19:34:34 - [MESSAGE][PASSED] - All options with index in [11] are selected on object 'Object Repository/Schedule 11/Page_KDMC - CMS/select_--Select--Schedule 1Inj'

2018-05-05 19:34:34 - [TEST_STEP][PASSED] - selectOptionByIndex: All options with index in [9] are selected on object 'Object Repository/Schedule 11/Page_KDMC - CMS/select_--Select--Advance E.C.G'

2018-05-05 19:34:35 - [MESSAGE][PASSED] - All options with index in [9] are selected on object 'Object Repository/Schedule 11/Page_KDMC - CMS/select_--Select--Advance E.C.G'

2018-05-05 19:34:35 - [TEST_STEP][PASSED] - setText: Text '200' is set on object 'Object Repository/Schedule 11/Page_KDMC - CMS/input_txttreat'

2018-05-05 19:34:35 - [MESSAGE][PASSED] - Text '200' is set on object 'Object Repository/Schedule 11/Page_KDMC - CMS/input_txttreat'

2018-05-05 19:34:35 - [TEST_STEP][PASSED] - click: Object: 'Object Repository/Schedule 11/Page_KDMC - CMS/button_Add' is clicked on

2018-05-05 19:34:35 - [MESSAGE][PASSED] - Object: 'Object Repository/Schedule 11/Page_KDMC - CMS/button_Add' is clicked on

2018-05-05 19:34:35 - [TEST_STEP][PASSED] - selectOptionByIndex: All options with index in [11] are selected on object 'Object Repository/Schedule 11/Page_KDMC - CMS/select_--Select--Schedule 1Inj'

2018-05-05 19:34:35 - [MESSAGE][PASSED] - All options with index in [11] are selected on object 'Object Repository/Schedule 11/Page_KDMC - CMS/select_--Select--Schedule 1Inj'

2018-05-05 19:34:35 - [TEST_STEP][PASSED] - selectOptionByIndex: All options with index in [10] are selected on object 'Object Repository/Schedule 11/Page_KDMC - CMS/select_--Select--Advance E.C.G'

2018-05-05 19:34:36 - [MESSAGE][PASSED] - All options with index in [10] are selected on object 'Object Repository/Schedule 11/Page_KDMC - CMS/select_--Select--Advance E.C.G'

2018-05-05 19:34:36 - [TEST_STEP][PASSED] - setText: Text '200' is set on object 'Object Repository/Schedule 11/Page_KDMC - CMS/input_txttreat'

2018-05-05 19:34:36 - [MESSAGE][PASSED] - Text '200' is set on object 'Object Repository/Schedule 11/Page_KDMC - CMS/input_txttreat'

2018-05-05 19:34:36 - [TEST_STEP][PASSED] - click: Object: 'Object Repository/Schedule 11/Page_KDMC - CMS/button_Add' is clicked on

2018-05-05 19:34:36 - [MESSAGE][PASSED] - Object: 'Object Repository/Schedule 11/Page_KDMC - CMS/button_Add' is clicked on

2018-05-05 19:34:36 - [TEST_STEP][PASSED] - selectOptionByIndex: All options with index in [11] are selected on object 'Object Repository/Schedule 11/Page_KDMC - CMS/select_--Select--Schedule 1Inj'

2018-05-05 19:34:36 - [MESSAGE][PASSED] - All options with index in [11] are selected on object 'Object Repository/Schedule 11/Page_KDMC - CMS/select_--Select--Schedule 1Inj'

2018-05-05 19:34:36 - [TEST_STEP][PASSED] - selectOptionByIndex: All options with index in [11] are selected on object 'Object Repository/Schedule 11/Page_KDMC - CMS/select_--Select--Advance E.C.G'

2018-05-05 19:34:37 - [MESSAGE][PASSED] - All options with index in [11] are selected on object 'Object Repository/Schedule 11/Page_KDMC - CMS/select_--Select--Advance E.C.G'

2018-05-05 19:34:37 - [TEST_STEP][PASSED] - setText: Text '200' is set on object 'Object Repository/Schedule 11/Page_KDMC - CMS/input_txttreat'

2018-05-05 19:34:37 - [MESSAGE][PASSED] - Text '200' is set on object 'Object Repository/Schedule 11/Page_KDMC - CMS/input_txttreat'

2018-05-05 19:34:37 - [TEST_STEP][PASSED] - click: Object: 'Object Repository/Schedule 11/Page_KDMC - CMS/button_Add' is clicked on

2018-05-05 19:34:37 - [MESSAGE][PASSED] - Object: 'Object Repository/Schedule 11/Page_KDMC - CMS/button_Add' is clicked on

2018-05-05 19:34:37 - [TEST_STEP][PASSED] - selectOptionByIndex: All options with index in [11] are selected on object 'Object Repository/Schedule 11/Page_KDMC - CMS/select_--Select--Schedule 1Inj'

2018-05-05 19:34:38 - [MESSAGE][PASSED] - All options with index in [11] are selected on object 'Object Repository/Schedule 11/Page_KDMC - CMS/select_--Select--Schedule 1Inj'

2018-05-05 19:34:38 - [TEST_STEP][PASSED] - selectOptionByIndex: All options with index in [12] are selected on object 'Object Repository/Schedule 11/Page_KDMC - CMS/select_--Select--Advance E.C.G'

2018-05-05 19:34:38 - [MESSAGE][PASSED] - All options with index in [12] are selected on object 'Object Repository/Schedule 11/Page_KDMC - CMS/select_--Select--Advance E.C.G'

2018-05-05 19:34:38 - [TEST_STEP][PASSED] - setText: Text '200' is set on object 'Object Repository/Schedule 11/Page_KDMC - CMS/input_txttreat'

2018-05-05 19:34:38 - [MESSAGE][PASSED] - Text '200' is set on object 'Object Repository/Schedule 11/Page_KDMC - CMS/input_txttreat'

2018-05-05 19:34:38 - [TEST_STEP][PASSED] - click: Object: 'Object Repository/Schedule 11/Page_KDMC - CMS/button_Add' is clicked on

2018-05-05 19:34:38 - [MESSAGE][PASSED] - Object: 'Object Repository/Schedule 11/Page_KDMC - CMS/button_Add' is clicked on

2018-05-05 19:34:38 - [TEST_STEP][PASSED] - selectOptionByIndex: All options with index in [11] are selected on object 'Object Repository/Schedule 11/Page_KDMC - CMS/select_--Select--Schedule 1Inj'

2018-05-05 19:34:39 - [MESSAGE][PASSED] - All options with index in [11] are selected on object 'Object Repository/Schedule 11/Page_KDMC - CMS/select_--Select--Schedule 1Inj'

2018-05-05 19:34:39 - [TEST_STEP][PASSED] - selectOptionByIndex: All options with index in [13] are selected on object 'Object Repository/Schedule 11/Page_KDMC - CMS/select_--Select--Advance E.C.G'

2018-05-05 19:34:39 - [MESSAGE][PASSED] - All options with index in [13] are selected on object 'Object Repository/Schedule 11/Page_KDMC - CMS/select_--Select--Advance E.C.G'

2018-05-05 19:34:39 - [TEST_STEP][PASSED] - setText: Text '200' is set on object 'Object Repository/Schedule 11/Page_KDMC - CMS/input_txttreat'

2018-05-05 19:34:39 - [MESSAGE][PASSED] - Text '200' is set on object 'Object Repository/Schedule 11/Page_KDMC - CMS/input_txttreat'

2018-05-05 19:34:39 - [TEST_STEP][PASSED] - click: Object: 'Object Repository/Schedule 11/Page_KDMC - CMS/button_Add' is clicked on

2018-05-05 19:34:40 - [MESSAGE][PASSED] - Object: 'Object Repository/Schedule 11/Page_KDMC - CMS/button_Add' is clicked on

2018-05-05 19:34:40 - [TEST_STEP][PASSED] - selectOptionByIndex: All options with index in [11] are selected on object 'Object Repository/Schedule 11/Page_KDMC - CMS/select_--Select--Schedule 1Inj'

2018-05-05 19:34:40 - [MESSAGE][PASSED] - All options with index in [11] are selected on object 'Object Repository/Schedule 11/Page_KDMC - CMS/select_--Select--Schedule 1Inj'

2018-05-05 19:34:40 - [TEST_STEP][PASSED] - selectOptionByIndex: All options with index in [14] are selected on object 'Object Repository/Schedule 11/Page_KDMC - CMS/select_--Select--Advance E.C.G'

2018-05-05 19:34:41 - [MESSAGE][PASSED] - All options with index in [14] are selected on object 'Object Repository/Schedule 11/Page_KDMC - CMS/select_--Select--Advance E.C.G'

2018-05-05 19:34:41 - [TEST_STEP][PASSED] - setText: Text '200' is set on object 'Object Repository/Schedule 11/Page_KDMC - CMS/input_txttreat'

2018-05-05 19:34:41 - [MESSAGE][PASSED] - Text '200' is set on object 'Object Repository/Schedule 11/Page_KDMC - CMS/input_txttreat'

2018-05-05 19:34:41 - [TEST_STEP][PASSED] - click: Object: 'Object Repository/Schedule 11/Page_KDMC - CMS/button_Add' is clicked on

2018-05-05 19:34:41 - [MESSAGE][PASSED] - Object: 'Object Repository/Schedule 11/Page_KDMC - CMS/button_Add' is clicked on

2018-05-05 19:34:41 - [TEST_STEP][PASSED] - selectOptionByIndex: All options with index in [11] are selected on object 'Object Repository/Schedule 11/Page_KDMC - CMS/select_--Select--Schedule 1Inj'

2018-05-05 19:34:41 - [MESSAGE][PASSED] - All options with index in [11] are selected on object 'Object Repository/Schedule 11/Page_KDMC - CMS/select_--Select--Schedule 1Inj'

2018-05-05 19:34:41 - [TEST_STEP][PASSED] - selectOptionByIndex: All options with index in [15] are selected on object 'Object Repository/Schedule 11/Page_KDMC - CMS/select_--Select--Advance E.C.G'

2018-05-05 19:34:42 - [MESSAGE][PASSED] - All options with index in [15] are selected on object 'Object Repository/Schedule 11/Page_KDMC - CMS/select_--Select--Advance E.C.G'

2018-05-05 19:34:42 - [TEST_STEP][PASSED] - setText: Text '200' is set on object 'Object Repository/Schedule 11/Page_KDMC - CMS/input_txttreat'

2018-05-05 19:34:42 - [MESSAGE][PASSED] - Text '200' is set on object 'Object Repository/Schedule 11/Page_KDMC - CMS/input_txttreat'

2018-05-05 19:34:42 - [TEST_STEP][PASSED] - click: Object: 'Object Repository/Schedule 11/Page_KDMC - CMS/button_Add' is clicked on

2018-05-05 19:34:42 - [MESSAGE][PASSED] - Object: 'Object Repository/Schedule 11/Page_KDMC - CMS/button_Add' is clicked on

2018-05-05 19:34:42 - [TEST_STEP][PASSED] - selectOptionByIndex: All options with index in [11] are selected on object 'Object Repository/Schedule 11/Page_KDMC - CMS/select_--Select--Schedule 1Inj'

2018-05-05 19:34:42 - [MESSAGE][PASSED] - All options with index in [11] are selected on object 'Object Repository/Schedule 11/Page_KDMC - CMS/select_--Select--Schedule 1Inj'

2018-05-05 19:34:42 - [TEST_STEP][PASSED] - selectOptionByIndex: All options with index in [16] are selected on object 'Object Repository/Schedule 11/Page_KDMC - CMS/select_--Select--Advance E.C.G'

2018-05-05 19:34:43 - [MESSAGE][PASSED] - All options with index in [16] are selected on object 'Object Repository/Schedule 11/Page_KDMC - CMS/select_--Select--Advance E.C.G'

2018-05-05 19:34:43 - [TEST_STEP][PASSED] - setText: Text '200' is set on object 'Object Repository/Schedule 11/Page_KDMC - CMS/input_txttreat'

2018-05-05 19:34:43 - [MESSAGE][PASSED] - Text '200' is set on object 'Object Repository/Schedule 11/Page_KDMC - CMS/input_txttreat'

2018-05-05 19:34:43 - [TEST_STEP][PASSED] - click: Object: 'Object Repository/Schedule 11/Page_KDMC - CMS/button_Add' is clicked on

2018-05-05 19:34:43 - [MESSAGE][PASSED] - Object: 'Object Repository/Schedule 11/Page_KDMC - CMS/button_Add' is clicked on

2018-05-05 19:34:43 - [TEST_STEP][PASSED] - selectOptionByIndex: All options with index in [11] are selected on object 'Object Repository/Schedule 11/Page_KDMC - CMS/select_--Select--Schedule 1Inj'

2018-05-05 19:34:43 - [MESSAGE][PASSED] - All options with index in [11] are selected on object 'Object Repository/Schedule 11/Page_KDMC - CMS/select_--Select--Schedule 1Inj'

2018-05-05 19:34:43 - [TEST_STEP][PASSED] - selectOptionByIndex: All options with index in [17] are selected on object 'Object Repository/Schedule 11/Page_KDMC - CMS/select_--Select--Advance E.C.G'

2018-05-05 19:34:44 - [MESSAGE][PASSED] - All options with index in [17] are selected on object 'Object Repository/Schedule 11/Page_KDMC - CMS/select_--Select--Advance E.C.G'

2018-05-05 19:34:44 - [TEST_STEP][PASSED] - setText: Text '200' is set on object 'Object Repository/Schedule 11/Page_KDMC - CMS/input_txttreat'

2018-05-05 19:34:44 - [MESSAGE][PASSED] - Text '200' is set on object 'Object Repository/Schedule 11/Page_KDMC - CMS/input_txttreat'

2018-05-05 19:34:44 - [TEST_STEP][PASSED] - click: Object: 'Object Repository/Schedule 11/Page_KDMC - CMS/button_Add' is clicked on

2018-05-05 19:34:44 - [MESSAGE][PASSED] - Object: 'Object Repository/Schedule 11/Page_KDMC - CMS/button_Add' is clicked on

2018-05-05 19:34:44 - [TEST_STEP][PASSED] - selectOptionByIndex: All options with index in [11] are selected on object 'Object Repository/Schedule 11/Page_KDMC - CMS/select_--Select--Schedule 1Inj'

2018-05-05 19:34:45 - [MESSAGE][PASSED] - All options with index in [11] are selected on object 'Object Repository/Schedule 11/Page_KDMC - CMS/select_--Select--Schedule 1Inj'

2018-05-05 19:34:45 - [TEST_STEP][PASSED] - selectOptionByIndex: All options with index in [18] are selected on object 'Object Repository/Schedule 11/Page_KDMC - CMS/select_--Select--Advance E.C.G'

2018-05-05 19:34:46 - [MESSAGE][PASSED] - All options with index in [18] are selected on object 'Object Repository/Schedule 11/Page_KDMC - CMS/select_--Select--Advance E.C.G'

2018-05-05 19:34:46 - [TEST_STEP][PASSED] - setText: Text '200' is set on object 'Object Repository/Schedule 11/Page_KDMC - CMS/input_txttreat'

2018-05-05 19:34:46 - [MESSAGE][PASSED] - Text '200' is set on object 'Object Repository/Schedule 11/Page_KDMC - CMS/input_txttreat'

2018-05-05 19:34:46 - [TEST_STEP][PASSED] - click: Object: 'Object Repository/Schedule 11/Page_KDMC - CMS/button_Add' is clicked on

2018-05-05 19:34:46 - [MESSAGE][PASSED] - Object: 'Object Repository/Schedule 11/Page_KDMC - CMS/button_Add' is clicked on

2018-05-05 19:34:46 - [TEST_STEP][PASSED] - selectOptionByIndex: All options with index in [11] are selected on object 'Object Repository/Schedule 11/Page_KDMC - CMS/select_--Select--Schedule 1Inj'

2018-05-05 19:34:46 - [MESSAGE][PASSED] - All options with index in [11] are selected on object 'Object Repository/Schedule 11/Page_KDMC - CMS/select_--Select--Schedule 1Inj'

2018-05-05 19:34:46 - [TEST_STEP][PASSED] - selectOptionByIndex: All options with index in [19] are selected on object 'Object Repository/Schedule 11/Page_KDMC - CMS/select_--Select--Advance E.C.G'

2018-05-05 19:34:47 - [MESSAGE][PASSED] - All options with index in [19] are selected on object 'Object Repository/Schedule 11/Page_KDMC - CMS/select_--Select--Advance E.C.G'

2018-05-05 19:34:47 - [TEST_STEP][PASSED] - setText: Text '200' is set on object 'Object Repository/Schedule 11/Page_KDMC - CMS/input_txttreat'

2018-05-05 19:34:47 - [MESSAGE][PASSED] - Text '200' is set on object 'Object Repository/Schedule 11/Page_KDMC - CMS/input_txttreat'

2018-05-05 19:34:47 - [TEST_STEP][PASSED] - click: Object: 'Object Repository/Schedule 11/Page_KDMC - CMS/button_Add' is clicked on

2018-05-05 19:34:47 - [MESSAGE][PASSED] - Object: 'Object Repository/Schedule 11/Page_KDMC - CMS/button_Add' is clicked on

2018-05-05 19:34:47 - [TEST_STEP][PASSED] - selectOptionByIndex: All options with index in [11] are selected on object 'Object Repository/Schedule 11/Page_KDMC - CMS/select_--Select--Schedule 1Inj'

2018-05-05 19:34:47 - [MESSAGE][PASSED] - All options with index in [11] are selected on object 'Object Repository/Schedule 11/Page_KDMC - CMS/select_--Select--Schedule 1Inj'

2018-05-05 19:34:47 - [TEST_STEP][PASSED] - selectOptionByIndex: All options with index in [20] are selected on object 'Object Repository/Schedule 11/Page_KDMC - CMS/select_--Select--Advance E.C.G'

2018-05-05 19:34:48 - [MESSAGE][PASSED] - All options with index in [20] are selected on object 'Object Repository/Schedule 11/Page_KDMC - CMS/select_--Select--Advance E.C.G'

2018-05-05 19:34:48 - [TEST_STEP][PASSED] - setText: Text '200' is set on object 'Object Repository/Schedule 11/Page_KDMC - CMS/input_txttreat'

2018-05-05 19:34:48 - [MESSAGE][PASSED] - Text '200' is set on object 'Object Repository/Schedule 11/Page_KDMC - CMS/input_txttreat'

2018-05-05 19:34:48 - [TEST_STEP][PASSED] - click: Object: 'Object Repository/Schedule 11/Page_KDMC - CMS/button_Add' is clicked on

2018-05-05 19:34:48 - [MESSAGE][PASSED] - Object: 'Object Repository/Schedule 11/Page_KDMC - CMS/button_Add' is clicked on

2018-05-05 19:34:48 - [TEST_STEP][PASSED] - selectOptionByIndex: All options with index in [11] are selected on object 'Object Repository/Schedule 11/Page_KDMC - CMS/select_--Select--Schedule 1Inj'

2018-05-05 19:34:48 - [MESSAGE][PASSED] - All options with index in [11] are selected on object 'Object Repository/Schedule 11/Page_KDMC - CMS/select_--Select--Schedule 1Inj'

2018-05-05 19:34:48 - [TEST_STEP][PASSED] - selectOptionByIndex: All options with index in [21] are selected on object 'Object Repository/Schedule 11/Page_KDMC - CMS/select_--Select--Advance E.C.G'

2018-05-05 19:34:49 - [MESSAGE][PASSED] - All options with index in [21] are selected on object 'Object Repository/Schedule 11/Page_KDMC - CMS/select_--Select--Advance E.C.G'

2018-05-05 19:34:49 - [TEST_STEP][PASSED] - setText: Text '200' is set on object 'Object Repository/Schedule 11/Page_KDMC - CMS/input_txttreat'

2018-05-05 19:34:49 - [MESSAGE][PASSED] - Text '200' is set on object 'Object Repository/Schedule 11/Page_KDMC - CMS/input_txttreat'

2018-05-05 19:34:49 - [TEST_STEP][PASSED] - click: Object: 'Object Repository/Schedule 11/Page_KDMC - CMS/button_Add' is clicked on

2018-05-05 19:34:50 - [MESSAGE][PASSED] - Object: 'Object Repository/Schedule 11/Page_KDMC - CMS/button_Add' is clicked on

2018-05-05 19:34:50 - [TEST_STEP][PASSED] - selectOptionByIndex: All options with index in [11] are selected on object 'Object Repository/Schedule 11/Page_KDMC - CMS/select_--Select--Schedule 1Inj'

2018-05-05 19:34:50 - [MESSAGE][PASSED] - All options with index in [11] are selected on object 'Object Repository/Schedule 11/Page_KDMC - CMS/select_--Select--Schedule 1Inj'

2018-05-05 19:34:50 - [TEST_STEP][PASSED] - selectOptionByIndex: All options with index in [22] are selected on object 'Object Repository/Schedule 11/Page_KDMC - CMS/select_--Select--Advance E.C.G'

2018-05-05 19:34:51 - [MESSAGE][PASSED] - All options with index in [22] are selected on object 'Object Repository/Schedule 11/Page_KDMC - CMS/select_--Select--Advance E.C.G'

2018-05-05 19:34:51 - [TEST_STEP][PASSED] - setText: Text '200' is set on object 'Object Repository/Schedule 11/Page_KDMC - CMS/input_txttreat'

2018-05-05 19:34:51 - [MESSAGE][PASSED] - Text '200' is set on object 'Object Repository/Schedule 11/Page_KDMC - CMS/input_txttreat'

2018-05-05 19:34:51 - [TEST_STEP][PASSED] - click: Object: 'Object Repository/Schedule 11/Page_KDMC - CMS/button_Add' is clicked on

2018-05-05 19:34:51 - [MESSAGE][PASSED] - Object: 'Object Repository/Schedule 11/Page_KDMC - CMS/button_Add' is clicked on

2018-05-05 19:34:51 - [TEST_STEP][PASSED] - selectOptionByIndex: All options with index in [11] are selected on object 'Object Repository/Schedule 11/Page_KDMC - CMS/select_--Select--Schedule 1Inj'

2018-05-05 19:34:51 - [MESSAGE][PASSED] - All options with index in [11] are selected on object 'Object Repository/Schedule 11/Page_KDMC - CMS/select_--Select--Schedule 1Inj'

2018-05-05 19:34:51 - [TEST_STEP][PASSED] - selectOptionByIndex: All options with index in [23] are selected on object 'Object Repository/Schedule 11/Page_KDMC - CMS/select_--Select--Advance E.C.G'

2018-05-05 19:34:52 - [MESSAGE][PASSED] - All options with index in [23] are selected on object 'Object Repository/Schedule 11/Page_KDMC - CMS/select_--Select--Advance E.C.G'

2018-05-05 19:34:52 - [TEST_STEP][PASSED] - setText: Text '200' is set on object 'Object Repository/Schedule 11/Page_KDMC - CMS/input_txttreat'

2018-05-05 19:34:52 - [MESSAGE][PASSED] - Text '200' is set on object 'Object Repository/Schedule 11/Page_KDMC - CMS/input_txttreat'

2018-05-05 19:34:52 - [TEST_STEP][PASSED] - click: Object: 'Object Repository/Schedule 11/Page_KDMC - CMS/button_Add' is clicked on

2018-05-05 19:34:52 - [MESSAGE][PASSED] - Object: 'Object Repository/Schedule 11/Page_KDMC - CMS/button_Add' is clicked on

2018-05-05 19:34:52 - [TEST_STEP][PASSED] - selectOptionByIndex: All options with index in [11] are selected on object 'Object Repository/Schedule 11/Page_KDMC - CMS/select_--Select--Schedule 1Inj'

2018-05-05 19:34:52 - [MESSAGE][PASSED] - All options with index in [11] are selected on object 'Object Repository/Schedule 11/Page_KDMC - CMS/select_--Select--Schedule 1Inj'

2018-05-05 19:34:52 - [TEST_STEP][PASSED] - selectOptionByIndex: All options with index in [24] are selected on object 'Object Repository/Schedule 11/Page_KDMC - CMS/select_--Select--Advance E.C.G'

2018-05-05 19:34:53 - [MESSAGE][PASSED] - All options with index in [24] are selected on object 'Object Repository/Schedule 11/Page_KDMC - CMS/select_--Select--Advance E.C.G'

2018-05-05 19:34:53 - [TEST_STEP][PASSED] - setText: Text '200' is set on object 'Object Repository/Schedule 11/Page_KDMC - CMS/input_txttreat'

2018-05-05 19:34:53 - [MESSAGE][PASSED] - Text '200' is set on object 'Object Repository/Schedule 11/Page_KDMC - CMS/input_txttreat'

2018-05-05 19:34:53 - [TEST_STEP][PASSED] - click: Object: 'Object Repository/Schedule 11/Page_KDMC - CMS/button_Add' is clicked on

2018-05-05 19:34:53 - [MESSAGE][PASSED] - Object: 'Object Repository/Schedule 11/Page_KDMC - CMS/button_Add' is clicked on

2018-05-05 19:34:53 - [TEST_STEP][PASSED] - selectOptionByIndex: All options with index in [11] are selected on object 'Object Repository/Schedule 11/Page_KDMC - CMS/select_--Select--Schedule 1Inj'

2018-05-05 19:34:53 - [MESSAGE][PASSED] - All options with index in [11] are selected on object 'Object Repository/Schedule 11/Page_KDMC - CMS/select_--Select--Schedule 1Inj'

2018-05-05 19:34:53 - [TEST_STEP][PASSED] - selectOptionByIndex: All options with index in [25] are selected on object 'Object Repository/Schedule 11/Page_KDMC - CMS/select_--Select--Advance E.C.G'

2018-05-05 19:34:54 - [MESSAGE][PASSED] - All options with index in [25] are selected on object 'Object Repository/Schedule 11/Page_KDMC - CMS/select_--Select--Advance E.C.G'

2018-05-05 19:34:54 - [TEST_STEP][PASSED] - setText: Text '200' is set on object 'Object Repository/Schedule 11/Page_KDMC - CMS/input_txttreat'

2018-05-05 19:34:55 - [MESSAGE][PASSED] - Text '200' is set on object 'Object Repository/Schedule 11/Page_KDMC - CMS/input_txttreat'

2018-05-05 19:34:55 - [TEST_STEP][PASSED] - click: Object: 'Object Repository/Schedule 11/Page_KDMC - CMS/button_Add' is clicked on

2018-05-05 19:34:55 - [MESSAGE][PASSED] - Object: 'Object Repository/Schedule 11/Page_KDMC - CMS/button_Add' is clicked on

2018-05-05 19:34:55 - [TEST_STEP][PASSED] - selectOptionByIndex: All options with index in [11] are selected on object 'Object Repository/Schedule 11/Page_KDMC - CMS/select_--Select--Schedule 1Inj'

2018-05-05 19:34:55 - [MESSAGE][PASSED] - All options with index in [11] are selected on object 'Object Repository/Schedule 11/Page_KDMC - CMS/select_--Select--Schedule 1Inj'

2018-05-05 19:34:55 - [TEST_STEP][PASSED] - selectOptionByIndex: All options with index in [26] are selected on object 'Object Repository/Schedule 11/Page_KDMC - CMS/select_--Select--Advance E.C.G'

2018-05-05 19:34:56 - [MESSAGE][PASSED] - All options with index in [26] are selected on object 'Object Repository/Schedule 11/Page_KDMC - CMS/select_--Select--Advance E.C.G'

2018-05-05 19:34:56 - [TEST_STEP][PASSED] - setText: Text '200' is set on object 'Object Repository/Schedule 11/Page_KDMC - CMS/input_txttreat'

2018-05-05 19:34:56 - [MESSAGE][PASSED] - Text '200' is set on object 'Object Repository/Schedule 11/Page_KDMC - CMS/input_txttreat'

2018-05-05 19:34:56 - [TEST_STEP][PASSED] - click: Object: 'Object Repository/Schedule 11/Page_KDMC - CMS/button_Add' is clicked on

2018-05-05 19:34:56 - [MESSAGE][PASSED] - Object: 'Object Repository/Schedule 11/Page_KDMC - CMS/button_Add' is clicked on

2018-05-05 19:34:56 - [TEST_STEP][PASSED] - selectOptionByIndex: All options with index in [11] are selected on object 'Object Repository/Schedule 11/Page_KDMC - CMS/select_--Select--Schedule 1Inj'

2018-05-05 19:34:56 - [MESSAGE][PASSED] - All options with index in [11] are selected on object 'Object Repository/Schedule 11/Page_KDMC - CMS/select_--Select--Schedule 1Inj'

2018-05-05 19:34:56 - [TEST_STEP][PASSED] - selectOptionByIndex: All options with index in [27] are selected on object 'Object Repository/Schedule 11/Page_KDMC - CMS/select_--Select--Advance E.C.G'

2018-05-05 19:34:57 - [MESSAGE][PASSED] - All options with index in [27] are selected on object 'Object Repository/Schedule 11/Page_KDMC - CMS/select_--Select--Advance E.C.G'

2018-05-05 19:34:57 - [TEST_STEP][PASSED] - setText: Text '200' is set on object 'Object Repository/Schedule 11/Page_KDMC - CMS/input_txttreat'

2018-05-05 19:34:57 - [MESSAGE][PASSED] - Text '200' is set on object 'Object Repository/Schedule 11/Page_KDMC - CMS/input_txttreat'

2018-05-05 19:34:57 - [TEST_STEP][PASSED] - click: Object: 'Object Repository/Schedule 11/Page_KDMC - CMS/button_Add' is clicked on

2018-05-05 19:34:57 - [MESSAGE][PASSED] - Object: 'Object Repository/Schedule 11/Page_KDMC - CMS/button_Add' is clicked on

2018-05-05 19:34:57 - [TEST_STEP][PASSED] - selectOptionByIndex: All options with index in [11] are selected on object 'Object Repository/Schedule 11/Page_KDMC - CMS/select_--Select--Schedule 1Inj'

2018-05-05 19:34:57 - [MESSAGE][PASSED] - All options with index in [11] are selected on object 'Object Repository/Schedule 11/Page_KDMC - CMS/select_--Select--Schedule 1Inj'

2018-05-05 19:34:57 - [TEST_STEP][PASSED] - selectOptionByIndex: All options with index in [28] are selected on object 'Object Repository/Schedule 11/Page_KDMC - CMS/select_--Select--Advance E.C.G'

2018-05-05 19:34:58 - [MESSAGE][PASSED] - All options with index in [28] are selected on object 'Object Repository/Schedule 11/Page_KDMC - CMS/select_--Select--Advance E.C.G'

2018-05-05 19:34:58 - [TEST_STEP][PASSED] - setText: Text '200' is set on object 'Object Repository/Schedule 11/Page_KDMC - CMS/input_txttreat'

2018-05-05 19:34:58 - [MESSAGE][PASSED] - Text '200' is set on object 'Object Repository/Schedule 11/Page_KDMC - CMS/input_txttreat'

2018-05-05 19:34:58 - [TEST_STEP][PASSED] - click: Object: 'Object Repository/Schedule 11/Page_KDMC - CMS/button_Add' is clicked on

2018-05-05 19:34:58 - [MESSAGE][PASSED] - Object: 'Object Repository/Schedule 11/Page_KDMC - CMS/button_Add' is clicked on

2018-05-05 19:34:58 - [TEST_STEP][PASSED] - selectOptionByIndex: All options with index in [11] are selected on object 'Object Repository/Schedule 11/Page_KDMC - CMS/select_--Select--Schedule 1Inj'

2018-05-05 19:34:59 - [MESSAGE][PASSED] - All options with index in [11] are selected on object 'Object Repository/Schedule 11/Page_KDMC - CMS/select_--Select--Schedule 1Inj'

2018-05-05 19:34:59 - [TEST_STEP][PASSED] - selectOptionByIndex: All options with index in [29] are selected on object 'Object Repository/Schedule 11/Page_KDMC - CMS/select_--Select--Advance E.C.G'

2018-05-05 19:35:00 - [MESSAGE][PASSED] - All options with index in [29] are selected on object 'Object Repository/Schedule 11/Page_KDMC - CMS/select_--Select--Advance E.C.G'

2018-05-05 19:35:00 - [TEST_STEP][PASSED] - setText: Text '200' is set on object 'Object Repository/Schedule 11/Page_KDMC - CMS/input_txttreat'

2018-05-05 19:35:00 - [MESSAGE][PASSED] - Text '200' is set on object 'Object Repository/Schedule 11/Page_KDMC - CMS/input_txttreat'

2018-05-05 19:35:00 - [TEST_STEP][PASSED] - click: Object: 'Object Repository/Schedule 11/Page_KDMC - CMS/button_Add' is clicked on

2018-05-05 19:35:00 - [MESSAGE][PASSED] - Object: 'Object Repository/Schedule 11/Page_KDMC - CMS/button_Add' is clicked on

2018-05-05 19:35:00 - [TEST_STEP][PASSED] - selectOptionByIndex: All options with index in [11] are selected on object 'Object Repository/Schedule 11/Page_KDMC - CMS/select_--Select--Schedule 1Inj'

2018-05-05 19:35:00 - [MESSAGE][PASSED] - All options with index in [11] are selected on object 'Object Repository/Schedule 11/Page_KDMC - CMS/select_--Select--Schedule 1Inj'

2018-05-05 19:35:00 - [TEST_STEP][PASSED] - selectOptionByIndex: All options with index in [30] are selected on object 'Object Repository/Schedule 11/Page_KDMC - CMS/select_--Select--Advance E.C.G'

2018-05-05 19:35:01 - [MESSAGE][PASSED] - All options with index in [30] are selected on object 'Object Repository/Schedule 11/Page_KDMC - CMS/select_--Select--Advance E.C.G'

2018-05-05 19:35:01 - [TEST_STEP][PASSED] - setText: Text '200' is set on object 'Object Repository/Schedule 11/Page_KDMC - CMS/input_txttreat'

2018-05-05 19:35:01 - [MESSAGE][PASSED] - Text '200' is set on object 'Object Repository/Schedule 11/Page_KDMC - CMS/input_txttreat'

2018-05-05 19:35:01 - [TEST_STEP][PASSED] - click: Object: 'Object Repository/Schedule 11/Page_KDMC - CMS/button_Add' is clicked on

2018-05-05 19:35:01 - [MESSAGE][PASSED] - Object: 'Object Repository/Schedule 11/Page_KDMC - CMS/button_Add' is clicked on

2018-05-05 19:35:01 - [TEST_STEP][PASSED] - selectOptionByIndex: All options with index in [11] are selected on object 'Object Repository/Schedule 11/Page_KDMC - CMS/select_--Select--Schedule 1Inj'

2018-05-05 19:35:01 - [MESSAGE][PASSED] - All options with index in [11] are selected on object 'Object Repository/Schedule 11/Page_KDMC - CMS/select_--Select--Schedule 1Inj'

2018-05-05 19:35:01 - [TEST_STEP][PASSED] - selectOptionByIndex: All options with index in [31] are selected on object 'Object Repository/Schedule 11/Page_KDMC - CMS/select_--Select--Advance E.C.G'

2018-05-05 19:35:02 - [MESSAGE][PASSED] - All options with index in [31] are selected on object 'Object Repository/Schedule 11/Page_KDMC - CMS/select_--Select--Advance E.C.G'

2018-05-05 19:35:02 - [TEST_STEP][PASSED] - setText: Text '200' is set on object 'Object Repository/Schedule 11/Page_KDMC - CMS/input_txttreat'

2018-05-05 19:35:02 - [MESSAGE][PASSED] - Text '200' is set on object 'Object Repository/Schedule 11/Page_KDMC - CMS/input_txttreat'

2018-05-05 19:35:02 - [TEST_STEP][PASSED] - click: Object: 'Object Repository/Schedule 11/Page_KDMC - CMS/button_Add' is clicked on

2018-05-05 19:35:02 - [MESSAGE][PASSED] - Object: 'Object Repository/Schedule 11/Page_KDMC - CMS/button_Add' is clicked on

2018-05-05 19:35:02 - [TEST_STEP][PASSED] - selectOptionByIndex: All options with index in [11] are selected on object 'Object Repository/Schedule 11/Page_KDMC - CMS/select_--Select--Schedule 1Inj'

2018-05-05 19:35:02 - [MESSAGE][PASSED] - All options with index in [11] are selected on object 'Object Repository/Schedule 11/Page_KDMC - CMS/select_--Select--Schedule 1Inj'

2018-05-05 19:35:02 - [TEST_STEP][PASSED] - selectOptionByIndex: All options with index in [32] are selected on object 'Object Repository/Schedule 11/Page_KDMC - CMS/select_--Select--Advance E.C.G'

2018-05-05 19:35:03 - [MESSAGE][PASSED] - All options with index in [32] are selected on object 'Object Repository/Schedule 11/Page_KDMC - CMS/select_--Select--Advance E.C.G'

2018-05-05 19:35:03 - [TEST_STEP][PASSED] - setText: Text '200' is set on object 'Object Repository/Schedule 11/Page_KDMC - CMS/input_txttreat'

2018-05-05 19:35:03 - [MESSAGE][PASSED] - Text '200' is set on object 'Object Repository/Schedule 11/Page_KDMC - CMS/input_txttreat'

2018-05-05 19:35:03 - [TEST_STEP][PASSED] - click: Object: 'Object Repository/Schedule 11/Page_KDMC - CMS/button_Add' is clicked on

2018-05-05 19:35:03 - [MESSAGE][PASSED] - Object: 'Object Repository/Schedule 11/Page_KDMC - CMS/button_Add' is clicked on

2018-05-05 19:35:03 - [TEST_STEP][PASSED] - selectOptionByIndex: All options with index in [11] are selected on object 'Object Repository/Schedule 11/Page_KDMC - CMS/select_--Select--Schedule 1Inj'

2018-05-05 19:35:04 - [MESSAGE][PASSED] - All options with index in [11] are selected on object 'Object Repository/Schedule 11/Page_KDMC - CMS/select_--Select--Schedule 1Inj'

2018-05-05 19:35:04 - [TEST_STEP][PASSED] - selectOptionByIndex: All options with index in [33] are selected on object 'Object Repository/Schedule 11/Page_KDMC - CMS/select_--Select--Advance E.C.G'

2018-05-05 19:35:05 - [MESSAGE][PASSED] - All options with index in [33] are selected on object 'Object Repository/Schedule 11/Page_KDMC - CMS/select_--Select--Advance E.C.G'

2018-05-05 19:35:05 - [TEST_STEP][PASSED] - setText: Text '200' is set on object 'Object Repository/Schedule 11/Page_KDMC - CMS/input_txttreat'

2018-05-05 19:35:05 - [MESSAGE][PASSED] - Text '200' is set on object 'Object Repository/Schedule 11/Page_KDMC - CMS/input_txttreat'

2018-05-05 19:35:05 - [TEST_STEP][PASSED] - click: Object: 'Object Repository/Schedule 11/Page_KDMC - CMS/button_Add' is clicked on

2018-05-05 19:35:05 - [MESSAGE][PASSED] - Object: 'Object Repository/Schedule 11/Page_KDMC - CMS/button_Add' is clicked on

2018-05-05 19:35:05 - [TEST_STEP][PASSED] - selectOptionByIndex: All options with index in [11] are selected on object 'Object Repository/Schedule 11/Page_KDMC - CMS/select_--Select--Schedule 1Inj'

2018-05-05 19:35:05 - [MESSAGE][PASSED] - All options with index in [11] are selected on object 'Object Repository/Schedule 11/Page_KDMC - CMS/select_--Select--Schedule 1Inj'

2018-05-05 19:35:05 - [TEST_STEP][PASSED] - selectOptionByIndex: All options with index in [34] are selected on object 'Object Repository/Schedule 11/Page_KDMC - CMS/select_--Select--Advance E.C.G'

2018-05-05 19:35:06 - [MESSAGE][PASSED] - All options with index in [34] are selected on object 'Object Repository/Schedule 11/Page_KDMC - CMS/select_--Select--Advance E.C.G'

2018-05-05 19:35:06 - [TEST_STEP][PASSED] - setText: Text '200' is set on object 'Object Repository/Schedule 11/Page_KDMC - CMS/input_txttreat'

2018-05-05 19:35:06 - [MESSAGE][PASSED] - Text '200' is set on object 'Object Repository/Schedule 11/Page_KDMC - CMS/input_txttreat'

2018-05-05 19:35:06 - [TEST_STEP][PASSED] - click: Object: 'Object Repository/Schedule 11/Page_KDMC - CMS/button_Add' is clicked on

2018-05-05 19:35:06 - [MESSAGE][PASSED] - Object: 'Object Repository/Schedule 11/Page_KDMC - CMS/button_Add' is clicked on

2018-05-05 19:35:06 - [TEST_STEP][PASSED] - selectOptionByIndex: All options with index in [11] are selected on object 'Object Repository/Schedule 11/Page_KDMC - CMS/select_--Select--Schedule 1Inj'

2018-05-05 19:35:06 - [MESSAGE][PASSED] - All options with index in [11] are selected on object 'Object Repository/Schedule 11/Page_KDMC - CMS/select_--Select--Schedule 1Inj'

2018-05-05 19:35:06 - [TEST_STEP][PASSED] - selectOptionByIndex: All options with index in [35] are selected on object 'Object Repository/Schedule 11/Page_KDMC - CMS/select_--Select--Advance E.C.G'

2018-05-05 19:35:07 - [MESSAGE][PASSED] - All options with index in [35] are selected on object 'Object Repository/Schedule 11/Page_KDMC - CMS/select_--Select--Advance E.C.G'

2018-05-05 19:35:07 - [TEST_STEP][PASSED] - setText: Text '200' is set on object 'Object Repository/Schedule 11/Page_KDMC - CMS/input_txttreat'

2018-05-05 19:35:07 - [MESSAGE][PASSED] - Text '200' is set on object 'Object Repository/Schedule 11/Page_KDMC - CMS/input_txttreat'

2018-05-05 19:35:07 - [TEST_STEP][PASSED] - click: Object: 'Object Repository/Schedule 11/Page_KDMC - CMS/button_Add' is clicked on

2018-05-05 19:35:07 - [MESSAGE][PASSED] - Object: 'Object Repository/Schedule 11/Page_KDMC - CMS/button_Add' is clicked on

2018-05-05 19:35:07 - [TEST_STEP][PASSED] - selectOptionByIndex: All options with index in [11] are selected on object 'Object Repository/Schedule 11/Page_KDMC - CMS/select_--Select--Schedule 1Inj'

2018-05-05 19:35:08 - [MESSAGE][PASSED] - All options with index in [11] are selected on object 'Object Repository/Schedule 11/Page_KDMC - CMS/select_--Select--Schedule 1Inj'

2018-05-05 19:35:08 - [TEST_STEP][PASSED] - selectOptionByIndex: All options with index in [36] are selected on object 'Object Repository/Schedule 11/Page_KDMC - CMS/select_--Select--Advance E.C.G'

2018-05-05 19:35:09 - [MESSAGE][PASSED] - All options with index in [36] are selected on object 'Object Repository/Schedule 11/Page_KDMC - CMS/select_--Select--Advance E.C.G'

2018-05-05 19:35:09 - [TEST_STEP][PASSED] - setText: Text '200' is set on object 'Object Repository/Schedule 11/Page_KDMC - CMS/input_txttreat'

2018-05-05 19:35:09 - [MESSAGE][PASSED] - Text '200' is set on object 'Object Repository/Schedule 11/Page_KDMC - CMS/input_txttreat'

2018-05-05 19:35:09 - [TEST_STEP][PASSED] - click: Object: 'Object Repository/Schedule 11/Page_KDMC - CMS/button_Add' is clicked on

2018-05-05 19:35:09 - [MESSAGE][PASSED] - Object: 'Object Repository/Schedule 11/Page_KDMC - CMS/button_Add' is clicked on

2018-05-05 19:35:09 - [TEST_STEP][PASSED] - selectOptionByIndex: All options with index in [11] are selected on object 'Object Repository/Schedule 11/Page_KDMC - CMS/select_--Select--Schedule 1Inj'

2018-05-05 19:35:09 - [MESSAGE][PASSED] - All options with index in [11] are selected on object 'Object Repository/Schedule 11/Page_KDMC - CMS/select_--Select--Schedule 1Inj'

2018-05-05 19:35:09 - [TEST_STEP][PASSED] - selectOptionByIndex: All options with index in [37] are selected on object 'Object Repository/Schedule 11/Page_KDMC - CMS/select_--Select--Advance E.C.G'

2018-05-05 19:35:10 - [MESSAGE][PASSED] - All options with index in [37] are selected on object 'Object Repository/Schedule 11/Page_KDMC - CMS/select_--Select--Advance E.C.G'

2018-05-05 19:35:10 - [TEST_STEP][PASSED] - setText: Text '200' is set on object 'Object Repository/Schedule 11/Page_KDMC - CMS/input_txttreat'

2018-05-05 19:35:10 - [MESSAGE][PASSED] - Text '200' is set on object 'Object Repository/Schedule 11/Page_KDMC - CMS/input_txttreat'

2018-05-05 19:35:10 - [TEST_STEP][PASSED] - click: Object: 'Object Repository/Schedule 11/Page_KDMC - CMS/button_Add' is clicked on

2018-05-05 19:35:10 - [MESSAGE][PASSED] - Object: 'Object Repository/Schedule 11/Page_KDMC - CMS/button_Add' is clicked on

2018-05-05 19:35:10 - [TEST_STEP][PASSED] - selectOptionByIndex: All options with index in [11] are selected on object 'Object Repository/Schedule 11/Page_KDMC - CMS/select_--Select--Schedule 1Inj'

2018-05-05 19:35:10 - [MESSAGE][PASSED] - All options with index in [11] are selected on object 'Object Repository/Schedule 11/Page_KDMC - CMS/select_--Select--Schedule 1Inj'

2018-05-05 19:35:10 - [TEST_STEP][PASSED] - selectOptionByIndex: All options with index in [38] are selected on object 'Object Repository/Schedule 11/Page_KDMC - CMS/select_--Select--Advance E.C.G'

2018-05-05 19:35:11 - [MESSAGE][PASSED] - All options with index in [38] are selected on object 'Object Repository/Schedule 11/Page_KDMC - CMS/select_--Select--Advance E.C.G'

2018-05-05 19:35:11 - [TEST_STEP][PASSED] - setText: Text '200' is set on object 'Object Repository/Schedule 11/Page_KDMC - CMS/input_txttreat'

2018-05-05 19:35:12 - [MESSAGE][PASSED] - Text '200' is set on object 'Object Repository/Schedule 11/Page_KDMC - CMS/input_txttreat'

2018-05-05 19:35:12 - [TEST_STEP][PASSED] - click: Object: 'Object Repository/Schedule 11/Page_KDMC - CMS/button_Add' is clicked on

2018-05-05 19:35:12 - [MESSAGE][PASSED] - Object: 'Object Repository/Schedule 11/Page_KDMC - CMS/button_Add' is clicked on

2018-05-05 19:35:12 - [TEST_STEP][PASSED] - selectOptionByIndex: All options with index in [11] are selected on object 'Object Repository/Schedule 11/Page_KDMC - CMS/select_--Select--Schedule 1Inj'

2018-05-05 19:35:12 - [MESSAGE][PASSED] - All options with index in [11] are selected on object 'Object Repository/Schedule 11/Page_KDMC - CMS/select_--Select--Schedule 1Inj'

2018-05-05 19:35:12 - [TEST_STEP][PASSED] - selectOptionByIndex: All options with index in [39] are selected on object 'Object Repository/Schedule 11/Page_KDMC - CMS/select_--Select--Advance E.C.G'

2018-05-05 19:35:13 - [MESSAGE][PASSED] - All options with index in [39] are selected on object 'Object Repository/Schedule 11/Page_KDMC - CMS/select_--Select--Advance E.C.G'

2018-05-05 19:35:13 - [TEST_STEP][PASSED] - setText: Text '200' is set on object 'Object Repository/Schedule 11/Page_KDMC - CMS/input_txttreat'

2018-05-05 19:35:13 - [MESSAGE][PASSED] - Text '200' is set on object 'Object Repository/Schedule 11/Page_KDMC - CMS/input_txttreat'

2018-05-05 19:35:13 - [TEST_STEP][PASSED] - click: Object: 'Object Repository/Schedule 11/Page_KDMC - CMS/button_Add' is clicked on

2018-05-05 19:35:13 - [MESSAGE][PASSED] - Object: 'Object Repository/Schedule 11/Page_KDMC - CMS/button_Add' is clicked on

2018-05-05 19:35:13 - [TEST_STEP][PASSED] - selectOptionByIndex: All options with index in [11] are selected on object 'Object Repository/Schedule 11/Page_KDMC - CMS/select_--Select--Schedule 1Inj'

2018-05-05 19:35:13 - [MESSAGE][PASSED] - All options with index in [11] are selected on object 'Object Repository/Schedule 11/Page_KDMC - CMS/select_--Select--Schedule 1Inj'

2018-05-05 19:35:13 - [TEST_STEP][PASSED] - selectOptionByIndex: All options with index in [40] are selected on object 'Object Repository/Schedule 11/Page_KDMC - CMS/select_--Select--Advance E.C.G'

2018-05-05 19:35:14 - [MESSAGE][PASSED] - All options with index in [40] are selected on object 'Object Repository/Schedule 11/Page_KDMC - CMS/select_--Select--Advance E.C.G'

2018-05-05 19:35:14 - [TEST_STEP][PASSED] - setText: Text '200' is set on object 'Object Repository/Schedule 11/Page_KDMC - CMS/input_txttreat'

2018-05-05 19:35:14 - [MESSAGE][PASSED] - Text '200' is set on object 'Object Repository/Schedule 11/Page_KDMC - CMS/input_txttreat'

2018-05-05 19:35:14 - [TEST_STEP][PASSED] - click: Object: 'Object Repository/Schedule 11/Page_KDMC - CMS/button_Add' is clicked on

2018-05-05 19:35:14 - [MESSAGE][PASSED] - Object: 'Object Repository/Schedule 11/Page_KDMC - CMS/button_Add' is clicked on

2018-05-05 19:35:14 - [TEST_STEP][PASSED] - selectOptionByIndex: All options with index in [11] are selected on object 'Object Repository/Schedule 11/Page_KDMC - CMS/select_--Select--Schedule 1Inj'

2018-05-05 19:35:15 - [MESSAGE][PASSED] - All options with index in [11] are selected on object 'Object Repository/Schedule 11/Page_KDMC - CMS/select_--Select--Schedule 1Inj'

2018-05-05 19:35:15 - [TEST_STEP][PASSED] - selectOptionByIndex: All options with index in [41] are selected on object 'Object Repository/Schedule 11/Page_KDMC - CMS/select_--Select--Advance E.C.G'

2018-05-05 19:35:16 - [MESSAGE][PASSED] - All options with index in [41] are selected on object 'Object Repository/Schedule 11/Page_KDMC - CMS/select_--Select--Advance E.C.G'

2018-05-05 19:35:16 - [TEST_STEP][PASSED] - setText: Text '200' is set on object 'Object Repository/Schedule 11/Page_KDMC - CMS/input_txttreat'

2018-05-05 19:35:16 - [MESSAGE][PASSED] - Text '200' is set on object 'Object Repository/Schedule 11/Page_KDMC - CMS/input_txttreat'

2018-05-05 19:35:16 - [TEST_STEP][PASSED] - click: Object: 'Object Repository/Schedule 11/Page_KDMC - CMS/button_Add' is clicked on

2018-05-05 19:35:16 - [MESSAGE][PASSED] - Object: 'Object Repository/Schedule 11/Page_KDMC - CMS/button_Add' is clicked on

2018-05-05 19:35:16 - [TEST_STEP][PASSED] - selectOptionByIndex: All options with index in [11] are selected on object 'Object Repository/Schedule 11/Page_KDMC - CMS/select_--Select--Schedule 1Inj'

2018-05-05 19:35:16 - [MESSAGE][PASSED] - All options with index in [11] are selected on object 'Object Repository/Schedule 11/Page_KDMC - CMS/select_--Select--Schedule 1Inj'

2018-05-05 19:35:16 - [TEST_STEP][PASSED] - selectOptionByIndex: All options with index in [42] are selected on object 'Object Repository/Schedule 11/Page_KDMC - CMS/select_--Select--Advance E.C.G'

2018-05-05 19:35:17 - [MESSAGE][PASSED] - All options with index in [42] are selected on object 'Object Repository/Schedule 11/Page_KDMC - CMS/select_--Select--Advance E.C.G'

2018-05-05 19:35:17 - [TEST_STEP][PASSED] - setText: Text '200' is set on object 'Object Repository/Schedule 11/Page_KDMC - CMS/input_txttreat'

2018-05-05 19:35:17 - [MESSAGE][PASSED] - Text '200' is set on object 'Object Repository/Schedule 11/Page_KDMC - CMS/input_txttreat'

2018-05-05 19:35:17 - [TEST_STEP][PASSED] - click: Object: 'Object Repository/Schedule 11/Page_KDMC - CMS/button_Add' is clicked on

2018-05-05 19:35:17 - [MESSAGE][PASSED] - Object: 'Object Repository/Schedule 11/Page_KDMC - CMS/button_Add' is clicked on

2018-05-05 19:35:17 - [TEST_STEP][PASSED] - selectOptionByIndex: All options with index in [11] are selected on object 'Object Repository/Schedule 11/Page_KDMC - CMS/select_--Select--Schedule 1Inj'

2018-05-05 19:35:17 - [MESSAGE][PASSED] - All options with index in [11] are selected on object 'Object Repository/Schedule 11/Page_KDMC - CMS/select_--Select--Schedule 1Inj'

2018-05-05 19:35:17 - [TEST_STEP][PASSED] - selectOptionByIndex: All options with index in [43] are selected on object 'Object Repository/Schedule 11/Page_KDMC - CMS/select_--Select--Advance E.C.G'

2018-05-05 19:35:18 - [MESSAGE][PASSED] - All options with index in [43] are selected on object 'Object Repository/Schedule 11/Page_KDMC - CMS/select_--Select--Advance E.C.G'

2018-05-05 19:35:18 - [TEST_STEP][PASSED] - setText: Text '200' is set on object 'Object Repository/Schedule 11/Page_KDMC - CMS/input_txttreat'

2018-05-05 19:35:18 - [MESSAGE][PASSED] - Text '200' is set on object 'Object Repository/Schedule 11/Page_KDMC - CMS/input_txttreat'

2018-05-05 19:35:18 - [TEST_STEP][PASSED] - click: Object: 'Object Repository/Schedule 11/Page_KDMC - CMS/button_Add' is clicked on

2018-05-05 19:35:18 - [MESSAGE][PASSED] - Object: 'Object Repository/Schedule 11/Page_KDMC - CMS/button_Add' is clicked on

2018-05-05 19:35:18 - [TEST_STEP][PASSED] - selectOptionByIndex: All options with index in [11] are selected on object 'Object Repository/Schedule 11/Page_KDMC - CMS/select_--Select--Schedule 1Inj'

2018-05-05 19:35:19 - [MESSAGE][PASSED] - All options with index in [11] are selected on object 'Object Repository/Schedule 11/Page_KDMC - CMS/select_--Select--Schedule 1Inj'

2018-05-05 19:35:19 - [TEST_STEP][PASSED] - selectOptionByIndex: All options with index in [44] are selected on object 'Object Repository/Schedule 11/Page_KDMC - CMS/select_--Select--Advance E.C.G'

2018-05-05 19:35:20 - [MESSAGE][PASSED] - All options with index in [44] are selected on object 'Object Repository/Schedule 11/Page_KDMC - CMS/select_--Select--Advance E.C.G'

2018-05-05 19:35:20 - [TEST_STEP][PASSED] - setText: Text '200' is set on object 'Object Repository/Schedule 11/Page_KDMC - CMS/input_txttreat'

2018-05-05 19:35:20 - [MESSAGE][PASSED] - Text '200' is set on object 'Object Repository/Schedule 11/Page_KDMC - CMS/input_txttreat'

2018-05-05 19:35:20 - [TEST_STEP][PASSED] - click: Object: 'Object Repository/Schedule 11/Page_KDMC - CMS/button_Add' is clicked on

2018-05-05 19:35:20 - [MESSAGE][PASSED] - Object: 'Object Repository/Schedule 11/Page_KDMC - CMS/button_Add' is clicked on

2018-05-05 19:35:20 - [TEST_STEP][PASSED] - selectOptionByIndex: All options with index in [11] are selected on object 'Object Repository/Schedule 11/Page_KDMC - CMS/select_--Select--Schedule 1Inj'

2018-05-05 19:35:20 - [MESSAGE][PASSED] - All options with index in [11] are selected on object 'Object Repository/Schedule 11/Page_KDMC - CMS/select_--Select--Schedule 1Inj'

2018-05-05 19:35:20 - [TEST_STEP][PASSED] - selectOptionByIndex: All options with index in [45] are selected on object 'Object Repository/Schedule 11/Page_KDMC - CMS/select_--Select--Advance E.C.G'

2018-05-05 19:35:21 - [MESSAGE][PASSED] - All options with index in [45] are selected on object 'Object Repository/Schedule 11/Page_KDMC - CMS/select_--Select--Advance E.C.G'

2018-05-05 19:35:21 - [TEST_STEP][PASSED] - setText: Text '200' is set on object 'Object Repository/Schedule 11/Page_KDMC - CMS/input_txttreat'

2018-05-05 19:35:21 - [MESSAGE][PASSED] - Text '200' is set on object 'Object Repository/Schedule 11/Page_KDMC - CMS/input_txttreat'

2018-05-05 19:35:21 - [TEST_STEP][PASSED] - click: Object: 'Object Repository/Schedule 11/Page_KDMC - CMS/button_Add' is clicked on

2018-05-05 19:35:21 - [MESSAGE][PASSED] - Object: 'Object Repository/Schedule 11/Page_KDMC - CMS/button_Add' is clicked on

2018-05-05 19:35:21 - [TEST_STEP][PASSED] - selectOptionByIndex: All options with index in [11] are selected on object 'Object Repository/Schedule 11/Page_KDMC - CMS/select_--Select--Schedule 1Inj'

2018-05-05 19:35:21 - [MESSAGE][PASSED] - All options with index in [11] are selected on object 'Object Repository/Schedule 11/Page_KDMC - CMS/select_--Select--Schedule 1Inj'

2018-05-05 19:35:21 - [TEST_STEP][PASSED] - selectOptionByIndex: All options with index in [46] are selected on object 'Object Repository/Schedule 11/Page_KDMC - CMS/select_--Select--Advance E.C.G'

2018-05-05 19:35:22 - [MESSAGE][PASSED] - All options with index in [46] are selected on object 'Object Repository/Schedule 11/Page_KDMC - CMS/select_--Select--Advance E.C.G'

2018-05-05 19:35:22 - [TEST_STEP][PASSED] - setText: Text '200' is set on object 'Object Repository/Schedule 11/Page_KDMC - CMS/input_txttreat'

2018-05-05 19:35:22 - [MESSAGE][PASSED] - Text '200' is set on object 'Object Repository/Schedule 11/Page_KDMC - CMS/input_txttreat'

2018-05-05 19:35:22 - [TEST_STEP][PASSED] - click: Object: 'Object Repository/Schedule 11/Page_KDMC - CMS/button_Add' is clicked on

2018-05-05 19:35:22 - [MESSAGE][PASSED] - Object: 'Object Repository/Schedule 11/Page_KDMC - CMS/button_Add' is clicked on

2018-05-05 19:35:22 - [TEST_STEP][PASSED] - selectOptionByIndex: All options with index in [11] are selected on object 'Object Repository/Schedule 11/Page_KDMC - CMS/select_--Select--Schedule 1Inj'

2018-05-05 19:35:23 - [MESSAGE][PASSED] - All options with index in [11] are selected on object 'Object Repository/Schedule 11/Page_KDMC - CMS/select_--Select--Schedule 1Inj'

2018-05-05 19:35:23 - [TEST_STEP][PASSED] - selectOptionByIndex: All options with index in [47] are selected on object 'Object Repository/Schedule 11/Page_KDMC - CMS/select_--Select--Advance E.C.G'

2018-05-05 19:35:24 - [MESSAGE][PASSED] - All options with index in [47] are selected on object 'Object Repository/Schedule 11/Page_KDMC - CMS/select_--Select--Advance E.C.G'

2018-05-05 19:35:24 - [TEST_STEP][PASSED] - setText: Text '200' is set on object 'Object Repository/Schedule 11/Page_KDMC - CMS/input_txttreat'

2018-05-05 19:35:24 - [MESSAGE][PASSED] - Text '200' is set on object 'Object Repository/Schedule 11/Page_KDMC - CMS/input_txttreat'

2018-05-05 19:35:24 - [TEST_STEP][PASSED] - click: Object: 'Object Repository/Schedule 11/Page_KDMC - CMS/button_Add' is clicked on

2018-05-05 19:35:24 - [MESSAGE][PASSED] - Object: 'Object Repository/Schedule 11/Page_KDMC - CMS/button_Add' is clicked on

2018-05-05 19:35:24 - [TEST_STEP][PASSED] - selectOptionByIndex: All options with index in [11] are selected on object 'Object Repository/Schedule 11/Page_KDMC - CMS/select_--Select--Schedule 1Inj'

2018-05-05 19:35:24 - [MESSAGE][PASSED] - All options with index in [11] are selected on object 'Object Repository/Schedule 11/Page_KDMC - CMS/select_--Select--Schedule 1Inj'

2018-05-05 19:35:24 - [TEST_STEP][PASSED] - selectOptionByIndex: All options with index in [48] are selected on object 'Object Repository/Schedule 11/Page_KDMC - CMS/select_--Select--Advance E.C.G'

2018-05-05 19:35:25 - [MESSAGE][PASSED] - All options with index in [48] are selected on object 'Object Repository/Schedule 11/Page_KDMC - CMS/select_--Select--Advance E.C.G'

2018-05-05 19:35:25 - [TEST_STEP][PASSED] - setText: Text '200' is set on object 'Object Repository/Schedule 11/Page_KDMC - CMS/input_txttreat'

2018-05-05 19:35:25 - [MESSAGE][PASSED] - Text '200' is set on object 'Object Repository/Schedule 11/Page_KDMC - CMS/input_txttreat'

2018-05-05 19:35:25 - [TEST_STEP][PASSED] - click: Object: 'Object Repository/Schedule 11/Page_KDMC - CMS/button_Add' is clicked on

2018-05-05 19:35:25 - [MESSAGE][PASSED] - Object: 'Object Repository/Schedule 11/Page_KDMC - CMS/button_Add' is clicked on

2018-05-05 19:35:25 - [TEST_STEP][PASSED] - selectOptionByIndex: All options with index in [11] are selected on object 'Object Repository/Schedule 11/Page_KDMC - CMS/select_--Select--Schedule 1Inj'

2018-05-05 19:35:26 - [MESSAGE][PASSED] - All options with index in [11] are selected on object 'Object Repository/Schedule 11/Page_KDMC - CMS/select_--Select--Schedule 1Inj'

2018-05-05 19:35:26 - [TEST_STEP][PASSED] - selectOptionByIndex: All options with index in [49] are selected on object 'Object Repository/Schedule 11/Page_KDMC - CMS/select_--Select--Advance E.C.G'

2018-05-05 19:35:27 - [MESSAGE][PASSED] - All options with index in [49] are selected on object 'Object Repository/Schedule 11/Page_KDMC - CMS/select_--Select--Advance E.C.G'

2018-05-05 19:35:27 - [TEST_STEP][PASSED] - setText: Text '200' is set on object 'Object Repository/Schedule 11/Page_KDMC - CMS/input_txttreat'

2018-05-05 19:35:27 - [MESSAGE][PASSED] - Text '200' is set on object 'Object Repository/Schedule 11/Page_KDMC - CMS/input_txttreat'

2018-05-05 19:35:27 - [TEST_STEP][PASSED] - click: Object: 'Object Repository/Schedule 11/Page_KDMC - CMS/button_Add' is clicked on

2018-05-05 19:35:27 - [MESSAGE][PASSED] - Object: 'Object Repository/Schedule 11/Page_KDMC - CMS/button_Add' is clicked on

2018-05-05 19:35:27 - [TEST_STEP][PASSED] - selectOptionByIndex: All options with index in [11] are selected on object 'Object Repository/Schedule 11/Page_KDMC - CMS/select_--Select--Schedule 1Inj'

2018-05-05 19:35:27 - [MESSAGE][PASSED] - All options with index in [11] are selected on object 'Object Repository/Schedule 11/Page_KDMC - CMS/select_--Select--Schedule 1Inj'

2018-05-05 19:35:27 - [TEST_STEP][PASSED] - selectOptionByIndex: All options with index in [50] are selected on object 'Object Repository/Schedule 11/Page_KDMC - CMS/select_--Select--Advance E.C.G'

2018-05-05 19:35:28 - [MESSAGE][PASSED] - All options with index in [50] are selected on object 'Object Repository/Schedule 11/Page_KDMC - CMS/select_--Select--Advance E.C.G'

2018-05-05 19:35:28 - [TEST_STEP][PASSED] - setText: Text '200' is set on object 'Object Repository/Schedule 11/Page_KDMC - CMS/input_txttreat'

2018-05-05 19:35:28 - [MESSAGE][PASSED] - Text '200' is set on object 'Object Repository/Schedule 11/Page_KDMC - CMS/input_txttreat'

2018-05-05 19:35:28 - [TEST_STEP][PASSED] - click: Object: 'Object Repository/Schedule 11/Page_KDMC - CMS/button_Add' is clicked on

2018-05-05 19:35:28 - [MESSAGE][PASSED] - Object: 'Object Repository/Schedule 11/Page_KDMC - CMS/button_Add' is clicked on

2018-05-05 19:35:28 - [TEST_STEP][PASSED] - selectOptionByIndex: All options with index in [11] are selected on object 'Object Repository/Schedule 11/Page_KDMC - CMS/select_--Select--Schedule 1Inj'

2018-05-05 19:35:29 - [MESSAGE][PASSED] - All options with index in [11] are selected on object 'Object Repository/Schedule 11/Page_KDMC - CMS/select_--Select--Schedule 1Inj'

2018-05-05 19:35:29 - [TEST_STEP][PASSED] - selectOptionByIndex: All options with index in [51] are selected on object 'Object Repository/Schedule 11/Page_KDMC - CMS/select_--Select--Advance E.C.G'

2018-05-05 19:35:30 - [MESSAGE][PASSED] - All options with index in [51] are selected on object 'Object Repository/Schedule 11/Page_KDMC - CMS/select_--Select--Advance E.C.G'

2018-05-05 19:35:30 - [TEST_STEP][PASSED] - setText: Text '200' is set on object 'Object Repository/Schedule 11/Page_KDMC - CMS/input_txttreat'

2018-05-05 19:35:30 - [MESSAGE][PASSED] - Text '200' is set on object 'Object Repository/Schedule 11/Page_KDMC - CMS/input_txttreat'

2018-05-05 19:35:30 - [TEST_STEP][PASSED] - click: Object: 'Object Repository/Schedule 11/Page_KDMC - CMS/button_Add' is clicked on

2018-05-05 19:35:30 - [MESSAGE][PASSED] - Object: 'Object Repository/Schedule 11/Page_KDMC - CMS/button_Add' is clicked on

2018-05-05 19:35:30 - [TEST_STEP][PASSED] - selectOptionByIndex: All options with index in [11] are selected on object 'Object Repository/Schedule 11/Page_KDMC - CMS/select_--Select--Schedule 1Inj'

2018-05-05 19:35:30 - [MESSAGE][PASSED] - All options with index in [11] are selected on object 'Object Repository/Schedule 11/Page_KDMC - CMS/select_--Select--Schedule 1Inj'

2018-05-05 19:35:30 - [TEST_STEP][PASSED] - selectOptionByIndex: All options with index in [52] are selected on object 'Object Repository/Schedule 11/Page_KDMC - CMS/select_--Select--Advance E.C.G'

2018-05-05 19:35:31 - [MESSAGE][PASSED] - All options with index in [52] are selected on object 'Object Repository/Schedule 11/Page_KDMC - CMS/select_--Select--Advance E.C.G'

2018-05-05 19:35:31 - [TEST_STEP][PASSED] - setText: Text '200' is set on object 'Object Repository/Schedule 11/Page_KDMC - CMS/input_txttreat'

2018-05-05 19:35:31 - [MESSAGE][PASSED] - Text '200' is set on object 'Object Repository/Schedule 11/Page_KDMC - CMS/input_txttreat'

2018-05-05 19:35:31 - [TEST_STEP][PASSED] - click: Object: 'Object Repository/Schedule 11/Page_KDMC - CMS/button_Add' is clicked on

2018-05-05 19:35:31 - [MESSAGE][PASSED] - Object: 'Object Repository/Schedule 11/Page_KDMC - CMS/button_Add' is clicked on

2018-05-05 19:35:31 - [TEST_STEP][PASSED] - selectOptionByIndex: All options with index in [11] are selected on object 'Object Repository/Schedule 11/Page_KDMC - CMS/select_--Select--Schedule 1Inj'

2018-05-05 19:35:31 - [MESSAGE][PASSED] - All options with index in [11] are selected on object 'Object Repository/Schedule 11/Page_KDMC - CMS/select_--Select--Schedule 1Inj'

2018-05-05 19:35:31 - [TEST_STEP][PASSED] - selectOptionByIndex: All options with index in [53] are selected on object 'Object Repository/Schedule 11/Page_KDMC - CMS/select_--Select--Advance E.C.G'

2018-05-05 19:35:32 - [MESSAGE][PASSED] - All options with index in [53] are selected on object 'Object Repository/Schedule 11/Page_KDMC - CMS/select_--Select--Advance E.C.G'

2018-05-05 19:35:32 - [TEST_STEP][PASSED] - setText: Text '200' is set on object 'Object Repository/Schedule 11/Page_KDMC - CMS/input_txttreat'

2018-05-05 19:35:33 - [MESSAGE][PASSED] - Text '200' is set on object 'Object Repository/Schedule 11/Page_KDMC - CMS/input_txttreat'

2018-05-05 19:35:33 - [TEST_STEP][PASSED] - click: Object: 'Object Repository/Schedule 11/Page_KDMC - CMS/button_Add' is clicked on

2018-05-05 19:35:33 - [MESSAGE][PASSED] - Object: 'Object Repository/Schedule 11/Page_KDMC - CMS/button_Add' is clicked on

2018-05-05 19:35:33 - [TEST_STEP][PASSED] - selectOptionByIndex: All options with index in [11] are selected on object 'Object Repository/Schedule 11/Page_KDMC - CMS/select_--Select--Schedule 1Inj'

2018-05-05 19:35:33 - [MESSAGE][PASSED] - All options with index in [11] are selected on object 'Object Repository/Schedule 11/Page_KDMC - CMS/select_--Select--Schedule 1Inj'

2018-05-05 19:35:33 - [TEST_STEP][PASSED] - selectOptionByIndex: All options with index in [54] are selected on object 'Object Repository/Schedule 11/Page_KDMC - CMS/select_--Select--Advance E.C.G'

2018-05-05 19:35:34 - [MESSAGE][PASSED] - All options with index in [54] are selected on object 'Object Repository/Schedule 11/Page_KDMC - CMS/select_--Select--Advance E.C.G'

2018-05-05 19:35:34 - [TEST_STEP][PASSED] - setText: Text '200' is set on object 'Object Repository/Schedule 11/Page_KDMC - CMS/input_txttreat'

2018-05-05 19:35:34 - [MESSAGE][PASSED] - Text '200' is set on object 'Object Repository/Schedule 11/Page_KDMC - CMS/input_txttreat'

2018-05-05 19:35:34 - [TEST_STEP][PASSED] - click: Object: 'Object Repository/Schedule 11/Page_KDMC - CMS/button_Add' is clicked on

2018-05-05 19:35:34 - [MESSAGE][PASSED] - Object: 'Object Repository/Schedule 11/Page_KDMC - CMS/button_Add' is clicked on

2018-05-05 19:35:34 - [TEST_STEP][PASSED] - selectOptionByIndex: All options with index in [11] are selected on object 'Object Repository/Schedule 11/Page_KDMC - CMS/select_--Select--Schedule 1Inj'

2018-05-05 19:35:34 - [MESSAGE][PASSED] - All options with index in [11] are selected on object 'Object Repository/Schedule 11/Page_KDMC - CMS/select_--Select--Schedule 1Inj'

2018-05-05 19:35:34 - [TEST_STEP][PASSED] - selectOptionByIndex: All options with index in [55] are selected on object 'Object Repository/Schedule 11/Page_KDMC - CMS/select_--Select--Advance E.C.G'

2018-05-05 19:35:36 - [MESSAGE][PASSED] - All options with index in [55] are selected on object 'Object Repository/Schedule 11/Page_KDMC - CMS/select_--Select--Advance E.C.G'

2018-05-05 19:35:36 - [TEST_STEP][PASSED] - setText: Text '200' is set on object 'Object Repository/Schedule 11/Page_KDMC - CMS/input_txttreat'

2018-05-05 19:35:36 - [MESSAGE][PASSED] - Text '200' is set on object 'Object Repository/Schedule 11/Page_KDMC - CMS/input_txttreat'

2018-05-05 19:35:36 - [TEST_STEP][PASSED] - click: Object: 'Object Repository/Schedule 11/Page_KDMC - CMS/button_Add' is clicked on

2018-05-05 19:35:36 - [MESSAGE][PASSED] - Object: 'Object Repository/Schedule 11/Page_KDMC - CMS/button_Add' is clicked on

2018-05-05 19:35:36 - [TEST_STEP][PASSED] - selectOptionByIndex: All options with index in [11] are selected on object 'Object Repository/Schedule 11/Page_KDMC - CMS/select_--Select--Schedule 1Inj'

2018-05-05 19:35:36 - [MESSAGE][PASSED] - All options with index in [11] are selected on object 'Object Repository/Schedule 11/Page_KDMC - CMS/select_--Select--Schedule 1Inj'

2018-05-05 19:35:36 - [TEST_STEP][PASSED] - selectOptionByIndex: All options with index in [56] are selected on object 'Object Repository/Schedule 11/Page_KDMC - CMS/select_--Select--Advance E.C.G'

2018-05-05 19:35:37 - [MESSAGE][PASSED] - All options with index in [56] are selected on object 'Object Repository/Schedule 11/Page_KDMC - CMS/select_--Select--Advance E.C.G'

2018-05-05 19:35:37 - [TEST_STEP][PASSED] - setText: Text '200' is set on object 'Object Repository/Schedule 11/Page_KDMC - CMS/input_txttreat'

2018-05-05 19:35:37 - [MESSAGE][PASSED] - Text '200' is set on object 'Object Repository/Schedule 11/Page_KDMC - CMS/input_txttreat'

2018-05-05 19:35:37 - [TEST_STEP][PASSED] - click: Object: 'Object Repository/Schedule 11/Page_KDMC - CMS/button_Add' is clicked on

2018-05-05 19:35:37 - [MESSAGE][PASSED] - Object: 'Object Repository/Schedule 11/Page_KDMC - CMS/button_Add' is clicked on

2018-05-05 19:35:37 - [TEST_STEP][PASSED] - selectOptionByIndex: All options with index in [11] are selected on object 'Object Repository/Schedule 11/Page_KDMC - CMS/select_--Select--Schedule 1Inj'

2018-05-05 19:35:38 - [MESSAGE][PASSED] - All options with index in [11] are selected on object 'Object Repository/Schedule 11/Page_KDMC - CMS/select_--Select--Schedule 1Inj'

2018-05-05 19:35:38 - [TEST_STEP][PASSED] - selectOptionByIndex: All options with index in [57] are selected on object 'Object Repository/Schedule 11/Page_KDMC - CMS/select_--Select--Advance E.C.G'

2018-05-05 19:35:39 - [MESSAGE][PASSED] - All options with index in [57] are selected on object 'Object Repository/Schedule 11/Page_KDMC - CMS/select_--Select--Advance E.C.G'

2018-05-05 19:35:39 - [TEST_STEP][PASSED] - setText: Text '200' is set on object 'Object Repository/Schedule 11/Page_KDMC - CMS/input_txttreat'

2018-05-05 19:35:39 - [MESSAGE][PASSED] - Text '200' is set on object 'Object Repository/Schedule 11/Page_KDMC - CMS/input_txttreat'

2018-05-05 19:35:39 - [TEST_STEP][PASSED] - click: Object: 'Object Repository/Schedule 11/Page_KDMC - CMS/button_Add' is clicked on

2018-05-05 19:35:39 - [MESSAGE][PASSED] - Object: 'Object Repository/Schedule 11/Page_KDMC - CMS/button_Add' is clicked on

2018-05-05 19:35:39 - [TEST_STEP][PASSED] - selectOptionByIndex: All options with index in [11] are selected on object 'Object Repository/Schedule 11/Page_KDMC - CMS/select_--Select--Schedule 1Inj'

2018-05-05 19:35:39 - [MESSAGE][PASSED] - All options with index in [11] are selected on object 'Object Repository/Schedule 11/Page_KDMC - CMS/select_--Select--Schedule 1Inj'

2018-05-05 19:35:39 - [TEST_STEP][PASSED] - selectOptionByIndex: All options with index in [58] are selected on object 'Object Repository/Schedule 11/Page_KDMC - CMS/select_--Select--Advance E.C.G'

2018-05-05 19:35:40 - [MESSAGE][PASSED] - All options with index in [58] are selected on object 'Object Repository/Schedule 11/Page_KDMC - CMS/select_--Select--Advance E.C.G'

2018-05-05 19:35:40 - [TEST_STEP][PASSED] - setText: Text '200' is set on object 'Object Repository/Schedule 11/Page_KDMC - CMS/input_txttreat'

2018-05-05 19:35:40 - [MESSAGE][PASSED] - Text '200' is set on object 'Object Repository/Schedule 11/Page_KDMC - CMS/input_txttreat'

2018-05-05 19:35:40 - [TEST_STEP][PASSED] - click: Object: 'Object Repository/Schedule 11/Page_KDMC - CMS/button_Add' is clicked on

2018-05-05 19:35:40 - [MESSAGE][PASSED] - Object: 'Object Repository/Schedule 11/Page_KDMC - CMS/button_Add' is clicked on

2018-05-05 19:35:40 - [TEST_STEP][PASSED] - selectOptionByIndex: All options with index in [11] are selected on object 'Object Repository/Schedule 11/Page_KDMC - CMS/select_--Select--Schedule 1Inj'

2018-05-05 19:35:41 - [MESSAGE][PASSED] - All options with index in [11] are selected on object 'Object Repository/Schedule 11/Page_KDMC - CMS/select_--Select--Schedule 1Inj'

2018-05-05 19:35:41 - [TEST_STEP][PASSED] - selectOptionByIndex: All options with index in [59] are selected on object 'Object Repository/Schedule 11/Page_KDMC - CMS/select_--Select--Advance E.C.G'

2018-05-05 19:35:42 - [MESSAGE][PASSED] - All options with index in [59] are selected on object 'Object Repository/Schedule 11/Page_KDMC - CMS/select_--Select--Advance E.C.G'

2018-05-05 19:35:42 - [TEST_STEP][PASSED] - setText: Text '200' is set on object 'Object Repository/Schedule 11/Page_KDMC - CMS/input_txttreat'

2018-05-05 19:35:42 - [MESSAGE][PASSED] - Text '200' is set on object 'Object Repository/Schedule 11/Page_KDMC - CMS/input_txttreat'

2018-05-05 19:35:42 - [TEST_STEP][PASSED] - click: Object: 'Object Repository/Schedule 11/Page_KDMC - CMS/button_Add' is clicked on

2018-05-05 19:35:42 - [MESSAGE][PASSED] - Object: 'Object Repository/Schedule 11/Page_KDMC - CMS/button_Add' is clicked on

2018-05-05 19:35:42 - [TEST_STEP][PASSED] - selectOptionByIndex: All options with index in [11] are selected on object 'Object Repository/Schedule 11/Page_KDMC - CMS/select_--Select--Schedule 1Inj'

2018-05-05 19:35:42 - [MESSAGE][PASSED] - All options with index in [11] are selected on object 'Object Repository/Schedule 11/Page_KDMC - CMS/select_--Select--Schedule 1Inj'

2018-05-05 19:35:42 - [TEST_STEP][PASSED] - selectOptionByIndex: All options with index in [60] are selected on object 'Object Repository/Schedule 11/Page_KDMC - CMS/select_--Select--Advance E.C.G'

2018-05-05 19:35:43 - [MESSAGE][PASSED] - All options with index in [60] are selected on object 'Object Repository/Schedule 11/Page_KDMC - CMS/select_--Select--Advance E.C.G'

2018-05-05 19:35:43 - [TEST_STEP][PASSED] - setText: Text '200' is set on object 'Object Repository/Schedule 11/Page_KDMC - CMS/input_txttreat'

2018-05-05 19:35:43 - [MESSAGE][PASSED] - Text '200' is set on object 'Object Repository/Schedule 11/Page_KDMC - CMS/input_txttreat'

2018-05-05 19:35:43 - [TEST_STEP][PASSED] - click: Object: 'Object Repository/Schedule 11/Page_KDMC - CMS/button_Add' is clicked on

2018-05-05 19:35:44 - [MESSAGE][PASSED] - Object: 'Object Repository/Schedule 11/Page_KDMC - CMS/button_Add' is clicked on

2018-05-05 19:35:44 - [TEST_STEP][PASSED] - selectOptionByIndex: All options with index in [11] are selected on object 'Object Repository/Schedule 11/Page_KDMC - CMS/select_--Select--Schedule 1Inj'

2018-05-05 19:35:44 - [MESSAGE][PASSED] - All options with index in [11] are selected on object 'Object Repository/Schedule 11/Page_KDMC - CMS/select_--Select--Schedule 1Inj'

2018-05-05 19:35:44 - [TEST_STEP][PASSED] - selectOptionByIndex: All options with index in [61] are selected on object 'Object Repository/Schedule 11/Page_KDMC - CMS/select_--Select--Advance E.C.G'

2018-05-05 19:35:45 - [MESSAGE][PASSED] - All options with index in [61] are selected on object 'Object Repository/Schedule 11/Page_KDMC - CMS/select_--Select--Advance E.C.G'

2018-05-05 19:35:45 - [TEST_STEP][PASSED] - setText: Text '200' is set on object 'Object Repository/Schedule 11/Page_KDMC - CMS/input_txttreat'

2018-05-05 19:35:45 - [MESSAGE][PASSED] - Text '200' is set on object 'Object Repository/Schedule 11/Page_KDMC - CMS/input_txttreat'

2018-05-05 19:35:45 - [TEST_STEP][PASSED] - click: Object: 'Object Repository/Schedule 11/Page_KDMC - CMS/button_Add' is clicked on

2018-05-05 19:35:45 - [MESSAGE][PASSED] - Object: 'Object Repository/Schedule 11/Page_KDMC - CMS/button_Add' is clicked on

2018-05-05 19:35:45 - [TEST_STEP][PASSED] - selectOptionByIndex: All options with index in [11] are selected on object 'Object Repository/Schedule 11/Page_KDMC - CMS/select_--Select--Schedule 1Inj'

2018-05-05 19:35:45 - [MESSAGE][PASSED] - All options with index in [11] are selected on object 'Object Repository/Schedule 11/Page_KDMC - CMS/select_--Select--Schedule 1Inj'

2018-05-05 19:35:45 - [TEST_STEP][PASSED] - selectOptionByIndex: All options with index in [62] are selected on object 'Object Repository/Schedule 11/Page_KDMC - CMS/select_--Select--Advance E.C.G'

2018-05-05 19:35:47 - [MESSAGE][PASSED] - All options with index in [62] are selected on object 'Object Repository/Schedule 11/Page_KDMC - CMS/select_--Select--Advance E.C.G'

2018-05-05 19:35:47 - [TEST_STEP][PASSED] - setText: Text '200' is set on object 'Object Repository/Schedule 11/Page_KDMC - CMS/input_txttreat'

2018-05-05 19:35:47 - [MESSAGE][PASSED] - Text '200' is set on object 'Object Repository/Schedule 11/Page_KDMC - CMS/input_txttreat'

2018-05-05 19:35:47 - [TEST_STEP][PASSED] - click: Object: 'Object Repository/Schedule 11/Page_KDMC - CMS/button_Add' is clicked on

2018-05-05 19:35:47 - [MESSAGE][PASSED] - Object: 'Object Repository/Schedule 11/Page_KDMC - CMS/button_Add' is clicked on

2018-05-05 19:35:47 - [TEST_STEP][PASSED] - selectOptionByIndex: All options with index in [11] are selected on object 'Object Repository/Schedule 11/Page_KDMC - CMS/select_--Select--Schedule 1Inj'

2018-05-05 19:35:47 - [MESSAGE][PASSED] - All options with index in [11] are selected on object 'Object Repository/Schedule 11/Page_KDMC - CMS/select_--Select--Schedule 1Inj'

2018-05-05 19:35:47 - [TEST_STEP][PASSED] - selectOptionByIndex: All options with index in [63] are selected on object 'Object Repository/Schedule 11/Page_KDMC - CMS/select_--Select--Advance E.C.G'

2018-05-05 19:35:49 - [MESSAGE][PASSED] - All options with index in [63] are selected on object 'Object Repository/Schedule 11/Page_KDMC - CMS/select_--Select--Advance E.C.G'

2018-05-05 19:35:49 - [TEST_STEP][PASSED] - setText: Text '200' is set on object 'Object Repository/Schedule 11/Page_KDMC - CMS/input_txttreat'

2018-05-05 19:35:49 - [MESSAGE][PASSED] - Text '200' is set on object 'Object Repository/Schedule 11/Page_KDMC - CMS/input_txttreat'

2018-05-05 19:35:49 - [TEST_STEP][PASSED] - click: Object: 'Object Repository/Schedule 11/Page_KDMC - CMS/button_Add' is clicked on

2018-05-05 19:35:49 - [MESSAGE][PASSED] - Object: 'Object Repository/Schedule 11/Page_KDMC - CMS/button_Add' is clicked on

2018-05-05 19:35:49 - [TEST_STEP][PASSED] - selectOptionByIndex: All options with index in [11] are selected on object 'Object Repository/Schedule 11/Page_KDMC - CMS/select_--Select--Schedule 1Inj'

2018-05-05 19:35:49 - [MESSAGE][PASSED] - All options with index in [11] are selected on object 'Object Repository/Schedule 11/Page_KDMC - CMS/select_--Select--Schedule 1Inj'

2018-05-05 19:35:49 - [TEST_STEP][PASSED] - selectOptionByIndex: All options with index in [64] are selected on object 'Object Repository/Schedule 11/Page_KDMC - CMS/select_--Select--Advance E.C.G'

2018-05-05 19:35:51 - [MESSAGE][PASSED] - All options with index in [64] are selected on object 'Object Repository/Schedule 11/Page_KDMC - CMS/select_--Select--Advance E.C.G'

2018-05-05 19:35:51 - [TEST_STEP][PASSED] - setText: Text '200' is set on object 'Object Repository/Schedule 11/Page_KDMC - CMS/input_txttreat'

2018-05-05 19:35:51 - [MESSAGE][PASSED] - Text '200' is set on object 'Object Repository/Schedule 11/Page_KDMC - CMS/input_txttreat'

2018-05-05 19:35:51 - [TEST_STEP][PASSED] - click: Object: 'Object Repository/Schedule 11/Page_KDMC - CMS/button_Add' is clicked on

2018-05-05 19:35:51 - [MESSAGE][PASSED] - Object: 'Object Repository/Schedule 11/Page_KDMC - CMS/button_Add' is clicked on

2018-05-05 19:35:51 - [TEST_STEP][PASSED] - selectOptionByIndex: All options with index in [11] are selected on object 'Object Repository/Schedule 11/Page_KDMC - CMS/select_--Select--Schedule 1Inj'

2018-05-05 19:35:51 - [MESSAGE][PASSED] - All options with index in [11] are selected on object 'Object Repository/Schedule 11/Page_KDMC - CMS/select_--Select--Schedule 1Inj'

2018-05-05 19:35:51 - [TEST_STEP][PASSED] - selectOptionByIndex: All options with index in [65] are selected on object 'Object Repository/Schedule 11/Page_KDMC - CMS/select_--Select--Advance E.C.G'

2018-05-05 19:35:52 - [MESSAGE][PASSED] - All options with index in [65] are selected on object 'Object Repository/Schedule 11/Page_KDMC - CMS/select_--Select--Advance E.C.G'

2018-05-05 19:35:52 - [TEST_STEP][PASSED] - setText: Text '200' is set on object 'Object Repository/Schedule 11/Page_KDMC - CMS/input_txttreat'

2018-05-05 19:35:53 - [MESSAGE][PASSED] - Text '200' is set on object 'Object Repository/Schedule 11/Page_KDMC - CMS/input_txttreat'

2018-05-05 19:35:53 - [TEST_STEP][PASSED] - click: Object: 'Object Repository/Schedule 11/Page_KDMC - CMS/button_Add' is clicked on

2018-05-05 19:35:53 - [MESSAGE][PASSED] - Object: 'Object Repository/Schedule 11/Page_KDMC - CMS/button_Add' is clicked on

2018-05-05 19:35:53 - [TEST_STEP][PASSED] - selectOptionByIndex: All options with index in [11] are selected on object 'Object Repository/Schedule 11/Page_KDMC - CMS/select_--Select--Schedule 1Inj'

2018-05-05 19:35:53 - [MESSAGE][PASSED] - All options with index in [11] are selected on object 'Object Repository/Schedule 11/Page_KDMC - CMS/select_--Select--Schedule 1Inj'

2018-05-05 19:35:53 - [TEST_STEP][PASSED] - selectOptionByIndex: All options with index in [66] are selected on object 'Object Repository/Schedule 11/Page_KDMC - CMS/select_--Select--Advance E.C.G'

2018-05-05 19:35:54 - [MESSAGE][PASSED] - All options with index in [66] are selected on object 'Object Repository/Schedule 11/Page_KDMC - CMS/select_--Select--Advance E.C.G'

2018-05-05 19:35:54 - [TEST_STEP][PASSED] - setText: Text '200' is set on object 'Object Repository/Schedule 11/Page_KDMC - CMS/input_txttreat'

2018-05-05 19:35:54 - [MESSAGE][PASSED] - Text '200' is set on object 'Object Repository/Schedule 11/Page_KDMC - CMS/input_txttreat'

2018-05-05 19:35:54 - [TEST_STEP][PASSED] - click: Object: 'Object Repository/Schedule 11/Page_KDMC - CMS/button_Add' is clicked on

2018-05-05 19:35:54 - [MESSAGE][PASSED] - Object: 'Object Repository/Schedule 11/Page_KDMC - CMS/button_Add' is clicked on

2018-05-05 19:35:54 - [TEST_STEP][PASSED] - selectOptionByIndex: All options with index in [11] are selected on object 'Object Repository/Schedule 11/Page_KDMC - CMS/select_--Select--Schedule 1Inj'

2018-05-05 19:35:54 - [MESSAGE][PASSED] - All options with index in [11] are selected on object 'Object Repository/Schedule 11/Page_KDMC - CMS/select_--Select--Schedule 1Inj'

2018-05-05 19:35:54 - [TEST_STEP][PASSED] - selectOptionByIndex: All options with index in [67] are selected on object 'Object Repository/Schedule 11/Page_KDMC - CMS/select_--Select--Advance E.C.G'

2018-05-05 19:35:56 - [MESSAGE][PASSED] - All options with index in [67] are selected on object 'Object Repository/Schedule 11/Page_KDMC - CMS/select_--Select--Advance E.C.G'

2018-05-05 19:35:56 - [TEST_STEP][PASSED] - setText: Text '200' is set on object 'Object Repository/Schedule 11/Page_KDMC - CMS/input_txttreat'

2018-05-05 19:35:56 - [MESSAGE][PASSED] - Text '200' is set on object 'Object Repository/Schedule 11/Page_KDMC - CMS/input_txttreat'

2018-05-05 19:35:56 - [TEST_STEP][PASSED] - click: Object: 'Object Repository/Schedule 11/Page_KDMC - CMS/button_Add' is clicked on

2018-05-05 19:35:56 - [MESSAGE][PASSED] - Object: 'Object Repository/Schedule 11/Page_KDMC - CMS/button_Add' is clicked on

2018-05-05 19:35:56 - [TEST_STEP][PASSED] - selectOptionByIndex: All options with index in [11] are selected on object 'Object Repository/Schedule 11/Page_KDMC - CMS/select_--Select--Schedule 1Inj'

2018-05-05 19:35:56 - [MESSAGE][PASSED] - All options with index in [11] are selected on object 'Object Repository/Schedule 11/Page_KDMC - CMS/select_--Select--Schedule 1Inj'

2018-05-05 19:35:56 - [TEST_STEP][PASSED] - selectOptionByIndex: All options with index in [68] are selected on object 'Object Repository/Schedule 11/Page_KDMC - CMS/select_--Select--Advance E.C.G'

2018-05-05 19:35:57 - [MESSAGE][PASSED] - All options with index in [68] are selected on object 'Object Repository/Schedule 11/Page_KDMC - CMS/select_--Select--Advance E.C.G'

2018-05-05 19:35:57 - [TEST_STEP][PASSED] - setText: Text '200' is set on object 'Object Repository/Schedule 11/Page_KDMC - CMS/input_txttreat'

2018-05-05 19:35:58 - [MESSAGE][PASSED] - Text '200' is set on object 'Object Repository/Schedule 11/Page_KDMC - CMS/input_txttreat'

2018-05-05 19:35:58 - [TEST_STEP][PASSED] - click: Object: 'Object Repository/Schedule 11/Page_KDMC - CMS/button_Add' is clicked on

2018-05-05 19:35:58 - [MESSAGE][PASSED] - Object: 'Object Repository/Schedule 11/Page_KDMC - CMS/button_Add' is clicked on

2018-05-05 19:35:58 - [TEST_STEP][PASSED] - selectOptionByIndex: All options with index in [11] are selected on object 'Object Repository/Schedule 11/Page_KDMC - CMS/select_--Select--Schedule 1Inj'

2018-05-05 19:35:58 - [MESSAGE][PASSED] - All options with index in [11] are selected on object 'Object Repository/Schedule 11/Page_KDMC - CMS/select_--Select--Schedule 1Inj'

2018-05-05 19:35:58 - [TEST_STEP][PASSED] - selectOptionByIndex: All options with index in [69] are selected on object 'Object Repository/Schedule 11/Page_KDMC - CMS/select_--Select--Advance E.C.G'

2018-05-05 19:35:59 - [MESSAGE][PASSED] - All options with index in [69] are selected on object 'Object Repository/Schedule 11/Page_KDMC - CMS/select_--Select--Advance E.C.G'

2018-05-05 19:35:59 - [TEST_STEP][PASSED] - setText: Text '200' is set on object 'Object Repository/Schedule 11/Page_KDMC - CMS/input_txttreat'

2018-05-05 19:35:59 - [MESSAGE][PASSED] - Text '200' is set on object 'Object Repository/Schedule 11/Page_KDMC - CMS/input_txttreat'

2018-05-05 19:35:59 - [TEST_STEP][PASSED] - click: Object: 'Object Repository/Schedule 11/Page_KDMC - CMS/button_Add' is clicked on

2018-05-05 19:35:59 - [MESSAGE][PASSED] - Object: 'Object Repository/Schedule 11/Page_KDMC - CMS/button_Add' is clicked on

2018-05-05 19:35:59 - [TEST_STEP][PASSED] - selectOptionByIndex: All options with index in [11] are selected on object 'Object Repository/Schedule 11/Page_KDMC - CMS/select_--Select--Schedule 1Inj'

2018-05-05 19:35:59 - [MESSAGE][PASSED] - All options with index in [11] are selected on object 'Object Repository/Schedule 11/Page_KDMC - CMS/select_--Select--Schedule 1Inj'

2018-05-05 19:35:59 - [TEST_STEP][PASSED] - selectOptionByIndex: All options with index in [70] are selected on object 'Object Repository/Schedule 11/Page_KDMC - CMS/select_--Select--Advance E.C.G'

2018-05-05 19:36:01 - [MESSAGE][PASSED] - All options with index in [70] are selected on object 'Object Repository/Schedule 11/Page_KDMC - CMS/select_--Select--Advance E.C.G'

2018-05-05 19:36:01 - [TEST_STEP][PASSED] - setText: Text '200' is set on object 'Object Repository/Schedule 11/Page_KDMC - CMS/input_txttreat'

2018-05-05 19:36:01 - [MESSAGE][PASSED] - Text '200' is set on object 'Object Repository/Schedule 11/Page_KDMC - CMS/input_txttreat'

2018-05-05 19:36:01 - [TEST_STEP][PASSED] - click: Object: 'Object Repository/Schedule 11/Page_KDMC - CMS/button_Add' is clicked on

2018-05-05 19:36:01 - [MESSAGE][PASSED] - Object: 'Object Repository/Schedule 11/Page_KDMC - CMS/button_Add' is clicked on

2018-05-05 19:36:01 - [TEST_STEP][PASSED] - selectOptionByIndex: All options with index in [11] are selected on object 'Object Repository/Schedule 11/Page_KDMC - CMS/select_--Select--Schedule 1Inj'

2018-05-05 19:36:01 - [MESSAGE][PASSED] - All options with index in [11] are selected on object 'Object Repository/Schedule 11/Page_KDMC - CMS/select_--Select--Schedule 1Inj'

2018-05-05 19:36:01 - [TEST_STEP][PASSED] - selectOptionByIndex: All options with index in [71] are selected on object 'Object Repository/Schedule 11/Page_KDMC - CMS/select_--Select--Advance E.C.G'

2018-05-05 19:36:02 - [MESSAGE][PASSED] - All options with index in [71] are selected on object 'Object Repository/Schedule 11/Page_KDMC - CMS/select_--Select--Advance E.C.G'

2018-05-05 19:36:02 - [TEST_STEP][PASSED] - setText: Text '200' is set on object 'Object Repository/Schedule 11/Page_KDMC - CMS/input_txttreat'

2018-05-05 19:36:02 - [MESSAGE][PASSED] - Text '200' is set on object 'Object Repository/Schedule 11/Page_KDMC - CMS/input_txttreat'

2018-05-05 19:36:02 - [TEST_STEP][PASSED] - click: Object: 'Object Repository/Schedule 11/Page_KDMC - CMS/button_Add' is clicked on

2018-05-05 19:36:02 - [MESSAGE][PASSED] - Object: 'Object Repository/Schedule 11/Page_KDMC - CMS/button_Add' is clicked on

2018-05-05 19:36:02 - [TEST_STEP][PASSED] - selectOptionByIndex: All options with index in [11] are selected on object 'Object Repository/Schedule 11/Page_KDMC - CMS/select_--Select--Schedule 1Inj'

2018-05-05 19:36:03 - [MESSAGE][PASSED] - All options with index in [11] are selected on object 'Object Repository/Schedule 11/Page_KDMC - CMS/select_--Select--Schedule 1Inj'

2018-05-05 19:36:03 - [TEST_STEP][PASSED] - selectOptionByIndex: All options with index in [72] are selected on object 'Object Repository/Schedule 11/Page_KDMC - CMS/select_--Select--Advance E.C.G'

2018-05-05 19:36:04 - [MESSAGE][PASSED] - All options with index in [72] are selected on object 'Object Repository/Schedule 11/Page_KDMC - CMS/select_--Select--Advance E.C.G'

2018-05-05 19:36:04 - [TEST_STEP][PASSED] - setText: Text '200' is set on object 'Object Repository/Schedule 11/Page_KDMC - CMS/input_txttreat'

2018-05-05 19:36:04 - [MESSAGE][PASSED] - Text '200' is set on object 'Object Repository/Schedule 11/Page_KDMC - CMS/input_txttreat'

2018-05-05 19:36:04 - [TEST_STEP][PASSED] - click: Object: 'Object Repository/Schedule 11/Page_KDMC - CMS/button_Add' is clicked on

2018-05-05 19:36:04 - [MESSAGE][PASSED] - Object: 'Object Repository/Schedule 11/Page_KDMC - CMS/button_Add' is clicked on

2018-05-05 19:36:04 - [TEST_STEP][PASSED] - selectOptionByIndex: All options with index in [11] are selected on object 'Object Repository/Schedule 11/Page_KDMC - CMS/select_--Select--Schedule 1Inj'

2018-05-05 19:36:04 - [MESSAGE][PASSED] - All options with index in [11] are selected on object 'Object Repository/Schedule 11/Page_KDMC - CMS/select_--Select--Schedule 1Inj'

2018-05-05 19:36:04 - [TEST_STEP][PASSED] - selectOptionByIndex: All options with index in [73] are selected on object 'Object Repository/Schedule 11/Page_KDMC - CMS/select_--Select--Advance E.C.G'

2018-05-05 19:36:06 - [MESSAGE][PASSED] - All options with index in [73] are selected on object 'Object Repository/Schedule 11/Page_KDMC - CMS/select_--Select--Advance E.C.G'

2018-05-05 19:36:06 - [TEST_STEP][PASSED] - setText: Text '200' is set on object 'Object Repository/Schedule 11/Page_KDMC - CMS/input_txttreat'

2018-05-05 19:36:06 - [MESSAGE][PASSED] - Text '200' is set on object 'Object Repository/Schedule 11/Page_KDMC - CMS/input_txttreat'

2018-05-05 19:36:06 - [TEST_STEP][PASSED] - click: Object: 'Object Repository/Schedule 11/Page_KDMC - CMS/button_Add' is clicked on

2018-05-05 19:36:06 - [MESSAGE][PASSED] - Object: 'Object Repository/Schedule 11/Page_KDMC - CMS/button_Add' is clicked on

2018-05-05 19:36:06 - [TEST_STEP][PASSED] - selectOptionByIndex: All options with index in [11] are selected on object 'Object Repository/Schedule 11/Page_KDMC - CMS/select_--Select--Schedule 1Inj'

2018-05-05 19:36:06 - [MESSAGE][PASSED] - All options with index in [11] are selected on object 'Object Repository/Schedule 11/Page_KDMC - CMS/select_--Select--Schedule 1Inj'

2018-05-05 19:36:06 - [TEST_STEP][PASSED] - selectOptionByIndex: All options with index in [74] are selected on object 'Object Repository/Schedule 11/Page_KDMC - CMS/select_--Select--Advance E.C.G'

2018-05-05 19:36:07 - [MESSAGE][PASSED] - All options with index in [74] are selected on object 'Object Repository/Schedule 11/Page_KDMC - CMS/select_--Select--Advance E.C.G'

2018-05-05 19:36:07 - [TEST_STEP][PASSED] - setText: Text '200' is set on object 'Object Repository/Schedule 11/Page_KDMC - CMS/input_txttreat'

2018-05-05 19:36:07 - [MESSAGE][PASSED] - Text '200' is set on object 'Object Repository/Schedule 11/Page_KDMC - CMS/input_txttreat'

2018-05-05 19:36:07 - [TEST_STEP][PASSED] - click: Object: 'Object Repository/Schedule 11/Page_KDMC - CMS/button_Add' is clicked on

2018-05-05 19:36:07 - [MESSAGE][PASSED] - Object: 'Object Repository/Schedule 11/Page_KDMC - CMS/button_Add' is clicked on

2018-05-05 19:36:07 - [TEST_STEP][PASSED] - selectOptionByIndex: All options with index in [11] are selected on object 'Object Repository/Schedule 11/Page_KDMC - CMS/select_--Select--Schedule 1Inj'

2018-05-05 19:36:08 - [MESSAGE][PASSED] - All options with index in [11] are selected on object 'Object Repository/Schedule 11/Page_KDMC - CMS/select_--Select--Schedule 1Inj'

2018-05-05 19:36:08 - [TEST_STEP][PASSED] - selectOptionByIndex: All options with index in [75] are selected on object 'Object Repository/Schedule 11/Page_KDMC - CMS/select_--Select--Advance E.C.G'

2018-05-05 19:36:09 - [MESSAGE][PASSED] - All options with index in [75] are selected on object 'Object Repository/Schedule 11/Page_KDMC - CMS/select_--Select--Advance E.C.G'

2018-05-05 19:36:09 - [TEST_STEP][PASSED] - setText: Text '200' is set on object 'Object Repository/Schedule 11/Page_KDMC - CMS/input_txttreat'

2018-05-05 19:36:09 - [MESSAGE][PASSED] - Text '200' is set on object 'Object Repository/Schedule 11/Page_KDMC - CMS/input_txttreat'

2018-05-05 19:36:09 - [TEST_STEP][PASSED] - click: Object: 'Object Repository/Schedule 11/Page_KDMC - CMS/button_Add' is clicked on

2018-05-05 19:36:09 - [MESSAGE][PASSED] - Object: 'Object Repository/Schedule 11/Page_KDMC - CMS/button_Add' is clicked on

2018-05-05 19:36:09 - [TEST_STEP][PASSED] - selectOptionByIndex: All options with index in [11] are selected on object 'Object Repository/Schedule 11/Page_KDMC - CMS/select_--Select--Schedule 1Inj'

2018-05-05 19:36:09 - [MESSAGE][PASSED] - All options with index in [11] are selected on object 'Object Repository/Schedule 11/Page_KDMC - CMS/select_--Select--Schedule 1Inj'

2018-05-05 19:36:09 - [TEST_STEP][PASSED] - selectOptionByIndex: All options with index in [76] are selected on object 'Object Repository/Schedule 11/Page_KDMC - CMS/select_--Select--Advance E.C.G'

2018-05-05 19:36:11 - [MESSAGE][PASSED] - All options with index in [76] are selected on object 'Object Repository/Schedule 11/Page_KDMC - CMS/select_--Select--Advance E.C.G'

2018-05-05 19:36:11 - [TEST_STEP][PASSED] - setText: Text '200' is set on object 'Object Repository/Schedule 11/Page_KDMC - CMS/input_txttreat'

2018-05-05 19:36:11 - [MESSAGE][PASSED] - Text '200' is set on object 'Object Repository/Schedule 11/Page_KDMC - CMS/input_txttreat'

2018-05-05 19:36:11 - [TEST_STEP][PASSED] - click: Object: 'Object Repository/Schedule 11/Page_KDMC - CMS/button_Add' is clicked on

2018-05-05 19:36:11 - [MESSAGE][PASSED] - Object: 'Object Repository/Schedule 11/Page_KDMC - CMS/button_Add' is clicked on

2018-05-05 19:36:11 - [TEST_STEP][PASSED] - selectOptionByIndex: All options with index in [11] are selected on object 'Object Repository/Schedule 11/Page_KDMC - CMS/select_--Select--Schedule 1Inj'

2018-05-05 19:36:11 - [MESSAGE][PASSED] - All options with index in [11] are selected on object 'Object Repository/Schedule 11/Page_KDMC - CMS/select_--Select--Schedule 1Inj'

2018-05-05 19:36:11 - [TEST_STEP][PASSED] - selectOptionByIndex: All options with index in [77] are selected on object 'Object Repository/Schedule 11/Page_KDMC - CMS/select_--Select--Advance E.C.G'

2018-05-05 19:36:13 - [MESSAGE][PASSED] - All options with index in [77] are selected on object 'Object Repository/Schedule 11/Page_KDMC - CMS/select_--Select--Advance E.C.G'

2018-05-05 19:36:13 - [TEST_STEP][PASSED] - setText: Text '200' is set on object 'Object Repository/Schedule 11/Page_KDMC - CMS/input_txttreat'

2018-05-05 19:36:13 - [MESSAGE][PASSED] - Text '200' is set on object 'Object Repository/Schedule 11/Page_KDMC - CMS/input_txttreat'

2018-05-05 19:36:13 - [TEST_STEP][PASSED] - click: Object: 'Object Repository/Schedule 11/Page_KDMC - CMS/button_Add' is clicked on

2018-05-05 19:36:13 - [MESSAGE][PASSED] - Object: 'Object Repository/Schedule 11/Page_KDMC - CMS/button_Add' is clicked on

2018-05-05 19:36:13 - [TEST_STEP][PASSED] - selectOptionByIndex: All options with index in [11] are selected on object 'Object Repository/Schedule 11/Page_KDMC - CMS/select_--Select--Schedule 1Inj'

2018-05-05 19:36:13 - [MESSAGE][PASSED] - All options with index in [11] are selected on object 'Object Repository/Schedule 11/Page_KDMC - CMS/select_--Select--Schedule 1Inj'

2018-05-05 19:36:13 - [TEST_STEP][PASSED] - selectOptionByIndex: All options with index in [78] are selected on object 'Object Repository/Schedule 11/Page_KDMC - CMS/select_--Select--Advance E.C.G'

2018-05-05 19:36:14 - [MESSAGE][PASSED] - All options with index in [78] are selected on object 'Object Repository/Schedule 11/Page_KDMC - CMS/select_--Select--Advance E.C.G'

2018-05-05 19:36:14 - [TEST_STEP][PASSED] - setText: Text '200' is set on object 'Object Repository/Schedule 11/Page_KDMC - CMS/input_txttreat'

2018-05-05 19:36:14 - [MESSAGE][PASSED] - Text '200' is set on object 'Object Repository/Schedule 11/Page_KDMC - CMS/input_txttreat'

2018-05-05 19:36:14 - [TEST_STEP][PASSED] - click: Object: 'Object Repository/Schedule 11/Page_KDMC - CMS/button_Add' is clicked on

2018-05-05 19:36:14 - [MESSAGE][PASSED] - Object: 'Object Repository/Schedule 11/Page_KDMC - CMS/button_Add' is clicked on

2018-05-05 19:36:14 - [TEST_STEP][PASSED] - selectOptionByIndex: All options with index in [11] are selected on object 'Object Repository/Schedule 11/Page_KDMC - CMS/select_--Select--Schedule 1Inj'

2018-05-05 19:36:15 - [MESSAGE][PASSED] - All options with index in [11] are selected on object 'Object Repository/Schedule 11/Page_KDMC - CMS/select_--Select--Schedule 1Inj'

2018-05-05 19:36:15 - [TEST_STEP][PASSED] - selectOptionByIndex: All options with index in [79] are selected on object 'Object Repository/Schedule 11/Page_KDMC - CMS/select_--Select--Advance E.C.G'

2018-05-05 19:36:16 - [MESSAGE][PASSED] - All options with index in [79] are selected on object 'Object Repository/Schedule 11/Page_KDMC - CMS/select_--Select--Advance E.C.G'

2018-05-05 19:36:16 - [TEST_STEP][PASSED] - setText: Text '200' is set on object 'Object Repository/Schedule 11/Page_KDMC - CMS/input_txttreat'

2018-05-05 19:36:16 - [MESSAGE][PASSED] - Text '200' is set on object 'Object Repository/Schedule 11/Page_KDMC - CMS/input_txttreat'

2018-05-05 19:36:16 - [TEST_STEP][PASSED] - click: Object: 'Object Repository/Schedule 11/Page_KDMC - CMS/button_Add' is clicked on

2018-05-05 19:36:16 - [MESSAGE][PASSED] - Object: 'Object Repository/Schedule 11/Page_KDMC - CMS/button_Add' is clicked on

2018-05-05 19:36:16 - [TEST_STEP][PASSED] - selectOptionByIndex: All options with index in [11] are selected on object 'Object Repository/Schedule 11/Page_KDMC - CMS/select_--Select--Schedule 1Inj'

2018-05-05 19:36:16 - [MESSAGE][PASSED] - All options with index in [11] are selected on object 'Object Repository/Schedule 11/Page_KDMC - CMS/select_--Select--Schedule 1Inj'

2018-05-05 19:36:16 - [TEST_STEP][PASSED] - selectOptionByIndex: All options with index in [80] are selected on object 'Object Repository/Schedule 11/Page_KDMC - CMS/select_--Select--Advance E.C.G'

2018-05-05 19:36:18 - [MESSAGE][PASSED] - All options with index in [80] are selected on object 'Object Repository/Schedule 11/Page_KDMC - CMS/select_--Select--Advance E.C.G'

2018-05-05 19:36:18 - [TEST_STEP][PASSED] - setText: Text '200' is set on object 'Object Repository/Schedule 11/Page_KDMC - CMS/input_txttreat'

2018-05-05 19:36:18 - [MESSAGE][PASSED] - Text '200' is set on object 'Object Repository/Schedule 11/Page_KDMC - CMS/input_txttreat'

2018-05-05 19:36:18 - [TEST_STEP][PASSED] - click: Object: 'Object Repository/Schedule 11/Page_KDMC - CMS/button_Add' is clicked on

2018-05-05 19:36:18 - [MESSAGE][PASSED] - Object: 'Object Repository/Schedule 11/Page_KDMC - CMS/button_Add' is clicked on

2018-05-05 19:36:18 - [TEST_STEP][PASSED] - scrollToElement: Scroll to object 'Object Repository/Schedule 11/Page_KDMC - CMS/input_btnsave' successfully

2018-05-05 19:36:18 - [MESSAGE][PASSED] - Scroll to object 'Object Repository/Schedule 11/Page_KDMC - CMS/input_btnsave' successfully

2018-05-05 19:36:18 - [TEST_STEP][PASSED] - click: Object: 'Object Repository/Schedule 11/Page_KDMC - CMS/input_btnsave' is clicked on

2018-05-05 19:36:18 - [MESSAGE][PASSED] - Object: 'Object Repository/Schedule 11/Page_KDMC - CMS/input_btnsave' is clicked on

2018-05-05 19:36:18 - [TEST_STEP][PASSED] - delay: Delayed 3 second(s)

2018-05-05 19:36:21 - [MESSAGE][PASSED] - Delayed 3 second(s)

2018-05-05 19:36:21 - [TEST_STEP][PASSED] - click: Object: 'Object Repository/Schedule 11/Page_KDMC - CMS/button_OK' is clicked on

2018-05-05 19:36:22 - [MESSAGE][PASSED] - Object: 'Object Repository/Schedule 11/Page_KDMC - CMS/button_OK' is clicked on

2018-05-05 19:36:22 - [TEST_STEP][PASSED] - delay: Delayed 3 second(s)

2018-05-05 19:36:25 - [MESSAGE][PASSED] - Delayed 3 second(s)

2018-05-05 19:36:25 - [TEST_STEP][PASSED] - click: Object: 'Object Repository/Schedule 11/Page_KDMC - CMS/a_dropdown-toggle' is clicked on

2018-05-05 19:36:25 - [MESSAGE][PASSED] - Object: 'Object Repository/Schedule 11/Page_KDMC - CMS/a_dropdown-toggle' is clicked on

2018-05-05 19:36:25 - [TEST_STEP][PASSED] - click: Object: 'Object Repository/Schedule 11/Page_KDMC - CMS/a_Sign out' is clicked on

2018-05-05 19:36:25 - [MESSAGE][PASSED] - Object: 'Object Repository/Schedule 11/Page_KDMC - CMS/a_Sign out' is clicked on

2018-05-05 19:36:25 - [TEST_STEP][PASSED] - closeBrowser: Browser is closed

2018-05-05 19:36:26 - [MESSAGE][PASSED] - Browser is closed]]></system-out>
         <system-err><![CDATA[]]></system-err>
      </testcase>
      <testcase name="Test Cases/MOH TO CMS REQUEST/MohRequestSchedule12" classname="Test Cases/MOH TO CMS REQUEST/MohRequestSchedule12" status="PASSED">
         <system-out><![CDATA[2018-05-05 19:36:26 - [TEST_CASE][PASSED] - Test Cases/MOH TO CMS REQUEST/MohRequestSchedule12: Test Cases/MOH TO CMS REQUEST/MohRequestSchedule12

2018-05-05 19:36:26 - [TEST_STEP][PASSED] - openBrowser: Browser is opened with url: ''

2018-05-05 19:36:28 - [MESSAGE][PASSED] - Browser is opened with url: ''

2018-05-05 19:36:28 - [TEST_STEP][PASSED] - navigateToUrl: Navigate to 'http://192.168.137.1/multihospital_new/' successfully

2018-05-05 19:36:30 - [MESSAGE][PASSED] - Navigate to 'http://192.168.137.1/multihospital_new/' successfully

2018-05-05 19:36:30 - [TEST_STEP][PASSED] - maximizeWindow: Current window maximized

2018-05-05 19:36:31 - [MESSAGE][PASSED] - Current window maximized

2018-05-05 19:36:31 - [TEST_STEP][PASSED] - click: Object: 'Object Repository/Schedule 12/Page_KDMC/a_CMS' is clicked on

2018-05-05 19:36:31 - [MESSAGE][PASSED] - Object: 'Object Repository/Schedule 12/Page_KDMC/a_CMS' is clicked on

2018-05-05 19:36:31 - [TEST_STEP][PASSED] - setText: Text 'bala' is set on object 'Object Repository/Schedule 12/Page_CMS login/input_txtusername'

2018-05-05 19:36:32 - [MESSAGE][PASSED] - Text 'bala' is set on object 'Object Repository/Schedule 12/Page_CMS login/input_txtusername'

2018-05-05 19:36:32 - [TEST_STEP][PASSED] - setText: Text '123' is set on object 'Object Repository/Schedule 12/Page_CMS login/input_txtpassword'

2018-05-05 19:36:32 - [MESSAGE][PASSED] - Text '123' is set on object 'Object Repository/Schedule 12/Page_CMS login/input_txtpassword'

2018-05-05 19:36:32 - [TEST_STEP][PASSED] - delay: Delayed 3 second(s)

2018-05-05 19:36:35 - [MESSAGE][PASSED] - Delayed 3 second(s)

2018-05-05 19:36:35 - [TEST_STEP][PASSED] - click: Object: 'Object Repository/Schedule 12/Page_CMS login/button_Sign in' is clicked on

2018-05-05 19:36:36 - [MESSAGE][PASSED] - Object: 'Object Repository/Schedule 12/Page_CMS login/button_Sign in' is clicked on

2018-05-05 19:36:36 - [TEST_STEP][PASSED] - click: Object: 'Object Repository/Schedule 12/Page_KDMC - CMS/a_Request to MOH' is clicked on

2018-05-05 19:36:36 - [MESSAGE][PASSED] - Object: 'Object Repository/Schedule 12/Page_KDMC - CMS/a_Request to MOH' is clicked on

2018-05-05 19:36:36 - [TEST_STEP][PASSED] - selectOptionByIndex: All options with index in [2] are selected on object 'Object Repository/Schedule 12/Page_KDMC - CMS/select_--Select--'

2018-05-05 19:36:36 - [MESSAGE][PASSED] - All options with index in [2] are selected on object 'Object Repository/Schedule 12/Page_KDMC - CMS/select_--Select--'

2018-05-05 19:36:36 - [TEST_STEP][PASSED] - selectOptionByIndex: All options with index in [12] are selected on object 'Object Repository/Schedule 12/Page_KDMC - CMS/select_--Select--Schedule 1Inj'

2018-05-05 19:36:37 - [MESSAGE][PASSED] - All options with index in [12] are selected on object 'Object Repository/Schedule 12/Page_KDMC - CMS/select_--Select--Schedule 1Inj'

2018-05-05 19:36:37 - [TEST_STEP][PASSED] - Statement - Selectedoptions = com.kms.katalon.core.webui.keyword.WebUiBuiltInKeywords.getNumberOfTotalOption(com.kms.katalon.core.testobject.ObjectRepository.findTestObject(Schedule 12/Page_KDMC - CMS/select_--Select--Baby sheet (R)): 20 options of object 'Object Repository/Schedule 12/Page_KDMC - CMS/select_--Select--Baby sheet (R' counted

2018-05-05 19:36:37 - [MESSAGE][PASSED] - 20 options of object 'Object Repository/Schedule 12/Page_KDMC - CMS/select_--Select--Baby sheet (R' counted

2018-05-05 19:36:37 - [TEST_STEP][PASSED] - Statement - For ([f = 1, f < Selectedoptions, (f++)]): Object: 'Object Repository/Schedule 12/Page_KDMC - CMS/button_Add' is clicked on

2018-05-05 19:36:37 - [TEST_STEP][PASSED] - selectOptionByIndex: All options with index in [12] are selected on object 'Object Repository/Schedule 12/Page_KDMC - CMS/select_--Select--Schedule 1Inj'

2018-05-05 19:36:37 - [MESSAGE][PASSED] - All options with index in [12] are selected on object 'Object Repository/Schedule 12/Page_KDMC - CMS/select_--Select--Schedule 1Inj'

2018-05-05 19:36:37 - [TEST_STEP][PASSED] - selectOptionByIndex: All options with index in [1] are selected on object 'Object Repository/Schedule 12/Page_KDMC - CMS/select_--Select--Baby sheet (R'

2018-05-05 19:36:37 - [MESSAGE][PASSED] - All options with index in [1] are selected on object 'Object Repository/Schedule 12/Page_KDMC - CMS/select_--Select--Baby sheet (R'

2018-05-05 19:36:37 - [TEST_STEP][PASSED] - setText: Text '50000' is set on object 'Object Repository/Schedule 12/Page_KDMC - CMS/input_txttreat'

2018-05-05 19:36:37 - [MESSAGE][PASSED] - Text '50000' is set on object 'Object Repository/Schedule 12/Page_KDMC - CMS/input_txttreat'

2018-05-05 19:36:37 - [TEST_STEP][PASSED] - click: Object: 'Object Repository/Schedule 12/Page_KDMC - CMS/button_Add' is clicked on

2018-05-05 19:36:37 - [MESSAGE][PASSED] - Object: 'Object Repository/Schedule 12/Page_KDMC - CMS/button_Add' is clicked on

2018-05-05 19:36:37 - [TEST_STEP][PASSED] - selectOptionByIndex: All options with index in [12] are selected on object 'Object Repository/Schedule 12/Page_KDMC - CMS/select_--Select--Schedule 1Inj'

2018-05-05 19:36:37 - [MESSAGE][PASSED] - All options with index in [12] are selected on object 'Object Repository/Schedule 12/Page_KDMC - CMS/select_--Select--Schedule 1Inj'

2018-05-05 19:36:37 - [TEST_STEP][PASSED] - selectOptionByIndex: All options with index in [2] are selected on object 'Object Repository/Schedule 12/Page_KDMC - CMS/select_--Select--Baby sheet (R'

2018-05-05 19:36:38 - [MESSAGE][PASSED] - All options with index in [2] are selected on object 'Object Repository/Schedule 12/Page_KDMC - CMS/select_--Select--Baby sheet (R'

2018-05-05 19:36:38 - [TEST_STEP][PASSED] - setText: Text '50000' is set on object 'Object Repository/Schedule 12/Page_KDMC - CMS/input_txttreat'

2018-05-05 19:36:38 - [MESSAGE][PASSED] - Text '50000' is set on object 'Object Repository/Schedule 12/Page_KDMC - CMS/input_txttreat'

2018-05-05 19:36:38 - [TEST_STEP][PASSED] - click: Object: 'Object Repository/Schedule 12/Page_KDMC - CMS/button_Add' is clicked on

2018-05-05 19:36:38 - [MESSAGE][PASSED] - Object: 'Object Repository/Schedule 12/Page_KDMC - CMS/button_Add' is clicked on

2018-05-05 19:36:38 - [TEST_STEP][PASSED] - selectOptionByIndex: All options with index in [12] are selected on object 'Object Repository/Schedule 12/Page_KDMC - CMS/select_--Select--Schedule 1Inj'

2018-05-05 19:36:38 - [MESSAGE][PASSED] - All options with index in [12] are selected on object 'Object Repository/Schedule 12/Page_KDMC - CMS/select_--Select--Schedule 1Inj'

2018-05-05 19:36:38 - [TEST_STEP][PASSED] - selectOptionByIndex: All options with index in [3] are selected on object 'Object Repository/Schedule 12/Page_KDMC - CMS/select_--Select--Baby sheet (R'

2018-05-05 19:36:39 - [MESSAGE][PASSED] - All options with index in [3] are selected on object 'Object Repository/Schedule 12/Page_KDMC - CMS/select_--Select--Baby sheet (R'

2018-05-05 19:36:39 - [TEST_STEP][PASSED] - setText: Text '50000' is set on object 'Object Repository/Schedule 12/Page_KDMC - CMS/input_txttreat'

2018-05-05 19:36:39 - [MESSAGE][PASSED] - Text '50000' is set on object 'Object Repository/Schedule 12/Page_KDMC - CMS/input_txttreat'

2018-05-05 19:36:39 - [TEST_STEP][PASSED] - click: Object: 'Object Repository/Schedule 12/Page_KDMC - CMS/button_Add' is clicked on

2018-05-05 19:36:39 - [MESSAGE][PASSED] - Object: 'Object Repository/Schedule 12/Page_KDMC - CMS/button_Add' is clicked on

2018-05-05 19:36:39 - [TEST_STEP][PASSED] - selectOptionByIndex: All options with index in [12] are selected on object 'Object Repository/Schedule 12/Page_KDMC - CMS/select_--Select--Schedule 1Inj'

2018-05-05 19:36:39 - [MESSAGE][PASSED] - All options with index in [12] are selected on object 'Object Repository/Schedule 12/Page_KDMC - CMS/select_--Select--Schedule 1Inj'

2018-05-05 19:36:39 - [TEST_STEP][PASSED] - selectOptionByIndex: All options with index in [4] are selected on object 'Object Repository/Schedule 12/Page_KDMC - CMS/select_--Select--Baby sheet (R'

2018-05-05 19:36:40 - [MESSAGE][PASSED] - All options with index in [4] are selected on object 'Object Repository/Schedule 12/Page_KDMC - CMS/select_--Select--Baby sheet (R'

2018-05-05 19:36:40 - [TEST_STEP][PASSED] - setText: Text '50000' is set on object 'Object Repository/Schedule 12/Page_KDMC - CMS/input_txttreat'

2018-05-05 19:36:40 - [MESSAGE][PASSED] - Text '50000' is set on object 'Object Repository/Schedule 12/Page_KDMC - CMS/input_txttreat'

2018-05-05 19:36:40 - [TEST_STEP][PASSED] - click: Object: 'Object Repository/Schedule 12/Page_KDMC - CMS/button_Add' is clicked on

2018-05-05 19:36:40 - [MESSAGE][PASSED] - Object: 'Object Repository/Schedule 12/Page_KDMC - CMS/button_Add' is clicked on

2018-05-05 19:36:40 - [TEST_STEP][PASSED] - selectOptionByIndex: All options with index in [12] are selected on object 'Object Repository/Schedule 12/Page_KDMC - CMS/select_--Select--Schedule 1Inj'

2018-05-05 19:36:40 - [MESSAGE][PASSED] - All options with index in [12] are selected on object 'Object Repository/Schedule 12/Page_KDMC - CMS/select_--Select--Schedule 1Inj'

2018-05-05 19:36:40 - [TEST_STEP][PASSED] - selectOptionByIndex: All options with index in [5] are selected on object 'Object Repository/Schedule 12/Page_KDMC - CMS/select_--Select--Baby sheet (R'

2018-05-05 19:36:41 - [MESSAGE][PASSED] - All options with index in [5] are selected on object 'Object Repository/Schedule 12/Page_KDMC - CMS/select_--Select--Baby sheet (R'

2018-05-05 19:36:41 - [TEST_STEP][PASSED] - setText: Text '50000' is set on object 'Object Repository/Schedule 12/Page_KDMC - CMS/input_txttreat'

2018-05-05 19:36:41 - [MESSAGE][PASSED] - Text '50000' is set on object 'Object Repository/Schedule 12/Page_KDMC - CMS/input_txttreat'

2018-05-05 19:36:41 - [TEST_STEP][PASSED] - click: Object: 'Object Repository/Schedule 12/Page_KDMC - CMS/button_Add' is clicked on

2018-05-05 19:36:41 - [MESSAGE][PASSED] - Object: 'Object Repository/Schedule 12/Page_KDMC - CMS/button_Add' is clicked on

2018-05-05 19:36:41 - [TEST_STEP][PASSED] - selectOptionByIndex: All options with index in [12] are selected on object 'Object Repository/Schedule 12/Page_KDMC - CMS/select_--Select--Schedule 1Inj'

2018-05-05 19:36:41 - [MESSAGE][PASSED] - All options with index in [12] are selected on object 'Object Repository/Schedule 12/Page_KDMC - CMS/select_--Select--Schedule 1Inj'

2018-05-05 19:36:41 - [TEST_STEP][PASSED] - selectOptionByIndex: All options with index in [6] are selected on object 'Object Repository/Schedule 12/Page_KDMC - CMS/select_--Select--Baby sheet (R'

2018-05-05 19:36:42 - [MESSAGE][PASSED] - All options with index in [6] are selected on object 'Object Repository/Schedule 12/Page_KDMC - CMS/select_--Select--Baby sheet (R'

2018-05-05 19:36:42 - [TEST_STEP][PASSED] - setText: Text '50000' is set on object 'Object Repository/Schedule 12/Page_KDMC - CMS/input_txttreat'

2018-05-05 19:36:42 - [MESSAGE][PASSED] - Text '50000' is set on object 'Object Repository/Schedule 12/Page_KDMC - CMS/input_txttreat'

2018-05-05 19:36:42 - [TEST_STEP][PASSED] - click: Object: 'Object Repository/Schedule 12/Page_KDMC - CMS/button_Add' is clicked on

2018-05-05 19:36:42 - [MESSAGE][PASSED] - Object: 'Object Repository/Schedule 12/Page_KDMC - CMS/button_Add' is clicked on

2018-05-05 19:36:42 - [TEST_STEP][PASSED] - selectOptionByIndex: All options with index in [12] are selected on object 'Object Repository/Schedule 12/Page_KDMC - CMS/select_--Select--Schedule 1Inj'

2018-05-05 19:36:42 - [MESSAGE][PASSED] - All options with index in [12] are selected on object 'Object Repository/Schedule 12/Page_KDMC - CMS/select_--Select--Schedule 1Inj'

2018-05-05 19:36:42 - [TEST_STEP][PASSED] - selectOptionByIndex: All options with index in [7] are selected on object 'Object Repository/Schedule 12/Page_KDMC - CMS/select_--Select--Baby sheet (R'

2018-05-05 19:36:42 - [MESSAGE][PASSED] - All options with index in [7] are selected on object 'Object Repository/Schedule 12/Page_KDMC - CMS/select_--Select--Baby sheet (R'

2018-05-05 19:36:42 - [TEST_STEP][PASSED] - setText: Text '50000' is set on object 'Object Repository/Schedule 12/Page_KDMC - CMS/input_txttreat'

2018-05-05 19:36:42 - [MESSAGE][PASSED] - Text '50000' is set on object 'Object Repository/Schedule 12/Page_KDMC - CMS/input_txttreat'

2018-05-05 19:36:42 - [TEST_STEP][PASSED] - click: Object: 'Object Repository/Schedule 12/Page_KDMC - CMS/button_Add' is clicked on

2018-05-05 19:36:42 - [MESSAGE][PASSED] - Object: 'Object Repository/Schedule 12/Page_KDMC - CMS/button_Add' is clicked on

2018-05-05 19:36:42 - [TEST_STEP][PASSED] - selectOptionByIndex: All options with index in [12] are selected on object 'Object Repository/Schedule 12/Page_KDMC - CMS/select_--Select--Schedule 1Inj'

2018-05-05 19:36:42 - [MESSAGE][PASSED] - All options with index in [12] are selected on object 'Object Repository/Schedule 12/Page_KDMC - CMS/select_--Select--Schedule 1Inj'

2018-05-05 19:36:42 - [TEST_STEP][PASSED] - selectOptionByIndex: All options with index in [8] are selected on object 'Object Repository/Schedule 12/Page_KDMC - CMS/select_--Select--Baby sheet (R'

2018-05-05 19:36:43 - [MESSAGE][PASSED] - All options with index in [8] are selected on object 'Object Repository/Schedule 12/Page_KDMC - CMS/select_--Select--Baby sheet (R'

2018-05-05 19:36:43 - [TEST_STEP][PASSED] - setText: Text '50000' is set on object 'Object Repository/Schedule 12/Page_KDMC - CMS/input_txttreat'

2018-05-05 19:36:43 - [MESSAGE][PASSED] - Text '50000' is set on object 'Object Repository/Schedule 12/Page_KDMC - CMS/input_txttreat'

2018-05-05 19:36:43 - [TEST_STEP][PASSED] - click: Object: 'Object Repository/Schedule 12/Page_KDMC - CMS/button_Add' is clicked on

2018-05-05 19:36:43 - [MESSAGE][PASSED] - Object: 'Object Repository/Schedule 12/Page_KDMC - CMS/button_Add' is clicked on

2018-05-05 19:36:43 - [TEST_STEP][PASSED] - selectOptionByIndex: All options with index in [12] are selected on object 'Object Repository/Schedule 12/Page_KDMC - CMS/select_--Select--Schedule 1Inj'

2018-05-05 19:36:44 - [MESSAGE][PASSED] - All options with index in [12] are selected on object 'Object Repository/Schedule 12/Page_KDMC - CMS/select_--Select--Schedule 1Inj'

2018-05-05 19:36:44 - [TEST_STEP][PASSED] - selectOptionByIndex: All options with index in [9] are selected on object 'Object Repository/Schedule 12/Page_KDMC - CMS/select_--Select--Baby sheet (R'

2018-05-05 19:36:44 - [MESSAGE][PASSED] - All options with index in [9] are selected on object 'Object Repository/Schedule 12/Page_KDMC - CMS/select_--Select--Baby sheet (R'

2018-05-05 19:36:44 - [TEST_STEP][PASSED] - setText: Text '50000' is set on object 'Object Repository/Schedule 12/Page_KDMC - CMS/input_txttreat'

2018-05-05 19:36:45 - [MESSAGE][PASSED] - Text '50000' is set on object 'Object Repository/Schedule 12/Page_KDMC - CMS/input_txttreat'

2018-05-05 19:36:45 - [TEST_STEP][PASSED] - click: Object: 'Object Repository/Schedule 12/Page_KDMC - CMS/button_Add' is clicked on

2018-05-05 19:36:45 - [MESSAGE][PASSED] - Object: 'Object Repository/Schedule 12/Page_KDMC - CMS/button_Add' is clicked on

2018-05-05 19:36:45 - [TEST_STEP][PASSED] - selectOptionByIndex: All options with index in [12] are selected on object 'Object Repository/Schedule 12/Page_KDMC - CMS/select_--Select--Schedule 1Inj'

2018-05-05 19:36:45 - [MESSAGE][PASSED] - All options with index in [12] are selected on object 'Object Repository/Schedule 12/Page_KDMC - CMS/select_--Select--Schedule 1Inj'

2018-05-05 19:36:45 - [TEST_STEP][PASSED] - selectOptionByIndex: All options with index in [10] are selected on object 'Object Repository/Schedule 12/Page_KDMC - CMS/select_--Select--Baby sheet (R'

2018-05-05 19:36:46 - [MESSAGE][PASSED] - All options with index in [10] are selected on object 'Object Repository/Schedule 12/Page_KDMC - CMS/select_--Select--Baby sheet (R'

2018-05-05 19:36:46 - [TEST_STEP][PASSED] - setText: Text '50000' is set on object 'Object Repository/Schedule 12/Page_KDMC - CMS/input_txttreat'

2018-05-05 19:36:46 - [MESSAGE][PASSED] - Text '50000' is set on object 'Object Repository/Schedule 12/Page_KDMC - CMS/input_txttreat'

2018-05-05 19:36:46 - [TEST_STEP][PASSED] - click: Object: 'Object Repository/Schedule 12/Page_KDMC - CMS/button_Add' is clicked on

2018-05-05 19:36:46 - [MESSAGE][PASSED] - Object: 'Object Repository/Schedule 12/Page_KDMC - CMS/button_Add' is clicked on

2018-05-05 19:36:46 - [TEST_STEP][PASSED] - selectOptionByIndex: All options with index in [12] are selected on object 'Object Repository/Schedule 12/Page_KDMC - CMS/select_--Select--Schedule 1Inj'

2018-05-05 19:36:46 - [MESSAGE][PASSED] - All options with index in [12] are selected on object 'Object Repository/Schedule 12/Page_KDMC - CMS/select_--Select--Schedule 1Inj'

2018-05-05 19:36:46 - [TEST_STEP][PASSED] - selectOptionByIndex: All options with index in [11] are selected on object 'Object Repository/Schedule 12/Page_KDMC - CMS/select_--Select--Baby sheet (R'

2018-05-05 19:36:47 - [MESSAGE][PASSED] - All options with index in [11] are selected on object 'Object Repository/Schedule 12/Page_KDMC - CMS/select_--Select--Baby sheet (R'

2018-05-05 19:36:47 - [TEST_STEP][PASSED] - setText: Text '50000' is set on object 'Object Repository/Schedule 12/Page_KDMC - CMS/input_txttreat'

2018-05-05 19:36:47 - [MESSAGE][PASSED] - Text '50000' is set on object 'Object Repository/Schedule 12/Page_KDMC - CMS/input_txttreat'

2018-05-05 19:36:47 - [TEST_STEP][PASSED] - click: Object: 'Object Repository/Schedule 12/Page_KDMC - CMS/button_Add' is clicked on

2018-05-05 19:36:47 - [MESSAGE][PASSED] - Object: 'Object Repository/Schedule 12/Page_KDMC - CMS/button_Add' is clicked on

2018-05-05 19:36:47 - [TEST_STEP][PASSED] - selectOptionByIndex: All options with index in [12] are selected on object 'Object Repository/Schedule 12/Page_KDMC - CMS/select_--Select--Schedule 1Inj'

2018-05-05 19:36:47 - [MESSAGE][PASSED] - All options with index in [12] are selected on object 'Object Repository/Schedule 12/Page_KDMC - CMS/select_--Select--Schedule 1Inj'

2018-05-05 19:36:47 - [TEST_STEP][PASSED] - selectOptionByIndex: All options with index in [12] are selected on object 'Object Repository/Schedule 12/Page_KDMC - CMS/select_--Select--Baby sheet (R'

2018-05-05 19:36:48 - [MESSAGE][PASSED] - All options with index in [12] are selected on object 'Object Repository/Schedule 12/Page_KDMC - CMS/select_--Select--Baby sheet (R'

2018-05-05 19:36:48 - [TEST_STEP][PASSED] - setText: Text '50000' is set on object 'Object Repository/Schedule 12/Page_KDMC - CMS/input_txttreat'

2018-05-05 19:36:48 - [MESSAGE][PASSED] - Text '50000' is set on object 'Object Repository/Schedule 12/Page_KDMC - CMS/input_txttreat'

2018-05-05 19:36:48 - [TEST_STEP][PASSED] - click: Object: 'Object Repository/Schedule 12/Page_KDMC - CMS/button_Add' is clicked on

2018-05-05 19:36:48 - [MESSAGE][PASSED] - Object: 'Object Repository/Schedule 12/Page_KDMC - CMS/button_Add' is clicked on

2018-05-05 19:36:48 - [TEST_STEP][PASSED] - selectOptionByIndex: All options with index in [12] are selected on object 'Object Repository/Schedule 12/Page_KDMC - CMS/select_--Select--Schedule 1Inj'

2018-05-05 19:36:48 - [MESSAGE][PASSED] - All options with index in [12] are selected on object 'Object Repository/Schedule 12/Page_KDMC - CMS/select_--Select--Schedule 1Inj'

2018-05-05 19:36:48 - [TEST_STEP][PASSED] - selectOptionByIndex: All options with index in [13] are selected on object 'Object Repository/Schedule 12/Page_KDMC - CMS/select_--Select--Baby sheet (R'

2018-05-05 19:36:49 - [MESSAGE][PASSED] - All options with index in [13] are selected on object 'Object Repository/Schedule 12/Page_KDMC - CMS/select_--Select--Baby sheet (R'

2018-05-05 19:36:49 - [TEST_STEP][PASSED] - setText: Text '50000' is set on object 'Object Repository/Schedule 12/Page_KDMC - CMS/input_txttreat'

2018-05-05 19:36:49 - [MESSAGE][PASSED] - Text '50000' is set on object 'Object Repository/Schedule 12/Page_KDMC - CMS/input_txttreat'

2018-05-05 19:36:49 - [TEST_STEP][PASSED] - click: Object: 'Object Repository/Schedule 12/Page_KDMC - CMS/button_Add' is clicked on

2018-05-05 19:36:49 - [MESSAGE][PASSED] - Object: 'Object Repository/Schedule 12/Page_KDMC - CMS/button_Add' is clicked on

2018-05-05 19:36:49 - [TEST_STEP][PASSED] - selectOptionByIndex: All options with index in [12] are selected on object 'Object Repository/Schedule 12/Page_KDMC - CMS/select_--Select--Schedule 1Inj'

2018-05-05 19:36:49 - [MESSAGE][PASSED] - All options with index in [12] are selected on object 'Object Repository/Schedule 12/Page_KDMC - CMS/select_--Select--Schedule 1Inj'

2018-05-05 19:36:49 - [TEST_STEP][PASSED] - selectOptionByIndex: All options with index in [14] are selected on object 'Object Repository/Schedule 12/Page_KDMC - CMS/select_--Select--Baby sheet (R'

2018-05-05 19:36:50 - [MESSAGE][PASSED] - All options with index in [14] are selected on object 'Object Repository/Schedule 12/Page_KDMC - CMS/select_--Select--Baby sheet (R'

2018-05-05 19:36:50 - [TEST_STEP][PASSED] - setText: Text '50000' is set on object 'Object Repository/Schedule 12/Page_KDMC - CMS/input_txttreat'

2018-05-05 19:36:50 - [MESSAGE][PASSED] - Text '50000' is set on object 'Object Repository/Schedule 12/Page_KDMC - CMS/input_txttreat'

2018-05-05 19:36:50 - [TEST_STEP][PASSED] - click: Object: 'Object Repository/Schedule 12/Page_KDMC - CMS/button_Add' is clicked on

2018-05-05 19:36:50 - [MESSAGE][PASSED] - Object: 'Object Repository/Schedule 12/Page_KDMC - CMS/button_Add' is clicked on

2018-05-05 19:36:50 - [TEST_STEP][PASSED] - selectOptionByIndex: All options with index in [12] are selected on object 'Object Repository/Schedule 12/Page_KDMC - CMS/select_--Select--Schedule 1Inj'

2018-05-05 19:36:50 - [MESSAGE][PASSED] - All options with index in [12] are selected on object 'Object Repository/Schedule 12/Page_KDMC - CMS/select_--Select--Schedule 1Inj'

2018-05-05 19:36:50 - [TEST_STEP][PASSED] - selectOptionByIndex: All options with index in [15] are selected on object 'Object Repository/Schedule 12/Page_KDMC - CMS/select_--Select--Baby sheet (R'

2018-05-05 19:36:51 - [MESSAGE][PASSED] - All options with index in [15] are selected on object 'Object Repository/Schedule 12/Page_KDMC - CMS/select_--Select--Baby sheet (R'

2018-05-05 19:36:51 - [TEST_STEP][PASSED] - setText: Text '50000' is set on object 'Object Repository/Schedule 12/Page_KDMC - CMS/input_txttreat'

2018-05-05 19:36:51 - [MESSAGE][PASSED] - Text '50000' is set on object 'Object Repository/Schedule 12/Page_KDMC - CMS/input_txttreat'

2018-05-05 19:36:51 - [TEST_STEP][PASSED] - click: Object: 'Object Repository/Schedule 12/Page_KDMC - CMS/button_Add' is clicked on

2018-05-05 19:36:51 - [MESSAGE][PASSED] - Object: 'Object Repository/Schedule 12/Page_KDMC - CMS/button_Add' is clicked on

2018-05-05 19:36:51 - [TEST_STEP][PASSED] - selectOptionByIndex: All options with index in [12] are selected on object 'Object Repository/Schedule 12/Page_KDMC - CMS/select_--Select--Schedule 1Inj'

2018-05-05 19:36:52 - [MESSAGE][PASSED] - All options with index in [12] are selected on object 'Object Repository/Schedule 12/Page_KDMC - CMS/select_--Select--Schedule 1Inj'

2018-05-05 19:36:52 - [TEST_STEP][PASSED] - selectOptionByIndex: All options with index in [16] are selected on object 'Object Repository/Schedule 12/Page_KDMC - CMS/select_--Select--Baby sheet (R'

2018-05-05 19:36:52 - [MESSAGE][PASSED] - All options with index in [16] are selected on object 'Object Repository/Schedule 12/Page_KDMC - CMS/select_--Select--Baby sheet (R'

2018-05-05 19:36:52 - [TEST_STEP][PASSED] - setText: Text '50000' is set on object 'Object Repository/Schedule 12/Page_KDMC - CMS/input_txttreat'

2018-05-05 19:36:52 - [MESSAGE][PASSED] - Text '50000' is set on object 'Object Repository/Schedule 12/Page_KDMC - CMS/input_txttreat'

2018-05-05 19:36:52 - [TEST_STEP][PASSED] - click: Object: 'Object Repository/Schedule 12/Page_KDMC - CMS/button_Add' is clicked on

2018-05-05 19:36:53 - [MESSAGE][PASSED] - Object: 'Object Repository/Schedule 12/Page_KDMC - CMS/button_Add' is clicked on

2018-05-05 19:36:53 - [TEST_STEP][PASSED] - selectOptionByIndex: All options with index in [12] are selected on object 'Object Repository/Schedule 12/Page_KDMC - CMS/select_--Select--Schedule 1Inj'

2018-05-05 19:36:53 - [MESSAGE][PASSED] - All options with index in [12] are selected on object 'Object Repository/Schedule 12/Page_KDMC - CMS/select_--Select--Schedule 1Inj'

2018-05-05 19:36:53 - [TEST_STEP][PASSED] - selectOptionByIndex: All options with index in [17] are selected on object 'Object Repository/Schedule 12/Page_KDMC - CMS/select_--Select--Baby sheet (R'

2018-05-05 19:36:54 - [MESSAGE][PASSED] - All options with index in [17] are selected on object 'Object Repository/Schedule 12/Page_KDMC - CMS/select_--Select--Baby sheet (R'

2018-05-05 19:36:54 - [TEST_STEP][PASSED] - setText: Text '50000' is set on object 'Object Repository/Schedule 12/Page_KDMC - CMS/input_txttreat'

2018-05-05 19:36:54 - [MESSAGE][PASSED] - Text '50000' is set on object 'Object Repository/Schedule 12/Page_KDMC - CMS/input_txttreat'

2018-05-05 19:36:54 - [TEST_STEP][PASSED] - click: Object: 'Object Repository/Schedule 12/Page_KDMC - CMS/button_Add' is clicked on

2018-05-05 19:36:54 - [MESSAGE][PASSED] - Object: 'Object Repository/Schedule 12/Page_KDMC - CMS/button_Add' is clicked on

2018-05-05 19:36:54 - [TEST_STEP][PASSED] - selectOptionByIndex: All options with index in [12] are selected on object 'Object Repository/Schedule 12/Page_KDMC - CMS/select_--Select--Schedule 1Inj'

2018-05-05 19:36:54 - [MESSAGE][PASSED] - All options with index in [12] are selected on object 'Object Repository/Schedule 12/Page_KDMC - CMS/select_--Select--Schedule 1Inj'

2018-05-05 19:36:54 - [TEST_STEP][PASSED] - selectOptionByIndex: All options with index in [18] are selected on object 'Object Repository/Schedule 12/Page_KDMC - CMS/select_--Select--Baby sheet (R'

2018-05-05 19:36:55 - [MESSAGE][PASSED] - All options with index in [18] are selected on object 'Object Repository/Schedule 12/Page_KDMC - CMS/select_--Select--Baby sheet (R'

2018-05-05 19:36:55 - [TEST_STEP][PASSED] - setText: Text '50000' is set on object 'Object Repository/Schedule 12/Page_KDMC - CMS/input_txttreat'

2018-05-05 19:36:55 - [MESSAGE][PASSED] - Text '50000' is set on object 'Object Repository/Schedule 12/Page_KDMC - CMS/input_txttreat'

2018-05-05 19:36:55 - [TEST_STEP][PASSED] - click: Object: 'Object Repository/Schedule 12/Page_KDMC - CMS/button_Add' is clicked on

2018-05-05 19:36:55 - [MESSAGE][PASSED] - Object: 'Object Repository/Schedule 12/Page_KDMC - CMS/button_Add' is clicked on

2018-05-05 19:36:55 - [TEST_STEP][PASSED] - selectOptionByIndex: All options with index in [12] are selected on object 'Object Repository/Schedule 12/Page_KDMC - CMS/select_--Select--Schedule 1Inj'

2018-05-05 19:36:55 - [MESSAGE][PASSED] - All options with index in [12] are selected on object 'Object Repository/Schedule 12/Page_KDMC - CMS/select_--Select--Schedule 1Inj'

2018-05-05 19:36:55 - [TEST_STEP][PASSED] - selectOptionByIndex: All options with index in [19] are selected on object 'Object Repository/Schedule 12/Page_KDMC - CMS/select_--Select--Baby sheet (R'

2018-05-05 19:36:56 - [MESSAGE][PASSED] - All options with index in [19] are selected on object 'Object Repository/Schedule 12/Page_KDMC - CMS/select_--Select--Baby sheet (R'

2018-05-05 19:36:56 - [TEST_STEP][PASSED] - setText: Text '50000' is set on object 'Object Repository/Schedule 12/Page_KDMC - CMS/input_txttreat'

2018-05-05 19:36:56 - [MESSAGE][PASSED] - Text '50000' is set on object 'Object Repository/Schedule 12/Page_KDMC - CMS/input_txttreat'

2018-05-05 19:36:56 - [TEST_STEP][PASSED] - click: Object: 'Object Repository/Schedule 12/Page_KDMC - CMS/button_Add' is clicked on

2018-05-05 19:36:56 - [MESSAGE][PASSED] - Object: 'Object Repository/Schedule 12/Page_KDMC - CMS/button_Add' is clicked on

2018-05-05 19:36:56 - [TEST_STEP][PASSED] - scrollToElement: Scroll to object 'Object Repository/Schedule 12/Page_KDMC - CMS/input_btnsave' successfully

2018-05-05 19:36:56 - [MESSAGE][PASSED] - Scroll to object 'Object Repository/Schedule 12/Page_KDMC - CMS/input_btnsave' successfully

2018-05-05 19:36:56 - [TEST_STEP][PASSED] - click: Object: 'Object Repository/Schedule 12/Page_KDMC - CMS/input_btnsave' is clicked on

2018-05-05 19:36:56 - [MESSAGE][PASSED] - Object: 'Object Repository/Schedule 12/Page_KDMC - CMS/input_btnsave' is clicked on

2018-05-05 19:36:56 - [TEST_STEP][PASSED] - delay: Delayed 3 second(s)

2018-05-05 19:36:59 - [MESSAGE][PASSED] - Delayed 3 second(s)

2018-05-05 19:36:59 - [TEST_STEP][PASSED] - click: Object: 'Object Repository/Schedule 12/Page_KDMC - CMS/button_OK' is clicked on

2018-05-05 19:36:59 - [MESSAGE][PASSED] - Object: 'Object Repository/Schedule 12/Page_KDMC - CMS/button_OK' is clicked on

2018-05-05 19:36:59 - [TEST_STEP][PASSED] - click: Object: 'Object Repository/Schedule 12/Page_KDMC - CMS/a_dropdown-toggle' is clicked on

2018-05-05 19:36:59 - [MESSAGE][PASSED] - Object: 'Object Repository/Schedule 12/Page_KDMC - CMS/a_dropdown-toggle' is clicked on

2018-05-05 19:36:59 - [TEST_STEP][PASSED] - click: Object: 'Object Repository/Schedule 12/Page_KDMC - CMS/a_Sign out' is clicked on

2018-05-05 19:37:00 - [MESSAGE][PASSED] - Object: 'Object Repository/Schedule 12/Page_KDMC - CMS/a_Sign out' is clicked on

2018-05-05 19:37:00 - [TEST_STEP][PASSED] - closeBrowser: Browser is closed

2018-05-05 19:37:00 - [MESSAGE][PASSED] - Browser is closed]]></system-out>
         <system-err><![CDATA[]]></system-err>
      </testcase>
      <system-out><![CDATA[2018-05-05 19:24:39 - [TEST_SUITE][PASSED] - Moh_Request: Test Cases/MOH TO CMS REQUEST/MohRequestSchedule12]]></system-out>
      <system-err><![CDATA[]]></system-err>
   </testsuite>
</testsuites>
