<?xml version="1.0" encoding="UTF-8"?>
<testsuites name="HealthPost_CMS_Suite" time="764" tests="1" failures="0" errors="2">
   <testsuite name="HealthPost_CMS_Suite" tests="1" failures="0" errors="2" time="764" timestamp="2018-06-10 22:28:13" hostname="Quality Analyst - DESKTOP-BLFTK83" id="Test Suites/HealthPost_CMS_Suite">
      <properties>
         <property name="deviceName" value=""/>
         <property name="devicePlatform" value=""/>
         <property name="logFolder" value="C:\\Users\\Quality Analyst\\Katalon Studio\\ds\\Reports\\HealthPost_CMS_Suite\\20180610_193915"/>
         <property name="logFiles" value="C:\\Users\\Quality Analyst\\Katalon Studio\\ds\\Reports\\HealthPost_CMS_Suite\\20180610_193915\\execution0.log"/>
         <property name="attachments" value=""/>
         <property name="hostName" value="Quality Analyst - DESKTOP-BLFTK83"/>
         <property name="os" value="Windows 10 64bit"/>
         <property name="katalonVersion" value="5.4.2.1"/>
         <property name="browser" value="Chrome 66.0.3359.181"/>
         <property name="hostAddress" value="169.254.189.85"/>
         <property name="sessionId" value="c0aae62e801b92ead508a2d80201bbd1"/>
         <property name="seleniumVersion" value="3.7.1"/>
         <property name="proxyInformation" value="ProxyInformation{proxyOption=NO_PROXY, proxyServerType=HTTP, password=, proxyServerAddress=, proxyServerPort=0}"/>
         <property name="platform" value="Windows 10"/>
      </properties>
      <testcase name="Test Cases/HEALTHPOST TEST CASES/TC_HP_013 Verify Schedule 1 Healthpost To CMS Request Are Working Successfully Or Not" classname="Test Cases/HEALTHPOST TEST CASES/TC_HP_013 Verify Schedule 1 Healthpost To CMS Request Are Working Successfully Or Not" status="ERROR">
         <error type="ERROR" message="Test Cases/HEALTHPOST TEST CASES/TC_HP_013 Verify Schedule 1 Healthpost To CMS Request Are Working Successfully Or Not FAILED because (of) java.lang.NumberFormatException: For input string: &quot;&quot;"/>
         <system-out><![CDATA[2018-06-10 22:28:13 - [TEST_CASE][ERROR] - Test Cases/HEALTHPOST TEST CASES/TC_HP_013 Verify Schedule 1 Healthpost To CMS Request Are Working Successfully Or Not: Test Cases/HEALTHPOST TEST CASES/TC_HP_013 Verify Schedule 1 Healthpost To CMS Request Are Working Successfully Or Not FAILED because (of) java.lang.NumberFormatException: For input string: ""

2018-06-10 22:28:14 - [TEST_STEP][PASSED] - openBrowser: Browser is opened with url: ''

2018-06-10 22:28:17 - [MESSAGE][PASSED] - Browser is opened with url: ''

2018-06-10 22:28:17 - [TEST_STEP][PASSED] - navigateToUrl: Navigate to 'http://192.168.137.1/multihospital_new/HDSplashscreen.aspx' successfully

2018-06-10 22:28:19 - [MESSAGE][PASSED] - Navigate to 'http://192.168.137.1/multihospital_new/HDSplashscreen.aspx' successfully

2018-06-10 22:28:19 - [TEST_STEP][PASSED] - maximizeWindow: Current window maximized

2018-06-10 22:28:20 - [MESSAGE][PASSED] - Current window maximized

2018-06-10 22:28:20 - [TEST_STEP][PASSED] - click: Object: 'Object Repository/HealthpostToCms/Page_KDMC/a_Healthpost Store' is clicked on

2018-06-10 22:28:21 - [MESSAGE][PASSED] - Object: 'Object Repository/HealthpostToCms/Page_KDMC/a_Healthpost Store' is clicked on

2018-06-10 22:28:21 - [TEST_STEP][PASSED] - setText: Text 'raguram' is set on object 'Object Repository/HealthpostToCms/Page_HealthPost Store Login/input_txtusername'

2018-06-10 22:28:21 - [MESSAGE][PASSED] - Text 'raguram' is set on object 'Object Repository/HealthpostToCms/Page_HealthPost Store Login/input_txtusername'

2018-06-10 22:28:21 - [TEST_STEP][PASSED] - setText: Text '123' is set on object 'Object Repository/HealthpostToCms/Page_HealthPost Store Login/input_txtpassword'

2018-06-10 22:28:21 - [MESSAGE][PASSED] - Text '123' is set on object 'Object Repository/HealthpostToCms/Page_HealthPost Store Login/input_txtpassword'

2018-06-10 22:28:21 - [TEST_STEP][PASSED] - delay: Delayed 3 second(s)

2018-06-10 22:28:24 - [MESSAGE][PASSED] - Delayed 3 second(s)

2018-06-10 22:28:24 - [TEST_STEP][PASSED] - click: Object: 'Object Repository/HealthpostToCms/Page_HealthPost Store Login/button_Sign in' is clicked on

2018-06-10 22:28:25 - [MESSAGE][PASSED] - Object: 'Object Repository/HealthpostToCms/Page_HealthPost Store Login/button_Sign in' is clicked on

2018-06-10 22:28:25 - [TEST_STEP][PASSED] - delay: Delayed 3 second(s)

2018-06-10 22:28:28 - [MESSAGE][PASSED] - Delayed 3 second(s)

2018-06-10 22:28:28 - [TEST_STEP][PASSED] - click: Object: 'Object Repository/HealthpostToCms/Page_HealthPost Store/a_CMS' is clicked on

2018-06-10 22:28:28 - [MESSAGE][PASSED] - Object: 'Object Repository/HealthpostToCms/Page_HealthPost Store/a_CMS' is clicked on

2018-06-10 22:28:28 - [TEST_STEP][PASSED] - click: Object: 'Object Repository/HealthpostToCms/Page_HealthPost Store/a_Request Send' is clicked on

2018-06-10 22:28:29 - [MESSAGE][PASSED] - Object: 'Object Repository/HealthpostToCms/Page_HealthPost Store/a_Request Send' is clicked on

2018-06-10 22:28:29 - [TEST_STEP][PASSED] - delay: Delayed 2 second(s)

2018-06-10 22:28:31 - [MESSAGE][PASSED] - Delayed 2 second(s)

2018-06-10 22:28:31 - [TEST_STEP][PASSED] - selectOptionByIndex: All options with index in [2] are selected on object 'Object Repository/HealthpostToCms/Page_HealthPost Store/select_--Select--'

2018-06-10 22:28:31 - [MESSAGE][PASSED] - All options with index in [2] are selected on object 'Object Repository/HealthpostToCms/Page_HealthPost Store/select_--Select--'

2018-06-10 22:28:31 - [TEST_STEP][PASSED] - selectOptionByIndex: All options with index in [1] are selected on object 'Object Repository/HealthpostToCms/Page_HealthPost Store/select_--Select--Schedule 1Inj'

2018-06-10 22:28:31 - [MESSAGE][PASSED] - All options with index in [1] are selected on object 'Object Repository/HealthpostToCms/Page_HealthPost Store/select_--Select--Schedule 1Inj'

2018-06-10 22:28:31 - [TEST_STEP][PASSED] - Statement - medicineslength = com.kms.katalon.core.webui.keyword.WebUiBuiltInKeywords.getNumberOfTotalOption(com.kms.katalon.core.testobject.ObjectRepository.findTestObject(HealthpostToCms/Page_HealthPost Store/select_--Select--Adernaline 0.)): 63 options of object 'Object Repository/HealthpostToCms/Page_HealthPost Store/select_--Select--Adernaline 0.' counted

2018-06-10 22:28:31 - [MESSAGE][PASSED] - 63 options of object 'Object Repository/HealthpostToCms/Page_HealthPost Store/select_--Select--Adernaline 0.' counted

2018-06-10 22:28:31 - [TEST_STEP][PASSED] - Statement - For ([e = 1, e <= medicineslength - 1, (e++)]): Delayed 1 second(s)

2018-06-10 22:28:31 - [TEST_STEP][PASSED] - selectOptionByIndex: All options with index in [1] are selected on object 'Object Repository/HealthpostToCms/Page_HealthPost Store/select_--Select--Schedule 1Inj'

2018-06-10 22:28:32 - [MESSAGE][PASSED] - All options with index in [1] are selected on object 'Object Repository/HealthpostToCms/Page_HealthPost Store/select_--Select--Schedule 1Inj'

2018-06-10 22:28:32 - [TEST_STEP][PASSED] - delay: Delayed 1 second(s)

2018-06-10 22:28:33 - [MESSAGE][PASSED] - Delayed 1 second(s)

2018-06-10 22:28:33 - [TEST_STEP][PASSED] - selectOptionByIndex: All options with index in [1] are selected on object 'Object Repository/HealthpostToCms/Page_HealthPost Store/select_--Select--Adernaline 0.'

2018-06-10 22:28:33 - [MESSAGE][PASSED] - All options with index in [1] are selected on object 'Object Repository/HealthpostToCms/Page_HealthPost Store/select_--Select--Adernaline 0.'

2018-06-10 22:28:33 - [TEST_STEP][PASSED] - setText: Text '100' is set on object 'Object Repository/HealthpostToCms/Page_HealthPost Store/input_txttreat'

2018-06-10 22:28:33 - [MESSAGE][PASSED] - Text '100' is set on object 'Object Repository/HealthpostToCms/Page_HealthPost Store/input_txttreat'

2018-06-10 22:28:33 - [TEST_STEP][PASSED] - click: Object: 'Object Repository/HealthpostToCms/Page_HealthPost Store/button_Add' is clicked on

2018-06-10 22:28:33 - [MESSAGE][PASSED] - Object: 'Object Repository/HealthpostToCms/Page_HealthPost Store/button_Add' is clicked on

2018-06-10 22:28:33 - [TEST_STEP][PASSED] - delay: Delayed 1 second(s)

2018-06-10 22:28:34 - [MESSAGE][PASSED] - Delayed 1 second(s)

2018-06-10 22:28:34 - [TEST_STEP][PASSED] - selectOptionByIndex: All options with index in [1] are selected on object 'Object Repository/HealthpostToCms/Page_HealthPost Store/select_--Select--Schedule 1Inj'

2018-06-10 22:28:34 - [MESSAGE][PASSED] - All options with index in [1] are selected on object 'Object Repository/HealthpostToCms/Page_HealthPost Store/select_--Select--Schedule 1Inj'

2018-06-10 22:28:34 - [TEST_STEP][PASSED] - delay: Delayed 1 second(s)

2018-06-10 22:28:35 - [MESSAGE][PASSED] - Delayed 1 second(s)

2018-06-10 22:28:35 - [TEST_STEP][PASSED] - selectOptionByIndex: All options with index in [2] are selected on object 'Object Repository/HealthpostToCms/Page_HealthPost Store/select_--Select--Adernaline 0.'

2018-06-10 22:28:35 - [MESSAGE][PASSED] - All options with index in [2] are selected on object 'Object Repository/HealthpostToCms/Page_HealthPost Store/select_--Select--Adernaline 0.'

2018-06-10 22:28:35 - [TEST_STEP][PASSED] - setText: Text '100' is set on object 'Object Repository/HealthpostToCms/Page_HealthPost Store/input_txttreat'

2018-06-10 22:28:35 - [MESSAGE][PASSED] - Text '100' is set on object 'Object Repository/HealthpostToCms/Page_HealthPost Store/input_txttreat'

2018-06-10 22:28:35 - [TEST_STEP][PASSED] - click: Object: 'Object Repository/HealthpostToCms/Page_HealthPost Store/button_Add' is clicked on

2018-06-10 22:28:35 - [MESSAGE][PASSED] - Object: 'Object Repository/HealthpostToCms/Page_HealthPost Store/button_Add' is clicked on

2018-06-10 22:28:35 - [TEST_STEP][PASSED] - delay: Delayed 1 second(s)

2018-06-10 22:28:36 - [MESSAGE][PASSED] - Delayed 1 second(s)

2018-06-10 22:28:36 - [TEST_STEP][PASSED] - selectOptionByIndex: All options with index in [1] are selected on object 'Object Repository/HealthpostToCms/Page_HealthPost Store/select_--Select--Schedule 1Inj'

2018-06-10 22:28:37 - [MESSAGE][PASSED] - All options with index in [1] are selected on object 'Object Repository/HealthpostToCms/Page_HealthPost Store/select_--Select--Schedule 1Inj'

2018-06-10 22:28:37 - [TEST_STEP][PASSED] - delay: Delayed 1 second(s)

2018-06-10 22:28:38 - [MESSAGE][PASSED] - Delayed 1 second(s)

2018-06-10 22:28:38 - [TEST_STEP][PASSED] - selectOptionByIndex: All options with index in [3] are selected on object 'Object Repository/HealthpostToCms/Page_HealthPost Store/select_--Select--Adernaline 0.'

2018-06-10 22:28:38 - [MESSAGE][PASSED] - All options with index in [3] are selected on object 'Object Repository/HealthpostToCms/Page_HealthPost Store/select_--Select--Adernaline 0.'

2018-06-10 22:28:38 - [TEST_STEP][PASSED] - setText: Text '100' is set on object 'Object Repository/HealthpostToCms/Page_HealthPost Store/input_txttreat'

2018-06-10 22:28:38 - [MESSAGE][PASSED] - Text '100' is set on object 'Object Repository/HealthpostToCms/Page_HealthPost Store/input_txttreat'

2018-06-10 22:28:38 - [TEST_STEP][PASSED] - click: Object: 'Object Repository/HealthpostToCms/Page_HealthPost Store/button_Add' is clicked on

2018-06-10 22:28:38 - [MESSAGE][PASSED] - Object: 'Object Repository/HealthpostToCms/Page_HealthPost Store/button_Add' is clicked on

2018-06-10 22:28:38 - [TEST_STEP][PASSED] - delay: Delayed 1 second(s)

2018-06-10 22:28:39 - [MESSAGE][PASSED] - Delayed 1 second(s)

2018-06-10 22:28:39 - [TEST_STEP][PASSED] - selectOptionByIndex: All options with index in [1] are selected on object 'Object Repository/HealthpostToCms/Page_HealthPost Store/select_--Select--Schedule 1Inj'

2018-06-10 22:28:39 - [MESSAGE][PASSED] - All options with index in [1] are selected on object 'Object Repository/HealthpostToCms/Page_HealthPost Store/select_--Select--Schedule 1Inj'

2018-06-10 22:28:39 - [TEST_STEP][PASSED] - delay: Delayed 1 second(s)

2018-06-10 22:28:40 - [MESSAGE][PASSED] - Delayed 1 second(s)

2018-06-10 22:28:40 - [TEST_STEP][PASSED] - selectOptionByIndex: All options with index in [4] are selected on object 'Object Repository/HealthpostToCms/Page_HealthPost Store/select_--Select--Adernaline 0.'

2018-06-10 22:28:40 - [MESSAGE][PASSED] - All options with index in [4] are selected on object 'Object Repository/HealthpostToCms/Page_HealthPost Store/select_--Select--Adernaline 0.'

2018-06-10 22:28:40 - [TEST_STEP][PASSED] - setText: Text '100' is set on object 'Object Repository/HealthpostToCms/Page_HealthPost Store/input_txttreat'

2018-06-10 22:28:40 - [MESSAGE][PASSED] - Text '100' is set on object 'Object Repository/HealthpostToCms/Page_HealthPost Store/input_txttreat'

2018-06-10 22:28:40 - [TEST_STEP][PASSED] - click: Object: 'Object Repository/HealthpostToCms/Page_HealthPost Store/button_Add' is clicked on

2018-06-10 22:28:40 - [MESSAGE][PASSED] - Object: 'Object Repository/HealthpostToCms/Page_HealthPost Store/button_Add' is clicked on

2018-06-10 22:28:40 - [TEST_STEP][PASSED] - delay: Delayed 1 second(s)

2018-06-10 22:28:41 - [MESSAGE][PASSED] - Delayed 1 second(s)

2018-06-10 22:28:41 - [TEST_STEP][PASSED] - selectOptionByIndex: All options with index in [1] are selected on object 'Object Repository/HealthpostToCms/Page_HealthPost Store/select_--Select--Schedule 1Inj'

2018-06-10 22:28:42 - [MESSAGE][PASSED] - All options with index in [1] are selected on object 'Object Repository/HealthpostToCms/Page_HealthPost Store/select_--Select--Schedule 1Inj'

2018-06-10 22:28:42 - [TEST_STEP][PASSED] - delay: Delayed 1 second(s)

2018-06-10 22:28:43 - [MESSAGE][PASSED] - Delayed 1 second(s)

2018-06-10 22:28:43 - [TEST_STEP][PASSED] - selectOptionByIndex: All options with index in [5] are selected on object 'Object Repository/HealthpostToCms/Page_HealthPost Store/select_--Select--Adernaline 0.'

2018-06-10 22:28:43 - [MESSAGE][PASSED] - All options with index in [5] are selected on object 'Object Repository/HealthpostToCms/Page_HealthPost Store/select_--Select--Adernaline 0.'

2018-06-10 22:28:43 - [TEST_STEP][PASSED] - setText: Text '100' is set on object 'Object Repository/HealthpostToCms/Page_HealthPost Store/input_txttreat'

2018-06-10 22:28:43 - [MESSAGE][PASSED] - Text '100' is set on object 'Object Repository/HealthpostToCms/Page_HealthPost Store/input_txttreat'

2018-06-10 22:28:43 - [TEST_STEP][PASSED] - click: Object: 'Object Repository/HealthpostToCms/Page_HealthPost Store/button_Add' is clicked on

2018-06-10 22:28:43 - [MESSAGE][PASSED] - Object: 'Object Repository/HealthpostToCms/Page_HealthPost Store/button_Add' is clicked on

2018-06-10 22:28:43 - [TEST_STEP][PASSED] - delay: Delayed 1 second(s)

2018-06-10 22:28:44 - [MESSAGE][PASSED] - Delayed 1 second(s)

2018-06-10 22:28:44 - [TEST_STEP][PASSED] - selectOptionByIndex: All options with index in [1] are selected on object 'Object Repository/HealthpostToCms/Page_HealthPost Store/select_--Select--Schedule 1Inj'

2018-06-10 22:28:44 - [MESSAGE][PASSED] - All options with index in [1] are selected on object 'Object Repository/HealthpostToCms/Page_HealthPost Store/select_--Select--Schedule 1Inj'

2018-06-10 22:28:44 - [TEST_STEP][PASSED] - delay: Delayed 1 second(s)

2018-06-10 22:28:45 - [MESSAGE][PASSED] - Delayed 1 second(s)

2018-06-10 22:28:45 - [TEST_STEP][PASSED] - selectOptionByIndex: All options with index in [6] are selected on object 'Object Repository/HealthpostToCms/Page_HealthPost Store/select_--Select--Adernaline 0.'

2018-06-10 22:28:45 - [MESSAGE][PASSED] - All options with index in [6] are selected on object 'Object Repository/HealthpostToCms/Page_HealthPost Store/select_--Select--Adernaline 0.'

2018-06-10 22:28:45 - [TEST_STEP][PASSED] - setText: Text '100' is set on object 'Object Repository/HealthpostToCms/Page_HealthPost Store/input_txttreat'

2018-06-10 22:28:45 - [MESSAGE][PASSED] - Text '100' is set on object 'Object Repository/HealthpostToCms/Page_HealthPost Store/input_txttreat'

2018-06-10 22:28:45 - [TEST_STEP][PASSED] - click: Object: 'Object Repository/HealthpostToCms/Page_HealthPost Store/button_Add' is clicked on

2018-06-10 22:28:45 - [MESSAGE][PASSED] - Object: 'Object Repository/HealthpostToCms/Page_HealthPost Store/button_Add' is clicked on

2018-06-10 22:28:45 - [TEST_STEP][PASSED] - delay: Delayed 1 second(s)

2018-06-10 22:28:46 - [MESSAGE][PASSED] - Delayed 1 second(s)

2018-06-10 22:28:46 - [TEST_STEP][PASSED] - selectOptionByIndex: All options with index in [1] are selected on object 'Object Repository/HealthpostToCms/Page_HealthPost Store/select_--Select--Schedule 1Inj'

2018-06-10 22:28:47 - [MESSAGE][PASSED] - All options with index in [1] are selected on object 'Object Repository/HealthpostToCms/Page_HealthPost Store/select_--Select--Schedule 1Inj'

2018-06-10 22:28:47 - [TEST_STEP][PASSED] - delay: Delayed 1 second(s)

2018-06-10 22:28:48 - [MESSAGE][PASSED] - Delayed 1 second(s)

2018-06-10 22:28:48 - [TEST_STEP][PASSED] - selectOptionByIndex: All options with index in [7] are selected on object 'Object Repository/HealthpostToCms/Page_HealthPost Store/select_--Select--Adernaline 0.'

2018-06-10 22:28:48 - [MESSAGE][PASSED] - All options with index in [7] are selected on object 'Object Repository/HealthpostToCms/Page_HealthPost Store/select_--Select--Adernaline 0.'

2018-06-10 22:28:48 - [TEST_STEP][PASSED] - setText: Text '100' is set on object 'Object Repository/HealthpostToCms/Page_HealthPost Store/input_txttreat'

2018-06-10 22:28:48 - [MESSAGE][PASSED] - Text '100' is set on object 'Object Repository/HealthpostToCms/Page_HealthPost Store/input_txttreat'

2018-06-10 22:28:48 - [TEST_STEP][PASSED] - click: Object: 'Object Repository/HealthpostToCms/Page_HealthPost Store/button_Add' is clicked on

2018-06-10 22:28:48 - [MESSAGE][PASSED] - Object: 'Object Repository/HealthpostToCms/Page_HealthPost Store/button_Add' is clicked on

2018-06-10 22:28:48 - [TEST_STEP][PASSED] - delay: Delayed 1 second(s)

2018-06-10 22:28:49 - [MESSAGE][PASSED] - Delayed 1 second(s)

2018-06-10 22:28:49 - [TEST_STEP][PASSED] - selectOptionByIndex: All options with index in [1] are selected on object 'Object Repository/HealthpostToCms/Page_HealthPost Store/select_--Select--Schedule 1Inj'

2018-06-10 22:28:49 - [MESSAGE][PASSED] - All options with index in [1] are selected on object 'Object Repository/HealthpostToCms/Page_HealthPost Store/select_--Select--Schedule 1Inj'

2018-06-10 22:28:49 - [TEST_STEP][PASSED] - delay: Delayed 1 second(s)

2018-06-10 22:28:50 - [MESSAGE][PASSED] - Delayed 1 second(s)

2018-06-10 22:28:50 - [TEST_STEP][PASSED] - selectOptionByIndex: All options with index in [8] are selected on object 'Object Repository/HealthpostToCms/Page_HealthPost Store/select_--Select--Adernaline 0.'

2018-06-10 22:28:50 - [MESSAGE][PASSED] - All options with index in [8] are selected on object 'Object Repository/HealthpostToCms/Page_HealthPost Store/select_--Select--Adernaline 0.'

2018-06-10 22:28:50 - [TEST_STEP][PASSED] - setText: Text '100' is set on object 'Object Repository/HealthpostToCms/Page_HealthPost Store/input_txttreat'

2018-06-10 22:28:51 - [MESSAGE][PASSED] - Text '100' is set on object 'Object Repository/HealthpostToCms/Page_HealthPost Store/input_txttreat'

2018-06-10 22:28:51 - [TEST_STEP][PASSED] - click: Object: 'Object Repository/HealthpostToCms/Page_HealthPost Store/button_Add' is clicked on

2018-06-10 22:28:51 - [MESSAGE][PASSED] - Object: 'Object Repository/HealthpostToCms/Page_HealthPost Store/button_Add' is clicked on

2018-06-10 22:28:51 - [TEST_STEP][PASSED] - delay: Delayed 1 second(s)

2018-06-10 22:28:52 - [MESSAGE][PASSED] - Delayed 1 second(s)

2018-06-10 22:28:52 - [TEST_STEP][PASSED] - selectOptionByIndex: All options with index in [1] are selected on object 'Object Repository/HealthpostToCms/Page_HealthPost Store/select_--Select--Schedule 1Inj'

2018-06-10 22:28:52 - [MESSAGE][PASSED] - All options with index in [1] are selected on object 'Object Repository/HealthpostToCms/Page_HealthPost Store/select_--Select--Schedule 1Inj'

2018-06-10 22:28:52 - [TEST_STEP][PASSED] - delay: Delayed 1 second(s)

2018-06-10 22:28:53 - [MESSAGE][PASSED] - Delayed 1 second(s)

2018-06-10 22:28:53 - [TEST_STEP][PASSED] - selectOptionByIndex: All options with index in [9] are selected on object 'Object Repository/HealthpostToCms/Page_HealthPost Store/select_--Select--Adernaline 0.'

2018-06-10 22:28:53 - [MESSAGE][PASSED] - All options with index in [9] are selected on object 'Object Repository/HealthpostToCms/Page_HealthPost Store/select_--Select--Adernaline 0.'

2018-06-10 22:28:53 - [TEST_STEP][PASSED] - setText: Text '100' is set on object 'Object Repository/HealthpostToCms/Page_HealthPost Store/input_txttreat'

2018-06-10 22:28:53 - [MESSAGE][PASSED] - Text '100' is set on object 'Object Repository/HealthpostToCms/Page_HealthPost Store/input_txttreat'

2018-06-10 22:28:53 - [TEST_STEP][PASSED] - click: Object: 'Object Repository/HealthpostToCms/Page_HealthPost Store/button_Add' is clicked on

2018-06-10 22:28:53 - [MESSAGE][PASSED] - Object: 'Object Repository/HealthpostToCms/Page_HealthPost Store/button_Add' is clicked on

2018-06-10 22:28:53 - [TEST_STEP][PASSED] - delay: Delayed 1 second(s)

2018-06-10 22:28:54 - [MESSAGE][PASSED] - Delayed 1 second(s)

2018-06-10 22:28:54 - [TEST_STEP][PASSED] - selectOptionByIndex: All options with index in [1] are selected on object 'Object Repository/HealthpostToCms/Page_HealthPost Store/select_--Select--Schedule 1Inj'

2018-06-10 22:28:54 - [MESSAGE][PASSED] - All options with index in [1] are selected on object 'Object Repository/HealthpostToCms/Page_HealthPost Store/select_--Select--Schedule 1Inj'

2018-06-10 22:28:54 - [TEST_STEP][PASSED] - delay: Delayed 1 second(s)

2018-06-10 22:28:55 - [MESSAGE][PASSED] - Delayed 1 second(s)

2018-06-10 22:28:55 - [TEST_STEP][PASSED] - selectOptionByIndex: All options with index in [10] are selected on object 'Object Repository/HealthpostToCms/Page_HealthPost Store/select_--Select--Adernaline 0.'

2018-06-10 22:28:56 - [MESSAGE][PASSED] - All options with index in [10] are selected on object 'Object Repository/HealthpostToCms/Page_HealthPost Store/select_--Select--Adernaline 0.'

2018-06-10 22:28:56 - [TEST_STEP][PASSED] - setText: Text '100' is set on object 'Object Repository/HealthpostToCms/Page_HealthPost Store/input_txttreat'

2018-06-10 22:28:56 - [MESSAGE][PASSED] - Text '100' is set on object 'Object Repository/HealthpostToCms/Page_HealthPost Store/input_txttreat'

2018-06-10 22:28:56 - [TEST_STEP][PASSED] - click: Object: 'Object Repository/HealthpostToCms/Page_HealthPost Store/button_Add' is clicked on

2018-06-10 22:28:56 - [MESSAGE][PASSED] - Object: 'Object Repository/HealthpostToCms/Page_HealthPost Store/button_Add' is clicked on

2018-06-10 22:28:56 - [TEST_STEP][PASSED] - delay: Delayed 1 second(s)

2018-06-10 22:28:57 - [MESSAGE][PASSED] - Delayed 1 second(s)

2018-06-10 22:28:57 - [TEST_STEP][PASSED] - selectOptionByIndex: All options with index in [1] are selected on object 'Object Repository/HealthpostToCms/Page_HealthPost Store/select_--Select--Schedule 1Inj'

2018-06-10 22:28:57 - [MESSAGE][PASSED] - All options with index in [1] are selected on object 'Object Repository/HealthpostToCms/Page_HealthPost Store/select_--Select--Schedule 1Inj'

2018-06-10 22:28:57 - [TEST_STEP][PASSED] - delay: Delayed 1 second(s)

2018-06-10 22:28:58 - [MESSAGE][PASSED] - Delayed 1 second(s)

2018-06-10 22:28:58 - [TEST_STEP][PASSED] - selectOptionByIndex: All options with index in [11] are selected on object 'Object Repository/HealthpostToCms/Page_HealthPost Store/select_--Select--Adernaline 0.'

2018-06-10 22:28:58 - [MESSAGE][PASSED] - All options with index in [11] are selected on object 'Object Repository/HealthpostToCms/Page_HealthPost Store/select_--Select--Adernaline 0.'

2018-06-10 22:28:58 - [TEST_STEP][PASSED] - setText: Text '100' is set on object 'Object Repository/HealthpostToCms/Page_HealthPost Store/input_txttreat'

2018-06-10 22:28:58 - [MESSAGE][PASSED] - Text '100' is set on object 'Object Repository/HealthpostToCms/Page_HealthPost Store/input_txttreat'

2018-06-10 22:28:58 - [TEST_STEP][PASSED] - click: Object: 'Object Repository/HealthpostToCms/Page_HealthPost Store/button_Add' is clicked on

2018-06-10 22:28:58 - [MESSAGE][PASSED] - Object: 'Object Repository/HealthpostToCms/Page_HealthPost Store/button_Add' is clicked on

2018-06-10 22:28:58 - [TEST_STEP][PASSED] - delay: Delayed 1 second(s)

2018-06-10 22:28:59 - [MESSAGE][PASSED] - Delayed 1 second(s)

2018-06-10 22:28:59 - [TEST_STEP][PASSED] - selectOptionByIndex: All options with index in [1] are selected on object 'Object Repository/HealthpostToCms/Page_HealthPost Store/select_--Select--Schedule 1Inj'

2018-06-10 22:28:59 - [MESSAGE][PASSED] - All options with index in [1] are selected on object 'Object Repository/HealthpostToCms/Page_HealthPost Store/select_--Select--Schedule 1Inj'

2018-06-10 22:28:59 - [TEST_STEP][PASSED] - delay: Delayed 1 second(s)

2018-06-10 22:29:00 - [MESSAGE][PASSED] - Delayed 1 second(s)

2018-06-10 22:29:00 - [TEST_STEP][PASSED] - selectOptionByIndex: All options with index in [12] are selected on object 'Object Repository/HealthpostToCms/Page_HealthPost Store/select_--Select--Adernaline 0.'

2018-06-10 22:29:01 - [MESSAGE][PASSED] - All options with index in [12] are selected on object 'Object Repository/HealthpostToCms/Page_HealthPost Store/select_--Select--Adernaline 0.'

2018-06-10 22:29:01 - [TEST_STEP][PASSED] - setText: Text '100' is set on object 'Object Repository/HealthpostToCms/Page_HealthPost Store/input_txttreat'

2018-06-10 22:29:01 - [MESSAGE][PASSED] - Text '100' is set on object 'Object Repository/HealthpostToCms/Page_HealthPost Store/input_txttreat'

2018-06-10 22:29:01 - [TEST_STEP][PASSED] - click: Object: 'Object Repository/HealthpostToCms/Page_HealthPost Store/button_Add' is clicked on

2018-06-10 22:29:01 - [MESSAGE][PASSED] - Object: 'Object Repository/HealthpostToCms/Page_HealthPost Store/button_Add' is clicked on

2018-06-10 22:29:01 - [TEST_STEP][PASSED] - delay: Delayed 1 second(s)

2018-06-10 22:29:02 - [MESSAGE][PASSED] - Delayed 1 second(s)

2018-06-10 22:29:02 - [TEST_STEP][PASSED] - selectOptionByIndex: All options with index in [1] are selected on object 'Object Repository/HealthpostToCms/Page_HealthPost Store/select_--Select--Schedule 1Inj'

2018-06-10 22:29:02 - [MESSAGE][PASSED] - All options with index in [1] are selected on object 'Object Repository/HealthpostToCms/Page_HealthPost Store/select_--Select--Schedule 1Inj'

2018-06-10 22:29:02 - [TEST_STEP][PASSED] - delay: Delayed 1 second(s)

2018-06-10 22:29:03 - [MESSAGE][PASSED] - Delayed 1 second(s)

2018-06-10 22:29:03 - [TEST_STEP][PASSED] - selectOptionByIndex: All options with index in [13] are selected on object 'Object Repository/HealthpostToCms/Page_HealthPost Store/select_--Select--Adernaline 0.'

2018-06-10 22:29:03 - [MESSAGE][PASSED] - All options with index in [13] are selected on object 'Object Repository/HealthpostToCms/Page_HealthPost Store/select_--Select--Adernaline 0.'

2018-06-10 22:29:03 - [TEST_STEP][PASSED] - setText: Text '100' is set on object 'Object Repository/HealthpostToCms/Page_HealthPost Store/input_txttreat'

2018-06-10 22:29:03 - [MESSAGE][PASSED] - Text '100' is set on object 'Object Repository/HealthpostToCms/Page_HealthPost Store/input_txttreat'

2018-06-10 22:29:03 - [TEST_STEP][PASSED] - click: Object: 'Object Repository/HealthpostToCms/Page_HealthPost Store/button_Add' is clicked on

2018-06-10 22:29:03 - [MESSAGE][PASSED] - Object: 'Object Repository/HealthpostToCms/Page_HealthPost Store/button_Add' is clicked on

2018-06-10 22:29:03 - [TEST_STEP][PASSED] - delay: Delayed 1 second(s)

2018-06-10 22:29:04 - [MESSAGE][PASSED] - Delayed 1 second(s)

2018-06-10 22:29:04 - [TEST_STEP][PASSED] - selectOptionByIndex: All options with index in [1] are selected on object 'Object Repository/HealthpostToCms/Page_HealthPost Store/select_--Select--Schedule 1Inj'

2018-06-10 22:29:05 - [MESSAGE][PASSED] - All options with index in [1] are selected on object 'Object Repository/HealthpostToCms/Page_HealthPost Store/select_--Select--Schedule 1Inj'

2018-06-10 22:29:05 - [TEST_STEP][PASSED] - delay: Delayed 1 second(s)

2018-06-10 22:29:06 - [MESSAGE][PASSED] - Delayed 1 second(s)

2018-06-10 22:29:06 - [TEST_STEP][PASSED] - selectOptionByIndex: All options with index in [14] are selected on object 'Object Repository/HealthpostToCms/Page_HealthPost Store/select_--Select--Adernaline 0.'

2018-06-10 22:29:06 - [MESSAGE][PASSED] - All options with index in [14] are selected on object 'Object Repository/HealthpostToCms/Page_HealthPost Store/select_--Select--Adernaline 0.'

2018-06-10 22:29:06 - [TEST_STEP][PASSED] - setText: Text '100' is set on object 'Object Repository/HealthpostToCms/Page_HealthPost Store/input_txttreat'

2018-06-10 22:29:06 - [MESSAGE][PASSED] - Text '100' is set on object 'Object Repository/HealthpostToCms/Page_HealthPost Store/input_txttreat'

2018-06-10 22:29:06 - [TEST_STEP][PASSED] - click: Object: 'Object Repository/HealthpostToCms/Page_HealthPost Store/button_Add' is clicked on

2018-06-10 22:29:06 - [MESSAGE][PASSED] - Object: 'Object Repository/HealthpostToCms/Page_HealthPost Store/button_Add' is clicked on

2018-06-10 22:29:06 - [TEST_STEP][PASSED] - delay: Delayed 1 second(s)

2018-06-10 22:29:07 - [MESSAGE][PASSED] - Delayed 1 second(s)

2018-06-10 22:29:07 - [TEST_STEP][PASSED] - selectOptionByIndex: All options with index in [1] are selected on object 'Object Repository/HealthpostToCms/Page_HealthPost Store/select_--Select--Schedule 1Inj'

2018-06-10 22:29:07 - [MESSAGE][PASSED] - All options with index in [1] are selected on object 'Object Repository/HealthpostToCms/Page_HealthPost Store/select_--Select--Schedule 1Inj'

2018-06-10 22:29:07 - [TEST_STEP][PASSED] - delay: Delayed 1 second(s)

2018-06-10 22:29:08 - [MESSAGE][PASSED] - Delayed 1 second(s)

2018-06-10 22:29:08 - [TEST_STEP][PASSED] - selectOptionByIndex: All options with index in [15] are selected on object 'Object Repository/HealthpostToCms/Page_HealthPost Store/select_--Select--Adernaline 0.'

2018-06-10 22:29:08 - [MESSAGE][PASSED] - All options with index in [15] are selected on object 'Object Repository/HealthpostToCms/Page_HealthPost Store/select_--Select--Adernaline 0.'

2018-06-10 22:29:08 - [TEST_STEP][PASSED] - setText: Text '100' is set on object 'Object Repository/HealthpostToCms/Page_HealthPost Store/input_txttreat'

2018-06-10 22:29:09 - [MESSAGE][PASSED] - Text '100' is set on object 'Object Repository/HealthpostToCms/Page_HealthPost Store/input_txttreat'

2018-06-10 22:29:09 - [TEST_STEP][PASSED] - click: Object: 'Object Repository/HealthpostToCms/Page_HealthPost Store/button_Add' is clicked on

2018-06-10 22:29:09 - [MESSAGE][PASSED] - Object: 'Object Repository/HealthpostToCms/Page_HealthPost Store/button_Add' is clicked on

2018-06-10 22:29:09 - [TEST_STEP][PASSED] - delay: Delayed 1 second(s)

2018-06-10 22:29:10 - [MESSAGE][PASSED] - Delayed 1 second(s)

2018-06-10 22:29:10 - [TEST_STEP][PASSED] - selectOptionByIndex: All options with index in [1] are selected on object 'Object Repository/HealthpostToCms/Page_HealthPost Store/select_--Select--Schedule 1Inj'

2018-06-10 22:29:10 - [MESSAGE][PASSED] - All options with index in [1] are selected on object 'Object Repository/HealthpostToCms/Page_HealthPost Store/select_--Select--Schedule 1Inj'

2018-06-10 22:29:10 - [TEST_STEP][PASSED] - delay: Delayed 1 second(s)

2018-06-10 22:29:11 - [MESSAGE][PASSED] - Delayed 1 second(s)

2018-06-10 22:29:11 - [TEST_STEP][PASSED] - selectOptionByIndex: All options with index in [16] are selected on object 'Object Repository/HealthpostToCms/Page_HealthPost Store/select_--Select--Adernaline 0.'

2018-06-10 22:29:11 - [MESSAGE][PASSED] - All options with index in [16] are selected on object 'Object Repository/HealthpostToCms/Page_HealthPost Store/select_--Select--Adernaline 0.'

2018-06-10 22:29:11 - [TEST_STEP][PASSED] - setText: Text '100' is set on object 'Object Repository/HealthpostToCms/Page_HealthPost Store/input_txttreat'

2018-06-10 22:29:11 - [MESSAGE][PASSED] - Text '100' is set on object 'Object Repository/HealthpostToCms/Page_HealthPost Store/input_txttreat'

2018-06-10 22:29:11 - [TEST_STEP][PASSED] - click: Object: 'Object Repository/HealthpostToCms/Page_HealthPost Store/button_Add' is clicked on

2018-06-10 22:29:11 - [MESSAGE][PASSED] - Object: 'Object Repository/HealthpostToCms/Page_HealthPost Store/button_Add' is clicked on

2018-06-10 22:29:11 - [TEST_STEP][PASSED] - delay: Delayed 1 second(s)

2018-06-10 22:29:12 - [MESSAGE][PASSED] - Delayed 1 second(s)

2018-06-10 22:29:12 - [TEST_STEP][PASSED] - selectOptionByIndex: All options with index in [1] are selected on object 'Object Repository/HealthpostToCms/Page_HealthPost Store/select_--Select--Schedule 1Inj'

2018-06-10 22:29:12 - [MESSAGE][PASSED] - All options with index in [1] are selected on object 'Object Repository/HealthpostToCms/Page_HealthPost Store/select_--Select--Schedule 1Inj'

2018-06-10 22:29:12 - [TEST_STEP][PASSED] - delay: Delayed 1 second(s)

2018-06-10 22:29:13 - [MESSAGE][PASSED] - Delayed 1 second(s)

2018-06-10 22:29:13 - [TEST_STEP][PASSED] - selectOptionByIndex: All options with index in [17] are selected on object 'Object Repository/HealthpostToCms/Page_HealthPost Store/select_--Select--Adernaline 0.'

2018-06-10 22:29:14 - [MESSAGE][PASSED] - All options with index in [17] are selected on object 'Object Repository/HealthpostToCms/Page_HealthPost Store/select_--Select--Adernaline 0.'

2018-06-10 22:29:14 - [TEST_STEP][PASSED] - setText: Text '100' is set on object 'Object Repository/HealthpostToCms/Page_HealthPost Store/input_txttreat'

2018-06-10 22:29:14 - [MESSAGE][PASSED] - Text '100' is set on object 'Object Repository/HealthpostToCms/Page_HealthPost Store/input_txttreat'

2018-06-10 22:29:14 - [TEST_STEP][PASSED] - click: Object: 'Object Repository/HealthpostToCms/Page_HealthPost Store/button_Add' is clicked on

2018-06-10 22:29:14 - [MESSAGE][PASSED] - Object: 'Object Repository/HealthpostToCms/Page_HealthPost Store/button_Add' is clicked on

2018-06-10 22:29:14 - [TEST_STEP][PASSED] - delay: Delayed 1 second(s)

2018-06-10 22:29:15 - [MESSAGE][PASSED] - Delayed 1 second(s)

2018-06-10 22:29:15 - [TEST_STEP][PASSED] - selectOptionByIndex: All options with index in [1] are selected on object 'Object Repository/HealthpostToCms/Page_HealthPost Store/select_--Select--Schedule 1Inj'

2018-06-10 22:29:15 - [MESSAGE][PASSED] - All options with index in [1] are selected on object 'Object Repository/HealthpostToCms/Page_HealthPost Store/select_--Select--Schedule 1Inj'

2018-06-10 22:29:15 - [TEST_STEP][PASSED] - delay: Delayed 1 second(s)

2018-06-10 22:29:16 - [MESSAGE][PASSED] - Delayed 1 second(s)

2018-06-10 22:29:16 - [TEST_STEP][PASSED] - selectOptionByIndex: All options with index in [18] are selected on object 'Object Repository/HealthpostToCms/Page_HealthPost Store/select_--Select--Adernaline 0.'

2018-06-10 22:29:16 - [MESSAGE][PASSED] - All options with index in [18] are selected on object 'Object Repository/HealthpostToCms/Page_HealthPost Store/select_--Select--Adernaline 0.'

2018-06-10 22:29:16 - [TEST_STEP][PASSED] - setText: Text '100' is set on object 'Object Repository/HealthpostToCms/Page_HealthPost Store/input_txttreat'

2018-06-10 22:29:16 - [MESSAGE][PASSED] - Text '100' is set on object 'Object Repository/HealthpostToCms/Page_HealthPost Store/input_txttreat'

2018-06-10 22:29:16 - [TEST_STEP][PASSED] - click: Object: 'Object Repository/HealthpostToCms/Page_HealthPost Store/button_Add' is clicked on

2018-06-10 22:29:16 - [MESSAGE][PASSED] - Object: 'Object Repository/HealthpostToCms/Page_HealthPost Store/button_Add' is clicked on

2018-06-10 22:29:16 - [TEST_STEP][PASSED] - delay: Delayed 1 second(s)

2018-06-10 22:29:17 - [MESSAGE][PASSED] - Delayed 1 second(s)

2018-06-10 22:29:17 - [TEST_STEP][PASSED] - selectOptionByIndex: All options with index in [1] are selected on object 'Object Repository/HealthpostToCms/Page_HealthPost Store/select_--Select--Schedule 1Inj'

2018-06-10 22:29:18 - [MESSAGE][PASSED] - All options with index in [1] are selected on object 'Object Repository/HealthpostToCms/Page_HealthPost Store/select_--Select--Schedule 1Inj'

2018-06-10 22:29:18 - [TEST_STEP][PASSED] - delay: Delayed 1 second(s)

2018-06-10 22:29:19 - [MESSAGE][PASSED] - Delayed 1 second(s)

2018-06-10 22:29:19 - [TEST_STEP][PASSED] - selectOptionByIndex: All options with index in [19] are selected on object 'Object Repository/HealthpostToCms/Page_HealthPost Store/select_--Select--Adernaline 0.'

2018-06-10 22:29:19 - [MESSAGE][PASSED] - All options with index in [19] are selected on object 'Object Repository/HealthpostToCms/Page_HealthPost Store/select_--Select--Adernaline 0.'

2018-06-10 22:29:19 - [TEST_STEP][PASSED] - setText: Text '100' is set on object 'Object Repository/HealthpostToCms/Page_HealthPost Store/input_txttreat'

2018-06-10 22:29:19 - [MESSAGE][PASSED] - Text '100' is set on object 'Object Repository/HealthpostToCms/Page_HealthPost Store/input_txttreat'

2018-06-10 22:29:19 - [TEST_STEP][PASSED] - click: Object: 'Object Repository/HealthpostToCms/Page_HealthPost Store/button_Add' is clicked on

2018-06-10 22:29:19 - [MESSAGE][PASSED] - Object: 'Object Repository/HealthpostToCms/Page_HealthPost Store/button_Add' is clicked on

2018-06-10 22:29:19 - [TEST_STEP][PASSED] - delay: Delayed 1 second(s)

2018-06-10 22:29:20 - [MESSAGE][PASSED] - Delayed 1 second(s)

2018-06-10 22:29:20 - [TEST_STEP][PASSED] - selectOptionByIndex: All options with index in [1] are selected on object 'Object Repository/HealthpostToCms/Page_HealthPost Store/select_--Select--Schedule 1Inj'

2018-06-10 22:29:20 - [MESSAGE][PASSED] - All options with index in [1] are selected on object 'Object Repository/HealthpostToCms/Page_HealthPost Store/select_--Select--Schedule 1Inj'

2018-06-10 22:29:20 - [TEST_STEP][PASSED] - delay: Delayed 1 second(s)

2018-06-10 22:29:21 - [MESSAGE][PASSED] - Delayed 1 second(s)

2018-06-10 22:29:21 - [TEST_STEP][PASSED] - selectOptionByIndex: All options with index in [20] are selected on object 'Object Repository/HealthpostToCms/Page_HealthPost Store/select_--Select--Adernaline 0.'

2018-06-10 22:29:22 - [MESSAGE][PASSED] - All options with index in [20] are selected on object 'Object Repository/HealthpostToCms/Page_HealthPost Store/select_--Select--Adernaline 0.'

2018-06-10 22:29:22 - [TEST_STEP][PASSED] - setText: Text '100' is set on object 'Object Repository/HealthpostToCms/Page_HealthPost Store/input_txttreat'

2018-06-10 22:29:22 - [MESSAGE][PASSED] - Text '100' is set on object 'Object Repository/HealthpostToCms/Page_HealthPost Store/input_txttreat'

2018-06-10 22:29:22 - [TEST_STEP][PASSED] - click: Object: 'Object Repository/HealthpostToCms/Page_HealthPost Store/button_Add' is clicked on

2018-06-10 22:29:22 - [MESSAGE][PASSED] - Object: 'Object Repository/HealthpostToCms/Page_HealthPost Store/button_Add' is clicked on

2018-06-10 22:29:22 - [TEST_STEP][PASSED] - delay: Delayed 1 second(s)

2018-06-10 22:29:23 - [MESSAGE][PASSED] - Delayed 1 second(s)

2018-06-10 22:29:23 - [TEST_STEP][PASSED] - selectOptionByIndex: All options with index in [1] are selected on object 'Object Repository/HealthpostToCms/Page_HealthPost Store/select_--Select--Schedule 1Inj'

2018-06-10 22:29:23 - [MESSAGE][PASSED] - All options with index in [1] are selected on object 'Object Repository/HealthpostToCms/Page_HealthPost Store/select_--Select--Schedule 1Inj'

2018-06-10 22:29:23 - [TEST_STEP][PASSED] - delay: Delayed 1 second(s)

2018-06-10 22:29:24 - [MESSAGE][PASSED] - Delayed 1 second(s)

2018-06-10 22:29:24 - [TEST_STEP][PASSED] - selectOptionByIndex: All options with index in [21] are selected on object 'Object Repository/HealthpostToCms/Page_HealthPost Store/select_--Select--Adernaline 0.'

2018-06-10 22:29:24 - [MESSAGE][PASSED] - All options with index in [21] are selected on object 'Object Repository/HealthpostToCms/Page_HealthPost Store/select_--Select--Adernaline 0.'

2018-06-10 22:29:24 - [TEST_STEP][PASSED] - setText: Text '100' is set on object 'Object Repository/HealthpostToCms/Page_HealthPost Store/input_txttreat'

2018-06-10 22:29:24 - [MESSAGE][PASSED] - Text '100' is set on object 'Object Repository/HealthpostToCms/Page_HealthPost Store/input_txttreat'

2018-06-10 22:29:24 - [TEST_STEP][PASSED] - click: Object: 'Object Repository/HealthpostToCms/Page_HealthPost Store/button_Add' is clicked on

2018-06-10 22:29:24 - [MESSAGE][PASSED] - Object: 'Object Repository/HealthpostToCms/Page_HealthPost Store/button_Add' is clicked on

2018-06-10 22:29:24 - [TEST_STEP][PASSED] - delay: Delayed 1 second(s)

2018-06-10 22:29:25 - [MESSAGE][PASSED] - Delayed 1 second(s)

2018-06-10 22:29:25 - [TEST_STEP][PASSED] - selectOptionByIndex: All options with index in [1] are selected on object 'Object Repository/HealthpostToCms/Page_HealthPost Store/select_--Select--Schedule 1Inj'

2018-06-10 22:29:26 - [MESSAGE][PASSED] - All options with index in [1] are selected on object 'Object Repository/HealthpostToCms/Page_HealthPost Store/select_--Select--Schedule 1Inj'

2018-06-10 22:29:26 - [TEST_STEP][PASSED] - delay: Delayed 1 second(s)

2018-06-10 22:29:27 - [MESSAGE][PASSED] - Delayed 1 second(s)

2018-06-10 22:29:27 - [TEST_STEP][PASSED] - selectOptionByIndex: All options with index in [22] are selected on object 'Object Repository/HealthpostToCms/Page_HealthPost Store/select_--Select--Adernaline 0.'

2018-06-10 22:29:27 - [MESSAGE][PASSED] - All options with index in [22] are selected on object 'Object Repository/HealthpostToCms/Page_HealthPost Store/select_--Select--Adernaline 0.'

2018-06-10 22:29:27 - [TEST_STEP][PASSED] - setText: Text '100' is set on object 'Object Repository/HealthpostToCms/Page_HealthPost Store/input_txttreat'

2018-06-10 22:29:27 - [MESSAGE][PASSED] - Text '100' is set on object 'Object Repository/HealthpostToCms/Page_HealthPost Store/input_txttreat'

2018-06-10 22:29:27 - [TEST_STEP][PASSED] - click: Object: 'Object Repository/HealthpostToCms/Page_HealthPost Store/button_Add' is clicked on

2018-06-10 22:29:27 - [MESSAGE][PASSED] - Object: 'Object Repository/HealthpostToCms/Page_HealthPost Store/button_Add' is clicked on

2018-06-10 22:29:27 - [TEST_STEP][PASSED] - delay: Delayed 1 second(s)

2018-06-10 22:29:28 - [MESSAGE][PASSED] - Delayed 1 second(s)

2018-06-10 22:29:28 - [TEST_STEP][PASSED] - selectOptionByIndex: All options with index in [1] are selected on object 'Object Repository/HealthpostToCms/Page_HealthPost Store/select_--Select--Schedule 1Inj'

2018-06-10 22:29:28 - [MESSAGE][PASSED] - All options with index in [1] are selected on object 'Object Repository/HealthpostToCms/Page_HealthPost Store/select_--Select--Schedule 1Inj'

2018-06-10 22:29:28 - [TEST_STEP][PASSED] - delay: Delayed 1 second(s)

2018-06-10 22:29:29 - [MESSAGE][PASSED] - Delayed 1 second(s)

2018-06-10 22:29:29 - [TEST_STEP][PASSED] - selectOptionByIndex: All options with index in [23] are selected on object 'Object Repository/HealthpostToCms/Page_HealthPost Store/select_--Select--Adernaline 0.'

2018-06-10 22:29:30 - [MESSAGE][PASSED] - All options with index in [23] are selected on object 'Object Repository/HealthpostToCms/Page_HealthPost Store/select_--Select--Adernaline 0.'

2018-06-10 22:29:30 - [TEST_STEP][PASSED] - setText: Text '100' is set on object 'Object Repository/HealthpostToCms/Page_HealthPost Store/input_txttreat'

2018-06-10 22:29:30 - [MESSAGE][PASSED] - Text '100' is set on object 'Object Repository/HealthpostToCms/Page_HealthPost Store/input_txttreat'

2018-06-10 22:29:30 - [TEST_STEP][PASSED] - click: Object: 'Object Repository/HealthpostToCms/Page_HealthPost Store/button_Add' is clicked on

2018-06-10 22:29:30 - [MESSAGE][PASSED] - Object: 'Object Repository/HealthpostToCms/Page_HealthPost Store/button_Add' is clicked on

2018-06-10 22:29:30 - [TEST_STEP][PASSED] - delay: Delayed 1 second(s)

2018-06-10 22:29:31 - [MESSAGE][PASSED] - Delayed 1 second(s)

2018-06-10 22:29:31 - [TEST_STEP][PASSED] - selectOptionByIndex: All options with index in [1] are selected on object 'Object Repository/HealthpostToCms/Page_HealthPost Store/select_--Select--Schedule 1Inj'

2018-06-10 22:29:31 - [MESSAGE][PASSED] - All options with index in [1] are selected on object 'Object Repository/HealthpostToCms/Page_HealthPost Store/select_--Select--Schedule 1Inj'

2018-06-10 22:29:31 - [TEST_STEP][PASSED] - delay: Delayed 1 second(s)

2018-06-10 22:29:32 - [MESSAGE][PASSED] - Delayed 1 second(s)

2018-06-10 22:29:32 - [TEST_STEP][PASSED] - selectOptionByIndex: All options with index in [24] are selected on object 'Object Repository/HealthpostToCms/Page_HealthPost Store/select_--Select--Adernaline 0.'

2018-06-10 22:29:32 - [MESSAGE][PASSED] - All options with index in [24] are selected on object 'Object Repository/HealthpostToCms/Page_HealthPost Store/select_--Select--Adernaline 0.'

2018-06-10 22:29:32 - [TEST_STEP][PASSED] - setText: Text '100' is set on object 'Object Repository/HealthpostToCms/Page_HealthPost Store/input_txttreat'

2018-06-10 22:29:32 - [MESSAGE][PASSED] - Text '100' is set on object 'Object Repository/HealthpostToCms/Page_HealthPost Store/input_txttreat'

2018-06-10 22:29:32 - [TEST_STEP][PASSED] - click: Object: 'Object Repository/HealthpostToCms/Page_HealthPost Store/button_Add' is clicked on

2018-06-10 22:29:33 - [MESSAGE][PASSED] - Object: 'Object Repository/HealthpostToCms/Page_HealthPost Store/button_Add' is clicked on

2018-06-10 22:29:33 - [TEST_STEP][PASSED] - delay: Delayed 1 second(s)

2018-06-10 22:29:34 - [MESSAGE][PASSED] - Delayed 1 second(s)

2018-06-10 22:29:34 - [TEST_STEP][PASSED] - selectOptionByIndex: All options with index in [1] are selected on object 'Object Repository/HealthpostToCms/Page_HealthPost Store/select_--Select--Schedule 1Inj'

2018-06-10 22:29:34 - [MESSAGE][PASSED] - All options with index in [1] are selected on object 'Object Repository/HealthpostToCms/Page_HealthPost Store/select_--Select--Schedule 1Inj'

2018-06-10 22:29:34 - [TEST_STEP][PASSED] - delay: Delayed 1 second(s)

2018-06-10 22:29:35 - [MESSAGE][PASSED] - Delayed 1 second(s)

2018-06-10 22:29:35 - [TEST_STEP][PASSED] - selectOptionByIndex: All options with index in [25] are selected on object 'Object Repository/HealthpostToCms/Page_HealthPost Store/select_--Select--Adernaline 0.'

2018-06-10 22:29:35 - [MESSAGE][PASSED] - All options with index in [25] are selected on object 'Object Repository/HealthpostToCms/Page_HealthPost Store/select_--Select--Adernaline 0.'

2018-06-10 22:29:35 - [TEST_STEP][PASSED] - setText: Text '100' is set on object 'Object Repository/HealthpostToCms/Page_HealthPost Store/input_txttreat'

2018-06-10 22:29:35 - [MESSAGE][PASSED] - Text '100' is set on object 'Object Repository/HealthpostToCms/Page_HealthPost Store/input_txttreat'

2018-06-10 22:29:35 - [TEST_STEP][PASSED] - click: Object: 'Object Repository/HealthpostToCms/Page_HealthPost Store/button_Add' is clicked on

2018-06-10 22:29:35 - [MESSAGE][PASSED] - Object: 'Object Repository/HealthpostToCms/Page_HealthPost Store/button_Add' is clicked on

2018-06-10 22:29:35 - [TEST_STEP][PASSED] - delay: Delayed 1 second(s)

2018-06-10 22:29:36 - [MESSAGE][PASSED] - Delayed 1 second(s)

2018-06-10 22:29:36 - [TEST_STEP][PASSED] - selectOptionByIndex: All options with index in [1] are selected on object 'Object Repository/HealthpostToCms/Page_HealthPost Store/select_--Select--Schedule 1Inj'

2018-06-10 22:29:36 - [MESSAGE][PASSED] - All options with index in [1] are selected on object 'Object Repository/HealthpostToCms/Page_HealthPost Store/select_--Select--Schedule 1Inj'

2018-06-10 22:29:36 - [TEST_STEP][PASSED] - delay: Delayed 1 second(s)

2018-06-10 22:29:37 - [MESSAGE][PASSED] - Delayed 1 second(s)

2018-06-10 22:29:37 - [TEST_STEP][PASSED] - selectOptionByIndex: All options with index in [26] are selected on object 'Object Repository/HealthpostToCms/Page_HealthPost Store/select_--Select--Adernaline 0.'

2018-06-10 22:29:38 - [MESSAGE][PASSED] - All options with index in [26] are selected on object 'Object Repository/HealthpostToCms/Page_HealthPost Store/select_--Select--Adernaline 0.'

2018-06-10 22:29:38 - [TEST_STEP][PASSED] - setText: Text '100' is set on object 'Object Repository/HealthpostToCms/Page_HealthPost Store/input_txttreat'

2018-06-10 22:29:38 - [MESSAGE][PASSED] - Text '100' is set on object 'Object Repository/HealthpostToCms/Page_HealthPost Store/input_txttreat'

2018-06-10 22:29:38 - [TEST_STEP][PASSED] - click: Object: 'Object Repository/HealthpostToCms/Page_HealthPost Store/button_Add' is clicked on

2018-06-10 22:29:38 - [MESSAGE][PASSED] - Object: 'Object Repository/HealthpostToCms/Page_HealthPost Store/button_Add' is clicked on

2018-06-10 22:29:38 - [TEST_STEP][PASSED] - delay: Delayed 1 second(s)

2018-06-10 22:29:39 - [MESSAGE][PASSED] - Delayed 1 second(s)

2018-06-10 22:29:39 - [TEST_STEP][PASSED] - selectOptionByIndex: All options with index in [1] are selected on object 'Object Repository/HealthpostToCms/Page_HealthPost Store/select_--Select--Schedule 1Inj'

2018-06-10 22:29:39 - [MESSAGE][PASSED] - All options with index in [1] are selected on object 'Object Repository/HealthpostToCms/Page_HealthPost Store/select_--Select--Schedule 1Inj'

2018-06-10 22:29:39 - [TEST_STEP][PASSED] - delay: Delayed 1 second(s)

2018-06-10 22:29:40 - [MESSAGE][PASSED] - Delayed 1 second(s)

2018-06-10 22:29:40 - [TEST_STEP][PASSED] - selectOptionByIndex: All options with index in [27] are selected on object 'Object Repository/HealthpostToCms/Page_HealthPost Store/select_--Select--Adernaline 0.'

2018-06-10 22:29:41 - [MESSAGE][PASSED] - All options with index in [27] are selected on object 'Object Repository/HealthpostToCms/Page_HealthPost Store/select_--Select--Adernaline 0.'

2018-06-10 22:29:41 - [TEST_STEP][PASSED] - setText: Text '100' is set on object 'Object Repository/HealthpostToCms/Page_HealthPost Store/input_txttreat'

2018-06-10 22:29:41 - [MESSAGE][PASSED] - Text '100' is set on object 'Object Repository/HealthpostToCms/Page_HealthPost Store/input_txttreat'

2018-06-10 22:29:41 - [TEST_STEP][PASSED] - click: Object: 'Object Repository/HealthpostToCms/Page_HealthPost Store/button_Add' is clicked on

2018-06-10 22:29:41 - [MESSAGE][PASSED] - Object: 'Object Repository/HealthpostToCms/Page_HealthPost Store/button_Add' is clicked on

2018-06-10 22:29:41 - [TEST_STEP][PASSED] - delay: Delayed 1 second(s)

2018-06-10 22:29:42 - [MESSAGE][PASSED] - Delayed 1 second(s)

2018-06-10 22:29:42 - [TEST_STEP][PASSED] - selectOptionByIndex: All options with index in [1] are selected on object 'Object Repository/HealthpostToCms/Page_HealthPost Store/select_--Select--Schedule 1Inj'

2018-06-10 22:29:42 - [MESSAGE][PASSED] - All options with index in [1] are selected on object 'Object Repository/HealthpostToCms/Page_HealthPost Store/select_--Select--Schedule 1Inj'

2018-06-10 22:29:42 - [TEST_STEP][PASSED] - delay: Delayed 1 second(s)

2018-06-10 22:29:43 - [MESSAGE][PASSED] - Delayed 1 second(s)

2018-06-10 22:29:43 - [TEST_STEP][PASSED] - selectOptionByIndex: All options with index in [28] are selected on object 'Object Repository/HealthpostToCms/Page_HealthPost Store/select_--Select--Adernaline 0.'

2018-06-10 22:29:43 - [MESSAGE][PASSED] - All options with index in [28] are selected on object 'Object Repository/HealthpostToCms/Page_HealthPost Store/select_--Select--Adernaline 0.'

2018-06-10 22:29:43 - [TEST_STEP][PASSED] - setText: Text '100' is set on object 'Object Repository/HealthpostToCms/Page_HealthPost Store/input_txttreat'

2018-06-10 22:29:43 - [MESSAGE][PASSED] - Text '100' is set on object 'Object Repository/HealthpostToCms/Page_HealthPost Store/input_txttreat'

2018-06-10 22:29:43 - [TEST_STEP][PASSED] - click: Object: 'Object Repository/HealthpostToCms/Page_HealthPost Store/button_Add' is clicked on

2018-06-10 22:29:43 - [MESSAGE][PASSED] - Object: 'Object Repository/HealthpostToCms/Page_HealthPost Store/button_Add' is clicked on

2018-06-10 22:29:43 - [TEST_STEP][PASSED] - delay: Delayed 1 second(s)

2018-06-10 22:29:44 - [MESSAGE][PASSED] - Delayed 1 second(s)

2018-06-10 22:29:44 - [TEST_STEP][PASSED] - selectOptionByIndex: All options with index in [1] are selected on object 'Object Repository/HealthpostToCms/Page_HealthPost Store/select_--Select--Schedule 1Inj'

2018-06-10 22:29:45 - [MESSAGE][PASSED] - All options with index in [1] are selected on object 'Object Repository/HealthpostToCms/Page_HealthPost Store/select_--Select--Schedule 1Inj'

2018-06-10 22:29:45 - [TEST_STEP][PASSED] - delay: Delayed 1 second(s)

2018-06-10 22:29:46 - [MESSAGE][PASSED] - Delayed 1 second(s)

2018-06-10 22:29:46 - [TEST_STEP][PASSED] - selectOptionByIndex: All options with index in [29] are selected on object 'Object Repository/HealthpostToCms/Page_HealthPost Store/select_--Select--Adernaline 0.'

2018-06-10 22:29:46 - [MESSAGE][PASSED] - All options with index in [29] are selected on object 'Object Repository/HealthpostToCms/Page_HealthPost Store/select_--Select--Adernaline 0.'

2018-06-10 22:29:46 - [TEST_STEP][PASSED] - setText: Text '100' is set on object 'Object Repository/HealthpostToCms/Page_HealthPost Store/input_txttreat'

2018-06-10 22:29:46 - [MESSAGE][PASSED] - Text '100' is set on object 'Object Repository/HealthpostToCms/Page_HealthPost Store/input_txttreat'

2018-06-10 22:29:46 - [TEST_STEP][PASSED] - click: Object: 'Object Repository/HealthpostToCms/Page_HealthPost Store/button_Add' is clicked on

2018-06-10 22:29:46 - [MESSAGE][PASSED] - Object: 'Object Repository/HealthpostToCms/Page_HealthPost Store/button_Add' is clicked on

2018-06-10 22:29:46 - [TEST_STEP][PASSED] - delay: Delayed 1 second(s)

2018-06-10 22:29:47 - [MESSAGE][PASSED] - Delayed 1 second(s)

2018-06-10 22:29:47 - [TEST_STEP][PASSED] - selectOptionByIndex: All options with index in [1] are selected on object 'Object Repository/HealthpostToCms/Page_HealthPost Store/select_--Select--Schedule 1Inj'

2018-06-10 22:29:47 - [MESSAGE][PASSED] - All options with index in [1] are selected on object 'Object Repository/HealthpostToCms/Page_HealthPost Store/select_--Select--Schedule 1Inj'

2018-06-10 22:29:47 - [TEST_STEP][PASSED] - delay: Delayed 1 second(s)

2018-06-10 22:29:48 - [MESSAGE][PASSED] - Delayed 1 second(s)

2018-06-10 22:29:48 - [TEST_STEP][PASSED] - selectOptionByIndex: All options with index in [30] are selected on object 'Object Repository/HealthpostToCms/Page_HealthPost Store/select_--Select--Adernaline 0.'

2018-06-10 22:29:49 - [MESSAGE][PASSED] - All options with index in [30] are selected on object 'Object Repository/HealthpostToCms/Page_HealthPost Store/select_--Select--Adernaline 0.'

2018-06-10 22:29:49 - [TEST_STEP][PASSED] - setText: Text '100' is set on object 'Object Repository/HealthpostToCms/Page_HealthPost Store/input_txttreat'

2018-06-10 22:29:49 - [MESSAGE][PASSED] - Text '100' is set on object 'Object Repository/HealthpostToCms/Page_HealthPost Store/input_txttreat'

2018-06-10 22:29:49 - [TEST_STEP][PASSED] - click: Object: 'Object Repository/HealthpostToCms/Page_HealthPost Store/button_Add' is clicked on

2018-06-10 22:29:49 - [MESSAGE][PASSED] - Object: 'Object Repository/HealthpostToCms/Page_HealthPost Store/button_Add' is clicked on

2018-06-10 22:29:49 - [TEST_STEP][PASSED] - delay: Delayed 1 second(s)

2018-06-10 22:29:50 - [MESSAGE][PASSED] - Delayed 1 second(s)

2018-06-10 22:29:50 - [TEST_STEP][PASSED] - selectOptionByIndex: All options with index in [1] are selected on object 'Object Repository/HealthpostToCms/Page_HealthPost Store/select_--Select--Schedule 1Inj'

2018-06-10 22:29:50 - [MESSAGE][PASSED] - All options with index in [1] are selected on object 'Object Repository/HealthpostToCms/Page_HealthPost Store/select_--Select--Schedule 1Inj'

2018-06-10 22:29:50 - [TEST_STEP][PASSED] - delay: Delayed 1 second(s)

2018-06-10 22:29:51 - [MESSAGE][PASSED] - Delayed 1 second(s)

2018-06-10 22:29:51 - [TEST_STEP][PASSED] - selectOptionByIndex: All options with index in [31] are selected on object 'Object Repository/HealthpostToCms/Page_HealthPost Store/select_--Select--Adernaline 0.'

2018-06-10 22:29:52 - [MESSAGE][PASSED] - All options with index in [31] are selected on object 'Object Repository/HealthpostToCms/Page_HealthPost Store/select_--Select--Adernaline 0.'

2018-06-10 22:29:52 - [TEST_STEP][PASSED] - setText: Text '100' is set on object 'Object Repository/HealthpostToCms/Page_HealthPost Store/input_txttreat'

2018-06-10 22:29:52 - [MESSAGE][PASSED] - Text '100' is set on object 'Object Repository/HealthpostToCms/Page_HealthPost Store/input_txttreat'

2018-06-10 22:29:52 - [TEST_STEP][PASSED] - click: Object: 'Object Repository/HealthpostToCms/Page_HealthPost Store/button_Add' is clicked on

2018-06-10 22:29:52 - [MESSAGE][PASSED] - Object: 'Object Repository/HealthpostToCms/Page_HealthPost Store/button_Add' is clicked on

2018-06-10 22:29:52 - [TEST_STEP][PASSED] - delay: Delayed 1 second(s)

2018-06-10 22:29:53 - [MESSAGE][PASSED] - Delayed 1 second(s)

2018-06-10 22:29:53 - [TEST_STEP][PASSED] - selectOptionByIndex: All options with index in [1] are selected on object 'Object Repository/HealthpostToCms/Page_HealthPost Store/select_--Select--Schedule 1Inj'

2018-06-10 22:29:53 - [MESSAGE][PASSED] - All options with index in [1] are selected on object 'Object Repository/HealthpostToCms/Page_HealthPost Store/select_--Select--Schedule 1Inj'

2018-06-10 22:29:53 - [TEST_STEP][PASSED] - delay: Delayed 1 second(s)

2018-06-10 22:29:54 - [MESSAGE][PASSED] - Delayed 1 second(s)

2018-06-10 22:29:54 - [TEST_STEP][PASSED] - selectOptionByIndex: All options with index in [32] are selected on object 'Object Repository/HealthpostToCms/Page_HealthPost Store/select_--Select--Adernaline 0.'

2018-06-10 22:29:54 - [MESSAGE][PASSED] - All options with index in [32] are selected on object 'Object Repository/HealthpostToCms/Page_HealthPost Store/select_--Select--Adernaline 0.'

2018-06-10 22:29:54 - [TEST_STEP][PASSED] - setText: Text '100' is set on object 'Object Repository/HealthpostToCms/Page_HealthPost Store/input_txttreat'

2018-06-10 22:29:54 - [MESSAGE][PASSED] - Text '100' is set on object 'Object Repository/HealthpostToCms/Page_HealthPost Store/input_txttreat'

2018-06-10 22:29:54 - [TEST_STEP][PASSED] - click: Object: 'Object Repository/HealthpostToCms/Page_HealthPost Store/button_Add' is clicked on

2018-06-10 22:29:54 - [MESSAGE][PASSED] - Object: 'Object Repository/HealthpostToCms/Page_HealthPost Store/button_Add' is clicked on

2018-06-10 22:29:54 - [TEST_STEP][PASSED] - delay: Delayed 1 second(s)

2018-06-10 22:29:55 - [MESSAGE][PASSED] - Delayed 1 second(s)

2018-06-10 22:29:55 - [TEST_STEP][PASSED] - selectOptionByIndex: All options with index in [1] are selected on object 'Object Repository/HealthpostToCms/Page_HealthPost Store/select_--Select--Schedule 1Inj'

2018-06-10 22:29:56 - [MESSAGE][PASSED] - All options with index in [1] are selected on object 'Object Repository/HealthpostToCms/Page_HealthPost Store/select_--Select--Schedule 1Inj'

2018-06-10 22:29:56 - [TEST_STEP][PASSED] - delay: Delayed 1 second(s)

2018-06-10 22:29:57 - [MESSAGE][PASSED] - Delayed 1 second(s)

2018-06-10 22:29:57 - [TEST_STEP][PASSED] - selectOptionByIndex: All options with index in [33] are selected on object 'Object Repository/HealthpostToCms/Page_HealthPost Store/select_--Select--Adernaline 0.'

2018-06-10 22:29:57 - [MESSAGE][PASSED] - All options with index in [33] are selected on object 'Object Repository/HealthpostToCms/Page_HealthPost Store/select_--Select--Adernaline 0.'

2018-06-10 22:29:57 - [TEST_STEP][PASSED] - setText: Text '100' is set on object 'Object Repository/HealthpostToCms/Page_HealthPost Store/input_txttreat'

2018-06-10 22:29:57 - [MESSAGE][PASSED] - Text '100' is set on object 'Object Repository/HealthpostToCms/Page_HealthPost Store/input_txttreat'

2018-06-10 22:29:57 - [TEST_STEP][PASSED] - click: Object: 'Object Repository/HealthpostToCms/Page_HealthPost Store/button_Add' is clicked on

2018-06-10 22:29:57 - [MESSAGE][PASSED] - Object: 'Object Repository/HealthpostToCms/Page_HealthPost Store/button_Add' is clicked on

2018-06-10 22:29:57 - [TEST_STEP][PASSED] - delay: Delayed 1 second(s)

2018-06-10 22:29:58 - [MESSAGE][PASSED] - Delayed 1 second(s)

2018-06-10 22:29:58 - [TEST_STEP][PASSED] - selectOptionByIndex: All options with index in [1] are selected on object 'Object Repository/HealthpostToCms/Page_HealthPost Store/select_--Select--Schedule 1Inj'

2018-06-10 22:29:58 - [MESSAGE][PASSED] - All options with index in [1] are selected on object 'Object Repository/HealthpostToCms/Page_HealthPost Store/select_--Select--Schedule 1Inj'

2018-06-10 22:29:58 - [TEST_STEP][PASSED] - delay: Delayed 1 second(s)

2018-06-10 22:29:59 - [MESSAGE][PASSED] - Delayed 1 second(s)

2018-06-10 22:29:59 - [TEST_STEP][PASSED] - selectOptionByIndex: All options with index in [34] are selected on object 'Object Repository/HealthpostToCms/Page_HealthPost Store/select_--Select--Adernaline 0.'

2018-06-10 22:30:00 - [MESSAGE][PASSED] - All options with index in [34] are selected on object 'Object Repository/HealthpostToCms/Page_HealthPost Store/select_--Select--Adernaline 0.'

2018-06-10 22:30:00 - [TEST_STEP][PASSED] - setText: Text '100' is set on object 'Object Repository/HealthpostToCms/Page_HealthPost Store/input_txttreat'

2018-06-10 22:30:00 - [MESSAGE][PASSED] - Text '100' is set on object 'Object Repository/HealthpostToCms/Page_HealthPost Store/input_txttreat'

2018-06-10 22:30:00 - [TEST_STEP][PASSED] - click: Object: 'Object Repository/HealthpostToCms/Page_HealthPost Store/button_Add' is clicked on

2018-06-10 22:30:00 - [MESSAGE][PASSED] - Object: 'Object Repository/HealthpostToCms/Page_HealthPost Store/button_Add' is clicked on

2018-06-10 22:30:00 - [TEST_STEP][PASSED] - delay: Delayed 1 second(s)

2018-06-10 22:30:01 - [MESSAGE][PASSED] - Delayed 1 second(s)

2018-06-10 22:30:01 - [TEST_STEP][PASSED] - selectOptionByIndex: All options with index in [1] are selected on object 'Object Repository/HealthpostToCms/Page_HealthPost Store/select_--Select--Schedule 1Inj'

2018-06-10 22:30:01 - [MESSAGE][PASSED] - All options with index in [1] are selected on object 'Object Repository/HealthpostToCms/Page_HealthPost Store/select_--Select--Schedule 1Inj'

2018-06-10 22:30:01 - [TEST_STEP][PASSED] - delay: Delayed 1 second(s)

2018-06-10 22:30:02 - [MESSAGE][PASSED] - Delayed 1 second(s)

2018-06-10 22:30:02 - [TEST_STEP][PASSED] - selectOptionByIndex: All options with index in [35] are selected on object 'Object Repository/HealthpostToCms/Page_HealthPost Store/select_--Select--Adernaline 0.'

2018-06-10 22:30:03 - [MESSAGE][PASSED] - All options with index in [35] are selected on object 'Object Repository/HealthpostToCms/Page_HealthPost Store/select_--Select--Adernaline 0.'

2018-06-10 22:30:03 - [TEST_STEP][PASSED] - setText: Text '100' is set on object 'Object Repository/HealthpostToCms/Page_HealthPost Store/input_txttreat'

2018-06-10 22:30:03 - [MESSAGE][PASSED] - Text '100' is set on object 'Object Repository/HealthpostToCms/Page_HealthPost Store/input_txttreat'

2018-06-10 22:30:03 - [TEST_STEP][PASSED] - click: Object: 'Object Repository/HealthpostToCms/Page_HealthPost Store/button_Add' is clicked on

2018-06-10 22:30:03 - [MESSAGE][PASSED] - Object: 'Object Repository/HealthpostToCms/Page_HealthPost Store/button_Add' is clicked on

2018-06-10 22:30:03 - [TEST_STEP][PASSED] - delay: Delayed 1 second(s)

2018-06-10 22:30:04 - [MESSAGE][PASSED] - Delayed 1 second(s)

2018-06-10 22:30:04 - [TEST_STEP][PASSED] - selectOptionByIndex: All options with index in [1] are selected on object 'Object Repository/HealthpostToCms/Page_HealthPost Store/select_--Select--Schedule 1Inj'

2018-06-10 22:30:04 - [MESSAGE][PASSED] - All options with index in [1] are selected on object 'Object Repository/HealthpostToCms/Page_HealthPost Store/select_--Select--Schedule 1Inj'

2018-06-10 22:30:04 - [TEST_STEP][PASSED] - delay: Delayed 1 second(s)

2018-06-10 22:30:05 - [MESSAGE][PASSED] - Delayed 1 second(s)

2018-06-10 22:30:05 - [TEST_STEP][PASSED] - selectOptionByIndex: All options with index in [36] are selected on object 'Object Repository/HealthpostToCms/Page_HealthPost Store/select_--Select--Adernaline 0.'

2018-06-10 22:30:06 - [MESSAGE][PASSED] - All options with index in [36] are selected on object 'Object Repository/HealthpostToCms/Page_HealthPost Store/select_--Select--Adernaline 0.'

2018-06-10 22:30:06 - [TEST_STEP][PASSED] - setText: Text '100' is set on object 'Object Repository/HealthpostToCms/Page_HealthPost Store/input_txttreat'

2018-06-10 22:30:06 - [MESSAGE][PASSED] - Text '100' is set on object 'Object Repository/HealthpostToCms/Page_HealthPost Store/input_txttreat'

2018-06-10 22:30:06 - [TEST_STEP][PASSED] - click: Object: 'Object Repository/HealthpostToCms/Page_HealthPost Store/button_Add' is clicked on

2018-06-10 22:30:06 - [MESSAGE][PASSED] - Object: 'Object Repository/HealthpostToCms/Page_HealthPost Store/button_Add' is clicked on

2018-06-10 22:30:06 - [TEST_STEP][PASSED] - delay: Delayed 1 second(s)

2018-06-10 22:30:07 - [MESSAGE][PASSED] - Delayed 1 second(s)

2018-06-10 22:30:07 - [TEST_STEP][PASSED] - selectOptionByIndex: All options with index in [1] are selected on object 'Object Repository/HealthpostToCms/Page_HealthPost Store/select_--Select--Schedule 1Inj'

2018-06-10 22:30:07 - [MESSAGE][PASSED] - All options with index in [1] are selected on object 'Object Repository/HealthpostToCms/Page_HealthPost Store/select_--Select--Schedule 1Inj'

2018-06-10 22:30:07 - [TEST_STEP][PASSED] - delay: Delayed 1 second(s)

2018-06-10 22:30:08 - [MESSAGE][PASSED] - Delayed 1 second(s)

2018-06-10 22:30:08 - [TEST_STEP][PASSED] - selectOptionByIndex: All options with index in [37] are selected on object 'Object Repository/HealthpostToCms/Page_HealthPost Store/select_--Select--Adernaline 0.'

2018-06-10 22:30:08 - [MESSAGE][PASSED] - All options with index in [37] are selected on object 'Object Repository/HealthpostToCms/Page_HealthPost Store/select_--Select--Adernaline 0.'

2018-06-10 22:30:08 - [TEST_STEP][PASSED] - setText: Text '100' is set on object 'Object Repository/HealthpostToCms/Page_HealthPost Store/input_txttreat'

2018-06-10 22:30:08 - [MESSAGE][PASSED] - Text '100' is set on object 'Object Repository/HealthpostToCms/Page_HealthPost Store/input_txttreat'

2018-06-10 22:30:08 - [TEST_STEP][PASSED] - click: Object: 'Object Repository/HealthpostToCms/Page_HealthPost Store/button_Add' is clicked on

2018-06-10 22:30:08 - [MESSAGE][PASSED] - Object: 'Object Repository/HealthpostToCms/Page_HealthPost Store/button_Add' is clicked on

2018-06-10 22:30:08 - [TEST_STEP][PASSED] - delay: Delayed 1 second(s)

2018-06-10 22:30:09 - [MESSAGE][PASSED] - Delayed 1 second(s)

2018-06-10 22:30:09 - [TEST_STEP][PASSED] - selectOptionByIndex: All options with index in [1] are selected on object 'Object Repository/HealthpostToCms/Page_HealthPost Store/select_--Select--Schedule 1Inj'

2018-06-10 22:30:10 - [MESSAGE][PASSED] - All options with index in [1] are selected on object 'Object Repository/HealthpostToCms/Page_HealthPost Store/select_--Select--Schedule 1Inj'

2018-06-10 22:30:10 - [TEST_STEP][PASSED] - delay: Delayed 1 second(s)

2018-06-10 22:30:11 - [MESSAGE][PASSED] - Delayed 1 second(s)

2018-06-10 22:30:11 - [TEST_STEP][PASSED] - selectOptionByIndex: All options with index in [38] are selected on object 'Object Repository/HealthpostToCms/Page_HealthPost Store/select_--Select--Adernaline 0.'

2018-06-10 22:30:11 - [MESSAGE][PASSED] - All options with index in [38] are selected on object 'Object Repository/HealthpostToCms/Page_HealthPost Store/select_--Select--Adernaline 0.'

2018-06-10 22:30:11 - [TEST_STEP][PASSED] - setText: Text '100' is set on object 'Object Repository/HealthpostToCms/Page_HealthPost Store/input_txttreat'

2018-06-10 22:30:11 - [MESSAGE][PASSED] - Text '100' is set on object 'Object Repository/HealthpostToCms/Page_HealthPost Store/input_txttreat'

2018-06-10 22:30:11 - [TEST_STEP][PASSED] - click: Object: 'Object Repository/HealthpostToCms/Page_HealthPost Store/button_Add' is clicked on

2018-06-10 22:30:11 - [MESSAGE][PASSED] - Object: 'Object Repository/HealthpostToCms/Page_HealthPost Store/button_Add' is clicked on

2018-06-10 22:30:11 - [TEST_STEP][PASSED] - delay: Delayed 1 second(s)

2018-06-10 22:30:12 - [MESSAGE][PASSED] - Delayed 1 second(s)

2018-06-10 22:30:12 - [TEST_STEP][PASSED] - selectOptionByIndex: All options with index in [1] are selected on object 'Object Repository/HealthpostToCms/Page_HealthPost Store/select_--Select--Schedule 1Inj'

2018-06-10 22:30:12 - [MESSAGE][PASSED] - All options with index in [1] are selected on object 'Object Repository/HealthpostToCms/Page_HealthPost Store/select_--Select--Schedule 1Inj'

2018-06-10 22:30:12 - [TEST_STEP][PASSED] - delay: Delayed 1 second(s)

2018-06-10 22:30:13 - [MESSAGE][PASSED] - Delayed 1 second(s)

2018-06-10 22:30:13 - [TEST_STEP][PASSED] - selectOptionByIndex: All options with index in [39] are selected on object 'Object Repository/HealthpostToCms/Page_HealthPost Store/select_--Select--Adernaline 0.'

2018-06-10 22:30:14 - [MESSAGE][PASSED] - All options with index in [39] are selected on object 'Object Repository/HealthpostToCms/Page_HealthPost Store/select_--Select--Adernaline 0.'

2018-06-10 22:30:14 - [TEST_STEP][PASSED] - setText: Text '100' is set on object 'Object Repository/HealthpostToCms/Page_HealthPost Store/input_txttreat'

2018-06-10 22:30:14 - [MESSAGE][PASSED] - Text '100' is set on object 'Object Repository/HealthpostToCms/Page_HealthPost Store/input_txttreat'

2018-06-10 22:30:14 - [TEST_STEP][PASSED] - click: Object: 'Object Repository/HealthpostToCms/Page_HealthPost Store/button_Add' is clicked on

2018-06-10 22:30:14 - [MESSAGE][PASSED] - Object: 'Object Repository/HealthpostToCms/Page_HealthPost Store/button_Add' is clicked on

2018-06-10 22:30:14 - [TEST_STEP][PASSED] - delay: Delayed 1 second(s)

2018-06-10 22:30:15 - [MESSAGE][PASSED] - Delayed 1 second(s)

2018-06-10 22:30:15 - [TEST_STEP][PASSED] - selectOptionByIndex: All options with index in [1] are selected on object 'Object Repository/HealthpostToCms/Page_HealthPost Store/select_--Select--Schedule 1Inj'

2018-06-10 22:30:15 - [MESSAGE][PASSED] - All options with index in [1] are selected on object 'Object Repository/HealthpostToCms/Page_HealthPost Store/select_--Select--Schedule 1Inj'

2018-06-10 22:30:15 - [TEST_STEP][PASSED] - delay: Delayed 1 second(s)

2018-06-10 22:30:16 - [MESSAGE][PASSED] - Delayed 1 second(s)

2018-06-10 22:30:16 - [TEST_STEP][PASSED] - selectOptionByIndex: All options with index in [40] are selected on object 'Object Repository/HealthpostToCms/Page_HealthPost Store/select_--Select--Adernaline 0.'

2018-06-10 22:30:17 - [MESSAGE][PASSED] - All options with index in [40] are selected on object 'Object Repository/HealthpostToCms/Page_HealthPost Store/select_--Select--Adernaline 0.'

2018-06-10 22:30:17 - [TEST_STEP][PASSED] - setText: Text '100' is set on object 'Object Repository/HealthpostToCms/Page_HealthPost Store/input_txttreat'

2018-06-10 22:30:17 - [MESSAGE][PASSED] - Text '100' is set on object 'Object Repository/HealthpostToCms/Page_HealthPost Store/input_txttreat'

2018-06-10 22:30:17 - [TEST_STEP][PASSED] - click: Object: 'Object Repository/HealthpostToCms/Page_HealthPost Store/button_Add' is clicked on

2018-06-10 22:30:17 - [MESSAGE][PASSED] - Object: 'Object Repository/HealthpostToCms/Page_HealthPost Store/button_Add' is clicked on

2018-06-10 22:30:17 - [TEST_STEP][PASSED] - delay: Delayed 1 second(s)

2018-06-10 22:30:18 - [MESSAGE][PASSED] - Delayed 1 second(s)

2018-06-10 22:30:18 - [TEST_STEP][PASSED] - selectOptionByIndex: All options with index in [1] are selected on object 'Object Repository/HealthpostToCms/Page_HealthPost Store/select_--Select--Schedule 1Inj'

2018-06-10 22:30:18 - [MESSAGE][PASSED] - All options with index in [1] are selected on object 'Object Repository/HealthpostToCms/Page_HealthPost Store/select_--Select--Schedule 1Inj'

2018-06-10 22:30:18 - [TEST_STEP][PASSED] - delay: Delayed 1 second(s)

2018-06-10 22:30:19 - [MESSAGE][PASSED] - Delayed 1 second(s)

2018-06-10 22:30:19 - [TEST_STEP][PASSED] - selectOptionByIndex: All options with index in [41] are selected on object 'Object Repository/HealthpostToCms/Page_HealthPost Store/select_--Select--Adernaline 0.'

2018-06-10 22:30:20 - [MESSAGE][PASSED] - All options with index in [41] are selected on object 'Object Repository/HealthpostToCms/Page_HealthPost Store/select_--Select--Adernaline 0.'

2018-06-10 22:30:20 - [TEST_STEP][PASSED] - setText: Text '100' is set on object 'Object Repository/HealthpostToCms/Page_HealthPost Store/input_txttreat'

2018-06-10 22:30:20 - [MESSAGE][PASSED] - Text '100' is set on object 'Object Repository/HealthpostToCms/Page_HealthPost Store/input_txttreat'

2018-06-10 22:30:20 - [TEST_STEP][PASSED] - click: Object: 'Object Repository/HealthpostToCms/Page_HealthPost Store/button_Add' is clicked on

2018-06-10 22:30:20 - [MESSAGE][PASSED] - Object: 'Object Repository/HealthpostToCms/Page_HealthPost Store/button_Add' is clicked on

2018-06-10 22:30:20 - [TEST_STEP][PASSED] - delay: Delayed 1 second(s)

2018-06-10 22:30:21 - [MESSAGE][PASSED] - Delayed 1 second(s)

2018-06-10 22:30:21 - [TEST_STEP][PASSED] - selectOptionByIndex: All options with index in [1] are selected on object 'Object Repository/HealthpostToCms/Page_HealthPost Store/select_--Select--Schedule 1Inj'

2018-06-10 22:30:21 - [MESSAGE][PASSED] - All options with index in [1] are selected on object 'Object Repository/HealthpostToCms/Page_HealthPost Store/select_--Select--Schedule 1Inj'

2018-06-10 22:30:21 - [TEST_STEP][PASSED] - delay: Delayed 1 second(s)

2018-06-10 22:30:22 - [MESSAGE][PASSED] - Delayed 1 second(s)

2018-06-10 22:30:22 - [TEST_STEP][PASSED] - selectOptionByIndex: All options with index in [42] are selected on object 'Object Repository/HealthpostToCms/Page_HealthPost Store/select_--Select--Adernaline 0.'

2018-06-10 22:30:23 - [MESSAGE][PASSED] - All options with index in [42] are selected on object 'Object Repository/HealthpostToCms/Page_HealthPost Store/select_--Select--Adernaline 0.'

2018-06-10 22:30:23 - [TEST_STEP][PASSED] - setText: Text '100' is set on object 'Object Repository/HealthpostToCms/Page_HealthPost Store/input_txttreat'

2018-06-10 22:30:23 - [MESSAGE][PASSED] - Text '100' is set on object 'Object Repository/HealthpostToCms/Page_HealthPost Store/input_txttreat'

2018-06-10 22:30:23 - [TEST_STEP][PASSED] - click: Object: 'Object Repository/HealthpostToCms/Page_HealthPost Store/button_Add' is clicked on

2018-06-10 22:30:23 - [MESSAGE][PASSED] - Object: 'Object Repository/HealthpostToCms/Page_HealthPost Store/button_Add' is clicked on

2018-06-10 22:30:23 - [TEST_STEP][PASSED] - delay: Delayed 1 second(s)

2018-06-10 22:30:24 - [MESSAGE][PASSED] - Delayed 1 second(s)

2018-06-10 22:30:24 - [TEST_STEP][PASSED] - selectOptionByIndex: All options with index in [1] are selected on object 'Object Repository/HealthpostToCms/Page_HealthPost Store/select_--Select--Schedule 1Inj'

2018-06-10 22:30:24 - [MESSAGE][PASSED] - All options with index in [1] are selected on object 'Object Repository/HealthpostToCms/Page_HealthPost Store/select_--Select--Schedule 1Inj'

2018-06-10 22:30:24 - [TEST_STEP][PASSED] - delay: Delayed 1 second(s)

2018-06-10 22:30:25 - [MESSAGE][PASSED] - Delayed 1 second(s)

2018-06-10 22:30:25 - [TEST_STEP][PASSED] - selectOptionByIndex: All options with index in [43] are selected on object 'Object Repository/HealthpostToCms/Page_HealthPost Store/select_--Select--Adernaline 0.'

2018-06-10 22:30:26 - [MESSAGE][PASSED] - All options with index in [43] are selected on object 'Object Repository/HealthpostToCms/Page_HealthPost Store/select_--Select--Adernaline 0.'

2018-06-10 22:30:26 - [TEST_STEP][PASSED] - setText: Text '100' is set on object 'Object Repository/HealthpostToCms/Page_HealthPost Store/input_txttreat'

2018-06-10 22:30:26 - [MESSAGE][PASSED] - Text '100' is set on object 'Object Repository/HealthpostToCms/Page_HealthPost Store/input_txttreat'

2018-06-10 22:30:26 - [TEST_STEP][PASSED] - click: Object: 'Object Repository/HealthpostToCms/Page_HealthPost Store/button_Add' is clicked on

2018-06-10 22:30:26 - [MESSAGE][PASSED] - Object: 'Object Repository/HealthpostToCms/Page_HealthPost Store/button_Add' is clicked on

2018-06-10 22:30:26 - [TEST_STEP][PASSED] - delay: Delayed 1 second(s)

2018-06-10 22:30:27 - [MESSAGE][PASSED] - Delayed 1 second(s)

2018-06-10 22:30:27 - [TEST_STEP][PASSED] - selectOptionByIndex: All options with index in [1] are selected on object 'Object Repository/HealthpostToCms/Page_HealthPost Store/select_--Select--Schedule 1Inj'

2018-06-10 22:30:27 - [MESSAGE][PASSED] - All options with index in [1] are selected on object 'Object Repository/HealthpostToCms/Page_HealthPost Store/select_--Select--Schedule 1Inj'

2018-06-10 22:30:27 - [TEST_STEP][PASSED] - delay: Delayed 1 second(s)

2018-06-10 22:30:28 - [MESSAGE][PASSED] - Delayed 1 second(s)

2018-06-10 22:30:28 - [TEST_STEP][PASSED] - selectOptionByIndex: All options with index in [44] are selected on object 'Object Repository/HealthpostToCms/Page_HealthPost Store/select_--Select--Adernaline 0.'

2018-06-10 22:30:28 - [MESSAGE][PASSED] - All options with index in [44] are selected on object 'Object Repository/HealthpostToCms/Page_HealthPost Store/select_--Select--Adernaline 0.'

2018-06-10 22:30:28 - [TEST_STEP][PASSED] - setText: Text '100' is set on object 'Object Repository/HealthpostToCms/Page_HealthPost Store/input_txttreat'

2018-06-10 22:30:29 - [MESSAGE][PASSED] - Text '100' is set on object 'Object Repository/HealthpostToCms/Page_HealthPost Store/input_txttreat'

2018-06-10 22:30:29 - [TEST_STEP][PASSED] - click: Object: 'Object Repository/HealthpostToCms/Page_HealthPost Store/button_Add' is clicked on

2018-06-10 22:30:29 - [MESSAGE][PASSED] - Object: 'Object Repository/HealthpostToCms/Page_HealthPost Store/button_Add' is clicked on

2018-06-10 22:30:29 - [TEST_STEP][PASSED] - delay: Delayed 1 second(s)

2018-06-10 22:30:30 - [MESSAGE][PASSED] - Delayed 1 second(s)

2018-06-10 22:30:30 - [TEST_STEP][PASSED] - selectOptionByIndex: All options with index in [1] are selected on object 'Object Repository/HealthpostToCms/Page_HealthPost Store/select_--Select--Schedule 1Inj'

2018-06-10 22:30:30 - [MESSAGE][PASSED] - All options with index in [1] are selected on object 'Object Repository/HealthpostToCms/Page_HealthPost Store/select_--Select--Schedule 1Inj'

2018-06-10 22:30:30 - [TEST_STEP][PASSED] - delay: Delayed 1 second(s)

2018-06-10 22:30:31 - [MESSAGE][PASSED] - Delayed 1 second(s)

2018-06-10 22:30:31 - [TEST_STEP][PASSED] - selectOptionByIndex: All options with index in [45] are selected on object 'Object Repository/HealthpostToCms/Page_HealthPost Store/select_--Select--Adernaline 0.'

2018-06-10 22:30:31 - [MESSAGE][PASSED] - All options with index in [45] are selected on object 'Object Repository/HealthpostToCms/Page_HealthPost Store/select_--Select--Adernaline 0.'

2018-06-10 22:30:31 - [TEST_STEP][PASSED] - setText: Text '100' is set on object 'Object Repository/HealthpostToCms/Page_HealthPost Store/input_txttreat'

2018-06-10 22:30:31 - [MESSAGE][PASSED] - Text '100' is set on object 'Object Repository/HealthpostToCms/Page_HealthPost Store/input_txttreat'

2018-06-10 22:30:31 - [TEST_STEP][PASSED] - click: Object: 'Object Repository/HealthpostToCms/Page_HealthPost Store/button_Add' is clicked on

2018-06-10 22:30:31 - [MESSAGE][PASSED] - Object: 'Object Repository/HealthpostToCms/Page_HealthPost Store/button_Add' is clicked on

2018-06-10 22:30:31 - [TEST_STEP][PASSED] - delay: Delayed 1 second(s)

2018-06-10 22:30:32 - [MESSAGE][PASSED] - Delayed 1 second(s)

2018-06-10 22:30:32 - [TEST_STEP][PASSED] - selectOptionByIndex: All options with index in [1] are selected on object 'Object Repository/HealthpostToCms/Page_HealthPost Store/select_--Select--Schedule 1Inj'

2018-06-10 22:30:33 - [MESSAGE][PASSED] - All options with index in [1] are selected on object 'Object Repository/HealthpostToCms/Page_HealthPost Store/select_--Select--Schedule 1Inj'

2018-06-10 22:30:33 - [TEST_STEP][PASSED] - delay: Delayed 1 second(s)

2018-06-10 22:30:34 - [MESSAGE][PASSED] - Delayed 1 second(s)

2018-06-10 22:30:34 - [TEST_STEP][PASSED] - selectOptionByIndex: All options with index in [46] are selected on object 'Object Repository/HealthpostToCms/Page_HealthPost Store/select_--Select--Adernaline 0.'

2018-06-10 22:30:34 - [MESSAGE][PASSED] - All options with index in [46] are selected on object 'Object Repository/HealthpostToCms/Page_HealthPost Store/select_--Select--Adernaline 0.'

2018-06-10 22:30:34 - [TEST_STEP][PASSED] - setText: Text '100' is set on object 'Object Repository/HealthpostToCms/Page_HealthPost Store/input_txttreat'

2018-06-10 22:30:34 - [MESSAGE][PASSED] - Text '100' is set on object 'Object Repository/HealthpostToCms/Page_HealthPost Store/input_txttreat'

2018-06-10 22:30:34 - [TEST_STEP][PASSED] - click: Object: 'Object Repository/HealthpostToCms/Page_HealthPost Store/button_Add' is clicked on

2018-06-10 22:30:34 - [MESSAGE][PASSED] - Object: 'Object Repository/HealthpostToCms/Page_HealthPost Store/button_Add' is clicked on

2018-06-10 22:30:34 - [TEST_STEP][PASSED] - delay: Delayed 1 second(s)

2018-06-10 22:30:35 - [MESSAGE][PASSED] - Delayed 1 second(s)

2018-06-10 22:30:35 - [TEST_STEP][PASSED] - selectOptionByIndex: All options with index in [1] are selected on object 'Object Repository/HealthpostToCms/Page_HealthPost Store/select_--Select--Schedule 1Inj'

2018-06-10 22:30:36 - [MESSAGE][PASSED] - All options with index in [1] are selected on object 'Object Repository/HealthpostToCms/Page_HealthPost Store/select_--Select--Schedule 1Inj'

2018-06-10 22:30:36 - [TEST_STEP][PASSED] - delay: Delayed 1 second(s)

2018-06-10 22:30:37 - [MESSAGE][PASSED] - Delayed 1 second(s)

2018-06-10 22:30:37 - [TEST_STEP][PASSED] - selectOptionByIndex: All options with index in [47] are selected on object 'Object Repository/HealthpostToCms/Page_HealthPost Store/select_--Select--Adernaline 0.'

2018-06-10 22:30:37 - [MESSAGE][PASSED] - All options with index in [47] are selected on object 'Object Repository/HealthpostToCms/Page_HealthPost Store/select_--Select--Adernaline 0.'

2018-06-10 22:30:37 - [TEST_STEP][PASSED] - setText: Text '100' is set on object 'Object Repository/HealthpostToCms/Page_HealthPost Store/input_txttreat'

2018-06-10 22:30:37 - [MESSAGE][PASSED] - Text '100' is set on object 'Object Repository/HealthpostToCms/Page_HealthPost Store/input_txttreat'

2018-06-10 22:30:37 - [TEST_STEP][PASSED] - click: Object: 'Object Repository/HealthpostToCms/Page_HealthPost Store/button_Add' is clicked on

2018-06-10 22:30:37 - [MESSAGE][PASSED] - Object: 'Object Repository/HealthpostToCms/Page_HealthPost Store/button_Add' is clicked on

2018-06-10 22:30:37 - [TEST_STEP][PASSED] - delay: Delayed 1 second(s)

2018-06-10 22:30:38 - [MESSAGE][PASSED] - Delayed 1 second(s)

2018-06-10 22:30:38 - [TEST_STEP][PASSED] - selectOptionByIndex: All options with index in [1] are selected on object 'Object Repository/HealthpostToCms/Page_HealthPost Store/select_--Select--Schedule 1Inj'

2018-06-10 22:30:38 - [MESSAGE][PASSED] - All options with index in [1] are selected on object 'Object Repository/HealthpostToCms/Page_HealthPost Store/select_--Select--Schedule 1Inj'

2018-06-10 22:30:38 - [TEST_STEP][PASSED] - delay: Delayed 1 second(s)

2018-06-10 22:30:39 - [MESSAGE][PASSED] - Delayed 1 second(s)

2018-06-10 22:30:39 - [TEST_STEP][PASSED] - selectOptionByIndex: All options with index in [48] are selected on object 'Object Repository/HealthpostToCms/Page_HealthPost Store/select_--Select--Adernaline 0.'

2018-06-10 22:30:40 - [MESSAGE][PASSED] - All options with index in [48] are selected on object 'Object Repository/HealthpostToCms/Page_HealthPost Store/select_--Select--Adernaline 0.'

2018-06-10 22:30:40 - [TEST_STEP][PASSED] - setText: Text '100' is set on object 'Object Repository/HealthpostToCms/Page_HealthPost Store/input_txttreat'

2018-06-10 22:30:40 - [MESSAGE][PASSED] - Text '100' is set on object 'Object Repository/HealthpostToCms/Page_HealthPost Store/input_txttreat'

2018-06-10 22:30:40 - [TEST_STEP][PASSED] - click: Object: 'Object Repository/HealthpostToCms/Page_HealthPost Store/button_Add' is clicked on

2018-06-10 22:30:40 - [MESSAGE][PASSED] - Object: 'Object Repository/HealthpostToCms/Page_HealthPost Store/button_Add' is clicked on

2018-06-10 22:30:40 - [TEST_STEP][PASSED] - delay: Delayed 1 second(s)

2018-06-10 22:30:41 - [MESSAGE][PASSED] - Delayed 1 second(s)

2018-06-10 22:30:41 - [TEST_STEP][PASSED] - selectOptionByIndex: All options with index in [1] are selected on object 'Object Repository/HealthpostToCms/Page_HealthPost Store/select_--Select--Schedule 1Inj'

2018-06-10 22:30:41 - [MESSAGE][PASSED] - All options with index in [1] are selected on object 'Object Repository/HealthpostToCms/Page_HealthPost Store/select_--Select--Schedule 1Inj'

2018-06-10 22:30:41 - [TEST_STEP][PASSED] - delay: Delayed 1 second(s)

2018-06-10 22:30:42 - [MESSAGE][PASSED] - Delayed 1 second(s)

2018-06-10 22:30:42 - [TEST_STEP][PASSED] - selectOptionByIndex: All options with index in [49] are selected on object 'Object Repository/HealthpostToCms/Page_HealthPost Store/select_--Select--Adernaline 0.'

2018-06-10 22:30:43 - [MESSAGE][PASSED] - All options with index in [49] are selected on object 'Object Repository/HealthpostToCms/Page_HealthPost Store/select_--Select--Adernaline 0.'

2018-06-10 22:30:43 - [TEST_STEP][PASSED] - setText: Text '100' is set on object 'Object Repository/HealthpostToCms/Page_HealthPost Store/input_txttreat'

2018-06-10 22:30:43 - [MESSAGE][PASSED] - Text '100' is set on object 'Object Repository/HealthpostToCms/Page_HealthPost Store/input_txttreat'

2018-06-10 22:30:43 - [TEST_STEP][PASSED] - click: Object: 'Object Repository/HealthpostToCms/Page_HealthPost Store/button_Add' is clicked on

2018-06-10 22:30:43 - [MESSAGE][PASSED] - Object: 'Object Repository/HealthpostToCms/Page_HealthPost Store/button_Add' is clicked on

2018-06-10 22:30:43 - [TEST_STEP][PASSED] - delay: Delayed 1 second(s)

2018-06-10 22:30:44 - [MESSAGE][PASSED] - Delayed 1 second(s)

2018-06-10 22:30:44 - [TEST_STEP][PASSED] - selectOptionByIndex: All options with index in [1] are selected on object 'Object Repository/HealthpostToCms/Page_HealthPost Store/select_--Select--Schedule 1Inj'

2018-06-10 22:30:44 - [MESSAGE][PASSED] - All options with index in [1] are selected on object 'Object Repository/HealthpostToCms/Page_HealthPost Store/select_--Select--Schedule 1Inj'

2018-06-10 22:30:44 - [TEST_STEP][PASSED] - delay: Delayed 1 second(s)

2018-06-10 22:30:45 - [MESSAGE][PASSED] - Delayed 1 second(s)

2018-06-10 22:30:45 - [TEST_STEP][PASSED] - selectOptionByIndex: All options with index in [50] are selected on object 'Object Repository/HealthpostToCms/Page_HealthPost Store/select_--Select--Adernaline 0.'

2018-06-10 22:30:46 - [MESSAGE][PASSED] - All options with index in [50] are selected on object 'Object Repository/HealthpostToCms/Page_HealthPost Store/select_--Select--Adernaline 0.'

2018-06-10 22:30:46 - [TEST_STEP][PASSED] - setText: Text '100' is set on object 'Object Repository/HealthpostToCms/Page_HealthPost Store/input_txttreat'

2018-06-10 22:30:46 - [MESSAGE][PASSED] - Text '100' is set on object 'Object Repository/HealthpostToCms/Page_HealthPost Store/input_txttreat'

2018-06-10 22:30:46 - [TEST_STEP][PASSED] - click: Object: 'Object Repository/HealthpostToCms/Page_HealthPost Store/button_Add' is clicked on

2018-06-10 22:30:46 - [MESSAGE][PASSED] - Object: 'Object Repository/HealthpostToCms/Page_HealthPost Store/button_Add' is clicked on

2018-06-10 22:30:46 - [TEST_STEP][PASSED] - delay: Delayed 1 second(s)

2018-06-10 22:30:47 - [MESSAGE][PASSED] - Delayed 1 second(s)

2018-06-10 22:30:47 - [TEST_STEP][PASSED] - selectOptionByIndex: All options with index in [1] are selected on object 'Object Repository/HealthpostToCms/Page_HealthPost Store/select_--Select--Schedule 1Inj'

2018-06-10 22:30:47 - [MESSAGE][PASSED] - All options with index in [1] are selected on object 'Object Repository/HealthpostToCms/Page_HealthPost Store/select_--Select--Schedule 1Inj'

2018-06-10 22:30:47 - [TEST_STEP][PASSED] - delay: Delayed 1 second(s)

2018-06-10 22:30:48 - [MESSAGE][PASSED] - Delayed 1 second(s)

2018-06-10 22:30:48 - [TEST_STEP][PASSED] - selectOptionByIndex: All options with index in [51] are selected on object 'Object Repository/HealthpostToCms/Page_HealthPost Store/select_--Select--Adernaline 0.'

2018-06-10 22:30:49 - [MESSAGE][PASSED] - All options with index in [51] are selected on object 'Object Repository/HealthpostToCms/Page_HealthPost Store/select_--Select--Adernaline 0.'

2018-06-10 22:30:49 - [TEST_STEP][PASSED] - setText: Text '100' is set on object 'Object Repository/HealthpostToCms/Page_HealthPost Store/input_txttreat'

2018-06-10 22:30:49 - [MESSAGE][PASSED] - Text '100' is set on object 'Object Repository/HealthpostToCms/Page_HealthPost Store/input_txttreat'

2018-06-10 22:30:49 - [TEST_STEP][PASSED] - click: Object: 'Object Repository/HealthpostToCms/Page_HealthPost Store/button_Add' is clicked on

2018-06-10 22:30:49 - [MESSAGE][PASSED] - Object: 'Object Repository/HealthpostToCms/Page_HealthPost Store/button_Add' is clicked on

2018-06-10 22:30:49 - [TEST_STEP][PASSED] - delay: Delayed 1 second(s)

2018-06-10 22:30:50 - [MESSAGE][PASSED] - Delayed 1 second(s)

2018-06-10 22:30:50 - [TEST_STEP][PASSED] - selectOptionByIndex: All options with index in [1] are selected on object 'Object Repository/HealthpostToCms/Page_HealthPost Store/select_--Select--Schedule 1Inj'

2018-06-10 22:30:50 - [MESSAGE][PASSED] - All options with index in [1] are selected on object 'Object Repository/HealthpostToCms/Page_HealthPost Store/select_--Select--Schedule 1Inj'

2018-06-10 22:30:50 - [TEST_STEP][PASSED] - delay: Delayed 1 second(s)

2018-06-10 22:30:51 - [MESSAGE][PASSED] - Delayed 1 second(s)

2018-06-10 22:30:51 - [TEST_STEP][PASSED] - selectOptionByIndex: All options with index in [52] are selected on object 'Object Repository/HealthpostToCms/Page_HealthPost Store/select_--Select--Adernaline 0.'

2018-06-10 22:30:52 - [MESSAGE][PASSED] - All options with index in [52] are selected on object 'Object Repository/HealthpostToCms/Page_HealthPost Store/select_--Select--Adernaline 0.'

2018-06-10 22:30:52 - [TEST_STEP][PASSED] - setText: Text '100' is set on object 'Object Repository/HealthpostToCms/Page_HealthPost Store/input_txttreat'

2018-06-10 22:30:52 - [MESSAGE][PASSED] - Text '100' is set on object 'Object Repository/HealthpostToCms/Page_HealthPost Store/input_txttreat'

2018-06-10 22:30:52 - [TEST_STEP][PASSED] - click: Object: 'Object Repository/HealthpostToCms/Page_HealthPost Store/button_Add' is clicked on

2018-06-10 22:30:52 - [MESSAGE][PASSED] - Object: 'Object Repository/HealthpostToCms/Page_HealthPost Store/button_Add' is clicked on

2018-06-10 22:30:52 - [TEST_STEP][PASSED] - delay: Delayed 1 second(s)

2018-06-10 22:30:53 - [MESSAGE][PASSED] - Delayed 1 second(s)

2018-06-10 22:30:53 - [TEST_STEP][PASSED] - selectOptionByIndex: All options with index in [1] are selected on object 'Object Repository/HealthpostToCms/Page_HealthPost Store/select_--Select--Schedule 1Inj'

2018-06-10 22:30:53 - [MESSAGE][PASSED] - All options with index in [1] are selected on object 'Object Repository/HealthpostToCms/Page_HealthPost Store/select_--Select--Schedule 1Inj'

2018-06-10 22:30:53 - [TEST_STEP][PASSED] - delay: Delayed 1 second(s)

2018-06-10 22:30:54 - [MESSAGE][PASSED] - Delayed 1 second(s)

2018-06-10 22:30:54 - [TEST_STEP][PASSED] - selectOptionByIndex: All options with index in [53] are selected on object 'Object Repository/HealthpostToCms/Page_HealthPost Store/select_--Select--Adernaline 0.'

2018-06-10 22:30:55 - [MESSAGE][PASSED] - All options with index in [53] are selected on object 'Object Repository/HealthpostToCms/Page_HealthPost Store/select_--Select--Adernaline 0.'

2018-06-10 22:30:55 - [TEST_STEP][PASSED] - setText: Text '100' is set on object 'Object Repository/HealthpostToCms/Page_HealthPost Store/input_txttreat'

2018-06-10 22:30:55 - [MESSAGE][PASSED] - Text '100' is set on object 'Object Repository/HealthpostToCms/Page_HealthPost Store/input_txttreat'

2018-06-10 22:30:55 - [TEST_STEP][PASSED] - click: Object: 'Object Repository/HealthpostToCms/Page_HealthPost Store/button_Add' is clicked on

2018-06-10 22:30:55 - [MESSAGE][PASSED] - Object: 'Object Repository/HealthpostToCms/Page_HealthPost Store/button_Add' is clicked on

2018-06-10 22:30:55 - [TEST_STEP][PASSED] - delay: Delayed 1 second(s)

2018-06-10 22:30:56 - [MESSAGE][PASSED] - Delayed 1 second(s)

2018-06-10 22:30:56 - [TEST_STEP][PASSED] - selectOptionByIndex: All options with index in [1] are selected on object 'Object Repository/HealthpostToCms/Page_HealthPost Store/select_--Select--Schedule 1Inj'

2018-06-10 22:30:56 - [MESSAGE][PASSED] - All options with index in [1] are selected on object 'Object Repository/HealthpostToCms/Page_HealthPost Store/select_--Select--Schedule 1Inj'

2018-06-10 22:30:56 - [TEST_STEP][PASSED] - delay: Delayed 1 second(s)

2018-06-10 22:30:57 - [MESSAGE][PASSED] - Delayed 1 second(s)

2018-06-10 22:30:57 - [TEST_STEP][PASSED] - selectOptionByIndex: All options with index in [54] are selected on object 'Object Repository/HealthpostToCms/Page_HealthPost Store/select_--Select--Adernaline 0.'

2018-06-10 22:30:58 - [MESSAGE][PASSED] - All options with index in [54] are selected on object 'Object Repository/HealthpostToCms/Page_HealthPost Store/select_--Select--Adernaline 0.'

2018-06-10 22:30:58 - [TEST_STEP][PASSED] - setText: Text '100' is set on object 'Object Repository/HealthpostToCms/Page_HealthPost Store/input_txttreat'

2018-06-10 22:30:58 - [MESSAGE][PASSED] - Text '100' is set on object 'Object Repository/HealthpostToCms/Page_HealthPost Store/input_txttreat'

2018-06-10 22:30:58 - [TEST_STEP][PASSED] - click: Object: 'Object Repository/HealthpostToCms/Page_HealthPost Store/button_Add' is clicked on

2018-06-10 22:30:58 - [MESSAGE][PASSED] - Object: 'Object Repository/HealthpostToCms/Page_HealthPost Store/button_Add' is clicked on

2018-06-10 22:30:58 - [TEST_STEP][PASSED] - delay: Delayed 1 second(s)

2018-06-10 22:30:59 - [MESSAGE][PASSED] - Delayed 1 second(s)

2018-06-10 22:30:59 - [TEST_STEP][PASSED] - selectOptionByIndex: All options with index in [1] are selected on object 'Object Repository/HealthpostToCms/Page_HealthPost Store/select_--Select--Schedule 1Inj'

2018-06-10 22:30:59 - [MESSAGE][PASSED] - All options with index in [1] are selected on object 'Object Repository/HealthpostToCms/Page_HealthPost Store/select_--Select--Schedule 1Inj'

2018-06-10 22:30:59 - [TEST_STEP][PASSED] - delay: Delayed 1 second(s)

2018-06-10 22:31:00 - [MESSAGE][PASSED] - Delayed 1 second(s)

2018-06-10 22:31:00 - [TEST_STEP][PASSED] - selectOptionByIndex: All options with index in [55] are selected on object 'Object Repository/HealthpostToCms/Page_HealthPost Store/select_--Select--Adernaline 0.'

2018-06-10 22:31:01 - [MESSAGE][PASSED] - All options with index in [55] are selected on object 'Object Repository/HealthpostToCms/Page_HealthPost Store/select_--Select--Adernaline 0.'

2018-06-10 22:31:01 - [TEST_STEP][PASSED] - setText: Text '100' is set on object 'Object Repository/HealthpostToCms/Page_HealthPost Store/input_txttreat'

2018-06-10 22:31:01 - [MESSAGE][PASSED] - Text '100' is set on object 'Object Repository/HealthpostToCms/Page_HealthPost Store/input_txttreat'

2018-06-10 22:31:01 - [TEST_STEP][PASSED] - click: Object: 'Object Repository/HealthpostToCms/Page_HealthPost Store/button_Add' is clicked on

2018-06-10 22:31:01 - [MESSAGE][PASSED] - Object: 'Object Repository/HealthpostToCms/Page_HealthPost Store/button_Add' is clicked on

2018-06-10 22:31:01 - [TEST_STEP][PASSED] - delay: Delayed 1 second(s)

2018-06-10 22:31:02 - [MESSAGE][PASSED] - Delayed 1 second(s)

2018-06-10 22:31:02 - [TEST_STEP][PASSED] - selectOptionByIndex: All options with index in [1] are selected on object 'Object Repository/HealthpostToCms/Page_HealthPost Store/select_--Select--Schedule 1Inj'

2018-06-10 22:31:02 - [MESSAGE][PASSED] - All options with index in [1] are selected on object 'Object Repository/HealthpostToCms/Page_HealthPost Store/select_--Select--Schedule 1Inj'

2018-06-10 22:31:02 - [TEST_STEP][PASSED] - delay: Delayed 1 second(s)

2018-06-10 22:31:03 - [MESSAGE][PASSED] - Delayed 1 second(s)

2018-06-10 22:31:03 - [TEST_STEP][PASSED] - selectOptionByIndex: All options with index in [56] are selected on object 'Object Repository/HealthpostToCms/Page_HealthPost Store/select_--Select--Adernaline 0.'

2018-06-10 22:31:04 - [MESSAGE][PASSED] - All options with index in [56] are selected on object 'Object Repository/HealthpostToCms/Page_HealthPost Store/select_--Select--Adernaline 0.'

2018-06-10 22:31:04 - [TEST_STEP][PASSED] - setText: Text '100' is set on object 'Object Repository/HealthpostToCms/Page_HealthPost Store/input_txttreat'

2018-06-10 22:31:04 - [MESSAGE][PASSED] - Text '100' is set on object 'Object Repository/HealthpostToCms/Page_HealthPost Store/input_txttreat'

2018-06-10 22:31:04 - [TEST_STEP][PASSED] - click: Object: 'Object Repository/HealthpostToCms/Page_HealthPost Store/button_Add' is clicked on

2018-06-10 22:31:04 - [MESSAGE][PASSED] - Object: 'Object Repository/HealthpostToCms/Page_HealthPost Store/button_Add' is clicked on

2018-06-10 22:31:04 - [TEST_STEP][PASSED] - delay: Delayed 1 second(s)

2018-06-10 22:31:05 - [MESSAGE][PASSED] - Delayed 1 second(s)

2018-06-10 22:31:05 - [TEST_STEP][PASSED] - selectOptionByIndex: All options with index in [1] are selected on object 'Object Repository/HealthpostToCms/Page_HealthPost Store/select_--Select--Schedule 1Inj'

2018-06-10 22:31:05 - [MESSAGE][PASSED] - All options with index in [1] are selected on object 'Object Repository/HealthpostToCms/Page_HealthPost Store/select_--Select--Schedule 1Inj'

2018-06-10 22:31:05 - [TEST_STEP][PASSED] - delay: Delayed 1 second(s)

2018-06-10 22:31:06 - [MESSAGE][PASSED] - Delayed 1 second(s)

2018-06-10 22:31:06 - [TEST_STEP][PASSED] - selectOptionByIndex: All options with index in [57] are selected on object 'Object Repository/HealthpostToCms/Page_HealthPost Store/select_--Select--Adernaline 0.'

2018-06-10 22:31:07 - [MESSAGE][PASSED] - All options with index in [57] are selected on object 'Object Repository/HealthpostToCms/Page_HealthPost Store/select_--Select--Adernaline 0.'

2018-06-10 22:31:07 - [TEST_STEP][PASSED] - setText: Text '100' is set on object 'Object Repository/HealthpostToCms/Page_HealthPost Store/input_txttreat'

2018-06-10 22:31:07 - [MESSAGE][PASSED] - Text '100' is set on object 'Object Repository/HealthpostToCms/Page_HealthPost Store/input_txttreat'

2018-06-10 22:31:07 - [TEST_STEP][PASSED] - click: Object: 'Object Repository/HealthpostToCms/Page_HealthPost Store/button_Add' is clicked on

2018-06-10 22:31:07 - [MESSAGE][PASSED] - Object: 'Object Repository/HealthpostToCms/Page_HealthPost Store/button_Add' is clicked on

2018-06-10 22:31:07 - [TEST_STEP][PASSED] - delay: Delayed 1 second(s)

2018-06-10 22:31:08 - [MESSAGE][PASSED] - Delayed 1 second(s)

2018-06-10 22:31:08 - [TEST_STEP][PASSED] - selectOptionByIndex: All options with index in [1] are selected on object 'Object Repository/HealthpostToCms/Page_HealthPost Store/select_--Select--Schedule 1Inj'

2018-06-10 22:31:08 - [MESSAGE][PASSED] - All options with index in [1] are selected on object 'Object Repository/HealthpostToCms/Page_HealthPost Store/select_--Select--Schedule 1Inj'

2018-06-10 22:31:08 - [TEST_STEP][PASSED] - delay: Delayed 1 second(s)

2018-06-10 22:31:09 - [MESSAGE][PASSED] - Delayed 1 second(s)

2018-06-10 22:31:09 - [TEST_STEP][PASSED] - selectOptionByIndex: All options with index in [58] are selected on object 'Object Repository/HealthpostToCms/Page_HealthPost Store/select_--Select--Adernaline 0.'

2018-06-10 22:31:10 - [MESSAGE][PASSED] - All options with index in [58] are selected on object 'Object Repository/HealthpostToCms/Page_HealthPost Store/select_--Select--Adernaline 0.'

2018-06-10 22:31:10 - [TEST_STEP][PASSED] - setText: Text '100' is set on object 'Object Repository/HealthpostToCms/Page_HealthPost Store/input_txttreat'

2018-06-10 22:31:10 - [MESSAGE][PASSED] - Text '100' is set on object 'Object Repository/HealthpostToCms/Page_HealthPost Store/input_txttreat'

2018-06-10 22:31:10 - [TEST_STEP][PASSED] - click: Object: 'Object Repository/HealthpostToCms/Page_HealthPost Store/button_Add' is clicked on

2018-06-10 22:31:10 - [MESSAGE][PASSED] - Object: 'Object Repository/HealthpostToCms/Page_HealthPost Store/button_Add' is clicked on

2018-06-10 22:31:10 - [TEST_STEP][PASSED] - delay: Delayed 1 second(s)

2018-06-10 22:31:11 - [MESSAGE][PASSED] - Delayed 1 second(s)

2018-06-10 22:31:11 - [TEST_STEP][PASSED] - selectOptionByIndex: All options with index in [1] are selected on object 'Object Repository/HealthpostToCms/Page_HealthPost Store/select_--Select--Schedule 1Inj'

2018-06-10 22:31:11 - [MESSAGE][PASSED] - All options with index in [1] are selected on object 'Object Repository/HealthpostToCms/Page_HealthPost Store/select_--Select--Schedule 1Inj'

2018-06-10 22:31:11 - [TEST_STEP][PASSED] - delay: Delayed 1 second(s)

2018-06-10 22:31:12 - [MESSAGE][PASSED] - Delayed 1 second(s)

2018-06-10 22:31:12 - [TEST_STEP][PASSED] - selectOptionByIndex: All options with index in [59] are selected on object 'Object Repository/HealthpostToCms/Page_HealthPost Store/select_--Select--Adernaline 0.'

2018-06-10 22:31:13 - [MESSAGE][PASSED] - All options with index in [59] are selected on object 'Object Repository/HealthpostToCms/Page_HealthPost Store/select_--Select--Adernaline 0.'

2018-06-10 22:31:13 - [TEST_STEP][PASSED] - setText: Text '100' is set on object 'Object Repository/HealthpostToCms/Page_HealthPost Store/input_txttreat'

2018-06-10 22:31:13 - [MESSAGE][PASSED] - Text '100' is set on object 'Object Repository/HealthpostToCms/Page_HealthPost Store/input_txttreat'

2018-06-10 22:31:13 - [TEST_STEP][PASSED] - click: Object: 'Object Repository/HealthpostToCms/Page_HealthPost Store/button_Add' is clicked on

2018-06-10 22:31:13 - [MESSAGE][PASSED] - Object: 'Object Repository/HealthpostToCms/Page_HealthPost Store/button_Add' is clicked on

2018-06-10 22:31:13 - [TEST_STEP][PASSED] - delay: Delayed 1 second(s)

2018-06-10 22:31:14 - [MESSAGE][PASSED] - Delayed 1 second(s)

2018-06-10 22:31:14 - [TEST_STEP][PASSED] - selectOptionByIndex: All options with index in [1] are selected on object 'Object Repository/HealthpostToCms/Page_HealthPost Store/select_--Select--Schedule 1Inj'

2018-06-10 22:31:14 - [MESSAGE][PASSED] - All options with index in [1] are selected on object 'Object Repository/HealthpostToCms/Page_HealthPost Store/select_--Select--Schedule 1Inj'

2018-06-10 22:31:14 - [TEST_STEP][PASSED] - delay: Delayed 1 second(s)

2018-06-10 22:31:15 - [MESSAGE][PASSED] - Delayed 1 second(s)

2018-06-10 22:31:15 - [TEST_STEP][PASSED] - selectOptionByIndex: All options with index in [60] are selected on object 'Object Repository/HealthpostToCms/Page_HealthPost Store/select_--Select--Adernaline 0.'

2018-06-10 22:31:16 - [MESSAGE][PASSED] - All options with index in [60] are selected on object 'Object Repository/HealthpostToCms/Page_HealthPost Store/select_--Select--Adernaline 0.'

2018-06-10 22:31:16 - [TEST_STEP][PASSED] - setText: Text '100' is set on object 'Object Repository/HealthpostToCms/Page_HealthPost Store/input_txttreat'

2018-06-10 22:31:16 - [MESSAGE][PASSED] - Text '100' is set on object 'Object Repository/HealthpostToCms/Page_HealthPost Store/input_txttreat'

2018-06-10 22:31:16 - [TEST_STEP][PASSED] - click: Object: 'Object Repository/HealthpostToCms/Page_HealthPost Store/button_Add' is clicked on

2018-06-10 22:31:16 - [MESSAGE][PASSED] - Object: 'Object Repository/HealthpostToCms/Page_HealthPost Store/button_Add' is clicked on

2018-06-10 22:31:16 - [TEST_STEP][PASSED] - delay: Delayed 1 second(s)

2018-06-10 22:31:17 - [MESSAGE][PASSED] - Delayed 1 second(s)

2018-06-10 22:31:17 - [TEST_STEP][PASSED] - selectOptionByIndex: All options with index in [1] are selected on object 'Object Repository/HealthpostToCms/Page_HealthPost Store/select_--Select--Schedule 1Inj'

2018-06-10 22:31:17 - [MESSAGE][PASSED] - All options with index in [1] are selected on object 'Object Repository/HealthpostToCms/Page_HealthPost Store/select_--Select--Schedule 1Inj'

2018-06-10 22:31:17 - [TEST_STEP][PASSED] - delay: Delayed 1 second(s)

2018-06-10 22:31:18 - [MESSAGE][PASSED] - Delayed 1 second(s)

2018-06-10 22:31:18 - [TEST_STEP][PASSED] - selectOptionByIndex: All options with index in [61] are selected on object 'Object Repository/HealthpostToCms/Page_HealthPost Store/select_--Select--Adernaline 0.'

2018-06-10 22:31:19 - [MESSAGE][PASSED] - All options with index in [61] are selected on object 'Object Repository/HealthpostToCms/Page_HealthPost Store/select_--Select--Adernaline 0.'

2018-06-10 22:31:19 - [TEST_STEP][PASSED] - setText: Text '100' is set on object 'Object Repository/HealthpostToCms/Page_HealthPost Store/input_txttreat'

2018-06-10 22:31:19 - [MESSAGE][PASSED] - Text '100' is set on object 'Object Repository/HealthpostToCms/Page_HealthPost Store/input_txttreat'

2018-06-10 22:31:19 - [TEST_STEP][PASSED] - click: Object: 'Object Repository/HealthpostToCms/Page_HealthPost Store/button_Add' is clicked on

2018-06-10 22:31:19 - [MESSAGE][PASSED] - Object: 'Object Repository/HealthpostToCms/Page_HealthPost Store/button_Add' is clicked on

2018-06-10 22:31:19 - [TEST_STEP][PASSED] - delay: Delayed 1 second(s)

2018-06-10 22:31:20 - [MESSAGE][PASSED] - Delayed 1 second(s)

2018-06-10 22:31:20 - [TEST_STEP][PASSED] - selectOptionByIndex: All options with index in [1] are selected on object 'Object Repository/HealthpostToCms/Page_HealthPost Store/select_--Select--Schedule 1Inj'

2018-06-10 22:31:20 - [MESSAGE][PASSED] - All options with index in [1] are selected on object 'Object Repository/HealthpostToCms/Page_HealthPost Store/select_--Select--Schedule 1Inj'

2018-06-10 22:31:20 - [TEST_STEP][PASSED] - delay: Delayed 1 second(s)

2018-06-10 22:31:21 - [MESSAGE][PASSED] - Delayed 1 second(s)

2018-06-10 22:31:21 - [TEST_STEP][PASSED] - selectOptionByIndex: All options with index in [62] are selected on object 'Object Repository/HealthpostToCms/Page_HealthPost Store/select_--Select--Adernaline 0.'

2018-06-10 22:31:22 - [MESSAGE][PASSED] - All options with index in [62] are selected on object 'Object Repository/HealthpostToCms/Page_HealthPost Store/select_--Select--Adernaline 0.'

2018-06-10 22:31:22 - [TEST_STEP][PASSED] - setText: Text '100' is set on object 'Object Repository/HealthpostToCms/Page_HealthPost Store/input_txttreat'

2018-06-10 22:31:22 - [MESSAGE][PASSED] - Text '100' is set on object 'Object Repository/HealthpostToCms/Page_HealthPost Store/input_txttreat'

2018-06-10 22:31:22 - [TEST_STEP][PASSED] - click: Object: 'Object Repository/HealthpostToCms/Page_HealthPost Store/button_Add' is clicked on

2018-06-10 22:31:22 - [MESSAGE][PASSED] - Object: 'Object Repository/HealthpostToCms/Page_HealthPost Store/button_Add' is clicked on

2018-06-10 22:31:22 - [TEST_STEP][PASSED] - delay: Delayed 1 second(s)

2018-06-10 22:31:23 - [MESSAGE][PASSED] - Delayed 1 second(s)

2018-06-10 22:31:23 - [TEST_STEP][PASSED] - scrollToElement: Scroll to object 'Object Repository/HealthpostToCms/Page_HealthPost Store/input_btnsave' successfully

2018-06-10 22:31:23 - [MESSAGE][PASSED] - Scroll to object 'Object Repository/HealthpostToCms/Page_HealthPost Store/input_btnsave' successfully

2018-06-10 22:31:23 - [TEST_STEP][PASSED] - click: Object: 'Object Repository/HealthpostToCms/Page_HealthPost Store/input_btnsave' is clicked on

2018-06-10 22:31:24 - [MESSAGE][PASSED] - Object: 'Object Repository/HealthpostToCms/Page_HealthPost Store/input_btnsave' is clicked on

2018-06-10 22:31:24 - [TEST_STEP][PASSED] - delay: Delayed 3 second(s)

2018-06-10 22:31:27 - [MESSAGE][PASSED] - Delayed 3 second(s)

2018-06-10 22:31:27 - [TEST_STEP][PASSED] - Statement - RN1 = com.kms.katalon.core.webui.keyword.WebUiBuiltInKeywords.getText(com.kms.katalon.core.testobject.ObjectRepository.findTestObject(HealthpostToCms/Page_HealthPost Store/font_PRNO18052018174)): Text of object 'Object Repository/HealthpostToCms/Page_HealthPost Store/font_PRNO18052018174' is: 'PRNO/10062018/815'

2018-06-10 22:31:27 - [MESSAGE][PASSED] - Text of object 'Object Repository/HealthpostToCms/Page_HealthPost Store/font_PRNO18052018174' is: 'PRNO/10062018/815'

2018-06-10 22:31:27 - [TEST_STEP][PASSED] - Statement - out.println(RN1): null

2018-06-10 22:31:27 - [TEST_STEP][PASSED] - Statement - RID = RN1.split("/")[2]: null

2018-06-10 22:31:27 - [TEST_STEP][PASSED] - click: Object: 'Object Repository/HealthpostToCms/Page_HealthPost Store/button_OK' is clicked on

2018-06-10 22:31:27 - [MESSAGE][PASSED] - Object: 'Object Repository/HealthpostToCms/Page_HealthPost Store/button_OK' is clicked on

2018-06-10 22:31:27 - [TEST_STEP][PASSED] - delay: Delayed 3 second(s)

2018-06-10 22:31:30 - [MESSAGE][PASSED] - Delayed 3 second(s)

2018-06-10 22:31:30 - [TEST_STEP][PASSED] - click: Object: 'Object Repository/HealthpostToCms/Page_HealthPost Store/a_dropdown-toggle' is clicked on

2018-06-10 22:31:30 - [MESSAGE][PASSED] - Object: 'Object Repository/HealthpostToCms/Page_HealthPost Store/a_dropdown-toggle' is clicked on

2018-06-10 22:31:30 - [TEST_STEP][PASSED] - click: Object: 'Object Repository/HealthpostToCms/Page_HealthPost Store/a_Sign out' is clicked on

2018-06-10 22:31:31 - [MESSAGE][PASSED] - Object: 'Object Repository/HealthpostToCms/Page_HealthPost Store/a_Sign out' is clicked on

2018-06-10 22:31:31 - [TEST_STEP][PASSED] - delay: Delayed 3 second(s)

2018-06-10 22:31:34 - [MESSAGE][PASSED] - Delayed 3 second(s)

2018-06-10 22:31:34 - [TEST_STEP][PASSED] - navigateToUrl: Navigate to 'http://192.168.137.1/multihospital_new/' successfully

2018-06-10 22:31:34 - [MESSAGE][PASSED] - Navigate to 'http://192.168.137.1/multihospital_new/' successfully

2018-06-10 22:31:34 - [TEST_STEP][PASSED] - click: Object: 'Object Repository/HealthpostToCms/Page_KDMC/a_CMO' is clicked on

2018-06-10 22:31:35 - [MESSAGE][PASSED] - Object: 'Object Repository/HealthpostToCms/Page_KDMC/a_CMO' is clicked on

2018-06-10 22:31:35 - [TEST_STEP][PASSED] - setText: Text 'guru' is set on object 'Object Repository/HealthpostToCms/Page_CMO login/input_txtusername'

2018-06-10 22:31:35 - [MESSAGE][PASSED] - Text 'guru' is set on object 'Object Repository/HealthpostToCms/Page_CMO login/input_txtusername'

2018-06-10 22:31:35 - [TEST_STEP][PASSED] - setText: Text '123' is set on object 'Object Repository/HealthpostToCms/Page_CMO login/input_txtpassword'

2018-06-10 22:31:35 - [MESSAGE][PASSED] - Text '123' is set on object 'Object Repository/HealthpostToCms/Page_CMO login/input_txtpassword'

2018-06-10 22:31:35 - [TEST_STEP][PASSED] - delay: Delayed 3 second(s)

2018-06-10 22:31:38 - [MESSAGE][PASSED] - Delayed 3 second(s)

2018-06-10 22:31:38 - [TEST_STEP][PASSED] - click: Object: 'Object Repository/HealthpostToCms/Page_CMO login/button_Sign in' is clicked on

2018-06-10 22:31:39 - [MESSAGE][PASSED] - Object: 'Object Repository/HealthpostToCms/Page_CMO login/button_Sign in' is clicked on

2018-06-10 22:31:39 - [TEST_STEP][PASSED] - delay: Delayed 3 second(s)

2018-06-10 22:31:42 - [MESSAGE][PASSED] - Delayed 3 second(s)

2018-06-10 22:31:42 - [TEST_STEP][PASSED] - click: Object: 'Object Repository/HealthpostToCms/Page_KDMC - CMO/a_CMS Request' is clicked on

2018-06-10 22:31:42 - [MESSAGE][PASSED] - Object: 'Object Repository/HealthpostToCms/Page_KDMC - CMO/a_CMS Request' is clicked on

2018-06-10 22:31:42 - [TEST_STEP][PASSED] - delay: Delayed 2 second(s)

2018-06-10 22:31:44 - [MESSAGE][PASSED] - Delayed 2 second(s)

2018-06-10 22:31:44 - [TEST_STEP][PASSED] - click: Object: 'Object Repository/HealthpostToCms/Page_KDMC - CMO/a_Healthpost Store Request' is clicked on

2018-06-10 22:31:45 - [MESSAGE][PASSED] - Object: 'Object Repository/HealthpostToCms/Page_KDMC - CMO/a_Healthpost Store Request' is clicked on

2018-06-10 22:31:45 - [TEST_STEP][PASSED] - selectOptionByIndex: All options with index in [1] are selected on object 'Object Repository/HealthpostToCms/Page_KDMC - CMO/select_--ALL--'

2018-06-10 22:31:45 - [MESSAGE][PASSED] - All options with index in [1] are selected on object 'Object Repository/HealthpostToCms/Page_KDMC - CMO/select_--ALL--'

2018-06-10 22:31:45 - [TEST_STEP][PASSED] - click: Object: 'Object Repository/HealthpostToCms/Page_KDMC - CMO/input_btnsearch' is clicked on

2018-06-10 22:31:45 - [MESSAGE][PASSED] - Object: 'Object Repository/HealthpostToCms/Page_KDMC - CMO/input_btnsearch' is clicked on

2018-06-10 22:31:45 - [TEST_STEP][PASSED] - Statement - ID = com.kms.katalon.core.webui.keyword.WebUiBuiltInKeywords.modifyObjectProperty(com.kms.katalon.core.testobject.ObjectRepository.findTestObject(lab/Page_KDMC - CMO/input_1), "xpath", "equals", "//*[@id=" + RID + "]", true): Modify property of object successfully

2018-06-10 22:31:45 - [MESSAGE][PASSED] - Modify property of object successfully

2018-06-10 22:31:45 - [TEST_STEP][PASSED] - click: Object: 'Object Repository/lab/Page_KDMC - CMO/input_1' is clicked on

2018-06-10 22:31:46 - [MESSAGE][PASSED] - Object: 'Object Repository/lab/Page_KDMC - CMO/input_1' is clicked on

2018-06-10 22:31:46 - [TEST_STEP][PASSED] - delay: Delayed 2 second(s)

2018-06-10 22:31:48 - [MESSAGE][PASSED] - Delayed 2 second(s)

2018-06-10 22:31:48 - [TEST_STEP][PASSED] - selectOptionByIndex: All options with index in [1] are selected on object 'Object Repository/HealthpostToCms/Page_KDMC - CMO/select_--Select--'

2018-06-10 22:31:48 - [MESSAGE][PASSED] - All options with index in [1] are selected on object 'Object Repository/HealthpostToCms/Page_KDMC - CMO/select_--Select--'

2018-06-10 22:31:48 - [TEST_STEP][PASSED] - click: Object: 'Object Repository/HealthpostToCms/Page_KDMC - CMO/input_btnupdate' is clicked on

2018-06-10 22:31:48 - [MESSAGE][PASSED] - Object: 'Object Repository/HealthpostToCms/Page_KDMC - CMO/input_btnupdate' is clicked on

2018-06-10 22:31:48 - [TEST_STEP][PASSED] - delay: Delayed 2 second(s)

2018-06-10 22:31:50 - [MESSAGE][PASSED] - Delayed 2 second(s)

2018-06-10 22:31:50 - [TEST_STEP][PASSED] - click: Object: 'Object Repository/HealthpostToCms/Page_KDMC - CMO/button_OK' is clicked on

2018-06-10 22:31:51 - [MESSAGE][PASSED] - Object: 'Object Repository/HealthpostToCms/Page_KDMC - CMO/button_OK' is clicked on

2018-06-10 22:31:51 - [TEST_STEP][PASSED] - delay: Delayed 3 second(s)

2018-06-10 22:31:54 - [MESSAGE][PASSED] - Delayed 3 second(s)

2018-06-10 22:31:54 - [TEST_STEP][PASSED] - click: Object: 'Object Repository/HealthpostToCms/Page_KDMC - CMO/a_dropdown-toggle' is clicked on

2018-06-10 22:31:54 - [MESSAGE][PASSED] - Object: 'Object Repository/HealthpostToCms/Page_KDMC - CMO/a_dropdown-toggle' is clicked on

2018-06-10 22:31:54 - [TEST_STEP][PASSED] - click: Object: 'Object Repository/HealthpostToCms/Page_KDMC - CMO/a_Sign out' is clicked on

2018-06-10 22:31:54 - [MESSAGE][PASSED] - Object: 'Object Repository/HealthpostToCms/Page_KDMC - CMO/a_Sign out' is clicked on

2018-06-10 22:31:54 - [TEST_STEP][PASSED] - delay: Delayed 3 second(s)

2018-06-10 22:31:57 - [MESSAGE][PASSED] - Delayed 3 second(s)

2018-06-10 22:31:57 - [TEST_STEP][PASSED] - click: Object: 'Object Repository/HealthpostToCms/Page_KDMC/a_CMS' is clicked on

2018-06-10 22:31:58 - [MESSAGE][PASSED] - Object: 'Object Repository/HealthpostToCms/Page_KDMC/a_CMS' is clicked on

2018-06-10 22:31:58 - [TEST_STEP][PASSED] - setText: Text 'bala' is set on object 'Object Repository/HealthpostToCms/Page_CMS login/input_txtusername'

2018-06-10 22:31:58 - [MESSAGE][PASSED] - Text 'bala' is set on object 'Object Repository/HealthpostToCms/Page_CMS login/input_txtusername'

2018-06-10 22:31:58 - [TEST_STEP][PASSED] - setText: Text '123' is set on object 'Object Repository/HealthpostToCms/Page_CMS login/input_txtpassword'

2018-06-10 22:31:58 - [MESSAGE][PASSED] - Text '123' is set on object 'Object Repository/HealthpostToCms/Page_CMS login/input_txtpassword'

2018-06-10 22:31:58 - [TEST_STEP][PASSED] - delay: Delayed 3 second(s)

2018-06-10 22:32:01 - [MESSAGE][PASSED] - Delayed 3 second(s)

2018-06-10 22:32:01 - [TEST_STEP][PASSED] - click: Object: 'Object Repository/HealthpostToCms/Page_CMS login/button_Sign in' is clicked on

2018-06-10 22:32:01 - [MESSAGE][PASSED] - Object: 'Object Repository/HealthpostToCms/Page_CMS login/button_Sign in' is clicked on

2018-06-10 22:32:01 - [TEST_STEP][PASSED] - delay: Delayed 3 second(s)

2018-06-10 22:32:04 - [MESSAGE][PASSED] - Delayed 3 second(s)

2018-06-10 22:32:04 - [TEST_STEP][PASSED] - click: Object: 'Object Repository/HealthpostToCms/Page_KDMC - CMS/a_Divisional Store' is clicked on

2018-06-10 22:32:04 - [MESSAGE][PASSED] - Object: 'Object Repository/HealthpostToCms/Page_KDMC - CMS/a_Divisional Store' is clicked on

2018-06-10 22:32:04 - [TEST_STEP][PASSED] - delay: Delayed 2 second(s)

2018-06-10 22:32:07 - [MESSAGE][PASSED] - Delayed 2 second(s)

2018-06-10 22:32:07 - [TEST_STEP][PASSED] - click: Object: 'Object Repository/HealthpostToCms/Page_KDMC - CMS/a_Dispatch Items' is clicked on

2018-06-10 22:32:07 - [MESSAGE][PASSED] - Object: 'Object Repository/HealthpostToCms/Page_KDMC - CMS/a_Dispatch Items' is clicked on

2018-06-10 22:32:07 - [TEST_STEP][PASSED] - delay: Delayed 2 second(s)

2018-06-10 22:32:09 - [MESSAGE][PASSED] - Delayed 2 second(s)

2018-06-10 22:32:09 - [TEST_STEP][PASSED] - setText: Text 'PRNO/10062018/815' is set on object 'Object Repository/HealthpostToCms/Page_KDMC - CMS/input'

2018-06-10 22:32:10 - [MESSAGE][PASSED] - Text 'PRNO/10062018/815' is set on object 'Object Repository/HealthpostToCms/Page_KDMC - CMS/input'

2018-06-10 22:32:10 - [TEST_STEP][PASSED] - click: Object: 'Object Repository/HealthpostToCms/Page_KDMC - CMS/input_PRNO18052018174' is clicked on

2018-06-10 22:32:10 - [MESSAGE][PASSED] - Object: 'Object Repository/HealthpostToCms/Page_KDMC - CMS/input_PRNO18052018174' is clicked on

2018-06-10 22:32:10 - [TEST_STEP][PASSED] - delay: Delayed 3 second(s)

2018-06-10 22:32:13 - [MESSAGE][PASSED] - Delayed 3 second(s)

2018-06-10 22:32:13 - [TEST_STEP][PASSED] - Statement - out.println("Length : " + medicineslength): null

2018-06-10 22:32:13 - [TEST_STEP][PASSED] - Statement - For ([row = 0, row < medicineslength - 1, (row++)]): null

2018-06-10 22:32:13 - [TEST_STEP][PASSED] - Statement - batchlength = new com.kms.katalon.core.testobject.TestObject(): null

2018-06-10 22:32:13 - [TEST_STEP][PASSED] - Statement - batchlength = com.kms.katalon.core.webui.keyword.WebUiBuiltInKeywords.modifyObjectProperty(batchlength, "xpath", "equals", "//*[@id = "fldvendor" + row + ""]", true): Modify property of object successfully

2018-06-10 22:32:13 - [MESSAGE][PASSED] - Modify property of object successfully

2018-06-10 22:32:13 - [TEST_STEP][PASSED] - Statement - batchsize = com.kms.katalon.core.webui.keyword.WebUiBuiltInKeywords.getNumberOfTotalOption(batchlength): 17 options of object '' counted

2018-06-10 22:32:13 - [MESSAGE][PASSED] - 17 options of object '' counted

2018-06-10 22:32:13 - [TEST_STEP][PASSED] - Statement - out.println("BatchSize : " + batchsize): null

2018-06-10 22:32:13 - [TEST_STEP][PASSED] - Statement - For ([n = 1, n <= batchsize - 1, (n++)]): null

2018-06-10 22:32:13 - [TEST_STEP][PASSED] - Statement - product = new com.kms.katalon.core.testobject.TestObject(): null

2018-06-10 22:32:13 - [TEST_STEP][PASSED] - Statement - product = com.kms.katalon.core.webui.keyword.WebUiBuiltInKeywords.modifyObjectProperty(product, "xpath", "equals", "//*[@id = "fldvendor" + row + ""]", true): Modify property of object successfully

2018-06-10 22:32:13 - [MESSAGE][PASSED] - Modify property of object successfully

2018-06-10 22:32:13 - [TEST_STEP][PASSED] - selectOptionByIndex: All options with index in [1] are selected on object ''

2018-06-10 22:32:13 - [MESSAGE][PASSED] - All options with index in [1] are selected on object ''

2018-06-10 22:32:13 - [TEST_STEP][PASSED] - Statement - batch = new com.kms.katalon.core.testobject.TestObject(): null

2018-06-10 22:32:13 - [TEST_STEP][PASSED] - Statement - batch = com.kms.katalon.core.webui.keyword.WebUiBuiltInKeywords.modifyObjectProperty(batch, "xpath", "equals", "//*[@id = "txtbthqty" + row + ""]", true): Modify property of object successfully

2018-06-10 22:32:13 - [MESSAGE][PASSED] - Modify property of object successfully

2018-06-10 22:32:13 - [TEST_STEP][PASSED] - Statement - batchqty = com.kms.katalon.core.webui.keyword.WebUiBuiltInKeywords.getAttribute(batch, "value").trim(): Attribute 'value' of object '' is: ''

2018-06-10 22:32:13 - [MESSAGE][PASSED] - Attribute 'value' of object '' is: ''

2018-06-10 22:32:13 - [TEST_STEP][PASSED] - Statement - Rqty = 100: null

2018-06-10 22:32:13 - [TEST_STEP][PASSED] - delay: Delayed 2 second(s)

2018-06-10 22:32:15 - [MESSAGE][PASSED] - Delayed 2 second(s)

2018-06-10 22:32:15 - [TEST_STEP][PASSED] - Statement - out.println("BatchQty : " + batchqty): null

2018-06-10 22:32:15 - [TEST_STEP][PASSED] - Statement - out.println("RQty : " + Rqty): null

2018-06-10 22:32:15 - [TEST_STEP][PASSED] - Statement - If (java.lang.Integer.valueOf(batchqty) >= java.lang.Integer.valueOf(Rqty)): null]]></system-out>
         <system-err><![CDATA[2018-06-10 22:28:13 - [TEST_CASE][ERROR] - Test Cases/HEALTHPOST TEST CASES/TC_HP_013 Verify Schedule 1 Healthpost To CMS Request Are Working Successfully Or Not: Test Cases/HEALTHPOST TEST CASES/TC_HP_013 Verify Schedule 1 Healthpost To CMS Request Are Working Successfully Or Not FAILED because (of) java.lang.NumberFormatException: For input string: ""]]></system-err>
      </testcase>
      <testcase name="Test Cases/HEALTHPOST TEST CASES/TC_HP_023 Verify Schedule 11 Healthpost To CMS Request Are Working Successfully Or Not" classname="Test Cases/HEALTHPOST TEST CASES/TC_HP_023 Verify Schedule 11 Healthpost To CMS Request Are Working Successfully Or Not" status="ERROR">
         <error type="ERROR" message="Test Cases/HEALTHPOST TEST CASES/TC_HP_023 Verify Schedule 11 Healthpost To CMS Request Are Working Successfully Or Not FAILED because (of) java.lang.NumberFormatException: For input string: &quot;&quot;"/>
         <system-out><![CDATA[2018-06-10 22:32:15 - [TEST_CASE][ERROR] - Test Cases/HEALTHPOST TEST CASES/TC_HP_023 Verify Schedule 11 Healthpost To CMS Request Are Working Successfully Or Not: Test Cases/HEALTHPOST TEST CASES/TC_HP_023 Verify Schedule 11 Healthpost To CMS Request Are Working Successfully Or Not FAILED because (of) java.lang.NumberFormatException: For input string: ""

2018-06-10 22:32:16 - [TEST_STEP][PASSED] - openBrowser: Browser is opened with url: ''

2018-06-10 22:32:16 - [MESSAGE][WARNING] - A browser is already opened. Closing browser and opening a new one

2018-06-10 22:32:19 - [MESSAGE][PASSED] - Browser is opened with url: ''

2018-06-10 22:32:19 - [TEST_STEP][PASSED] - navigateToUrl: Navigate to 'http://192.168.137.1/multihospital_new/HDSplashscreen.aspx' successfully

2018-06-10 22:32:21 - [MESSAGE][PASSED] - Navigate to 'http://192.168.137.1/multihospital_new/HDSplashscreen.aspx' successfully

2018-06-10 22:32:21 - [TEST_STEP][PASSED] - maximizeWindow: Current window maximized

2018-06-10 22:32:22 - [MESSAGE][PASSED] - Current window maximized

2018-06-10 22:32:22 - [TEST_STEP][PASSED] - click: Object: 'Object Repository/HealthpostToCms/Page_KDMC/a_Healthpost Store' is clicked on

2018-06-10 22:32:23 - [MESSAGE][PASSED] - Object: 'Object Repository/HealthpostToCms/Page_KDMC/a_Healthpost Store' is clicked on

2018-06-10 22:32:23 - [TEST_STEP][PASSED] - setText: Text 'raguram' is set on object 'Object Repository/HealthpostToCms/Page_HealthPost Store Login/input_txtusername'

2018-06-10 22:32:23 - [MESSAGE][PASSED] - Text 'raguram' is set on object 'Object Repository/HealthpostToCms/Page_HealthPost Store Login/input_txtusername'

2018-06-10 22:32:23 - [TEST_STEP][PASSED] - setText: Text '123' is set on object 'Object Repository/HealthpostToCms/Page_HealthPost Store Login/input_txtpassword'

2018-06-10 22:32:23 - [MESSAGE][PASSED] - Text '123' is set on object 'Object Repository/HealthpostToCms/Page_HealthPost Store Login/input_txtpassword'

2018-06-10 22:32:23 - [TEST_STEP][PASSED] - delay: Delayed 3 second(s)

2018-06-10 22:32:26 - [MESSAGE][PASSED] - Delayed 3 second(s)

2018-06-10 22:32:26 - [TEST_STEP][PASSED] - click: Object: 'Object Repository/HealthpostToCms/Page_HealthPost Store Login/button_Sign in' is clicked on

2018-06-10 22:32:27 - [MESSAGE][PASSED] - Object: 'Object Repository/HealthpostToCms/Page_HealthPost Store Login/button_Sign in' is clicked on

2018-06-10 22:32:27 - [TEST_STEP][PASSED] - delay: Delayed 3 second(s)

2018-06-10 22:32:30 - [MESSAGE][PASSED] - Delayed 3 second(s)

2018-06-10 22:32:30 - [TEST_STEP][PASSED] - waitForElementPresent: Object 'Object Repository/HealthpostToCms/Page_HealthPost Store/a_CMS' is present

2018-06-10 22:32:30 - [MESSAGE][PASSED] - Object 'Object Repository/HealthpostToCms/Page_HealthPost Store/a_CMS' is present

2018-06-10 22:32:30 - [TEST_STEP][PASSED] - click: Object: 'Object Repository/HealthpostToCms/Page_HealthPost Store/a_CMS' is clicked on

2018-06-10 22:32:30 - [MESSAGE][PASSED] - Object: 'Object Repository/HealthpostToCms/Page_HealthPost Store/a_CMS' is clicked on

2018-06-10 22:32:30 - [TEST_STEP][PASSED] - click: Object: 'Object Repository/HealthpostToCms/Page_HealthPost Store/a_Request Send' is clicked on

2018-06-10 22:32:31 - [MESSAGE][PASSED] - Object: 'Object Repository/HealthpostToCms/Page_HealthPost Store/a_Request Send' is clicked on

2018-06-10 22:32:31 - [TEST_STEP][PASSED] - delay: Delayed 2 second(s)

2018-06-10 22:32:33 - [MESSAGE][PASSED] - Delayed 2 second(s)

2018-06-10 22:32:33 - [TEST_STEP][PASSED] - selectOptionByIndex: All options with index in [2] are selected on object 'Object Repository/HealthpostToCms/Page_HealthPost Store/select_--Select--'

2018-06-10 22:32:33 - [MESSAGE][PASSED] - All options with index in [2] are selected on object 'Object Repository/HealthpostToCms/Page_HealthPost Store/select_--Select--'

2018-06-10 22:32:33 - [TEST_STEP][PASSED] - selectOptionByIndex: All options with index in [11] are selected on object 'Object Repository/HealthpostToCms/Page_HealthPost Store/select_--Select--Schedule 1Inj'

2018-06-10 22:32:33 - [MESSAGE][PASSED] - All options with index in [11] are selected on object 'Object Repository/HealthpostToCms/Page_HealthPost Store/select_--Select--Schedule 1Inj'

2018-06-10 22:32:33 - [TEST_STEP][PASSED] - Statement - medicineslength = com.kms.katalon.core.webui.keyword.WebUiBuiltInKeywords.getNumberOfTotalOption(com.kms.katalon.core.testobject.ObjectRepository.findTestObject(HealthpostToCms/Page_HealthPost Store/select_--Select--Adernaline 0.)): 81 options of object 'Object Repository/HealthpostToCms/Page_HealthPost Store/select_--Select--Adernaline 0.' counted

2018-06-10 22:32:33 - [MESSAGE][PASSED] - 81 options of object 'Object Repository/HealthpostToCms/Page_HealthPost Store/select_--Select--Adernaline 0.' counted

2018-06-10 22:32:33 - [TEST_STEP][PASSED] - Statement - For ([e = 1, e <= medicineslength - 1, (e++)]): Delayed 2 second(s)

2018-06-10 22:32:33 - [TEST_STEP][PASSED] - selectOptionByIndex: All options with index in [11] are selected on object 'Object Repository/HealthpostToCms/Page_HealthPost Store/select_--Select--Schedule 1Inj'

2018-06-10 22:32:33 - [MESSAGE][PASSED] - All options with index in [11] are selected on object 'Object Repository/HealthpostToCms/Page_HealthPost Store/select_--Select--Schedule 1Inj'

2018-06-10 22:32:33 - [TEST_STEP][PASSED] - delay: Delayed 1 second(s)

2018-06-10 22:32:34 - [MESSAGE][PASSED] - Delayed 1 second(s)

2018-06-10 22:32:34 - [TEST_STEP][PASSED] - selectOptionByIndex: All options with index in [1] are selected on object 'Object Repository/HealthpostToCms/Page_HealthPost Store/select_--Select--Adernaline 0.'

2018-06-10 22:32:34 - [MESSAGE][PASSED] - All options with index in [1] are selected on object 'Object Repository/HealthpostToCms/Page_HealthPost Store/select_--Select--Adernaline 0.'

2018-06-10 22:32:34 - [TEST_STEP][PASSED] - setText: Text '100' is set on object 'Object Repository/HealthpostToCms/Page_HealthPost Store/input_txttreat'

2018-06-10 22:32:35 - [MESSAGE][PASSED] - Text '100' is set on object 'Object Repository/HealthpostToCms/Page_HealthPost Store/input_txttreat'

2018-06-10 22:32:35 - [TEST_STEP][PASSED] - click: Object: 'Object Repository/HealthpostToCms/Page_HealthPost Store/button_Add' is clicked on

2018-06-10 22:32:35 - [MESSAGE][PASSED] - Object: 'Object Repository/HealthpostToCms/Page_HealthPost Store/button_Add' is clicked on

2018-06-10 22:32:35 - [TEST_STEP][PASSED] - delay: Delayed 2 second(s)

2018-06-10 22:32:37 - [MESSAGE][PASSED] - Delayed 2 second(s)

2018-06-10 22:32:37 - [TEST_STEP][PASSED] - selectOptionByIndex: All options with index in [11] are selected on object 'Object Repository/HealthpostToCms/Page_HealthPost Store/select_--Select--Schedule 1Inj'

2018-06-10 22:32:37 - [MESSAGE][PASSED] - All options with index in [11] are selected on object 'Object Repository/HealthpostToCms/Page_HealthPost Store/select_--Select--Schedule 1Inj'

2018-06-10 22:32:37 - [TEST_STEP][PASSED] - delay: Delayed 1 second(s)

2018-06-10 22:32:38 - [MESSAGE][PASSED] - Delayed 1 second(s)

2018-06-10 22:32:38 - [TEST_STEP][PASSED] - selectOptionByIndex: All options with index in [2] are selected on object 'Object Repository/HealthpostToCms/Page_HealthPost Store/select_--Select--Adernaline 0.'

2018-06-10 22:32:38 - [MESSAGE][PASSED] - All options with index in [2] are selected on object 'Object Repository/HealthpostToCms/Page_HealthPost Store/select_--Select--Adernaline 0.'

2018-06-10 22:32:38 - [TEST_STEP][PASSED] - setText: Text '100' is set on object 'Object Repository/HealthpostToCms/Page_HealthPost Store/input_txttreat'

2018-06-10 22:32:38 - [MESSAGE][PASSED] - Text '100' is set on object 'Object Repository/HealthpostToCms/Page_HealthPost Store/input_txttreat'

2018-06-10 22:32:38 - [TEST_STEP][PASSED] - click: Object: 'Object Repository/HealthpostToCms/Page_HealthPost Store/button_Add' is clicked on

2018-06-10 22:32:38 - [MESSAGE][PASSED] - Object: 'Object Repository/HealthpostToCms/Page_HealthPost Store/button_Add' is clicked on

2018-06-10 22:32:38 - [TEST_STEP][PASSED] - delay: Delayed 2 second(s)

2018-06-10 22:32:40 - [MESSAGE][PASSED] - Delayed 2 second(s)

2018-06-10 22:32:40 - [TEST_STEP][PASSED] - selectOptionByIndex: All options with index in [11] are selected on object 'Object Repository/HealthpostToCms/Page_HealthPost Store/select_--Select--Schedule 1Inj'

2018-06-10 22:32:40 - [MESSAGE][PASSED] - All options with index in [11] are selected on object 'Object Repository/HealthpostToCms/Page_HealthPost Store/select_--Select--Schedule 1Inj'

2018-06-10 22:32:41 - [TEST_STEP][PASSED] - delay: Delayed 1 second(s)

2018-06-10 22:32:42 - [MESSAGE][PASSED] - Delayed 1 second(s)

2018-06-10 22:32:42 - [TEST_STEP][PASSED] - selectOptionByIndex: All options with index in [3] are selected on object 'Object Repository/HealthpostToCms/Page_HealthPost Store/select_--Select--Adernaline 0.'

2018-06-10 22:32:42 - [MESSAGE][PASSED] - All options with index in [3] are selected on object 'Object Repository/HealthpostToCms/Page_HealthPost Store/select_--Select--Adernaline 0.'

2018-06-10 22:32:42 - [TEST_STEP][PASSED] - setText: Text '100' is set on object 'Object Repository/HealthpostToCms/Page_HealthPost Store/input_txttreat'

2018-06-10 22:32:42 - [MESSAGE][PASSED] - Text '100' is set on object 'Object Repository/HealthpostToCms/Page_HealthPost Store/input_txttreat'

2018-06-10 22:32:42 - [TEST_STEP][PASSED] - click: Object: 'Object Repository/HealthpostToCms/Page_HealthPost Store/button_Add' is clicked on

2018-06-10 22:32:42 - [MESSAGE][PASSED] - Object: 'Object Repository/HealthpostToCms/Page_HealthPost Store/button_Add' is clicked on

2018-06-10 22:32:42 - [TEST_STEP][PASSED] - delay: Delayed 2 second(s)

2018-06-10 22:32:44 - [MESSAGE][PASSED] - Delayed 2 second(s)

2018-06-10 22:32:44 - [TEST_STEP][PASSED] - selectOptionByIndex: All options with index in [11] are selected on object 'Object Repository/HealthpostToCms/Page_HealthPost Store/select_--Select--Schedule 1Inj'

2018-06-10 22:32:44 - [MESSAGE][PASSED] - All options with index in [11] are selected on object 'Object Repository/HealthpostToCms/Page_HealthPost Store/select_--Select--Schedule 1Inj'

2018-06-10 22:32:44 - [TEST_STEP][PASSED] - delay: Delayed 1 second(s)

2018-06-10 22:32:45 - [MESSAGE][PASSED] - Delayed 1 second(s)

2018-06-10 22:32:45 - [TEST_STEP][PASSED] - selectOptionByIndex: All options with index in [4] are selected on object 'Object Repository/HealthpostToCms/Page_HealthPost Store/select_--Select--Adernaline 0.'

2018-06-10 22:32:45 - [MESSAGE][PASSED] - All options with index in [4] are selected on object 'Object Repository/HealthpostToCms/Page_HealthPost Store/select_--Select--Adernaline 0.'

2018-06-10 22:32:45 - [TEST_STEP][PASSED] - setText: Text '100' is set on object 'Object Repository/HealthpostToCms/Page_HealthPost Store/input_txttreat'

2018-06-10 22:32:45 - [MESSAGE][PASSED] - Text '100' is set on object 'Object Repository/HealthpostToCms/Page_HealthPost Store/input_txttreat'

2018-06-10 22:32:45 - [TEST_STEP][PASSED] - click: Object: 'Object Repository/HealthpostToCms/Page_HealthPost Store/button_Add' is clicked on

2018-06-10 22:32:45 - [MESSAGE][PASSED] - Object: 'Object Repository/HealthpostToCms/Page_HealthPost Store/button_Add' is clicked on

2018-06-10 22:32:46 - [TEST_STEP][PASSED] - delay: Delayed 2 second(s)

2018-06-10 22:32:48 - [MESSAGE][PASSED] - Delayed 2 second(s)

2018-06-10 22:32:48 - [TEST_STEP][PASSED] - selectOptionByIndex: All options with index in [11] are selected on object 'Object Repository/HealthpostToCms/Page_HealthPost Store/select_--Select--Schedule 1Inj'

2018-06-10 22:32:48 - [MESSAGE][PASSED] - All options with index in [11] are selected on object 'Object Repository/HealthpostToCms/Page_HealthPost Store/select_--Select--Schedule 1Inj'

2018-06-10 22:32:48 - [TEST_STEP][PASSED] - delay: Delayed 1 second(s)

2018-06-10 22:32:49 - [MESSAGE][PASSED] - Delayed 1 second(s)

2018-06-10 22:32:49 - [TEST_STEP][PASSED] - selectOptionByIndex: All options with index in [5] are selected on object 'Object Repository/HealthpostToCms/Page_HealthPost Store/select_--Select--Adernaline 0.'

2018-06-10 22:32:49 - [MESSAGE][PASSED] - All options with index in [5] are selected on object 'Object Repository/HealthpostToCms/Page_HealthPost Store/select_--Select--Adernaline 0.'

2018-06-10 22:32:49 - [TEST_STEP][PASSED] - setText: Text '100' is set on object 'Object Repository/HealthpostToCms/Page_HealthPost Store/input_txttreat'

2018-06-10 22:32:49 - [MESSAGE][PASSED] - Text '100' is set on object 'Object Repository/HealthpostToCms/Page_HealthPost Store/input_txttreat'

2018-06-10 22:32:49 - [TEST_STEP][PASSED] - click: Object: 'Object Repository/HealthpostToCms/Page_HealthPost Store/button_Add' is clicked on

2018-06-10 22:32:49 - [MESSAGE][PASSED] - Object: 'Object Repository/HealthpostToCms/Page_HealthPost Store/button_Add' is clicked on

2018-06-10 22:32:49 - [TEST_STEP][PASSED] - delay: Delayed 2 second(s)

2018-06-10 22:32:51 - [MESSAGE][PASSED] - Delayed 2 second(s)

2018-06-10 22:32:51 - [TEST_STEP][PASSED] - selectOptionByIndex: All options with index in [11] are selected on object 'Object Repository/HealthpostToCms/Page_HealthPost Store/select_--Select--Schedule 1Inj'

2018-06-10 22:32:51 - [MESSAGE][PASSED] - All options with index in [11] are selected on object 'Object Repository/HealthpostToCms/Page_HealthPost Store/select_--Select--Schedule 1Inj'

2018-06-10 22:32:51 - [TEST_STEP][PASSED] - delay: Delayed 1 second(s)

2018-06-10 22:32:52 - [MESSAGE][PASSED] - Delayed 1 second(s)

2018-06-10 22:32:52 - [TEST_STEP][PASSED] - selectOptionByIndex: All options with index in [6] are selected on object 'Object Repository/HealthpostToCms/Page_HealthPost Store/select_--Select--Adernaline 0.'

2018-06-10 22:32:53 - [MESSAGE][PASSED] - All options with index in [6] are selected on object 'Object Repository/HealthpostToCms/Page_HealthPost Store/select_--Select--Adernaline 0.'

2018-06-10 22:32:53 - [TEST_STEP][PASSED] - setText: Text '100' is set on object 'Object Repository/HealthpostToCms/Page_HealthPost Store/input_txttreat'

2018-06-10 22:32:53 - [MESSAGE][PASSED] - Text '100' is set on object 'Object Repository/HealthpostToCms/Page_HealthPost Store/input_txttreat'

2018-06-10 22:32:53 - [TEST_STEP][PASSED] - click: Object: 'Object Repository/HealthpostToCms/Page_HealthPost Store/button_Add' is clicked on

2018-06-10 22:32:53 - [MESSAGE][PASSED] - Object: 'Object Repository/HealthpostToCms/Page_HealthPost Store/button_Add' is clicked on

2018-06-10 22:32:53 - [TEST_STEP][PASSED] - delay: Delayed 2 second(s)

2018-06-10 22:32:55 - [MESSAGE][PASSED] - Delayed 2 second(s)

2018-06-10 22:32:55 - [TEST_STEP][PASSED] - selectOptionByIndex: All options with index in [11] are selected on object 'Object Repository/HealthpostToCms/Page_HealthPost Store/select_--Select--Schedule 1Inj'

2018-06-10 22:32:55 - [MESSAGE][PASSED] - All options with index in [11] are selected on object 'Object Repository/HealthpostToCms/Page_HealthPost Store/select_--Select--Schedule 1Inj'

2018-06-10 22:32:55 - [TEST_STEP][PASSED] - delay: Delayed 1 second(s)

2018-06-10 22:32:56 - [MESSAGE][PASSED] - Delayed 1 second(s)

2018-06-10 22:32:56 - [TEST_STEP][PASSED] - selectOptionByIndex: All options with index in [7] are selected on object 'Object Repository/HealthpostToCms/Page_HealthPost Store/select_--Select--Adernaline 0.'

2018-06-10 22:32:56 - [MESSAGE][PASSED] - All options with index in [7] are selected on object 'Object Repository/HealthpostToCms/Page_HealthPost Store/select_--Select--Adernaline 0.'

2018-06-10 22:32:56 - [TEST_STEP][PASSED] - setText: Text '100' is set on object 'Object Repository/HealthpostToCms/Page_HealthPost Store/input_txttreat'

2018-06-10 22:32:56 - [MESSAGE][PASSED] - Text '100' is set on object 'Object Repository/HealthpostToCms/Page_HealthPost Store/input_txttreat'

2018-06-10 22:32:56 - [TEST_STEP][PASSED] - click: Object: 'Object Repository/HealthpostToCms/Page_HealthPost Store/button_Add' is clicked on

2018-06-10 22:32:56 - [MESSAGE][PASSED] - Object: 'Object Repository/HealthpostToCms/Page_HealthPost Store/button_Add' is clicked on

2018-06-10 22:32:56 - [TEST_STEP][PASSED] - delay: Delayed 2 second(s)

2018-06-10 22:32:58 - [MESSAGE][PASSED] - Delayed 2 second(s)

2018-06-10 22:32:58 - [TEST_STEP][PASSED] - selectOptionByIndex: All options with index in [11] are selected on object 'Object Repository/HealthpostToCms/Page_HealthPost Store/select_--Select--Schedule 1Inj'

2018-06-10 22:32:59 - [MESSAGE][PASSED] - All options with index in [11] are selected on object 'Object Repository/HealthpostToCms/Page_HealthPost Store/select_--Select--Schedule 1Inj'

2018-06-10 22:32:59 - [TEST_STEP][PASSED] - delay: Delayed 1 second(s)

2018-06-10 22:33:00 - [MESSAGE][PASSED] - Delayed 1 second(s)

2018-06-10 22:33:00 - [TEST_STEP][PASSED] - selectOptionByIndex: All options with index in [8] are selected on object 'Object Repository/HealthpostToCms/Page_HealthPost Store/select_--Select--Adernaline 0.'

2018-06-10 22:33:00 - [MESSAGE][PASSED] - All options with index in [8] are selected on object 'Object Repository/HealthpostToCms/Page_HealthPost Store/select_--Select--Adernaline 0.'

2018-06-10 22:33:00 - [TEST_STEP][PASSED] - setText: Text '100' is set on object 'Object Repository/HealthpostToCms/Page_HealthPost Store/input_txttreat'

2018-06-10 22:33:00 - [MESSAGE][PASSED] - Text '100' is set on object 'Object Repository/HealthpostToCms/Page_HealthPost Store/input_txttreat'

2018-06-10 22:33:00 - [TEST_STEP][PASSED] - click: Object: 'Object Repository/HealthpostToCms/Page_HealthPost Store/button_Add' is clicked on

2018-06-10 22:33:00 - [MESSAGE][PASSED] - Object: 'Object Repository/HealthpostToCms/Page_HealthPost Store/button_Add' is clicked on

2018-06-10 22:33:00 - [TEST_STEP][PASSED] - delay: Delayed 2 second(s)

2018-06-10 22:33:02 - [MESSAGE][PASSED] - Delayed 2 second(s)

2018-06-10 22:33:02 - [TEST_STEP][PASSED] - selectOptionByIndex: All options with index in [11] are selected on object 'Object Repository/HealthpostToCms/Page_HealthPost Store/select_--Select--Schedule 1Inj'

2018-06-10 22:33:02 - [MESSAGE][PASSED] - All options with index in [11] are selected on object 'Object Repository/HealthpostToCms/Page_HealthPost Store/select_--Select--Schedule 1Inj'

2018-06-10 22:33:02 - [TEST_STEP][PASSED] - delay: Delayed 1 second(s)

2018-06-10 22:33:03 - [MESSAGE][PASSED] - Delayed 1 second(s)

2018-06-10 22:33:03 - [TEST_STEP][PASSED] - selectOptionByIndex: All options with index in [9] are selected on object 'Object Repository/HealthpostToCms/Page_HealthPost Store/select_--Select--Adernaline 0.'

2018-06-10 22:33:03 - [MESSAGE][PASSED] - All options with index in [9] are selected on object 'Object Repository/HealthpostToCms/Page_HealthPost Store/select_--Select--Adernaline 0.'

2018-06-10 22:33:03 - [TEST_STEP][PASSED] - setText: Text '100' is set on object 'Object Repository/HealthpostToCms/Page_HealthPost Store/input_txttreat'

2018-06-10 22:33:03 - [MESSAGE][PASSED] - Text '100' is set on object 'Object Repository/HealthpostToCms/Page_HealthPost Store/input_txttreat'

2018-06-10 22:33:03 - [TEST_STEP][PASSED] - click: Object: 'Object Repository/HealthpostToCms/Page_HealthPost Store/button_Add' is clicked on

2018-06-10 22:33:04 - [MESSAGE][PASSED] - Object: 'Object Repository/HealthpostToCms/Page_HealthPost Store/button_Add' is clicked on

2018-06-10 22:33:04 - [TEST_STEP][PASSED] - delay: Delayed 2 second(s)

2018-06-10 22:33:06 - [MESSAGE][PASSED] - Delayed 2 second(s)

2018-06-10 22:33:06 - [TEST_STEP][PASSED] - selectOptionByIndex: All options with index in [11] are selected on object 'Object Repository/HealthpostToCms/Page_HealthPost Store/select_--Select--Schedule 1Inj'

2018-06-10 22:33:06 - [MESSAGE][PASSED] - All options with index in [11] are selected on object 'Object Repository/HealthpostToCms/Page_HealthPost Store/select_--Select--Schedule 1Inj'

2018-06-10 22:33:06 - [TEST_STEP][PASSED] - delay: Delayed 1 second(s)

2018-06-10 22:33:07 - [MESSAGE][PASSED] - Delayed 1 second(s)

2018-06-10 22:33:07 - [TEST_STEP][PASSED] - selectOptionByIndex: All options with index in [10] are selected on object 'Object Repository/HealthpostToCms/Page_HealthPost Store/select_--Select--Adernaline 0.'

2018-06-10 22:33:07 - [MESSAGE][PASSED] - All options with index in [10] are selected on object 'Object Repository/HealthpostToCms/Page_HealthPost Store/select_--Select--Adernaline 0.'

2018-06-10 22:33:07 - [TEST_STEP][PASSED] - setText: Text '100' is set on object 'Object Repository/HealthpostToCms/Page_HealthPost Store/input_txttreat'

2018-06-10 22:33:07 - [MESSAGE][PASSED] - Text '100' is set on object 'Object Repository/HealthpostToCms/Page_HealthPost Store/input_txttreat'

2018-06-10 22:33:07 - [TEST_STEP][PASSED] - click: Object: 'Object Repository/HealthpostToCms/Page_HealthPost Store/button_Add' is clicked on

2018-06-10 22:33:07 - [MESSAGE][PASSED] - Object: 'Object Repository/HealthpostToCms/Page_HealthPost Store/button_Add' is clicked on

2018-06-10 22:33:07 - [TEST_STEP][PASSED] - delay: Delayed 2 second(s)

2018-06-10 22:33:09 - [MESSAGE][PASSED] - Delayed 2 second(s)

2018-06-10 22:33:09 - [TEST_STEP][PASSED] - selectOptionByIndex: All options with index in [11] are selected on object 'Object Repository/HealthpostToCms/Page_HealthPost Store/select_--Select--Schedule 1Inj'

2018-06-10 22:33:09 - [MESSAGE][PASSED] - All options with index in [11] are selected on object 'Object Repository/HealthpostToCms/Page_HealthPost Store/select_--Select--Schedule 1Inj'

2018-06-10 22:33:09 - [TEST_STEP][PASSED] - delay: Delayed 1 second(s)

2018-06-10 22:33:10 - [MESSAGE][PASSED] - Delayed 1 second(s)

2018-06-10 22:33:10 - [TEST_STEP][PASSED] - selectOptionByIndex: All options with index in [11] are selected on object 'Object Repository/HealthpostToCms/Page_HealthPost Store/select_--Select--Adernaline 0.'

2018-06-10 22:33:11 - [MESSAGE][PASSED] - All options with index in [11] are selected on object 'Object Repository/HealthpostToCms/Page_HealthPost Store/select_--Select--Adernaline 0.'

2018-06-10 22:33:11 - [TEST_STEP][PASSED] - setText: Text '100' is set on object 'Object Repository/HealthpostToCms/Page_HealthPost Store/input_txttreat'

2018-06-10 22:33:11 - [MESSAGE][PASSED] - Text '100' is set on object 'Object Repository/HealthpostToCms/Page_HealthPost Store/input_txttreat'

2018-06-10 22:33:11 - [TEST_STEP][PASSED] - click: Object: 'Object Repository/HealthpostToCms/Page_HealthPost Store/button_Add' is clicked on

2018-06-10 22:33:11 - [MESSAGE][PASSED] - Object: 'Object Repository/HealthpostToCms/Page_HealthPost Store/button_Add' is clicked on

2018-06-10 22:33:11 - [TEST_STEP][PASSED] - delay: Delayed 2 second(s)

2018-06-10 22:33:13 - [MESSAGE][PASSED] - Delayed 2 second(s)

2018-06-10 22:33:13 - [TEST_STEP][PASSED] - selectOptionByIndex: All options with index in [11] are selected on object 'Object Repository/HealthpostToCms/Page_HealthPost Store/select_--Select--Schedule 1Inj'

2018-06-10 22:33:13 - [MESSAGE][PASSED] - All options with index in [11] are selected on object 'Object Repository/HealthpostToCms/Page_HealthPost Store/select_--Select--Schedule 1Inj'

2018-06-10 22:33:13 - [TEST_STEP][PASSED] - delay: Delayed 1 second(s)

2018-06-10 22:33:14 - [MESSAGE][PASSED] - Delayed 1 second(s)

2018-06-10 22:33:14 - [TEST_STEP][PASSED] - selectOptionByIndex: All options with index in [12] are selected on object 'Object Repository/HealthpostToCms/Page_HealthPost Store/select_--Select--Adernaline 0.'

2018-06-10 22:33:14 - [MESSAGE][PASSED] - All options with index in [12] are selected on object 'Object Repository/HealthpostToCms/Page_HealthPost Store/select_--Select--Adernaline 0.'

2018-06-10 22:33:14 - [TEST_STEP][PASSED] - setText: Text '100' is set on object 'Object Repository/HealthpostToCms/Page_HealthPost Store/input_txttreat'

2018-06-10 22:33:14 - [MESSAGE][PASSED] - Text '100' is set on object 'Object Repository/HealthpostToCms/Page_HealthPost Store/input_txttreat'

2018-06-10 22:33:14 - [TEST_STEP][PASSED] - click: Object: 'Object Repository/HealthpostToCms/Page_HealthPost Store/button_Add' is clicked on

2018-06-10 22:33:14 - [MESSAGE][PASSED] - Object: 'Object Repository/HealthpostToCms/Page_HealthPost Store/button_Add' is clicked on

2018-06-10 22:33:14 - [TEST_STEP][PASSED] - delay: Delayed 2 second(s)

2018-06-10 22:33:16 - [MESSAGE][PASSED] - Delayed 2 second(s)

2018-06-10 22:33:16 - [TEST_STEP][PASSED] - selectOptionByIndex: All options with index in [11] are selected on object 'Object Repository/HealthpostToCms/Page_HealthPost Store/select_--Select--Schedule 1Inj'

2018-06-10 22:33:17 - [MESSAGE][PASSED] - All options with index in [11] are selected on object 'Object Repository/HealthpostToCms/Page_HealthPost Store/select_--Select--Schedule 1Inj'

2018-06-10 22:33:17 - [TEST_STEP][PASSED] - delay: Delayed 1 second(s)

2018-06-10 22:33:18 - [MESSAGE][PASSED] - Delayed 1 second(s)

2018-06-10 22:33:18 - [TEST_STEP][PASSED] - selectOptionByIndex: All options with index in [13] are selected on object 'Object Repository/HealthpostToCms/Page_HealthPost Store/select_--Select--Adernaline 0.'

2018-06-10 22:33:18 - [MESSAGE][PASSED] - All options with index in [13] are selected on object 'Object Repository/HealthpostToCms/Page_HealthPost Store/select_--Select--Adernaline 0.'

2018-06-10 22:33:18 - [TEST_STEP][PASSED] - setText: Text '100' is set on object 'Object Repository/HealthpostToCms/Page_HealthPost Store/input_txttreat'

2018-06-10 22:33:18 - [MESSAGE][PASSED] - Text '100' is set on object 'Object Repository/HealthpostToCms/Page_HealthPost Store/input_txttreat'

2018-06-10 22:33:18 - [TEST_STEP][PASSED] - click: Object: 'Object Repository/HealthpostToCms/Page_HealthPost Store/button_Add' is clicked on

2018-06-10 22:33:18 - [MESSAGE][PASSED] - Object: 'Object Repository/HealthpostToCms/Page_HealthPost Store/button_Add' is clicked on

2018-06-10 22:33:18 - [TEST_STEP][PASSED] - delay: Delayed 2 second(s)

2018-06-10 22:33:20 - [MESSAGE][PASSED] - Delayed 2 second(s)

2018-06-10 22:33:20 - [TEST_STEP][PASSED] - selectOptionByIndex: All options with index in [11] are selected on object 'Object Repository/HealthpostToCms/Page_HealthPost Store/select_--Select--Schedule 1Inj'

2018-06-10 22:33:20 - [MESSAGE][PASSED] - All options with index in [11] are selected on object 'Object Repository/HealthpostToCms/Page_HealthPost Store/select_--Select--Schedule 1Inj'

2018-06-10 22:33:20 - [TEST_STEP][PASSED] - delay: Delayed 1 second(s)

2018-06-10 22:33:21 - [MESSAGE][PASSED] - Delayed 1 second(s)

2018-06-10 22:33:21 - [TEST_STEP][PASSED] - selectOptionByIndex: All options with index in [14] are selected on object 'Object Repository/HealthpostToCms/Page_HealthPost Store/select_--Select--Adernaline 0.'

2018-06-10 22:33:22 - [MESSAGE][PASSED] - All options with index in [14] are selected on object 'Object Repository/HealthpostToCms/Page_HealthPost Store/select_--Select--Adernaline 0.'

2018-06-10 22:33:22 - [TEST_STEP][PASSED] - setText: Text '100' is set on object 'Object Repository/HealthpostToCms/Page_HealthPost Store/input_txttreat'

2018-06-10 22:33:22 - [MESSAGE][PASSED] - Text '100' is set on object 'Object Repository/HealthpostToCms/Page_HealthPost Store/input_txttreat'

2018-06-10 22:33:22 - [TEST_STEP][PASSED] - click: Object: 'Object Repository/HealthpostToCms/Page_HealthPost Store/button_Add' is clicked on

2018-06-10 22:33:22 - [MESSAGE][PASSED] - Object: 'Object Repository/HealthpostToCms/Page_HealthPost Store/button_Add' is clicked on

2018-06-10 22:33:22 - [TEST_STEP][PASSED] - delay: Delayed 2 second(s)

2018-06-10 22:33:24 - [MESSAGE][PASSED] - Delayed 2 second(s)

2018-06-10 22:33:24 - [TEST_STEP][PASSED] - selectOptionByIndex: All options with index in [11] are selected on object 'Object Repository/HealthpostToCms/Page_HealthPost Store/select_--Select--Schedule 1Inj'

2018-06-10 22:33:24 - [MESSAGE][PASSED] - All options with index in [11] are selected on object 'Object Repository/HealthpostToCms/Page_HealthPost Store/select_--Select--Schedule 1Inj'

2018-06-10 22:33:24 - [TEST_STEP][PASSED] - delay: Delayed 1 second(s)

2018-06-10 22:33:25 - [MESSAGE][PASSED] - Delayed 1 second(s)

2018-06-10 22:33:25 - [TEST_STEP][PASSED] - selectOptionByIndex: All options with index in [15] are selected on object 'Object Repository/HealthpostToCms/Page_HealthPost Store/select_--Select--Adernaline 0.'

2018-06-10 22:33:25 - [MESSAGE][PASSED] - All options with index in [15] are selected on object 'Object Repository/HealthpostToCms/Page_HealthPost Store/select_--Select--Adernaline 0.'

2018-06-10 22:33:25 - [TEST_STEP][PASSED] - setText: Text '100' is set on object 'Object Repository/HealthpostToCms/Page_HealthPost Store/input_txttreat'

2018-06-10 22:33:25 - [MESSAGE][PASSED] - Text '100' is set on object 'Object Repository/HealthpostToCms/Page_HealthPost Store/input_txttreat'

2018-06-10 22:33:25 - [TEST_STEP][PASSED] - click: Object: 'Object Repository/HealthpostToCms/Page_HealthPost Store/button_Add' is clicked on

2018-06-10 22:33:26 - [MESSAGE][PASSED] - Object: 'Object Repository/HealthpostToCms/Page_HealthPost Store/button_Add' is clicked on

2018-06-10 22:33:26 - [TEST_STEP][PASSED] - delay: Delayed 2 second(s)

2018-06-10 22:33:28 - [MESSAGE][PASSED] - Delayed 2 second(s)

2018-06-10 22:33:28 - [TEST_STEP][PASSED] - selectOptionByIndex: All options with index in [11] are selected on object 'Object Repository/HealthpostToCms/Page_HealthPost Store/select_--Select--Schedule 1Inj'

2018-06-10 22:33:28 - [MESSAGE][PASSED] - All options with index in [11] are selected on object 'Object Repository/HealthpostToCms/Page_HealthPost Store/select_--Select--Schedule 1Inj'

2018-06-10 22:33:28 - [TEST_STEP][PASSED] - delay: Delayed 1 second(s)

2018-06-10 22:33:29 - [MESSAGE][PASSED] - Delayed 1 second(s)

2018-06-10 22:33:29 - [TEST_STEP][PASSED] - selectOptionByIndex: All options with index in [16] are selected on object 'Object Repository/HealthpostToCms/Page_HealthPost Store/select_--Select--Adernaline 0.'

2018-06-10 22:33:29 - [MESSAGE][PASSED] - All options with index in [16] are selected on object 'Object Repository/HealthpostToCms/Page_HealthPost Store/select_--Select--Adernaline 0.'

2018-06-10 22:33:29 - [TEST_STEP][PASSED] - setText: Text '100' is set on object 'Object Repository/HealthpostToCms/Page_HealthPost Store/input_txttreat'

2018-06-10 22:33:29 - [MESSAGE][PASSED] - Text '100' is set on object 'Object Repository/HealthpostToCms/Page_HealthPost Store/input_txttreat'

2018-06-10 22:33:29 - [TEST_STEP][PASSED] - click: Object: 'Object Repository/HealthpostToCms/Page_HealthPost Store/button_Add' is clicked on

2018-06-10 22:33:29 - [MESSAGE][PASSED] - Object: 'Object Repository/HealthpostToCms/Page_HealthPost Store/button_Add' is clicked on

2018-06-10 22:33:29 - [TEST_STEP][PASSED] - delay: Delayed 2 second(s)

2018-06-10 22:33:31 - [MESSAGE][PASSED] - Delayed 2 second(s)

2018-06-10 22:33:31 - [TEST_STEP][PASSED] - selectOptionByIndex: All options with index in [11] are selected on object 'Object Repository/HealthpostToCms/Page_HealthPost Store/select_--Select--Schedule 1Inj'

2018-06-10 22:33:31 - [MESSAGE][PASSED] - All options with index in [11] are selected on object 'Object Repository/HealthpostToCms/Page_HealthPost Store/select_--Select--Schedule 1Inj'

2018-06-10 22:33:31 - [TEST_STEP][PASSED] - delay: Delayed 1 second(s)

2018-06-10 22:33:32 - [MESSAGE][PASSED] - Delayed 1 second(s)

2018-06-10 22:33:32 - [TEST_STEP][PASSED] - selectOptionByIndex: All options with index in [17] are selected on object 'Object Repository/HealthpostToCms/Page_HealthPost Store/select_--Select--Adernaline 0.'

2018-06-10 22:33:33 - [MESSAGE][PASSED] - All options with index in [17] are selected on object 'Object Repository/HealthpostToCms/Page_HealthPost Store/select_--Select--Adernaline 0.'

2018-06-10 22:33:33 - [TEST_STEP][PASSED] - setText: Text '100' is set on object 'Object Repository/HealthpostToCms/Page_HealthPost Store/input_txttreat'

2018-06-10 22:33:33 - [MESSAGE][PASSED] - Text '100' is set on object 'Object Repository/HealthpostToCms/Page_HealthPost Store/input_txttreat'

2018-06-10 22:33:33 - [TEST_STEP][PASSED] - click: Object: 'Object Repository/HealthpostToCms/Page_HealthPost Store/button_Add' is clicked on

2018-06-10 22:33:33 - [MESSAGE][PASSED] - Object: 'Object Repository/HealthpostToCms/Page_HealthPost Store/button_Add' is clicked on

2018-06-10 22:33:33 - [TEST_STEP][PASSED] - delay: Delayed 2 second(s)

2018-06-10 22:33:35 - [MESSAGE][PASSED] - Delayed 2 second(s)

2018-06-10 22:33:35 - [TEST_STEP][PASSED] - selectOptionByIndex: All options with index in [11] are selected on object 'Object Repository/HealthpostToCms/Page_HealthPost Store/select_--Select--Schedule 1Inj'

2018-06-10 22:33:35 - [MESSAGE][PASSED] - All options with index in [11] are selected on object 'Object Repository/HealthpostToCms/Page_HealthPost Store/select_--Select--Schedule 1Inj'

2018-06-10 22:33:35 - [TEST_STEP][PASSED] - delay: Delayed 1 second(s)

2018-06-10 22:33:36 - [MESSAGE][PASSED] - Delayed 1 second(s)

2018-06-10 22:33:36 - [TEST_STEP][PASSED] - selectOptionByIndex: All options with index in [18] are selected on object 'Object Repository/HealthpostToCms/Page_HealthPost Store/select_--Select--Adernaline 0.'

2018-06-10 22:33:36 - [MESSAGE][PASSED] - All options with index in [18] are selected on object 'Object Repository/HealthpostToCms/Page_HealthPost Store/select_--Select--Adernaline 0.'

2018-06-10 22:33:36 - [TEST_STEP][PASSED] - setText: Text '100' is set on object 'Object Repository/HealthpostToCms/Page_HealthPost Store/input_txttreat'

2018-06-10 22:33:37 - [MESSAGE][PASSED] - Text '100' is set on object 'Object Repository/HealthpostToCms/Page_HealthPost Store/input_txttreat'

2018-06-10 22:33:37 - [TEST_STEP][PASSED] - click: Object: 'Object Repository/HealthpostToCms/Page_HealthPost Store/button_Add' is clicked on

2018-06-10 22:33:37 - [MESSAGE][PASSED] - Object: 'Object Repository/HealthpostToCms/Page_HealthPost Store/button_Add' is clicked on

2018-06-10 22:33:37 - [TEST_STEP][PASSED] - delay: Delayed 2 second(s)

2018-06-10 22:33:39 - [MESSAGE][PASSED] - Delayed 2 second(s)

2018-06-10 22:33:39 - [TEST_STEP][PASSED] - selectOptionByIndex: All options with index in [11] are selected on object 'Object Repository/HealthpostToCms/Page_HealthPost Store/select_--Select--Schedule 1Inj'

2018-06-10 22:33:39 - [MESSAGE][PASSED] - All options with index in [11] are selected on object 'Object Repository/HealthpostToCms/Page_HealthPost Store/select_--Select--Schedule 1Inj'

2018-06-10 22:33:39 - [TEST_STEP][PASSED] - delay: Delayed 1 second(s)

2018-06-10 22:33:40 - [MESSAGE][PASSED] - Delayed 1 second(s)

2018-06-10 22:33:40 - [TEST_STEP][PASSED] - selectOptionByIndex: All options with index in [19] are selected on object 'Object Repository/HealthpostToCms/Page_HealthPost Store/select_--Select--Adernaline 0.'

2018-06-10 22:33:40 - [MESSAGE][PASSED] - All options with index in [19] are selected on object 'Object Repository/HealthpostToCms/Page_HealthPost Store/select_--Select--Adernaline 0.'

2018-06-10 22:33:40 - [TEST_STEP][PASSED] - setText: Text '100' is set on object 'Object Repository/HealthpostToCms/Page_HealthPost Store/input_txttreat'

2018-06-10 22:33:40 - [MESSAGE][PASSED] - Text '100' is set on object 'Object Repository/HealthpostToCms/Page_HealthPost Store/input_txttreat'

2018-06-10 22:33:40 - [TEST_STEP][PASSED] - click: Object: 'Object Repository/HealthpostToCms/Page_HealthPost Store/button_Add' is clicked on

2018-06-10 22:33:40 - [MESSAGE][PASSED] - Object: 'Object Repository/HealthpostToCms/Page_HealthPost Store/button_Add' is clicked on

2018-06-10 22:33:40 - [TEST_STEP][PASSED] - delay: Delayed 2 second(s)

2018-06-10 22:33:42 - [MESSAGE][PASSED] - Delayed 2 second(s)

2018-06-10 22:33:42 - [TEST_STEP][PASSED] - selectOptionByIndex: All options with index in [11] are selected on object 'Object Repository/HealthpostToCms/Page_HealthPost Store/select_--Select--Schedule 1Inj'

2018-06-10 22:33:43 - [MESSAGE][PASSED] - All options with index in [11] are selected on object 'Object Repository/HealthpostToCms/Page_HealthPost Store/select_--Select--Schedule 1Inj'

2018-06-10 22:33:43 - [TEST_STEP][PASSED] - delay: Delayed 1 second(s)

2018-06-10 22:33:44 - [MESSAGE][PASSED] - Delayed 1 second(s)

2018-06-10 22:33:44 - [TEST_STEP][PASSED] - selectOptionByIndex: All options with index in [20] are selected on object 'Object Repository/HealthpostToCms/Page_HealthPost Store/select_--Select--Adernaline 0.'

2018-06-10 22:33:44 - [MESSAGE][PASSED] - All options with index in [20] are selected on object 'Object Repository/HealthpostToCms/Page_HealthPost Store/select_--Select--Adernaline 0.'

2018-06-10 22:33:44 - [TEST_STEP][PASSED] - setText: Text '100' is set on object 'Object Repository/HealthpostToCms/Page_HealthPost Store/input_txttreat'

2018-06-10 22:33:44 - [MESSAGE][PASSED] - Text '100' is set on object 'Object Repository/HealthpostToCms/Page_HealthPost Store/input_txttreat'

2018-06-10 22:33:44 - [TEST_STEP][PASSED] - click: Object: 'Object Repository/HealthpostToCms/Page_HealthPost Store/button_Add' is clicked on

2018-06-10 22:33:44 - [MESSAGE][PASSED] - Object: 'Object Repository/HealthpostToCms/Page_HealthPost Store/button_Add' is clicked on

2018-06-10 22:33:44 - [TEST_STEP][PASSED] - delay: Delayed 2 second(s)

2018-06-10 22:33:46 - [MESSAGE][PASSED] - Delayed 2 second(s)

2018-06-10 22:33:46 - [TEST_STEP][PASSED] - selectOptionByIndex: All options with index in [11] are selected on object 'Object Repository/HealthpostToCms/Page_HealthPost Store/select_--Select--Schedule 1Inj'

2018-06-10 22:33:46 - [MESSAGE][PASSED] - All options with index in [11] are selected on object 'Object Repository/HealthpostToCms/Page_HealthPost Store/select_--Select--Schedule 1Inj'

2018-06-10 22:33:46 - [TEST_STEP][PASSED] - delay: Delayed 1 second(s)

2018-06-10 22:33:47 - [MESSAGE][PASSED] - Delayed 1 second(s)

2018-06-10 22:33:47 - [TEST_STEP][PASSED] - selectOptionByIndex: All options with index in [21] are selected on object 'Object Repository/HealthpostToCms/Page_HealthPost Store/select_--Select--Adernaline 0.'

2018-06-10 22:33:48 - [MESSAGE][PASSED] - All options with index in [21] are selected on object 'Object Repository/HealthpostToCms/Page_HealthPost Store/select_--Select--Adernaline 0.'

2018-06-10 22:33:48 - [TEST_STEP][PASSED] - setText: Text '100' is set on object 'Object Repository/HealthpostToCms/Page_HealthPost Store/input_txttreat'

2018-06-10 22:33:48 - [MESSAGE][PASSED] - Text '100' is set on object 'Object Repository/HealthpostToCms/Page_HealthPost Store/input_txttreat'

2018-06-10 22:33:48 - [TEST_STEP][PASSED] - click: Object: 'Object Repository/HealthpostToCms/Page_HealthPost Store/button_Add' is clicked on

2018-06-10 22:33:48 - [MESSAGE][PASSED] - Object: 'Object Repository/HealthpostToCms/Page_HealthPost Store/button_Add' is clicked on

2018-06-10 22:33:48 - [TEST_STEP][PASSED] - delay: Delayed 2 second(s)

2018-06-10 22:33:50 - [MESSAGE][PASSED] - Delayed 2 second(s)

2018-06-10 22:33:50 - [TEST_STEP][PASSED] - selectOptionByIndex: All options with index in [11] are selected on object 'Object Repository/HealthpostToCms/Page_HealthPost Store/select_--Select--Schedule 1Inj'

2018-06-10 22:33:50 - [MESSAGE][PASSED] - All options with index in [11] are selected on object 'Object Repository/HealthpostToCms/Page_HealthPost Store/select_--Select--Schedule 1Inj'

2018-06-10 22:33:50 - [TEST_STEP][PASSED] - delay: Delayed 1 second(s)

2018-06-10 22:33:51 - [MESSAGE][PASSED] - Delayed 1 second(s)

2018-06-10 22:33:51 - [TEST_STEP][PASSED] - selectOptionByIndex: All options with index in [22] are selected on object 'Object Repository/HealthpostToCms/Page_HealthPost Store/select_--Select--Adernaline 0.'

2018-06-10 22:33:51 - [MESSAGE][PASSED] - All options with index in [22] are selected on object 'Object Repository/HealthpostToCms/Page_HealthPost Store/select_--Select--Adernaline 0.'

2018-06-10 22:33:51 - [TEST_STEP][PASSED] - setText: Text '100' is set on object 'Object Repository/HealthpostToCms/Page_HealthPost Store/input_txttreat'

2018-06-10 22:33:52 - [MESSAGE][PASSED] - Text '100' is set on object 'Object Repository/HealthpostToCms/Page_HealthPost Store/input_txttreat'

2018-06-10 22:33:52 - [TEST_STEP][PASSED] - click: Object: 'Object Repository/HealthpostToCms/Page_HealthPost Store/button_Add' is clicked on

2018-06-10 22:33:52 - [MESSAGE][PASSED] - Object: 'Object Repository/HealthpostToCms/Page_HealthPost Store/button_Add' is clicked on

2018-06-10 22:33:52 - [TEST_STEP][PASSED] - delay: Delayed 2 second(s)

2018-06-10 22:33:54 - [MESSAGE][PASSED] - Delayed 2 second(s)

2018-06-10 22:33:54 - [TEST_STEP][PASSED] - selectOptionByIndex: All options with index in [11] are selected on object 'Object Repository/HealthpostToCms/Page_HealthPost Store/select_--Select--Schedule 1Inj'

2018-06-10 22:33:54 - [MESSAGE][PASSED] - All options with index in [11] are selected on object 'Object Repository/HealthpostToCms/Page_HealthPost Store/select_--Select--Schedule 1Inj'

2018-06-10 22:33:54 - [TEST_STEP][PASSED] - delay: Delayed 1 second(s)

2018-06-10 22:33:55 - [MESSAGE][PASSED] - Delayed 1 second(s)

2018-06-10 22:33:55 - [TEST_STEP][PASSED] - selectOptionByIndex: All options with index in [23] are selected on object 'Object Repository/HealthpostToCms/Page_HealthPost Store/select_--Select--Adernaline 0.'

2018-06-10 22:33:55 - [MESSAGE][PASSED] - All options with index in [23] are selected on object 'Object Repository/HealthpostToCms/Page_HealthPost Store/select_--Select--Adernaline 0.'

2018-06-10 22:33:55 - [TEST_STEP][PASSED] - setText: Text '100' is set on object 'Object Repository/HealthpostToCms/Page_HealthPost Store/input_txttreat'

2018-06-10 22:33:55 - [MESSAGE][PASSED] - Text '100' is set on object 'Object Repository/HealthpostToCms/Page_HealthPost Store/input_txttreat'

2018-06-10 22:33:55 - [TEST_STEP][PASSED] - click: Object: 'Object Repository/HealthpostToCms/Page_HealthPost Store/button_Add' is clicked on

2018-06-10 22:33:55 - [MESSAGE][PASSED] - Object: 'Object Repository/HealthpostToCms/Page_HealthPost Store/button_Add' is clicked on

2018-06-10 22:33:55 - [TEST_STEP][PASSED] - delay: Delayed 2 second(s)

2018-06-10 22:33:57 - [MESSAGE][PASSED] - Delayed 2 second(s)

2018-06-10 22:33:57 - [TEST_STEP][PASSED] - selectOptionByIndex: All options with index in [11] are selected on object 'Object Repository/HealthpostToCms/Page_HealthPost Store/select_--Select--Schedule 1Inj'

2018-06-10 22:33:58 - [MESSAGE][PASSED] - All options with index in [11] are selected on object 'Object Repository/HealthpostToCms/Page_HealthPost Store/select_--Select--Schedule 1Inj'

2018-06-10 22:33:58 - [TEST_STEP][PASSED] - delay: Delayed 1 second(s)

2018-06-10 22:33:59 - [MESSAGE][PASSED] - Delayed 1 second(s)

2018-06-10 22:33:59 - [TEST_STEP][PASSED] - selectOptionByIndex: All options with index in [24] are selected on object 'Object Repository/HealthpostToCms/Page_HealthPost Store/select_--Select--Adernaline 0.'

2018-06-10 22:33:59 - [MESSAGE][PASSED] - All options with index in [24] are selected on object 'Object Repository/HealthpostToCms/Page_HealthPost Store/select_--Select--Adernaline 0.'

2018-06-10 22:33:59 - [TEST_STEP][PASSED] - setText: Text '100' is set on object 'Object Repository/HealthpostToCms/Page_HealthPost Store/input_txttreat'

2018-06-10 22:33:59 - [MESSAGE][PASSED] - Text '100' is set on object 'Object Repository/HealthpostToCms/Page_HealthPost Store/input_txttreat'

2018-06-10 22:33:59 - [TEST_STEP][PASSED] - click: Object: 'Object Repository/HealthpostToCms/Page_HealthPost Store/button_Add' is clicked on

2018-06-10 22:33:59 - [MESSAGE][PASSED] - Object: 'Object Repository/HealthpostToCms/Page_HealthPost Store/button_Add' is clicked on

2018-06-10 22:33:59 - [TEST_STEP][PASSED] - delay: Delayed 2 second(s)

2018-06-10 22:34:01 - [MESSAGE][PASSED] - Delayed 2 second(s)

2018-06-10 22:34:01 - [TEST_STEP][PASSED] - selectOptionByIndex: All options with index in [11] are selected on object 'Object Repository/HealthpostToCms/Page_HealthPost Store/select_--Select--Schedule 1Inj'

2018-06-10 22:34:01 - [MESSAGE][PASSED] - All options with index in [11] are selected on object 'Object Repository/HealthpostToCms/Page_HealthPost Store/select_--Select--Schedule 1Inj'

2018-06-10 22:34:01 - [TEST_STEP][PASSED] - delay: Delayed 1 second(s)

2018-06-10 22:34:02 - [MESSAGE][PASSED] - Delayed 1 second(s)

2018-06-10 22:34:02 - [TEST_STEP][PASSED] - selectOptionByIndex: All options with index in [25] are selected on object 'Object Repository/HealthpostToCms/Page_HealthPost Store/select_--Select--Adernaline 0.'

2018-06-10 22:34:03 - [MESSAGE][PASSED] - All options with index in [25] are selected on object 'Object Repository/HealthpostToCms/Page_HealthPost Store/select_--Select--Adernaline 0.'

2018-06-10 22:34:03 - [TEST_STEP][PASSED] - setText: Text '100' is set on object 'Object Repository/HealthpostToCms/Page_HealthPost Store/input_txttreat'

2018-06-10 22:34:03 - [MESSAGE][PASSED] - Text '100' is set on object 'Object Repository/HealthpostToCms/Page_HealthPost Store/input_txttreat'

2018-06-10 22:34:03 - [TEST_STEP][PASSED] - click: Object: 'Object Repository/HealthpostToCms/Page_HealthPost Store/button_Add' is clicked on

2018-06-10 22:34:03 - [MESSAGE][PASSED] - Object: 'Object Repository/HealthpostToCms/Page_HealthPost Store/button_Add' is clicked on

2018-06-10 22:34:03 - [TEST_STEP][PASSED] - delay: Delayed 2 second(s)

2018-06-10 22:34:05 - [MESSAGE][PASSED] - Delayed 2 second(s)

2018-06-10 22:34:05 - [TEST_STEP][PASSED] - selectOptionByIndex: All options with index in [11] are selected on object 'Object Repository/HealthpostToCms/Page_HealthPost Store/select_--Select--Schedule 1Inj'

2018-06-10 22:34:05 - [MESSAGE][PASSED] - All options with index in [11] are selected on object 'Object Repository/HealthpostToCms/Page_HealthPost Store/select_--Select--Schedule 1Inj'

2018-06-10 22:34:05 - [TEST_STEP][PASSED] - delay: Delayed 1 second(s)

2018-06-10 22:34:06 - [MESSAGE][PASSED] - Delayed 1 second(s)

2018-06-10 22:34:06 - [TEST_STEP][PASSED] - selectOptionByIndex: All options with index in [26] are selected on object 'Object Repository/HealthpostToCms/Page_HealthPost Store/select_--Select--Adernaline 0.'

2018-06-10 22:34:07 - [MESSAGE][PASSED] - All options with index in [26] are selected on object 'Object Repository/HealthpostToCms/Page_HealthPost Store/select_--Select--Adernaline 0.'

2018-06-10 22:34:07 - [TEST_STEP][PASSED] - setText: Text '100' is set on object 'Object Repository/HealthpostToCms/Page_HealthPost Store/input_txttreat'

2018-06-10 22:34:07 - [MESSAGE][PASSED] - Text '100' is set on object 'Object Repository/HealthpostToCms/Page_HealthPost Store/input_txttreat'

2018-06-10 22:34:07 - [TEST_STEP][PASSED] - click: Object: 'Object Repository/HealthpostToCms/Page_HealthPost Store/button_Add' is clicked on

2018-06-10 22:34:07 - [MESSAGE][PASSED] - Object: 'Object Repository/HealthpostToCms/Page_HealthPost Store/button_Add' is clicked on

2018-06-10 22:34:07 - [TEST_STEP][PASSED] - delay: Delayed 2 second(s)

2018-06-10 22:34:09 - [MESSAGE][PASSED] - Delayed 2 second(s)

2018-06-10 22:34:09 - [TEST_STEP][PASSED] - selectOptionByIndex: All options with index in [11] are selected on object 'Object Repository/HealthpostToCms/Page_HealthPost Store/select_--Select--Schedule 1Inj'

2018-06-10 22:34:09 - [MESSAGE][PASSED] - All options with index in [11] are selected on object 'Object Repository/HealthpostToCms/Page_HealthPost Store/select_--Select--Schedule 1Inj'

2018-06-10 22:34:09 - [TEST_STEP][PASSED] - delay: Delayed 1 second(s)

2018-06-10 22:34:10 - [MESSAGE][PASSED] - Delayed 1 second(s)

2018-06-10 22:34:10 - [TEST_STEP][PASSED] - selectOptionByIndex: All options with index in [27] are selected on object 'Object Repository/HealthpostToCms/Page_HealthPost Store/select_--Select--Adernaline 0.'

2018-06-10 22:34:10 - [MESSAGE][PASSED] - All options with index in [27] are selected on object 'Object Repository/HealthpostToCms/Page_HealthPost Store/select_--Select--Adernaline 0.'

2018-06-10 22:34:10 - [TEST_STEP][PASSED] - setText: Text '100' is set on object 'Object Repository/HealthpostToCms/Page_HealthPost Store/input_txttreat'

2018-06-10 22:34:11 - [MESSAGE][PASSED] - Text '100' is set on object 'Object Repository/HealthpostToCms/Page_HealthPost Store/input_txttreat'

2018-06-10 22:34:11 - [TEST_STEP][PASSED] - click: Object: 'Object Repository/HealthpostToCms/Page_HealthPost Store/button_Add' is clicked on

2018-06-10 22:34:11 - [MESSAGE][PASSED] - Object: 'Object Repository/HealthpostToCms/Page_HealthPost Store/button_Add' is clicked on

2018-06-10 22:34:11 - [TEST_STEP][PASSED] - delay: Delayed 2 second(s)

2018-06-10 22:34:13 - [MESSAGE][PASSED] - Delayed 2 second(s)

2018-06-10 22:34:13 - [TEST_STEP][PASSED] - selectOptionByIndex: All options with index in [11] are selected on object 'Object Repository/HealthpostToCms/Page_HealthPost Store/select_--Select--Schedule 1Inj'

2018-06-10 22:34:13 - [MESSAGE][PASSED] - All options with index in [11] are selected on object 'Object Repository/HealthpostToCms/Page_HealthPost Store/select_--Select--Schedule 1Inj'

2018-06-10 22:34:13 - [TEST_STEP][PASSED] - delay: Delayed 1 second(s)

2018-06-10 22:34:14 - [MESSAGE][PASSED] - Delayed 1 second(s)

2018-06-10 22:34:14 - [TEST_STEP][PASSED] - selectOptionByIndex: All options with index in [28] are selected on object 'Object Repository/HealthpostToCms/Page_HealthPost Store/select_--Select--Adernaline 0.'

2018-06-10 22:34:14 - [MESSAGE][PASSED] - All options with index in [28] are selected on object 'Object Repository/HealthpostToCms/Page_HealthPost Store/select_--Select--Adernaline 0.'

2018-06-10 22:34:14 - [TEST_STEP][PASSED] - setText: Text '100' is set on object 'Object Repository/HealthpostToCms/Page_HealthPost Store/input_txttreat'

2018-06-10 22:34:14 - [MESSAGE][PASSED] - Text '100' is set on object 'Object Repository/HealthpostToCms/Page_HealthPost Store/input_txttreat'

2018-06-10 22:34:14 - [TEST_STEP][PASSED] - click: Object: 'Object Repository/HealthpostToCms/Page_HealthPost Store/button_Add' is clicked on

2018-06-10 22:34:14 - [MESSAGE][PASSED] - Object: 'Object Repository/HealthpostToCms/Page_HealthPost Store/button_Add' is clicked on

2018-06-10 22:34:14 - [TEST_STEP][PASSED] - delay: Delayed 2 second(s)

2018-06-10 22:34:16 - [MESSAGE][PASSED] - Delayed 2 second(s)

2018-06-10 22:34:16 - [TEST_STEP][PASSED] - selectOptionByIndex: All options with index in [11] are selected on object 'Object Repository/HealthpostToCms/Page_HealthPost Store/select_--Select--Schedule 1Inj'

2018-06-10 22:34:17 - [MESSAGE][PASSED] - All options with index in [11] are selected on object 'Object Repository/HealthpostToCms/Page_HealthPost Store/select_--Select--Schedule 1Inj'

2018-06-10 22:34:17 - [TEST_STEP][PASSED] - delay: Delayed 1 second(s)

2018-06-10 22:34:18 - [MESSAGE][PASSED] - Delayed 1 second(s)

2018-06-10 22:34:18 - [TEST_STEP][PASSED] - selectOptionByIndex: All options with index in [29] are selected on object 'Object Repository/HealthpostToCms/Page_HealthPost Store/select_--Select--Adernaline 0.'

2018-06-10 22:34:18 - [MESSAGE][PASSED] - All options with index in [29] are selected on object 'Object Repository/HealthpostToCms/Page_HealthPost Store/select_--Select--Adernaline 0.'

2018-06-10 22:34:18 - [TEST_STEP][PASSED] - setText: Text '100' is set on object 'Object Repository/HealthpostToCms/Page_HealthPost Store/input_txttreat'

2018-06-10 22:34:18 - [MESSAGE][PASSED] - Text '100' is set on object 'Object Repository/HealthpostToCms/Page_HealthPost Store/input_txttreat'

2018-06-10 22:34:18 - [TEST_STEP][PASSED] - click: Object: 'Object Repository/HealthpostToCms/Page_HealthPost Store/button_Add' is clicked on

2018-06-10 22:34:18 - [MESSAGE][PASSED] - Object: 'Object Repository/HealthpostToCms/Page_HealthPost Store/button_Add' is clicked on

2018-06-10 22:34:18 - [TEST_STEP][PASSED] - delay: Delayed 2 second(s)

2018-06-10 22:34:20 - [MESSAGE][PASSED] - Delayed 2 second(s)

2018-06-10 22:34:20 - [TEST_STEP][PASSED] - selectOptionByIndex: All options with index in [11] are selected on object 'Object Repository/HealthpostToCms/Page_HealthPost Store/select_--Select--Schedule 1Inj'

2018-06-10 22:34:21 - [MESSAGE][PASSED] - All options with index in [11] are selected on object 'Object Repository/HealthpostToCms/Page_HealthPost Store/select_--Select--Schedule 1Inj'

2018-06-10 22:34:21 - [TEST_STEP][PASSED] - delay: Delayed 1 second(s)

2018-06-10 22:34:22 - [MESSAGE][PASSED] - Delayed 1 second(s)

2018-06-10 22:34:22 - [TEST_STEP][PASSED] - selectOptionByIndex: All options with index in [30] are selected on object 'Object Repository/HealthpostToCms/Page_HealthPost Store/select_--Select--Adernaline 0.'

2018-06-10 22:34:22 - [MESSAGE][PASSED] - All options with index in [30] are selected on object 'Object Repository/HealthpostToCms/Page_HealthPost Store/select_--Select--Adernaline 0.'

2018-06-10 22:34:22 - [TEST_STEP][PASSED] - setText: Text '100' is set on object 'Object Repository/HealthpostToCms/Page_HealthPost Store/input_txttreat'

2018-06-10 22:34:22 - [MESSAGE][PASSED] - Text '100' is set on object 'Object Repository/HealthpostToCms/Page_HealthPost Store/input_txttreat'

2018-06-10 22:34:22 - [TEST_STEP][PASSED] - click: Object: 'Object Repository/HealthpostToCms/Page_HealthPost Store/button_Add' is clicked on

2018-06-10 22:34:22 - [MESSAGE][PASSED] - Object: 'Object Repository/HealthpostToCms/Page_HealthPost Store/button_Add' is clicked on

2018-06-10 22:34:22 - [TEST_STEP][PASSED] - delay: Delayed 2 second(s)

2018-06-10 22:34:24 - [MESSAGE][PASSED] - Delayed 2 second(s)

2018-06-10 22:34:24 - [TEST_STEP][PASSED] - selectOptionByIndex: All options with index in [11] are selected on object 'Object Repository/HealthpostToCms/Page_HealthPost Store/select_--Select--Schedule 1Inj'

2018-06-10 22:34:24 - [MESSAGE][PASSED] - All options with index in [11] are selected on object 'Object Repository/HealthpostToCms/Page_HealthPost Store/select_--Select--Schedule 1Inj'

2018-06-10 22:34:24 - [TEST_STEP][PASSED] - delay: Delayed 1 second(s)

2018-06-10 22:34:25 - [MESSAGE][PASSED] - Delayed 1 second(s)

2018-06-10 22:34:25 - [TEST_STEP][PASSED] - selectOptionByIndex: All options with index in [31] are selected on object 'Object Repository/HealthpostToCms/Page_HealthPost Store/select_--Select--Adernaline 0.'

2018-06-10 22:34:26 - [MESSAGE][PASSED] - All options with index in [31] are selected on object 'Object Repository/HealthpostToCms/Page_HealthPost Store/select_--Select--Adernaline 0.'

2018-06-10 22:34:26 - [TEST_STEP][PASSED] - setText: Text '100' is set on object 'Object Repository/HealthpostToCms/Page_HealthPost Store/input_txttreat'

2018-06-10 22:34:26 - [MESSAGE][PASSED] - Text '100' is set on object 'Object Repository/HealthpostToCms/Page_HealthPost Store/input_txttreat'

2018-06-10 22:34:26 - [TEST_STEP][PASSED] - click: Object: 'Object Repository/HealthpostToCms/Page_HealthPost Store/button_Add' is clicked on

2018-06-10 22:34:26 - [MESSAGE][PASSED] - Object: 'Object Repository/HealthpostToCms/Page_HealthPost Store/button_Add' is clicked on

2018-06-10 22:34:26 - [TEST_STEP][PASSED] - delay: Delayed 2 second(s)

2018-06-10 22:34:28 - [MESSAGE][PASSED] - Delayed 2 second(s)

2018-06-10 22:34:28 - [TEST_STEP][PASSED] - selectOptionByIndex: All options with index in [11] are selected on object 'Object Repository/HealthpostToCms/Page_HealthPost Store/select_--Select--Schedule 1Inj'

2018-06-10 22:34:28 - [MESSAGE][PASSED] - All options with index in [11] are selected on object 'Object Repository/HealthpostToCms/Page_HealthPost Store/select_--Select--Schedule 1Inj'

2018-06-10 22:34:28 - [TEST_STEP][PASSED] - delay: Delayed 1 second(s)

2018-06-10 22:34:29 - [MESSAGE][PASSED] - Delayed 1 second(s)

2018-06-10 22:34:29 - [TEST_STEP][PASSED] - selectOptionByIndex: All options with index in [32] are selected on object 'Object Repository/HealthpostToCms/Page_HealthPost Store/select_--Select--Adernaline 0.'

2018-06-10 22:34:30 - [MESSAGE][PASSED] - All options with index in [32] are selected on object 'Object Repository/HealthpostToCms/Page_HealthPost Store/select_--Select--Adernaline 0.'

2018-06-10 22:34:30 - [TEST_STEP][PASSED] - setText: Text '100' is set on object 'Object Repository/HealthpostToCms/Page_HealthPost Store/input_txttreat'

2018-06-10 22:34:30 - [MESSAGE][PASSED] - Text '100' is set on object 'Object Repository/HealthpostToCms/Page_HealthPost Store/input_txttreat'

2018-06-10 22:34:30 - [TEST_STEP][PASSED] - click: Object: 'Object Repository/HealthpostToCms/Page_HealthPost Store/button_Add' is clicked on

2018-06-10 22:34:30 - [MESSAGE][PASSED] - Object: 'Object Repository/HealthpostToCms/Page_HealthPost Store/button_Add' is clicked on

2018-06-10 22:34:30 - [TEST_STEP][PASSED] - delay: Delayed 2 second(s)

2018-06-10 22:34:32 - [MESSAGE][PASSED] - Delayed 2 second(s)

2018-06-10 22:34:32 - [TEST_STEP][PASSED] - selectOptionByIndex: All options with index in [11] are selected on object 'Object Repository/HealthpostToCms/Page_HealthPost Store/select_--Select--Schedule 1Inj'

2018-06-10 22:34:32 - [MESSAGE][PASSED] - All options with index in [11] are selected on object 'Object Repository/HealthpostToCms/Page_HealthPost Store/select_--Select--Schedule 1Inj'

2018-06-10 22:34:32 - [TEST_STEP][PASSED] - delay: Delayed 1 second(s)

2018-06-10 22:34:33 - [MESSAGE][PASSED] - Delayed 1 second(s)

2018-06-10 22:34:33 - [TEST_STEP][PASSED] - selectOptionByIndex: All options with index in [33] are selected on object 'Object Repository/HealthpostToCms/Page_HealthPost Store/select_--Select--Adernaline 0.'

2018-06-10 22:34:34 - [MESSAGE][PASSED] - All options with index in [33] are selected on object 'Object Repository/HealthpostToCms/Page_HealthPost Store/select_--Select--Adernaline 0.'

2018-06-10 22:34:34 - [TEST_STEP][PASSED] - setText: Text '100' is set on object 'Object Repository/HealthpostToCms/Page_HealthPost Store/input_txttreat'

2018-06-10 22:34:34 - [MESSAGE][PASSED] - Text '100' is set on object 'Object Repository/HealthpostToCms/Page_HealthPost Store/input_txttreat'

2018-06-10 22:34:34 - [TEST_STEP][PASSED] - click: Object: 'Object Repository/HealthpostToCms/Page_HealthPost Store/button_Add' is clicked on

2018-06-10 22:34:34 - [MESSAGE][PASSED] - Object: 'Object Repository/HealthpostToCms/Page_HealthPost Store/button_Add' is clicked on

2018-06-10 22:34:34 - [TEST_STEP][PASSED] - delay: Delayed 2 second(s)

2018-06-10 22:34:36 - [MESSAGE][PASSED] - Delayed 2 second(s)

2018-06-10 22:34:36 - [TEST_STEP][PASSED] - selectOptionByIndex: All options with index in [11] are selected on object 'Object Repository/HealthpostToCms/Page_HealthPost Store/select_--Select--Schedule 1Inj'

2018-06-10 22:34:36 - [MESSAGE][PASSED] - All options with index in [11] are selected on object 'Object Repository/HealthpostToCms/Page_HealthPost Store/select_--Select--Schedule 1Inj'

2018-06-10 22:34:36 - [TEST_STEP][PASSED] - delay: Delayed 1 second(s)

2018-06-10 22:34:37 - [MESSAGE][PASSED] - Delayed 1 second(s)

2018-06-10 22:34:37 - [TEST_STEP][PASSED] - selectOptionByIndex: All options with index in [34] are selected on object 'Object Repository/HealthpostToCms/Page_HealthPost Store/select_--Select--Adernaline 0.'

2018-06-10 22:34:37 - [MESSAGE][PASSED] - All options with index in [34] are selected on object 'Object Repository/HealthpostToCms/Page_HealthPost Store/select_--Select--Adernaline 0.'

2018-06-10 22:34:37 - [TEST_STEP][PASSED] - setText: Text '100' is set on object 'Object Repository/HealthpostToCms/Page_HealthPost Store/input_txttreat'

2018-06-10 22:34:38 - [MESSAGE][PASSED] - Text '100' is set on object 'Object Repository/HealthpostToCms/Page_HealthPost Store/input_txttreat'

2018-06-10 22:34:38 - [TEST_STEP][PASSED] - click: Object: 'Object Repository/HealthpostToCms/Page_HealthPost Store/button_Add' is clicked on

2018-06-10 22:34:38 - [MESSAGE][PASSED] - Object: 'Object Repository/HealthpostToCms/Page_HealthPost Store/button_Add' is clicked on

2018-06-10 22:34:38 - [TEST_STEP][PASSED] - delay: Delayed 2 second(s)

2018-06-10 22:34:40 - [MESSAGE][PASSED] - Delayed 2 second(s)

2018-06-10 22:34:40 - [TEST_STEP][PASSED] - selectOptionByIndex: All options with index in [11] are selected on object 'Object Repository/HealthpostToCms/Page_HealthPost Store/select_--Select--Schedule 1Inj'

2018-06-10 22:34:40 - [MESSAGE][PASSED] - All options with index in [11] are selected on object 'Object Repository/HealthpostToCms/Page_HealthPost Store/select_--Select--Schedule 1Inj'

2018-06-10 22:34:40 - [TEST_STEP][PASSED] - delay: Delayed 1 second(s)

2018-06-10 22:34:41 - [MESSAGE][PASSED] - Delayed 1 second(s)

2018-06-10 22:34:41 - [TEST_STEP][PASSED] - selectOptionByIndex: All options with index in [35] are selected on object 'Object Repository/HealthpostToCms/Page_HealthPost Store/select_--Select--Adernaline 0.'

2018-06-10 22:34:41 - [MESSAGE][PASSED] - All options with index in [35] are selected on object 'Object Repository/HealthpostToCms/Page_HealthPost Store/select_--Select--Adernaline 0.'

2018-06-10 22:34:41 - [TEST_STEP][PASSED] - setText: Text '100' is set on object 'Object Repository/HealthpostToCms/Page_HealthPost Store/input_txttreat'

2018-06-10 22:34:41 - [MESSAGE][PASSED] - Text '100' is set on object 'Object Repository/HealthpostToCms/Page_HealthPost Store/input_txttreat'

2018-06-10 22:34:41 - [TEST_STEP][PASSED] - click: Object: 'Object Repository/HealthpostToCms/Page_HealthPost Store/button_Add' is clicked on

2018-06-10 22:34:41 - [MESSAGE][PASSED] - Object: 'Object Repository/HealthpostToCms/Page_HealthPost Store/button_Add' is clicked on

2018-06-10 22:34:41 - [TEST_STEP][PASSED] - delay: Delayed 2 second(s)

2018-06-10 22:34:43 - [MESSAGE][PASSED] - Delayed 2 second(s)

2018-06-10 22:34:43 - [TEST_STEP][PASSED] - selectOptionByIndex: All options with index in [11] are selected on object 'Object Repository/HealthpostToCms/Page_HealthPost Store/select_--Select--Schedule 1Inj'

2018-06-10 22:34:44 - [MESSAGE][PASSED] - All options with index in [11] are selected on object 'Object Repository/HealthpostToCms/Page_HealthPost Store/select_--Select--Schedule 1Inj'

2018-06-10 22:34:44 - [TEST_STEP][PASSED] - delay: Delayed 1 second(s)

2018-06-10 22:34:45 - [MESSAGE][PASSED] - Delayed 1 second(s)

2018-06-10 22:34:45 - [TEST_STEP][PASSED] - selectOptionByIndex: All options with index in [36] are selected on object 'Object Repository/HealthpostToCms/Page_HealthPost Store/select_--Select--Adernaline 0.'

2018-06-10 22:34:45 - [MESSAGE][PASSED] - All options with index in [36] are selected on object 'Object Repository/HealthpostToCms/Page_HealthPost Store/select_--Select--Adernaline 0.'

2018-06-10 22:34:45 - [TEST_STEP][PASSED] - setText: Text '100' is set on object 'Object Repository/HealthpostToCms/Page_HealthPost Store/input_txttreat'

2018-06-10 22:34:45 - [MESSAGE][PASSED] - Text '100' is set on object 'Object Repository/HealthpostToCms/Page_HealthPost Store/input_txttreat'

2018-06-10 22:34:45 - [TEST_STEP][PASSED] - click: Object: 'Object Repository/HealthpostToCms/Page_HealthPost Store/button_Add' is clicked on

2018-06-10 22:34:45 - [MESSAGE][PASSED] - Object: 'Object Repository/HealthpostToCms/Page_HealthPost Store/button_Add' is clicked on

2018-06-10 22:34:45 - [TEST_STEP][PASSED] - delay: Delayed 2 second(s)

2018-06-10 22:34:47 - [MESSAGE][PASSED] - Delayed 2 second(s)

2018-06-10 22:34:47 - [TEST_STEP][PASSED] - selectOptionByIndex: All options with index in [11] are selected on object 'Object Repository/HealthpostToCms/Page_HealthPost Store/select_--Select--Schedule 1Inj'

2018-06-10 22:34:48 - [MESSAGE][PASSED] - All options with index in [11] are selected on object 'Object Repository/HealthpostToCms/Page_HealthPost Store/select_--Select--Schedule 1Inj'

2018-06-10 22:34:48 - [TEST_STEP][PASSED] - delay: Delayed 1 second(s)

2018-06-10 22:34:49 - [MESSAGE][PASSED] - Delayed 1 second(s)

2018-06-10 22:34:49 - [TEST_STEP][PASSED] - selectOptionByIndex: All options with index in [37] are selected on object 'Object Repository/HealthpostToCms/Page_HealthPost Store/select_--Select--Adernaline 0.'

2018-06-10 22:34:49 - [MESSAGE][PASSED] - All options with index in [37] are selected on object 'Object Repository/HealthpostToCms/Page_HealthPost Store/select_--Select--Adernaline 0.'

2018-06-10 22:34:49 - [TEST_STEP][PASSED] - setText: Text '100' is set on object 'Object Repository/HealthpostToCms/Page_HealthPost Store/input_txttreat'

2018-06-10 22:34:49 - [MESSAGE][PASSED] - Text '100' is set on object 'Object Repository/HealthpostToCms/Page_HealthPost Store/input_txttreat'

2018-06-10 22:34:49 - [TEST_STEP][PASSED] - click: Object: 'Object Repository/HealthpostToCms/Page_HealthPost Store/button_Add' is clicked on

2018-06-10 22:34:49 - [MESSAGE][PASSED] - Object: 'Object Repository/HealthpostToCms/Page_HealthPost Store/button_Add' is clicked on

2018-06-10 22:34:49 - [TEST_STEP][PASSED] - delay: Delayed 2 second(s)

2018-06-10 22:34:51 - [MESSAGE][PASSED] - Delayed 2 second(s)

2018-06-10 22:34:51 - [TEST_STEP][PASSED] - selectOptionByIndex: All options with index in [11] are selected on object 'Object Repository/HealthpostToCms/Page_HealthPost Store/select_--Select--Schedule 1Inj'

2018-06-10 22:34:52 - [MESSAGE][PASSED] - All options with index in [11] are selected on object 'Object Repository/HealthpostToCms/Page_HealthPost Store/select_--Select--Schedule 1Inj'

2018-06-10 22:34:52 - [TEST_STEP][PASSED] - delay: Delayed 1 second(s)

2018-06-10 22:34:53 - [MESSAGE][PASSED] - Delayed 1 second(s)

2018-06-10 22:34:53 - [TEST_STEP][PASSED] - selectOptionByIndex: All options with index in [38] are selected on object 'Object Repository/HealthpostToCms/Page_HealthPost Store/select_--Select--Adernaline 0.'

2018-06-10 22:34:53 - [MESSAGE][PASSED] - All options with index in [38] are selected on object 'Object Repository/HealthpostToCms/Page_HealthPost Store/select_--Select--Adernaline 0.'

2018-06-10 22:34:53 - [TEST_STEP][PASSED] - setText: Text '100' is set on object 'Object Repository/HealthpostToCms/Page_HealthPost Store/input_txttreat'

2018-06-10 22:34:53 - [MESSAGE][PASSED] - Text '100' is set on object 'Object Repository/HealthpostToCms/Page_HealthPost Store/input_txttreat'

2018-06-10 22:34:53 - [TEST_STEP][PASSED] - click: Object: 'Object Repository/HealthpostToCms/Page_HealthPost Store/button_Add' is clicked on

2018-06-10 22:34:53 - [MESSAGE][PASSED] - Object: 'Object Repository/HealthpostToCms/Page_HealthPost Store/button_Add' is clicked on

2018-06-10 22:34:53 - [TEST_STEP][PASSED] - delay: Delayed 2 second(s)

2018-06-10 22:34:55 - [MESSAGE][PASSED] - Delayed 2 second(s)

2018-06-10 22:34:55 - [TEST_STEP][PASSED] - selectOptionByIndex: All options with index in [11] are selected on object 'Object Repository/HealthpostToCms/Page_HealthPost Store/select_--Select--Schedule 1Inj'

2018-06-10 22:34:56 - [MESSAGE][PASSED] - All options with index in [11] are selected on object 'Object Repository/HealthpostToCms/Page_HealthPost Store/select_--Select--Schedule 1Inj'

2018-06-10 22:34:56 - [TEST_STEP][PASSED] - delay: Delayed 1 second(s)

2018-06-10 22:34:57 - [MESSAGE][PASSED] - Delayed 1 second(s)

2018-06-10 22:34:57 - [TEST_STEP][PASSED] - selectOptionByIndex: All options with index in [39] are selected on object 'Object Repository/HealthpostToCms/Page_HealthPost Store/select_--Select--Adernaline 0.'

2018-06-10 22:34:57 - [MESSAGE][PASSED] - All options with index in [39] are selected on object 'Object Repository/HealthpostToCms/Page_HealthPost Store/select_--Select--Adernaline 0.'

2018-06-10 22:34:57 - [TEST_STEP][PASSED] - setText: Text '100' is set on object 'Object Repository/HealthpostToCms/Page_HealthPost Store/input_txttreat'

2018-06-10 22:34:57 - [MESSAGE][PASSED] - Text '100' is set on object 'Object Repository/HealthpostToCms/Page_HealthPost Store/input_txttreat'

2018-06-10 22:34:57 - [TEST_STEP][PASSED] - click: Object: 'Object Repository/HealthpostToCms/Page_HealthPost Store/button_Add' is clicked on

2018-06-10 22:34:57 - [MESSAGE][PASSED] - Object: 'Object Repository/HealthpostToCms/Page_HealthPost Store/button_Add' is clicked on

2018-06-10 22:34:57 - [TEST_STEP][PASSED] - delay: Delayed 2 second(s)

2018-06-10 22:34:59 - [MESSAGE][PASSED] - Delayed 2 second(s)

2018-06-10 22:34:59 - [TEST_STEP][PASSED] - selectOptionByIndex: All options with index in [11] are selected on object 'Object Repository/HealthpostToCms/Page_HealthPost Store/select_--Select--Schedule 1Inj'

2018-06-10 22:35:00 - [MESSAGE][PASSED] - All options with index in [11] are selected on object 'Object Repository/HealthpostToCms/Page_HealthPost Store/select_--Select--Schedule 1Inj'

2018-06-10 22:35:00 - [TEST_STEP][PASSED] - delay: Delayed 1 second(s)

2018-06-10 22:35:01 - [MESSAGE][PASSED] - Delayed 1 second(s)

2018-06-10 22:35:01 - [TEST_STEP][PASSED] - selectOptionByIndex: All options with index in [40] are selected on object 'Object Repository/HealthpostToCms/Page_HealthPost Store/select_--Select--Adernaline 0.'

2018-06-10 22:35:01 - [MESSAGE][PASSED] - All options with index in [40] are selected on object 'Object Repository/HealthpostToCms/Page_HealthPost Store/select_--Select--Adernaline 0.'

2018-06-10 22:35:01 - [TEST_STEP][PASSED] - setText: Text '100' is set on object 'Object Repository/HealthpostToCms/Page_HealthPost Store/input_txttreat'

2018-06-10 22:35:01 - [MESSAGE][PASSED] - Text '100' is set on object 'Object Repository/HealthpostToCms/Page_HealthPost Store/input_txttreat'

2018-06-10 22:35:01 - [TEST_STEP][PASSED] - click: Object: 'Object Repository/HealthpostToCms/Page_HealthPost Store/button_Add' is clicked on

2018-06-10 22:35:01 - [MESSAGE][PASSED] - Object: 'Object Repository/HealthpostToCms/Page_HealthPost Store/button_Add' is clicked on

2018-06-10 22:35:01 - [TEST_STEP][PASSED] - delay: Delayed 2 second(s)

2018-06-10 22:35:03 - [MESSAGE][PASSED] - Delayed 2 second(s)

2018-06-10 22:35:03 - [TEST_STEP][PASSED] - selectOptionByIndex: All options with index in [11] are selected on object 'Object Repository/HealthpostToCms/Page_HealthPost Store/select_--Select--Schedule 1Inj'

2018-06-10 22:35:03 - [MESSAGE][PASSED] - All options with index in [11] are selected on object 'Object Repository/HealthpostToCms/Page_HealthPost Store/select_--Select--Schedule 1Inj'

2018-06-10 22:35:03 - [TEST_STEP][PASSED] - delay: Delayed 1 second(s)

2018-06-10 22:35:04 - [MESSAGE][PASSED] - Delayed 1 second(s)

2018-06-10 22:35:04 - [TEST_STEP][PASSED] - selectOptionByIndex: All options with index in [41] are selected on object 'Object Repository/HealthpostToCms/Page_HealthPost Store/select_--Select--Adernaline 0.'

2018-06-10 22:35:05 - [MESSAGE][PASSED] - All options with index in [41] are selected on object 'Object Repository/HealthpostToCms/Page_HealthPost Store/select_--Select--Adernaline 0.'

2018-06-10 22:35:05 - [TEST_STEP][PASSED] - setText: Text '100' is set on object 'Object Repository/HealthpostToCms/Page_HealthPost Store/input_txttreat'

2018-06-10 22:35:05 - [MESSAGE][PASSED] - Text '100' is set on object 'Object Repository/HealthpostToCms/Page_HealthPost Store/input_txttreat'

2018-06-10 22:35:05 - [TEST_STEP][PASSED] - click: Object: 'Object Repository/HealthpostToCms/Page_HealthPost Store/button_Add' is clicked on

2018-06-10 22:35:05 - [MESSAGE][PASSED] - Object: 'Object Repository/HealthpostToCms/Page_HealthPost Store/button_Add' is clicked on

2018-06-10 22:35:05 - [TEST_STEP][PASSED] - delay: Delayed 2 second(s)

2018-06-10 22:35:07 - [MESSAGE][PASSED] - Delayed 2 second(s)

2018-06-10 22:35:07 - [TEST_STEP][PASSED] - selectOptionByIndex: All options with index in [11] are selected on object 'Object Repository/HealthpostToCms/Page_HealthPost Store/select_--Select--Schedule 1Inj'

2018-06-10 22:35:07 - [MESSAGE][PASSED] - All options with index in [11] are selected on object 'Object Repository/HealthpostToCms/Page_HealthPost Store/select_--Select--Schedule 1Inj'

2018-06-10 22:35:07 - [TEST_STEP][PASSED] - delay: Delayed 1 second(s)

2018-06-10 22:35:08 - [MESSAGE][PASSED] - Delayed 1 second(s)

2018-06-10 22:35:08 - [TEST_STEP][PASSED] - selectOptionByIndex: All options with index in [42] are selected on object 'Object Repository/HealthpostToCms/Page_HealthPost Store/select_--Select--Adernaline 0.'

2018-06-10 22:35:09 - [MESSAGE][PASSED] - All options with index in [42] are selected on object 'Object Repository/HealthpostToCms/Page_HealthPost Store/select_--Select--Adernaline 0.'

2018-06-10 22:35:09 - [TEST_STEP][PASSED] - setText: Text '100' is set on object 'Object Repository/HealthpostToCms/Page_HealthPost Store/input_txttreat'

2018-06-10 22:35:09 - [MESSAGE][PASSED] - Text '100' is set on object 'Object Repository/HealthpostToCms/Page_HealthPost Store/input_txttreat'

2018-06-10 22:35:09 - [TEST_STEP][PASSED] - click: Object: 'Object Repository/HealthpostToCms/Page_HealthPost Store/button_Add' is clicked on

2018-06-10 22:35:09 - [MESSAGE][PASSED] - Object: 'Object Repository/HealthpostToCms/Page_HealthPost Store/button_Add' is clicked on

2018-06-10 22:35:09 - [TEST_STEP][PASSED] - delay: Delayed 2 second(s)

2018-06-10 22:35:11 - [MESSAGE][PASSED] - Delayed 2 second(s)

2018-06-10 22:35:11 - [TEST_STEP][PASSED] - selectOptionByIndex: All options with index in [11] are selected on object 'Object Repository/HealthpostToCms/Page_HealthPost Store/select_--Select--Schedule 1Inj'

2018-06-10 22:35:11 - [MESSAGE][PASSED] - All options with index in [11] are selected on object 'Object Repository/HealthpostToCms/Page_HealthPost Store/select_--Select--Schedule 1Inj'

2018-06-10 22:35:11 - [TEST_STEP][PASSED] - delay: Delayed 1 second(s)

2018-06-10 22:35:12 - [MESSAGE][PASSED] - Delayed 1 second(s)

2018-06-10 22:35:12 - [TEST_STEP][PASSED] - selectOptionByIndex: All options with index in [43] are selected on object 'Object Repository/HealthpostToCms/Page_HealthPost Store/select_--Select--Adernaline 0.'

2018-06-10 22:35:13 - [MESSAGE][PASSED] - All options with index in [43] are selected on object 'Object Repository/HealthpostToCms/Page_HealthPost Store/select_--Select--Adernaline 0.'

2018-06-10 22:35:13 - [TEST_STEP][PASSED] - setText: Text '100' is set on object 'Object Repository/HealthpostToCms/Page_HealthPost Store/input_txttreat'

2018-06-10 22:35:13 - [MESSAGE][PASSED] - Text '100' is set on object 'Object Repository/HealthpostToCms/Page_HealthPost Store/input_txttreat'

2018-06-10 22:35:13 - [TEST_STEP][PASSED] - click: Object: 'Object Repository/HealthpostToCms/Page_HealthPost Store/button_Add' is clicked on

2018-06-10 22:35:13 - [MESSAGE][PASSED] - Object: 'Object Repository/HealthpostToCms/Page_HealthPost Store/button_Add' is clicked on

2018-06-10 22:35:13 - [TEST_STEP][PASSED] - delay: Delayed 2 second(s)

2018-06-10 22:35:15 - [MESSAGE][PASSED] - Delayed 2 second(s)

2018-06-10 22:35:15 - [TEST_STEP][PASSED] - selectOptionByIndex: All options with index in [11] are selected on object 'Object Repository/HealthpostToCms/Page_HealthPost Store/select_--Select--Schedule 1Inj'

2018-06-10 22:35:15 - [MESSAGE][PASSED] - All options with index in [11] are selected on object 'Object Repository/HealthpostToCms/Page_HealthPost Store/select_--Select--Schedule 1Inj'

2018-06-10 22:35:15 - [TEST_STEP][PASSED] - delay: Delayed 1 second(s)

2018-06-10 22:35:16 - [MESSAGE][PASSED] - Delayed 1 second(s)

2018-06-10 22:35:16 - [TEST_STEP][PASSED] - selectOptionByIndex: All options with index in [44] are selected on object 'Object Repository/HealthpostToCms/Page_HealthPost Store/select_--Select--Adernaline 0.'

2018-06-10 22:35:17 - [MESSAGE][PASSED] - All options with index in [44] are selected on object 'Object Repository/HealthpostToCms/Page_HealthPost Store/select_--Select--Adernaline 0.'

2018-06-10 22:35:17 - [TEST_STEP][PASSED] - setText: Text '100' is set on object 'Object Repository/HealthpostToCms/Page_HealthPost Store/input_txttreat'

2018-06-10 22:35:17 - [MESSAGE][PASSED] - Text '100' is set on object 'Object Repository/HealthpostToCms/Page_HealthPost Store/input_txttreat'

2018-06-10 22:35:17 - [TEST_STEP][PASSED] - click: Object: 'Object Repository/HealthpostToCms/Page_HealthPost Store/button_Add' is clicked on

2018-06-10 22:35:17 - [MESSAGE][PASSED] - Object: 'Object Repository/HealthpostToCms/Page_HealthPost Store/button_Add' is clicked on

2018-06-10 22:35:17 - [TEST_STEP][PASSED] - delay: Delayed 2 second(s)

2018-06-10 22:35:19 - [MESSAGE][PASSED] - Delayed 2 second(s)

2018-06-10 22:35:19 - [TEST_STEP][PASSED] - selectOptionByIndex: All options with index in [11] are selected on object 'Object Repository/HealthpostToCms/Page_HealthPost Store/select_--Select--Schedule 1Inj'

2018-06-10 22:35:19 - [MESSAGE][PASSED] - All options with index in [11] are selected on object 'Object Repository/HealthpostToCms/Page_HealthPost Store/select_--Select--Schedule 1Inj'

2018-06-10 22:35:19 - [TEST_STEP][PASSED] - delay: Delayed 1 second(s)

2018-06-10 22:35:20 - [MESSAGE][PASSED] - Delayed 1 second(s)

2018-06-10 22:35:20 - [TEST_STEP][PASSED] - selectOptionByIndex: All options with index in [45] are selected on object 'Object Repository/HealthpostToCms/Page_HealthPost Store/select_--Select--Adernaline 0.'

2018-06-10 22:35:21 - [MESSAGE][PASSED] - All options with index in [45] are selected on object 'Object Repository/HealthpostToCms/Page_HealthPost Store/select_--Select--Adernaline 0.'

2018-06-10 22:35:21 - [TEST_STEP][PASSED] - setText: Text '100' is set on object 'Object Repository/HealthpostToCms/Page_HealthPost Store/input_txttreat'

2018-06-10 22:35:21 - [MESSAGE][PASSED] - Text '100' is set on object 'Object Repository/HealthpostToCms/Page_HealthPost Store/input_txttreat'

2018-06-10 22:35:21 - [TEST_STEP][PASSED] - click: Object: 'Object Repository/HealthpostToCms/Page_HealthPost Store/button_Add' is clicked on

2018-06-10 22:35:21 - [MESSAGE][PASSED] - Object: 'Object Repository/HealthpostToCms/Page_HealthPost Store/button_Add' is clicked on

2018-06-10 22:35:21 - [TEST_STEP][PASSED] - delay: Delayed 2 second(s)

2018-06-10 22:35:23 - [MESSAGE][PASSED] - Delayed 2 second(s)

2018-06-10 22:35:23 - [TEST_STEP][PASSED] - selectOptionByIndex: All options with index in [11] are selected on object 'Object Repository/HealthpostToCms/Page_HealthPost Store/select_--Select--Schedule 1Inj'

2018-06-10 22:35:23 - [MESSAGE][PASSED] - All options with index in [11] are selected on object 'Object Repository/HealthpostToCms/Page_HealthPost Store/select_--Select--Schedule 1Inj'

2018-06-10 22:35:23 - [TEST_STEP][PASSED] - delay: Delayed 1 second(s)

2018-06-10 22:35:24 - [MESSAGE][PASSED] - Delayed 1 second(s)

2018-06-10 22:35:24 - [TEST_STEP][PASSED] - selectOptionByIndex: All options with index in [46] are selected on object 'Object Repository/HealthpostToCms/Page_HealthPost Store/select_--Select--Adernaline 0.'

2018-06-10 22:35:25 - [MESSAGE][PASSED] - All options with index in [46] are selected on object 'Object Repository/HealthpostToCms/Page_HealthPost Store/select_--Select--Adernaline 0.'

2018-06-10 22:35:25 - [TEST_STEP][PASSED] - setText: Text '100' is set on object 'Object Repository/HealthpostToCms/Page_HealthPost Store/input_txttreat'

2018-06-10 22:35:25 - [MESSAGE][PASSED] - Text '100' is set on object 'Object Repository/HealthpostToCms/Page_HealthPost Store/input_txttreat'

2018-06-10 22:35:25 - [TEST_STEP][PASSED] - click: Object: 'Object Repository/HealthpostToCms/Page_HealthPost Store/button_Add' is clicked on

2018-06-10 22:35:25 - [MESSAGE][PASSED] - Object: 'Object Repository/HealthpostToCms/Page_HealthPost Store/button_Add' is clicked on

2018-06-10 22:35:25 - [TEST_STEP][PASSED] - delay: Delayed 2 second(s)

2018-06-10 22:35:27 - [MESSAGE][PASSED] - Delayed 2 second(s)

2018-06-10 22:35:27 - [TEST_STEP][PASSED] - selectOptionByIndex: All options with index in [11] are selected on object 'Object Repository/HealthpostToCms/Page_HealthPost Store/select_--Select--Schedule 1Inj'

2018-06-10 22:35:27 - [MESSAGE][PASSED] - All options with index in [11] are selected on object 'Object Repository/HealthpostToCms/Page_HealthPost Store/select_--Select--Schedule 1Inj'

2018-06-10 22:35:27 - [TEST_STEP][PASSED] - delay: Delayed 1 second(s)

2018-06-10 22:35:28 - [MESSAGE][PASSED] - Delayed 1 second(s)

2018-06-10 22:35:28 - [TEST_STEP][PASSED] - selectOptionByIndex: All options with index in [47] are selected on object 'Object Repository/HealthpostToCms/Page_HealthPost Store/select_--Select--Adernaline 0.'

2018-06-10 22:35:29 - [MESSAGE][PASSED] - All options with index in [47] are selected on object 'Object Repository/HealthpostToCms/Page_HealthPost Store/select_--Select--Adernaline 0.'

2018-06-10 22:35:29 - [TEST_STEP][PASSED] - setText: Text '100' is set on object 'Object Repository/HealthpostToCms/Page_HealthPost Store/input_txttreat'

2018-06-10 22:35:29 - [MESSAGE][PASSED] - Text '100' is set on object 'Object Repository/HealthpostToCms/Page_HealthPost Store/input_txttreat'

2018-06-10 22:35:29 - [TEST_STEP][PASSED] - click: Object: 'Object Repository/HealthpostToCms/Page_HealthPost Store/button_Add' is clicked on

2018-06-10 22:35:29 - [MESSAGE][PASSED] - Object: 'Object Repository/HealthpostToCms/Page_HealthPost Store/button_Add' is clicked on

2018-06-10 22:35:29 - [TEST_STEP][PASSED] - delay: Delayed 2 second(s)

2018-06-10 22:35:31 - [MESSAGE][PASSED] - Delayed 2 second(s)

2018-06-10 22:35:31 - [TEST_STEP][PASSED] - selectOptionByIndex: All options with index in [11] are selected on object 'Object Repository/HealthpostToCms/Page_HealthPost Store/select_--Select--Schedule 1Inj'

2018-06-10 22:35:31 - [MESSAGE][PASSED] - All options with index in [11] are selected on object 'Object Repository/HealthpostToCms/Page_HealthPost Store/select_--Select--Schedule 1Inj'

2018-06-10 22:35:31 - [TEST_STEP][PASSED] - delay: Delayed 1 second(s)

2018-06-10 22:35:32 - [MESSAGE][PASSED] - Delayed 1 second(s)

2018-06-10 22:35:32 - [TEST_STEP][PASSED] - selectOptionByIndex: All options with index in [48] are selected on object 'Object Repository/HealthpostToCms/Page_HealthPost Store/select_--Select--Adernaline 0.'

2018-06-10 22:35:33 - [MESSAGE][PASSED] - All options with index in [48] are selected on object 'Object Repository/HealthpostToCms/Page_HealthPost Store/select_--Select--Adernaline 0.'

2018-06-10 22:35:33 - [TEST_STEP][PASSED] - setText: Text '100' is set on object 'Object Repository/HealthpostToCms/Page_HealthPost Store/input_txttreat'

2018-06-10 22:35:33 - [MESSAGE][PASSED] - Text '100' is set on object 'Object Repository/HealthpostToCms/Page_HealthPost Store/input_txttreat'

2018-06-10 22:35:33 - [TEST_STEP][PASSED] - click: Object: 'Object Repository/HealthpostToCms/Page_HealthPost Store/button_Add' is clicked on

2018-06-10 22:35:33 - [MESSAGE][PASSED] - Object: 'Object Repository/HealthpostToCms/Page_HealthPost Store/button_Add' is clicked on

2018-06-10 22:35:33 - [TEST_STEP][PASSED] - delay: Delayed 2 second(s)

2018-06-10 22:35:35 - [MESSAGE][PASSED] - Delayed 2 second(s)

2018-06-10 22:35:35 - [TEST_STEP][PASSED] - selectOptionByIndex: All options with index in [11] are selected on object 'Object Repository/HealthpostToCms/Page_HealthPost Store/select_--Select--Schedule 1Inj'

2018-06-10 22:35:35 - [MESSAGE][PASSED] - All options with index in [11] are selected on object 'Object Repository/HealthpostToCms/Page_HealthPost Store/select_--Select--Schedule 1Inj'

2018-06-10 22:35:35 - [TEST_STEP][PASSED] - delay: Delayed 1 second(s)

2018-06-10 22:35:36 - [MESSAGE][PASSED] - Delayed 1 second(s)

2018-06-10 22:35:36 - [TEST_STEP][PASSED] - selectOptionByIndex: All options with index in [49] are selected on object 'Object Repository/HealthpostToCms/Page_HealthPost Store/select_--Select--Adernaline 0.'

2018-06-10 22:35:37 - [MESSAGE][PASSED] - All options with index in [49] are selected on object 'Object Repository/HealthpostToCms/Page_HealthPost Store/select_--Select--Adernaline 0.'

2018-06-10 22:35:37 - [TEST_STEP][PASSED] - setText: Text '100' is set on object 'Object Repository/HealthpostToCms/Page_HealthPost Store/input_txttreat'

2018-06-10 22:35:37 - [MESSAGE][PASSED] - Text '100' is set on object 'Object Repository/HealthpostToCms/Page_HealthPost Store/input_txttreat'

2018-06-10 22:35:37 - [TEST_STEP][PASSED] - click: Object: 'Object Repository/HealthpostToCms/Page_HealthPost Store/button_Add' is clicked on

2018-06-10 22:35:37 - [MESSAGE][PASSED] - Object: 'Object Repository/HealthpostToCms/Page_HealthPost Store/button_Add' is clicked on

2018-06-10 22:35:37 - [TEST_STEP][PASSED] - delay: Delayed 2 second(s)

2018-06-10 22:35:39 - [MESSAGE][PASSED] - Delayed 2 second(s)

2018-06-10 22:35:39 - [TEST_STEP][PASSED] - selectOptionByIndex: All options with index in [11] are selected on object 'Object Repository/HealthpostToCms/Page_HealthPost Store/select_--Select--Schedule 1Inj'

2018-06-10 22:35:39 - [MESSAGE][PASSED] - All options with index in [11] are selected on object 'Object Repository/HealthpostToCms/Page_HealthPost Store/select_--Select--Schedule 1Inj'

2018-06-10 22:35:39 - [TEST_STEP][PASSED] - delay: Delayed 1 second(s)

2018-06-10 22:35:40 - [MESSAGE][PASSED] - Delayed 1 second(s)

2018-06-10 22:35:40 - [TEST_STEP][PASSED] - selectOptionByIndex: All options with index in [50] are selected on object 'Object Repository/HealthpostToCms/Page_HealthPost Store/select_--Select--Adernaline 0.'

2018-06-10 22:35:41 - [MESSAGE][PASSED] - All options with index in [50] are selected on object 'Object Repository/HealthpostToCms/Page_HealthPost Store/select_--Select--Adernaline 0.'

2018-06-10 22:35:41 - [TEST_STEP][PASSED] - setText: Text '100' is set on object 'Object Repository/HealthpostToCms/Page_HealthPost Store/input_txttreat'

2018-06-10 22:35:41 - [MESSAGE][PASSED] - Text '100' is set on object 'Object Repository/HealthpostToCms/Page_HealthPost Store/input_txttreat'

2018-06-10 22:35:41 - [TEST_STEP][PASSED] - click: Object: 'Object Repository/HealthpostToCms/Page_HealthPost Store/button_Add' is clicked on

2018-06-10 22:35:41 - [MESSAGE][PASSED] - Object: 'Object Repository/HealthpostToCms/Page_HealthPost Store/button_Add' is clicked on

2018-06-10 22:35:41 - [TEST_STEP][PASSED] - delay: Delayed 2 second(s)

2018-06-10 22:35:43 - [MESSAGE][PASSED] - Delayed 2 second(s)

2018-06-10 22:35:43 - [TEST_STEP][PASSED] - selectOptionByIndex: All options with index in [11] are selected on object 'Object Repository/HealthpostToCms/Page_HealthPost Store/select_--Select--Schedule 1Inj'

2018-06-10 22:35:44 - [MESSAGE][PASSED] - All options with index in [11] are selected on object 'Object Repository/HealthpostToCms/Page_HealthPost Store/select_--Select--Schedule 1Inj'

2018-06-10 22:35:44 - [TEST_STEP][PASSED] - delay: Delayed 1 second(s)

2018-06-10 22:35:45 - [MESSAGE][PASSED] - Delayed 1 second(s)

2018-06-10 22:35:45 - [TEST_STEP][PASSED] - selectOptionByIndex: All options with index in [51] are selected on object 'Object Repository/HealthpostToCms/Page_HealthPost Store/select_--Select--Adernaline 0.'

2018-06-10 22:35:45 - [MESSAGE][PASSED] - All options with index in [51] are selected on object 'Object Repository/HealthpostToCms/Page_HealthPost Store/select_--Select--Adernaline 0.'

2018-06-10 22:35:45 - [TEST_STEP][PASSED] - setText: Text '100' is set on object 'Object Repository/HealthpostToCms/Page_HealthPost Store/input_txttreat'

2018-06-10 22:35:45 - [MESSAGE][PASSED] - Text '100' is set on object 'Object Repository/HealthpostToCms/Page_HealthPost Store/input_txttreat'

2018-06-10 22:35:45 - [TEST_STEP][PASSED] - click: Object: 'Object Repository/HealthpostToCms/Page_HealthPost Store/button_Add' is clicked on

2018-06-10 22:35:45 - [MESSAGE][PASSED] - Object: 'Object Repository/HealthpostToCms/Page_HealthPost Store/button_Add' is clicked on

2018-06-10 22:35:45 - [TEST_STEP][PASSED] - delay: Delayed 2 second(s)

2018-06-10 22:35:47 - [MESSAGE][PASSED] - Delayed 2 second(s)

2018-06-10 22:35:47 - [TEST_STEP][PASSED] - selectOptionByIndex: All options with index in [11] are selected on object 'Object Repository/HealthpostToCms/Page_HealthPost Store/select_--Select--Schedule 1Inj'

2018-06-10 22:35:48 - [MESSAGE][PASSED] - All options with index in [11] are selected on object 'Object Repository/HealthpostToCms/Page_HealthPost Store/select_--Select--Schedule 1Inj'

2018-06-10 22:35:48 - [TEST_STEP][PASSED] - delay: Delayed 1 second(s)

2018-06-10 22:35:49 - [MESSAGE][PASSED] - Delayed 1 second(s)

2018-06-10 22:35:49 - [TEST_STEP][PASSED] - selectOptionByIndex: All options with index in [52] are selected on object 'Object Repository/HealthpostToCms/Page_HealthPost Store/select_--Select--Adernaline 0.'

2018-06-10 22:35:49 - [MESSAGE][PASSED] - All options with index in [52] are selected on object 'Object Repository/HealthpostToCms/Page_HealthPost Store/select_--Select--Adernaline 0.'

2018-06-10 22:35:49 - [TEST_STEP][PASSED] - setText: Text '100' is set on object 'Object Repository/HealthpostToCms/Page_HealthPost Store/input_txttreat'

2018-06-10 22:35:49 - [MESSAGE][PASSED] - Text '100' is set on object 'Object Repository/HealthpostToCms/Page_HealthPost Store/input_txttreat'

2018-06-10 22:35:49 - [TEST_STEP][PASSED] - click: Object: 'Object Repository/HealthpostToCms/Page_HealthPost Store/button_Add' is clicked on

2018-06-10 22:35:49 - [MESSAGE][PASSED] - Object: 'Object Repository/HealthpostToCms/Page_HealthPost Store/button_Add' is clicked on

2018-06-10 22:35:49 - [TEST_STEP][PASSED] - delay: Delayed 2 second(s)

2018-06-10 22:35:51 - [MESSAGE][PASSED] - Delayed 2 second(s)

2018-06-10 22:35:51 - [TEST_STEP][PASSED] - selectOptionByIndex: All options with index in [11] are selected on object 'Object Repository/HealthpostToCms/Page_HealthPost Store/select_--Select--Schedule 1Inj'

2018-06-10 22:35:52 - [MESSAGE][PASSED] - All options with index in [11] are selected on object 'Object Repository/HealthpostToCms/Page_HealthPost Store/select_--Select--Schedule 1Inj'

2018-06-10 22:35:52 - [TEST_STEP][PASSED] - delay: Delayed 1 second(s)

2018-06-10 22:35:53 - [MESSAGE][PASSED] - Delayed 1 second(s)

2018-06-10 22:35:53 - [TEST_STEP][PASSED] - selectOptionByIndex: All options with index in [53] are selected on object 'Object Repository/HealthpostToCms/Page_HealthPost Store/select_--Select--Adernaline 0.'

2018-06-10 22:35:53 - [MESSAGE][PASSED] - All options with index in [53] are selected on object 'Object Repository/HealthpostToCms/Page_HealthPost Store/select_--Select--Adernaline 0.'

2018-06-10 22:35:53 - [TEST_STEP][PASSED] - setText: Text '100' is set on object 'Object Repository/HealthpostToCms/Page_HealthPost Store/input_txttreat'

2018-06-10 22:35:53 - [MESSAGE][PASSED] - Text '100' is set on object 'Object Repository/HealthpostToCms/Page_HealthPost Store/input_txttreat'

2018-06-10 22:35:53 - [TEST_STEP][PASSED] - click: Object: 'Object Repository/HealthpostToCms/Page_HealthPost Store/button_Add' is clicked on

2018-06-10 22:35:54 - [MESSAGE][PASSED] - Object: 'Object Repository/HealthpostToCms/Page_HealthPost Store/button_Add' is clicked on

2018-06-10 22:35:54 - [TEST_STEP][PASSED] - delay: Delayed 2 second(s)

2018-06-10 22:35:56 - [MESSAGE][PASSED] - Delayed 2 second(s)

2018-06-10 22:35:56 - [TEST_STEP][PASSED] - selectOptionByIndex: All options with index in [11] are selected on object 'Object Repository/HealthpostToCms/Page_HealthPost Store/select_--Select--Schedule 1Inj'

2018-06-10 22:35:56 - [MESSAGE][PASSED] - All options with index in [11] are selected on object 'Object Repository/HealthpostToCms/Page_HealthPost Store/select_--Select--Schedule 1Inj'

2018-06-10 22:35:56 - [TEST_STEP][PASSED] - delay: Delayed 1 second(s)

2018-06-10 22:35:57 - [MESSAGE][PASSED] - Delayed 1 second(s)

2018-06-10 22:35:57 - [TEST_STEP][PASSED] - selectOptionByIndex: All options with index in [54] are selected on object 'Object Repository/HealthpostToCms/Page_HealthPost Store/select_--Select--Adernaline 0.'

2018-06-10 22:35:57 - [MESSAGE][PASSED] - All options with index in [54] are selected on object 'Object Repository/HealthpostToCms/Page_HealthPost Store/select_--Select--Adernaline 0.'

2018-06-10 22:35:57 - [TEST_STEP][PASSED] - setText: Text '100' is set on object 'Object Repository/HealthpostToCms/Page_HealthPost Store/input_txttreat'

2018-06-10 22:35:58 - [MESSAGE][PASSED] - Text '100' is set on object 'Object Repository/HealthpostToCms/Page_HealthPost Store/input_txttreat'

2018-06-10 22:35:58 - [TEST_STEP][PASSED] - click: Object: 'Object Repository/HealthpostToCms/Page_HealthPost Store/button_Add' is clicked on

2018-06-10 22:35:58 - [MESSAGE][PASSED] - Object: 'Object Repository/HealthpostToCms/Page_HealthPost Store/button_Add' is clicked on

2018-06-10 22:35:58 - [TEST_STEP][PASSED] - delay: Delayed 2 second(s)

2018-06-10 22:36:00 - [MESSAGE][PASSED] - Delayed 2 second(s)

2018-06-10 22:36:00 - [TEST_STEP][PASSED] - selectOptionByIndex: All options with index in [11] are selected on object 'Object Repository/HealthpostToCms/Page_HealthPost Store/select_--Select--Schedule 1Inj'

2018-06-10 22:36:00 - [MESSAGE][PASSED] - All options with index in [11] are selected on object 'Object Repository/HealthpostToCms/Page_HealthPost Store/select_--Select--Schedule 1Inj'

2018-06-10 22:36:00 - [TEST_STEP][PASSED] - delay: Delayed 1 second(s)

2018-06-10 22:36:01 - [MESSAGE][PASSED] - Delayed 1 second(s)

2018-06-10 22:36:01 - [TEST_STEP][PASSED] - selectOptionByIndex: All options with index in [55] are selected on object 'Object Repository/HealthpostToCms/Page_HealthPost Store/select_--Select--Adernaline 0.'

2018-06-10 22:36:02 - [MESSAGE][PASSED] - All options with index in [55] are selected on object 'Object Repository/HealthpostToCms/Page_HealthPost Store/select_--Select--Adernaline 0.'

2018-06-10 22:36:02 - [TEST_STEP][PASSED] - setText: Text '100' is set on object 'Object Repository/HealthpostToCms/Page_HealthPost Store/input_txttreat'

2018-06-10 22:36:02 - [MESSAGE][PASSED] - Text '100' is set on object 'Object Repository/HealthpostToCms/Page_HealthPost Store/input_txttreat'

2018-06-10 22:36:02 - [TEST_STEP][PASSED] - click: Object: 'Object Repository/HealthpostToCms/Page_HealthPost Store/button_Add' is clicked on

2018-06-10 22:36:02 - [MESSAGE][PASSED] - Object: 'Object Repository/HealthpostToCms/Page_HealthPost Store/button_Add' is clicked on

2018-06-10 22:36:02 - [TEST_STEP][PASSED] - delay: Delayed 2 second(s)

2018-06-10 22:36:04 - [MESSAGE][PASSED] - Delayed 2 second(s)

2018-06-10 22:36:04 - [TEST_STEP][PASSED] - selectOptionByIndex: All options with index in [11] are selected on object 'Object Repository/HealthpostToCms/Page_HealthPost Store/select_--Select--Schedule 1Inj'

2018-06-10 22:36:04 - [MESSAGE][PASSED] - All options with index in [11] are selected on object 'Object Repository/HealthpostToCms/Page_HealthPost Store/select_--Select--Schedule 1Inj'

2018-06-10 22:36:04 - [TEST_STEP][PASSED] - delay: Delayed 1 second(s)

2018-06-10 22:36:05 - [MESSAGE][PASSED] - Delayed 1 second(s)

2018-06-10 22:36:05 - [TEST_STEP][PASSED] - selectOptionByIndex: All options with index in [56] are selected on object 'Object Repository/HealthpostToCms/Page_HealthPost Store/select_--Select--Adernaline 0.'

2018-06-10 22:36:06 - [MESSAGE][PASSED] - All options with index in [56] are selected on object 'Object Repository/HealthpostToCms/Page_HealthPost Store/select_--Select--Adernaline 0.'

2018-06-10 22:36:06 - [TEST_STEP][PASSED] - setText: Text '100' is set on object 'Object Repository/HealthpostToCms/Page_HealthPost Store/input_txttreat'

2018-06-10 22:36:06 - [MESSAGE][PASSED] - Text '100' is set on object 'Object Repository/HealthpostToCms/Page_HealthPost Store/input_txttreat'

2018-06-10 22:36:06 - [TEST_STEP][PASSED] - click: Object: 'Object Repository/HealthpostToCms/Page_HealthPost Store/button_Add' is clicked on

2018-06-10 22:36:06 - [MESSAGE][PASSED] - Object: 'Object Repository/HealthpostToCms/Page_HealthPost Store/button_Add' is clicked on

2018-06-10 22:36:06 - [TEST_STEP][PASSED] - delay: Delayed 2 second(s)

2018-06-10 22:36:08 - [MESSAGE][PASSED] - Delayed 2 second(s)

2018-06-10 22:36:08 - [TEST_STEP][PASSED] - selectOptionByIndex: All options with index in [11] are selected on object 'Object Repository/HealthpostToCms/Page_HealthPost Store/select_--Select--Schedule 1Inj'

2018-06-10 22:36:08 - [MESSAGE][PASSED] - All options with index in [11] are selected on object 'Object Repository/HealthpostToCms/Page_HealthPost Store/select_--Select--Schedule 1Inj'

2018-06-10 22:36:08 - [TEST_STEP][PASSED] - delay: Delayed 1 second(s)

2018-06-10 22:36:09 - [MESSAGE][PASSED] - Delayed 1 second(s)

2018-06-10 22:36:09 - [TEST_STEP][PASSED] - selectOptionByIndex: All options with index in [57] are selected on object 'Object Repository/HealthpostToCms/Page_HealthPost Store/select_--Select--Adernaline 0.'

2018-06-10 22:36:10 - [MESSAGE][PASSED] - All options with index in [57] are selected on object 'Object Repository/HealthpostToCms/Page_HealthPost Store/select_--Select--Adernaline 0.'

2018-06-10 22:36:10 - [TEST_STEP][PASSED] - setText: Text '100' is set on object 'Object Repository/HealthpostToCms/Page_HealthPost Store/input_txttreat'

2018-06-10 22:36:10 - [MESSAGE][PASSED] - Text '100' is set on object 'Object Repository/HealthpostToCms/Page_HealthPost Store/input_txttreat'

2018-06-10 22:36:10 - [TEST_STEP][PASSED] - click: Object: 'Object Repository/HealthpostToCms/Page_HealthPost Store/button_Add' is clicked on

2018-06-10 22:36:10 - [MESSAGE][PASSED] - Object: 'Object Repository/HealthpostToCms/Page_HealthPost Store/button_Add' is clicked on

2018-06-10 22:36:10 - [TEST_STEP][PASSED] - delay: Delayed 2 second(s)

2018-06-10 22:36:12 - [MESSAGE][PASSED] - Delayed 2 second(s)

2018-06-10 22:36:12 - [TEST_STEP][PASSED] - selectOptionByIndex: All options with index in [11] are selected on object 'Object Repository/HealthpostToCms/Page_HealthPost Store/select_--Select--Schedule 1Inj'

2018-06-10 22:36:12 - [MESSAGE][PASSED] - All options with index in [11] are selected on object 'Object Repository/HealthpostToCms/Page_HealthPost Store/select_--Select--Schedule 1Inj'

2018-06-10 22:36:12 - [TEST_STEP][PASSED] - delay: Delayed 1 second(s)

2018-06-10 22:36:13 - [MESSAGE][PASSED] - Delayed 1 second(s)

2018-06-10 22:36:13 - [TEST_STEP][PASSED] - selectOptionByIndex: All options with index in [58] are selected on object 'Object Repository/HealthpostToCms/Page_HealthPost Store/select_--Select--Adernaline 0.'

2018-06-10 22:36:14 - [MESSAGE][PASSED] - All options with index in [58] are selected on object 'Object Repository/HealthpostToCms/Page_HealthPost Store/select_--Select--Adernaline 0.'

2018-06-10 22:36:14 - [TEST_STEP][PASSED] - setText: Text '100' is set on object 'Object Repository/HealthpostToCms/Page_HealthPost Store/input_txttreat'

2018-06-10 22:36:14 - [MESSAGE][PASSED] - Text '100' is set on object 'Object Repository/HealthpostToCms/Page_HealthPost Store/input_txttreat'

2018-06-10 22:36:14 - [TEST_STEP][PASSED] - click: Object: 'Object Repository/HealthpostToCms/Page_HealthPost Store/button_Add' is clicked on

2018-06-10 22:36:14 - [MESSAGE][PASSED] - Object: 'Object Repository/HealthpostToCms/Page_HealthPost Store/button_Add' is clicked on

2018-06-10 22:36:14 - [TEST_STEP][PASSED] - delay: Delayed 2 second(s)

2018-06-10 22:36:16 - [MESSAGE][PASSED] - Delayed 2 second(s)

2018-06-10 22:36:16 - [TEST_STEP][PASSED] - selectOptionByIndex: All options with index in [11] are selected on object 'Object Repository/HealthpostToCms/Page_HealthPost Store/select_--Select--Schedule 1Inj'

2018-06-10 22:36:16 - [MESSAGE][PASSED] - All options with index in [11] are selected on object 'Object Repository/HealthpostToCms/Page_HealthPost Store/select_--Select--Schedule 1Inj'

2018-06-10 22:36:16 - [TEST_STEP][PASSED] - delay: Delayed 1 second(s)

2018-06-10 22:36:17 - [MESSAGE][PASSED] - Delayed 1 second(s)

2018-06-10 22:36:17 - [TEST_STEP][PASSED] - selectOptionByIndex: All options with index in [59] are selected on object 'Object Repository/HealthpostToCms/Page_HealthPost Store/select_--Select--Adernaline 0.'

2018-06-10 22:36:18 - [MESSAGE][PASSED] - All options with index in [59] are selected on object 'Object Repository/HealthpostToCms/Page_HealthPost Store/select_--Select--Adernaline 0.'

2018-06-10 22:36:18 - [TEST_STEP][PASSED] - setText: Text '100' is set on object 'Object Repository/HealthpostToCms/Page_HealthPost Store/input_txttreat'

2018-06-10 22:36:18 - [MESSAGE][PASSED] - Text '100' is set on object 'Object Repository/HealthpostToCms/Page_HealthPost Store/input_txttreat'

2018-06-10 22:36:18 - [TEST_STEP][PASSED] - click: Object: 'Object Repository/HealthpostToCms/Page_HealthPost Store/button_Add' is clicked on

2018-06-10 22:36:18 - [MESSAGE][PASSED] - Object: 'Object Repository/HealthpostToCms/Page_HealthPost Store/button_Add' is clicked on

2018-06-10 22:36:18 - [TEST_STEP][PASSED] - delay: Delayed 2 second(s)

2018-06-10 22:36:20 - [MESSAGE][PASSED] - Delayed 2 second(s)

2018-06-10 22:36:20 - [TEST_STEP][PASSED] - selectOptionByIndex: All options with index in [11] are selected on object 'Object Repository/HealthpostToCms/Page_HealthPost Store/select_--Select--Schedule 1Inj'

2018-06-10 22:36:21 - [MESSAGE][PASSED] - All options with index in [11] are selected on object 'Object Repository/HealthpostToCms/Page_HealthPost Store/select_--Select--Schedule 1Inj'

2018-06-10 22:36:21 - [TEST_STEP][PASSED] - delay: Delayed 1 second(s)

2018-06-10 22:36:22 - [MESSAGE][PASSED] - Delayed 1 second(s)

2018-06-10 22:36:22 - [TEST_STEP][PASSED] - selectOptionByIndex: All options with index in [60] are selected on object 'Object Repository/HealthpostToCms/Page_HealthPost Store/select_--Select--Adernaline 0.'

2018-06-10 22:36:22 - [MESSAGE][PASSED] - All options with index in [60] are selected on object 'Object Repository/HealthpostToCms/Page_HealthPost Store/select_--Select--Adernaline 0.'

2018-06-10 22:36:22 - [TEST_STEP][PASSED] - setText: Text '100' is set on object 'Object Repository/HealthpostToCms/Page_HealthPost Store/input_txttreat'

2018-06-10 22:36:22 - [MESSAGE][PASSED] - Text '100' is set on object 'Object Repository/HealthpostToCms/Page_HealthPost Store/input_txttreat'

2018-06-10 22:36:22 - [TEST_STEP][PASSED] - click: Object: 'Object Repository/HealthpostToCms/Page_HealthPost Store/button_Add' is clicked on

2018-06-10 22:36:22 - [MESSAGE][PASSED] - Object: 'Object Repository/HealthpostToCms/Page_HealthPost Store/button_Add' is clicked on

2018-06-10 22:36:22 - [TEST_STEP][PASSED] - delay: Delayed 2 second(s)

2018-06-10 22:36:24 - [MESSAGE][PASSED] - Delayed 2 second(s)

2018-06-10 22:36:24 - [TEST_STEP][PASSED] - selectOptionByIndex: All options with index in [11] are selected on object 'Object Repository/HealthpostToCms/Page_HealthPost Store/select_--Select--Schedule 1Inj'

2018-06-10 22:36:25 - [MESSAGE][PASSED] - All options with index in [11] are selected on object 'Object Repository/HealthpostToCms/Page_HealthPost Store/select_--Select--Schedule 1Inj'

2018-06-10 22:36:25 - [TEST_STEP][PASSED] - delay: Delayed 1 second(s)

2018-06-10 22:36:26 - [MESSAGE][PASSED] - Delayed 1 second(s)

2018-06-10 22:36:26 - [TEST_STEP][PASSED] - selectOptionByIndex: All options with index in [61] are selected on object 'Object Repository/HealthpostToCms/Page_HealthPost Store/select_--Select--Adernaline 0.'

2018-06-10 22:36:26 - [MESSAGE][PASSED] - All options with index in [61] are selected on object 'Object Repository/HealthpostToCms/Page_HealthPost Store/select_--Select--Adernaline 0.'

2018-06-10 22:36:26 - [TEST_STEP][PASSED] - setText: Text '100' is set on object 'Object Repository/HealthpostToCms/Page_HealthPost Store/input_txttreat'

2018-06-10 22:36:27 - [MESSAGE][PASSED] - Text '100' is set on object 'Object Repository/HealthpostToCms/Page_HealthPost Store/input_txttreat'

2018-06-10 22:36:27 - [TEST_STEP][PASSED] - click: Object: 'Object Repository/HealthpostToCms/Page_HealthPost Store/button_Add' is clicked on

2018-06-10 22:36:27 - [MESSAGE][PASSED] - Object: 'Object Repository/HealthpostToCms/Page_HealthPost Store/button_Add' is clicked on

2018-06-10 22:36:27 - [TEST_STEP][PASSED] - delay: Delayed 2 second(s)

2018-06-10 22:36:29 - [MESSAGE][PASSED] - Delayed 2 second(s)

2018-06-10 22:36:29 - [TEST_STEP][PASSED] - selectOptionByIndex: All options with index in [11] are selected on object 'Object Repository/HealthpostToCms/Page_HealthPost Store/select_--Select--Schedule 1Inj'

2018-06-10 22:36:29 - [MESSAGE][PASSED] - All options with index in [11] are selected on object 'Object Repository/HealthpostToCms/Page_HealthPost Store/select_--Select--Schedule 1Inj'

2018-06-10 22:36:29 - [TEST_STEP][PASSED] - delay: Delayed 1 second(s)

2018-06-10 22:36:30 - [MESSAGE][PASSED] - Delayed 1 second(s)

2018-06-10 22:36:30 - [TEST_STEP][PASSED] - selectOptionByIndex: All options with index in [62] are selected on object 'Object Repository/HealthpostToCms/Page_HealthPost Store/select_--Select--Adernaline 0.'

2018-06-10 22:36:31 - [MESSAGE][PASSED] - All options with index in [62] are selected on object 'Object Repository/HealthpostToCms/Page_HealthPost Store/select_--Select--Adernaline 0.'

2018-06-10 22:36:31 - [TEST_STEP][PASSED] - setText: Text '100' is set on object 'Object Repository/HealthpostToCms/Page_HealthPost Store/input_txttreat'

2018-06-10 22:36:31 - [MESSAGE][PASSED] - Text '100' is set on object 'Object Repository/HealthpostToCms/Page_HealthPost Store/input_txttreat'

2018-06-10 22:36:31 - [TEST_STEP][PASSED] - click: Object: 'Object Repository/HealthpostToCms/Page_HealthPost Store/button_Add' is clicked on

2018-06-10 22:36:31 - [MESSAGE][PASSED] - Object: 'Object Repository/HealthpostToCms/Page_HealthPost Store/button_Add' is clicked on

2018-06-10 22:36:31 - [TEST_STEP][PASSED] - delay: Delayed 2 second(s)

2018-06-10 22:36:33 - [MESSAGE][PASSED] - Delayed 2 second(s)

2018-06-10 22:36:33 - [TEST_STEP][PASSED] - selectOptionByIndex: All options with index in [11] are selected on object 'Object Repository/HealthpostToCms/Page_HealthPost Store/select_--Select--Schedule 1Inj'

2018-06-10 22:36:33 - [MESSAGE][PASSED] - All options with index in [11] are selected on object 'Object Repository/HealthpostToCms/Page_HealthPost Store/select_--Select--Schedule 1Inj'

2018-06-10 22:36:33 - [TEST_STEP][PASSED] - delay: Delayed 1 second(s)

2018-06-10 22:36:34 - [MESSAGE][PASSED] - Delayed 1 second(s)

2018-06-10 22:36:34 - [TEST_STEP][PASSED] - selectOptionByIndex: All options with index in [63] are selected on object 'Object Repository/HealthpostToCms/Page_HealthPost Store/select_--Select--Adernaline 0.'

2018-06-10 22:36:35 - [MESSAGE][PASSED] - All options with index in [63] are selected on object 'Object Repository/HealthpostToCms/Page_HealthPost Store/select_--Select--Adernaline 0.'

2018-06-10 22:36:35 - [TEST_STEP][PASSED] - setText: Text '100' is set on object 'Object Repository/HealthpostToCms/Page_HealthPost Store/input_txttreat'

2018-06-10 22:36:35 - [MESSAGE][PASSED] - Text '100' is set on object 'Object Repository/HealthpostToCms/Page_HealthPost Store/input_txttreat'

2018-06-10 22:36:35 - [TEST_STEP][PASSED] - click: Object: 'Object Repository/HealthpostToCms/Page_HealthPost Store/button_Add' is clicked on

2018-06-10 22:36:35 - [MESSAGE][PASSED] - Object: 'Object Repository/HealthpostToCms/Page_HealthPost Store/button_Add' is clicked on

2018-06-10 22:36:35 - [TEST_STEP][PASSED] - delay: Delayed 2 second(s)

2018-06-10 22:36:37 - [MESSAGE][PASSED] - Delayed 2 second(s)

2018-06-10 22:36:37 - [TEST_STEP][PASSED] - selectOptionByIndex: All options with index in [11] are selected on object 'Object Repository/HealthpostToCms/Page_HealthPost Store/select_--Select--Schedule 1Inj'

2018-06-10 22:36:37 - [MESSAGE][PASSED] - All options with index in [11] are selected on object 'Object Repository/HealthpostToCms/Page_HealthPost Store/select_--Select--Schedule 1Inj'

2018-06-10 22:36:37 - [TEST_STEP][PASSED] - delay: Delayed 1 second(s)

2018-06-10 22:36:38 - [MESSAGE][PASSED] - Delayed 1 second(s)

2018-06-10 22:36:38 - [TEST_STEP][PASSED] - selectOptionByIndex: All options with index in [64] are selected on object 'Object Repository/HealthpostToCms/Page_HealthPost Store/select_--Select--Adernaline 0.'

2018-06-10 22:36:39 - [MESSAGE][PASSED] - All options with index in [64] are selected on object 'Object Repository/HealthpostToCms/Page_HealthPost Store/select_--Select--Adernaline 0.'

2018-06-10 22:36:39 - [TEST_STEP][PASSED] - setText: Text '100' is set on object 'Object Repository/HealthpostToCms/Page_HealthPost Store/input_txttreat'

2018-06-10 22:36:39 - [MESSAGE][PASSED] - Text '100' is set on object 'Object Repository/HealthpostToCms/Page_HealthPost Store/input_txttreat'

2018-06-10 22:36:39 - [TEST_STEP][PASSED] - click: Object: 'Object Repository/HealthpostToCms/Page_HealthPost Store/button_Add' is clicked on

2018-06-10 22:36:39 - [MESSAGE][PASSED] - Object: 'Object Repository/HealthpostToCms/Page_HealthPost Store/button_Add' is clicked on

2018-06-10 22:36:39 - [TEST_STEP][PASSED] - delay: Delayed 2 second(s)

2018-06-10 22:36:41 - [MESSAGE][PASSED] - Delayed 2 second(s)

2018-06-10 22:36:41 - [TEST_STEP][PASSED] - selectOptionByIndex: All options with index in [11] are selected on object 'Object Repository/HealthpostToCms/Page_HealthPost Store/select_--Select--Schedule 1Inj'

2018-06-10 22:36:41 - [MESSAGE][PASSED] - All options with index in [11] are selected on object 'Object Repository/HealthpostToCms/Page_HealthPost Store/select_--Select--Schedule 1Inj'

2018-06-10 22:36:41 - [TEST_STEP][PASSED] - delay: Delayed 1 second(s)

2018-06-10 22:36:42 - [MESSAGE][PASSED] - Delayed 1 second(s)

2018-06-10 22:36:42 - [TEST_STEP][PASSED] - selectOptionByIndex: All options with index in [65] are selected on object 'Object Repository/HealthpostToCms/Page_HealthPost Store/select_--Select--Adernaline 0.'

2018-06-10 22:36:43 - [MESSAGE][PASSED] - All options with index in [65] are selected on object 'Object Repository/HealthpostToCms/Page_HealthPost Store/select_--Select--Adernaline 0.'

2018-06-10 22:36:43 - [TEST_STEP][PASSED] - setText: Text '100' is set on object 'Object Repository/HealthpostToCms/Page_HealthPost Store/input_txttreat'

2018-06-10 22:36:43 - [MESSAGE][PASSED] - Text '100' is set on object 'Object Repository/HealthpostToCms/Page_HealthPost Store/input_txttreat'

2018-06-10 22:36:43 - [TEST_STEP][PASSED] - click: Object: 'Object Repository/HealthpostToCms/Page_HealthPost Store/button_Add' is clicked on

2018-06-10 22:36:43 - [MESSAGE][PASSED] - Object: 'Object Repository/HealthpostToCms/Page_HealthPost Store/button_Add' is clicked on

2018-06-10 22:36:43 - [TEST_STEP][PASSED] - delay: Delayed 2 second(s)

2018-06-10 22:36:45 - [MESSAGE][PASSED] - Delayed 2 second(s)

2018-06-10 22:36:45 - [TEST_STEP][PASSED] - selectOptionByIndex: All options with index in [11] are selected on object 'Object Repository/HealthpostToCms/Page_HealthPost Store/select_--Select--Schedule 1Inj'

2018-06-10 22:36:46 - [MESSAGE][PASSED] - All options with index in [11] are selected on object 'Object Repository/HealthpostToCms/Page_HealthPost Store/select_--Select--Schedule 1Inj'

2018-06-10 22:36:46 - [TEST_STEP][PASSED] - delay: Delayed 1 second(s)

2018-06-10 22:36:47 - [MESSAGE][PASSED] - Delayed 1 second(s)

2018-06-10 22:36:47 - [TEST_STEP][PASSED] - selectOptionByIndex: All options with index in [66] are selected on object 'Object Repository/HealthpostToCms/Page_HealthPost Store/select_--Select--Adernaline 0.'

2018-06-10 22:36:47 - [MESSAGE][PASSED] - All options with index in [66] are selected on object 'Object Repository/HealthpostToCms/Page_HealthPost Store/select_--Select--Adernaline 0.'

2018-06-10 22:36:47 - [TEST_STEP][PASSED] - setText: Text '100' is set on object 'Object Repository/HealthpostToCms/Page_HealthPost Store/input_txttreat'

2018-06-10 22:36:48 - [MESSAGE][PASSED] - Text '100' is set on object 'Object Repository/HealthpostToCms/Page_HealthPost Store/input_txttreat'

2018-06-10 22:36:48 - [TEST_STEP][PASSED] - click: Object: 'Object Repository/HealthpostToCms/Page_HealthPost Store/button_Add' is clicked on

2018-06-10 22:36:48 - [MESSAGE][PASSED] - Object: 'Object Repository/HealthpostToCms/Page_HealthPost Store/button_Add' is clicked on

2018-06-10 22:36:48 - [TEST_STEP][PASSED] - delay: Delayed 2 second(s)

2018-06-10 22:36:50 - [MESSAGE][PASSED] - Delayed 2 second(s)

2018-06-10 22:36:50 - [TEST_STEP][PASSED] - selectOptionByIndex: All options with index in [11] are selected on object 'Object Repository/HealthpostToCms/Page_HealthPost Store/select_--Select--Schedule 1Inj'

2018-06-10 22:36:50 - [MESSAGE][PASSED] - All options with index in [11] are selected on object 'Object Repository/HealthpostToCms/Page_HealthPost Store/select_--Select--Schedule 1Inj'

2018-06-10 22:36:50 - [TEST_STEP][PASSED] - delay: Delayed 1 second(s)

2018-06-10 22:36:51 - [MESSAGE][PASSED] - Delayed 1 second(s)

2018-06-10 22:36:51 - [TEST_STEP][PASSED] - selectOptionByIndex: All options with index in [67] are selected on object 'Object Repository/HealthpostToCms/Page_HealthPost Store/select_--Select--Adernaline 0.'

2018-06-10 22:36:52 - [MESSAGE][PASSED] - All options with index in [67] are selected on object 'Object Repository/HealthpostToCms/Page_HealthPost Store/select_--Select--Adernaline 0.'

2018-06-10 22:36:52 - [TEST_STEP][PASSED] - setText: Text '100' is set on object 'Object Repository/HealthpostToCms/Page_HealthPost Store/input_txttreat'

2018-06-10 22:36:52 - [MESSAGE][PASSED] - Text '100' is set on object 'Object Repository/HealthpostToCms/Page_HealthPost Store/input_txttreat'

2018-06-10 22:36:52 - [TEST_STEP][PASSED] - click: Object: 'Object Repository/HealthpostToCms/Page_HealthPost Store/button_Add' is clicked on

2018-06-10 22:36:52 - [MESSAGE][PASSED] - Object: 'Object Repository/HealthpostToCms/Page_HealthPost Store/button_Add' is clicked on

2018-06-10 22:36:52 - [TEST_STEP][PASSED] - delay: Delayed 2 second(s)

2018-06-10 22:36:54 - [MESSAGE][PASSED] - Delayed 2 second(s)

2018-06-10 22:36:54 - [TEST_STEP][PASSED] - selectOptionByIndex: All options with index in [11] are selected on object 'Object Repository/HealthpostToCms/Page_HealthPost Store/select_--Select--Schedule 1Inj'

2018-06-10 22:36:54 - [MESSAGE][PASSED] - All options with index in [11] are selected on object 'Object Repository/HealthpostToCms/Page_HealthPost Store/select_--Select--Schedule 1Inj'

2018-06-10 22:36:54 - [TEST_STEP][PASSED] - delay: Delayed 1 second(s)

2018-06-10 22:36:55 - [MESSAGE][PASSED] - Delayed 1 second(s)

2018-06-10 22:36:55 - [TEST_STEP][PASSED] - selectOptionByIndex: All options with index in [68] are selected on object 'Object Repository/HealthpostToCms/Page_HealthPost Store/select_--Select--Adernaline 0.'

2018-06-10 22:36:56 - [MESSAGE][PASSED] - All options with index in [68] are selected on object 'Object Repository/HealthpostToCms/Page_HealthPost Store/select_--Select--Adernaline 0.'

2018-06-10 22:36:56 - [TEST_STEP][PASSED] - setText: Text '100' is set on object 'Object Repository/HealthpostToCms/Page_HealthPost Store/input_txttreat'

2018-06-10 22:36:56 - [MESSAGE][PASSED] - Text '100' is set on object 'Object Repository/HealthpostToCms/Page_HealthPost Store/input_txttreat'

2018-06-10 22:36:56 - [TEST_STEP][PASSED] - click: Object: 'Object Repository/HealthpostToCms/Page_HealthPost Store/button_Add' is clicked on

2018-06-10 22:36:56 - [MESSAGE][PASSED] - Object: 'Object Repository/HealthpostToCms/Page_HealthPost Store/button_Add' is clicked on

2018-06-10 22:36:56 - [TEST_STEP][PASSED] - delay: Delayed 2 second(s)

2018-06-10 22:36:58 - [MESSAGE][PASSED] - Delayed 2 second(s)

2018-06-10 22:36:58 - [TEST_STEP][PASSED] - selectOptionByIndex: All options with index in [11] are selected on object 'Object Repository/HealthpostToCms/Page_HealthPost Store/select_--Select--Schedule 1Inj'

2018-06-10 22:36:58 - [MESSAGE][PASSED] - All options with index in [11] are selected on object 'Object Repository/HealthpostToCms/Page_HealthPost Store/select_--Select--Schedule 1Inj'

2018-06-10 22:36:58 - [TEST_STEP][PASSED] - delay: Delayed 1 second(s)

2018-06-10 22:36:59 - [MESSAGE][PASSED] - Delayed 1 second(s)

2018-06-10 22:36:59 - [TEST_STEP][PASSED] - selectOptionByIndex: All options with index in [69] are selected on object 'Object Repository/HealthpostToCms/Page_HealthPost Store/select_--Select--Adernaline 0.'

2018-06-10 22:37:00 - [MESSAGE][PASSED] - All options with index in [69] are selected on object 'Object Repository/HealthpostToCms/Page_HealthPost Store/select_--Select--Adernaline 0.'

2018-06-10 22:37:00 - [TEST_STEP][PASSED] - setText: Text '100' is set on object 'Object Repository/HealthpostToCms/Page_HealthPost Store/input_txttreat'

2018-06-10 22:37:00 - [MESSAGE][PASSED] - Text '100' is set on object 'Object Repository/HealthpostToCms/Page_HealthPost Store/input_txttreat'

2018-06-10 22:37:00 - [TEST_STEP][PASSED] - click: Object: 'Object Repository/HealthpostToCms/Page_HealthPost Store/button_Add' is clicked on

2018-06-10 22:37:00 - [MESSAGE][PASSED] - Object: 'Object Repository/HealthpostToCms/Page_HealthPost Store/button_Add' is clicked on

2018-06-10 22:37:00 - [TEST_STEP][PASSED] - delay: Delayed 2 second(s)

2018-06-10 22:37:02 - [MESSAGE][PASSED] - Delayed 2 second(s)

2018-06-10 22:37:02 - [TEST_STEP][PASSED] - selectOptionByIndex: All options with index in [11] are selected on object 'Object Repository/HealthpostToCms/Page_HealthPost Store/select_--Select--Schedule 1Inj'

2018-06-10 22:37:03 - [MESSAGE][PASSED] - All options with index in [11] are selected on object 'Object Repository/HealthpostToCms/Page_HealthPost Store/select_--Select--Schedule 1Inj'

2018-06-10 22:37:03 - [TEST_STEP][PASSED] - delay: Delayed 1 second(s)

2018-06-10 22:37:04 - [MESSAGE][PASSED] - Delayed 1 second(s)

2018-06-10 22:37:04 - [TEST_STEP][PASSED] - selectOptionByIndex: All options with index in [70] are selected on object 'Object Repository/HealthpostToCms/Page_HealthPost Store/select_--Select--Adernaline 0.'

2018-06-10 22:37:04 - [MESSAGE][PASSED] - All options with index in [70] are selected on object 'Object Repository/HealthpostToCms/Page_HealthPost Store/select_--Select--Adernaline 0.'

2018-06-10 22:37:04 - [TEST_STEP][PASSED] - setText: Text '100' is set on object 'Object Repository/HealthpostToCms/Page_HealthPost Store/input_txttreat'

2018-06-10 22:37:04 - [MESSAGE][PASSED] - Text '100' is set on object 'Object Repository/HealthpostToCms/Page_HealthPost Store/input_txttreat'

2018-06-10 22:37:04 - [TEST_STEP][PASSED] - click: Object: 'Object Repository/HealthpostToCms/Page_HealthPost Store/button_Add' is clicked on

2018-06-10 22:37:05 - [MESSAGE][PASSED] - Object: 'Object Repository/HealthpostToCms/Page_HealthPost Store/button_Add' is clicked on

2018-06-10 22:37:05 - [TEST_STEP][PASSED] - delay: Delayed 2 second(s)

2018-06-10 22:37:07 - [MESSAGE][PASSED] - Delayed 2 second(s)

2018-06-10 22:37:07 - [TEST_STEP][PASSED] - selectOptionByIndex: All options with index in [11] are selected on object 'Object Repository/HealthpostToCms/Page_HealthPost Store/select_--Select--Schedule 1Inj'

2018-06-10 22:37:07 - [MESSAGE][PASSED] - All options with index in [11] are selected on object 'Object Repository/HealthpostToCms/Page_HealthPost Store/select_--Select--Schedule 1Inj'

2018-06-10 22:37:07 - [TEST_STEP][PASSED] - delay: Delayed 1 second(s)

2018-06-10 22:37:08 - [MESSAGE][PASSED] - Delayed 1 second(s)

2018-06-10 22:37:08 - [TEST_STEP][PASSED] - selectOptionByIndex: All options with index in [71] are selected on object 'Object Repository/HealthpostToCms/Page_HealthPost Store/select_--Select--Adernaline 0.'

2018-06-10 22:37:09 - [MESSAGE][PASSED] - All options with index in [71] are selected on object 'Object Repository/HealthpostToCms/Page_HealthPost Store/select_--Select--Adernaline 0.'

2018-06-10 22:37:09 - [TEST_STEP][PASSED] - setText: Text '100' is set on object 'Object Repository/HealthpostToCms/Page_HealthPost Store/input_txttreat'

2018-06-10 22:37:09 - [MESSAGE][PASSED] - Text '100' is set on object 'Object Repository/HealthpostToCms/Page_HealthPost Store/input_txttreat'

2018-06-10 22:37:09 - [TEST_STEP][PASSED] - click: Object: 'Object Repository/HealthpostToCms/Page_HealthPost Store/button_Add' is clicked on

2018-06-10 22:37:09 - [MESSAGE][PASSED] - Object: 'Object Repository/HealthpostToCms/Page_HealthPost Store/button_Add' is clicked on

2018-06-10 22:37:09 - [TEST_STEP][PASSED] - delay: Delayed 2 second(s)

2018-06-10 22:37:11 - [MESSAGE][PASSED] - Delayed 2 second(s)

2018-06-10 22:37:11 - [TEST_STEP][PASSED] - selectOptionByIndex: All options with index in [11] are selected on object 'Object Repository/HealthpostToCms/Page_HealthPost Store/select_--Select--Schedule 1Inj'

2018-06-10 22:37:11 - [MESSAGE][PASSED] - All options with index in [11] are selected on object 'Object Repository/HealthpostToCms/Page_HealthPost Store/select_--Select--Schedule 1Inj'

2018-06-10 22:37:11 - [TEST_STEP][PASSED] - delay: Delayed 1 second(s)

2018-06-10 22:37:12 - [MESSAGE][PASSED] - Delayed 1 second(s)

2018-06-10 22:37:12 - [TEST_STEP][PASSED] - selectOptionByIndex: All options with index in [72] are selected on object 'Object Repository/HealthpostToCms/Page_HealthPost Store/select_--Select--Adernaline 0.'

2018-06-10 22:37:13 - [MESSAGE][PASSED] - All options with index in [72] are selected on object 'Object Repository/HealthpostToCms/Page_HealthPost Store/select_--Select--Adernaline 0.'

2018-06-10 22:37:13 - [TEST_STEP][PASSED] - setText: Text '100' is set on object 'Object Repository/HealthpostToCms/Page_HealthPost Store/input_txttreat'

2018-06-10 22:37:13 - [MESSAGE][PASSED] - Text '100' is set on object 'Object Repository/HealthpostToCms/Page_HealthPost Store/input_txttreat'

2018-06-10 22:37:13 - [TEST_STEP][PASSED] - click: Object: 'Object Repository/HealthpostToCms/Page_HealthPost Store/button_Add' is clicked on

2018-06-10 22:37:13 - [MESSAGE][PASSED] - Object: 'Object Repository/HealthpostToCms/Page_HealthPost Store/button_Add' is clicked on

2018-06-10 22:37:13 - [TEST_STEP][PASSED] - delay: Delayed 2 second(s)

2018-06-10 22:37:15 - [MESSAGE][PASSED] - Delayed 2 second(s)

2018-06-10 22:37:15 - [TEST_STEP][PASSED] - selectOptionByIndex: All options with index in [11] are selected on object 'Object Repository/HealthpostToCms/Page_HealthPost Store/select_--Select--Schedule 1Inj'

2018-06-10 22:37:15 - [MESSAGE][PASSED] - All options with index in [11] are selected on object 'Object Repository/HealthpostToCms/Page_HealthPost Store/select_--Select--Schedule 1Inj'

2018-06-10 22:37:15 - [TEST_STEP][PASSED] - delay: Delayed 1 second(s)

2018-06-10 22:37:16 - [MESSAGE][PASSED] - Delayed 1 second(s)

2018-06-10 22:37:16 - [TEST_STEP][PASSED] - selectOptionByIndex: All options with index in [73] are selected on object 'Object Repository/HealthpostToCms/Page_HealthPost Store/select_--Select--Adernaline 0.'

2018-06-10 22:37:17 - [MESSAGE][PASSED] - All options with index in [73] are selected on object 'Object Repository/HealthpostToCms/Page_HealthPost Store/select_--Select--Adernaline 0.'

2018-06-10 22:37:17 - [TEST_STEP][PASSED] - setText: Text '100' is set on object 'Object Repository/HealthpostToCms/Page_HealthPost Store/input_txttreat'

2018-06-10 22:37:17 - [MESSAGE][PASSED] - Text '100' is set on object 'Object Repository/HealthpostToCms/Page_HealthPost Store/input_txttreat'

2018-06-10 22:37:17 - [TEST_STEP][PASSED] - click: Object: 'Object Repository/HealthpostToCms/Page_HealthPost Store/button_Add' is clicked on

2018-06-10 22:37:17 - [MESSAGE][PASSED] - Object: 'Object Repository/HealthpostToCms/Page_HealthPost Store/button_Add' is clicked on

2018-06-10 22:37:17 - [TEST_STEP][PASSED] - delay: Delayed 2 second(s)

2018-06-10 22:37:19 - [MESSAGE][PASSED] - Delayed 2 second(s)

2018-06-10 22:37:19 - [TEST_STEP][PASSED] - selectOptionByIndex: All options with index in [11] are selected on object 'Object Repository/HealthpostToCms/Page_HealthPost Store/select_--Select--Schedule 1Inj'

2018-06-10 22:37:20 - [MESSAGE][PASSED] - All options with index in [11] are selected on object 'Object Repository/HealthpostToCms/Page_HealthPost Store/select_--Select--Schedule 1Inj'

2018-06-10 22:37:20 - [TEST_STEP][PASSED] - delay: Delayed 1 second(s)

2018-06-10 22:37:21 - [MESSAGE][PASSED] - Delayed 1 second(s)

2018-06-10 22:37:21 - [TEST_STEP][PASSED] - selectOptionByIndex: All options with index in [74] are selected on object 'Object Repository/HealthpostToCms/Page_HealthPost Store/select_--Select--Adernaline 0.'

2018-06-10 22:37:22 - [MESSAGE][PASSED] - All options with index in [74] are selected on object 'Object Repository/HealthpostToCms/Page_HealthPost Store/select_--Select--Adernaline 0.'

2018-06-10 22:37:22 - [TEST_STEP][PASSED] - setText: Text '100' is set on object 'Object Repository/HealthpostToCms/Page_HealthPost Store/input_txttreat'

2018-06-10 22:37:22 - [MESSAGE][PASSED] - Text '100' is set on object 'Object Repository/HealthpostToCms/Page_HealthPost Store/input_txttreat'

2018-06-10 22:37:22 - [TEST_STEP][PASSED] - click: Object: 'Object Repository/HealthpostToCms/Page_HealthPost Store/button_Add' is clicked on

2018-06-10 22:37:22 - [MESSAGE][PASSED] - Object: 'Object Repository/HealthpostToCms/Page_HealthPost Store/button_Add' is clicked on

2018-06-10 22:37:22 - [TEST_STEP][PASSED] - delay: Delayed 2 second(s)

2018-06-10 22:37:24 - [MESSAGE][PASSED] - Delayed 2 second(s)

2018-06-10 22:37:24 - [TEST_STEP][PASSED] - selectOptionByIndex: All options with index in [11] are selected on object 'Object Repository/HealthpostToCms/Page_HealthPost Store/select_--Select--Schedule 1Inj'

2018-06-10 22:37:24 - [MESSAGE][PASSED] - All options with index in [11] are selected on object 'Object Repository/HealthpostToCms/Page_HealthPost Store/select_--Select--Schedule 1Inj'

2018-06-10 22:37:24 - [TEST_STEP][PASSED] - delay: Delayed 1 second(s)

2018-06-10 22:37:25 - [MESSAGE][PASSED] - Delayed 1 second(s)

2018-06-10 22:37:25 - [TEST_STEP][PASSED] - selectOptionByIndex: All options with index in [75] are selected on object 'Object Repository/HealthpostToCms/Page_HealthPost Store/select_--Select--Adernaline 0.'

2018-06-10 22:37:26 - [MESSAGE][PASSED] - All options with index in [75] are selected on object 'Object Repository/HealthpostToCms/Page_HealthPost Store/select_--Select--Adernaline 0.'

2018-06-10 22:37:26 - [TEST_STEP][PASSED] - setText: Text '100' is set on object 'Object Repository/HealthpostToCms/Page_HealthPost Store/input_txttreat'

2018-06-10 22:37:26 - [MESSAGE][PASSED] - Text '100' is set on object 'Object Repository/HealthpostToCms/Page_HealthPost Store/input_txttreat'

2018-06-10 22:37:26 - [TEST_STEP][PASSED] - click: Object: 'Object Repository/HealthpostToCms/Page_HealthPost Store/button_Add' is clicked on

2018-06-10 22:37:26 - [MESSAGE][PASSED] - Object: 'Object Repository/HealthpostToCms/Page_HealthPost Store/button_Add' is clicked on

2018-06-10 22:37:26 - [TEST_STEP][PASSED] - delay: Delayed 2 second(s)

2018-06-10 22:37:28 - [MESSAGE][PASSED] - Delayed 2 second(s)

2018-06-10 22:37:28 - [TEST_STEP][PASSED] - selectOptionByIndex: All options with index in [11] are selected on object 'Object Repository/HealthpostToCms/Page_HealthPost Store/select_--Select--Schedule 1Inj'

2018-06-10 22:37:28 - [MESSAGE][PASSED] - All options with index in [11] are selected on object 'Object Repository/HealthpostToCms/Page_HealthPost Store/select_--Select--Schedule 1Inj'

2018-06-10 22:37:28 - [TEST_STEP][PASSED] - delay: Delayed 1 second(s)

2018-06-10 22:37:29 - [MESSAGE][PASSED] - Delayed 1 second(s)

2018-06-10 22:37:29 - [TEST_STEP][PASSED] - selectOptionByIndex: All options with index in [76] are selected on object 'Object Repository/HealthpostToCms/Page_HealthPost Store/select_--Select--Adernaline 0.'

2018-06-10 22:37:30 - [MESSAGE][PASSED] - All options with index in [76] are selected on object 'Object Repository/HealthpostToCms/Page_HealthPost Store/select_--Select--Adernaline 0.'

2018-06-10 22:37:30 - [TEST_STEP][PASSED] - setText: Text '100' is set on object 'Object Repository/HealthpostToCms/Page_HealthPost Store/input_txttreat'

2018-06-10 22:37:30 - [MESSAGE][PASSED] - Text '100' is set on object 'Object Repository/HealthpostToCms/Page_HealthPost Store/input_txttreat'

2018-06-10 22:37:30 - [TEST_STEP][PASSED] - click: Object: 'Object Repository/HealthpostToCms/Page_HealthPost Store/button_Add' is clicked on

2018-06-10 22:37:30 - [MESSAGE][PASSED] - Object: 'Object Repository/HealthpostToCms/Page_HealthPost Store/button_Add' is clicked on

2018-06-10 22:37:30 - [TEST_STEP][PASSED] - delay: Delayed 2 second(s)

2018-06-10 22:37:32 - [MESSAGE][PASSED] - Delayed 2 second(s)

2018-06-10 22:37:32 - [TEST_STEP][PASSED] - selectOptionByIndex: All options with index in [11] are selected on object 'Object Repository/HealthpostToCms/Page_HealthPost Store/select_--Select--Schedule 1Inj'

2018-06-10 22:37:33 - [MESSAGE][PASSED] - All options with index in [11] are selected on object 'Object Repository/HealthpostToCms/Page_HealthPost Store/select_--Select--Schedule 1Inj'

2018-06-10 22:37:33 - [TEST_STEP][PASSED] - delay: Delayed 1 second(s)

2018-06-10 22:37:34 - [MESSAGE][PASSED] - Delayed 1 second(s)

2018-06-10 22:37:34 - [TEST_STEP][PASSED] - selectOptionByIndex: All options with index in [77] are selected on object 'Object Repository/HealthpostToCms/Page_HealthPost Store/select_--Select--Adernaline 0.'

2018-06-10 22:37:34 - [MESSAGE][PASSED] - All options with index in [77] are selected on object 'Object Repository/HealthpostToCms/Page_HealthPost Store/select_--Select--Adernaline 0.'

2018-06-10 22:37:34 - [TEST_STEP][PASSED] - setText: Text '100' is set on object 'Object Repository/HealthpostToCms/Page_HealthPost Store/input_txttreat'

2018-06-10 22:37:35 - [MESSAGE][PASSED] - Text '100' is set on object 'Object Repository/HealthpostToCms/Page_HealthPost Store/input_txttreat'

2018-06-10 22:37:35 - [TEST_STEP][PASSED] - click: Object: 'Object Repository/HealthpostToCms/Page_HealthPost Store/button_Add' is clicked on

2018-06-10 22:37:35 - [MESSAGE][PASSED] - Object: 'Object Repository/HealthpostToCms/Page_HealthPost Store/button_Add' is clicked on

2018-06-10 22:37:35 - [TEST_STEP][PASSED] - delay: Delayed 2 second(s)

2018-06-10 22:37:37 - [MESSAGE][PASSED] - Delayed 2 second(s)

2018-06-10 22:37:37 - [TEST_STEP][PASSED] - selectOptionByIndex: All options with index in [11] are selected on object 'Object Repository/HealthpostToCms/Page_HealthPost Store/select_--Select--Schedule 1Inj'

2018-06-10 22:37:37 - [MESSAGE][PASSED] - All options with index in [11] are selected on object 'Object Repository/HealthpostToCms/Page_HealthPost Store/select_--Select--Schedule 1Inj'

2018-06-10 22:37:37 - [TEST_STEP][PASSED] - delay: Delayed 1 second(s)

2018-06-10 22:37:38 - [MESSAGE][PASSED] - Delayed 1 second(s)

2018-06-10 22:37:38 - [TEST_STEP][PASSED] - selectOptionByIndex: All options with index in [78] are selected on object 'Object Repository/HealthpostToCms/Page_HealthPost Store/select_--Select--Adernaline 0.'

2018-06-10 22:37:39 - [MESSAGE][PASSED] - All options with index in [78] are selected on object 'Object Repository/HealthpostToCms/Page_HealthPost Store/select_--Select--Adernaline 0.'

2018-06-10 22:37:39 - [TEST_STEP][PASSED] - setText: Text '100' is set on object 'Object Repository/HealthpostToCms/Page_HealthPost Store/input_txttreat'

2018-06-10 22:37:39 - [MESSAGE][PASSED] - Text '100' is set on object 'Object Repository/HealthpostToCms/Page_HealthPost Store/input_txttreat'

2018-06-10 22:37:39 - [TEST_STEP][PASSED] - click: Object: 'Object Repository/HealthpostToCms/Page_HealthPost Store/button_Add' is clicked on

2018-06-10 22:37:39 - [MESSAGE][PASSED] - Object: 'Object Repository/HealthpostToCms/Page_HealthPost Store/button_Add' is clicked on

2018-06-10 22:37:39 - [TEST_STEP][PASSED] - delay: Delayed 2 second(s)

2018-06-10 22:37:41 - [MESSAGE][PASSED] - Delayed 2 second(s)

2018-06-10 22:37:41 - [TEST_STEP][PASSED] - selectOptionByIndex: All options with index in [11] are selected on object 'Object Repository/HealthpostToCms/Page_HealthPost Store/select_--Select--Schedule 1Inj'

2018-06-10 22:37:41 - [MESSAGE][PASSED] - All options with index in [11] are selected on object 'Object Repository/HealthpostToCms/Page_HealthPost Store/select_--Select--Schedule 1Inj'

2018-06-10 22:37:41 - [TEST_STEP][PASSED] - delay: Delayed 1 second(s)

2018-06-10 22:37:42 - [MESSAGE][PASSED] - Delayed 1 second(s)

2018-06-10 22:37:42 - [TEST_STEP][PASSED] - selectOptionByIndex: All options with index in [79] are selected on object 'Object Repository/HealthpostToCms/Page_HealthPost Store/select_--Select--Adernaline 0.'

2018-06-10 22:37:43 - [MESSAGE][PASSED] - All options with index in [79] are selected on object 'Object Repository/HealthpostToCms/Page_HealthPost Store/select_--Select--Adernaline 0.'

2018-06-10 22:37:43 - [TEST_STEP][PASSED] - setText: Text '100' is set on object 'Object Repository/HealthpostToCms/Page_HealthPost Store/input_txttreat'

2018-06-10 22:37:43 - [MESSAGE][PASSED] - Text '100' is set on object 'Object Repository/HealthpostToCms/Page_HealthPost Store/input_txttreat'

2018-06-10 22:37:43 - [TEST_STEP][PASSED] - click: Object: 'Object Repository/HealthpostToCms/Page_HealthPost Store/button_Add' is clicked on

2018-06-10 22:37:43 - [MESSAGE][PASSED] - Object: 'Object Repository/HealthpostToCms/Page_HealthPost Store/button_Add' is clicked on

2018-06-10 22:37:43 - [TEST_STEP][PASSED] - delay: Delayed 2 second(s)

2018-06-10 22:37:45 - [MESSAGE][PASSED] - Delayed 2 second(s)

2018-06-10 22:37:45 - [TEST_STEP][PASSED] - selectOptionByIndex: All options with index in [11] are selected on object 'Object Repository/HealthpostToCms/Page_HealthPost Store/select_--Select--Schedule 1Inj'

2018-06-10 22:37:45 - [MESSAGE][PASSED] - All options with index in [11] are selected on object 'Object Repository/HealthpostToCms/Page_HealthPost Store/select_--Select--Schedule 1Inj'

2018-06-10 22:37:45 - [TEST_STEP][PASSED] - delay: Delayed 1 second(s)

2018-06-10 22:37:46 - [MESSAGE][PASSED] - Delayed 1 second(s)

2018-06-10 22:37:46 - [TEST_STEP][PASSED] - selectOptionByIndex: All options with index in [80] are selected on object 'Object Repository/HealthpostToCms/Page_HealthPost Store/select_--Select--Adernaline 0.'

2018-06-10 22:37:47 - [MESSAGE][PASSED] - All options with index in [80] are selected on object 'Object Repository/HealthpostToCms/Page_HealthPost Store/select_--Select--Adernaline 0.'

2018-06-10 22:37:47 - [TEST_STEP][PASSED] - setText: Text '100' is set on object 'Object Repository/HealthpostToCms/Page_HealthPost Store/input_txttreat'

2018-06-10 22:37:48 - [MESSAGE][PASSED] - Text '100' is set on object 'Object Repository/HealthpostToCms/Page_HealthPost Store/input_txttreat'

2018-06-10 22:37:48 - [TEST_STEP][PASSED] - click: Object: 'Object Repository/HealthpostToCms/Page_HealthPost Store/button_Add' is clicked on

2018-06-10 22:37:48 - [MESSAGE][PASSED] - Object: 'Object Repository/HealthpostToCms/Page_HealthPost Store/button_Add' is clicked on

2018-06-10 22:37:48 - [TEST_STEP][PASSED] - delay: Delayed 2 second(s)

2018-06-10 22:37:50 - [MESSAGE][PASSED] - Delayed 2 second(s)

2018-06-10 22:37:50 - [TEST_STEP][PASSED] - scrollToElement: Scroll to object 'Object Repository/HealthpostToCms/Page_HealthPost Store/input_btnsave' successfully

2018-06-10 22:37:50 - [MESSAGE][PASSED] - Scroll to object 'Object Repository/HealthpostToCms/Page_HealthPost Store/input_btnsave' successfully

2018-06-10 22:37:50 - [TEST_STEP][PASSED] - click: Object: 'Object Repository/HealthpostToCms/Page_HealthPost Store/input_btnsave' is clicked on

2018-06-10 22:37:50 - [MESSAGE][PASSED] - Object: 'Object Repository/HealthpostToCms/Page_HealthPost Store/input_btnsave' is clicked on

2018-06-10 22:37:50 - [TEST_STEP][PASSED] - delay: Delayed 3 second(s)

2018-06-10 22:37:53 - [MESSAGE][PASSED] - Delayed 3 second(s)

2018-06-10 22:37:53 - [TEST_STEP][PASSED] - Statement - RN1 = com.kms.katalon.core.webui.keyword.WebUiBuiltInKeywords.getText(com.kms.katalon.core.testobject.ObjectRepository.findTestObject(HealthpostToCms/Page_HealthPost Store/font_PRNO18052018174)): Text of object 'Object Repository/HealthpostToCms/Page_HealthPost Store/font_PRNO18052018174' is: 'PRNO/10062018/816'

2018-06-10 22:37:53 - [MESSAGE][PASSED] - Text of object 'Object Repository/HealthpostToCms/Page_HealthPost Store/font_PRNO18052018174' is: 'PRNO/10062018/816'

2018-06-10 22:37:53 - [TEST_STEP][PASSED] - Statement - out.println(RN1): null

2018-06-10 22:37:53 - [TEST_STEP][PASSED] - Statement - RID = RN1.split("/")[2]: null

2018-06-10 22:37:53 - [TEST_STEP][PASSED] - click: Object: 'Object Repository/HealthpostToCms/Page_HealthPost Store/button_OK' is clicked on

2018-06-10 22:37:54 - [MESSAGE][PASSED] - Object: 'Object Repository/HealthpostToCms/Page_HealthPost Store/button_OK' is clicked on

2018-06-10 22:37:54 - [TEST_STEP][PASSED] - delay: Delayed 3 second(s)

2018-06-10 22:37:57 - [MESSAGE][PASSED] - Delayed 3 second(s)

2018-06-10 22:37:57 - [TEST_STEP][PASSED] - waitForElementPresent: Object 'Object Repository/HealthpostToCms/Page_HealthPost Store/a_dropdown-toggle' is present

2018-06-10 22:37:57 - [MESSAGE][PASSED] - Object 'Object Repository/HealthpostToCms/Page_HealthPost Store/a_dropdown-toggle' is present

2018-06-10 22:37:57 - [TEST_STEP][PASSED] - click: Object: 'Object Repository/HealthpostToCms/Page_HealthPost Store/a_dropdown-toggle' is clicked on

2018-06-10 22:37:57 - [MESSAGE][PASSED] - Object: 'Object Repository/HealthpostToCms/Page_HealthPost Store/a_dropdown-toggle' is clicked on

2018-06-10 22:37:57 - [TEST_STEP][PASSED] - click: Object: 'Object Repository/HealthpostToCms/Page_HealthPost Store/a_Sign out' is clicked on

2018-06-10 22:37:58 - [MESSAGE][PASSED] - Object: 'Object Repository/HealthpostToCms/Page_HealthPost Store/a_Sign out' is clicked on

2018-06-10 22:37:58 - [TEST_STEP][PASSED] - delay: Delayed 3 second(s)

2018-06-10 22:38:01 - [MESSAGE][PASSED] - Delayed 3 second(s)

2018-06-10 22:38:01 - [TEST_STEP][PASSED] - navigateToUrl: Navigate to 'http://192.168.137.1/multihospital_new/' successfully

2018-06-10 22:38:01 - [MESSAGE][PASSED] - Navigate to 'http://192.168.137.1/multihospital_new/' successfully

2018-06-10 22:38:01 - [TEST_STEP][PASSED] - click: Object: 'Object Repository/HealthpostToCms/Page_KDMC/a_CMO' is clicked on

2018-06-10 22:38:02 - [MESSAGE][PASSED] - Object: 'Object Repository/HealthpostToCms/Page_KDMC/a_CMO' is clicked on

2018-06-10 22:38:02 - [TEST_STEP][PASSED] - setText: Text 'guru' is set on object 'Object Repository/HealthpostToCms/Page_CMO login/input_txtusername'

2018-06-10 22:38:02 - [MESSAGE][PASSED] - Text 'guru' is set on object 'Object Repository/HealthpostToCms/Page_CMO login/input_txtusername'

2018-06-10 22:38:02 - [TEST_STEP][PASSED] - setText: Text '123' is set on object 'Object Repository/HealthpostToCms/Page_CMO login/input_txtpassword'

2018-06-10 22:38:02 - [MESSAGE][PASSED] - Text '123' is set on object 'Object Repository/HealthpostToCms/Page_CMO login/input_txtpassword'

2018-06-10 22:38:02 - [TEST_STEP][PASSED] - delay: Delayed 3 second(s)

2018-06-10 22:38:05 - [MESSAGE][PASSED] - Delayed 3 second(s)

2018-06-10 22:38:05 - [TEST_STEP][PASSED] - click: Object: 'Object Repository/HealthpostToCms/Page_CMO login/button_Sign in' is clicked on

2018-06-10 22:38:06 - [MESSAGE][PASSED] - Object: 'Object Repository/HealthpostToCms/Page_CMO login/button_Sign in' is clicked on

2018-06-10 22:38:06 - [TEST_STEP][PASSED] - delay: Delayed 3 second(s)

2018-06-10 22:38:09 - [MESSAGE][PASSED] - Delayed 3 second(s)

2018-06-10 22:38:09 - [TEST_STEP][PASSED] - click: Object: 'Object Repository/HealthpostToCms/Page_KDMC - CMO/a_CMS Request' is clicked on

2018-06-10 22:38:09 - [MESSAGE][PASSED] - Object: 'Object Repository/HealthpostToCms/Page_KDMC - CMO/a_CMS Request' is clicked on

2018-06-10 22:38:09 - [TEST_STEP][PASSED] - delay: Delayed 2 second(s)

2018-06-10 22:38:11 - [MESSAGE][PASSED] - Delayed 2 second(s)

2018-06-10 22:38:11 - [TEST_STEP][PASSED] - click: Object: 'Object Repository/HealthpostToCms/Page_KDMC - CMO/a_Healthpost Store Request' is clicked on

2018-06-10 22:38:11 - [MESSAGE][PASSED] - Object: 'Object Repository/HealthpostToCms/Page_KDMC - CMO/a_Healthpost Store Request' is clicked on

2018-06-10 22:38:11 - [TEST_STEP][PASSED] - selectOptionByIndex: All options with index in [1] are selected on object 'Object Repository/HealthpostToCms/Page_KDMC - CMO/select_--ALL--'

2018-06-10 22:38:12 - [MESSAGE][PASSED] - All options with index in [1] are selected on object 'Object Repository/HealthpostToCms/Page_KDMC - CMO/select_--ALL--'

2018-06-10 22:38:12 - [TEST_STEP][PASSED] - click: Object: 'Object Repository/HealthpostToCms/Page_KDMC - CMO/input_btnsearch' is clicked on

2018-06-10 22:38:12 - [MESSAGE][PASSED] - Object: 'Object Repository/HealthpostToCms/Page_KDMC - CMO/input_btnsearch' is clicked on

2018-06-10 22:38:12 - [TEST_STEP][PASSED] - Statement - ID = com.kms.katalon.core.webui.keyword.WebUiBuiltInKeywords.modifyObjectProperty(com.kms.katalon.core.testobject.ObjectRepository.findTestObject(lab/Page_KDMC - CMO/input_1), "xpath", "equals", "//*[@id=" + RID + "]", true): Modify property of object successfully

2018-06-10 22:38:12 - [MESSAGE][PASSED] - Modify property of object successfully

2018-06-10 22:38:12 - [TEST_STEP][PASSED] - click: Object: 'Object Repository/lab/Page_KDMC - CMO/input_1' is clicked on

2018-06-10 22:38:13 - [MESSAGE][PASSED] - Object: 'Object Repository/lab/Page_KDMC - CMO/input_1' is clicked on

2018-06-10 22:38:13 - [TEST_STEP][PASSED] - delay: Delayed 2 second(s)

2018-06-10 22:38:15 - [MESSAGE][PASSED] - Delayed 2 second(s)

2018-06-10 22:38:15 - [TEST_STEP][PASSED] - selectOptionByIndex: All options with index in [1] are selected on object 'Object Repository/HealthpostToCms/Page_KDMC - CMO/select_--Select--'

2018-06-10 22:38:15 - [MESSAGE][PASSED] - All options with index in [1] are selected on object 'Object Repository/HealthpostToCms/Page_KDMC - CMO/select_--Select--'

2018-06-10 22:38:15 - [TEST_STEP][PASSED] - click: Object: 'Object Repository/HealthpostToCms/Page_KDMC - CMO/input_btnupdate' is clicked on

2018-06-10 22:38:15 - [MESSAGE][PASSED] - Object: 'Object Repository/HealthpostToCms/Page_KDMC - CMO/input_btnupdate' is clicked on

2018-06-10 22:38:15 - [TEST_STEP][PASSED] - delay: Delayed 2 second(s)

2018-06-10 22:38:17 - [MESSAGE][PASSED] - Delayed 2 second(s)

2018-06-10 22:38:17 - [TEST_STEP][PASSED] - click: Object: 'Object Repository/HealthpostToCms/Page_KDMC - CMO/button_OK' is clicked on

2018-06-10 22:38:18 - [MESSAGE][PASSED] - Object: 'Object Repository/HealthpostToCms/Page_KDMC - CMO/button_OK' is clicked on

2018-06-10 22:38:18 - [TEST_STEP][PASSED] - delay: Delayed 3 second(s)

2018-06-10 22:38:21 - [MESSAGE][PASSED] - Delayed 3 second(s)

2018-06-10 22:38:21 - [TEST_STEP][PASSED] - waitForElementPresent: Object 'Object Repository/HealthpostToCms/Page_KDMC - CMO/a_dropdown-toggle' is present

2018-06-10 22:38:21 - [MESSAGE][PASSED] - Object 'Object Repository/HealthpostToCms/Page_KDMC - CMO/a_dropdown-toggle' is present

2018-06-10 22:38:21 - [TEST_STEP][PASSED] - click: Object: 'Object Repository/HealthpostToCms/Page_KDMC - CMO/a_dropdown-toggle' is clicked on

2018-06-10 22:38:21 - [MESSAGE][PASSED] - Object: 'Object Repository/HealthpostToCms/Page_KDMC - CMO/a_dropdown-toggle' is clicked on

2018-06-10 22:38:21 - [TEST_STEP][PASSED] - click: Object: 'Object Repository/HealthpostToCms/Page_KDMC - CMO/a_Sign out' is clicked on

2018-06-10 22:38:21 - [MESSAGE][PASSED] - Object: 'Object Repository/HealthpostToCms/Page_KDMC - CMO/a_Sign out' is clicked on

2018-06-10 22:38:21 - [TEST_STEP][PASSED] - delay: Delayed 3 second(s)

2018-06-10 22:38:24 - [MESSAGE][PASSED] - Delayed 3 second(s)

2018-06-10 22:38:24 - [TEST_STEP][PASSED] - click: Object: 'Object Repository/HealthpostToCms/Page_KDMC/a_CMS' is clicked on

2018-06-10 22:38:25 - [MESSAGE][PASSED] - Object: 'Object Repository/HealthpostToCms/Page_KDMC/a_CMS' is clicked on

2018-06-10 22:38:25 - [TEST_STEP][PASSED] - setText: Text 'bala' is set on object 'Object Repository/HealthpostToCms/Page_CMS login/input_txtusername'

2018-06-10 22:38:25 - [MESSAGE][PASSED] - Text 'bala' is set on object 'Object Repository/HealthpostToCms/Page_CMS login/input_txtusername'

2018-06-10 22:38:25 - [TEST_STEP][PASSED] - setText: Text '123' is set on object 'Object Repository/HealthpostToCms/Page_CMS login/input_txtpassword'

2018-06-10 22:38:25 - [MESSAGE][PASSED] - Text '123' is set on object 'Object Repository/HealthpostToCms/Page_CMS login/input_txtpassword'

2018-06-10 22:38:25 - [TEST_STEP][PASSED] - delay: Delayed 3 second(s)

2018-06-10 22:38:28 - [MESSAGE][PASSED] - Delayed 3 second(s)

2018-06-10 22:38:28 - [TEST_STEP][PASSED] - click: Object: 'Object Repository/HealthpostToCms/Page_CMS login/button_Sign in' is clicked on

2018-06-10 22:38:29 - [MESSAGE][PASSED] - Object: 'Object Repository/HealthpostToCms/Page_CMS login/button_Sign in' is clicked on

2018-06-10 22:38:29 - [TEST_STEP][PASSED] - delay: Delayed 3 second(s)

2018-06-10 22:38:32 - [MESSAGE][PASSED] - Delayed 3 second(s)

2018-06-10 22:38:32 - [TEST_STEP][PASSED] - click: Object: 'Object Repository/HealthpostToCms/Page_KDMC - CMS/a_Divisional Store' is clicked on

2018-06-10 22:38:32 - [MESSAGE][PASSED] - Object: 'Object Repository/HealthpostToCms/Page_KDMC - CMS/a_Divisional Store' is clicked on

2018-06-10 22:38:32 - [TEST_STEP][PASSED] - delay: Delayed 2 second(s)

2018-06-10 22:38:34 - [MESSAGE][PASSED] - Delayed 2 second(s)

2018-06-10 22:38:34 - [TEST_STEP][PASSED] - click: Object: 'Object Repository/HealthpostToCms/Page_KDMC - CMS/a_Dispatch Items' is clicked on

2018-06-10 22:38:34 - [MESSAGE][PASSED] - Object: 'Object Repository/HealthpostToCms/Page_KDMC - CMS/a_Dispatch Items' is clicked on

2018-06-10 22:38:34 - [TEST_STEP][PASSED] - delay: Delayed 2 second(s)

2018-06-10 22:38:36 - [MESSAGE][PASSED] - Delayed 2 second(s)

2018-06-10 22:38:36 - [TEST_STEP][PASSED] - setText: Text 'PRNO/10062018/816' is set on object 'Object Repository/HealthpostToCms/Page_KDMC - CMS/input'

2018-06-10 22:38:37 - [MESSAGE][PASSED] - Text 'PRNO/10062018/816' is set on object 'Object Repository/HealthpostToCms/Page_KDMC - CMS/input'

2018-06-10 22:38:37 - [TEST_STEP][PASSED] - click: Object: 'Object Repository/HealthpostToCms/Page_KDMC - CMS/input_PRNO18052018174' is clicked on

2018-06-10 22:38:37 - [MESSAGE][PASSED] - Object: 'Object Repository/HealthpostToCms/Page_KDMC - CMS/input_PRNO18052018174' is clicked on

2018-06-10 22:38:37 - [TEST_STEP][PASSED] - delay: Delayed 3 second(s)

2018-06-10 22:38:40 - [MESSAGE][PASSED] - Delayed 3 second(s)

2018-06-10 22:38:40 - [TEST_STEP][PASSED] - Statement - out.println("Length : " + medicineslength): null

2018-06-10 22:38:40 - [TEST_STEP][PASSED] - Statement - For ([row = 0, row < medicineslength - 1, (row++)]): null

2018-06-10 22:38:40 - [TEST_STEP][PASSED] - Statement - batchlength = new com.kms.katalon.core.testobject.TestObject(): null

2018-06-10 22:38:40 - [TEST_STEP][PASSED] - Statement - batchlength = com.kms.katalon.core.webui.keyword.WebUiBuiltInKeywords.modifyObjectProperty(batchlength, "xpath", "equals", "//*[@id = "fldvendor" + row + ""]", true): Modify property of object successfully

2018-06-10 22:38:40 - [MESSAGE][PASSED] - Modify property of object successfully

2018-06-10 22:38:40 - [TEST_STEP][PASSED] - Statement - batchsize = com.kms.katalon.core.webui.keyword.WebUiBuiltInKeywords.getNumberOfTotalOption(batchlength): 10 options of object '' counted

2018-06-10 22:38:42 - [MESSAGE][PASSED] - 10 options of object '' counted

2018-06-10 22:38:42 - [TEST_STEP][PASSED] - Statement - out.println("BatchSize : " + batchsize): null

2018-06-10 22:38:42 - [TEST_STEP][PASSED] - Statement - For ([n = 1, n <= batchsize - 1, (n++)]): null

2018-06-10 22:38:42 - [TEST_STEP][PASSED] - Statement - product = new com.kms.katalon.core.testobject.TestObject(): null

2018-06-10 22:38:42 - [TEST_STEP][PASSED] - Statement - product = com.kms.katalon.core.webui.keyword.WebUiBuiltInKeywords.modifyObjectProperty(product, "xpath", "equals", "//*[@id = "fldvendor" + row + ""]", true): Modify property of object successfully

2018-06-10 22:38:42 - [MESSAGE][PASSED] - Modify property of object successfully

2018-06-10 22:38:42 - [TEST_STEP][PASSED] - selectOptionByIndex: All options with index in [1] are selected on object ''

2018-06-10 22:38:42 - [MESSAGE][PASSED] - All options with index in [1] are selected on object ''

2018-06-10 22:38:42 - [TEST_STEP][PASSED] - Statement - batch = new com.kms.katalon.core.testobject.TestObject(): null

2018-06-10 22:38:42 - [TEST_STEP][PASSED] - Statement - batch = com.kms.katalon.core.webui.keyword.WebUiBuiltInKeywords.modifyObjectProperty(batch, "xpath", "equals", "//*[@id = "txtbthqty" + row + ""]", true): Modify property of object successfully

2018-06-10 22:38:42 - [MESSAGE][PASSED] - Modify property of object successfully

2018-06-10 22:38:42 - [TEST_STEP][PASSED] - Statement - batchqty = com.kms.katalon.core.webui.keyword.WebUiBuiltInKeywords.getAttribute(batch, "value").trim(): Attribute 'value' of object '' is: ''

2018-06-10 22:38:42 - [MESSAGE][PASSED] - Attribute 'value' of object '' is: ''

2018-06-10 22:38:42 - [TEST_STEP][PASSED] - Statement - Rqty = 100: null

2018-06-10 22:38:42 - [TEST_STEP][PASSED] - delay: Delayed 2 second(s)

2018-06-10 22:38:44 - [MESSAGE][PASSED] - Delayed 2 second(s)

2018-06-10 22:38:44 - [TEST_STEP][PASSED] - Statement - out.println("BatchQty : " + batchqty): null

2018-06-10 22:38:44 - [TEST_STEP][PASSED] - Statement - out.println("RQty : " + Rqty): null

2018-06-10 22:38:44 - [TEST_STEP][PASSED] - Statement - If (java.lang.Integer.valueOf(batchqty) >= java.lang.Integer.valueOf(Rqty)): null]]></system-out>
         <system-err><![CDATA[2018-06-10 22:32:15 - [TEST_CASE][ERROR] - Test Cases/HEALTHPOST TEST CASES/TC_HP_023 Verify Schedule 11 Healthpost To CMS Request Are Working Successfully Or Not: Test Cases/HEALTHPOST TEST CASES/TC_HP_023 Verify Schedule 11 Healthpost To CMS Request Are Working Successfully Or Not FAILED because (of) java.lang.NumberFormatException: For input string: ""]]></system-err>
      </testcase>
      <testcase name="Test Cases/HEALTHPOST TEST CASES/TC_HP_018 Verify Schedule 6 Healthpost To CMS Request Are Working Successfully Or Not" classname="Test Cases/HEALTHPOST TEST CASES/TC_HP_018 Verify Schedule 6 Healthpost To CMS Request Are Working Successfully Or Not" status="PASSED">
         <system-out><![CDATA[2018-06-10 22:38:44 - [TEST_CASE][PASSED] - Test Cases/HEALTHPOST TEST CASES/TC_HP_018 Verify Schedule 6 Healthpost To CMS Request Are Working Successfully Or Not: Test Cases/HEALTHPOST TEST CASES/TC_HP_018 Verify Schedule 6 Healthpost To CMS Request Are Working Successfully Or Not

2018-06-10 22:38:44 - [TEST_STEP][PASSED] - openBrowser: Browser is opened with url: ''

2018-06-10 22:38:44 - [MESSAGE][WARNING] - A browser is already opened. Closing browser and opening a new one

2018-06-10 22:38:47 - [MESSAGE][PASSED] - Browser is opened with url: ''

2018-06-10 22:38:47 - [TEST_STEP][PASSED] - navigateToUrl: Navigate to 'http://192.168.137.1/multihospital_new/HDSplashscreen.aspx' successfully

2018-06-10 22:38:49 - [MESSAGE][PASSED] - Navigate to 'http://192.168.137.1/multihospital_new/HDSplashscreen.aspx' successfully

2018-06-10 22:38:49 - [TEST_STEP][PASSED] - maximizeWindow: Current window maximized

2018-06-10 22:38:50 - [MESSAGE][PASSED] - Current window maximized

2018-06-10 22:38:50 - [TEST_STEP][PASSED] - click: Object: 'Object Repository/HealthpostToCms/Page_KDMC/a_Healthpost Store' is clicked on

2018-06-10 22:38:51 - [MESSAGE][PASSED] - Object: 'Object Repository/HealthpostToCms/Page_KDMC/a_Healthpost Store' is clicked on

2018-06-10 22:38:51 - [TEST_STEP][PASSED] - setText: Text 'raguram' is set on object 'Object Repository/HealthpostToCms/Page_HealthPost Store Login/input_txtusername'

2018-06-10 22:38:51 - [MESSAGE][PASSED] - Text 'raguram' is set on object 'Object Repository/HealthpostToCms/Page_HealthPost Store Login/input_txtusername'

2018-06-10 22:38:51 - [TEST_STEP][PASSED] - setText: Text '123' is set on object 'Object Repository/HealthpostToCms/Page_HealthPost Store Login/input_txtpassword'

2018-06-10 22:38:51 - [MESSAGE][PASSED] - Text '123' is set on object 'Object Repository/HealthpostToCms/Page_HealthPost Store Login/input_txtpassword'

2018-06-10 22:38:51 - [TEST_STEP][PASSED] - delay: Delayed 3 second(s)

2018-06-10 22:38:54 - [MESSAGE][PASSED] - Delayed 3 second(s)

2018-06-10 22:38:54 - [TEST_STEP][PASSED] - click: Object: 'Object Repository/HealthpostToCms/Page_HealthPost Store Login/button_Sign in' is clicked on

2018-06-10 22:38:55 - [MESSAGE][PASSED] - Object: 'Object Repository/HealthpostToCms/Page_HealthPost Store Login/button_Sign in' is clicked on

2018-06-10 22:38:55 - [TEST_STEP][PASSED] - delay: Delayed 3 second(s)

2018-06-10 22:38:58 - [MESSAGE][PASSED] - Delayed 3 second(s)

2018-06-10 22:38:58 - [TEST_STEP][PASSED] - click: Object: 'Object Repository/HealthpostToCms/Page_HealthPost Store/a_CMS' is clicked on

2018-06-10 22:38:58 - [MESSAGE][PASSED] - Object: 'Object Repository/HealthpostToCms/Page_HealthPost Store/a_CMS' is clicked on

2018-06-10 22:38:58 - [TEST_STEP][PASSED] - delay: Delayed 1 second(s)

2018-06-10 22:38:59 - [MESSAGE][PASSED] - Delayed 1 second(s)

2018-06-10 22:38:59 - [TEST_STEP][PASSED] - click: Object: 'Object Repository/HealthpostToCms/Page_HealthPost Store/a_Request Send' is clicked on

2018-06-10 22:39:00 - [MESSAGE][PASSED] - Object: 'Object Repository/HealthpostToCms/Page_HealthPost Store/a_Request Send' is clicked on

2018-06-10 22:39:00 - [TEST_STEP][PASSED] - delay: Delayed 2 second(s)

2018-06-10 22:39:02 - [MESSAGE][PASSED] - Delayed 2 second(s)

2018-06-10 22:39:02 - [TEST_STEP][PASSED] - selectOptionByIndex: All options with index in [2] are selected on object 'Object Repository/HealthpostToCms/Page_HealthPost Store/select_--Select--'

2018-06-10 22:39:02 - [MESSAGE][PASSED] - All options with index in [2] are selected on object 'Object Repository/HealthpostToCms/Page_HealthPost Store/select_--Select--'

2018-06-10 22:39:02 - [TEST_STEP][PASSED] - selectOptionByIndex: All options with index in [6] are selected on object 'Object Repository/HealthpostToCms/Page_HealthPost Store/select_--Select--Schedule 1Inj'

2018-06-10 22:39:02 - [MESSAGE][PASSED] - All options with index in [6] are selected on object 'Object Repository/HealthpostToCms/Page_HealthPost Store/select_--Select--Schedule 1Inj'

2018-06-10 22:39:02 - [TEST_STEP][PASSED] - Statement - medicineslength = com.kms.katalon.core.webui.keyword.WebUiBuiltInKeywords.getNumberOfTotalOption(com.kms.katalon.core.testobject.ObjectRepository.findTestObject(HealthpostToCms/Page_HealthPost Store/select_--Select--Adernaline 0.)): 14 options of object 'Object Repository/HealthpostToCms/Page_HealthPost Store/select_--Select--Adernaline 0.' counted

2018-06-10 22:39:02 - [MESSAGE][PASSED] - 14 options of object 'Object Repository/HealthpostToCms/Page_HealthPost Store/select_--Select--Adernaline 0.' counted

2018-06-10 22:39:02 - [TEST_STEP][PASSED] - Statement - For ([e = 1, e <= medicineslength - 1, (e++)]): Object: 'Object Repository/HealthpostToCms/Page_HealthPost Store/button_Add' is clicked on

2018-06-10 22:39:02 - [TEST_STEP][PASSED] - selectOptionByIndex: All options with index in [6] are selected on object 'Object Repository/HealthpostToCms/Page_HealthPost Store/select_--Select--Schedule 1Inj'

2018-06-10 22:39:02 - [MESSAGE][PASSED] - All options with index in [6] are selected on object 'Object Repository/HealthpostToCms/Page_HealthPost Store/select_--Select--Schedule 1Inj'

2018-06-10 22:39:02 - [TEST_STEP][PASSED] - selectOptionByIndex: All options with index in [1] are selected on object 'Object Repository/HealthpostToCms/Page_HealthPost Store/select_--Select--Adernaline 0.'

2018-06-10 22:39:02 - [MESSAGE][PASSED] - All options with index in [1] are selected on object 'Object Repository/HealthpostToCms/Page_HealthPost Store/select_--Select--Adernaline 0.'

2018-06-10 22:39:02 - [TEST_STEP][PASSED] - setText: Text '100' is set on object 'Object Repository/HealthpostToCms/Page_HealthPost Store/input_txttreat'

2018-06-10 22:39:02 - [MESSAGE][PASSED] - Text '100' is set on object 'Object Repository/HealthpostToCms/Page_HealthPost Store/input_txttreat'

2018-06-10 22:39:02 - [TEST_STEP][PASSED] - click: Object: 'Object Repository/HealthpostToCms/Page_HealthPost Store/button_Add' is clicked on

2018-06-10 22:39:02 - [MESSAGE][PASSED] - Object: 'Object Repository/HealthpostToCms/Page_HealthPost Store/button_Add' is clicked on

2018-06-10 22:39:02 - [TEST_STEP][PASSED] - selectOptionByIndex: All options with index in [6] are selected on object 'Object Repository/HealthpostToCms/Page_HealthPost Store/select_--Select--Schedule 1Inj'

2018-06-10 22:39:03 - [MESSAGE][PASSED] - All options with index in [6] are selected on object 'Object Repository/HealthpostToCms/Page_HealthPost Store/select_--Select--Schedule 1Inj'

2018-06-10 22:39:03 - [TEST_STEP][PASSED] - selectOptionByIndex: All options with index in [2] are selected on object 'Object Repository/HealthpostToCms/Page_HealthPost Store/select_--Select--Adernaline 0.'

2018-06-10 22:39:03 - [MESSAGE][PASSED] - All options with index in [2] are selected on object 'Object Repository/HealthpostToCms/Page_HealthPost Store/select_--Select--Adernaline 0.'

2018-06-10 22:39:03 - [TEST_STEP][PASSED] - setText: Text '100' is set on object 'Object Repository/HealthpostToCms/Page_HealthPost Store/input_txttreat'

2018-06-10 22:39:03 - [MESSAGE][PASSED] - Text '100' is set on object 'Object Repository/HealthpostToCms/Page_HealthPost Store/input_txttreat'

2018-06-10 22:39:03 - [TEST_STEP][PASSED] - click: Object: 'Object Repository/HealthpostToCms/Page_HealthPost Store/button_Add' is clicked on

2018-06-10 22:39:03 - [MESSAGE][PASSED] - Object: 'Object Repository/HealthpostToCms/Page_HealthPost Store/button_Add' is clicked on

2018-06-10 22:39:03 - [TEST_STEP][PASSED] - selectOptionByIndex: All options with index in [6] are selected on object 'Object Repository/HealthpostToCms/Page_HealthPost Store/select_--Select--Schedule 1Inj'

2018-06-10 22:39:03 - [MESSAGE][PASSED] - All options with index in [6] are selected on object 'Object Repository/HealthpostToCms/Page_HealthPost Store/select_--Select--Schedule 1Inj'

2018-06-10 22:39:03 - [TEST_STEP][PASSED] - selectOptionByIndex: All options with index in [3] are selected on object 'Object Repository/HealthpostToCms/Page_HealthPost Store/select_--Select--Adernaline 0.'

2018-06-10 22:39:03 - [MESSAGE][PASSED] - All options with index in [3] are selected on object 'Object Repository/HealthpostToCms/Page_HealthPost Store/select_--Select--Adernaline 0.'

2018-06-10 22:39:03 - [TEST_STEP][PASSED] - setText: Text '100' is set on object 'Object Repository/HealthpostToCms/Page_HealthPost Store/input_txttreat'

2018-06-10 22:39:03 - [MESSAGE][PASSED] - Text '100' is set on object 'Object Repository/HealthpostToCms/Page_HealthPost Store/input_txttreat'

2018-06-10 22:39:03 - [TEST_STEP][PASSED] - click: Object: 'Object Repository/HealthpostToCms/Page_HealthPost Store/button_Add' is clicked on

2018-06-10 22:39:03 - [MESSAGE][PASSED] - Object: 'Object Repository/HealthpostToCms/Page_HealthPost Store/button_Add' is clicked on

2018-06-10 22:39:03 - [TEST_STEP][PASSED] - selectOptionByIndex: All options with index in [6] are selected on object 'Object Repository/HealthpostToCms/Page_HealthPost Store/select_--Select--Schedule 1Inj'

2018-06-10 22:39:04 - [MESSAGE][PASSED] - All options with index in [6] are selected on object 'Object Repository/HealthpostToCms/Page_HealthPost Store/select_--Select--Schedule 1Inj'

2018-06-10 22:39:04 - [TEST_STEP][PASSED] - selectOptionByIndex: All options with index in [4] are selected on object 'Object Repository/HealthpostToCms/Page_HealthPost Store/select_--Select--Adernaline 0.'

2018-06-10 22:39:04 - [MESSAGE][PASSED] - All options with index in [4] are selected on object 'Object Repository/HealthpostToCms/Page_HealthPost Store/select_--Select--Adernaline 0.'

2018-06-10 22:39:04 - [TEST_STEP][PASSED] - setText: Text '100' is set on object 'Object Repository/HealthpostToCms/Page_HealthPost Store/input_txttreat'

2018-06-10 22:39:04 - [MESSAGE][PASSED] - Text '100' is set on object 'Object Repository/HealthpostToCms/Page_HealthPost Store/input_txttreat'

2018-06-10 22:39:04 - [TEST_STEP][PASSED] - click: Object: 'Object Repository/HealthpostToCms/Page_HealthPost Store/button_Add' is clicked on

2018-06-10 22:39:04 - [MESSAGE][PASSED] - Object: 'Object Repository/HealthpostToCms/Page_HealthPost Store/button_Add' is clicked on

2018-06-10 22:39:04 - [TEST_STEP][PASSED] - selectOptionByIndex: All options with index in [6] are selected on object 'Object Repository/HealthpostToCms/Page_HealthPost Store/select_--Select--Schedule 1Inj'

2018-06-10 22:39:04 - [MESSAGE][PASSED] - All options with index in [6] are selected on object 'Object Repository/HealthpostToCms/Page_HealthPost Store/select_--Select--Schedule 1Inj'

2018-06-10 22:39:04 - [TEST_STEP][PASSED] - selectOptionByIndex: All options with index in [5] are selected on object 'Object Repository/HealthpostToCms/Page_HealthPost Store/select_--Select--Adernaline 0.'

2018-06-10 22:39:04 - [MESSAGE][PASSED] - All options with index in [5] are selected on object 'Object Repository/HealthpostToCms/Page_HealthPost Store/select_--Select--Adernaline 0.'

2018-06-10 22:39:04 - [TEST_STEP][PASSED] - setText: Text '100' is set on object 'Object Repository/HealthpostToCms/Page_HealthPost Store/input_txttreat'

2018-06-10 22:39:04 - [MESSAGE][PASSED] - Text '100' is set on object 'Object Repository/HealthpostToCms/Page_HealthPost Store/input_txttreat'

2018-06-10 22:39:04 - [TEST_STEP][PASSED] - click: Object: 'Object Repository/HealthpostToCms/Page_HealthPost Store/button_Add' is clicked on

2018-06-10 22:39:04 - [MESSAGE][PASSED] - Object: 'Object Repository/HealthpostToCms/Page_HealthPost Store/button_Add' is clicked on

2018-06-10 22:39:04 - [TEST_STEP][PASSED] - selectOptionByIndex: All options with index in [6] are selected on object 'Object Repository/HealthpostToCms/Page_HealthPost Store/select_--Select--Schedule 1Inj'

2018-06-10 22:39:05 - [MESSAGE][PASSED] - All options with index in [6] are selected on object 'Object Repository/HealthpostToCms/Page_HealthPost Store/select_--Select--Schedule 1Inj'

2018-06-10 22:39:05 - [TEST_STEP][PASSED] - selectOptionByIndex: All options with index in [6] are selected on object 'Object Repository/HealthpostToCms/Page_HealthPost Store/select_--Select--Adernaline 0.'

2018-06-10 22:39:05 - [MESSAGE][PASSED] - All options with index in [6] are selected on object 'Object Repository/HealthpostToCms/Page_HealthPost Store/select_--Select--Adernaline 0.'

2018-06-10 22:39:05 - [TEST_STEP][PASSED] - setText: Text '100' is set on object 'Object Repository/HealthpostToCms/Page_HealthPost Store/input_txttreat'

2018-06-10 22:39:05 - [MESSAGE][PASSED] - Text '100' is set on object 'Object Repository/HealthpostToCms/Page_HealthPost Store/input_txttreat'

2018-06-10 22:39:05 - [TEST_STEP][PASSED] - click: Object: 'Object Repository/HealthpostToCms/Page_HealthPost Store/button_Add' is clicked on

2018-06-10 22:39:05 - [MESSAGE][PASSED] - Object: 'Object Repository/HealthpostToCms/Page_HealthPost Store/button_Add' is clicked on

2018-06-10 22:39:05 - [TEST_STEP][PASSED] - selectOptionByIndex: All options with index in [6] are selected on object 'Object Repository/HealthpostToCms/Page_HealthPost Store/select_--Select--Schedule 1Inj'

2018-06-10 22:39:05 - [MESSAGE][PASSED] - All options with index in [6] are selected on object 'Object Repository/HealthpostToCms/Page_HealthPost Store/select_--Select--Schedule 1Inj'

2018-06-10 22:39:05 - [TEST_STEP][PASSED] - selectOptionByIndex: All options with index in [7] are selected on object 'Object Repository/HealthpostToCms/Page_HealthPost Store/select_--Select--Adernaline 0.'

2018-06-10 22:39:05 - [MESSAGE][PASSED] - All options with index in [7] are selected on object 'Object Repository/HealthpostToCms/Page_HealthPost Store/select_--Select--Adernaline 0.'

2018-06-10 22:39:05 - [TEST_STEP][PASSED] - setText: Text '100' is set on object 'Object Repository/HealthpostToCms/Page_HealthPost Store/input_txttreat'

2018-06-10 22:39:05 - [MESSAGE][PASSED] - Text '100' is set on object 'Object Repository/HealthpostToCms/Page_HealthPost Store/input_txttreat'

2018-06-10 22:39:05 - [TEST_STEP][PASSED] - click: Object: 'Object Repository/HealthpostToCms/Page_HealthPost Store/button_Add' is clicked on

2018-06-10 22:39:06 - [MESSAGE][PASSED] - Object: 'Object Repository/HealthpostToCms/Page_HealthPost Store/button_Add' is clicked on

2018-06-10 22:39:06 - [TEST_STEP][PASSED] - selectOptionByIndex: All options with index in [6] are selected on object 'Object Repository/HealthpostToCms/Page_HealthPost Store/select_--Select--Schedule 1Inj'

2018-06-10 22:39:06 - [MESSAGE][PASSED] - All options with index in [6] are selected on object 'Object Repository/HealthpostToCms/Page_HealthPost Store/select_--Select--Schedule 1Inj'

2018-06-10 22:39:06 - [TEST_STEP][PASSED] - selectOptionByIndex: All options with index in [8] are selected on object 'Object Repository/HealthpostToCms/Page_HealthPost Store/select_--Select--Adernaline 0.'

2018-06-10 22:39:06 - [MESSAGE][PASSED] - All options with index in [8] are selected on object 'Object Repository/HealthpostToCms/Page_HealthPost Store/select_--Select--Adernaline 0.'

2018-06-10 22:39:06 - [TEST_STEP][PASSED] - setText: Text '100' is set on object 'Object Repository/HealthpostToCms/Page_HealthPost Store/input_txttreat'

2018-06-10 22:39:06 - [MESSAGE][PASSED] - Text '100' is set on object 'Object Repository/HealthpostToCms/Page_HealthPost Store/input_txttreat'

2018-06-10 22:39:06 - [TEST_STEP][PASSED] - click: Object: 'Object Repository/HealthpostToCms/Page_HealthPost Store/button_Add' is clicked on

2018-06-10 22:39:06 - [MESSAGE][PASSED] - Object: 'Object Repository/HealthpostToCms/Page_HealthPost Store/button_Add' is clicked on

2018-06-10 22:39:06 - [TEST_STEP][PASSED] - selectOptionByIndex: All options with index in [6] are selected on object 'Object Repository/HealthpostToCms/Page_HealthPost Store/select_--Select--Schedule 1Inj'

2018-06-10 22:39:06 - [MESSAGE][PASSED] - All options with index in [6] are selected on object 'Object Repository/HealthpostToCms/Page_HealthPost Store/select_--Select--Schedule 1Inj'

2018-06-10 22:39:06 - [TEST_STEP][PASSED] - selectOptionByIndex: All options with index in [9] are selected on object 'Object Repository/HealthpostToCms/Page_HealthPost Store/select_--Select--Adernaline 0.'

2018-06-10 22:39:06 - [MESSAGE][PASSED] - All options with index in [9] are selected on object 'Object Repository/HealthpostToCms/Page_HealthPost Store/select_--Select--Adernaline 0.'

2018-06-10 22:39:06 - [TEST_STEP][PASSED] - setText: Text '100' is set on object 'Object Repository/HealthpostToCms/Page_HealthPost Store/input_txttreat'

2018-06-10 22:39:07 - [MESSAGE][PASSED] - Text '100' is set on object 'Object Repository/HealthpostToCms/Page_HealthPost Store/input_txttreat'

2018-06-10 22:39:07 - [TEST_STEP][PASSED] - click: Object: 'Object Repository/HealthpostToCms/Page_HealthPost Store/button_Add' is clicked on

2018-06-10 22:39:07 - [MESSAGE][PASSED] - Object: 'Object Repository/HealthpostToCms/Page_HealthPost Store/button_Add' is clicked on

2018-06-10 22:39:07 - [TEST_STEP][PASSED] - selectOptionByIndex: All options with index in [6] are selected on object 'Object Repository/HealthpostToCms/Page_HealthPost Store/select_--Select--Schedule 1Inj'

2018-06-10 22:39:07 - [MESSAGE][PASSED] - All options with index in [6] are selected on object 'Object Repository/HealthpostToCms/Page_HealthPost Store/select_--Select--Schedule 1Inj'

2018-06-10 22:39:07 - [TEST_STEP][PASSED] - selectOptionByIndex: All options with index in [10] are selected on object 'Object Repository/HealthpostToCms/Page_HealthPost Store/select_--Select--Adernaline 0.'

2018-06-10 22:39:07 - [MESSAGE][PASSED] - All options with index in [10] are selected on object 'Object Repository/HealthpostToCms/Page_HealthPost Store/select_--Select--Adernaline 0.'

2018-06-10 22:39:07 - [TEST_STEP][PASSED] - setText: Text '100' is set on object 'Object Repository/HealthpostToCms/Page_HealthPost Store/input_txttreat'

2018-06-10 22:39:07 - [MESSAGE][PASSED] - Text '100' is set on object 'Object Repository/HealthpostToCms/Page_HealthPost Store/input_txttreat'

2018-06-10 22:39:07 - [TEST_STEP][PASSED] - click: Object: 'Object Repository/HealthpostToCms/Page_HealthPost Store/button_Add' is clicked on

2018-06-10 22:39:07 - [MESSAGE][PASSED] - Object: 'Object Repository/HealthpostToCms/Page_HealthPost Store/button_Add' is clicked on

2018-06-10 22:39:07 - [TEST_STEP][PASSED] - selectOptionByIndex: All options with index in [6] are selected on object 'Object Repository/HealthpostToCms/Page_HealthPost Store/select_--Select--Schedule 1Inj'

2018-06-10 22:39:07 - [MESSAGE][PASSED] - All options with index in [6] are selected on object 'Object Repository/HealthpostToCms/Page_HealthPost Store/select_--Select--Schedule 1Inj'

2018-06-10 22:39:07 - [TEST_STEP][PASSED] - selectOptionByIndex: All options with index in [11] are selected on object 'Object Repository/HealthpostToCms/Page_HealthPost Store/select_--Select--Adernaline 0.'

2018-06-10 22:39:08 - [MESSAGE][PASSED] - All options with index in [11] are selected on object 'Object Repository/HealthpostToCms/Page_HealthPost Store/select_--Select--Adernaline 0.'

2018-06-10 22:39:08 - [TEST_STEP][PASSED] - setText: Text '100' is set on object 'Object Repository/HealthpostToCms/Page_HealthPost Store/input_txttreat'

2018-06-10 22:39:08 - [MESSAGE][PASSED] - Text '100' is set on object 'Object Repository/HealthpostToCms/Page_HealthPost Store/input_txttreat'

2018-06-10 22:39:08 - [TEST_STEP][PASSED] - click: Object: 'Object Repository/HealthpostToCms/Page_HealthPost Store/button_Add' is clicked on

2018-06-10 22:39:08 - [MESSAGE][PASSED] - Object: 'Object Repository/HealthpostToCms/Page_HealthPost Store/button_Add' is clicked on

2018-06-10 22:39:08 - [TEST_STEP][PASSED] - selectOptionByIndex: All options with index in [6] are selected on object 'Object Repository/HealthpostToCms/Page_HealthPost Store/select_--Select--Schedule 1Inj'

2018-06-10 22:39:08 - [MESSAGE][PASSED] - All options with index in [6] are selected on object 'Object Repository/HealthpostToCms/Page_HealthPost Store/select_--Select--Schedule 1Inj'

2018-06-10 22:39:08 - [TEST_STEP][PASSED] - selectOptionByIndex: All options with index in [12] are selected on object 'Object Repository/HealthpostToCms/Page_HealthPost Store/select_--Select--Adernaline 0.'

2018-06-10 22:39:08 - [MESSAGE][PASSED] - All options with index in [12] are selected on object 'Object Repository/HealthpostToCms/Page_HealthPost Store/select_--Select--Adernaline 0.'

2018-06-10 22:39:08 - [TEST_STEP][PASSED] - setText: Text '100' is set on object 'Object Repository/HealthpostToCms/Page_HealthPost Store/input_txttreat'

2018-06-10 22:39:08 - [MESSAGE][PASSED] - Text '100' is set on object 'Object Repository/HealthpostToCms/Page_HealthPost Store/input_txttreat'

2018-06-10 22:39:08 - [TEST_STEP][PASSED] - click: Object: 'Object Repository/HealthpostToCms/Page_HealthPost Store/button_Add' is clicked on

2018-06-10 22:39:08 - [MESSAGE][PASSED] - Object: 'Object Repository/HealthpostToCms/Page_HealthPost Store/button_Add' is clicked on

2018-06-10 22:39:08 - [TEST_STEP][PASSED] - selectOptionByIndex: All options with index in [6] are selected on object 'Object Repository/HealthpostToCms/Page_HealthPost Store/select_--Select--Schedule 1Inj'

2018-06-10 22:39:08 - [MESSAGE][PASSED] - All options with index in [6] are selected on object 'Object Repository/HealthpostToCms/Page_HealthPost Store/select_--Select--Schedule 1Inj'

2018-06-10 22:39:08 - [TEST_STEP][PASSED] - selectOptionByIndex: All options with index in [13] are selected on object 'Object Repository/HealthpostToCms/Page_HealthPost Store/select_--Select--Adernaline 0.'

2018-06-10 22:39:09 - [MESSAGE][PASSED] - All options with index in [13] are selected on object 'Object Repository/HealthpostToCms/Page_HealthPost Store/select_--Select--Adernaline 0.'

2018-06-10 22:39:09 - [TEST_STEP][PASSED] - setText: Text '100' is set on object 'Object Repository/HealthpostToCms/Page_HealthPost Store/input_txttreat'

2018-06-10 22:39:09 - [MESSAGE][PASSED] - Text '100' is set on object 'Object Repository/HealthpostToCms/Page_HealthPost Store/input_txttreat'

2018-06-10 22:39:09 - [TEST_STEP][PASSED] - click: Object: 'Object Repository/HealthpostToCms/Page_HealthPost Store/button_Add' is clicked on

2018-06-10 22:39:09 - [MESSAGE][PASSED] - Object: 'Object Repository/HealthpostToCms/Page_HealthPost Store/button_Add' is clicked on

2018-06-10 22:39:09 - [TEST_STEP][PASSED] - scrollToElement: Scroll to object 'Object Repository/HealthpostToCms/Page_HealthPost Store/input_btnsave' successfully

2018-06-10 22:39:09 - [MESSAGE][PASSED] - Scroll to object 'Object Repository/HealthpostToCms/Page_HealthPost Store/input_btnsave' successfully

2018-06-10 22:39:09 - [TEST_STEP][PASSED] - click: Object: 'Object Repository/HealthpostToCms/Page_HealthPost Store/input_btnsave' is clicked on

2018-06-10 22:39:09 - [MESSAGE][PASSED] - Object: 'Object Repository/HealthpostToCms/Page_HealthPost Store/input_btnsave' is clicked on

2018-06-10 22:39:09 - [TEST_STEP][PASSED] - delay: Delayed 3 second(s)

2018-06-10 22:39:12 - [MESSAGE][PASSED] - Delayed 3 second(s)

2018-06-10 22:39:12 - [TEST_STEP][PASSED] - Statement - RN1 = com.kms.katalon.core.webui.keyword.WebUiBuiltInKeywords.getText(com.kms.katalon.core.testobject.ObjectRepository.findTestObject(HealthpostToCms/Page_HealthPost Store/font_PRNO18052018174)): Text of object 'Object Repository/HealthpostToCms/Page_HealthPost Store/font_PRNO18052018174' is: 'PRNO/10062018/817'

2018-06-10 22:39:12 - [MESSAGE][PASSED] - Text of object 'Object Repository/HealthpostToCms/Page_HealthPost Store/font_PRNO18052018174' is: 'PRNO/10062018/817'

2018-06-10 22:39:12 - [TEST_STEP][PASSED] - Statement - out.println(RN1): null

2018-06-10 22:39:12 - [TEST_STEP][PASSED] - Statement - RID = RN1.split("/")[2]: null

2018-06-10 22:39:12 - [TEST_STEP][PASSED] - click: Object: 'Object Repository/HealthpostToCms/Page_HealthPost Store/button_OK' is clicked on

2018-06-10 22:39:13 - [MESSAGE][PASSED] - Object: 'Object Repository/HealthpostToCms/Page_HealthPost Store/button_OK' is clicked on

2018-06-10 22:39:13 - [TEST_STEP][PASSED] - delay: Delayed 3 second(s)

2018-06-10 22:39:16 - [MESSAGE][PASSED] - Delayed 3 second(s)

2018-06-10 22:39:16 - [TEST_STEP][PASSED] - waitForElementPresent: Object 'Object Repository/HealthpostToCms/Page_HealthPost Store/a_dropdown-toggle' is present

2018-06-10 22:39:16 - [MESSAGE][PASSED] - Object 'Object Repository/HealthpostToCms/Page_HealthPost Store/a_dropdown-toggle' is present

2018-06-10 22:39:16 - [TEST_STEP][PASSED] - click: Object: 'Object Repository/HealthpostToCms/Page_HealthPost Store/a_dropdown-toggle' is clicked on

2018-06-10 22:39:16 - [MESSAGE][PASSED] - Object: 'Object Repository/HealthpostToCms/Page_HealthPost Store/a_dropdown-toggle' is clicked on

2018-06-10 22:39:16 - [TEST_STEP][PASSED] - click: Object: 'Object Repository/HealthpostToCms/Page_HealthPost Store/a_Sign out' is clicked on

2018-06-10 22:39:16 - [MESSAGE][PASSED] - Object: 'Object Repository/HealthpostToCms/Page_HealthPost Store/a_Sign out' is clicked on

2018-06-10 22:39:16 - [TEST_STEP][PASSED] - delay: Delayed 3 second(s)

2018-06-10 22:39:19 - [MESSAGE][PASSED] - Delayed 3 second(s)

2018-06-10 22:39:19 - [TEST_STEP][PASSED] - navigateToUrl: Navigate to 'http://192.168.137.1/multihospital_new/' successfully

2018-06-10 22:39:20 - [MESSAGE][PASSED] - Navigate to 'http://192.168.137.1/multihospital_new/' successfully

2018-06-10 22:39:20 - [TEST_STEP][PASSED] - click: Object: 'Object Repository/HealthpostToCms/Page_KDMC/a_CMO' is clicked on

2018-06-10 22:39:20 - [MESSAGE][PASSED] - Object: 'Object Repository/HealthpostToCms/Page_KDMC/a_CMO' is clicked on

2018-06-10 22:39:20 - [TEST_STEP][PASSED] - setText: Text 'guru' is set on object 'Object Repository/HealthpostToCms/Page_CMO login/input_txtusername'

2018-06-10 22:39:21 - [MESSAGE][PASSED] - Text 'guru' is set on object 'Object Repository/HealthpostToCms/Page_CMO login/input_txtusername'

2018-06-10 22:39:21 - [TEST_STEP][PASSED] - setText: Text '123' is set on object 'Object Repository/HealthpostToCms/Page_CMO login/input_txtpassword'

2018-06-10 22:39:21 - [MESSAGE][PASSED] - Text '123' is set on object 'Object Repository/HealthpostToCms/Page_CMO login/input_txtpassword'

2018-06-10 22:39:21 - [TEST_STEP][PASSED] - delay: Delayed 3 second(s)

2018-06-10 22:39:24 - [MESSAGE][PASSED] - Delayed 3 second(s)

2018-06-10 22:39:24 - [TEST_STEP][PASSED] - click: Object: 'Object Repository/HealthpostToCms/Page_CMO login/button_Sign in' is clicked on

2018-06-10 22:39:25 - [MESSAGE][PASSED] - Object: 'Object Repository/HealthpostToCms/Page_CMO login/button_Sign in' is clicked on

2018-06-10 22:39:25 - [TEST_STEP][PASSED] - delay: Delayed 3 second(s)

2018-06-10 22:39:28 - [MESSAGE][PASSED] - Delayed 3 second(s)

2018-06-10 22:39:28 - [TEST_STEP][PASSED] - click: Object: 'Object Repository/HealthpostToCms/Page_KDMC - CMO/a_CMS Request' is clicked on

2018-06-10 22:39:28 - [MESSAGE][PASSED] - Object: 'Object Repository/HealthpostToCms/Page_KDMC - CMO/a_CMS Request' is clicked on

2018-06-10 22:39:28 - [TEST_STEP][PASSED] - delay: Delayed 2 second(s)

2018-06-10 22:39:30 - [MESSAGE][PASSED] - Delayed 2 second(s)

2018-06-10 22:39:30 - [TEST_STEP][PASSED] - click: Object: 'Object Repository/HealthpostToCms/Page_KDMC - CMO/a_Healthpost Store Request' is clicked on

2018-06-10 22:39:30 - [MESSAGE][PASSED] - Object: 'Object Repository/HealthpostToCms/Page_KDMC - CMO/a_Healthpost Store Request' is clicked on

2018-06-10 22:39:30 - [TEST_STEP][PASSED] - selectOptionByIndex: All options with index in [1] are selected on object 'Object Repository/HealthpostToCms/Page_KDMC - CMO/select_--ALL--'

2018-06-10 22:39:30 - [MESSAGE][PASSED] - All options with index in [1] are selected on object 'Object Repository/HealthpostToCms/Page_KDMC - CMO/select_--ALL--'

2018-06-10 22:39:30 - [TEST_STEP][PASSED] - click: Object: 'Object Repository/HealthpostToCms/Page_KDMC - CMO/input_btnsearch' is clicked on

2018-06-10 22:39:30 - [MESSAGE][PASSED] - Object: 'Object Repository/HealthpostToCms/Page_KDMC - CMO/input_btnsearch' is clicked on

2018-06-10 22:39:30 - [TEST_STEP][PASSED] - Statement - ID = com.kms.katalon.core.webui.keyword.WebUiBuiltInKeywords.modifyObjectProperty(com.kms.katalon.core.testobject.ObjectRepository.findTestObject(lab/Page_KDMC - CMO/input_1), "xpath", "equals", "//*[@id=" + RID + "]", true): Modify property of object successfully

2018-06-10 22:39:30 - [MESSAGE][PASSED] - Modify property of object successfully

2018-06-10 22:39:30 - [TEST_STEP][PASSED] - click: Object: 'Object Repository/lab/Page_KDMC - CMO/input_1' is clicked on

2018-06-10 22:39:31 - [MESSAGE][PASSED] - Object: 'Object Repository/lab/Page_KDMC - CMO/input_1' is clicked on

2018-06-10 22:39:31 - [TEST_STEP][PASSED] - delay: Delayed 2 second(s)

2018-06-10 22:39:33 - [MESSAGE][PASSED] - Delayed 2 second(s)

2018-06-10 22:39:33 - [TEST_STEP][PASSED] - selectOptionByIndex: All options with index in [1] are selected on object 'Object Repository/HealthpostToCms/Page_KDMC - CMO/select_--Select--'

2018-06-10 22:39:33 - [MESSAGE][PASSED] - All options with index in [1] are selected on object 'Object Repository/HealthpostToCms/Page_KDMC - CMO/select_--Select--'

2018-06-10 22:39:33 - [TEST_STEP][PASSED] - click: Object: 'Object Repository/HealthpostToCms/Page_KDMC - CMO/input_btnupdate' is clicked on

2018-06-10 22:39:33 - [MESSAGE][PASSED] - Object: 'Object Repository/HealthpostToCms/Page_KDMC - CMO/input_btnupdate' is clicked on

2018-06-10 22:39:33 - [TEST_STEP][PASSED] - delay: Delayed 2 second(s)

2018-06-10 22:39:35 - [MESSAGE][PASSED] - Delayed 2 second(s)

2018-06-10 22:39:35 - [TEST_STEP][PASSED] - click: Object: 'Object Repository/HealthpostToCms/Page_KDMC - CMO/button_OK' is clicked on

2018-06-10 22:39:36 - [MESSAGE][PASSED] - Object: 'Object Repository/HealthpostToCms/Page_KDMC - CMO/button_OK' is clicked on

2018-06-10 22:39:36 - [TEST_STEP][PASSED] - delay: Delayed 3 second(s)

2018-06-10 22:39:39 - [MESSAGE][PASSED] - Delayed 3 second(s)

2018-06-10 22:39:39 - [TEST_STEP][PASSED] - waitForElementPresent: Object 'Object Repository/HealthpostToCms/Page_KDMC - CMO/a_dropdown-toggle' is present

2018-06-10 22:39:39 - [MESSAGE][PASSED] - Object 'Object Repository/HealthpostToCms/Page_KDMC - CMO/a_dropdown-toggle' is present

2018-06-10 22:39:39 - [TEST_STEP][PASSED] - click: Object: 'Object Repository/HealthpostToCms/Page_KDMC - CMO/a_dropdown-toggle' is clicked on

2018-06-10 22:39:39 - [MESSAGE][PASSED] - Object: 'Object Repository/HealthpostToCms/Page_KDMC - CMO/a_dropdown-toggle' is clicked on

2018-06-10 22:39:39 - [TEST_STEP][PASSED] - click: Object: 'Object Repository/HealthpostToCms/Page_KDMC - CMO/a_Sign out' is clicked on

2018-06-10 22:39:39 - [MESSAGE][PASSED] - Object: 'Object Repository/HealthpostToCms/Page_KDMC - CMO/a_Sign out' is clicked on

2018-06-10 22:39:39 - [TEST_STEP][PASSED] - delay: Delayed 3 second(s)

2018-06-10 22:39:42 - [MESSAGE][PASSED] - Delayed 3 second(s)

2018-06-10 22:39:42 - [TEST_STEP][PASSED] - click: Object: 'Object Repository/HealthpostToCms/Page_KDMC/a_CMS' is clicked on

2018-06-10 22:39:43 - [MESSAGE][PASSED] - Object: 'Object Repository/HealthpostToCms/Page_KDMC/a_CMS' is clicked on

2018-06-10 22:39:43 - [TEST_STEP][PASSED] - setText: Text 'bala' is set on object 'Object Repository/HealthpostToCms/Page_CMS login/input_txtusername'

2018-06-10 22:39:43 - [MESSAGE][PASSED] - Text 'bala' is set on object 'Object Repository/HealthpostToCms/Page_CMS login/input_txtusername'

2018-06-10 22:39:43 - [TEST_STEP][PASSED] - setText: Text '123' is set on object 'Object Repository/HealthpostToCms/Page_CMS login/input_txtpassword'

2018-06-10 22:39:43 - [MESSAGE][PASSED] - Text '123' is set on object 'Object Repository/HealthpostToCms/Page_CMS login/input_txtpassword'

2018-06-10 22:39:43 - [TEST_STEP][PASSED] - delay: Delayed 3 second(s)

2018-06-10 22:39:46 - [MESSAGE][PASSED] - Delayed 3 second(s)

2018-06-10 22:39:46 - [TEST_STEP][PASSED] - click: Object: 'Object Repository/HealthpostToCms/Page_CMS login/button_Sign in' is clicked on

2018-06-10 22:39:47 - [MESSAGE][PASSED] - Object: 'Object Repository/HealthpostToCms/Page_CMS login/button_Sign in' is clicked on

2018-06-10 22:39:47 - [TEST_STEP][PASSED] - delay: Delayed 3 second(s)

2018-06-10 22:39:50 - [MESSAGE][PASSED] - Delayed 3 second(s)

2018-06-10 22:39:50 - [TEST_STEP][PASSED] - click: Object: 'Object Repository/HealthpostToCms/Page_KDMC - CMS/a_Divisional Store' is clicked on

2018-06-10 22:39:50 - [MESSAGE][PASSED] - Object: 'Object Repository/HealthpostToCms/Page_KDMC - CMS/a_Divisional Store' is clicked on

2018-06-10 22:39:50 - [TEST_STEP][PASSED] - delay: Delayed 2 second(s)

2018-06-10 22:39:52 - [MESSAGE][PASSED] - Delayed 2 second(s)

2018-06-10 22:39:52 - [TEST_STEP][PASSED] - click: Object: 'Object Repository/HealthpostToCms/Page_KDMC - CMS/a_Dispatch Items' is clicked on

2018-06-10 22:39:52 - [MESSAGE][PASSED] - Object: 'Object Repository/HealthpostToCms/Page_KDMC - CMS/a_Dispatch Items' is clicked on

2018-06-10 22:39:52 - [TEST_STEP][PASSED] - delay: Delayed 2 second(s)

2018-06-10 22:39:54 - [MESSAGE][PASSED] - Delayed 2 second(s)

2018-06-10 22:39:54 - [TEST_STEP][PASSED] - setText: Text 'PRNO/10062018/817' is set on object 'Object Repository/HealthpostToCms/Page_KDMC - CMS/input'

2018-06-10 22:39:55 - [MESSAGE][PASSED] - Text 'PRNO/10062018/817' is set on object 'Object Repository/HealthpostToCms/Page_KDMC - CMS/input'

2018-06-10 22:39:55 - [TEST_STEP][PASSED] - click: Object: 'Object Repository/HealthpostToCms/Page_KDMC - CMS/input_PRNO18052018174' is clicked on

2018-06-10 22:39:55 - [MESSAGE][PASSED] - Object: 'Object Repository/HealthpostToCms/Page_KDMC - CMS/input_PRNO18052018174' is clicked on

2018-06-10 22:39:55 - [TEST_STEP][PASSED] - delay: Delayed 3 second(s)

2018-06-10 22:39:58 - [MESSAGE][PASSED] - Delayed 3 second(s)

2018-06-10 22:39:58 - [TEST_STEP][PASSED] - Statement - out.println("Length : " + medicineslength): null

2018-06-10 22:39:58 - [TEST_STEP][PASSED] - Statement - For ([row = 0, row < medicineslength - 1, (row++)]): null

2018-06-10 22:39:58 - [TEST_STEP][PASSED] - Statement - batchlength = new com.kms.katalon.core.testobject.TestObject(): null

2018-06-10 22:39:58 - [TEST_STEP][PASSED] - Statement - batchlength = com.kms.katalon.core.webui.keyword.WebUiBuiltInKeywords.modifyObjectProperty(batchlength, "xpath", "equals", "//*[@id = "fldvendor" + row + ""]", true): Modify property of object successfully

2018-06-10 22:39:58 - [MESSAGE][PASSED] - Modify property of object successfully

2018-06-10 22:39:58 - [TEST_STEP][PASSED] - Statement - batchsize = com.kms.katalon.core.webui.keyword.WebUiBuiltInKeywords.getNumberOfTotalOption(batchlength): 14 options of object '' counted

2018-06-10 22:39:58 - [MESSAGE][PASSED] - 14 options of object '' counted

2018-06-10 22:39:58 - [TEST_STEP][PASSED] - Statement - out.println("BatchSize : " + batchsize): null

2018-06-10 22:39:58 - [TEST_STEP][PASSED] - Statement - For ([n = 1, n <= batchsize - 1, (n++)]): null

2018-06-10 22:39:58 - [TEST_STEP][PASSED] - Statement - product = new com.kms.katalon.core.testobject.TestObject(): null

2018-06-10 22:39:58 - [TEST_STEP][PASSED] - Statement - product = com.kms.katalon.core.webui.keyword.WebUiBuiltInKeywords.modifyObjectProperty(product, "xpath", "equals", "//*[@id = "fldvendor" + row + ""]", true): Modify property of object successfully

2018-06-10 22:39:58 - [MESSAGE][PASSED] - Modify property of object successfully

2018-06-10 22:39:58 - [TEST_STEP][PASSED] - selectOptionByIndex: All options with index in [1] are selected on object ''

2018-06-10 22:39:58 - [MESSAGE][PASSED] - All options with index in [1] are selected on object ''

2018-06-10 22:39:58 - [TEST_STEP][PASSED] - delay: Delayed 2 second(s)

2018-06-10 22:40:00 - [MESSAGE][PASSED] - Delayed 2 second(s)

2018-06-10 22:40:00 - [TEST_STEP][PASSED] - Statement - batch = new com.kms.katalon.core.testobject.TestObject(): null

2018-06-10 22:40:00 - [TEST_STEP][PASSED] - Statement - batch = com.kms.katalon.core.webui.keyword.WebUiBuiltInKeywords.modifyObjectProperty(batch, "xpath", "equals", "//*[@id = "txtbthqty" + row + ""]", true): Modify property of object successfully

2018-06-10 22:40:00 - [MESSAGE][PASSED] - Modify property of object successfully

2018-06-10 22:40:00 - [TEST_STEP][PASSED] - Statement - batchqty = com.kms.katalon.core.webui.keyword.WebUiBuiltInKeywords.getAttribute(batch, "value").trim(): Attribute 'value' of object '' is: '35500'

2018-06-10 22:40:00 - [MESSAGE][PASSED] - Attribute 'value' of object '' is: '35500'

2018-06-10 22:40:00 - [TEST_STEP][PASSED] - Statement - Rqty = 100: null

2018-06-10 22:40:00 - [TEST_STEP][PASSED] - Statement - out.println("BatchQty : " + batchqty): null

2018-06-10 22:40:00 - [TEST_STEP][PASSED] - Statement - out.println("RQty : " + Rqty): null

2018-06-10 22:40:00 - [TEST_STEP][PASSED] - Statement - If (java.lang.Integer.valueOf(batchqty) >= java.lang.Integer.valueOf(Rqty)): null

2018-06-10 22:40:00 - [TEST_STEP][PASSED] - Statement - Break: null

2018-06-10 22:40:00 - [TEST_STEP][PASSED] - Statement - batchlength = new com.kms.katalon.core.testobject.TestObject(): null

2018-06-10 22:40:00 - [TEST_STEP][PASSED] - Statement - batchlength = com.kms.katalon.core.webui.keyword.WebUiBuiltInKeywords.modifyObjectProperty(batchlength, "xpath", "equals", "//*[@id = "fldvendor" + row + ""]", true): Modify property of object successfully

2018-06-10 22:40:00 - [MESSAGE][PASSED] - Modify property of object successfully

2018-06-10 22:40:00 - [TEST_STEP][PASSED] - Statement - batchsize = com.kms.katalon.core.webui.keyword.WebUiBuiltInKeywords.getNumberOfTotalOption(batchlength): 14 options of object '' counted

2018-06-10 22:40:00 - [MESSAGE][PASSED] - 14 options of object '' counted

2018-06-10 22:40:00 - [TEST_STEP][PASSED] - Statement - out.println("BatchSize : " + batchsize): null

2018-06-10 22:40:00 - [TEST_STEP][PASSED] - Statement - For ([n = 1, n <= batchsize - 1, (n++)]): null

2018-06-10 22:40:00 - [TEST_STEP][PASSED] - Statement - product = new com.kms.katalon.core.testobject.TestObject(): null

2018-06-10 22:40:00 - [TEST_STEP][PASSED] - Statement - product = com.kms.katalon.core.webui.keyword.WebUiBuiltInKeywords.modifyObjectProperty(product, "xpath", "equals", "//*[@id = "fldvendor" + row + ""]", true): Modify property of object successfully

2018-06-10 22:40:00 - [MESSAGE][PASSED] - Modify property of object successfully

2018-06-10 22:40:00 - [TEST_STEP][PASSED] - selectOptionByIndex: All options with index in [1] are selected on object ''

2018-06-10 22:40:00 - [MESSAGE][PASSED] - All options with index in [1] are selected on object ''

2018-06-10 22:40:00 - [TEST_STEP][PASSED] - delay: Delayed 2 second(s)

2018-06-10 22:40:02 - [MESSAGE][PASSED] - Delayed 2 second(s)

2018-06-10 22:40:02 - [TEST_STEP][PASSED] - Statement - batch = new com.kms.katalon.core.testobject.TestObject(): null

2018-06-10 22:40:02 - [TEST_STEP][PASSED] - Statement - batch = com.kms.katalon.core.webui.keyword.WebUiBuiltInKeywords.modifyObjectProperty(batch, "xpath", "equals", "//*[@id = "txtbthqty" + row + ""]", true): Modify property of object successfully

2018-06-10 22:40:02 - [MESSAGE][PASSED] - Modify property of object successfully

2018-06-10 22:40:02 - [TEST_STEP][PASSED] - Statement - batchqty = com.kms.katalon.core.webui.keyword.WebUiBuiltInKeywords.getAttribute(batch, "value").trim(): Attribute 'value' of object '' is: '5000'

2018-06-10 22:40:02 - [MESSAGE][PASSED] - Attribute 'value' of object '' is: '5000'

2018-06-10 22:40:02 - [TEST_STEP][PASSED] - Statement - Rqty = 100: null

2018-06-10 22:40:02 - [TEST_STEP][PASSED] - Statement - out.println("BatchQty : " + batchqty): null

2018-06-10 22:40:02 - [TEST_STEP][PASSED] - Statement - out.println("RQty : " + Rqty): null

2018-06-10 22:40:02 - [TEST_STEP][PASSED] - Statement - If (java.lang.Integer.valueOf(batchqty) >= java.lang.Integer.valueOf(Rqty)): null

2018-06-10 22:40:02 - [TEST_STEP][PASSED] - Statement - Break: null

2018-06-10 22:40:02 - [TEST_STEP][PASSED] - Statement - batchlength = new com.kms.katalon.core.testobject.TestObject(): null

2018-06-10 22:40:02 - [TEST_STEP][PASSED] - Statement - batchlength = com.kms.katalon.core.webui.keyword.WebUiBuiltInKeywords.modifyObjectProperty(batchlength, "xpath", "equals", "//*[@id = "fldvendor" + row + ""]", true): Modify property of object successfully

2018-06-10 22:40:02 - [MESSAGE][PASSED] - Modify property of object successfully

2018-06-10 22:40:02 - [TEST_STEP][PASSED] - Statement - batchsize = com.kms.katalon.core.webui.keyword.WebUiBuiltInKeywords.getNumberOfTotalOption(batchlength): 14 options of object '' counted

2018-06-10 22:40:03 - [MESSAGE][PASSED] - 14 options of object '' counted

2018-06-10 22:40:03 - [TEST_STEP][PASSED] - Statement - out.println("BatchSize : " + batchsize): null

2018-06-10 22:40:03 - [TEST_STEP][PASSED] - Statement - For ([n = 1, n <= batchsize - 1, (n++)]): null

2018-06-10 22:40:03 - [TEST_STEP][PASSED] - Statement - product = new com.kms.katalon.core.testobject.TestObject(): null

2018-06-10 22:40:03 - [TEST_STEP][PASSED] - Statement - product = com.kms.katalon.core.webui.keyword.WebUiBuiltInKeywords.modifyObjectProperty(product, "xpath", "equals", "//*[@id = "fldvendor" + row + ""]", true): Modify property of object successfully

2018-06-10 22:40:03 - [MESSAGE][PASSED] - Modify property of object successfully

2018-06-10 22:40:03 - [TEST_STEP][PASSED] - selectOptionByIndex: All options with index in [1] are selected on object ''

2018-06-10 22:40:03 - [MESSAGE][PASSED] - All options with index in [1] are selected on object ''

2018-06-10 22:40:03 - [TEST_STEP][PASSED] - delay: Delayed 2 second(s)

2018-06-10 22:40:05 - [MESSAGE][PASSED] - Delayed 2 second(s)

2018-06-10 22:40:05 - [TEST_STEP][PASSED] - Statement - batch = new com.kms.katalon.core.testobject.TestObject(): null

2018-06-10 22:40:05 - [TEST_STEP][PASSED] - Statement - batch = com.kms.katalon.core.webui.keyword.WebUiBuiltInKeywords.modifyObjectProperty(batch, "xpath", "equals", "//*[@id = "txtbthqty" + row + ""]", true): Modify property of object successfully

2018-06-10 22:40:05 - [MESSAGE][PASSED] - Modify property of object successfully

2018-06-10 22:40:05 - [TEST_STEP][PASSED] - Statement - batchqty = com.kms.katalon.core.webui.keyword.WebUiBuiltInKeywords.getAttribute(batch, "value").trim(): Attribute 'value' of object '' is: '400'

2018-06-10 22:40:05 - [MESSAGE][PASSED] - Attribute 'value' of object '' is: '400'

2018-06-10 22:40:05 - [TEST_STEP][PASSED] - Statement - Rqty = 100: null

2018-06-10 22:40:05 - [TEST_STEP][PASSED] - Statement - out.println("BatchQty : " + batchqty): null

2018-06-10 22:40:05 - [TEST_STEP][PASSED] - Statement - out.println("RQty : " + Rqty): null

2018-06-10 22:40:05 - [TEST_STEP][PASSED] - Statement - If (java.lang.Integer.valueOf(batchqty) >= java.lang.Integer.valueOf(Rqty)): null

2018-06-10 22:40:05 - [TEST_STEP][PASSED] - Statement - Break: null

2018-06-10 22:40:05 - [TEST_STEP][PASSED] - Statement - batchlength = new com.kms.katalon.core.testobject.TestObject(): null

2018-06-10 22:40:05 - [TEST_STEP][PASSED] - Statement - batchlength = com.kms.katalon.core.webui.keyword.WebUiBuiltInKeywords.modifyObjectProperty(batchlength, "xpath", "equals", "//*[@id = "fldvendor" + row + ""]", true): Modify property of object successfully

2018-06-10 22:40:05 - [MESSAGE][PASSED] - Modify property of object successfully

2018-06-10 22:40:05 - [TEST_STEP][PASSED] - Statement - batchsize = com.kms.katalon.core.webui.keyword.WebUiBuiltInKeywords.getNumberOfTotalOption(batchlength): 13 options of object '' counted

2018-06-10 22:40:05 - [MESSAGE][PASSED] - 13 options of object '' counted

2018-06-10 22:40:05 - [TEST_STEP][PASSED] - Statement - out.println("BatchSize : " + batchsize): null

2018-06-10 22:40:05 - [TEST_STEP][PASSED] - Statement - For ([n = 1, n <= batchsize - 1, (n++)]): null

2018-06-10 22:40:05 - [TEST_STEP][PASSED] - Statement - product = new com.kms.katalon.core.testobject.TestObject(): null

2018-06-10 22:40:05 - [TEST_STEP][PASSED] - Statement - product = com.kms.katalon.core.webui.keyword.WebUiBuiltInKeywords.modifyObjectProperty(product, "xpath", "equals", "//*[@id = "fldvendor" + row + ""]", true): Modify property of object successfully

2018-06-10 22:40:05 - [MESSAGE][PASSED] - Modify property of object successfully

2018-06-10 22:40:05 - [TEST_STEP][PASSED] - selectOptionByIndex: All options with index in [1] are selected on object ''

2018-06-10 22:40:05 - [MESSAGE][PASSED] - All options with index in [1] are selected on object ''

2018-06-10 22:40:05 - [TEST_STEP][PASSED] - delay: Delayed 2 second(s)

2018-06-10 22:40:07 - [MESSAGE][PASSED] - Delayed 2 second(s)

2018-06-10 22:40:07 - [TEST_STEP][PASSED] - Statement - batch = new com.kms.katalon.core.testobject.TestObject(): null

2018-06-10 22:40:07 - [TEST_STEP][PASSED] - Statement - batch = com.kms.katalon.core.webui.keyword.WebUiBuiltInKeywords.modifyObjectProperty(batch, "xpath", "equals", "//*[@id = "txtbthqty" + row + ""]", true): Modify property of object successfully

2018-06-10 22:40:07 - [MESSAGE][PASSED] - Modify property of object successfully

2018-06-10 22:40:07 - [TEST_STEP][PASSED] - Statement - batchqty = com.kms.katalon.core.webui.keyword.WebUiBuiltInKeywords.getAttribute(batch, "value").trim(): Attribute 'value' of object '' is: '600'

2018-06-10 22:40:07 - [MESSAGE][PASSED] - Attribute 'value' of object '' is: '600'

2018-06-10 22:40:07 - [TEST_STEP][PASSED] - Statement - Rqty = 100: null

2018-06-10 22:40:07 - [TEST_STEP][PASSED] - Statement - out.println("BatchQty : " + batchqty): null

2018-06-10 22:40:07 - [TEST_STEP][PASSED] - Statement - out.println("RQty : " + Rqty): null

2018-06-10 22:40:07 - [TEST_STEP][PASSED] - Statement - If (java.lang.Integer.valueOf(batchqty) >= java.lang.Integer.valueOf(Rqty)): null

2018-06-10 22:40:07 - [TEST_STEP][PASSED] - Statement - Break: null

2018-06-10 22:40:07 - [TEST_STEP][PASSED] - Statement - batchlength = new com.kms.katalon.core.testobject.TestObject(): null

2018-06-10 22:40:07 - [TEST_STEP][PASSED] - Statement - batchlength = com.kms.katalon.core.webui.keyword.WebUiBuiltInKeywords.modifyObjectProperty(batchlength, "xpath", "equals", "//*[@id = "fldvendor" + row + ""]", true): Modify property of object successfully

2018-06-10 22:40:07 - [MESSAGE][PASSED] - Modify property of object successfully

2018-06-10 22:40:07 - [TEST_STEP][PASSED] - Statement - batchsize = com.kms.katalon.core.webui.keyword.WebUiBuiltInKeywords.getNumberOfTotalOption(batchlength): 14 options of object '' counted

2018-06-10 22:40:07 - [MESSAGE][PASSED] - 14 options of object '' counted

2018-06-10 22:40:07 - [TEST_STEP][PASSED] - Statement - out.println("BatchSize : " + batchsize): null

2018-06-10 22:40:07 - [TEST_STEP][PASSED] - Statement - For ([n = 1, n <= batchsize - 1, (n++)]): null

2018-06-10 22:40:07 - [TEST_STEP][PASSED] - Statement - product = new com.kms.katalon.core.testobject.TestObject(): null

2018-06-10 22:40:07 - [TEST_STEP][PASSED] - Statement - product = com.kms.katalon.core.webui.keyword.WebUiBuiltInKeywords.modifyObjectProperty(product, "xpath", "equals", "//*[@id = "fldvendor" + row + ""]", true): Modify property of object successfully

2018-06-10 22:40:07 - [MESSAGE][PASSED] - Modify property of object successfully

2018-06-10 22:40:07 - [TEST_STEP][PASSED] - selectOptionByIndex: All options with index in [1] are selected on object ''

2018-06-10 22:40:07 - [MESSAGE][PASSED] - All options with index in [1] are selected on object ''

2018-06-10 22:40:07 - [TEST_STEP][PASSED] - delay: Delayed 2 second(s)

2018-06-10 22:40:09 - [MESSAGE][PASSED] - Delayed 2 second(s)

2018-06-10 22:40:09 - [TEST_STEP][PASSED] - Statement - batch = new com.kms.katalon.core.testobject.TestObject(): null

2018-06-10 22:40:09 - [TEST_STEP][PASSED] - Statement - batch = com.kms.katalon.core.webui.keyword.WebUiBuiltInKeywords.modifyObjectProperty(batch, "xpath", "equals", "//*[@id = "txtbthqty" + row + ""]", true): Modify property of object successfully

2018-06-10 22:40:09 - [MESSAGE][PASSED] - Modify property of object successfully

2018-06-10 22:40:09 - [TEST_STEP][PASSED] - Statement - batchqty = com.kms.katalon.core.webui.keyword.WebUiBuiltInKeywords.getAttribute(batch, "value").trim(): Attribute 'value' of object '' is: '3700'

2018-06-10 22:40:09 - [MESSAGE][PASSED] - Attribute 'value' of object '' is: '3700'

2018-06-10 22:40:09 - [TEST_STEP][PASSED] - Statement - Rqty = 100: null

2018-06-10 22:40:09 - [TEST_STEP][PASSED] - Statement - out.println("BatchQty : " + batchqty): null

2018-06-10 22:40:09 - [TEST_STEP][PASSED] - Statement - out.println("RQty : " + Rqty): null

2018-06-10 22:40:09 - [TEST_STEP][PASSED] - Statement - If (java.lang.Integer.valueOf(batchqty) >= java.lang.Integer.valueOf(Rqty)): null

2018-06-10 22:40:09 - [TEST_STEP][PASSED] - Statement - Break: null

2018-06-10 22:40:09 - [TEST_STEP][PASSED] - Statement - batchlength = new com.kms.katalon.core.testobject.TestObject(): null

2018-06-10 22:40:09 - [TEST_STEP][PASSED] - Statement - batchlength = com.kms.katalon.core.webui.keyword.WebUiBuiltInKeywords.modifyObjectProperty(batchlength, "xpath", "equals", "//*[@id = "fldvendor" + row + ""]", true): Modify property of object successfully

2018-06-10 22:40:09 - [MESSAGE][PASSED] - Modify property of object successfully

2018-06-10 22:40:09 - [TEST_STEP][PASSED] - Statement - batchsize = com.kms.katalon.core.webui.keyword.WebUiBuiltInKeywords.getNumberOfTotalOption(batchlength): 14 options of object '' counted

2018-06-10 22:40:09 - [MESSAGE][PASSED] - 14 options of object '' counted

2018-06-10 22:40:09 - [TEST_STEP][PASSED] - Statement - out.println("BatchSize : " + batchsize): null

2018-06-10 22:40:09 - [TEST_STEP][PASSED] - Statement - For ([n = 1, n <= batchsize - 1, (n++)]): null

2018-06-10 22:40:09 - [TEST_STEP][PASSED] - Statement - product = new com.kms.katalon.core.testobject.TestObject(): null

2018-06-10 22:40:09 - [TEST_STEP][PASSED] - Statement - product = com.kms.katalon.core.webui.keyword.WebUiBuiltInKeywords.modifyObjectProperty(product, "xpath", "equals", "//*[@id = "fldvendor" + row + ""]", true): Modify property of object successfully

2018-06-10 22:40:09 - [MESSAGE][PASSED] - Modify property of object successfully

2018-06-10 22:40:09 - [TEST_STEP][PASSED] - selectOptionByIndex: All options with index in [1] are selected on object ''

2018-06-10 22:40:09 - [MESSAGE][PASSED] - All options with index in [1] are selected on object ''

2018-06-10 22:40:09 - [TEST_STEP][PASSED] - delay: Delayed 2 second(s)

2018-06-10 22:40:11 - [MESSAGE][PASSED] - Delayed 2 second(s)

2018-06-10 22:40:11 - [TEST_STEP][PASSED] - Statement - batch = new com.kms.katalon.core.testobject.TestObject(): null

2018-06-10 22:40:11 - [TEST_STEP][PASSED] - Statement - batch = com.kms.katalon.core.webui.keyword.WebUiBuiltInKeywords.modifyObjectProperty(batch, "xpath", "equals", "//*[@id = "txtbthqty" + row + ""]", true): Modify property of object successfully

2018-06-10 22:40:11 - [MESSAGE][PASSED] - Modify property of object successfully

2018-06-10 22:40:11 - [TEST_STEP][PASSED] - Statement - batchqty = com.kms.katalon.core.webui.keyword.WebUiBuiltInKeywords.getAttribute(batch, "value").trim(): Attribute 'value' of object '' is: '5000'

2018-06-10 22:40:11 - [MESSAGE][PASSED] - Attribute 'value' of object '' is: '5000'

2018-06-10 22:40:11 - [TEST_STEP][PASSED] - Statement - Rqty = 100: null

2018-06-10 22:40:11 - [TEST_STEP][PASSED] - Statement - out.println("BatchQty : " + batchqty): null

2018-06-10 22:40:11 - [TEST_STEP][PASSED] - Statement - out.println("RQty : " + Rqty): null

2018-06-10 22:40:11 - [TEST_STEP][PASSED] - Statement - If (java.lang.Integer.valueOf(batchqty) >= java.lang.Integer.valueOf(Rqty)): null

2018-06-10 22:40:11 - [TEST_STEP][PASSED] - Statement - Break: null

2018-06-10 22:40:11 - [TEST_STEP][PASSED] - Statement - batchlength = new com.kms.katalon.core.testobject.TestObject(): null

2018-06-10 22:40:11 - [TEST_STEP][PASSED] - Statement - batchlength = com.kms.katalon.core.webui.keyword.WebUiBuiltInKeywords.modifyObjectProperty(batchlength, "xpath", "equals", "//*[@id = "fldvendor" + row + ""]", true): Modify property of object successfully

2018-06-10 22:40:11 - [MESSAGE][PASSED] - Modify property of object successfully

2018-06-10 22:40:11 - [TEST_STEP][PASSED] - Statement - batchsize = com.kms.katalon.core.webui.keyword.WebUiBuiltInKeywords.getNumberOfTotalOption(batchlength): 14 options of object '' counted

2018-06-10 22:40:11 - [MESSAGE][PASSED] - 14 options of object '' counted

2018-06-10 22:40:11 - [TEST_STEP][PASSED] - Statement - out.println("BatchSize : " + batchsize): null

2018-06-10 22:40:11 - [TEST_STEP][PASSED] - Statement - For ([n = 1, n <= batchsize - 1, (n++)]): null

2018-06-10 22:40:11 - [TEST_STEP][PASSED] - Statement - product = new com.kms.katalon.core.testobject.TestObject(): null

2018-06-10 22:40:11 - [TEST_STEP][PASSED] - Statement - product = com.kms.katalon.core.webui.keyword.WebUiBuiltInKeywords.modifyObjectProperty(product, "xpath", "equals", "//*[@id = "fldvendor" + row + ""]", true): Modify property of object successfully

2018-06-10 22:40:11 - [MESSAGE][PASSED] - Modify property of object successfully

2018-06-10 22:40:11 - [TEST_STEP][PASSED] - selectOptionByIndex: All options with index in [1] are selected on object ''

2018-06-10 22:40:12 - [MESSAGE][PASSED] - All options with index in [1] are selected on object ''

2018-06-10 22:40:12 - [TEST_STEP][PASSED] - delay: Delayed 2 second(s)

2018-06-10 22:40:14 - [MESSAGE][PASSED] - Delayed 2 second(s)

2018-06-10 22:40:14 - [TEST_STEP][PASSED] - Statement - batch = new com.kms.katalon.core.testobject.TestObject(): null

2018-06-10 22:40:14 - [TEST_STEP][PASSED] - Statement - batch = com.kms.katalon.core.webui.keyword.WebUiBuiltInKeywords.modifyObjectProperty(batch, "xpath", "equals", "//*[@id = "txtbthqty" + row + ""]", true): Modify property of object successfully

2018-06-10 22:40:14 - [MESSAGE][PASSED] - Modify property of object successfully

2018-06-10 22:40:14 - [TEST_STEP][PASSED] - Statement - batchqty = com.kms.katalon.core.webui.keyword.WebUiBuiltInKeywords.getAttribute(batch, "value").trim(): Attribute 'value' of object '' is: '3700'

2018-06-10 22:40:14 - [MESSAGE][PASSED] - Attribute 'value' of object '' is: '3700'

2018-06-10 22:40:14 - [TEST_STEP][PASSED] - Statement - Rqty = 100: null

2018-06-10 22:40:14 - [TEST_STEP][PASSED] - Statement - out.println("BatchQty : " + batchqty): null

2018-06-10 22:40:14 - [TEST_STEP][PASSED] - Statement - out.println("RQty : " + Rqty): null

2018-06-10 22:40:14 - [TEST_STEP][PASSED] - Statement - If (java.lang.Integer.valueOf(batchqty) >= java.lang.Integer.valueOf(Rqty)): null

2018-06-10 22:40:14 - [TEST_STEP][PASSED] - Statement - Break: null

2018-06-10 22:40:14 - [TEST_STEP][PASSED] - Statement - batchlength = new com.kms.katalon.core.testobject.TestObject(): null

2018-06-10 22:40:14 - [TEST_STEP][PASSED] - Statement - batchlength = com.kms.katalon.core.webui.keyword.WebUiBuiltInKeywords.modifyObjectProperty(batchlength, "xpath", "equals", "//*[@id = "fldvendor" + row + ""]", true): Modify property of object successfully

2018-06-10 22:40:14 - [MESSAGE][PASSED] - Modify property of object successfully

2018-06-10 22:40:14 - [TEST_STEP][PASSED] - Statement - batchsize = com.kms.katalon.core.webui.keyword.WebUiBuiltInKeywords.getNumberOfTotalOption(batchlength): 13 options of object '' counted

2018-06-10 22:40:14 - [MESSAGE][PASSED] - 13 options of object '' counted

2018-06-10 22:40:14 - [TEST_STEP][PASSED] - Statement - out.println("BatchSize : " + batchsize): null

2018-06-10 22:40:14 - [TEST_STEP][PASSED] - Statement - For ([n = 1, n <= batchsize - 1, (n++)]): null

2018-06-10 22:40:14 - [TEST_STEP][PASSED] - Statement - product = new com.kms.katalon.core.testobject.TestObject(): null

2018-06-10 22:40:14 - [TEST_STEP][PASSED] - Statement - product = com.kms.katalon.core.webui.keyword.WebUiBuiltInKeywords.modifyObjectProperty(product, "xpath", "equals", "//*[@id = "fldvendor" + row + ""]", true): Modify property of object successfully

2018-06-10 22:40:14 - [MESSAGE][PASSED] - Modify property of object successfully

2018-06-10 22:40:14 - [TEST_STEP][PASSED] - selectOptionByIndex: All options with index in [1] are selected on object ''

2018-06-10 22:40:14 - [MESSAGE][PASSED] - All options with index in [1] are selected on object ''

2018-06-10 22:40:14 - [TEST_STEP][PASSED] - delay: Delayed 2 second(s)

2018-06-10 22:40:16 - [MESSAGE][PASSED] - Delayed 2 second(s)

2018-06-10 22:40:16 - [TEST_STEP][PASSED] - Statement - batch = new com.kms.katalon.core.testobject.TestObject(): null

2018-06-10 22:40:16 - [TEST_STEP][PASSED] - Statement - batch = com.kms.katalon.core.webui.keyword.WebUiBuiltInKeywords.modifyObjectProperty(batch, "xpath", "equals", "//*[@id = "txtbthqty" + row + ""]", true): Modify property of object successfully

2018-06-10 22:40:16 - [MESSAGE][PASSED] - Modify property of object successfully

2018-06-10 22:40:16 - [TEST_STEP][PASSED] - Statement - batchqty = com.kms.katalon.core.webui.keyword.WebUiBuiltInKeywords.getAttribute(batch, "value").trim(): Attribute 'value' of object '' is: '2300'

2018-06-10 22:40:16 - [MESSAGE][PASSED] - Attribute 'value' of object '' is: '2300'

2018-06-10 22:40:16 - [TEST_STEP][PASSED] - Statement - Rqty = 100: null

2018-06-10 22:40:16 - [TEST_STEP][PASSED] - Statement - out.println("BatchQty : " + batchqty): null

2018-06-10 22:40:16 - [TEST_STEP][PASSED] - Statement - out.println("RQty : " + Rqty): null

2018-06-10 22:40:16 - [TEST_STEP][PASSED] - Statement - If (java.lang.Integer.valueOf(batchqty) >= java.lang.Integer.valueOf(Rqty)): null

2018-06-10 22:40:16 - [TEST_STEP][PASSED] - Statement - Break: null

2018-06-10 22:40:16 - [TEST_STEP][PASSED] - Statement - batchlength = new com.kms.katalon.core.testobject.TestObject(): null

2018-06-10 22:40:16 - [TEST_STEP][PASSED] - Statement - batchlength = com.kms.katalon.core.webui.keyword.WebUiBuiltInKeywords.modifyObjectProperty(batchlength, "xpath", "equals", "//*[@id = "fldvendor" + row + ""]", true): Modify property of object successfully

2018-06-10 22:40:16 - [MESSAGE][PASSED] - Modify property of object successfully

2018-06-10 22:40:16 - [TEST_STEP][PASSED] - Statement - batchsize = com.kms.katalon.core.webui.keyword.WebUiBuiltInKeywords.getNumberOfTotalOption(batchlength): 13 options of object '' counted

2018-06-10 22:40:16 - [MESSAGE][PASSED] - 13 options of object '' counted

2018-06-10 22:40:16 - [TEST_STEP][PASSED] - Statement - out.println("BatchSize : " + batchsize): null

2018-06-10 22:40:16 - [TEST_STEP][PASSED] - Statement - For ([n = 1, n <= batchsize - 1, (n++)]): null

2018-06-10 22:40:16 - [TEST_STEP][PASSED] - Statement - product = new com.kms.katalon.core.testobject.TestObject(): null

2018-06-10 22:40:16 - [TEST_STEP][PASSED] - Statement - product = com.kms.katalon.core.webui.keyword.WebUiBuiltInKeywords.modifyObjectProperty(product, "xpath", "equals", "//*[@id = "fldvendor" + row + ""]", true): Modify property of object successfully

2018-06-10 22:40:16 - [MESSAGE][PASSED] - Modify property of object successfully

2018-06-10 22:40:16 - [TEST_STEP][PASSED] - selectOptionByIndex: All options with index in [1] are selected on object ''

2018-06-10 22:40:16 - [MESSAGE][PASSED] - All options with index in [1] are selected on object ''

2018-06-10 22:40:16 - [TEST_STEP][PASSED] - delay: Delayed 2 second(s)

2018-06-10 22:40:18 - [MESSAGE][PASSED] - Delayed 2 second(s)

2018-06-10 22:40:18 - [TEST_STEP][PASSED] - Statement - batch = new com.kms.katalon.core.testobject.TestObject(): null

2018-06-10 22:40:18 - [TEST_STEP][PASSED] - Statement - batch = com.kms.katalon.core.webui.keyword.WebUiBuiltInKeywords.modifyObjectProperty(batch, "xpath", "equals", "//*[@id = "txtbthqty" + row + ""]", true): Modify property of object successfully

2018-06-10 22:40:18 - [MESSAGE][PASSED] - Modify property of object successfully

2018-06-10 22:40:18 - [TEST_STEP][PASSED] - Statement - batchqty = com.kms.katalon.core.webui.keyword.WebUiBuiltInKeywords.getAttribute(batch, "value").trim(): Attribute 'value' of object '' is: '2300'

2018-06-10 22:40:18 - [MESSAGE][PASSED] - Attribute 'value' of object '' is: '2300'

2018-06-10 22:40:18 - [TEST_STEP][PASSED] - Statement - Rqty = 100: null

2018-06-10 22:40:18 - [TEST_STEP][PASSED] - Statement - out.println("BatchQty : " + batchqty): null

2018-06-10 22:40:18 - [TEST_STEP][PASSED] - Statement - out.println("RQty : " + Rqty): null

2018-06-10 22:40:18 - [TEST_STEP][PASSED] - Statement - If (java.lang.Integer.valueOf(batchqty) >= java.lang.Integer.valueOf(Rqty)): null

2018-06-10 22:40:18 - [TEST_STEP][PASSED] - Statement - Break: null

2018-06-10 22:40:18 - [TEST_STEP][PASSED] - Statement - batchlength = new com.kms.katalon.core.testobject.TestObject(): null

2018-06-10 22:40:18 - [TEST_STEP][PASSED] - Statement - batchlength = com.kms.katalon.core.webui.keyword.WebUiBuiltInKeywords.modifyObjectProperty(batchlength, "xpath", "equals", "//*[@id = "fldvendor" + row + ""]", true): Modify property of object successfully

2018-06-10 22:40:18 - [MESSAGE][PASSED] - Modify property of object successfully

2018-06-10 22:40:18 - [TEST_STEP][PASSED] - Statement - batchsize = com.kms.katalon.core.webui.keyword.WebUiBuiltInKeywords.getNumberOfTotalOption(batchlength): 13 options of object '' counted

2018-06-10 22:40:18 - [MESSAGE][PASSED] - 13 options of object '' counted

2018-06-10 22:40:18 - [TEST_STEP][PASSED] - Statement - out.println("BatchSize : " + batchsize): null

2018-06-10 22:40:18 - [TEST_STEP][PASSED] - Statement - For ([n = 1, n <= batchsize - 1, (n++)]): null

2018-06-10 22:40:18 - [TEST_STEP][PASSED] - Statement - product = new com.kms.katalon.core.testobject.TestObject(): null

2018-06-10 22:40:18 - [TEST_STEP][PASSED] - Statement - product = com.kms.katalon.core.webui.keyword.WebUiBuiltInKeywords.modifyObjectProperty(product, "xpath", "equals", "//*[@id = "fldvendor" + row + ""]", true): Modify property of object successfully

2018-06-10 22:40:18 - [MESSAGE][PASSED] - Modify property of object successfully

2018-06-10 22:40:18 - [TEST_STEP][PASSED] - selectOptionByIndex: All options with index in [1] are selected on object ''

2018-06-10 22:40:18 - [MESSAGE][PASSED] - All options with index in [1] are selected on object ''

2018-06-10 22:40:18 - [TEST_STEP][PASSED] - delay: Delayed 2 second(s)

2018-06-10 22:40:20 - [MESSAGE][PASSED] - Delayed 2 second(s)

2018-06-10 22:40:20 - [TEST_STEP][PASSED] - Statement - batch = new com.kms.katalon.core.testobject.TestObject(): null

2018-06-10 22:40:20 - [TEST_STEP][PASSED] - Statement - batch = com.kms.katalon.core.webui.keyword.WebUiBuiltInKeywords.modifyObjectProperty(batch, "xpath", "equals", "//*[@id = "txtbthqty" + row + ""]", true): Modify property of object successfully

2018-06-10 22:40:20 - [MESSAGE][PASSED] - Modify property of object successfully

2018-06-10 22:40:20 - [TEST_STEP][PASSED] - Statement - batchqty = com.kms.katalon.core.webui.keyword.WebUiBuiltInKeywords.getAttribute(batch, "value").trim(): Attribute 'value' of object '' is: '600'

2018-06-10 22:40:20 - [MESSAGE][PASSED] - Attribute 'value' of object '' is: '600'

2018-06-10 22:40:20 - [TEST_STEP][PASSED] - Statement - Rqty = 100: null

2018-06-10 22:40:20 - [TEST_STEP][PASSED] - Statement - out.println("BatchQty : " + batchqty): null

2018-06-10 22:40:20 - [TEST_STEP][PASSED] - Statement - out.println("RQty : " + Rqty): null

2018-06-10 22:40:20 - [TEST_STEP][PASSED] - Statement - If (java.lang.Integer.valueOf(batchqty) >= java.lang.Integer.valueOf(Rqty)): null

2018-06-10 22:40:20 - [TEST_STEP][PASSED] - Statement - Break: null

2018-06-10 22:40:20 - [TEST_STEP][PASSED] - Statement - batchlength = new com.kms.katalon.core.testobject.TestObject(): null

2018-06-10 22:40:20 - [TEST_STEP][PASSED] - Statement - batchlength = com.kms.katalon.core.webui.keyword.WebUiBuiltInKeywords.modifyObjectProperty(batchlength, "xpath", "equals", "//*[@id = "fldvendor" + row + ""]", true): Modify property of object successfully

2018-06-10 22:40:20 - [MESSAGE][PASSED] - Modify property of object successfully

2018-06-10 22:40:20 - [TEST_STEP][PASSED] - Statement - batchsize = com.kms.katalon.core.webui.keyword.WebUiBuiltInKeywords.getNumberOfTotalOption(batchlength): 14 options of object '' counted

2018-06-10 22:40:20 - [MESSAGE][PASSED] - 14 options of object '' counted

2018-06-10 22:40:20 - [TEST_STEP][PASSED] - Statement - out.println("BatchSize : " + batchsize): null

2018-06-10 22:40:20 - [TEST_STEP][PASSED] - Statement - For ([n = 1, n <= batchsize - 1, (n++)]): null

2018-06-10 22:40:20 - [TEST_STEP][PASSED] - Statement - product = new com.kms.katalon.core.testobject.TestObject(): null

2018-06-10 22:40:20 - [TEST_STEP][PASSED] - Statement - product = com.kms.katalon.core.webui.keyword.WebUiBuiltInKeywords.modifyObjectProperty(product, "xpath", "equals", "//*[@id = "fldvendor" + row + ""]", true): Modify property of object successfully

2018-06-10 22:40:20 - [MESSAGE][PASSED] - Modify property of object successfully

2018-06-10 22:40:20 - [TEST_STEP][PASSED] - selectOptionByIndex: All options with index in [1] are selected on object ''

2018-06-10 22:40:21 - [MESSAGE][PASSED] - All options with index in [1] are selected on object ''

2018-06-10 22:40:21 - [TEST_STEP][PASSED] - delay: Delayed 2 second(s)

2018-06-10 22:40:23 - [MESSAGE][PASSED] - Delayed 2 second(s)

2018-06-10 22:40:23 - [TEST_STEP][PASSED] - Statement - batch = new com.kms.katalon.core.testobject.TestObject(): null

2018-06-10 22:40:23 - [TEST_STEP][PASSED] - Statement - batch = com.kms.katalon.core.webui.keyword.WebUiBuiltInKeywords.modifyObjectProperty(batch, "xpath", "equals", "//*[@id = "txtbthqty" + row + ""]", true): Modify property of object successfully

2018-06-10 22:40:23 - [MESSAGE][PASSED] - Modify property of object successfully

2018-06-10 22:40:23 - [TEST_STEP][PASSED] - Statement - batchqty = com.kms.katalon.core.webui.keyword.WebUiBuiltInKeywords.getAttribute(batch, "value").trim(): Attribute 'value' of object '' is: '400'

2018-06-10 22:40:23 - [MESSAGE][PASSED] - Attribute 'value' of object '' is: '400'

2018-06-10 22:40:23 - [TEST_STEP][PASSED] - Statement - Rqty = 100: null

2018-06-10 22:40:23 - [TEST_STEP][PASSED] - Statement - out.println("BatchQty : " + batchqty): null

2018-06-10 22:40:23 - [TEST_STEP][PASSED] - Statement - out.println("RQty : " + Rqty): null

2018-06-10 22:40:23 - [TEST_STEP][PASSED] - Statement - If (java.lang.Integer.valueOf(batchqty) >= java.lang.Integer.valueOf(Rqty)): null

2018-06-10 22:40:23 - [TEST_STEP][PASSED] - Statement - Break: null

2018-06-10 22:40:23 - [TEST_STEP][PASSED] - Statement - batchlength = new com.kms.katalon.core.testobject.TestObject(): null

2018-06-10 22:40:23 - [TEST_STEP][PASSED] - Statement - batchlength = com.kms.katalon.core.webui.keyword.WebUiBuiltInKeywords.modifyObjectProperty(batchlength, "xpath", "equals", "//*[@id = "fldvendor" + row + ""]", true): Modify property of object successfully

2018-06-10 22:40:23 - [MESSAGE][PASSED] - Modify property of object successfully

2018-06-10 22:40:23 - [TEST_STEP][PASSED] - Statement - batchsize = com.kms.katalon.core.webui.keyword.WebUiBuiltInKeywords.getNumberOfTotalOption(batchlength): 14 options of object '' counted

2018-06-10 22:40:23 - [MESSAGE][PASSED] - 14 options of object '' counted

2018-06-10 22:40:23 - [TEST_STEP][PASSED] - Statement - out.println("BatchSize : " + batchsize): null

2018-06-10 22:40:23 - [TEST_STEP][PASSED] - Statement - For ([n = 1, n <= batchsize - 1, (n++)]): null

2018-06-10 22:40:23 - [TEST_STEP][PASSED] - Statement - product = new com.kms.katalon.core.testobject.TestObject(): null

2018-06-10 22:40:23 - [TEST_STEP][PASSED] - Statement - product = com.kms.katalon.core.webui.keyword.WebUiBuiltInKeywords.modifyObjectProperty(product, "xpath", "equals", "//*[@id = "fldvendor" + row + ""]", true): Modify property of object successfully

2018-06-10 22:40:23 - [MESSAGE][PASSED] - Modify property of object successfully

2018-06-10 22:40:23 - [TEST_STEP][PASSED] - selectOptionByIndex: All options with index in [1] are selected on object ''

2018-06-10 22:40:23 - [MESSAGE][PASSED] - All options with index in [1] are selected on object ''

2018-06-10 22:40:23 - [TEST_STEP][PASSED] - delay: Delayed 2 second(s)

2018-06-10 22:40:25 - [MESSAGE][PASSED] - Delayed 2 second(s)

2018-06-10 22:40:25 - [TEST_STEP][PASSED] - Statement - batch = new com.kms.katalon.core.testobject.TestObject(): null

2018-06-10 22:40:25 - [TEST_STEP][PASSED] - Statement - batch = com.kms.katalon.core.webui.keyword.WebUiBuiltInKeywords.modifyObjectProperty(batch, "xpath", "equals", "//*[@id = "txtbthqty" + row + ""]", true): Modify property of object successfully

2018-06-10 22:40:25 - [MESSAGE][PASSED] - Modify property of object successfully

2018-06-10 22:40:25 - [TEST_STEP][PASSED] - Statement - batchqty = com.kms.katalon.core.webui.keyword.WebUiBuiltInKeywords.getAttribute(batch, "value").trim(): Attribute 'value' of object '' is: '600'

2018-06-10 22:40:25 - [MESSAGE][PASSED] - Attribute 'value' of object '' is: '600'

2018-06-10 22:40:25 - [TEST_STEP][PASSED] - Statement - Rqty = 100: null

2018-06-10 22:40:25 - [TEST_STEP][PASSED] - Statement - out.println("BatchQty : " + batchqty): null

2018-06-10 22:40:25 - [TEST_STEP][PASSED] - Statement - out.println("RQty : " + Rqty): null

2018-06-10 22:40:25 - [TEST_STEP][PASSED] - Statement - If (java.lang.Integer.valueOf(batchqty) >= java.lang.Integer.valueOf(Rqty)): null

2018-06-10 22:40:25 - [TEST_STEP][PASSED] - Statement - Break: null

2018-06-10 22:40:25 - [TEST_STEP][PASSED] - Statement - batchlength = new com.kms.katalon.core.testobject.TestObject(): null

2018-06-10 22:40:25 - [TEST_STEP][PASSED] - Statement - batchlength = com.kms.katalon.core.webui.keyword.WebUiBuiltInKeywords.modifyObjectProperty(batchlength, "xpath", "equals", "//*[@id = "fldvendor" + row + ""]", true): Modify property of object successfully

2018-06-10 22:40:25 - [MESSAGE][PASSED] - Modify property of object successfully

2018-06-10 22:40:25 - [TEST_STEP][PASSED] - Statement - batchsize = com.kms.katalon.core.webui.keyword.WebUiBuiltInKeywords.getNumberOfTotalOption(batchlength): 13 options of object '' counted

2018-06-10 22:40:25 - [MESSAGE][PASSED] - 13 options of object '' counted

2018-06-10 22:40:25 - [TEST_STEP][PASSED] - Statement - out.println("BatchSize : " + batchsize): null

2018-06-10 22:40:25 - [TEST_STEP][PASSED] - Statement - For ([n = 1, n <= batchsize - 1, (n++)]): null

2018-06-10 22:40:25 - [TEST_STEP][PASSED] - Statement - product = new com.kms.katalon.core.testobject.TestObject(): null

2018-06-10 22:40:25 - [TEST_STEP][PASSED] - Statement - product = com.kms.katalon.core.webui.keyword.WebUiBuiltInKeywords.modifyObjectProperty(product, "xpath", "equals", "//*[@id = "fldvendor" + row + ""]", true): Modify property of object successfully

2018-06-10 22:40:25 - [MESSAGE][PASSED] - Modify property of object successfully

2018-06-10 22:40:25 - [TEST_STEP][PASSED] - selectOptionByIndex: All options with index in [1] are selected on object ''

2018-06-10 22:40:25 - [MESSAGE][PASSED] - All options with index in [1] are selected on object ''

2018-06-10 22:40:25 - [TEST_STEP][PASSED] - delay: Delayed 2 second(s)

2018-06-10 22:40:27 - [MESSAGE][PASSED] - Delayed 2 second(s)

2018-06-10 22:40:27 - [TEST_STEP][PASSED] - Statement - batch = new com.kms.katalon.core.testobject.TestObject(): null

2018-06-10 22:40:27 - [TEST_STEP][PASSED] - Statement - batch = com.kms.katalon.core.webui.keyword.WebUiBuiltInKeywords.modifyObjectProperty(batch, "xpath", "equals", "//*[@id = "txtbthqty" + row + ""]", true): Modify property of object successfully

2018-06-10 22:40:27 - [MESSAGE][PASSED] - Modify property of object successfully

2018-06-10 22:40:27 - [TEST_STEP][PASSED] - Statement - batchqty = com.kms.katalon.core.webui.keyword.WebUiBuiltInKeywords.getAttribute(batch, "value").trim(): Attribute 'value' of object '' is: '5000'

2018-06-10 22:40:27 - [MESSAGE][PASSED] - Attribute 'value' of object '' is: '5000'

2018-06-10 22:40:27 - [TEST_STEP][PASSED] - Statement - Rqty = 100: null

2018-06-10 22:40:27 - [TEST_STEP][PASSED] - Statement - out.println("BatchQty : " + batchqty): null

2018-06-10 22:40:27 - [TEST_STEP][PASSED] - Statement - out.println("RQty : " + Rqty): null

2018-06-10 22:40:27 - [TEST_STEP][PASSED] - Statement - If (java.lang.Integer.valueOf(batchqty) >= java.lang.Integer.valueOf(Rqty)): null

2018-06-10 22:40:27 - [TEST_STEP][PASSED] - Statement - Break: null

2018-06-10 22:40:27 - [TEST_STEP][PASSED] - delay: Delayed 2 second(s)

2018-06-10 22:40:29 - [MESSAGE][PASSED] - Delayed 2 second(s)

2018-06-10 22:40:29 - [TEST_STEP][PASSED] - click: Object: 'Object Repository/HealthpostToCms/Page_KDMC - CMS/input_btndispatch' is clicked on

2018-06-10 22:40:29 - [MESSAGE][PASSED] - Object: 'Object Repository/HealthpostToCms/Page_KDMC - CMS/input_btndispatch' is clicked on

2018-06-10 22:40:29 - [TEST_STEP][PASSED] - waitForElementVisible: Object 'Object Repository/HealthpostToCms/Page_KDMC - CMS/button_OK' is visible

2018-06-10 22:40:30 - [MESSAGE][PASSED] - Object 'Object Repository/HealthpostToCms/Page_KDMC - CMS/button_OK' is visible

2018-06-10 22:40:30 - [TEST_STEP][PASSED] - click: Object: 'Object Repository/HealthpostToCms/Page_KDMC - CMS/button_OK' is clicked on

2018-06-10 22:40:31 - [MESSAGE][PASSED] - Object: 'Object Repository/HealthpostToCms/Page_KDMC - CMS/button_OK' is clicked on

2018-06-10 22:40:31 - [TEST_STEP][PASSED] - delay: Delayed 3 second(s)

2018-06-10 22:40:34 - [MESSAGE][PASSED] - Delayed 3 second(s)

2018-06-10 22:40:34 - [TEST_STEP][PASSED] - waitForElementPresent: Object 'Object Repository/HealthpostToCms/Page_KDMC - CMS/a_dropdown-toggle' is present

2018-06-10 22:40:34 - [MESSAGE][PASSED] - Object 'Object Repository/HealthpostToCms/Page_KDMC - CMS/a_dropdown-toggle' is present

2018-06-10 22:40:34 - [TEST_STEP][PASSED] - click: Object: 'Object Repository/HealthpostToCms/Page_KDMC - CMS/a_dropdown-toggle' is clicked on

2018-06-10 22:40:34 - [MESSAGE][PASSED] - Object: 'Object Repository/HealthpostToCms/Page_KDMC - CMS/a_dropdown-toggle' is clicked on

2018-06-10 22:40:34 - [TEST_STEP][PASSED] - click: Object: 'Object Repository/HealthpostToCms/Page_KDMC - CMS/a_Sign out' is clicked on

2018-06-10 22:40:34 - [MESSAGE][PASSED] - Object: 'Object Repository/HealthpostToCms/Page_KDMC - CMS/a_Sign out' is clicked on

2018-06-10 22:40:34 - [TEST_STEP][PASSED] - delay: Delayed 3 second(s)

2018-06-10 22:40:37 - [MESSAGE][PASSED] - Delayed 3 second(s)

2018-06-10 22:40:37 - [TEST_STEP][PASSED] - navigateToUrl: Navigate to 'http://192.168.137.1/multihospital_new/HDSplashscreen.aspx' successfully

2018-06-10 22:40:38 - [MESSAGE][PASSED] - Navigate to 'http://192.168.137.1/multihospital_new/HDSplashscreen.aspx' successfully

2018-06-10 22:40:38 - [TEST_STEP][PASSED] - click: Object: 'Object Repository/HealthpostToCms/Page_KDMC/a_Healthpost Store' is clicked on

2018-06-10 22:40:38 - [MESSAGE][PASSED] - Object: 'Object Repository/HealthpostToCms/Page_KDMC/a_Healthpost Store' is clicked on

2018-06-10 22:40:38 - [TEST_STEP][PASSED] - setText: Text 'raguram' is set on object 'Object Repository/HealthpostToCms/Page_HealthPost Store Login/input_txtusername'

2018-06-10 22:40:38 - [MESSAGE][PASSED] - Text 'raguram' is set on object 'Object Repository/HealthpostToCms/Page_HealthPost Store Login/input_txtusername'

2018-06-10 22:40:38 - [TEST_STEP][PASSED] - setText: Text '123' is set on object 'Object Repository/HealthpostToCms/Page_HealthPost Store Login/input_txtpassword'

2018-06-10 22:40:38 - [MESSAGE][PASSED] - Text '123' is set on object 'Object Repository/HealthpostToCms/Page_HealthPost Store Login/input_txtpassword'

2018-06-10 22:40:38 - [TEST_STEP][PASSED] - delay: Delayed 3 second(s)

2018-06-10 22:40:41 - [MESSAGE][PASSED] - Delayed 3 second(s)

2018-06-10 22:40:41 - [TEST_STEP][PASSED] - click: Object: 'Object Repository/HealthpostToCms/Page_HealthPost Store Login/button_Sign in' is clicked on

2018-06-10 22:40:42 - [MESSAGE][PASSED] - Object: 'Object Repository/HealthpostToCms/Page_HealthPost Store Login/button_Sign in' is clicked on

2018-06-10 22:40:42 - [TEST_STEP][PASSED] - delay: Delayed 3 second(s)

2018-06-10 22:40:45 - [MESSAGE][PASSED] - Delayed 3 second(s)

2018-06-10 22:40:45 - [TEST_STEP][PASSED] - click: Object: 'Object Repository/HealthpostToCms/Page_HealthPost Store/a_CMS' is clicked on

2018-06-10 22:40:45 - [MESSAGE][PASSED] - Object: 'Object Repository/HealthpostToCms/Page_HealthPost Store/a_CMS' is clicked on

2018-06-10 22:40:45 - [TEST_STEP][PASSED] - delay: Delayed 2 second(s)

2018-06-10 22:40:47 - [MESSAGE][PASSED] - Delayed 2 second(s)

2018-06-10 22:40:47 - [TEST_STEP][PASSED] - click: Object: 'Object Repository/HealthpostToCms/Page_HealthPost Store/a_Receiving Goods' is clicked on

2018-06-10 22:40:48 - [MESSAGE][PASSED] - Object: 'Object Repository/HealthpostToCms/Page_HealthPost Store/a_Receiving Goods' is clicked on

2018-06-10 22:40:48 - [TEST_STEP][PASSED] - setText: Text 'PRNO/10062018/817' is set on object 'Object Repository/HealthpostToCms/Page_HealthPost Store/input'

2018-06-10 22:40:48 - [MESSAGE][PASSED] - Text 'PRNO/10062018/817' is set on object 'Object Repository/HealthpostToCms/Page_HealthPost Store/input'

2018-06-10 22:40:48 - [TEST_STEP][PASSED] - click: Object: 'Object Repository/HealthpostToCms/Page_HealthPost Store/input_PRNO18052018174' is clicked on

2018-06-10 22:40:49 - [MESSAGE][PASSED] - Object: 'Object Repository/HealthpostToCms/Page_HealthPost Store/input_PRNO18052018174' is clicked on

2018-06-10 22:40:49 - [TEST_STEP][PASSED] - delay: Delayed 2 second(s)

2018-06-10 22:40:51 - [MESSAGE][PASSED] - Delayed 2 second(s)

2018-06-10 22:40:51 - [TEST_STEP][PASSED] - click: Object: 'Object Repository/HealthpostToCms/Page_HealthPost Store/input_chkrem' is clicked on

2018-06-10 22:40:51 - [MESSAGE][PASSED] - Object: 'Object Repository/HealthpostToCms/Page_HealthPost Store/input_chkrem' is clicked on

2018-06-10 22:40:51 - [TEST_STEP][PASSED] - scrollToElement: Scroll to object 'Object Repository/HealthpostToCms/Page_HealthPost Store/input_btchkroqadd' successfully

2018-06-10 22:40:51 - [MESSAGE][PASSED] - Scroll to object 'Object Repository/HealthpostToCms/Page_HealthPost Store/input_btchkroqadd' successfully

2018-06-10 22:40:51 - [TEST_STEP][PASSED] - click: Object: 'Object Repository/HealthpostToCms/Page_HealthPost Store/input_btchkroqadd' is clicked on

2018-06-10 22:40:51 - [MESSAGE][PASSED] - Object: 'Object Repository/HealthpostToCms/Page_HealthPost Store/input_btchkroqadd' is clicked on

2018-06-10 22:40:51 - [TEST_STEP][PASSED] - delay: Delayed 2 second(s)

2018-06-10 22:40:53 - [MESSAGE][PASSED] - Delayed 2 second(s)

2018-06-10 22:40:53 - [TEST_STEP][PASSED] - refresh: Refresh successfully

2018-06-10 22:40:53 - [MESSAGE][PASSED] - Refresh successfully

2018-06-10 22:40:53 - [TEST_STEP][PASSED] - delay: Delayed 3 second(s)

2018-06-10 22:40:56 - [MESSAGE][PASSED] - Delayed 3 second(s)

2018-06-10 22:40:56 - [TEST_STEP][PASSED] - waitForElementPresent: Object 'Object Repository/HealthpostToCms/Page_HealthPost Store/a_dropdown-toggle' is present

2018-06-10 22:40:56 - [MESSAGE][PASSED] - Object 'Object Repository/HealthpostToCms/Page_HealthPost Store/a_dropdown-toggle' is present

2018-06-10 22:40:56 - [TEST_STEP][PASSED] - click: Object: 'Object Repository/HealthpostToCms/Page_HealthPost Store/a_dropdown-toggle' is clicked on

2018-06-10 22:40:57 - [MESSAGE][PASSED] - Object: 'Object Repository/HealthpostToCms/Page_HealthPost Store/a_dropdown-toggle' is clicked on

2018-06-10 22:40:57 - [TEST_STEP][PASSED] - click: Object: 'Object Repository/HealthpostToCms/Page_HealthPost Store/a_Sign out' is clicked on

2018-06-10 22:40:57 - [MESSAGE][PASSED] - Object: 'Object Repository/HealthpostToCms/Page_HealthPost Store/a_Sign out' is clicked on

2018-06-10 22:40:57 - [TEST_STEP][PASSED] - closeBrowser: Browser is closed

2018-06-10 22:40:58 - [MESSAGE][PASSED] - Browser is closed]]></system-out>
         <system-err><![CDATA[]]></system-err>
      </testcase>
      <system-out><![CDATA[2018-06-10 22:28:13 - [TEST_SUITE][ERROR] - HealthPost_CMS_Suite: Test Cases/HEALTHPOST TEST CASES/TC_HP_013 Verify Schedule 1 Healthpost To CMS Request Are Working Successfully Or Not FAILED because (of) java.lang.NumberFormatException: For input string: ""]]></system-out>
      <system-err><![CDATA[2018-06-10 22:28:13 - [TEST_SUITE][ERROR] - HealthPost_CMS_Suite: Test Cases/HEALTHPOST TEST CASES/TC_HP_013 Verify Schedule 1 Healthpost To CMS Request Are Working Successfully Or Not FAILED because (of) java.lang.NumberFormatException: For input string: ""]]></system-err>
   </testsuite>
</testsuites>
