<?xml version="1.0" encoding="UTF-8"?>
<testsuites name="Emergency_Suite" time="2252" tests="6" failures="1" errors="0">
   <testsuite name="Emergency_Suite" tests="6" failures="1" errors="0" time="2252" timestamp="2018-05-30 14:35:56" hostname="Quality Analyst - DESKTOP-BLFTK83" id="Test Suites/Emergency_Suite">
      <properties>
         <property name="deviceName" value=""/>
         <property name="devicePlatform" value=""/>
         <property name="logFolder" value="C:\\Users\\Quality Analyst\\Katalon Studio\\ds\\Reports\\Emergency_Suite\\20180530_143545"/>
         <property name="logFiles" value="C:\\Users\\Quality Analyst\\Katalon Studio\\ds\\Reports\\Emergency_Suite\\20180530_143545\\execution0.log, C:\\Users\\Quality Analyst\\Katalon Studio\\ds\\Reports\\Emergency_Suite\\20180530_143545\\execution1.log"/>
         <property name="attachments" value="C:\\Users\\Quality Analyst\\Katalon Studio\\ds\\Reports\\Emergency_Suite\\20180530_143545\\1527673194871.png"/>
         <property name="hostName" value="Quality Analyst - DESKTOP-BLFTK83"/>
         <property name="os" value="Windows 10 64bit"/>
         <property name="katalonVersion" value="5.4.1.1"/>
         <property name="browser" value="Chrome 66.0.3359.181"/>
         <property name="hostAddress" value="169.254.189.85"/>
         <property name="sessionId" value="a8414e85e696588e5b9393044e816317"/>
         <property name="seleniumVersion" value="3.7.1"/>
         <property name="proxyInformation" value="ProxyInformation{proxyOption=NO_PROXY, proxyServerType=HTTP, password=, proxyServerAddress=, proxyServerPort=0}"/>
         <property name="platform" value="Windows 10"/>
      </properties>
      <testcase name="Test Cases/EMERGENCY TEST CASES/TC_ER_001 Verify Schedule 1 Emergency  Request Are Working Successfully Or Not" classname="Test Cases/EMERGENCY TEST CASES/TC_ER_001 Verify Schedule 1 Emergency  Request Are Working Successfully Or Not" status="PASSED">
         <system-out><![CDATA[2018-05-30 14:35:56 - [TEST_CASE][PASSED] - Test Cases/EMERGENCY TEST CASES/TC_ER_001 Verify Schedule 1 Emergency  Request Are Working Successfully Or Not: Test Cases/EMERGENCY TEST CASES/TC_ER_001 Verify Schedule 1 Emergency  Request Are Working Successfully Or Not

2018-05-30 14:35:56 - [TEST_STEP][PASSED] - openBrowser: Browser is opened with url: ''

2018-05-30 14:36:00 - [MESSAGE][PASSED] - Browser is opened with url: ''

2018-05-30 14:36:00 - [TEST_STEP][PASSED] - Statement - out.println("Verify Schedule 1 Emergency  Request Are Working Successfully Or Not"): null

2018-05-30 14:36:00 - [TEST_STEP][PASSED] - navigateToUrl: Navigate to 'http://192.168.137.1/Multihospital_New/EmergencyLogin.aspx' successfully

2018-05-30 14:36:01 - [MESSAGE][PASSED] - Navigate to 'http://192.168.137.1/Multihospital_New/EmergencyLogin.aspx' successfully

2018-05-30 14:36:01 - [TEST_STEP][PASSED] - maximizeWindow: Current window maximized

2018-05-30 14:36:03 - [MESSAGE][PASSED] - Current window maximized

2018-05-30 14:36:03 - [TEST_STEP][PASSED] - setText: Text 'nivetha' is set on object 'Object Repository/Emergency/Page_Emergency login/input_txtusername'

2018-05-30 14:36:03 - [MESSAGE][PASSED] - Text 'nivetha' is set on object 'Object Repository/Emergency/Page_Emergency login/input_txtusername'

2018-05-30 14:36:03 - [TEST_STEP][PASSED] - setText: Text '123' is set on object 'Object Repository/Emergency/Page_Emergency login/input_txtpassword'

2018-05-30 14:36:03 - [MESSAGE][PASSED] - Text '123' is set on object 'Object Repository/Emergency/Page_Emergency login/input_txtpassword'

2018-05-30 14:36:03 - [TEST_STEP][PASSED] - delay: Delayed 3 second(s)

2018-05-30 14:36:06 - [MESSAGE][PASSED] - Delayed 3 second(s)

2018-05-30 14:36:06 - [TEST_STEP][PASSED] - click: Object: 'Object Repository/Emergency/Page_Emergency login/button_Sign in' is clicked on

2018-05-30 14:36:07 - [MESSAGE][PASSED] - Object: 'Object Repository/Emergency/Page_Emergency login/button_Sign in' is clicked on

2018-05-30 14:36:07 - [TEST_STEP][PASSED] - delay: Delayed 3 second(s)

2018-05-30 14:36:10 - [MESSAGE][PASSED] - Delayed 3 second(s)

2018-05-30 14:36:10 - [TEST_STEP][PASSED] - click: Object: 'Object Repository/Emergency/Page_KDMC - Emergency/a_Store Request' is clicked on

2018-05-30 14:36:10 - [MESSAGE][PASSED] - Object: 'Object Repository/Emergency/Page_KDMC - Emergency/a_Store Request' is clicked on

2018-05-30 14:36:10 - [TEST_STEP][PASSED] - delay: Delayed 2 second(s)

2018-05-30 14:36:12 - [MESSAGE][PASSED] - Delayed 2 second(s)

2018-05-30 14:36:12 - [TEST_STEP][PASSED] - click: Object: 'Object Repository/Emergency/Page_KDMC - Emergency/a_Medicine Request' is clicked on

2018-05-30 14:36:13 - [MESSAGE][PASSED] - Object: 'Object Repository/Emergency/Page_KDMC - Emergency/a_Medicine Request' is clicked on

2018-05-30 14:36:13 - [TEST_STEP][PASSED] - delay: Delayed 2 second(s)

2018-05-30 14:36:15 - [MESSAGE][PASSED] - Delayed 2 second(s)

2018-05-30 14:36:15 - [TEST_STEP][PASSED] - selectOptionByIndex: All options with index in [1] are selected on object 'Object Repository/Emergency/Page_KDMC - Emergency/select_--Select--Schedule 1Inj'

2018-05-30 14:36:15 - [MESSAGE][PASSED] - All options with index in [1] are selected on object 'Object Repository/Emergency/Page_KDMC - Emergency/select_--Select--Schedule 1Inj'

2018-05-30 14:36:15 - [TEST_STEP][PASSED] - Statement - seletedoptions = com.kms.katalon.core.webui.keyword.WebUiBuiltInKeywords.getNumberOfTotalOption(com.kms.katalon.core.testobject.ObjectRepository.findTestObject(Emergency/Page_KDMC - Emergency/select_--Select--Adernaline 0.)): 63 options of object 'Object Repository/Emergency/Page_KDMC - Emergency/select_--Select--Adernaline 0.' counted

2018-05-30 14:36:15 - [MESSAGE][PASSED] - 63 options of object 'Object Repository/Emergency/Page_KDMC - Emergency/select_--Select--Adernaline 0.' counted

2018-05-30 14:36:15 - [TEST_STEP][PASSED] - Statement - For ([u = 1, u < seletedoptions, (u++)]): Object: 'Object Repository/Emergency/Page_KDMC - Emergency/button_Add' is clicked on

2018-05-30 14:36:15 - [TEST_STEP][PASSED] - selectOptionByIndex: All options with index in [1] are selected on object 'Object Repository/Emergency/Page_KDMC - Emergency/select_--Select--Schedule 1Inj'

2018-05-30 14:36:15 - [MESSAGE][PASSED] - All options with index in [1] are selected on object 'Object Repository/Emergency/Page_KDMC - Emergency/select_--Select--Schedule 1Inj'

2018-05-30 14:36:15 - [TEST_STEP][PASSED] - selectOptionByIndex: All options with index in [1] are selected on object 'Object Repository/Emergency/Page_KDMC - Emergency/select_--Select--Adernaline 0.'

2018-05-30 14:36:15 - [MESSAGE][PASSED] - All options with index in [1] are selected on object 'Object Repository/Emergency/Page_KDMC - Emergency/select_--Select--Adernaline 0.'

2018-05-30 14:36:15 - [TEST_STEP][PASSED] - setText: Text '10' is set on object 'Object Repository/Emergency/Page_KDMC - Emergency/input_txttreat'

2018-05-30 14:36:15 - [MESSAGE][PASSED] - Text '10' is set on object 'Object Repository/Emergency/Page_KDMC - Emergency/input_txttreat'

2018-05-30 14:36:15 - [TEST_STEP][PASSED] - click: Object: 'Object Repository/Emergency/Page_KDMC - Emergency/button_Add' is clicked on

2018-05-30 14:36:16 - [MESSAGE][PASSED] - Object: 'Object Repository/Emergency/Page_KDMC - Emergency/button_Add' is clicked on

2018-05-30 14:36:16 - [TEST_STEP][PASSED] - selectOptionByIndex: All options with index in [1] are selected on object 'Object Repository/Emergency/Page_KDMC - Emergency/select_--Select--Schedule 1Inj'

2018-05-30 14:36:16 - [MESSAGE][PASSED] - All options with index in [1] are selected on object 'Object Repository/Emergency/Page_KDMC - Emergency/select_--Select--Schedule 1Inj'

2018-05-30 14:36:16 - [TEST_STEP][PASSED] - selectOptionByIndex: All options with index in [2] are selected on object 'Object Repository/Emergency/Page_KDMC - Emergency/select_--Select--Adernaline 0.'

2018-05-30 14:36:16 - [MESSAGE][PASSED] - All options with index in [2] are selected on object 'Object Repository/Emergency/Page_KDMC - Emergency/select_--Select--Adernaline 0.'

2018-05-30 14:36:16 - [TEST_STEP][PASSED] - setText: Text '10' is set on object 'Object Repository/Emergency/Page_KDMC - Emergency/input_txttreat'

2018-05-30 14:36:16 - [MESSAGE][PASSED] - Text '10' is set on object 'Object Repository/Emergency/Page_KDMC - Emergency/input_txttreat'

2018-05-30 14:36:16 - [TEST_STEP][PASSED] - click: Object: 'Object Repository/Emergency/Page_KDMC - Emergency/button_Add' is clicked on

2018-05-30 14:36:16 - [MESSAGE][PASSED] - Object: 'Object Repository/Emergency/Page_KDMC - Emergency/button_Add' is clicked on

2018-05-30 14:36:16 - [TEST_STEP][PASSED] - selectOptionByIndex: All options with index in [1] are selected on object 'Object Repository/Emergency/Page_KDMC - Emergency/select_--Select--Schedule 1Inj'

2018-05-30 14:36:16 - [MESSAGE][PASSED] - All options with index in [1] are selected on object 'Object Repository/Emergency/Page_KDMC - Emergency/select_--Select--Schedule 1Inj'

2018-05-30 14:36:16 - [TEST_STEP][PASSED] - selectOptionByIndex: All options with index in [3] are selected on object 'Object Repository/Emergency/Page_KDMC - Emergency/select_--Select--Adernaline 0.'

2018-05-30 14:36:16 - [MESSAGE][PASSED] - All options with index in [3] are selected on object 'Object Repository/Emergency/Page_KDMC - Emergency/select_--Select--Adernaline 0.'

2018-05-30 14:36:16 - [TEST_STEP][PASSED] - setText: Text '10' is set on object 'Object Repository/Emergency/Page_KDMC - Emergency/input_txttreat'

2018-05-30 14:36:16 - [MESSAGE][PASSED] - Text '10' is set on object 'Object Repository/Emergency/Page_KDMC - Emergency/input_txttreat'

2018-05-30 14:36:16 - [TEST_STEP][PASSED] - click: Object: 'Object Repository/Emergency/Page_KDMC - Emergency/button_Add' is clicked on

2018-05-30 14:36:16 - [MESSAGE][PASSED] - Object: 'Object Repository/Emergency/Page_KDMC - Emergency/button_Add' is clicked on

2018-05-30 14:36:16 - [TEST_STEP][PASSED] - selectOptionByIndex: All options with index in [1] are selected on object 'Object Repository/Emergency/Page_KDMC - Emergency/select_--Select--Schedule 1Inj'

2018-05-30 14:36:17 - [MESSAGE][PASSED] - All options with index in [1] are selected on object 'Object Repository/Emergency/Page_KDMC - Emergency/select_--Select--Schedule 1Inj'

2018-05-30 14:36:17 - [TEST_STEP][PASSED] - selectOptionByIndex: All options with index in [4] are selected on object 'Object Repository/Emergency/Page_KDMC - Emergency/select_--Select--Adernaline 0.'

2018-05-30 14:36:17 - [MESSAGE][PASSED] - All options with index in [4] are selected on object 'Object Repository/Emergency/Page_KDMC - Emergency/select_--Select--Adernaline 0.'

2018-05-30 14:36:17 - [TEST_STEP][PASSED] - setText: Text '10' is set on object 'Object Repository/Emergency/Page_KDMC - Emergency/input_txttreat'

2018-05-30 14:36:17 - [MESSAGE][PASSED] - Text '10' is set on object 'Object Repository/Emergency/Page_KDMC - Emergency/input_txttreat'

2018-05-30 14:36:17 - [TEST_STEP][PASSED] - click: Object: 'Object Repository/Emergency/Page_KDMC - Emergency/button_Add' is clicked on

2018-05-30 14:36:17 - [MESSAGE][PASSED] - Object: 'Object Repository/Emergency/Page_KDMC - Emergency/button_Add' is clicked on

2018-05-30 14:36:17 - [TEST_STEP][PASSED] - selectOptionByIndex: All options with index in [1] are selected on object 'Object Repository/Emergency/Page_KDMC - Emergency/select_--Select--Schedule 1Inj'

2018-05-30 14:36:17 - [MESSAGE][PASSED] - All options with index in [1] are selected on object 'Object Repository/Emergency/Page_KDMC - Emergency/select_--Select--Schedule 1Inj'

2018-05-30 14:36:17 - [TEST_STEP][PASSED] - selectOptionByIndex: All options with index in [5] are selected on object 'Object Repository/Emergency/Page_KDMC - Emergency/select_--Select--Adernaline 0.'

2018-05-30 14:36:17 - [MESSAGE][PASSED] - All options with index in [5] are selected on object 'Object Repository/Emergency/Page_KDMC - Emergency/select_--Select--Adernaline 0.'

2018-05-30 14:36:17 - [TEST_STEP][PASSED] - setText: Text '10' is set on object 'Object Repository/Emergency/Page_KDMC - Emergency/input_txttreat'

2018-05-30 14:36:17 - [MESSAGE][PASSED] - Text '10' is set on object 'Object Repository/Emergency/Page_KDMC - Emergency/input_txttreat'

2018-05-30 14:36:17 - [TEST_STEP][PASSED] - click: Object: 'Object Repository/Emergency/Page_KDMC - Emergency/button_Add' is clicked on

2018-05-30 14:36:17 - [MESSAGE][PASSED] - Object: 'Object Repository/Emergency/Page_KDMC - Emergency/button_Add' is clicked on

2018-05-30 14:36:17 - [TEST_STEP][PASSED] - selectOptionByIndex: All options with index in [1] are selected on object 'Object Repository/Emergency/Page_KDMC - Emergency/select_--Select--Schedule 1Inj'

2018-05-30 14:36:18 - [MESSAGE][PASSED] - All options with index in [1] are selected on object 'Object Repository/Emergency/Page_KDMC - Emergency/select_--Select--Schedule 1Inj'

2018-05-30 14:36:18 - [TEST_STEP][PASSED] - selectOptionByIndex: All options with index in [6] are selected on object 'Object Repository/Emergency/Page_KDMC - Emergency/select_--Select--Adernaline 0.'

2018-05-30 14:36:18 - [MESSAGE][PASSED] - All options with index in [6] are selected on object 'Object Repository/Emergency/Page_KDMC - Emergency/select_--Select--Adernaline 0.'

2018-05-30 14:36:18 - [TEST_STEP][PASSED] - setText: Text '10' is set on object 'Object Repository/Emergency/Page_KDMC - Emergency/input_txttreat'

2018-05-30 14:36:18 - [MESSAGE][PASSED] - Text '10' is set on object 'Object Repository/Emergency/Page_KDMC - Emergency/input_txttreat'

2018-05-30 14:36:18 - [TEST_STEP][PASSED] - click: Object: 'Object Repository/Emergency/Page_KDMC - Emergency/button_Add' is clicked on

2018-05-30 14:36:18 - [MESSAGE][PASSED] - Object: 'Object Repository/Emergency/Page_KDMC - Emergency/button_Add' is clicked on

2018-05-30 14:36:18 - [TEST_STEP][PASSED] - selectOptionByIndex: All options with index in [1] are selected on object 'Object Repository/Emergency/Page_KDMC - Emergency/select_--Select--Schedule 1Inj'

2018-05-30 14:36:18 - [MESSAGE][PASSED] - All options with index in [1] are selected on object 'Object Repository/Emergency/Page_KDMC - Emergency/select_--Select--Schedule 1Inj'

2018-05-30 14:36:18 - [TEST_STEP][PASSED] - selectOptionByIndex: All options with index in [7] are selected on object 'Object Repository/Emergency/Page_KDMC - Emergency/select_--Select--Adernaline 0.'

2018-05-30 14:36:18 - [MESSAGE][PASSED] - All options with index in [7] are selected on object 'Object Repository/Emergency/Page_KDMC - Emergency/select_--Select--Adernaline 0.'

2018-05-30 14:36:18 - [TEST_STEP][PASSED] - setText: Text '10' is set on object 'Object Repository/Emergency/Page_KDMC - Emergency/input_txttreat'

2018-05-30 14:36:18 - [MESSAGE][PASSED] - Text '10' is set on object 'Object Repository/Emergency/Page_KDMC - Emergency/input_txttreat'

2018-05-30 14:36:18 - [TEST_STEP][PASSED] - click: Object: 'Object Repository/Emergency/Page_KDMC - Emergency/button_Add' is clicked on

2018-05-30 14:36:18 - [MESSAGE][PASSED] - Object: 'Object Repository/Emergency/Page_KDMC - Emergency/button_Add' is clicked on

2018-05-30 14:36:18 - [TEST_STEP][PASSED] - selectOptionByIndex: All options with index in [1] are selected on object 'Object Repository/Emergency/Page_KDMC - Emergency/select_--Select--Schedule 1Inj'

2018-05-30 14:36:19 - [MESSAGE][PASSED] - All options with index in [1] are selected on object 'Object Repository/Emergency/Page_KDMC - Emergency/select_--Select--Schedule 1Inj'

2018-05-30 14:36:19 - [TEST_STEP][PASSED] - selectOptionByIndex: All options with index in [8] are selected on object 'Object Repository/Emergency/Page_KDMC - Emergency/select_--Select--Adernaline 0.'

2018-05-30 14:36:19 - [MESSAGE][PASSED] - All options with index in [8] are selected on object 'Object Repository/Emergency/Page_KDMC - Emergency/select_--Select--Adernaline 0.'

2018-05-30 14:36:19 - [TEST_STEP][PASSED] - setText: Text '10' is set on object 'Object Repository/Emergency/Page_KDMC - Emergency/input_txttreat'

2018-05-30 14:36:19 - [MESSAGE][PASSED] - Text '10' is set on object 'Object Repository/Emergency/Page_KDMC - Emergency/input_txttreat'

2018-05-30 14:36:19 - [TEST_STEP][PASSED] - click: Object: 'Object Repository/Emergency/Page_KDMC - Emergency/button_Add' is clicked on

2018-05-30 14:36:19 - [MESSAGE][PASSED] - Object: 'Object Repository/Emergency/Page_KDMC - Emergency/button_Add' is clicked on

2018-05-30 14:36:19 - [TEST_STEP][PASSED] - selectOptionByIndex: All options with index in [1] are selected on object 'Object Repository/Emergency/Page_KDMC - Emergency/select_--Select--Schedule 1Inj'

2018-05-30 14:36:19 - [MESSAGE][PASSED] - All options with index in [1] are selected on object 'Object Repository/Emergency/Page_KDMC - Emergency/select_--Select--Schedule 1Inj'

2018-05-30 14:36:19 - [TEST_STEP][PASSED] - selectOptionByIndex: All options with index in [9] are selected on object 'Object Repository/Emergency/Page_KDMC - Emergency/select_--Select--Adernaline 0.'

2018-05-30 14:36:19 - [MESSAGE][PASSED] - All options with index in [9] are selected on object 'Object Repository/Emergency/Page_KDMC - Emergency/select_--Select--Adernaline 0.'

2018-05-30 14:36:19 - [TEST_STEP][PASSED] - setText: Text '10' is set on object 'Object Repository/Emergency/Page_KDMC - Emergency/input_txttreat'

2018-05-30 14:36:19 - [MESSAGE][PASSED] - Text '10' is set on object 'Object Repository/Emergency/Page_KDMC - Emergency/input_txttreat'

2018-05-30 14:36:19 - [TEST_STEP][PASSED] - click: Object: 'Object Repository/Emergency/Page_KDMC - Emergency/button_Add' is clicked on

2018-05-30 14:36:19 - [MESSAGE][PASSED] - Object: 'Object Repository/Emergency/Page_KDMC - Emergency/button_Add' is clicked on

2018-05-30 14:36:19 - [TEST_STEP][PASSED] - selectOptionByIndex: All options with index in [1] are selected on object 'Object Repository/Emergency/Page_KDMC - Emergency/select_--Select--Schedule 1Inj'

2018-05-30 14:36:20 - [MESSAGE][PASSED] - All options with index in [1] are selected on object 'Object Repository/Emergency/Page_KDMC - Emergency/select_--Select--Schedule 1Inj'

2018-05-30 14:36:20 - [TEST_STEP][PASSED] - selectOptionByIndex: All options with index in [10] are selected on object 'Object Repository/Emergency/Page_KDMC - Emergency/select_--Select--Adernaline 0.'

2018-05-30 14:36:20 - [MESSAGE][PASSED] - All options with index in [10] are selected on object 'Object Repository/Emergency/Page_KDMC - Emergency/select_--Select--Adernaline 0.'

2018-05-30 14:36:20 - [TEST_STEP][PASSED] - setText: Text '10' is set on object 'Object Repository/Emergency/Page_KDMC - Emergency/input_txttreat'

2018-05-30 14:36:20 - [MESSAGE][PASSED] - Text '10' is set on object 'Object Repository/Emergency/Page_KDMC - Emergency/input_txttreat'

2018-05-30 14:36:20 - [TEST_STEP][PASSED] - click: Object: 'Object Repository/Emergency/Page_KDMC - Emergency/button_Add' is clicked on

2018-05-30 14:36:20 - [MESSAGE][PASSED] - Object: 'Object Repository/Emergency/Page_KDMC - Emergency/button_Add' is clicked on

2018-05-30 14:36:20 - [TEST_STEP][PASSED] - selectOptionByIndex: All options with index in [1] are selected on object 'Object Repository/Emergency/Page_KDMC - Emergency/select_--Select--Schedule 1Inj'

2018-05-30 14:36:20 - [MESSAGE][PASSED] - All options with index in [1] are selected on object 'Object Repository/Emergency/Page_KDMC - Emergency/select_--Select--Schedule 1Inj'

2018-05-30 14:36:20 - [TEST_STEP][PASSED] - selectOptionByIndex: All options with index in [11] are selected on object 'Object Repository/Emergency/Page_KDMC - Emergency/select_--Select--Adernaline 0.'

2018-05-30 14:36:20 - [MESSAGE][PASSED] - All options with index in [11] are selected on object 'Object Repository/Emergency/Page_KDMC - Emergency/select_--Select--Adernaline 0.'

2018-05-30 14:36:20 - [TEST_STEP][PASSED] - setText: Text '10' is set on object 'Object Repository/Emergency/Page_KDMC - Emergency/input_txttreat'

2018-05-30 14:36:20 - [MESSAGE][PASSED] - Text '10' is set on object 'Object Repository/Emergency/Page_KDMC - Emergency/input_txttreat'

2018-05-30 14:36:20 - [TEST_STEP][PASSED] - click: Object: 'Object Repository/Emergency/Page_KDMC - Emergency/button_Add' is clicked on

2018-05-30 14:36:21 - [MESSAGE][PASSED] - Object: 'Object Repository/Emergency/Page_KDMC - Emergency/button_Add' is clicked on

2018-05-30 14:36:21 - [TEST_STEP][PASSED] - selectOptionByIndex: All options with index in [1] are selected on object 'Object Repository/Emergency/Page_KDMC - Emergency/select_--Select--Schedule 1Inj'

2018-05-30 14:36:21 - [MESSAGE][PASSED] - All options with index in [1] are selected on object 'Object Repository/Emergency/Page_KDMC - Emergency/select_--Select--Schedule 1Inj'

2018-05-30 14:36:21 - [TEST_STEP][PASSED] - selectOptionByIndex: All options with index in [12] are selected on object 'Object Repository/Emergency/Page_KDMC - Emergency/select_--Select--Adernaline 0.'

2018-05-30 14:36:21 - [MESSAGE][PASSED] - All options with index in [12] are selected on object 'Object Repository/Emergency/Page_KDMC - Emergency/select_--Select--Adernaline 0.'

2018-05-30 14:36:21 - [TEST_STEP][PASSED] - setText: Text '10' is set on object 'Object Repository/Emergency/Page_KDMC - Emergency/input_txttreat'

2018-05-30 14:36:21 - [MESSAGE][PASSED] - Text '10' is set on object 'Object Repository/Emergency/Page_KDMC - Emergency/input_txttreat'

2018-05-30 14:36:21 - [TEST_STEP][PASSED] - click: Object: 'Object Repository/Emergency/Page_KDMC - Emergency/button_Add' is clicked on

2018-05-30 14:36:21 - [MESSAGE][PASSED] - Object: 'Object Repository/Emergency/Page_KDMC - Emergency/button_Add' is clicked on

2018-05-30 14:36:21 - [TEST_STEP][PASSED] - selectOptionByIndex: All options with index in [1] are selected on object 'Object Repository/Emergency/Page_KDMC - Emergency/select_--Select--Schedule 1Inj'

2018-05-30 14:36:21 - [MESSAGE][PASSED] - All options with index in [1] are selected on object 'Object Repository/Emergency/Page_KDMC - Emergency/select_--Select--Schedule 1Inj'

2018-05-30 14:36:21 - [TEST_STEP][PASSED] - selectOptionByIndex: All options with index in [13] are selected on object 'Object Repository/Emergency/Page_KDMC - Emergency/select_--Select--Adernaline 0.'

2018-05-30 14:36:22 - [MESSAGE][PASSED] - All options with index in [13] are selected on object 'Object Repository/Emergency/Page_KDMC - Emergency/select_--Select--Adernaline 0.'

2018-05-30 14:36:22 - [TEST_STEP][PASSED] - setText: Text '10' is set on object 'Object Repository/Emergency/Page_KDMC - Emergency/input_txttreat'

2018-05-30 14:36:22 - [MESSAGE][PASSED] - Text '10' is set on object 'Object Repository/Emergency/Page_KDMC - Emergency/input_txttreat'

2018-05-30 14:36:22 - [TEST_STEP][PASSED] - click: Object: 'Object Repository/Emergency/Page_KDMC - Emergency/button_Add' is clicked on

2018-05-30 14:36:22 - [MESSAGE][PASSED] - Object: 'Object Repository/Emergency/Page_KDMC - Emergency/button_Add' is clicked on

2018-05-30 14:36:22 - [TEST_STEP][PASSED] - selectOptionByIndex: All options with index in [1] are selected on object 'Object Repository/Emergency/Page_KDMC - Emergency/select_--Select--Schedule 1Inj'

2018-05-30 14:36:22 - [MESSAGE][PASSED] - All options with index in [1] are selected on object 'Object Repository/Emergency/Page_KDMC - Emergency/select_--Select--Schedule 1Inj'

2018-05-30 14:36:22 - [TEST_STEP][PASSED] - selectOptionByIndex: All options with index in [14] are selected on object 'Object Repository/Emergency/Page_KDMC - Emergency/select_--Select--Adernaline 0.'

2018-05-30 14:36:22 - [MESSAGE][PASSED] - All options with index in [14] are selected on object 'Object Repository/Emergency/Page_KDMC - Emergency/select_--Select--Adernaline 0.'

2018-05-30 14:36:22 - [TEST_STEP][PASSED] - setText: Text '10' is set on object 'Object Repository/Emergency/Page_KDMC - Emergency/input_txttreat'

2018-05-30 14:36:22 - [MESSAGE][PASSED] - Text '10' is set on object 'Object Repository/Emergency/Page_KDMC - Emergency/input_txttreat'

2018-05-30 14:36:22 - [TEST_STEP][PASSED] - click: Object: 'Object Repository/Emergency/Page_KDMC - Emergency/button_Add' is clicked on

2018-05-30 14:36:22 - [MESSAGE][PASSED] - Object: 'Object Repository/Emergency/Page_KDMC - Emergency/button_Add' is clicked on

2018-05-30 14:36:22 - [TEST_STEP][PASSED] - selectOptionByIndex: All options with index in [1] are selected on object 'Object Repository/Emergency/Page_KDMC - Emergency/select_--Select--Schedule 1Inj'

2018-05-30 14:36:22 - [MESSAGE][PASSED] - All options with index in [1] are selected on object 'Object Repository/Emergency/Page_KDMC - Emergency/select_--Select--Schedule 1Inj'

2018-05-30 14:36:22 - [TEST_STEP][PASSED] - selectOptionByIndex: All options with index in [15] are selected on object 'Object Repository/Emergency/Page_KDMC - Emergency/select_--Select--Adernaline 0.'

2018-05-30 14:36:23 - [MESSAGE][PASSED] - All options with index in [15] are selected on object 'Object Repository/Emergency/Page_KDMC - Emergency/select_--Select--Adernaline 0.'

2018-05-30 14:36:23 - [TEST_STEP][PASSED] - setText: Text '10' is set on object 'Object Repository/Emergency/Page_KDMC - Emergency/input_txttreat'

2018-05-30 14:36:23 - [MESSAGE][PASSED] - Text '10' is set on object 'Object Repository/Emergency/Page_KDMC - Emergency/input_txttreat'

2018-05-30 14:36:23 - [TEST_STEP][PASSED] - click: Object: 'Object Repository/Emergency/Page_KDMC - Emergency/button_Add' is clicked on

2018-05-30 14:36:23 - [MESSAGE][PASSED] - Object: 'Object Repository/Emergency/Page_KDMC - Emergency/button_Add' is clicked on

2018-05-30 14:36:23 - [TEST_STEP][PASSED] - selectOptionByIndex: All options with index in [1] are selected on object 'Object Repository/Emergency/Page_KDMC - Emergency/select_--Select--Schedule 1Inj'

2018-05-30 14:36:23 - [MESSAGE][PASSED] - All options with index in [1] are selected on object 'Object Repository/Emergency/Page_KDMC - Emergency/select_--Select--Schedule 1Inj'

2018-05-30 14:36:23 - [TEST_STEP][PASSED] - selectOptionByIndex: All options with index in [16] are selected on object 'Object Repository/Emergency/Page_KDMC - Emergency/select_--Select--Adernaline 0.'

2018-05-30 14:36:23 - [MESSAGE][PASSED] - All options with index in [16] are selected on object 'Object Repository/Emergency/Page_KDMC - Emergency/select_--Select--Adernaline 0.'

2018-05-30 14:36:23 - [TEST_STEP][PASSED] - setText: Text '10' is set on object 'Object Repository/Emergency/Page_KDMC - Emergency/input_txttreat'

2018-05-30 14:36:23 - [MESSAGE][PASSED] - Text '10' is set on object 'Object Repository/Emergency/Page_KDMC - Emergency/input_txttreat'

2018-05-30 14:36:23 - [TEST_STEP][PASSED] - click: Object: 'Object Repository/Emergency/Page_KDMC - Emergency/button_Add' is clicked on

2018-05-30 14:36:24 - [MESSAGE][PASSED] - Object: 'Object Repository/Emergency/Page_KDMC - Emergency/button_Add' is clicked on

2018-05-30 14:36:24 - [TEST_STEP][PASSED] - selectOptionByIndex: All options with index in [1] are selected on object 'Object Repository/Emergency/Page_KDMC - Emergency/select_--Select--Schedule 1Inj'

2018-05-30 14:36:24 - [MESSAGE][PASSED] - All options with index in [1] are selected on object 'Object Repository/Emergency/Page_KDMC - Emergency/select_--Select--Schedule 1Inj'

2018-05-30 14:36:24 - [TEST_STEP][PASSED] - selectOptionByIndex: All options with index in [17] are selected on object 'Object Repository/Emergency/Page_KDMC - Emergency/select_--Select--Adernaline 0.'

2018-05-30 14:36:24 - [MESSAGE][PASSED] - All options with index in [17] are selected on object 'Object Repository/Emergency/Page_KDMC - Emergency/select_--Select--Adernaline 0.'

2018-05-30 14:36:24 - [TEST_STEP][PASSED] - setText: Text '10' is set on object 'Object Repository/Emergency/Page_KDMC - Emergency/input_txttreat'

2018-05-30 14:36:24 - [MESSAGE][PASSED] - Text '10' is set on object 'Object Repository/Emergency/Page_KDMC - Emergency/input_txttreat'

2018-05-30 14:36:24 - [TEST_STEP][PASSED] - click: Object: 'Object Repository/Emergency/Page_KDMC - Emergency/button_Add' is clicked on

2018-05-30 14:36:24 - [MESSAGE][PASSED] - Object: 'Object Repository/Emergency/Page_KDMC - Emergency/button_Add' is clicked on

2018-05-30 14:36:24 - [TEST_STEP][PASSED] - selectOptionByIndex: All options with index in [1] are selected on object 'Object Repository/Emergency/Page_KDMC - Emergency/select_--Select--Schedule 1Inj'

2018-05-30 14:36:24 - [MESSAGE][PASSED] - All options with index in [1] are selected on object 'Object Repository/Emergency/Page_KDMC - Emergency/select_--Select--Schedule 1Inj'

2018-05-30 14:36:24 - [TEST_STEP][PASSED] - selectOptionByIndex: All options with index in [18] are selected on object 'Object Repository/Emergency/Page_KDMC - Emergency/select_--Select--Adernaline 0.'

2018-05-30 14:36:25 - [MESSAGE][PASSED] - All options with index in [18] are selected on object 'Object Repository/Emergency/Page_KDMC - Emergency/select_--Select--Adernaline 0.'

2018-05-30 14:36:25 - [TEST_STEP][PASSED] - setText: Text '10' is set on object 'Object Repository/Emergency/Page_KDMC - Emergency/input_txttreat'

2018-05-30 14:36:25 - [MESSAGE][PASSED] - Text '10' is set on object 'Object Repository/Emergency/Page_KDMC - Emergency/input_txttreat'

2018-05-30 14:36:25 - [TEST_STEP][PASSED] - click: Object: 'Object Repository/Emergency/Page_KDMC - Emergency/button_Add' is clicked on

2018-05-30 14:36:25 - [MESSAGE][PASSED] - Object: 'Object Repository/Emergency/Page_KDMC - Emergency/button_Add' is clicked on

2018-05-30 14:36:25 - [TEST_STEP][PASSED] - selectOptionByIndex: All options with index in [1] are selected on object 'Object Repository/Emergency/Page_KDMC - Emergency/select_--Select--Schedule 1Inj'

2018-05-30 14:36:25 - [MESSAGE][PASSED] - All options with index in [1] are selected on object 'Object Repository/Emergency/Page_KDMC - Emergency/select_--Select--Schedule 1Inj'

2018-05-30 14:36:25 - [TEST_STEP][PASSED] - selectOptionByIndex: All options with index in [19] are selected on object 'Object Repository/Emergency/Page_KDMC - Emergency/select_--Select--Adernaline 0.'

2018-05-30 14:36:25 - [MESSAGE][PASSED] - All options with index in [19] are selected on object 'Object Repository/Emergency/Page_KDMC - Emergency/select_--Select--Adernaline 0.'

2018-05-30 14:36:25 - [TEST_STEP][PASSED] - setText: Text '10' is set on object 'Object Repository/Emergency/Page_KDMC - Emergency/input_txttreat'

2018-05-30 14:36:25 - [MESSAGE][PASSED] - Text '10' is set on object 'Object Repository/Emergency/Page_KDMC - Emergency/input_txttreat'

2018-05-30 14:36:25 - [TEST_STEP][PASSED] - click: Object: 'Object Repository/Emergency/Page_KDMC - Emergency/button_Add' is clicked on

2018-05-30 14:36:25 - [MESSAGE][PASSED] - Object: 'Object Repository/Emergency/Page_KDMC - Emergency/button_Add' is clicked on

2018-05-30 14:36:25 - [TEST_STEP][PASSED] - selectOptionByIndex: All options with index in [1] are selected on object 'Object Repository/Emergency/Page_KDMC - Emergency/select_--Select--Schedule 1Inj'

2018-05-30 14:36:26 - [MESSAGE][PASSED] - All options with index in [1] are selected on object 'Object Repository/Emergency/Page_KDMC - Emergency/select_--Select--Schedule 1Inj'

2018-05-30 14:36:26 - [TEST_STEP][PASSED] - selectOptionByIndex: All options with index in [20] are selected on object 'Object Repository/Emergency/Page_KDMC - Emergency/select_--Select--Adernaline 0.'

2018-05-30 14:36:26 - [MESSAGE][PASSED] - All options with index in [20] are selected on object 'Object Repository/Emergency/Page_KDMC - Emergency/select_--Select--Adernaline 0.'

2018-05-30 14:36:26 - [TEST_STEP][PASSED] - setText: Text '10' is set on object 'Object Repository/Emergency/Page_KDMC - Emergency/input_txttreat'

2018-05-30 14:36:26 - [MESSAGE][PASSED] - Text '10' is set on object 'Object Repository/Emergency/Page_KDMC - Emergency/input_txttreat'

2018-05-30 14:36:26 - [TEST_STEP][PASSED] - click: Object: 'Object Repository/Emergency/Page_KDMC - Emergency/button_Add' is clicked on

2018-05-30 14:36:26 - [MESSAGE][PASSED] - Object: 'Object Repository/Emergency/Page_KDMC - Emergency/button_Add' is clicked on

2018-05-30 14:36:26 - [TEST_STEP][PASSED] - selectOptionByIndex: All options with index in [1] are selected on object 'Object Repository/Emergency/Page_KDMC - Emergency/select_--Select--Schedule 1Inj'

2018-05-30 14:36:26 - [MESSAGE][PASSED] - All options with index in [1] are selected on object 'Object Repository/Emergency/Page_KDMC - Emergency/select_--Select--Schedule 1Inj'

2018-05-30 14:36:26 - [TEST_STEP][PASSED] - selectOptionByIndex: All options with index in [21] are selected on object 'Object Repository/Emergency/Page_KDMC - Emergency/select_--Select--Adernaline 0.'

2018-05-30 14:36:27 - [MESSAGE][PASSED] - All options with index in [21] are selected on object 'Object Repository/Emergency/Page_KDMC - Emergency/select_--Select--Adernaline 0.'

2018-05-30 14:36:27 - [TEST_STEP][PASSED] - setText: Text '10' is set on object 'Object Repository/Emergency/Page_KDMC - Emergency/input_txttreat'

2018-05-30 14:36:27 - [MESSAGE][PASSED] - Text '10' is set on object 'Object Repository/Emergency/Page_KDMC - Emergency/input_txttreat'

2018-05-30 14:36:27 - [TEST_STEP][PASSED] - click: Object: 'Object Repository/Emergency/Page_KDMC - Emergency/button_Add' is clicked on

2018-05-30 14:36:27 - [MESSAGE][PASSED] - Object: 'Object Repository/Emergency/Page_KDMC - Emergency/button_Add' is clicked on

2018-05-30 14:36:27 - [TEST_STEP][PASSED] - selectOptionByIndex: All options with index in [1] are selected on object 'Object Repository/Emergency/Page_KDMC - Emergency/select_--Select--Schedule 1Inj'

2018-05-30 14:36:27 - [MESSAGE][PASSED] - All options with index in [1] are selected on object 'Object Repository/Emergency/Page_KDMC - Emergency/select_--Select--Schedule 1Inj'

2018-05-30 14:36:27 - [TEST_STEP][PASSED] - selectOptionByIndex: All options with index in [22] are selected on object 'Object Repository/Emergency/Page_KDMC - Emergency/select_--Select--Adernaline 0.'

2018-05-30 14:36:27 - [MESSAGE][PASSED] - All options with index in [22] are selected on object 'Object Repository/Emergency/Page_KDMC - Emergency/select_--Select--Adernaline 0.'

2018-05-30 14:36:27 - [TEST_STEP][PASSED] - setText: Text '10' is set on object 'Object Repository/Emergency/Page_KDMC - Emergency/input_txttreat'

2018-05-30 14:36:27 - [MESSAGE][PASSED] - Text '10' is set on object 'Object Repository/Emergency/Page_KDMC - Emergency/input_txttreat'

2018-05-30 14:36:27 - [TEST_STEP][PASSED] - click: Object: 'Object Repository/Emergency/Page_KDMC - Emergency/button_Add' is clicked on

2018-05-30 14:36:27 - [MESSAGE][PASSED] - Object: 'Object Repository/Emergency/Page_KDMC - Emergency/button_Add' is clicked on

2018-05-30 14:36:27 - [TEST_STEP][PASSED] - selectOptionByIndex: All options with index in [1] are selected on object 'Object Repository/Emergency/Page_KDMC - Emergency/select_--Select--Schedule 1Inj'

2018-05-30 14:36:27 - [MESSAGE][PASSED] - All options with index in [1] are selected on object 'Object Repository/Emergency/Page_KDMC - Emergency/select_--Select--Schedule 1Inj'

2018-05-30 14:36:27 - [TEST_STEP][PASSED] - selectOptionByIndex: All options with index in [23] are selected on object 'Object Repository/Emergency/Page_KDMC - Emergency/select_--Select--Adernaline 0.'

2018-05-30 14:36:28 - [MESSAGE][PASSED] - All options with index in [23] are selected on object 'Object Repository/Emergency/Page_KDMC - Emergency/select_--Select--Adernaline 0.'

2018-05-30 14:36:28 - [TEST_STEP][PASSED] - setText: Text '10' is set on object 'Object Repository/Emergency/Page_KDMC - Emergency/input_txttreat'

2018-05-30 14:36:28 - [MESSAGE][PASSED] - Text '10' is set on object 'Object Repository/Emergency/Page_KDMC - Emergency/input_txttreat'

2018-05-30 14:36:28 - [TEST_STEP][PASSED] - click: Object: 'Object Repository/Emergency/Page_KDMC - Emergency/button_Add' is clicked on

2018-05-30 14:36:28 - [MESSAGE][PASSED] - Object: 'Object Repository/Emergency/Page_KDMC - Emergency/button_Add' is clicked on

2018-05-30 14:36:28 - [TEST_STEP][PASSED] - selectOptionByIndex: All options with index in [1] are selected on object 'Object Repository/Emergency/Page_KDMC - Emergency/select_--Select--Schedule 1Inj'

2018-05-30 14:36:28 - [MESSAGE][PASSED] - All options with index in [1] are selected on object 'Object Repository/Emergency/Page_KDMC - Emergency/select_--Select--Schedule 1Inj'

2018-05-30 14:36:28 - [TEST_STEP][PASSED] - selectOptionByIndex: All options with index in [24] are selected on object 'Object Repository/Emergency/Page_KDMC - Emergency/select_--Select--Adernaline 0.'

2018-05-30 14:36:29 - [MESSAGE][PASSED] - All options with index in [24] are selected on object 'Object Repository/Emergency/Page_KDMC - Emergency/select_--Select--Adernaline 0.'

2018-05-30 14:36:29 - [TEST_STEP][PASSED] - setText: Text '10' is set on object 'Object Repository/Emergency/Page_KDMC - Emergency/input_txttreat'

2018-05-30 14:36:29 - [MESSAGE][PASSED] - Text '10' is set on object 'Object Repository/Emergency/Page_KDMC - Emergency/input_txttreat'

2018-05-30 14:36:29 - [TEST_STEP][PASSED] - click: Object: 'Object Repository/Emergency/Page_KDMC - Emergency/button_Add' is clicked on

2018-05-30 14:36:29 - [MESSAGE][PASSED] - Object: 'Object Repository/Emergency/Page_KDMC - Emergency/button_Add' is clicked on

2018-05-30 14:36:29 - [TEST_STEP][PASSED] - selectOptionByIndex: All options with index in [1] are selected on object 'Object Repository/Emergency/Page_KDMC - Emergency/select_--Select--Schedule 1Inj'

2018-05-30 14:36:29 - [MESSAGE][PASSED] - All options with index in [1] are selected on object 'Object Repository/Emergency/Page_KDMC - Emergency/select_--Select--Schedule 1Inj'

2018-05-30 14:36:29 - [TEST_STEP][PASSED] - selectOptionByIndex: All options with index in [25] are selected on object 'Object Repository/Emergency/Page_KDMC - Emergency/select_--Select--Adernaline 0.'

2018-05-30 14:36:29 - [MESSAGE][PASSED] - All options with index in [25] are selected on object 'Object Repository/Emergency/Page_KDMC - Emergency/select_--Select--Adernaline 0.'

2018-05-30 14:36:29 - [TEST_STEP][PASSED] - setText: Text '10' is set on object 'Object Repository/Emergency/Page_KDMC - Emergency/input_txttreat'

2018-05-30 14:36:29 - [MESSAGE][PASSED] - Text '10' is set on object 'Object Repository/Emergency/Page_KDMC - Emergency/input_txttreat'

2018-05-30 14:36:29 - [TEST_STEP][PASSED] - click: Object: 'Object Repository/Emergency/Page_KDMC - Emergency/button_Add' is clicked on

2018-05-30 14:36:29 - [MESSAGE][PASSED] - Object: 'Object Repository/Emergency/Page_KDMC - Emergency/button_Add' is clicked on

2018-05-30 14:36:29 - [TEST_STEP][PASSED] - selectOptionByIndex: All options with index in [1] are selected on object 'Object Repository/Emergency/Page_KDMC - Emergency/select_--Select--Schedule 1Inj'

2018-05-30 14:36:29 - [MESSAGE][PASSED] - All options with index in [1] are selected on object 'Object Repository/Emergency/Page_KDMC - Emergency/select_--Select--Schedule 1Inj'

2018-05-30 14:36:29 - [TEST_STEP][PASSED] - selectOptionByIndex: All options with index in [26] are selected on object 'Object Repository/Emergency/Page_KDMC - Emergency/select_--Select--Adernaline 0.'

2018-05-30 14:36:30 - [MESSAGE][PASSED] - All options with index in [26] are selected on object 'Object Repository/Emergency/Page_KDMC - Emergency/select_--Select--Adernaline 0.'

2018-05-30 14:36:30 - [TEST_STEP][PASSED] - setText: Text '10' is set on object 'Object Repository/Emergency/Page_KDMC - Emergency/input_txttreat'

2018-05-30 14:36:30 - [MESSAGE][PASSED] - Text '10' is set on object 'Object Repository/Emergency/Page_KDMC - Emergency/input_txttreat'

2018-05-30 14:36:30 - [TEST_STEP][PASSED] - click: Object: 'Object Repository/Emergency/Page_KDMC - Emergency/button_Add' is clicked on

2018-05-30 14:36:30 - [MESSAGE][PASSED] - Object: 'Object Repository/Emergency/Page_KDMC - Emergency/button_Add' is clicked on

2018-05-30 14:36:30 - [TEST_STEP][PASSED] - selectOptionByIndex: All options with index in [1] are selected on object 'Object Repository/Emergency/Page_KDMC - Emergency/select_--Select--Schedule 1Inj'

2018-05-30 14:36:30 - [MESSAGE][PASSED] - All options with index in [1] are selected on object 'Object Repository/Emergency/Page_KDMC - Emergency/select_--Select--Schedule 1Inj'

2018-05-30 14:36:30 - [TEST_STEP][PASSED] - selectOptionByIndex: All options with index in [27] are selected on object 'Object Repository/Emergency/Page_KDMC - Emergency/select_--Select--Adernaline 0.'

2018-05-30 14:36:31 - [MESSAGE][PASSED] - All options with index in [27] are selected on object 'Object Repository/Emergency/Page_KDMC - Emergency/select_--Select--Adernaline 0.'

2018-05-30 14:36:31 - [TEST_STEP][PASSED] - setText: Text '10' is set on object 'Object Repository/Emergency/Page_KDMC - Emergency/input_txttreat'

2018-05-30 14:36:31 - [MESSAGE][PASSED] - Text '10' is set on object 'Object Repository/Emergency/Page_KDMC - Emergency/input_txttreat'

2018-05-30 14:36:31 - [TEST_STEP][PASSED] - click: Object: 'Object Repository/Emergency/Page_KDMC - Emergency/button_Add' is clicked on

2018-05-30 14:36:31 - [MESSAGE][PASSED] - Object: 'Object Repository/Emergency/Page_KDMC - Emergency/button_Add' is clicked on

2018-05-30 14:36:31 - [TEST_STEP][PASSED] - selectOptionByIndex: All options with index in [1] are selected on object 'Object Repository/Emergency/Page_KDMC - Emergency/select_--Select--Schedule 1Inj'

2018-05-30 14:36:31 - [MESSAGE][PASSED] - All options with index in [1] are selected on object 'Object Repository/Emergency/Page_KDMC - Emergency/select_--Select--Schedule 1Inj'

2018-05-30 14:36:31 - [TEST_STEP][PASSED] - selectOptionByIndex: All options with index in [28] are selected on object 'Object Repository/Emergency/Page_KDMC - Emergency/select_--Select--Adernaline 0.'

2018-05-30 14:36:31 - [MESSAGE][PASSED] - All options with index in [28] are selected on object 'Object Repository/Emergency/Page_KDMC - Emergency/select_--Select--Adernaline 0.'

2018-05-30 14:36:31 - [TEST_STEP][PASSED] - setText: Text '10' is set on object 'Object Repository/Emergency/Page_KDMC - Emergency/input_txttreat'

2018-05-30 14:36:31 - [MESSAGE][PASSED] - Text '10' is set on object 'Object Repository/Emergency/Page_KDMC - Emergency/input_txttreat'

2018-05-30 14:36:31 - [TEST_STEP][PASSED] - click: Object: 'Object Repository/Emergency/Page_KDMC - Emergency/button_Add' is clicked on

2018-05-30 14:36:31 - [MESSAGE][PASSED] - Object: 'Object Repository/Emergency/Page_KDMC - Emergency/button_Add' is clicked on

2018-05-30 14:36:31 - [TEST_STEP][PASSED] - selectOptionByIndex: All options with index in [1] are selected on object 'Object Repository/Emergency/Page_KDMC - Emergency/select_--Select--Schedule 1Inj'

2018-05-30 14:36:32 - [MESSAGE][PASSED] - All options with index in [1] are selected on object 'Object Repository/Emergency/Page_KDMC - Emergency/select_--Select--Schedule 1Inj'

2018-05-30 14:36:32 - [TEST_STEP][PASSED] - selectOptionByIndex: All options with index in [29] are selected on object 'Object Repository/Emergency/Page_KDMC - Emergency/select_--Select--Adernaline 0.'

2018-05-30 14:36:32 - [MESSAGE][PASSED] - All options with index in [29] are selected on object 'Object Repository/Emergency/Page_KDMC - Emergency/select_--Select--Adernaline 0.'

2018-05-30 14:36:32 - [TEST_STEP][PASSED] - setText: Text '10' is set on object 'Object Repository/Emergency/Page_KDMC - Emergency/input_txttreat'

2018-05-30 14:36:32 - [MESSAGE][PASSED] - Text '10' is set on object 'Object Repository/Emergency/Page_KDMC - Emergency/input_txttreat'

2018-05-30 14:36:32 - [TEST_STEP][PASSED] - click: Object: 'Object Repository/Emergency/Page_KDMC - Emergency/button_Add' is clicked on

2018-05-30 14:36:32 - [MESSAGE][PASSED] - Object: 'Object Repository/Emergency/Page_KDMC - Emergency/button_Add' is clicked on

2018-05-30 14:36:32 - [TEST_STEP][PASSED] - selectOptionByIndex: All options with index in [1] are selected on object 'Object Repository/Emergency/Page_KDMC - Emergency/select_--Select--Schedule 1Inj'

2018-05-30 14:36:32 - [MESSAGE][PASSED] - All options with index in [1] are selected on object 'Object Repository/Emergency/Page_KDMC - Emergency/select_--Select--Schedule 1Inj'

2018-05-30 14:36:32 - [TEST_STEP][PASSED] - selectOptionByIndex: All options with index in [30] are selected on object 'Object Repository/Emergency/Page_KDMC - Emergency/select_--Select--Adernaline 0.'

2018-05-30 14:36:33 - [MESSAGE][PASSED] - All options with index in [30] are selected on object 'Object Repository/Emergency/Page_KDMC - Emergency/select_--Select--Adernaline 0.'

2018-05-30 14:36:33 - [TEST_STEP][PASSED] - setText: Text '10' is set on object 'Object Repository/Emergency/Page_KDMC - Emergency/input_txttreat'

2018-05-30 14:36:33 - [MESSAGE][PASSED] - Text '10' is set on object 'Object Repository/Emergency/Page_KDMC - Emergency/input_txttreat'

2018-05-30 14:36:33 - [TEST_STEP][PASSED] - click: Object: 'Object Repository/Emergency/Page_KDMC - Emergency/button_Add' is clicked on

2018-05-30 14:36:33 - [MESSAGE][PASSED] - Object: 'Object Repository/Emergency/Page_KDMC - Emergency/button_Add' is clicked on

2018-05-30 14:36:33 - [TEST_STEP][PASSED] - selectOptionByIndex: All options with index in [1] are selected on object 'Object Repository/Emergency/Page_KDMC - Emergency/select_--Select--Schedule 1Inj'

2018-05-30 14:36:33 - [MESSAGE][PASSED] - All options with index in [1] are selected on object 'Object Repository/Emergency/Page_KDMC - Emergency/select_--Select--Schedule 1Inj'

2018-05-30 14:36:33 - [TEST_STEP][PASSED] - selectOptionByIndex: All options with index in [31] are selected on object 'Object Repository/Emergency/Page_KDMC - Emergency/select_--Select--Adernaline 0.'

2018-05-30 14:36:33 - [MESSAGE][PASSED] - All options with index in [31] are selected on object 'Object Repository/Emergency/Page_KDMC - Emergency/select_--Select--Adernaline 0.'

2018-05-30 14:36:33 - [TEST_STEP][PASSED] - setText: Text '10' is set on object 'Object Repository/Emergency/Page_KDMC - Emergency/input_txttreat'

2018-05-30 14:36:34 - [MESSAGE][PASSED] - Text '10' is set on object 'Object Repository/Emergency/Page_KDMC - Emergency/input_txttreat'

2018-05-30 14:36:34 - [TEST_STEP][PASSED] - click: Object: 'Object Repository/Emergency/Page_KDMC - Emergency/button_Add' is clicked on

2018-05-30 14:36:34 - [MESSAGE][PASSED] - Object: 'Object Repository/Emergency/Page_KDMC - Emergency/button_Add' is clicked on

2018-05-30 14:36:34 - [TEST_STEP][PASSED] - selectOptionByIndex: All options with index in [1] are selected on object 'Object Repository/Emergency/Page_KDMC - Emergency/select_--Select--Schedule 1Inj'

2018-05-30 14:36:34 - [MESSAGE][PASSED] - All options with index in [1] are selected on object 'Object Repository/Emergency/Page_KDMC - Emergency/select_--Select--Schedule 1Inj'

2018-05-30 14:36:34 - [TEST_STEP][PASSED] - selectOptionByIndex: All options with index in [32] are selected on object 'Object Repository/Emergency/Page_KDMC - Emergency/select_--Select--Adernaline 0.'

2018-05-30 14:36:34 - [MESSAGE][PASSED] - All options with index in [32] are selected on object 'Object Repository/Emergency/Page_KDMC - Emergency/select_--Select--Adernaline 0.'

2018-05-30 14:36:34 - [TEST_STEP][PASSED] - setText: Text '10' is set on object 'Object Repository/Emergency/Page_KDMC - Emergency/input_txttreat'

2018-05-30 14:36:34 - [MESSAGE][PASSED] - Text '10' is set on object 'Object Repository/Emergency/Page_KDMC - Emergency/input_txttreat'

2018-05-30 14:36:34 - [TEST_STEP][PASSED] - click: Object: 'Object Repository/Emergency/Page_KDMC - Emergency/button_Add' is clicked on

2018-05-30 14:36:34 - [MESSAGE][PASSED] - Object: 'Object Repository/Emergency/Page_KDMC - Emergency/button_Add' is clicked on

2018-05-30 14:36:34 - [TEST_STEP][PASSED] - selectOptionByIndex: All options with index in [1] are selected on object 'Object Repository/Emergency/Page_KDMC - Emergency/select_--Select--Schedule 1Inj'

2018-05-30 14:36:35 - [MESSAGE][PASSED] - All options with index in [1] are selected on object 'Object Repository/Emergency/Page_KDMC - Emergency/select_--Select--Schedule 1Inj'

2018-05-30 14:36:35 - [TEST_STEP][PASSED] - selectOptionByIndex: All options with index in [33] are selected on object 'Object Repository/Emergency/Page_KDMC - Emergency/select_--Select--Adernaline 0.'

2018-05-30 14:36:35 - [MESSAGE][PASSED] - All options with index in [33] are selected on object 'Object Repository/Emergency/Page_KDMC - Emergency/select_--Select--Adernaline 0.'

2018-05-30 14:36:35 - [TEST_STEP][PASSED] - setText: Text '10' is set on object 'Object Repository/Emergency/Page_KDMC - Emergency/input_txttreat'

2018-05-30 14:36:35 - [MESSAGE][PASSED] - Text '10' is set on object 'Object Repository/Emergency/Page_KDMC - Emergency/input_txttreat'

2018-05-30 14:36:35 - [TEST_STEP][PASSED] - click: Object: 'Object Repository/Emergency/Page_KDMC - Emergency/button_Add' is clicked on

2018-05-30 14:36:35 - [MESSAGE][PASSED] - Object: 'Object Repository/Emergency/Page_KDMC - Emergency/button_Add' is clicked on

2018-05-30 14:36:35 - [TEST_STEP][PASSED] - selectOptionByIndex: All options with index in [1] are selected on object 'Object Repository/Emergency/Page_KDMC - Emergency/select_--Select--Schedule 1Inj'

2018-05-30 14:36:35 - [MESSAGE][PASSED] - All options with index in [1] are selected on object 'Object Repository/Emergency/Page_KDMC - Emergency/select_--Select--Schedule 1Inj'

2018-05-30 14:36:35 - [TEST_STEP][PASSED] - selectOptionByIndex: All options with index in [34] are selected on object 'Object Repository/Emergency/Page_KDMC - Emergency/select_--Select--Adernaline 0.'

2018-05-30 14:36:36 - [MESSAGE][PASSED] - All options with index in [34] are selected on object 'Object Repository/Emergency/Page_KDMC - Emergency/select_--Select--Adernaline 0.'

2018-05-30 14:36:36 - [TEST_STEP][PASSED] - setText: Text '10' is set on object 'Object Repository/Emergency/Page_KDMC - Emergency/input_txttreat'

2018-05-30 14:36:36 - [MESSAGE][PASSED] - Text '10' is set on object 'Object Repository/Emergency/Page_KDMC - Emergency/input_txttreat'

2018-05-30 14:36:36 - [TEST_STEP][PASSED] - click: Object: 'Object Repository/Emergency/Page_KDMC - Emergency/button_Add' is clicked on

2018-05-30 14:36:36 - [MESSAGE][PASSED] - Object: 'Object Repository/Emergency/Page_KDMC - Emergency/button_Add' is clicked on

2018-05-30 14:36:36 - [TEST_STEP][PASSED] - selectOptionByIndex: All options with index in [1] are selected on object 'Object Repository/Emergency/Page_KDMC - Emergency/select_--Select--Schedule 1Inj'

2018-05-30 14:36:36 - [MESSAGE][PASSED] - All options with index in [1] are selected on object 'Object Repository/Emergency/Page_KDMC - Emergency/select_--Select--Schedule 1Inj'

2018-05-30 14:36:36 - [TEST_STEP][PASSED] - selectOptionByIndex: All options with index in [35] are selected on object 'Object Repository/Emergency/Page_KDMC - Emergency/select_--Select--Adernaline 0.'

2018-05-30 14:36:37 - [MESSAGE][PASSED] - All options with index in [35] are selected on object 'Object Repository/Emergency/Page_KDMC - Emergency/select_--Select--Adernaline 0.'

2018-05-30 14:36:37 - [TEST_STEP][PASSED] - setText: Text '10' is set on object 'Object Repository/Emergency/Page_KDMC - Emergency/input_txttreat'

2018-05-30 14:36:37 - [MESSAGE][PASSED] - Text '10' is set on object 'Object Repository/Emergency/Page_KDMC - Emergency/input_txttreat'

2018-05-30 14:36:37 - [TEST_STEP][PASSED] - click: Object: 'Object Repository/Emergency/Page_KDMC - Emergency/button_Add' is clicked on

2018-05-30 14:36:37 - [MESSAGE][PASSED] - Object: 'Object Repository/Emergency/Page_KDMC - Emergency/button_Add' is clicked on

2018-05-30 14:36:37 - [TEST_STEP][PASSED] - selectOptionByIndex: All options with index in [1] are selected on object 'Object Repository/Emergency/Page_KDMC - Emergency/select_--Select--Schedule 1Inj'

2018-05-30 14:36:37 - [MESSAGE][PASSED] - All options with index in [1] are selected on object 'Object Repository/Emergency/Page_KDMC - Emergency/select_--Select--Schedule 1Inj'

2018-05-30 14:36:37 - [TEST_STEP][PASSED] - selectOptionByIndex: All options with index in [36] are selected on object 'Object Repository/Emergency/Page_KDMC - Emergency/select_--Select--Adernaline 0.'

2018-05-30 14:36:37 - [MESSAGE][PASSED] - All options with index in [36] are selected on object 'Object Repository/Emergency/Page_KDMC - Emergency/select_--Select--Adernaline 0.'

2018-05-30 14:36:37 - [TEST_STEP][PASSED] - setText: Text '10' is set on object 'Object Repository/Emergency/Page_KDMC - Emergency/input_txttreat'

2018-05-30 14:36:37 - [MESSAGE][PASSED] - Text '10' is set on object 'Object Repository/Emergency/Page_KDMC - Emergency/input_txttreat'

2018-05-30 14:36:37 - [TEST_STEP][PASSED] - click: Object: 'Object Repository/Emergency/Page_KDMC - Emergency/button_Add' is clicked on

2018-05-30 14:36:37 - [MESSAGE][PASSED] - Object: 'Object Repository/Emergency/Page_KDMC - Emergency/button_Add' is clicked on

2018-05-30 14:36:37 - [TEST_STEP][PASSED] - selectOptionByIndex: All options with index in [1] are selected on object 'Object Repository/Emergency/Page_KDMC - Emergency/select_--Select--Schedule 1Inj'

2018-05-30 14:36:38 - [MESSAGE][PASSED] - All options with index in [1] are selected on object 'Object Repository/Emergency/Page_KDMC - Emergency/select_--Select--Schedule 1Inj'

2018-05-30 14:36:38 - [TEST_STEP][PASSED] - selectOptionByIndex: All options with index in [37] are selected on object 'Object Repository/Emergency/Page_KDMC - Emergency/select_--Select--Adernaline 0.'

2018-05-30 14:36:38 - [MESSAGE][PASSED] - All options with index in [37] are selected on object 'Object Repository/Emergency/Page_KDMC - Emergency/select_--Select--Adernaline 0.'

2018-05-30 14:36:38 - [TEST_STEP][PASSED] - setText: Text '10' is set on object 'Object Repository/Emergency/Page_KDMC - Emergency/input_txttreat'

2018-05-30 14:36:38 - [MESSAGE][PASSED] - Text '10' is set on object 'Object Repository/Emergency/Page_KDMC - Emergency/input_txttreat'

2018-05-30 14:36:38 - [TEST_STEP][PASSED] - click: Object: 'Object Repository/Emergency/Page_KDMC - Emergency/button_Add' is clicked on

2018-05-30 14:36:38 - [MESSAGE][PASSED] - Object: 'Object Repository/Emergency/Page_KDMC - Emergency/button_Add' is clicked on

2018-05-30 14:36:38 - [TEST_STEP][PASSED] - selectOptionByIndex: All options with index in [1] are selected on object 'Object Repository/Emergency/Page_KDMC - Emergency/select_--Select--Schedule 1Inj'

2018-05-30 14:36:38 - [MESSAGE][PASSED] - All options with index in [1] are selected on object 'Object Repository/Emergency/Page_KDMC - Emergency/select_--Select--Schedule 1Inj'

2018-05-30 14:36:38 - [TEST_STEP][PASSED] - selectOptionByIndex: All options with index in [38] are selected on object 'Object Repository/Emergency/Page_KDMC - Emergency/select_--Select--Adernaline 0.'

2018-05-30 14:36:39 - [MESSAGE][PASSED] - All options with index in [38] are selected on object 'Object Repository/Emergency/Page_KDMC - Emergency/select_--Select--Adernaline 0.'

2018-05-30 14:36:39 - [TEST_STEP][PASSED] - setText: Text '10' is set on object 'Object Repository/Emergency/Page_KDMC - Emergency/input_txttreat'

2018-05-30 14:36:39 - [MESSAGE][PASSED] - Text '10' is set on object 'Object Repository/Emergency/Page_KDMC - Emergency/input_txttreat'

2018-05-30 14:36:39 - [TEST_STEP][PASSED] - click: Object: 'Object Repository/Emergency/Page_KDMC - Emergency/button_Add' is clicked on

2018-05-30 14:36:39 - [MESSAGE][PASSED] - Object: 'Object Repository/Emergency/Page_KDMC - Emergency/button_Add' is clicked on

2018-05-30 14:36:39 - [TEST_STEP][PASSED] - selectOptionByIndex: All options with index in [1] are selected on object 'Object Repository/Emergency/Page_KDMC - Emergency/select_--Select--Schedule 1Inj'

2018-05-30 14:36:39 - [MESSAGE][PASSED] - All options with index in [1] are selected on object 'Object Repository/Emergency/Page_KDMC - Emergency/select_--Select--Schedule 1Inj'

2018-05-30 14:36:39 - [TEST_STEP][PASSED] - selectOptionByIndex: All options with index in [39] are selected on object 'Object Repository/Emergency/Page_KDMC - Emergency/select_--Select--Adernaline 0.'

2018-05-30 14:36:40 - [MESSAGE][PASSED] - All options with index in [39] are selected on object 'Object Repository/Emergency/Page_KDMC - Emergency/select_--Select--Adernaline 0.'

2018-05-30 14:36:40 - [TEST_STEP][PASSED] - setText: Text '10' is set on object 'Object Repository/Emergency/Page_KDMC - Emergency/input_txttreat'

2018-05-30 14:36:40 - [MESSAGE][PASSED] - Text '10' is set on object 'Object Repository/Emergency/Page_KDMC - Emergency/input_txttreat'

2018-05-30 14:36:40 - [TEST_STEP][PASSED] - click: Object: 'Object Repository/Emergency/Page_KDMC - Emergency/button_Add' is clicked on

2018-05-30 14:36:40 - [MESSAGE][PASSED] - Object: 'Object Repository/Emergency/Page_KDMC - Emergency/button_Add' is clicked on

2018-05-30 14:36:40 - [TEST_STEP][PASSED] - selectOptionByIndex: All options with index in [1] are selected on object 'Object Repository/Emergency/Page_KDMC - Emergency/select_--Select--Schedule 1Inj'

2018-05-30 14:36:40 - [MESSAGE][PASSED] - All options with index in [1] are selected on object 'Object Repository/Emergency/Page_KDMC - Emergency/select_--Select--Schedule 1Inj'

2018-05-30 14:36:40 - [TEST_STEP][PASSED] - selectOptionByIndex: All options with index in [40] are selected on object 'Object Repository/Emergency/Page_KDMC - Emergency/select_--Select--Adernaline 0.'

2018-05-30 14:36:41 - [MESSAGE][PASSED] - All options with index in [40] are selected on object 'Object Repository/Emergency/Page_KDMC - Emergency/select_--Select--Adernaline 0.'

2018-05-30 14:36:41 - [TEST_STEP][PASSED] - setText: Text '10' is set on object 'Object Repository/Emergency/Page_KDMC - Emergency/input_txttreat'

2018-05-30 14:36:41 - [MESSAGE][PASSED] - Text '10' is set on object 'Object Repository/Emergency/Page_KDMC - Emergency/input_txttreat'

2018-05-30 14:36:41 - [TEST_STEP][PASSED] - click: Object: 'Object Repository/Emergency/Page_KDMC - Emergency/button_Add' is clicked on

2018-05-30 14:36:41 - [MESSAGE][PASSED] - Object: 'Object Repository/Emergency/Page_KDMC - Emergency/button_Add' is clicked on

2018-05-30 14:36:41 - [TEST_STEP][PASSED] - selectOptionByIndex: All options with index in [1] are selected on object 'Object Repository/Emergency/Page_KDMC - Emergency/select_--Select--Schedule 1Inj'

2018-05-30 14:36:41 - [MESSAGE][PASSED] - All options with index in [1] are selected on object 'Object Repository/Emergency/Page_KDMC - Emergency/select_--Select--Schedule 1Inj'

2018-05-30 14:36:41 - [TEST_STEP][PASSED] - selectOptionByIndex: All options with index in [41] are selected on object 'Object Repository/Emergency/Page_KDMC - Emergency/select_--Select--Adernaline 0.'

2018-05-30 14:36:41 - [MESSAGE][PASSED] - All options with index in [41] are selected on object 'Object Repository/Emergency/Page_KDMC - Emergency/select_--Select--Adernaline 0.'

2018-05-30 14:36:41 - [TEST_STEP][PASSED] - setText: Text '10' is set on object 'Object Repository/Emergency/Page_KDMC - Emergency/input_txttreat'

2018-05-30 14:36:41 - [MESSAGE][PASSED] - Text '10' is set on object 'Object Repository/Emergency/Page_KDMC - Emergency/input_txttreat'

2018-05-30 14:36:41 - [TEST_STEP][PASSED] - click: Object: 'Object Repository/Emergency/Page_KDMC - Emergency/button_Add' is clicked on

2018-05-30 14:36:41 - [MESSAGE][PASSED] - Object: 'Object Repository/Emergency/Page_KDMC - Emergency/button_Add' is clicked on

2018-05-30 14:36:41 - [TEST_STEP][PASSED] - selectOptionByIndex: All options with index in [1] are selected on object 'Object Repository/Emergency/Page_KDMC - Emergency/select_--Select--Schedule 1Inj'

2018-05-30 14:36:42 - [MESSAGE][PASSED] - All options with index in [1] are selected on object 'Object Repository/Emergency/Page_KDMC - Emergency/select_--Select--Schedule 1Inj'

2018-05-30 14:36:42 - [TEST_STEP][PASSED] - selectOptionByIndex: All options with index in [42] are selected on object 'Object Repository/Emergency/Page_KDMC - Emergency/select_--Select--Adernaline 0.'

2018-05-30 14:36:42 - [MESSAGE][PASSED] - All options with index in [42] are selected on object 'Object Repository/Emergency/Page_KDMC - Emergency/select_--Select--Adernaline 0.'

2018-05-30 14:36:42 - [TEST_STEP][PASSED] - setText: Text '10' is set on object 'Object Repository/Emergency/Page_KDMC - Emergency/input_txttreat'

2018-05-30 14:36:42 - [MESSAGE][PASSED] - Text '10' is set on object 'Object Repository/Emergency/Page_KDMC - Emergency/input_txttreat'

2018-05-30 14:36:42 - [TEST_STEP][PASSED] - click: Object: 'Object Repository/Emergency/Page_KDMC - Emergency/button_Add' is clicked on

2018-05-30 14:36:42 - [MESSAGE][PASSED] - Object: 'Object Repository/Emergency/Page_KDMC - Emergency/button_Add' is clicked on

2018-05-30 14:36:42 - [TEST_STEP][PASSED] - selectOptionByIndex: All options with index in [1] are selected on object 'Object Repository/Emergency/Page_KDMC - Emergency/select_--Select--Schedule 1Inj'

2018-05-30 14:36:42 - [MESSAGE][PASSED] - All options with index in [1] are selected on object 'Object Repository/Emergency/Page_KDMC - Emergency/select_--Select--Schedule 1Inj'

2018-05-30 14:36:42 - [TEST_STEP][PASSED] - selectOptionByIndex: All options with index in [43] are selected on object 'Object Repository/Emergency/Page_KDMC - Emergency/select_--Select--Adernaline 0.'

2018-05-30 14:36:43 - [MESSAGE][PASSED] - All options with index in [43] are selected on object 'Object Repository/Emergency/Page_KDMC - Emergency/select_--Select--Adernaline 0.'

2018-05-30 14:36:43 - [TEST_STEP][PASSED] - setText: Text '10' is set on object 'Object Repository/Emergency/Page_KDMC - Emergency/input_txttreat'

2018-05-30 14:36:43 - [MESSAGE][PASSED] - Text '10' is set on object 'Object Repository/Emergency/Page_KDMC - Emergency/input_txttreat'

2018-05-30 14:36:43 - [TEST_STEP][PASSED] - click: Object: 'Object Repository/Emergency/Page_KDMC - Emergency/button_Add' is clicked on

2018-05-30 14:36:43 - [MESSAGE][PASSED] - Object: 'Object Repository/Emergency/Page_KDMC - Emergency/button_Add' is clicked on

2018-05-30 14:36:43 - [TEST_STEP][PASSED] - selectOptionByIndex: All options with index in [1] are selected on object 'Object Repository/Emergency/Page_KDMC - Emergency/select_--Select--Schedule 1Inj'

2018-05-30 14:36:43 - [MESSAGE][PASSED] - All options with index in [1] are selected on object 'Object Repository/Emergency/Page_KDMC - Emergency/select_--Select--Schedule 1Inj'

2018-05-30 14:36:43 - [TEST_STEP][PASSED] - selectOptionByIndex: All options with index in [44] are selected on object 'Object Repository/Emergency/Page_KDMC - Emergency/select_--Select--Adernaline 0.'

2018-05-30 14:36:44 - [MESSAGE][PASSED] - All options with index in [44] are selected on object 'Object Repository/Emergency/Page_KDMC - Emergency/select_--Select--Adernaline 0.'

2018-05-30 14:36:44 - [TEST_STEP][PASSED] - setText: Text '10' is set on object 'Object Repository/Emergency/Page_KDMC - Emergency/input_txttreat'

2018-05-30 14:36:44 - [MESSAGE][PASSED] - Text '10' is set on object 'Object Repository/Emergency/Page_KDMC - Emergency/input_txttreat'

2018-05-30 14:36:44 - [TEST_STEP][PASSED] - click: Object: 'Object Repository/Emergency/Page_KDMC - Emergency/button_Add' is clicked on

2018-05-30 14:36:44 - [MESSAGE][PASSED] - Object: 'Object Repository/Emergency/Page_KDMC - Emergency/button_Add' is clicked on

2018-05-30 14:36:44 - [TEST_STEP][PASSED] - selectOptionByIndex: All options with index in [1] are selected on object 'Object Repository/Emergency/Page_KDMC - Emergency/select_--Select--Schedule 1Inj'

2018-05-30 14:36:44 - [MESSAGE][PASSED] - All options with index in [1] are selected on object 'Object Repository/Emergency/Page_KDMC - Emergency/select_--Select--Schedule 1Inj'

2018-05-30 14:36:44 - [TEST_STEP][PASSED] - selectOptionByIndex: All options with index in [45] are selected on object 'Object Repository/Emergency/Page_KDMC - Emergency/select_--Select--Adernaline 0.'

2018-05-30 14:36:44 - [MESSAGE][PASSED] - All options with index in [45] are selected on object 'Object Repository/Emergency/Page_KDMC - Emergency/select_--Select--Adernaline 0.'

2018-05-30 14:36:44 - [TEST_STEP][PASSED] - setText: Text '10' is set on object 'Object Repository/Emergency/Page_KDMC - Emergency/input_txttreat'

2018-05-30 14:36:45 - [MESSAGE][PASSED] - Text '10' is set on object 'Object Repository/Emergency/Page_KDMC - Emergency/input_txttreat'

2018-05-30 14:36:45 - [TEST_STEP][PASSED] - click: Object: 'Object Repository/Emergency/Page_KDMC - Emergency/button_Add' is clicked on

2018-05-30 14:36:45 - [MESSAGE][PASSED] - Object: 'Object Repository/Emergency/Page_KDMC - Emergency/button_Add' is clicked on

2018-05-30 14:36:45 - [TEST_STEP][PASSED] - selectOptionByIndex: All options with index in [1] are selected on object 'Object Repository/Emergency/Page_KDMC - Emergency/select_--Select--Schedule 1Inj'

2018-05-30 14:36:45 - [MESSAGE][PASSED] - All options with index in [1] are selected on object 'Object Repository/Emergency/Page_KDMC - Emergency/select_--Select--Schedule 1Inj'

2018-05-30 14:36:45 - [TEST_STEP][PASSED] - selectOptionByIndex: All options with index in [46] are selected on object 'Object Repository/Emergency/Page_KDMC - Emergency/select_--Select--Adernaline 0.'

2018-05-30 14:36:45 - [MESSAGE][PASSED] - All options with index in [46] are selected on object 'Object Repository/Emergency/Page_KDMC - Emergency/select_--Select--Adernaline 0.'

2018-05-30 14:36:45 - [TEST_STEP][PASSED] - setText: Text '10' is set on object 'Object Repository/Emergency/Page_KDMC - Emergency/input_txttreat'

2018-05-30 14:36:45 - [MESSAGE][PASSED] - Text '10' is set on object 'Object Repository/Emergency/Page_KDMC - Emergency/input_txttreat'

2018-05-30 14:36:45 - [TEST_STEP][PASSED] - click: Object: 'Object Repository/Emergency/Page_KDMC - Emergency/button_Add' is clicked on

2018-05-30 14:36:45 - [MESSAGE][PASSED] - Object: 'Object Repository/Emergency/Page_KDMC - Emergency/button_Add' is clicked on

2018-05-30 14:36:45 - [TEST_STEP][PASSED] - selectOptionByIndex: All options with index in [1] are selected on object 'Object Repository/Emergency/Page_KDMC - Emergency/select_--Select--Schedule 1Inj'

2018-05-30 14:36:46 - [MESSAGE][PASSED] - All options with index in [1] are selected on object 'Object Repository/Emergency/Page_KDMC - Emergency/select_--Select--Schedule 1Inj'

2018-05-30 14:36:46 - [TEST_STEP][PASSED] - selectOptionByIndex: All options with index in [47] are selected on object 'Object Repository/Emergency/Page_KDMC - Emergency/select_--Select--Adernaline 0.'

2018-05-30 14:36:46 - [MESSAGE][PASSED] - All options with index in [47] are selected on object 'Object Repository/Emergency/Page_KDMC - Emergency/select_--Select--Adernaline 0.'

2018-05-30 14:36:46 - [TEST_STEP][PASSED] - setText: Text '10' is set on object 'Object Repository/Emergency/Page_KDMC - Emergency/input_txttreat'

2018-05-30 14:36:46 - [MESSAGE][PASSED] - Text '10' is set on object 'Object Repository/Emergency/Page_KDMC - Emergency/input_txttreat'

2018-05-30 14:36:46 - [TEST_STEP][PASSED] - click: Object: 'Object Repository/Emergency/Page_KDMC - Emergency/button_Add' is clicked on

2018-05-30 14:36:46 - [MESSAGE][PASSED] - Object: 'Object Repository/Emergency/Page_KDMC - Emergency/button_Add' is clicked on

2018-05-30 14:36:46 - [TEST_STEP][PASSED] - selectOptionByIndex: All options with index in [1] are selected on object 'Object Repository/Emergency/Page_KDMC - Emergency/select_--Select--Schedule 1Inj'

2018-05-30 14:36:46 - [MESSAGE][PASSED] - All options with index in [1] are selected on object 'Object Repository/Emergency/Page_KDMC - Emergency/select_--Select--Schedule 1Inj'

2018-05-30 14:36:46 - [TEST_STEP][PASSED] - selectOptionByIndex: All options with index in [48] are selected on object 'Object Repository/Emergency/Page_KDMC - Emergency/select_--Select--Adernaline 0.'

2018-05-30 14:36:47 - [MESSAGE][PASSED] - All options with index in [48] are selected on object 'Object Repository/Emergency/Page_KDMC - Emergency/select_--Select--Adernaline 0.'

2018-05-30 14:36:47 - [TEST_STEP][PASSED] - setText: Text '10' is set on object 'Object Repository/Emergency/Page_KDMC - Emergency/input_txttreat'

2018-05-30 14:36:47 - [MESSAGE][PASSED] - Text '10' is set on object 'Object Repository/Emergency/Page_KDMC - Emergency/input_txttreat'

2018-05-30 14:36:47 - [TEST_STEP][PASSED] - click: Object: 'Object Repository/Emergency/Page_KDMC - Emergency/button_Add' is clicked on

2018-05-30 14:36:47 - [MESSAGE][PASSED] - Object: 'Object Repository/Emergency/Page_KDMC - Emergency/button_Add' is clicked on

2018-05-30 14:36:47 - [TEST_STEP][PASSED] - selectOptionByIndex: All options with index in [1] are selected on object 'Object Repository/Emergency/Page_KDMC - Emergency/select_--Select--Schedule 1Inj'

2018-05-30 14:36:47 - [MESSAGE][PASSED] - All options with index in [1] are selected on object 'Object Repository/Emergency/Page_KDMC - Emergency/select_--Select--Schedule 1Inj'

2018-05-30 14:36:47 - [TEST_STEP][PASSED] - selectOptionByIndex: All options with index in [49] are selected on object 'Object Repository/Emergency/Page_KDMC - Emergency/select_--Select--Adernaline 0.'

2018-05-30 14:36:48 - [MESSAGE][PASSED] - All options with index in [49] are selected on object 'Object Repository/Emergency/Page_KDMC - Emergency/select_--Select--Adernaline 0.'

2018-05-30 14:36:48 - [TEST_STEP][PASSED] - setText: Text '10' is set on object 'Object Repository/Emergency/Page_KDMC - Emergency/input_txttreat'

2018-05-30 14:36:48 - [MESSAGE][PASSED] - Text '10' is set on object 'Object Repository/Emergency/Page_KDMC - Emergency/input_txttreat'

2018-05-30 14:36:48 - [TEST_STEP][PASSED] - click: Object: 'Object Repository/Emergency/Page_KDMC - Emergency/button_Add' is clicked on

2018-05-30 14:36:48 - [MESSAGE][PASSED] - Object: 'Object Repository/Emergency/Page_KDMC - Emergency/button_Add' is clicked on

2018-05-30 14:36:48 - [TEST_STEP][PASSED] - selectOptionByIndex: All options with index in [1] are selected on object 'Object Repository/Emergency/Page_KDMC - Emergency/select_--Select--Schedule 1Inj'

2018-05-30 14:36:48 - [MESSAGE][PASSED] - All options with index in [1] are selected on object 'Object Repository/Emergency/Page_KDMC - Emergency/select_--Select--Schedule 1Inj'

2018-05-30 14:36:48 - [TEST_STEP][PASSED] - selectOptionByIndex: All options with index in [50] are selected on object 'Object Repository/Emergency/Page_KDMC - Emergency/select_--Select--Adernaline 0.'

2018-05-30 14:36:49 - [MESSAGE][PASSED] - All options with index in [50] are selected on object 'Object Repository/Emergency/Page_KDMC - Emergency/select_--Select--Adernaline 0.'

2018-05-30 14:36:49 - [TEST_STEP][PASSED] - setText: Text '10' is set on object 'Object Repository/Emergency/Page_KDMC - Emergency/input_txttreat'

2018-05-30 14:36:49 - [MESSAGE][PASSED] - Text '10' is set on object 'Object Repository/Emergency/Page_KDMC - Emergency/input_txttreat'

2018-05-30 14:36:49 - [TEST_STEP][PASSED] - click: Object: 'Object Repository/Emergency/Page_KDMC - Emergency/button_Add' is clicked on

2018-05-30 14:36:49 - [MESSAGE][PASSED] - Object: 'Object Repository/Emergency/Page_KDMC - Emergency/button_Add' is clicked on

2018-05-30 14:36:49 - [TEST_STEP][PASSED] - selectOptionByIndex: All options with index in [1] are selected on object 'Object Repository/Emergency/Page_KDMC - Emergency/select_--Select--Schedule 1Inj'

2018-05-30 14:36:49 - [MESSAGE][PASSED] - All options with index in [1] are selected on object 'Object Repository/Emergency/Page_KDMC - Emergency/select_--Select--Schedule 1Inj'

2018-05-30 14:36:49 - [TEST_STEP][PASSED] - selectOptionByIndex: All options with index in [51] are selected on object 'Object Repository/Emergency/Page_KDMC - Emergency/select_--Select--Adernaline 0.'

2018-05-30 14:36:50 - [MESSAGE][PASSED] - All options with index in [51] are selected on object 'Object Repository/Emergency/Page_KDMC - Emergency/select_--Select--Adernaline 0.'

2018-05-30 14:36:50 - [TEST_STEP][PASSED] - setText: Text '10' is set on object 'Object Repository/Emergency/Page_KDMC - Emergency/input_txttreat'

2018-05-30 14:36:50 - [MESSAGE][PASSED] - Text '10' is set on object 'Object Repository/Emergency/Page_KDMC - Emergency/input_txttreat'

2018-05-30 14:36:50 - [TEST_STEP][PASSED] - click: Object: 'Object Repository/Emergency/Page_KDMC - Emergency/button_Add' is clicked on

2018-05-30 14:36:50 - [MESSAGE][PASSED] - Object: 'Object Repository/Emergency/Page_KDMC - Emergency/button_Add' is clicked on

2018-05-30 14:36:50 - [TEST_STEP][PASSED] - selectOptionByIndex: All options with index in [1] are selected on object 'Object Repository/Emergency/Page_KDMC - Emergency/select_--Select--Schedule 1Inj'

2018-05-30 14:36:50 - [MESSAGE][PASSED] - All options with index in [1] are selected on object 'Object Repository/Emergency/Page_KDMC - Emergency/select_--Select--Schedule 1Inj'

2018-05-30 14:36:50 - [TEST_STEP][PASSED] - selectOptionByIndex: All options with index in [52] are selected on object 'Object Repository/Emergency/Page_KDMC - Emergency/select_--Select--Adernaline 0.'

2018-05-30 14:36:50 - [MESSAGE][PASSED] - All options with index in [52] are selected on object 'Object Repository/Emergency/Page_KDMC - Emergency/select_--Select--Adernaline 0.'

2018-05-30 14:36:51 - [TEST_STEP][PASSED] - setText: Text '10' is set on object 'Object Repository/Emergency/Page_KDMC - Emergency/input_txttreat'

2018-05-30 14:36:51 - [MESSAGE][PASSED] - Text '10' is set on object 'Object Repository/Emergency/Page_KDMC - Emergency/input_txttreat'

2018-05-30 14:36:51 - [TEST_STEP][PASSED] - click: Object: 'Object Repository/Emergency/Page_KDMC - Emergency/button_Add' is clicked on

2018-05-30 14:36:51 - [MESSAGE][PASSED] - Object: 'Object Repository/Emergency/Page_KDMC - Emergency/button_Add' is clicked on

2018-05-30 14:36:51 - [TEST_STEP][PASSED] - selectOptionByIndex: All options with index in [1] are selected on object 'Object Repository/Emergency/Page_KDMC - Emergency/select_--Select--Schedule 1Inj'

2018-05-30 14:36:51 - [MESSAGE][PASSED] - All options with index in [1] are selected on object 'Object Repository/Emergency/Page_KDMC - Emergency/select_--Select--Schedule 1Inj'

2018-05-30 14:36:51 - [TEST_STEP][PASSED] - selectOptionByIndex: All options with index in [53] are selected on object 'Object Repository/Emergency/Page_KDMC - Emergency/select_--Select--Adernaline 0.'

2018-05-30 14:36:51 - [MESSAGE][PASSED] - All options with index in [53] are selected on object 'Object Repository/Emergency/Page_KDMC - Emergency/select_--Select--Adernaline 0.'

2018-05-30 14:36:51 - [TEST_STEP][PASSED] - setText: Text '10' is set on object 'Object Repository/Emergency/Page_KDMC - Emergency/input_txttreat'

2018-05-30 14:36:52 - [MESSAGE][PASSED] - Text '10' is set on object 'Object Repository/Emergency/Page_KDMC - Emergency/input_txttreat'

2018-05-30 14:36:52 - [TEST_STEP][PASSED] - click: Object: 'Object Repository/Emergency/Page_KDMC - Emergency/button_Add' is clicked on

2018-05-30 14:36:52 - [MESSAGE][PASSED] - Object: 'Object Repository/Emergency/Page_KDMC - Emergency/button_Add' is clicked on

2018-05-30 14:36:52 - [TEST_STEP][PASSED] - selectOptionByIndex: All options with index in [1] are selected on object 'Object Repository/Emergency/Page_KDMC - Emergency/select_--Select--Schedule 1Inj'

2018-05-30 14:36:52 - [MESSAGE][PASSED] - All options with index in [1] are selected on object 'Object Repository/Emergency/Page_KDMC - Emergency/select_--Select--Schedule 1Inj'

2018-05-30 14:36:52 - [TEST_STEP][PASSED] - selectOptionByIndex: All options with index in [54] are selected on object 'Object Repository/Emergency/Page_KDMC - Emergency/select_--Select--Adernaline 0.'

2018-05-30 14:36:52 - [MESSAGE][PASSED] - All options with index in [54] are selected on object 'Object Repository/Emergency/Page_KDMC - Emergency/select_--Select--Adernaline 0.'

2018-05-30 14:36:52 - [TEST_STEP][PASSED] - setText: Text '10' is set on object 'Object Repository/Emergency/Page_KDMC - Emergency/input_txttreat'

2018-05-30 14:36:52 - [MESSAGE][PASSED] - Text '10' is set on object 'Object Repository/Emergency/Page_KDMC - Emergency/input_txttreat'

2018-05-30 14:36:52 - [TEST_STEP][PASSED] - click: Object: 'Object Repository/Emergency/Page_KDMC - Emergency/button_Add' is clicked on

2018-05-30 14:36:53 - [MESSAGE][PASSED] - Object: 'Object Repository/Emergency/Page_KDMC - Emergency/button_Add' is clicked on

2018-05-30 14:36:53 - [TEST_STEP][PASSED] - selectOptionByIndex: All options with index in [1] are selected on object 'Object Repository/Emergency/Page_KDMC - Emergency/select_--Select--Schedule 1Inj'

2018-05-30 14:36:53 - [MESSAGE][PASSED] - All options with index in [1] are selected on object 'Object Repository/Emergency/Page_KDMC - Emergency/select_--Select--Schedule 1Inj'

2018-05-30 14:36:53 - [TEST_STEP][PASSED] - selectOptionByIndex: All options with index in [55] are selected on object 'Object Repository/Emergency/Page_KDMC - Emergency/select_--Select--Adernaline 0.'

2018-05-30 14:36:53 - [MESSAGE][PASSED] - All options with index in [55] are selected on object 'Object Repository/Emergency/Page_KDMC - Emergency/select_--Select--Adernaline 0.'

2018-05-30 14:36:53 - [TEST_STEP][PASSED] - setText: Text '10' is set on object 'Object Repository/Emergency/Page_KDMC - Emergency/input_txttreat'

2018-05-30 14:36:53 - [MESSAGE][PASSED] - Text '10' is set on object 'Object Repository/Emergency/Page_KDMC - Emergency/input_txttreat'

2018-05-30 14:36:53 - [TEST_STEP][PASSED] - click: Object: 'Object Repository/Emergency/Page_KDMC - Emergency/button_Add' is clicked on

2018-05-30 14:36:53 - [MESSAGE][PASSED] - Object: 'Object Repository/Emergency/Page_KDMC - Emergency/button_Add' is clicked on

2018-05-30 14:36:53 - [TEST_STEP][PASSED] - selectOptionByIndex: All options with index in [1] are selected on object 'Object Repository/Emergency/Page_KDMC - Emergency/select_--Select--Schedule 1Inj'

2018-05-30 14:36:54 - [MESSAGE][PASSED] - All options with index in [1] are selected on object 'Object Repository/Emergency/Page_KDMC - Emergency/select_--Select--Schedule 1Inj'

2018-05-30 14:36:54 - [TEST_STEP][PASSED] - selectOptionByIndex: All options with index in [56] are selected on object 'Object Repository/Emergency/Page_KDMC - Emergency/select_--Select--Adernaline 0.'

2018-05-30 14:36:54 - [MESSAGE][PASSED] - All options with index in [56] are selected on object 'Object Repository/Emergency/Page_KDMC - Emergency/select_--Select--Adernaline 0.'

2018-05-30 14:36:54 - [TEST_STEP][PASSED] - setText: Text '10' is set on object 'Object Repository/Emergency/Page_KDMC - Emergency/input_txttreat'

2018-05-30 14:36:54 - [MESSAGE][PASSED] - Text '10' is set on object 'Object Repository/Emergency/Page_KDMC - Emergency/input_txttreat'

2018-05-30 14:36:54 - [TEST_STEP][PASSED] - click: Object: 'Object Repository/Emergency/Page_KDMC - Emergency/button_Add' is clicked on

2018-05-30 14:36:54 - [MESSAGE][PASSED] - Object: 'Object Repository/Emergency/Page_KDMC - Emergency/button_Add' is clicked on

2018-05-30 14:36:54 - [TEST_STEP][PASSED] - selectOptionByIndex: All options with index in [1] are selected on object 'Object Repository/Emergency/Page_KDMC - Emergency/select_--Select--Schedule 1Inj'

2018-05-30 14:36:55 - [MESSAGE][PASSED] - All options with index in [1] are selected on object 'Object Repository/Emergency/Page_KDMC - Emergency/select_--Select--Schedule 1Inj'

2018-05-30 14:36:55 - [TEST_STEP][PASSED] - selectOptionByIndex: All options with index in [57] are selected on object 'Object Repository/Emergency/Page_KDMC - Emergency/select_--Select--Adernaline 0.'

2018-05-30 14:36:55 - [MESSAGE][PASSED] - All options with index in [57] are selected on object 'Object Repository/Emergency/Page_KDMC - Emergency/select_--Select--Adernaline 0.'

2018-05-30 14:36:55 - [TEST_STEP][PASSED] - setText: Text '10' is set on object 'Object Repository/Emergency/Page_KDMC - Emergency/input_txttreat'

2018-05-30 14:36:55 - [MESSAGE][PASSED] - Text '10' is set on object 'Object Repository/Emergency/Page_KDMC - Emergency/input_txttreat'

2018-05-30 14:36:55 - [TEST_STEP][PASSED] - click: Object: 'Object Repository/Emergency/Page_KDMC - Emergency/button_Add' is clicked on

2018-05-30 14:36:55 - [MESSAGE][PASSED] - Object: 'Object Repository/Emergency/Page_KDMC - Emergency/button_Add' is clicked on

2018-05-30 14:36:55 - [TEST_STEP][PASSED] - selectOptionByIndex: All options with index in [1] are selected on object 'Object Repository/Emergency/Page_KDMC - Emergency/select_--Select--Schedule 1Inj'

2018-05-30 14:36:55 - [MESSAGE][PASSED] - All options with index in [1] are selected on object 'Object Repository/Emergency/Page_KDMC - Emergency/select_--Select--Schedule 1Inj'

2018-05-30 14:36:55 - [TEST_STEP][PASSED] - selectOptionByIndex: All options with index in [58] are selected on object 'Object Repository/Emergency/Page_KDMC - Emergency/select_--Select--Adernaline 0.'

2018-05-30 14:36:56 - [MESSAGE][PASSED] - All options with index in [58] are selected on object 'Object Repository/Emergency/Page_KDMC - Emergency/select_--Select--Adernaline 0.'

2018-05-30 14:36:56 - [TEST_STEP][PASSED] - setText: Text '10' is set on object 'Object Repository/Emergency/Page_KDMC - Emergency/input_txttreat'

2018-05-30 14:36:56 - [MESSAGE][PASSED] - Text '10' is set on object 'Object Repository/Emergency/Page_KDMC - Emergency/input_txttreat'

2018-05-30 14:36:56 - [TEST_STEP][PASSED] - click: Object: 'Object Repository/Emergency/Page_KDMC - Emergency/button_Add' is clicked on

2018-05-30 14:36:56 - [MESSAGE][PASSED] - Object: 'Object Repository/Emergency/Page_KDMC - Emergency/button_Add' is clicked on

2018-05-30 14:36:56 - [TEST_STEP][PASSED] - selectOptionByIndex: All options with index in [1] are selected on object 'Object Repository/Emergency/Page_KDMC - Emergency/select_--Select--Schedule 1Inj'

2018-05-30 14:36:56 - [MESSAGE][PASSED] - All options with index in [1] are selected on object 'Object Repository/Emergency/Page_KDMC - Emergency/select_--Select--Schedule 1Inj'

2018-05-30 14:36:56 - [TEST_STEP][PASSED] - selectOptionByIndex: All options with index in [59] are selected on object 'Object Repository/Emergency/Page_KDMC - Emergency/select_--Select--Adernaline 0.'

2018-05-30 14:36:57 - [MESSAGE][PASSED] - All options with index in [59] are selected on object 'Object Repository/Emergency/Page_KDMC - Emergency/select_--Select--Adernaline 0.'

2018-05-30 14:36:57 - [TEST_STEP][PASSED] - setText: Text '10' is set on object 'Object Repository/Emergency/Page_KDMC - Emergency/input_txttreat'

2018-05-30 14:36:57 - [MESSAGE][PASSED] - Text '10' is set on object 'Object Repository/Emergency/Page_KDMC - Emergency/input_txttreat'

2018-05-30 14:36:57 - [TEST_STEP][PASSED] - click: Object: 'Object Repository/Emergency/Page_KDMC - Emergency/button_Add' is clicked on

2018-05-30 14:36:57 - [MESSAGE][PASSED] - Object: 'Object Repository/Emergency/Page_KDMC - Emergency/button_Add' is clicked on

2018-05-30 14:36:57 - [TEST_STEP][PASSED] - selectOptionByIndex: All options with index in [1] are selected on object 'Object Repository/Emergency/Page_KDMC - Emergency/select_--Select--Schedule 1Inj'

2018-05-30 14:36:57 - [MESSAGE][PASSED] - All options with index in [1] are selected on object 'Object Repository/Emergency/Page_KDMC - Emergency/select_--Select--Schedule 1Inj'

2018-05-30 14:36:57 - [TEST_STEP][PASSED] - selectOptionByIndex: All options with index in [60] are selected on object 'Object Repository/Emergency/Page_KDMC - Emergency/select_--Select--Adernaline 0.'

2018-05-30 14:36:58 - [MESSAGE][PASSED] - All options with index in [60] are selected on object 'Object Repository/Emergency/Page_KDMC - Emergency/select_--Select--Adernaline 0.'

2018-05-30 14:36:58 - [TEST_STEP][PASSED] - setText: Text '10' is set on object 'Object Repository/Emergency/Page_KDMC - Emergency/input_txttreat'

2018-05-30 14:36:58 - [MESSAGE][PASSED] - Text '10' is set on object 'Object Repository/Emergency/Page_KDMC - Emergency/input_txttreat'

2018-05-30 14:36:58 - [TEST_STEP][PASSED] - click: Object: 'Object Repository/Emergency/Page_KDMC - Emergency/button_Add' is clicked on

2018-05-30 14:36:58 - [MESSAGE][PASSED] - Object: 'Object Repository/Emergency/Page_KDMC - Emergency/button_Add' is clicked on

2018-05-30 14:36:58 - [TEST_STEP][PASSED] - selectOptionByIndex: All options with index in [1] are selected on object 'Object Repository/Emergency/Page_KDMC - Emergency/select_--Select--Schedule 1Inj'

2018-05-30 14:36:58 - [MESSAGE][PASSED] - All options with index in [1] are selected on object 'Object Repository/Emergency/Page_KDMC - Emergency/select_--Select--Schedule 1Inj'

2018-05-30 14:36:58 - [TEST_STEP][PASSED] - selectOptionByIndex: All options with index in [61] are selected on object 'Object Repository/Emergency/Page_KDMC - Emergency/select_--Select--Adernaline 0.'

2018-05-30 14:36:59 - [MESSAGE][PASSED] - All options with index in [61] are selected on object 'Object Repository/Emergency/Page_KDMC - Emergency/select_--Select--Adernaline 0.'

2018-05-30 14:36:59 - [TEST_STEP][PASSED] - setText: Text '10' is set on object 'Object Repository/Emergency/Page_KDMC - Emergency/input_txttreat'

2018-05-30 14:36:59 - [MESSAGE][PASSED] - Text '10' is set on object 'Object Repository/Emergency/Page_KDMC - Emergency/input_txttreat'

2018-05-30 14:36:59 - [TEST_STEP][PASSED] - click: Object: 'Object Repository/Emergency/Page_KDMC - Emergency/button_Add' is clicked on

2018-05-30 14:36:59 - [MESSAGE][PASSED] - Object: 'Object Repository/Emergency/Page_KDMC - Emergency/button_Add' is clicked on

2018-05-30 14:36:59 - [TEST_STEP][PASSED] - selectOptionByIndex: All options with index in [1] are selected on object 'Object Repository/Emergency/Page_KDMC - Emergency/select_--Select--Schedule 1Inj'

2018-05-30 14:36:59 - [MESSAGE][PASSED] - All options with index in [1] are selected on object 'Object Repository/Emergency/Page_KDMC - Emergency/select_--Select--Schedule 1Inj'

2018-05-30 14:36:59 - [TEST_STEP][PASSED] - selectOptionByIndex: All options with index in [62] are selected on object 'Object Repository/Emergency/Page_KDMC - Emergency/select_--Select--Adernaline 0.'

2018-05-30 14:37:00 - [MESSAGE][PASSED] - All options with index in [62] are selected on object 'Object Repository/Emergency/Page_KDMC - Emergency/select_--Select--Adernaline 0.'

2018-05-30 14:37:00 - [TEST_STEP][PASSED] - setText: Text '10' is set on object 'Object Repository/Emergency/Page_KDMC - Emergency/input_txttreat'

2018-05-30 14:37:00 - [MESSAGE][PASSED] - Text '10' is set on object 'Object Repository/Emergency/Page_KDMC - Emergency/input_txttreat'

2018-05-30 14:37:00 - [TEST_STEP][PASSED] - click: Object: 'Object Repository/Emergency/Page_KDMC - Emergency/button_Add' is clicked on

2018-05-30 14:37:00 - [MESSAGE][PASSED] - Object: 'Object Repository/Emergency/Page_KDMC - Emergency/button_Add' is clicked on

2018-05-30 14:37:00 - [TEST_STEP][PASSED] - scrollToElement: Scroll to object 'Object Repository/Emergency/Page_KDMC - Emergency/input_btnsave' successfully

2018-05-30 14:37:00 - [MESSAGE][PASSED] - Scroll to object 'Object Repository/Emergency/Page_KDMC - Emergency/input_btnsave' successfully

2018-05-30 14:37:00 - [TEST_STEP][PASSED] - click: Object: 'Object Repository/Emergency/Page_KDMC - Emergency/input_btnsave' is clicked on

2018-05-30 14:37:00 - [MESSAGE][PASSED] - Object: 'Object Repository/Emergency/Page_KDMC - Emergency/input_btnsave' is clicked on

2018-05-30 14:37:00 - [TEST_STEP][PASSED] - delay: Delayed 3 second(s)

2018-05-30 14:37:03 - [MESSAGE][PASSED] - Delayed 3 second(s)

2018-05-30 14:37:03 - [TEST_STEP][PASSED] - Statement - RequestNumber = com.kms.katalon.core.webui.keyword.WebUiBuiltInKeywords.getText(com.kms.katalon.core.testobject.ObjectRepository.findTestObject(Emergency/Page_KDMC - Emergency/font_ERNO100520183)): Text of object 'Object Repository/Emergency/Page_KDMC - Emergency/font_ERNO100520183' is: 'ERNO/30052018/519'

2018-05-30 14:37:03 - [MESSAGE][PASSED] - Text of object 'Object Repository/Emergency/Page_KDMC - Emergency/font_ERNO100520183' is: 'ERNO/30052018/519'

2018-05-30 14:37:03 - [TEST_STEP][PASSED] - Statement - Rno = RequestNumber.split("/")[2]: null

2018-05-30 14:37:03 - [TEST_STEP][PASSED] - Statement - out.println(Rno): null

2018-05-30 14:37:03 - [TEST_STEP][PASSED] - click: Object: 'Object Repository/Emergency/Page_KDMC - Emergency/button_OK' is clicked on

2018-05-30 14:37:04 - [MESSAGE][PASSED] - Object: 'Object Repository/Emergency/Page_KDMC - Emergency/button_OK' is clicked on

2018-05-30 14:37:04 - [TEST_STEP][PASSED] - delay: Delayed 3 second(s)

2018-05-30 14:37:07 - [MESSAGE][PASSED] - Delayed 3 second(s)

2018-05-30 14:37:07 - [TEST_STEP][PASSED] - click: Object: 'Object Repository/Emergency/Page_KDMC - Emergency/a_dropdown-toggle' is clicked on

2018-05-30 14:37:07 - [MESSAGE][PASSED] - Object: 'Object Repository/Emergency/Page_KDMC - Emergency/a_dropdown-toggle' is clicked on

2018-05-30 14:37:07 - [TEST_STEP][PASSED] - click: Object: 'Object Repository/Emergency/Page_KDMC - Emergency/a_Sign out' is clicked on

2018-05-30 14:37:07 - [MESSAGE][PASSED] - Object: 'Object Repository/Emergency/Page_KDMC - Emergency/a_Sign out' is clicked on

2018-05-30 14:37:07 - [TEST_STEP][PASSED] - delay: Delayed 3 second(s)

2018-05-30 14:37:10 - [MESSAGE][PASSED] - Delayed 3 second(s)

2018-05-30 14:37:10 - [TEST_STEP][PASSED] - click: Object: 'Object Repository/Emergency/Page_KDMC/a_CMO' is clicked on

2018-05-30 14:37:11 - [MESSAGE][PASSED] - Object: 'Object Repository/Emergency/Page_KDMC/a_CMO' is clicked on

2018-05-30 14:37:11 - [TEST_STEP][PASSED] - setText: Text 'guru' is set on object 'Object Repository/Emergency/Page_CMO login/input_txtusername'

2018-05-30 14:37:11 - [MESSAGE][PASSED] - Text 'guru' is set on object 'Object Repository/Emergency/Page_CMO login/input_txtusername'

2018-05-30 14:37:11 - [TEST_STEP][PASSED] - setText: Text '123' is set on object 'Object Repository/Emergency/Page_CMO login/input_txtpassword'

2018-05-30 14:37:11 - [MESSAGE][PASSED] - Text '123' is set on object 'Object Repository/Emergency/Page_CMO login/input_txtpassword'

2018-05-30 14:37:11 - [TEST_STEP][PASSED] - delay: Delayed 3 second(s)

2018-05-30 14:37:14 - [MESSAGE][PASSED] - Delayed 3 second(s)

2018-05-30 14:37:14 - [TEST_STEP][PASSED] - click: Object: 'Object Repository/Emergency/Page_CMO login/button_Sign in' is clicked on

2018-05-30 14:37:15 - [MESSAGE][PASSED] - Object: 'Object Repository/Emergency/Page_CMO login/button_Sign in' is clicked on

2018-05-30 14:37:15 - [TEST_STEP][PASSED] - delay: Delayed 2 second(s)

2018-05-30 14:37:17 - [MESSAGE][PASSED] - Delayed 2 second(s)

2018-05-30 14:37:17 - [TEST_STEP][PASSED] - click: Object: 'Object Repository/Emergency/Page_KDMC - CMO/a_Department Wise Request' is clicked on

2018-05-30 14:37:17 - [MESSAGE][PASSED] - Object: 'Object Repository/Emergency/Page_KDMC - CMO/a_Department Wise Request' is clicked on

2018-05-30 14:37:17 - [TEST_STEP][PASSED] - selectOptionByIndex: All options with index in [7] are selected on object 'Object Repository/Emergency/Page_KDMC - CMO/select_--ALL--'

2018-05-30 14:37:17 - [MESSAGE][PASSED] - All options with index in [7] are selected on object 'Object Repository/Emergency/Page_KDMC - CMO/select_--ALL--'

2018-05-30 14:37:17 - [TEST_STEP][PASSED] - selectOptionByIndex: All options with index in [1] are selected on object 'Object Repository/Emergency/Page_KDMC - CMO/select_--ALL--                _1'

2018-05-30 14:37:18 - [MESSAGE][PASSED] - All options with index in [1] are selected on object 'Object Repository/Emergency/Page_KDMC - CMO/select_--ALL--                _1'

2018-05-30 14:37:18 - [TEST_STEP][PASSED] - click: Object: 'Object Repository/Emergency/Page_KDMC - CMO/input_btnsearch' is clicked on

2018-05-30 14:37:18 - [MESSAGE][PASSED] - Object: 'Object Repository/Emergency/Page_KDMC - CMO/input_btnsearch' is clicked on

2018-05-30 14:37:18 - [TEST_STEP][PASSED] - Statement - ID = com.kms.katalon.core.webui.keyword.WebUiBuiltInKeywords.modifyObjectProperty(com.kms.katalon.core.testobject.ObjectRepository.findTestObject(Emergency/Page_KDMC - CMO/input_3), "xpath", "equals", "//*[@id=" + Rno + "]", true): Modify property of object successfully

2018-05-30 14:37:18 - [MESSAGE][PASSED] - Modify property of object successfully

2018-05-30 14:37:18 - [TEST_STEP][PASSED] - click: Object: 'Object Repository/Emergency/Page_KDMC - CMO/input_3' is clicked on

2018-05-30 14:37:18 - [MESSAGE][PASSED] - Object: 'Object Repository/Emergency/Page_KDMC - CMO/input_3' is clicked on

2018-05-30 14:37:18 - [TEST_STEP][PASSED] - delay: Delayed 2 second(s)

2018-05-30 14:37:20 - [MESSAGE][PASSED] - Delayed 2 second(s)

2018-05-30 14:37:20 - [TEST_STEP][PASSED] - selectOptionByIndex: All options with index in [1] are selected on object 'Object Repository/Emergency/Page_KDMC - CMO/select_--Select--'

2018-05-30 14:37:21 - [MESSAGE][PASSED] - All options with index in [1] are selected on object 'Object Repository/Emergency/Page_KDMC - CMO/select_--Select--'

2018-05-30 14:37:21 - [TEST_STEP][PASSED] - click: Object: 'Object Repository/Emergency/Page_KDMC - CMO/input_btnupdate' is clicked on

2018-05-30 14:37:21 - [MESSAGE][PASSED] - Object: 'Object Repository/Emergency/Page_KDMC - CMO/input_btnupdate' is clicked on

2018-05-30 14:37:21 - [TEST_STEP][PASSED] - delay: Delayed 2 second(s)

2018-05-30 14:37:23 - [MESSAGE][PASSED] - Delayed 2 second(s)

2018-05-30 14:37:23 - [TEST_STEP][PASSED] - click: Object: 'Object Repository/Emergency/Page_KDMC - CMO/button_OK' is clicked on

2018-05-30 14:37:23 - [MESSAGE][PASSED] - Object: 'Object Repository/Emergency/Page_KDMC - CMO/button_OK' is clicked on

2018-05-30 14:37:23 - [TEST_STEP][PASSED] - delay: Delayed 2 second(s)

2018-05-30 14:37:25 - [MESSAGE][PASSED] - Delayed 2 second(s)

2018-05-30 14:37:25 - [TEST_STEP][PASSED] - click: Object: 'Object Repository/Emergency/Page_KDMC - CMO/a_dropdown-toggle' is clicked on

2018-05-30 14:37:25 - [MESSAGE][PASSED] - Object: 'Object Repository/Emergency/Page_KDMC - CMO/a_dropdown-toggle' is clicked on

2018-05-30 14:37:25 - [TEST_STEP][PASSED] - click: Object: 'Object Repository/Emergency/Page_KDMC - CMO/a_Sign out' is clicked on

2018-05-30 14:37:26 - [MESSAGE][PASSED] - Object: 'Object Repository/Emergency/Page_KDMC - CMO/a_Sign out' is clicked on

2018-05-30 14:37:26 - [TEST_STEP][PASSED] - delay: Delayed 3 second(s)

2018-05-30 14:37:29 - [MESSAGE][PASSED] - Delayed 3 second(s)

2018-05-30 14:37:29 - [TEST_STEP][PASSED] - click: Object: 'Object Repository/Emergency/Page_KDMC/a_Divisional Store' is clicked on

2018-05-30 14:37:30 - [MESSAGE][PASSED] - Object: 'Object Repository/Emergency/Page_KDMC/a_Divisional Store' is clicked on

2018-05-30 14:37:30 - [TEST_STEP][PASSED] - setText: Text 'ragu' is set on object 'Object Repository/Emergency/Page_Divisonal Store Login/input_txtusername'

2018-05-30 14:37:30 - [MESSAGE][PASSED] - Text 'ragu' is set on object 'Object Repository/Emergency/Page_Divisonal Store Login/input_txtusername'

2018-05-30 14:37:30 - [TEST_STEP][PASSED] - setText: Text '123' is set on object 'Object Repository/Emergency/Page_Divisonal Store Login/input_txtpassword'

2018-05-30 14:37:30 - [MESSAGE][PASSED] - Text '123' is set on object 'Object Repository/Emergency/Page_Divisonal Store Login/input_txtpassword'

2018-05-30 14:37:30 - [TEST_STEP][PASSED] - delay: Delayed 3 second(s)

2018-05-30 14:37:33 - [MESSAGE][PASSED] - Delayed 3 second(s)

2018-05-30 14:37:33 - [TEST_STEP][PASSED] - click: Object: 'Object Repository/Emergency/Page_Divisonal Store Login/button_Sign in' is clicked on

2018-05-30 14:37:34 - [MESSAGE][PASSED] - Object: 'Object Repository/Emergency/Page_Divisonal Store Login/button_Sign in' is clicked on

2018-05-30 14:37:34 - [TEST_STEP][PASSED] - delay: Delayed 2 second(s)

2018-05-30 14:37:36 - [MESSAGE][PASSED] - Delayed 2 second(s)

2018-05-30 14:37:36 - [TEST_STEP][PASSED] - click: Object: 'Object Repository/Emergency/Page_Store/a_Emergency Request' is clicked on

2018-05-30 14:37:37 - [MESSAGE][PASSED] - Object: 'Object Repository/Emergency/Page_Store/a_Emergency Request' is clicked on

2018-05-30 14:37:37 - [TEST_STEP][PASSED] - click: Object: 'Object Repository/Emergency/Page_Store/a_Request Item Emergency' is clicked on

2018-05-30 14:37:37 - [MESSAGE][PASSED] - Object: 'Object Repository/Emergency/Page_Store/a_Request Item Emergency' is clicked on

2018-05-30 14:37:37 - [TEST_STEP][PASSED] - setText: Text '519' is set on object 'Object Repository/Emergency/Page_Store/input'

2018-05-30 14:37:38 - [MESSAGE][PASSED] - Text '519' is set on object 'Object Repository/Emergency/Page_Store/input'

2018-05-30 14:37:38 - [TEST_STEP][PASSED] - Statement - ChooseRequest = com.kms.katalon.core.webui.keyword.WebUiBuiltInKeywords.modifyObjectProperty(com.kms.katalon.core.testobject.ObjectRepository.findTestObject(Emergency/Page_Store/input_3), "xpath", "equals", "//*[@id=" + Rno + "]", true): Modify property of object successfully

2018-05-30 14:37:38 - [MESSAGE][PASSED] - Modify property of object successfully

2018-05-30 14:37:38 - [TEST_STEP][PASSED] - click: Object: 'Object Repository/Emergency/Page_Store/input_3' is clicked on

2018-05-30 14:37:38 - [MESSAGE][PASSED] - Object: 'Object Repository/Emergency/Page_Store/input_3' is clicked on

2018-05-30 14:37:38 - [TEST_STEP][PASSED] - delay: Delayed 2 second(s)

2018-05-30 14:37:40 - [MESSAGE][PASSED] - Delayed 2 second(s)

2018-05-30 14:37:40 - [TEST_STEP][PASSED] - Statement - selectedoptions1 = com.kms.katalon.core.webui.keyword.WebUiBuiltInKeywords.getNumberOfTotalOption(com.kms.katalon.core.testobject.ObjectRepository.findTestObject(Emergency/Page_Store/select_--Select--Amikacin -500)): 63 options of object 'Object Repository/Emergency/Page_Store/select_--Select--Amikacin -500' counted

2018-05-30 14:37:40 - [MESSAGE][PASSED] - 63 options of object 'Object Repository/Emergency/Page_Store/select_--Select--Amikacin -500' counted

2018-05-30 14:37:40 - [TEST_STEP][PASSED] - Statement - For ([a = 1, a <= selectedoptions1 - 1, (a++)]): null

2018-05-30 14:37:40 - [TEST_STEP][PASSED] - selectOptionByIndex: All options with index in [1] are selected on object 'Object Repository/Emergency/Page_Store/select_--Select--Amikacin -500'

2018-05-30 14:37:41 - [MESSAGE][PASSED] - All options with index in [1] are selected on object 'Object Repository/Emergency/Page_Store/select_--Select--Amikacin -500'

2018-05-30 14:37:41 - [TEST_STEP][PASSED] - delay: Delayed 1 second(s)

2018-05-30 14:37:42 - [MESSAGE][PASSED] - Delayed 1 second(s)

2018-05-30 14:37:42 - [TEST_STEP][PASSED] - Statement - RequestedQty = com.kms.katalon.core.webui.keyword.WebUiBuiltInKeywords.getAttribute(com.kms.katalon.core.testobject.ObjectRepository.findTestObject(Emergency/Page_Store/input_txttotal), "value"): Attribute 'value' of object 'Object Repository/Emergency/Page_Store/input_txttotal' is: '10'

2018-05-30 14:37:42 - [MESSAGE][PASSED] - Attribute 'value' of object 'Object Repository/Emergency/Page_Store/input_txttotal' is: '10'

2018-05-30 14:37:42 - [TEST_STEP][PASSED] - Statement - out.println("Requested QTY : " + RequestedQty): null

2018-05-30 14:37:42 - [TEST_STEP][PASSED] - Statement - BatchNumber = com.kms.katalon.core.webui.keyword.WebUiBuiltInKeywords.getNumberOfTotalOption(com.kms.katalon.core.testobject.ObjectRepository.findTestObject(Emergency/Page_Store/select_--Select--BA1150BA4110)): 4 options of object 'Object Repository/Emergency/Page_Store/select_--Select--BA1150BA4110' counted

2018-05-30 14:37:42 - [MESSAGE][PASSED] - 4 options of object 'Object Repository/Emergency/Page_Store/select_--Select--BA1150BA4110' counted

2018-05-30 14:37:42 - [TEST_STEP][PASSED] - Statement - For ([g = 1, g <= BatchNumber - 1, (g++)]): null

2018-05-30 14:37:42 - [TEST_STEP][PASSED] - selectOptionByIndex: All options with index in [1] are selected on object 'Object Repository/Emergency/Page_Store/select_--Select--BA1150BA4110'

2018-05-30 14:37:42 - [MESSAGE][PASSED] - All options with index in [1] are selected on object 'Object Repository/Emergency/Page_Store/select_--Select--BA1150BA4110'

2018-05-30 14:37:42 - [TEST_STEP][PASSED] - delay: Delayed 2 second(s)

2018-05-30 14:37:44 - [MESSAGE][PASSED] - Delayed 2 second(s)

2018-05-30 14:37:44 - [TEST_STEP][PASSED] - Statement - Try: null

2018-05-30 14:37:44 - [TEST_STEP][PASSED] - Statement - StockQty = com.kms.katalon.core.webui.keyword.WebUiBuiltInKeywords.getAttribute(com.kms.katalon.core.testobject.ObjectRepository.findTestObject(Emergency/Page_Store/input_txtprice), "value"): Attribute 'value' of object 'Object Repository/Emergency/Page_Store/input_txtprice' is: '1220'

2018-05-30 14:37:44 - [MESSAGE][PASSED] - Attribute 'value' of object 'Object Repository/Emergency/Page_Store/input_txtprice' is: '1220'

2018-05-30 14:37:44 - [TEST_STEP][PASSED] - Statement - out.println("Stock QTY : " + StockQty): null

2018-05-30 14:37:44 - [TEST_STEP][PASSED] - delay: Delayed 2 second(s)

2018-05-30 14:37:46 - [MESSAGE][PASSED] - Delayed 2 second(s)

2018-05-30 14:37:46 - [TEST_STEP][PASSED] - Statement - If (java.lang.Integer.valueOf(StockQty) >= java.lang.Integer.valueOf(RequestedQty)): null

2018-05-30 14:37:46 - [TEST_STEP][PASSED] - delay: Delayed 1 second(s)

2018-05-30 14:37:47 - [MESSAGE][PASSED] - Delayed 1 second(s)

2018-05-30 14:37:47 - [TEST_STEP][PASSED] - setText: Text '10' is set on object 'Object Repository/Emergency/Page_Store/input_txtqty'

2018-05-30 14:37:47 - [MESSAGE][PASSED] - Text '10' is set on object 'Object Repository/Emergency/Page_Store/input_txtqty'

2018-05-30 14:37:47 - [TEST_STEP][PASSED] - click: Object: 'Object Repository/Emergency/Page_Store/button_Add' is clicked on

2018-05-30 14:37:47 - [MESSAGE][PASSED] - Object: 'Object Repository/Emergency/Page_Store/button_Add' is clicked on

2018-05-30 14:37:47 - [TEST_STEP][PASSED] - Statement - Break: null

2018-05-30 14:37:47 - [TEST_STEP][PASSED] - selectOptionByIndex: All options with index in [2] are selected on object 'Object Repository/Emergency/Page_Store/select_--Select--Amikacin -500'

2018-05-30 14:37:47 - [MESSAGE][PASSED] - All options with index in [2] are selected on object 'Object Repository/Emergency/Page_Store/select_--Select--Amikacin -500'

2018-05-30 14:37:47 - [TEST_STEP][PASSED] - delay: Delayed 1 second(s)

2018-05-30 14:37:48 - [MESSAGE][PASSED] - Delayed 1 second(s)

2018-05-30 14:37:48 - [TEST_STEP][PASSED] - Statement - RequestedQty = com.kms.katalon.core.webui.keyword.WebUiBuiltInKeywords.getAttribute(com.kms.katalon.core.testobject.ObjectRepository.findTestObject(Emergency/Page_Store/input_txttotal), "value"): Attribute 'value' of object 'Object Repository/Emergency/Page_Store/input_txttotal' is: '10'

2018-05-30 14:37:48 - [MESSAGE][PASSED] - Attribute 'value' of object 'Object Repository/Emergency/Page_Store/input_txttotal' is: '10'

2018-05-30 14:37:48 - [TEST_STEP][PASSED] - Statement - out.println("Requested QTY : " + RequestedQty): null

2018-05-30 14:37:48 - [TEST_STEP][PASSED] - Statement - BatchNumber = com.kms.katalon.core.webui.keyword.WebUiBuiltInKeywords.getNumberOfTotalOption(com.kms.katalon.core.testobject.ObjectRepository.findTestObject(Emergency/Page_Store/select_--Select--BA1150BA4110)): 3 options of object 'Object Repository/Emergency/Page_Store/select_--Select--BA1150BA4110' counted

2018-05-30 14:37:48 - [MESSAGE][PASSED] - 3 options of object 'Object Repository/Emergency/Page_Store/select_--Select--BA1150BA4110' counted

2018-05-30 14:37:48 - [TEST_STEP][PASSED] - Statement - For ([g = 1, g <= BatchNumber - 1, (g++)]): null

2018-05-30 14:37:48 - [TEST_STEP][PASSED] - selectOptionByIndex: All options with index in [1] are selected on object 'Object Repository/Emergency/Page_Store/select_--Select--BA1150BA4110'

2018-05-30 14:37:48 - [MESSAGE][PASSED] - All options with index in [1] are selected on object 'Object Repository/Emergency/Page_Store/select_--Select--BA1150BA4110'

2018-05-30 14:37:48 - [TEST_STEP][PASSED] - delay: Delayed 2 second(s)

2018-05-30 14:37:50 - [MESSAGE][PASSED] - Delayed 2 second(s)

2018-05-30 14:37:50 - [TEST_STEP][PASSED] - Statement - Try: null

2018-05-30 14:37:50 - [TEST_STEP][PASSED] - Statement - StockQty = com.kms.katalon.core.webui.keyword.WebUiBuiltInKeywords.getAttribute(com.kms.katalon.core.testobject.ObjectRepository.findTestObject(Emergency/Page_Store/input_txtprice), "value"): Attribute 'value' of object 'Object Repository/Emergency/Page_Store/input_txtprice' is: '1215'

2018-05-30 14:37:51 - [MESSAGE][PASSED] - Attribute 'value' of object 'Object Repository/Emergency/Page_Store/input_txtprice' is: '1215'

2018-05-30 14:37:51 - [TEST_STEP][PASSED] - Statement - out.println("Stock QTY : " + StockQty): null

2018-05-30 14:37:51 - [TEST_STEP][PASSED] - delay: Delayed 2 second(s)

2018-05-30 14:37:53 - [MESSAGE][PASSED] - Delayed 2 second(s)

2018-05-30 14:37:53 - [TEST_STEP][PASSED] - Statement - If (java.lang.Integer.valueOf(StockQty) >= java.lang.Integer.valueOf(RequestedQty)): null

2018-05-30 14:37:53 - [TEST_STEP][PASSED] - delay: Delayed 1 second(s)

2018-05-30 14:37:54 - [MESSAGE][PASSED] - Delayed 1 second(s)

2018-05-30 14:37:54 - [TEST_STEP][PASSED] - setText: Text '10' is set on object 'Object Repository/Emergency/Page_Store/input_txtqty'

2018-05-30 14:37:54 - [MESSAGE][PASSED] - Text '10' is set on object 'Object Repository/Emergency/Page_Store/input_txtqty'

2018-05-30 14:37:54 - [TEST_STEP][PASSED] - click: Object: 'Object Repository/Emergency/Page_Store/button_Add' is clicked on

2018-05-30 14:37:54 - [MESSAGE][PASSED] - Object: 'Object Repository/Emergency/Page_Store/button_Add' is clicked on

2018-05-30 14:37:54 - [TEST_STEP][PASSED] - Statement - Break: null

2018-05-30 14:37:54 - [TEST_STEP][PASSED] - selectOptionByIndex: All options with index in [3] are selected on object 'Object Repository/Emergency/Page_Store/select_--Select--Amikacin -500'

2018-05-30 14:37:54 - [MESSAGE][PASSED] - All options with index in [3] are selected on object 'Object Repository/Emergency/Page_Store/select_--Select--Amikacin -500'

2018-05-30 14:37:54 - [TEST_STEP][PASSED] - delay: Delayed 1 second(s)

2018-05-30 14:37:55 - [MESSAGE][PASSED] - Delayed 1 second(s)

2018-05-30 14:37:55 - [TEST_STEP][PASSED] - Statement - RequestedQty = com.kms.katalon.core.webui.keyword.WebUiBuiltInKeywords.getAttribute(com.kms.katalon.core.testobject.ObjectRepository.findTestObject(Emergency/Page_Store/input_txttotal), "value"): Attribute 'value' of object 'Object Repository/Emergency/Page_Store/input_txttotal' is: '10'

2018-05-30 14:37:55 - [MESSAGE][PASSED] - Attribute 'value' of object 'Object Repository/Emergency/Page_Store/input_txttotal' is: '10'

2018-05-30 14:37:55 - [TEST_STEP][PASSED] - Statement - out.println("Requested QTY : " + RequestedQty): null

2018-05-30 14:37:55 - [TEST_STEP][PASSED] - Statement - BatchNumber = com.kms.katalon.core.webui.keyword.WebUiBuiltInKeywords.getNumberOfTotalOption(com.kms.katalon.core.testobject.ObjectRepository.findTestObject(Emergency/Page_Store/select_--Select--BA1150BA4110)): 3 options of object 'Object Repository/Emergency/Page_Store/select_--Select--BA1150BA4110' counted

2018-05-30 14:37:55 - [MESSAGE][PASSED] - 3 options of object 'Object Repository/Emergency/Page_Store/select_--Select--BA1150BA4110' counted

2018-05-30 14:37:55 - [TEST_STEP][PASSED] - Statement - For ([g = 1, g <= BatchNumber - 1, (g++)]): null

2018-05-30 14:37:55 - [TEST_STEP][PASSED] - selectOptionByIndex: All options with index in [1] are selected on object 'Object Repository/Emergency/Page_Store/select_--Select--BA1150BA4110'

2018-05-30 14:37:55 - [MESSAGE][PASSED] - All options with index in [1] are selected on object 'Object Repository/Emergency/Page_Store/select_--Select--BA1150BA4110'

2018-05-30 14:37:55 - [TEST_STEP][PASSED] - delay: Delayed 2 second(s)

2018-05-30 14:37:57 - [MESSAGE][PASSED] - Delayed 2 second(s)

2018-05-30 14:37:57 - [TEST_STEP][PASSED] - Statement - Try: null

2018-05-30 14:37:57 - [TEST_STEP][PASSED] - Statement - StockQty = com.kms.katalon.core.webui.keyword.WebUiBuiltInKeywords.getAttribute(com.kms.katalon.core.testobject.ObjectRepository.findTestObject(Emergency/Page_Store/input_txtprice), "value"): Attribute 'value' of object 'Object Repository/Emergency/Page_Store/input_txtprice' is: '296'

2018-05-30 14:37:57 - [MESSAGE][PASSED] - Attribute 'value' of object 'Object Repository/Emergency/Page_Store/input_txtprice' is: '296'

2018-05-30 14:37:57 - [TEST_STEP][PASSED] - Statement - out.println("Stock QTY : " + StockQty): null

2018-05-30 14:37:57 - [TEST_STEP][PASSED] - delay: Delayed 2 second(s)

2018-05-30 14:37:59 - [MESSAGE][PASSED] - Delayed 2 second(s)

2018-05-30 14:37:59 - [TEST_STEP][PASSED] - Statement - If (java.lang.Integer.valueOf(StockQty) >= java.lang.Integer.valueOf(RequestedQty)): null

2018-05-30 14:37:59 - [TEST_STEP][PASSED] - delay: Delayed 1 second(s)

2018-05-30 14:38:00 - [MESSAGE][PASSED] - Delayed 1 second(s)

2018-05-30 14:38:00 - [TEST_STEP][PASSED] - setText: Text '10' is set on object 'Object Repository/Emergency/Page_Store/input_txtqty'

2018-05-30 14:38:00 - [MESSAGE][PASSED] - Text '10' is set on object 'Object Repository/Emergency/Page_Store/input_txtqty'

2018-05-30 14:38:00 - [TEST_STEP][PASSED] - click: Object: 'Object Repository/Emergency/Page_Store/button_Add' is clicked on

2018-05-30 14:38:00 - [MESSAGE][PASSED] - Object: 'Object Repository/Emergency/Page_Store/button_Add' is clicked on

2018-05-30 14:38:00 - [TEST_STEP][PASSED] - Statement - Break: null

2018-05-30 14:38:00 - [TEST_STEP][PASSED] - selectOptionByIndex: All options with index in [4] are selected on object 'Object Repository/Emergency/Page_Store/select_--Select--Amikacin -500'

2018-05-30 14:38:00 - [MESSAGE][PASSED] - All options with index in [4] are selected on object 'Object Repository/Emergency/Page_Store/select_--Select--Amikacin -500'

2018-05-30 14:38:00 - [TEST_STEP][PASSED] - delay: Delayed 1 second(s)

2018-05-30 14:38:01 - [MESSAGE][PASSED] - Delayed 1 second(s)

2018-05-30 14:38:01 - [TEST_STEP][PASSED] - Statement - RequestedQty = com.kms.katalon.core.webui.keyword.WebUiBuiltInKeywords.getAttribute(com.kms.katalon.core.testobject.ObjectRepository.findTestObject(Emergency/Page_Store/input_txttotal), "value"): Attribute 'value' of object 'Object Repository/Emergency/Page_Store/input_txttotal' is: '10'

2018-05-30 14:38:01 - [MESSAGE][PASSED] - Attribute 'value' of object 'Object Repository/Emergency/Page_Store/input_txttotal' is: '10'

2018-05-30 14:38:01 - [TEST_STEP][PASSED] - Statement - out.println("Requested QTY : " + RequestedQty): null

2018-05-30 14:38:01 - [TEST_STEP][PASSED] - Statement - BatchNumber = com.kms.katalon.core.webui.keyword.WebUiBuiltInKeywords.getNumberOfTotalOption(com.kms.katalon.core.testobject.ObjectRepository.findTestObject(Emergency/Page_Store/select_--Select--BA1150BA4110)): 4 options of object 'Object Repository/Emergency/Page_Store/select_--Select--BA1150BA4110' counted

2018-05-30 14:38:02 - [MESSAGE][PASSED] - 4 options of object 'Object Repository/Emergency/Page_Store/select_--Select--BA1150BA4110' counted

2018-05-30 14:38:02 - [TEST_STEP][PASSED] - Statement - For ([g = 1, g <= BatchNumber - 1, (g++)]): null

2018-05-30 14:38:02 - [TEST_STEP][PASSED] - selectOptionByIndex: All options with index in [1] are selected on object 'Object Repository/Emergency/Page_Store/select_--Select--BA1150BA4110'

2018-05-30 14:38:02 - [MESSAGE][PASSED] - All options with index in [1] are selected on object 'Object Repository/Emergency/Page_Store/select_--Select--BA1150BA4110'

2018-05-30 14:38:02 - [TEST_STEP][PASSED] - delay: Delayed 2 second(s)

2018-05-30 14:38:04 - [MESSAGE][PASSED] - Delayed 2 second(s)

2018-05-30 14:38:04 - [TEST_STEP][PASSED] - Statement - Try: null

2018-05-30 14:38:04 - [TEST_STEP][PASSED] - Statement - StockQty = com.kms.katalon.core.webui.keyword.WebUiBuiltInKeywords.getAttribute(com.kms.katalon.core.testobject.ObjectRepository.findTestObject(Emergency/Page_Store/input_txtprice), "value"): Attribute 'value' of object 'Object Repository/Emergency/Page_Store/input_txtprice' is: '336'

2018-05-30 14:38:04 - [MESSAGE][PASSED] - Attribute 'value' of object 'Object Repository/Emergency/Page_Store/input_txtprice' is: '336'

2018-05-30 14:38:04 - [TEST_STEP][PASSED] - Statement - out.println("Stock QTY : " + StockQty): null

2018-05-30 14:38:04 - [TEST_STEP][PASSED] - delay: Delayed 2 second(s)

2018-05-30 14:38:06 - [MESSAGE][PASSED] - Delayed 2 second(s)

2018-05-30 14:38:06 - [TEST_STEP][PASSED] - Statement - If (java.lang.Integer.valueOf(StockQty) >= java.lang.Integer.valueOf(RequestedQty)): null

2018-05-30 14:38:06 - [TEST_STEP][PASSED] - delay: Delayed 1 second(s)

2018-05-30 14:38:07 - [MESSAGE][PASSED] - Delayed 1 second(s)

2018-05-30 14:38:07 - [TEST_STEP][PASSED] - setText: Text '10' is set on object 'Object Repository/Emergency/Page_Store/input_txtqty'

2018-05-30 14:38:07 - [MESSAGE][PASSED] - Text '10' is set on object 'Object Repository/Emergency/Page_Store/input_txtqty'

2018-05-30 14:38:07 - [TEST_STEP][PASSED] - click: Object: 'Object Repository/Emergency/Page_Store/button_Add' is clicked on

2018-05-30 14:38:07 - [MESSAGE][PASSED] - Object: 'Object Repository/Emergency/Page_Store/button_Add' is clicked on

2018-05-30 14:38:07 - [TEST_STEP][PASSED] - Statement - Break: null

2018-05-30 14:38:07 - [TEST_STEP][PASSED] - selectOptionByIndex: All options with index in [5] are selected on object 'Object Repository/Emergency/Page_Store/select_--Select--Amikacin -500'

2018-05-30 14:38:07 - [MESSAGE][PASSED] - All options with index in [5] are selected on object 'Object Repository/Emergency/Page_Store/select_--Select--Amikacin -500'

2018-05-30 14:38:07 - [TEST_STEP][PASSED] - delay: Delayed 1 second(s)

2018-05-30 14:38:08 - [MESSAGE][PASSED] - Delayed 1 second(s)

2018-05-30 14:38:08 - [TEST_STEP][PASSED] - Statement - RequestedQty = com.kms.katalon.core.webui.keyword.WebUiBuiltInKeywords.getAttribute(com.kms.katalon.core.testobject.ObjectRepository.findTestObject(Emergency/Page_Store/input_txttotal), "value"): Attribute 'value' of object 'Object Repository/Emergency/Page_Store/input_txttotal' is: '10'

2018-05-30 14:38:08 - [MESSAGE][PASSED] - Attribute 'value' of object 'Object Repository/Emergency/Page_Store/input_txttotal' is: '10'

2018-05-30 14:38:08 - [TEST_STEP][PASSED] - Statement - out.println("Requested QTY : " + RequestedQty): null

2018-05-30 14:38:08 - [TEST_STEP][PASSED] - Statement - BatchNumber = com.kms.katalon.core.webui.keyword.WebUiBuiltInKeywords.getNumberOfTotalOption(com.kms.katalon.core.testobject.ObjectRepository.findTestObject(Emergency/Page_Store/select_--Select--BA1150BA4110)): 4 options of object 'Object Repository/Emergency/Page_Store/select_--Select--BA1150BA4110' counted

2018-05-30 14:38:08 - [MESSAGE][PASSED] - 4 options of object 'Object Repository/Emergency/Page_Store/select_--Select--BA1150BA4110' counted

2018-05-30 14:38:08 - [TEST_STEP][PASSED] - Statement - For ([g = 1, g <= BatchNumber - 1, (g++)]): null

2018-05-30 14:38:08 - [TEST_STEP][PASSED] - selectOptionByIndex: All options with index in [1] are selected on object 'Object Repository/Emergency/Page_Store/select_--Select--BA1150BA4110'

2018-05-30 14:38:08 - [MESSAGE][PASSED] - All options with index in [1] are selected on object 'Object Repository/Emergency/Page_Store/select_--Select--BA1150BA4110'

2018-05-30 14:38:08 - [TEST_STEP][PASSED] - delay: Delayed 2 second(s)

2018-05-30 14:38:10 - [MESSAGE][PASSED] - Delayed 2 second(s)

2018-05-30 14:38:10 - [TEST_STEP][PASSED] - Statement - Try: null

2018-05-30 14:38:10 - [TEST_STEP][PASSED] - Statement - StockQty = com.kms.katalon.core.webui.keyword.WebUiBuiltInKeywords.getAttribute(com.kms.katalon.core.testobject.ObjectRepository.findTestObject(Emergency/Page_Store/input_txtprice), "value"): Attribute 'value' of object 'Object Repository/Emergency/Page_Store/input_txtprice' is: '340'

2018-05-30 14:38:10 - [MESSAGE][PASSED] - Attribute 'value' of object 'Object Repository/Emergency/Page_Store/input_txtprice' is: '340'

2018-05-30 14:38:10 - [TEST_STEP][PASSED] - Statement - out.println("Stock QTY : " + StockQty): null

2018-05-30 14:38:10 - [TEST_STEP][PASSED] - delay: Delayed 2 second(s)

2018-05-30 14:38:12 - [MESSAGE][PASSED] - Delayed 2 second(s)

2018-05-30 14:38:12 - [TEST_STEP][PASSED] - Statement - If (java.lang.Integer.valueOf(StockQty) >= java.lang.Integer.valueOf(RequestedQty)): null

2018-05-30 14:38:12 - [TEST_STEP][PASSED] - delay: Delayed 1 second(s)

2018-05-30 14:38:13 - [MESSAGE][PASSED] - Delayed 1 second(s)

2018-05-30 14:38:13 - [TEST_STEP][PASSED] - setText: Text '10' is set on object 'Object Repository/Emergency/Page_Store/input_txtqty'

2018-05-30 14:38:13 - [MESSAGE][PASSED] - Text '10' is set on object 'Object Repository/Emergency/Page_Store/input_txtqty'

2018-05-30 14:38:13 - [TEST_STEP][PASSED] - click: Object: 'Object Repository/Emergency/Page_Store/button_Add' is clicked on

2018-05-30 14:38:13 - [MESSAGE][PASSED] - Object: 'Object Repository/Emergency/Page_Store/button_Add' is clicked on

2018-05-30 14:38:13 - [TEST_STEP][PASSED] - Statement - Break: null

2018-05-30 14:38:13 - [TEST_STEP][PASSED] - selectOptionByIndex: All options with index in [6] are selected on object 'Object Repository/Emergency/Page_Store/select_--Select--Amikacin -500'

2018-05-30 14:38:14 - [MESSAGE][PASSED] - All options with index in [6] are selected on object 'Object Repository/Emergency/Page_Store/select_--Select--Amikacin -500'

2018-05-30 14:38:14 - [TEST_STEP][PASSED] - delay: Delayed 1 second(s)

2018-05-30 14:38:15 - [MESSAGE][PASSED] - Delayed 1 second(s)

2018-05-30 14:38:15 - [TEST_STEP][PASSED] - Statement - RequestedQty = com.kms.katalon.core.webui.keyword.WebUiBuiltInKeywords.getAttribute(com.kms.katalon.core.testobject.ObjectRepository.findTestObject(Emergency/Page_Store/input_txttotal), "value"): Attribute 'value' of object 'Object Repository/Emergency/Page_Store/input_txttotal' is: '10'

2018-05-30 14:38:15 - [MESSAGE][PASSED] - Attribute 'value' of object 'Object Repository/Emergency/Page_Store/input_txttotal' is: '10'

2018-05-30 14:38:15 - [TEST_STEP][PASSED] - Statement - out.println("Requested QTY : " + RequestedQty): null

2018-05-30 14:38:15 - [TEST_STEP][PASSED] - Statement - BatchNumber = com.kms.katalon.core.webui.keyword.WebUiBuiltInKeywords.getNumberOfTotalOption(com.kms.katalon.core.testobject.ObjectRepository.findTestObject(Emergency/Page_Store/select_--Select--BA1150BA4110)): 4 options of object 'Object Repository/Emergency/Page_Store/select_--Select--BA1150BA4110' counted

2018-05-30 14:38:15 - [MESSAGE][PASSED] - 4 options of object 'Object Repository/Emergency/Page_Store/select_--Select--BA1150BA4110' counted

2018-05-30 14:38:15 - [TEST_STEP][PASSED] - Statement - For ([g = 1, g <= BatchNumber - 1, (g++)]): null

2018-05-30 14:38:15 - [TEST_STEP][PASSED] - selectOptionByIndex: All options with index in [1] are selected on object 'Object Repository/Emergency/Page_Store/select_--Select--BA1150BA4110'

2018-05-30 14:38:15 - [MESSAGE][PASSED] - All options with index in [1] are selected on object 'Object Repository/Emergency/Page_Store/select_--Select--BA1150BA4110'

2018-05-30 14:38:15 - [TEST_STEP][PASSED] - delay: Delayed 2 second(s)

2018-05-30 14:38:17 - [MESSAGE][PASSED] - Delayed 2 second(s)

2018-05-30 14:38:17 - [TEST_STEP][PASSED] - Statement - Try: null

2018-05-30 14:38:17 - [TEST_STEP][PASSED] - Statement - StockQty = com.kms.katalon.core.webui.keyword.WebUiBuiltInKeywords.getAttribute(com.kms.katalon.core.testobject.ObjectRepository.findTestObject(Emergency/Page_Store/input_txtprice), "value"): Attribute 'value' of object 'Object Repository/Emergency/Page_Store/input_txtprice' is: '340'

2018-05-30 14:38:17 - [MESSAGE][PASSED] - Attribute 'value' of object 'Object Repository/Emergency/Page_Store/input_txtprice' is: '340'

2018-05-30 14:38:17 - [TEST_STEP][PASSED] - Statement - out.println("Stock QTY : " + StockQty): null

2018-05-30 14:38:17 - [TEST_STEP][PASSED] - delay: Delayed 2 second(s)

2018-05-30 14:38:19 - [MESSAGE][PASSED] - Delayed 2 second(s)

2018-05-30 14:38:19 - [TEST_STEP][PASSED] - Statement - If (java.lang.Integer.valueOf(StockQty) >= java.lang.Integer.valueOf(RequestedQty)): null

2018-05-30 14:38:19 - [TEST_STEP][PASSED] - delay: Delayed 1 second(s)

2018-05-30 14:38:20 - [MESSAGE][PASSED] - Delayed 1 second(s)

2018-05-30 14:38:20 - [TEST_STEP][PASSED] - setText: Text '10' is set on object 'Object Repository/Emergency/Page_Store/input_txtqty'

2018-05-30 14:38:20 - [MESSAGE][PASSED] - Text '10' is set on object 'Object Repository/Emergency/Page_Store/input_txtqty'

2018-05-30 14:38:20 - [TEST_STEP][PASSED] - click: Object: 'Object Repository/Emergency/Page_Store/button_Add' is clicked on

2018-05-30 14:38:20 - [MESSAGE][PASSED] - Object: 'Object Repository/Emergency/Page_Store/button_Add' is clicked on

2018-05-30 14:38:20 - [TEST_STEP][PASSED] - Statement - Break: null

2018-05-30 14:38:20 - [TEST_STEP][PASSED] - selectOptionByIndex: All options with index in [7] are selected on object 'Object Repository/Emergency/Page_Store/select_--Select--Amikacin -500'

2018-05-30 14:38:20 - [MESSAGE][PASSED] - All options with index in [7] are selected on object 'Object Repository/Emergency/Page_Store/select_--Select--Amikacin -500'

2018-05-30 14:38:20 - [TEST_STEP][PASSED] - delay: Delayed 1 second(s)

2018-05-30 14:38:21 - [MESSAGE][PASSED] - Delayed 1 second(s)

2018-05-30 14:38:21 - [TEST_STEP][PASSED] - Statement - RequestedQty = com.kms.katalon.core.webui.keyword.WebUiBuiltInKeywords.getAttribute(com.kms.katalon.core.testobject.ObjectRepository.findTestObject(Emergency/Page_Store/input_txttotal), "value"): Attribute 'value' of object 'Object Repository/Emergency/Page_Store/input_txttotal' is: '10'

2018-05-30 14:38:21 - [MESSAGE][PASSED] - Attribute 'value' of object 'Object Repository/Emergency/Page_Store/input_txttotal' is: '10'

2018-05-30 14:38:21 - [TEST_STEP][PASSED] - Statement - out.println("Requested QTY : " + RequestedQty): null

2018-05-30 14:38:21 - [TEST_STEP][PASSED] - Statement - BatchNumber = com.kms.katalon.core.webui.keyword.WebUiBuiltInKeywords.getNumberOfTotalOption(com.kms.katalon.core.testobject.ObjectRepository.findTestObject(Emergency/Page_Store/select_--Select--BA1150BA4110)): 4 options of object 'Object Repository/Emergency/Page_Store/select_--Select--BA1150BA4110' counted

2018-05-30 14:38:21 - [MESSAGE][PASSED] - 4 options of object 'Object Repository/Emergency/Page_Store/select_--Select--BA1150BA4110' counted

2018-05-30 14:38:21 - [TEST_STEP][PASSED] - Statement - For ([g = 1, g <= BatchNumber - 1, (g++)]): null

2018-05-30 14:38:21 - [TEST_STEP][PASSED] - selectOptionByIndex: All options with index in [1] are selected on object 'Object Repository/Emergency/Page_Store/select_--Select--BA1150BA4110'

2018-05-30 14:38:21 - [MESSAGE][PASSED] - All options with index in [1] are selected on object 'Object Repository/Emergency/Page_Store/select_--Select--BA1150BA4110'

2018-05-30 14:38:21 - [TEST_STEP][PASSED] - delay: Delayed 2 second(s)

2018-05-30 14:38:23 - [MESSAGE][PASSED] - Delayed 2 second(s)

2018-05-30 14:38:23 - [TEST_STEP][PASSED] - Statement - Try: null

2018-05-30 14:38:23 - [TEST_STEP][PASSED] - Statement - StockQty = com.kms.katalon.core.webui.keyword.WebUiBuiltInKeywords.getAttribute(com.kms.katalon.core.testobject.ObjectRepository.findTestObject(Emergency/Page_Store/input_txtprice), "value"): Attribute 'value' of object 'Object Repository/Emergency/Page_Store/input_txtprice' is: '340'

2018-05-30 14:38:24 - [MESSAGE][PASSED] - Attribute 'value' of object 'Object Repository/Emergency/Page_Store/input_txtprice' is: '340'

2018-05-30 14:38:24 - [TEST_STEP][PASSED] - Statement - out.println("Stock QTY : " + StockQty): null

2018-05-30 14:38:24 - [TEST_STEP][PASSED] - delay: Delayed 2 second(s)

2018-05-30 14:38:26 - [MESSAGE][PASSED] - Delayed 2 second(s)

2018-05-30 14:38:26 - [TEST_STEP][PASSED] - Statement - If (java.lang.Integer.valueOf(StockQty) >= java.lang.Integer.valueOf(RequestedQty)): null

2018-05-30 14:38:26 - [TEST_STEP][PASSED] - delay: Delayed 1 second(s)

2018-05-30 14:38:27 - [MESSAGE][PASSED] - Delayed 1 second(s)

2018-05-30 14:38:27 - [TEST_STEP][PASSED] - setText: Text '10' is set on object 'Object Repository/Emergency/Page_Store/input_txtqty'

2018-05-30 14:38:27 - [MESSAGE][PASSED] - Text '10' is set on object 'Object Repository/Emergency/Page_Store/input_txtqty'

2018-05-30 14:38:27 - [TEST_STEP][PASSED] - click: Object: 'Object Repository/Emergency/Page_Store/button_Add' is clicked on

2018-05-30 14:38:27 - [MESSAGE][PASSED] - Object: 'Object Repository/Emergency/Page_Store/button_Add' is clicked on

2018-05-30 14:38:27 - [TEST_STEP][PASSED] - Statement - Break: null

2018-05-30 14:38:27 - [TEST_STEP][PASSED] - selectOptionByIndex: All options with index in [8] are selected on object 'Object Repository/Emergency/Page_Store/select_--Select--Amikacin -500'

2018-05-30 14:38:27 - [MESSAGE][PASSED] - All options with index in [8] are selected on object 'Object Repository/Emergency/Page_Store/select_--Select--Amikacin -500'

2018-05-30 14:38:27 - [TEST_STEP][PASSED] - delay: Delayed 1 second(s)

2018-05-30 14:38:28 - [MESSAGE][PASSED] - Delayed 1 second(s)

2018-05-30 14:38:28 - [TEST_STEP][PASSED] - Statement - RequestedQty = com.kms.katalon.core.webui.keyword.WebUiBuiltInKeywords.getAttribute(com.kms.katalon.core.testobject.ObjectRepository.findTestObject(Emergency/Page_Store/input_txttotal), "value"): Attribute 'value' of object 'Object Repository/Emergency/Page_Store/input_txttotal' is: '10'

2018-05-30 14:38:28 - [MESSAGE][PASSED] - Attribute 'value' of object 'Object Repository/Emergency/Page_Store/input_txttotal' is: '10'

2018-05-30 14:38:28 - [TEST_STEP][PASSED] - Statement - out.println("Requested QTY : " + RequestedQty): null

2018-05-30 14:38:28 - [TEST_STEP][PASSED] - Statement - BatchNumber = com.kms.katalon.core.webui.keyword.WebUiBuiltInKeywords.getNumberOfTotalOption(com.kms.katalon.core.testobject.ObjectRepository.findTestObject(Emergency/Page_Store/select_--Select--BA1150BA4110)): 5 options of object 'Object Repository/Emergency/Page_Store/select_--Select--BA1150BA4110' counted

2018-05-30 14:38:28 - [MESSAGE][PASSED] - 5 options of object 'Object Repository/Emergency/Page_Store/select_--Select--BA1150BA4110' counted

2018-05-30 14:38:28 - [TEST_STEP][PASSED] - Statement - For ([g = 1, g <= BatchNumber - 1, (g++)]): null

2018-05-30 14:38:28 - [TEST_STEP][PASSED] - selectOptionByIndex: All options with index in [1] are selected on object 'Object Repository/Emergency/Page_Store/select_--Select--BA1150BA4110'

2018-05-30 14:38:28 - [MESSAGE][PASSED] - All options with index in [1] are selected on object 'Object Repository/Emergency/Page_Store/select_--Select--BA1150BA4110'

2018-05-30 14:38:28 - [TEST_STEP][PASSED] - delay: Delayed 2 second(s)

2018-05-30 14:38:30 - [MESSAGE][PASSED] - Delayed 2 second(s)

2018-05-30 14:38:30 - [TEST_STEP][PASSED] - Statement - Try: null

2018-05-30 14:38:30 - [TEST_STEP][PASSED] - Statement - StockQty = com.kms.katalon.core.webui.keyword.WebUiBuiltInKeywords.getAttribute(com.kms.katalon.core.testobject.ObjectRepository.findTestObject(Emergency/Page_Store/input_txtprice), "value"): Attribute 'value' of object 'Object Repository/Emergency/Page_Store/input_txtprice' is: '340'

2018-05-30 14:38:30 - [MESSAGE][PASSED] - Attribute 'value' of object 'Object Repository/Emergency/Page_Store/input_txtprice' is: '340'

2018-05-30 14:38:30 - [TEST_STEP][PASSED] - Statement - out.println("Stock QTY : " + StockQty): null

2018-05-30 14:38:30 - [TEST_STEP][PASSED] - delay: Delayed 2 second(s)

2018-05-30 14:38:32 - [MESSAGE][PASSED] - Delayed 2 second(s)

2018-05-30 14:38:32 - [TEST_STEP][PASSED] - Statement - If (java.lang.Integer.valueOf(StockQty) >= java.lang.Integer.valueOf(RequestedQty)): null

2018-05-30 14:38:32 - [TEST_STEP][PASSED] - delay: Delayed 1 second(s)

2018-05-30 14:38:33 - [MESSAGE][PASSED] - Delayed 1 second(s)

2018-05-30 14:38:33 - [TEST_STEP][PASSED] - setText: Text '10' is set on object 'Object Repository/Emergency/Page_Store/input_txtqty'

2018-05-30 14:38:33 - [MESSAGE][PASSED] - Text '10' is set on object 'Object Repository/Emergency/Page_Store/input_txtqty'

2018-05-30 14:38:33 - [TEST_STEP][PASSED] - click: Object: 'Object Repository/Emergency/Page_Store/button_Add' is clicked on

2018-05-30 14:38:33 - [MESSAGE][PASSED] - Object: 'Object Repository/Emergency/Page_Store/button_Add' is clicked on

2018-05-30 14:38:33 - [TEST_STEP][PASSED] - Statement - Break: null

2018-05-30 14:38:33 - [TEST_STEP][PASSED] - selectOptionByIndex: All options with index in [9] are selected on object 'Object Repository/Emergency/Page_Store/select_--Select--Amikacin -500'

2018-05-30 14:38:34 - [MESSAGE][PASSED] - All options with index in [9] are selected on object 'Object Repository/Emergency/Page_Store/select_--Select--Amikacin -500'

2018-05-30 14:38:34 - [TEST_STEP][PASSED] - delay: Delayed 1 second(s)

2018-05-30 14:38:35 - [MESSAGE][PASSED] - Delayed 1 second(s)

2018-05-30 14:38:35 - [TEST_STEP][PASSED] - Statement - RequestedQty = com.kms.katalon.core.webui.keyword.WebUiBuiltInKeywords.getAttribute(com.kms.katalon.core.testobject.ObjectRepository.findTestObject(Emergency/Page_Store/input_txttotal), "value"): Attribute 'value' of object 'Object Repository/Emergency/Page_Store/input_txttotal' is: '10'

2018-05-30 14:38:35 - [MESSAGE][PASSED] - Attribute 'value' of object 'Object Repository/Emergency/Page_Store/input_txttotal' is: '10'

2018-05-30 14:38:35 - [TEST_STEP][PASSED] - Statement - out.println("Requested QTY : " + RequestedQty): null

2018-05-30 14:38:35 - [TEST_STEP][PASSED] - Statement - BatchNumber = com.kms.katalon.core.webui.keyword.WebUiBuiltInKeywords.getNumberOfTotalOption(com.kms.katalon.core.testobject.ObjectRepository.findTestObject(Emergency/Page_Store/select_--Select--BA1150BA4110)): 4 options of object 'Object Repository/Emergency/Page_Store/select_--Select--BA1150BA4110' counted

2018-05-30 14:38:35 - [MESSAGE][PASSED] - 4 options of object 'Object Repository/Emergency/Page_Store/select_--Select--BA1150BA4110' counted

2018-05-30 14:38:35 - [TEST_STEP][PASSED] - Statement - For ([g = 1, g <= BatchNumber - 1, (g++)]): null

2018-05-30 14:38:35 - [TEST_STEP][PASSED] - selectOptionByIndex: All options with index in [1] are selected on object 'Object Repository/Emergency/Page_Store/select_--Select--BA1150BA4110'

2018-05-30 14:38:35 - [MESSAGE][PASSED] - All options with index in [1] are selected on object 'Object Repository/Emergency/Page_Store/select_--Select--BA1150BA4110'

2018-05-30 14:38:35 - [TEST_STEP][PASSED] - delay: Delayed 2 second(s)

2018-05-30 14:38:37 - [MESSAGE][PASSED] - Delayed 2 second(s)

2018-05-30 14:38:37 - [TEST_STEP][PASSED] - Statement - Try: null

2018-05-30 14:38:37 - [TEST_STEP][PASSED] - Statement - StockQty = com.kms.katalon.core.webui.keyword.WebUiBuiltInKeywords.getAttribute(com.kms.katalon.core.testobject.ObjectRepository.findTestObject(Emergency/Page_Store/input_txtprice), "value"): Attribute 'value' of object 'Object Repository/Emergency/Page_Store/input_txtprice' is: '340'

2018-05-30 14:38:37 - [MESSAGE][PASSED] - Attribute 'value' of object 'Object Repository/Emergency/Page_Store/input_txtprice' is: '340'

2018-05-30 14:38:37 - [TEST_STEP][PASSED] - Statement - out.println("Stock QTY : " + StockQty): null

2018-05-30 14:38:37 - [TEST_STEP][PASSED] - delay: Delayed 2 second(s)

2018-05-30 14:38:39 - [MESSAGE][PASSED] - Delayed 2 second(s)

2018-05-30 14:38:39 - [TEST_STEP][PASSED] - Statement - If (java.lang.Integer.valueOf(StockQty) >= java.lang.Integer.valueOf(RequestedQty)): null

2018-05-30 14:38:39 - [TEST_STEP][PASSED] - delay: Delayed 1 second(s)

2018-05-30 14:38:40 - [MESSAGE][PASSED] - Delayed 1 second(s)

2018-05-30 14:38:40 - [TEST_STEP][PASSED] - setText: Text '10' is set on object 'Object Repository/Emergency/Page_Store/input_txtqty'

2018-05-30 14:38:40 - [MESSAGE][PASSED] - Text '10' is set on object 'Object Repository/Emergency/Page_Store/input_txtqty'

2018-05-30 14:38:40 - [TEST_STEP][PASSED] - click: Object: 'Object Repository/Emergency/Page_Store/button_Add' is clicked on

2018-05-30 14:38:40 - [MESSAGE][PASSED] - Object: 'Object Repository/Emergency/Page_Store/button_Add' is clicked on

2018-05-30 14:38:40 - [TEST_STEP][PASSED] - Statement - Break: null

2018-05-30 14:38:40 - [TEST_STEP][PASSED] - selectOptionByIndex: All options with index in [10] are selected on object 'Object Repository/Emergency/Page_Store/select_--Select--Amikacin -500'

2018-05-30 14:38:40 - [MESSAGE][PASSED] - All options with index in [10] are selected on object 'Object Repository/Emergency/Page_Store/select_--Select--Amikacin -500'

2018-05-30 14:38:40 - [TEST_STEP][PASSED] - delay: Delayed 1 second(s)

2018-05-30 14:38:41 - [MESSAGE][PASSED] - Delayed 1 second(s)

2018-05-30 14:38:41 - [TEST_STEP][PASSED] - Statement - RequestedQty = com.kms.katalon.core.webui.keyword.WebUiBuiltInKeywords.getAttribute(com.kms.katalon.core.testobject.ObjectRepository.findTestObject(Emergency/Page_Store/input_txttotal), "value"): Attribute 'value' of object 'Object Repository/Emergency/Page_Store/input_txttotal' is: '10'

2018-05-30 14:38:41 - [MESSAGE][PASSED] - Attribute 'value' of object 'Object Repository/Emergency/Page_Store/input_txttotal' is: '10'

2018-05-30 14:38:41 - [TEST_STEP][PASSED] - Statement - out.println("Requested QTY : " + RequestedQty): null

2018-05-30 14:38:41 - [TEST_STEP][PASSED] - Statement - BatchNumber = com.kms.katalon.core.webui.keyword.WebUiBuiltInKeywords.getNumberOfTotalOption(com.kms.katalon.core.testobject.ObjectRepository.findTestObject(Emergency/Page_Store/select_--Select--BA1150BA4110)): 4 options of object 'Object Repository/Emergency/Page_Store/select_--Select--BA1150BA4110' counted

2018-05-30 14:38:41 - [MESSAGE][PASSED] - 4 options of object 'Object Repository/Emergency/Page_Store/select_--Select--BA1150BA4110' counted

2018-05-30 14:38:41 - [TEST_STEP][PASSED] - Statement - For ([g = 1, g <= BatchNumber - 1, (g++)]): null

2018-05-30 14:38:41 - [TEST_STEP][PASSED] - selectOptionByIndex: All options with index in [1] are selected on object 'Object Repository/Emergency/Page_Store/select_--Select--BA1150BA4110'

2018-05-30 14:38:41 - [MESSAGE][PASSED] - All options with index in [1] are selected on object 'Object Repository/Emergency/Page_Store/select_--Select--BA1150BA4110'

2018-05-30 14:38:41 - [TEST_STEP][PASSED] - delay: Delayed 2 second(s)

2018-05-30 14:38:43 - [MESSAGE][PASSED] - Delayed 2 second(s)

2018-05-30 14:38:43 - [TEST_STEP][PASSED] - Statement - Try: null

2018-05-30 14:38:43 - [TEST_STEP][PASSED] - Statement - StockQty = com.kms.katalon.core.webui.keyword.WebUiBuiltInKeywords.getAttribute(com.kms.katalon.core.testobject.ObjectRepository.findTestObject(Emergency/Page_Store/input_txtprice), "value"): Attribute 'value' of object 'Object Repository/Emergency/Page_Store/input_txtprice' is: '340'

2018-05-30 14:38:43 - [MESSAGE][PASSED] - Attribute 'value' of object 'Object Repository/Emergency/Page_Store/input_txtprice' is: '340'

2018-05-30 14:38:43 - [TEST_STEP][PASSED] - Statement - out.println("Stock QTY : " + StockQty): null

2018-05-30 14:38:43 - [TEST_STEP][PASSED] - delay: Delayed 2 second(s)

2018-05-30 14:38:45 - [MESSAGE][PASSED] - Delayed 2 second(s)

2018-05-30 14:38:45 - [TEST_STEP][PASSED] - Statement - If (java.lang.Integer.valueOf(StockQty) >= java.lang.Integer.valueOf(RequestedQty)): null

2018-05-30 14:38:45 - [TEST_STEP][PASSED] - delay: Delayed 1 second(s)

2018-05-30 14:38:46 - [MESSAGE][PASSED] - Delayed 1 second(s)

2018-05-30 14:38:46 - [TEST_STEP][PASSED] - setText: Text '10' is set on object 'Object Repository/Emergency/Page_Store/input_txtqty'

2018-05-30 14:38:47 - [MESSAGE][PASSED] - Text '10' is set on object 'Object Repository/Emergency/Page_Store/input_txtqty'

2018-05-30 14:38:47 - [TEST_STEP][PASSED] - click: Object: 'Object Repository/Emergency/Page_Store/button_Add' is clicked on

2018-05-30 14:38:47 - [MESSAGE][PASSED] - Object: 'Object Repository/Emergency/Page_Store/button_Add' is clicked on

2018-05-30 14:38:47 - [TEST_STEP][PASSED] - Statement - Break: null

2018-05-30 14:38:47 - [TEST_STEP][PASSED] - selectOptionByIndex: All options with index in [11] are selected on object 'Object Repository/Emergency/Page_Store/select_--Select--Amikacin -500'

2018-05-30 14:38:47 - [MESSAGE][PASSED] - All options with index in [11] are selected on object 'Object Repository/Emergency/Page_Store/select_--Select--Amikacin -500'

2018-05-30 14:38:47 - [TEST_STEP][PASSED] - delay: Delayed 1 second(s)

2018-05-30 14:38:48 - [MESSAGE][PASSED] - Delayed 1 second(s)

2018-05-30 14:38:48 - [TEST_STEP][PASSED] - Statement - RequestedQty = com.kms.katalon.core.webui.keyword.WebUiBuiltInKeywords.getAttribute(com.kms.katalon.core.testobject.ObjectRepository.findTestObject(Emergency/Page_Store/input_txttotal), "value"): Attribute 'value' of object 'Object Repository/Emergency/Page_Store/input_txttotal' is: '10'

2018-05-30 14:38:48 - [MESSAGE][PASSED] - Attribute 'value' of object 'Object Repository/Emergency/Page_Store/input_txttotal' is: '10'

2018-05-30 14:38:48 - [TEST_STEP][PASSED] - Statement - out.println("Requested QTY : " + RequestedQty): null

2018-05-30 14:38:48 - [TEST_STEP][PASSED] - Statement - BatchNumber = com.kms.katalon.core.webui.keyword.WebUiBuiltInKeywords.getNumberOfTotalOption(com.kms.katalon.core.testobject.ObjectRepository.findTestObject(Emergency/Page_Store/select_--Select--BA1150BA4110)): 4 options of object 'Object Repository/Emergency/Page_Store/select_--Select--BA1150BA4110' counted

2018-05-30 14:38:48 - [MESSAGE][PASSED] - 4 options of object 'Object Repository/Emergency/Page_Store/select_--Select--BA1150BA4110' counted

2018-05-30 14:38:48 - [TEST_STEP][PASSED] - Statement - For ([g = 1, g <= BatchNumber - 1, (g++)]): null

2018-05-30 14:38:48 - [TEST_STEP][PASSED] - selectOptionByIndex: All options with index in [1] are selected on object 'Object Repository/Emergency/Page_Store/select_--Select--BA1150BA4110'

2018-05-30 14:38:48 - [MESSAGE][PASSED] - All options with index in [1] are selected on object 'Object Repository/Emergency/Page_Store/select_--Select--BA1150BA4110'

2018-05-30 14:38:48 - [TEST_STEP][PASSED] - delay: Delayed 2 second(s)

2018-05-30 14:38:50 - [MESSAGE][PASSED] - Delayed 2 second(s)

2018-05-30 14:38:50 - [TEST_STEP][PASSED] - Statement - Try: null

2018-05-30 14:38:50 - [TEST_STEP][PASSED] - Statement - StockQty = com.kms.katalon.core.webui.keyword.WebUiBuiltInKeywords.getAttribute(com.kms.katalon.core.testobject.ObjectRepository.findTestObject(Emergency/Page_Store/input_txtprice), "value"): Attribute 'value' of object 'Object Repository/Emergency/Page_Store/input_txtprice' is: '1280'

2018-05-30 14:38:50 - [MESSAGE][PASSED] - Attribute 'value' of object 'Object Repository/Emergency/Page_Store/input_txtprice' is: '1280'

2018-05-30 14:38:50 - [TEST_STEP][PASSED] - Statement - out.println("Stock QTY : " + StockQty): null

2018-05-30 14:38:50 - [TEST_STEP][PASSED] - delay: Delayed 2 second(s)

2018-05-30 14:38:52 - [MESSAGE][PASSED] - Delayed 2 second(s)

2018-05-30 14:38:52 - [TEST_STEP][PASSED] - Statement - If (java.lang.Integer.valueOf(StockQty) >= java.lang.Integer.valueOf(RequestedQty)): null

2018-05-30 14:38:52 - [TEST_STEP][PASSED] - delay: Delayed 1 second(s)

2018-05-30 14:38:53 - [MESSAGE][PASSED] - Delayed 1 second(s)

2018-05-30 14:38:53 - [TEST_STEP][PASSED] - setText: Text '10' is set on object 'Object Repository/Emergency/Page_Store/input_txtqty'

2018-05-30 14:38:53 - [MESSAGE][PASSED] - Text '10' is set on object 'Object Repository/Emergency/Page_Store/input_txtqty'

2018-05-30 14:38:53 - [TEST_STEP][PASSED] - click: Object: 'Object Repository/Emergency/Page_Store/button_Add' is clicked on

2018-05-30 14:38:53 - [MESSAGE][PASSED] - Object: 'Object Repository/Emergency/Page_Store/button_Add' is clicked on

2018-05-30 14:38:53 - [TEST_STEP][PASSED] - Statement - Break: null

2018-05-30 14:38:53 - [TEST_STEP][PASSED] - selectOptionByIndex: All options with index in [12] are selected on object 'Object Repository/Emergency/Page_Store/select_--Select--Amikacin -500'

2018-05-30 14:38:54 - [MESSAGE][PASSED] - All options with index in [12] are selected on object 'Object Repository/Emergency/Page_Store/select_--Select--Amikacin -500'

2018-05-30 14:38:54 - [TEST_STEP][PASSED] - delay: Delayed 1 second(s)

2018-05-30 14:38:55 - [MESSAGE][PASSED] - Delayed 1 second(s)

2018-05-30 14:38:55 - [TEST_STEP][PASSED] - Statement - RequestedQty = com.kms.katalon.core.webui.keyword.WebUiBuiltInKeywords.getAttribute(com.kms.katalon.core.testobject.ObjectRepository.findTestObject(Emergency/Page_Store/input_txttotal), "value"): Attribute 'value' of object 'Object Repository/Emergency/Page_Store/input_txttotal' is: '10'

2018-05-30 14:38:55 - [MESSAGE][PASSED] - Attribute 'value' of object 'Object Repository/Emergency/Page_Store/input_txttotal' is: '10'

2018-05-30 14:38:55 - [TEST_STEP][PASSED] - Statement - out.println("Requested QTY : " + RequestedQty): null

2018-05-30 14:38:55 - [TEST_STEP][PASSED] - Statement - BatchNumber = com.kms.katalon.core.webui.keyword.WebUiBuiltInKeywords.getNumberOfTotalOption(com.kms.katalon.core.testobject.ObjectRepository.findTestObject(Emergency/Page_Store/select_--Select--BA1150BA4110)): 3 options of object 'Object Repository/Emergency/Page_Store/select_--Select--BA1150BA4110' counted

2018-05-30 14:38:55 - [MESSAGE][PASSED] - 3 options of object 'Object Repository/Emergency/Page_Store/select_--Select--BA1150BA4110' counted

2018-05-30 14:38:55 - [TEST_STEP][PASSED] - Statement - For ([g = 1, g <= BatchNumber - 1, (g++)]): null

2018-05-30 14:38:55 - [TEST_STEP][PASSED] - selectOptionByIndex: All options with index in [1] are selected on object 'Object Repository/Emergency/Page_Store/select_--Select--BA1150BA4110'

2018-05-30 14:38:55 - [MESSAGE][PASSED] - All options with index in [1] are selected on object 'Object Repository/Emergency/Page_Store/select_--Select--BA1150BA4110'

2018-05-30 14:38:55 - [TEST_STEP][PASSED] - delay: Delayed 2 second(s)

2018-05-30 14:38:57 - [MESSAGE][PASSED] - Delayed 2 second(s)

2018-05-30 14:38:57 - [TEST_STEP][PASSED] - Statement - Try: null

2018-05-30 14:38:57 - [TEST_STEP][PASSED] - Statement - StockQty = com.kms.katalon.core.webui.keyword.WebUiBuiltInKeywords.getAttribute(com.kms.katalon.core.testobject.ObjectRepository.findTestObject(Emergency/Page_Store/input_txtprice), "value"): Attribute 'value' of object 'Object Repository/Emergency/Page_Store/input_txtprice' is: '1380'

2018-05-30 14:38:57 - [MESSAGE][PASSED] - Attribute 'value' of object 'Object Repository/Emergency/Page_Store/input_txtprice' is: '1380'

2018-05-30 14:38:57 - [TEST_STEP][PASSED] - Statement - out.println("Stock QTY : " + StockQty): null

2018-05-30 14:38:57 - [TEST_STEP][PASSED] - delay: Delayed 2 second(s)

2018-05-30 14:38:59 - [MESSAGE][PASSED] - Delayed 2 second(s)

2018-05-30 14:38:59 - [TEST_STEP][PASSED] - Statement - If (java.lang.Integer.valueOf(StockQty) >= java.lang.Integer.valueOf(RequestedQty)): null

2018-05-30 14:38:59 - [TEST_STEP][PASSED] - delay: Delayed 1 second(s)

2018-05-30 14:39:00 - [MESSAGE][PASSED] - Delayed 1 second(s)

2018-05-30 14:39:00 - [TEST_STEP][PASSED] - setText: Text '10' is set on object 'Object Repository/Emergency/Page_Store/input_txtqty'

2018-05-30 14:39:00 - [MESSAGE][PASSED] - Text '10' is set on object 'Object Repository/Emergency/Page_Store/input_txtqty'

2018-05-30 14:39:00 - [TEST_STEP][PASSED] - click: Object: 'Object Repository/Emergency/Page_Store/button_Add' is clicked on

2018-05-30 14:39:00 - [MESSAGE][PASSED] - Object: 'Object Repository/Emergency/Page_Store/button_Add' is clicked on

2018-05-30 14:39:00 - [TEST_STEP][PASSED] - Statement - Break: null

2018-05-30 14:39:00 - [TEST_STEP][PASSED] - selectOptionByIndex: All options with index in [13] are selected on object 'Object Repository/Emergency/Page_Store/select_--Select--Amikacin -500'

2018-05-30 14:39:00 - [MESSAGE][PASSED] - All options with index in [13] are selected on object 'Object Repository/Emergency/Page_Store/select_--Select--Amikacin -500'

2018-05-30 14:39:00 - [TEST_STEP][PASSED] - delay: Delayed 1 second(s)

2018-05-30 14:39:01 - [MESSAGE][PASSED] - Delayed 1 second(s)

2018-05-30 14:39:01 - [TEST_STEP][PASSED] - Statement - RequestedQty = com.kms.katalon.core.webui.keyword.WebUiBuiltInKeywords.getAttribute(com.kms.katalon.core.testobject.ObjectRepository.findTestObject(Emergency/Page_Store/input_txttotal), "value"): Attribute 'value' of object 'Object Repository/Emergency/Page_Store/input_txttotal' is: '10'

2018-05-30 14:39:01 - [MESSAGE][PASSED] - Attribute 'value' of object 'Object Repository/Emergency/Page_Store/input_txttotal' is: '10'

2018-05-30 14:39:01 - [TEST_STEP][PASSED] - Statement - out.println("Requested QTY : " + RequestedQty): null

2018-05-30 14:39:01 - [TEST_STEP][PASSED] - Statement - BatchNumber = com.kms.katalon.core.webui.keyword.WebUiBuiltInKeywords.getNumberOfTotalOption(com.kms.katalon.core.testobject.ObjectRepository.findTestObject(Emergency/Page_Store/select_--Select--BA1150BA4110)): 4 options of object 'Object Repository/Emergency/Page_Store/select_--Select--BA1150BA4110' counted

2018-05-30 14:39:01 - [MESSAGE][PASSED] - 4 options of object 'Object Repository/Emergency/Page_Store/select_--Select--BA1150BA4110' counted

2018-05-30 14:39:01 - [TEST_STEP][PASSED] - Statement - For ([g = 1, g <= BatchNumber - 1, (g++)]): null

2018-05-30 14:39:01 - [TEST_STEP][PASSED] - selectOptionByIndex: All options with index in [1] are selected on object 'Object Repository/Emergency/Page_Store/select_--Select--BA1150BA4110'

2018-05-30 14:39:01 - [MESSAGE][PASSED] - All options with index in [1] are selected on object 'Object Repository/Emergency/Page_Store/select_--Select--BA1150BA4110'

2018-05-30 14:39:01 - [TEST_STEP][PASSED] - delay: Delayed 2 second(s)

2018-05-30 14:39:03 - [MESSAGE][PASSED] - Delayed 2 second(s)

2018-05-30 14:39:03 - [TEST_STEP][PASSED] - Statement - Try: null

2018-05-30 14:39:03 - [TEST_STEP][PASSED] - Statement - StockQty = com.kms.katalon.core.webui.keyword.WebUiBuiltInKeywords.getAttribute(com.kms.katalon.core.testobject.ObjectRepository.findTestObject(Emergency/Page_Store/input_txtprice), "value"): Attribute 'value' of object 'Object Repository/Emergency/Page_Store/input_txtprice' is: '340'

2018-05-30 14:39:03 - [MESSAGE][PASSED] - Attribute 'value' of object 'Object Repository/Emergency/Page_Store/input_txtprice' is: '340'

2018-05-30 14:39:03 - [TEST_STEP][PASSED] - Statement - out.println("Stock QTY : " + StockQty): null

2018-05-30 14:39:03 - [TEST_STEP][PASSED] - delay: Delayed 2 second(s)

2018-05-30 14:39:05 - [MESSAGE][PASSED] - Delayed 2 second(s)

2018-05-30 14:39:05 - [TEST_STEP][PASSED] - Statement - If (java.lang.Integer.valueOf(StockQty) >= java.lang.Integer.valueOf(RequestedQty)): null

2018-05-30 14:39:05 - [TEST_STEP][PASSED] - delay: Delayed 1 second(s)

2018-05-30 14:39:06 - [MESSAGE][PASSED] - Delayed 1 second(s)

2018-05-30 14:39:06 - [TEST_STEP][PASSED] - setText: Text '10' is set on object 'Object Repository/Emergency/Page_Store/input_txtqty'

2018-05-30 14:39:07 - [MESSAGE][PASSED] - Text '10' is set on object 'Object Repository/Emergency/Page_Store/input_txtqty'

2018-05-30 14:39:07 - [TEST_STEP][PASSED] - click: Object: 'Object Repository/Emergency/Page_Store/button_Add' is clicked on

2018-05-30 14:39:07 - [MESSAGE][PASSED] - Object: 'Object Repository/Emergency/Page_Store/button_Add' is clicked on

2018-05-30 14:39:07 - [TEST_STEP][PASSED] - Statement - Break: null

2018-05-30 14:39:07 - [TEST_STEP][PASSED] - selectOptionByIndex: All options with index in [14] are selected on object 'Object Repository/Emergency/Page_Store/select_--Select--Amikacin -500'

2018-05-30 14:39:07 - [MESSAGE][PASSED] - All options with index in [14] are selected on object 'Object Repository/Emergency/Page_Store/select_--Select--Amikacin -500'

2018-05-30 14:39:07 - [TEST_STEP][PASSED] - delay: Delayed 1 second(s)

2018-05-30 14:39:08 - [MESSAGE][PASSED] - Delayed 1 second(s)

2018-05-30 14:39:08 - [TEST_STEP][PASSED] - Statement - RequestedQty = com.kms.katalon.core.webui.keyword.WebUiBuiltInKeywords.getAttribute(com.kms.katalon.core.testobject.ObjectRepository.findTestObject(Emergency/Page_Store/input_txttotal), "value"): Attribute 'value' of object 'Object Repository/Emergency/Page_Store/input_txttotal' is: '10'

2018-05-30 14:39:08 - [MESSAGE][PASSED] - Attribute 'value' of object 'Object Repository/Emergency/Page_Store/input_txttotal' is: '10'

2018-05-30 14:39:08 - [TEST_STEP][PASSED] - Statement - out.println("Requested QTY : " + RequestedQty): null

2018-05-30 14:39:08 - [TEST_STEP][PASSED] - Statement - BatchNumber = com.kms.katalon.core.webui.keyword.WebUiBuiltInKeywords.getNumberOfTotalOption(com.kms.katalon.core.testobject.ObjectRepository.findTestObject(Emergency/Page_Store/select_--Select--BA1150BA4110)): 5 options of object 'Object Repository/Emergency/Page_Store/select_--Select--BA1150BA4110' counted

2018-05-30 14:39:08 - [MESSAGE][PASSED] - 5 options of object 'Object Repository/Emergency/Page_Store/select_--Select--BA1150BA4110' counted

2018-05-30 14:39:08 - [TEST_STEP][PASSED] - Statement - For ([g = 1, g <= BatchNumber - 1, (g++)]): null

2018-05-30 14:39:08 - [TEST_STEP][PASSED] - selectOptionByIndex: All options with index in [1] are selected on object 'Object Repository/Emergency/Page_Store/select_--Select--BA1150BA4110'

2018-05-30 14:39:08 - [MESSAGE][PASSED] - All options with index in [1] are selected on object 'Object Repository/Emergency/Page_Store/select_--Select--BA1150BA4110'

2018-05-30 14:39:08 - [TEST_STEP][PASSED] - delay: Delayed 2 second(s)

2018-05-30 14:39:10 - [MESSAGE][PASSED] - Delayed 2 second(s)

2018-05-30 14:39:10 - [TEST_STEP][PASSED] - Statement - Try: null

2018-05-30 14:39:10 - [TEST_STEP][PASSED] - Statement - StockQty = com.kms.katalon.core.webui.keyword.WebUiBuiltInKeywords.getAttribute(com.kms.katalon.core.testobject.ObjectRepository.findTestObject(Emergency/Page_Store/input_txtprice), "value"): Attribute 'value' of object 'Object Repository/Emergency/Page_Store/input_txtprice' is: '340'

2018-05-30 14:39:10 - [MESSAGE][PASSED] - Attribute 'value' of object 'Object Repository/Emergency/Page_Store/input_txtprice' is: '340'

2018-05-30 14:39:10 - [TEST_STEP][PASSED] - Statement - out.println("Stock QTY : " + StockQty): null

2018-05-30 14:39:10 - [TEST_STEP][PASSED] - delay: Delayed 2 second(s)

2018-05-30 14:39:12 - [MESSAGE][PASSED] - Delayed 2 second(s)

2018-05-30 14:39:12 - [TEST_STEP][PASSED] - Statement - If (java.lang.Integer.valueOf(StockQty) >= java.lang.Integer.valueOf(RequestedQty)): null

2018-05-30 14:39:12 - [TEST_STEP][PASSED] - delay: Delayed 1 second(s)

2018-05-30 14:39:13 - [MESSAGE][PASSED] - Delayed 1 second(s)

2018-05-30 14:39:13 - [TEST_STEP][PASSED] - setText: Text '10' is set on object 'Object Repository/Emergency/Page_Store/input_txtqty'

2018-05-30 14:39:13 - [MESSAGE][PASSED] - Text '10' is set on object 'Object Repository/Emergency/Page_Store/input_txtqty'

2018-05-30 14:39:13 - [TEST_STEP][PASSED] - click: Object: 'Object Repository/Emergency/Page_Store/button_Add' is clicked on

2018-05-30 14:39:13 - [MESSAGE][PASSED] - Object: 'Object Repository/Emergency/Page_Store/button_Add' is clicked on

2018-05-30 14:39:13 - [TEST_STEP][PASSED] - Statement - Break: null

2018-05-30 14:39:13 - [TEST_STEP][PASSED] - selectOptionByIndex: All options with index in [15] are selected on object 'Object Repository/Emergency/Page_Store/select_--Select--Amikacin -500'

2018-05-30 14:39:14 - [MESSAGE][PASSED] - All options with index in [15] are selected on object 'Object Repository/Emergency/Page_Store/select_--Select--Amikacin -500'

2018-05-30 14:39:14 - [TEST_STEP][PASSED] - delay: Delayed 1 second(s)

2018-05-30 14:39:15 - [MESSAGE][PASSED] - Delayed 1 second(s)

2018-05-30 14:39:15 - [TEST_STEP][PASSED] - Statement - RequestedQty = com.kms.katalon.core.webui.keyword.WebUiBuiltInKeywords.getAttribute(com.kms.katalon.core.testobject.ObjectRepository.findTestObject(Emergency/Page_Store/input_txttotal), "value"): Attribute 'value' of object 'Object Repository/Emergency/Page_Store/input_txttotal' is: '10'

2018-05-30 14:39:15 - [MESSAGE][PASSED] - Attribute 'value' of object 'Object Repository/Emergency/Page_Store/input_txttotal' is: '10'

2018-05-30 14:39:15 - [TEST_STEP][PASSED] - Statement - out.println("Requested QTY : " + RequestedQty): null

2018-05-30 14:39:15 - [TEST_STEP][PASSED] - Statement - BatchNumber = com.kms.katalon.core.webui.keyword.WebUiBuiltInKeywords.getNumberOfTotalOption(com.kms.katalon.core.testobject.ObjectRepository.findTestObject(Emergency/Page_Store/select_--Select--BA1150BA4110)): 4 options of object 'Object Repository/Emergency/Page_Store/select_--Select--BA1150BA4110' counted

2018-05-30 14:39:15 - [MESSAGE][PASSED] - 4 options of object 'Object Repository/Emergency/Page_Store/select_--Select--BA1150BA4110' counted

2018-05-30 14:39:15 - [TEST_STEP][PASSED] - Statement - For ([g = 1, g <= BatchNumber - 1, (g++)]): null

2018-05-30 14:39:15 - [TEST_STEP][PASSED] - selectOptionByIndex: All options with index in [1] are selected on object 'Object Repository/Emergency/Page_Store/select_--Select--BA1150BA4110'

2018-05-30 14:39:15 - [MESSAGE][PASSED] - All options with index in [1] are selected on object 'Object Repository/Emergency/Page_Store/select_--Select--BA1150BA4110'

2018-05-30 14:39:15 - [TEST_STEP][PASSED] - delay: Delayed 2 second(s)

2018-05-30 14:39:17 - [MESSAGE][PASSED] - Delayed 2 second(s)

2018-05-30 14:39:17 - [TEST_STEP][PASSED] - Statement - Try: null

2018-05-30 14:39:17 - [TEST_STEP][PASSED] - Statement - StockQty = com.kms.katalon.core.webui.keyword.WebUiBuiltInKeywords.getAttribute(com.kms.katalon.core.testobject.ObjectRepository.findTestObject(Emergency/Page_Store/input_txtprice), "value"): Attribute 'value' of object 'Object Repository/Emergency/Page_Store/input_txtprice' is: '340'

2018-05-30 14:39:17 - [MESSAGE][PASSED] - Attribute 'value' of object 'Object Repository/Emergency/Page_Store/input_txtprice' is: '340'

2018-05-30 14:39:17 - [TEST_STEP][PASSED] - Statement - out.println("Stock QTY : " + StockQty): null

2018-05-30 14:39:17 - [TEST_STEP][PASSED] - delay: Delayed 2 second(s)

2018-05-30 14:39:19 - [MESSAGE][PASSED] - Delayed 2 second(s)

2018-05-30 14:39:19 - [TEST_STEP][PASSED] - Statement - If (java.lang.Integer.valueOf(StockQty) >= java.lang.Integer.valueOf(RequestedQty)): null

2018-05-30 14:39:19 - [TEST_STEP][PASSED] - delay: Delayed 1 second(s)

2018-05-30 14:39:20 - [MESSAGE][PASSED] - Delayed 1 second(s)

2018-05-30 14:39:20 - [TEST_STEP][PASSED] - setText: Text '10' is set on object 'Object Repository/Emergency/Page_Store/input_txtqty'

2018-05-30 14:39:20 - [MESSAGE][PASSED] - Text '10' is set on object 'Object Repository/Emergency/Page_Store/input_txtqty'

2018-05-30 14:39:20 - [TEST_STEP][PASSED] - click: Object: 'Object Repository/Emergency/Page_Store/button_Add' is clicked on

2018-05-30 14:39:20 - [MESSAGE][PASSED] - Object: 'Object Repository/Emergency/Page_Store/button_Add' is clicked on

2018-05-30 14:39:20 - [TEST_STEP][PASSED] - Statement - Break: null

2018-05-30 14:39:20 - [TEST_STEP][PASSED] - selectOptionByIndex: All options with index in [16] are selected on object 'Object Repository/Emergency/Page_Store/select_--Select--Amikacin -500'

2018-05-30 14:39:20 - [MESSAGE][PASSED] - All options with index in [16] are selected on object 'Object Repository/Emergency/Page_Store/select_--Select--Amikacin -500'

2018-05-30 14:39:20 - [TEST_STEP][PASSED] - delay: Delayed 1 second(s)

2018-05-30 14:39:21 - [MESSAGE][PASSED] - Delayed 1 second(s)

2018-05-30 14:39:21 - [TEST_STEP][PASSED] - Statement - RequestedQty = com.kms.katalon.core.webui.keyword.WebUiBuiltInKeywords.getAttribute(com.kms.katalon.core.testobject.ObjectRepository.findTestObject(Emergency/Page_Store/input_txttotal), "value"): Attribute 'value' of object 'Object Repository/Emergency/Page_Store/input_txttotal' is: '10'

2018-05-30 14:39:21 - [MESSAGE][PASSED] - Attribute 'value' of object 'Object Repository/Emergency/Page_Store/input_txttotal' is: '10'

2018-05-30 14:39:21 - [TEST_STEP][PASSED] - Statement - out.println("Requested QTY : " + RequestedQty): null

2018-05-30 14:39:21 - [TEST_STEP][PASSED] - Statement - BatchNumber = com.kms.katalon.core.webui.keyword.WebUiBuiltInKeywords.getNumberOfTotalOption(com.kms.katalon.core.testobject.ObjectRepository.findTestObject(Emergency/Page_Store/select_--Select--BA1150BA4110)): 3 options of object 'Object Repository/Emergency/Page_Store/select_--Select--BA1150BA4110' counted

2018-05-30 14:39:21 - [MESSAGE][PASSED] - 3 options of object 'Object Repository/Emergency/Page_Store/select_--Select--BA1150BA4110' counted

2018-05-30 14:39:21 - [TEST_STEP][PASSED] - Statement - For ([g = 1, g <= BatchNumber - 1, (g++)]): null

2018-05-30 14:39:21 - [TEST_STEP][PASSED] - selectOptionByIndex: All options with index in [1] are selected on object 'Object Repository/Emergency/Page_Store/select_--Select--BA1150BA4110'

2018-05-30 14:39:22 - [MESSAGE][PASSED] - All options with index in [1] are selected on object 'Object Repository/Emergency/Page_Store/select_--Select--BA1150BA4110'

2018-05-30 14:39:22 - [TEST_STEP][PASSED] - delay: Delayed 2 second(s)

2018-05-30 14:39:24 - [MESSAGE][PASSED] - Delayed 2 second(s)

2018-05-30 14:39:24 - [TEST_STEP][PASSED] - Statement - Try: null

2018-05-30 14:39:24 - [TEST_STEP][PASSED] - Statement - StockQty = com.kms.katalon.core.webui.keyword.WebUiBuiltInKeywords.getAttribute(com.kms.katalon.core.testobject.ObjectRepository.findTestObject(Emergency/Page_Store/input_txtprice), "value"): Attribute 'value' of object 'Object Repository/Emergency/Page_Store/input_txtprice' is: '1390'

2018-05-30 14:39:24 - [MESSAGE][PASSED] - Attribute 'value' of object 'Object Repository/Emergency/Page_Store/input_txtprice' is: '1390'

2018-05-30 14:39:24 - [TEST_STEP][PASSED] - Statement - out.println("Stock QTY : " + StockQty): null

2018-05-30 14:39:24 - [TEST_STEP][PASSED] - delay: Delayed 2 second(s)

2018-05-30 14:39:26 - [MESSAGE][PASSED] - Delayed 2 second(s)

2018-05-30 14:39:26 - [TEST_STEP][PASSED] - Statement - If (java.lang.Integer.valueOf(StockQty) >= java.lang.Integer.valueOf(RequestedQty)): null

2018-05-30 14:39:26 - [TEST_STEP][PASSED] - delay: Delayed 1 second(s)

2018-05-30 14:39:27 - [MESSAGE][PASSED] - Delayed 1 second(s)

2018-05-30 14:39:27 - [TEST_STEP][PASSED] - setText: Text '10' is set on object 'Object Repository/Emergency/Page_Store/input_txtqty'

2018-05-30 14:39:27 - [MESSAGE][PASSED] - Text '10' is set on object 'Object Repository/Emergency/Page_Store/input_txtqty'

2018-05-30 14:39:27 - [TEST_STEP][PASSED] - click: Object: 'Object Repository/Emergency/Page_Store/button_Add' is clicked on

2018-05-30 14:39:27 - [MESSAGE][PASSED] - Object: 'Object Repository/Emergency/Page_Store/button_Add' is clicked on

2018-05-30 14:39:27 - [TEST_STEP][PASSED] - Statement - Break: null

2018-05-30 14:39:27 - [TEST_STEP][PASSED] - selectOptionByIndex: All options with index in [17] are selected on object 'Object Repository/Emergency/Page_Store/select_--Select--Amikacin -500'

2018-05-30 14:39:27 - [MESSAGE][PASSED] - All options with index in [17] are selected on object 'Object Repository/Emergency/Page_Store/select_--Select--Amikacin -500'

2018-05-30 14:39:27 - [TEST_STEP][PASSED] - delay: Delayed 1 second(s)

2018-05-30 14:39:28 - [MESSAGE][PASSED] - Delayed 1 second(s)

2018-05-30 14:39:28 - [TEST_STEP][PASSED] - Statement - RequestedQty = com.kms.katalon.core.webui.keyword.WebUiBuiltInKeywords.getAttribute(com.kms.katalon.core.testobject.ObjectRepository.findTestObject(Emergency/Page_Store/input_txttotal), "value"): Attribute 'value' of object 'Object Repository/Emergency/Page_Store/input_txttotal' is: '10'

2018-05-30 14:39:28 - [MESSAGE][PASSED] - Attribute 'value' of object 'Object Repository/Emergency/Page_Store/input_txttotal' is: '10'

2018-05-30 14:39:28 - [TEST_STEP][PASSED] - Statement - out.println("Requested QTY : " + RequestedQty): null

2018-05-30 14:39:28 - [TEST_STEP][PASSED] - Statement - BatchNumber = com.kms.katalon.core.webui.keyword.WebUiBuiltInKeywords.getNumberOfTotalOption(com.kms.katalon.core.testobject.ObjectRepository.findTestObject(Emergency/Page_Store/select_--Select--BA1150BA4110)): 4 options of object 'Object Repository/Emergency/Page_Store/select_--Select--BA1150BA4110' counted

2018-05-30 14:39:28 - [MESSAGE][PASSED] - 4 options of object 'Object Repository/Emergency/Page_Store/select_--Select--BA1150BA4110' counted

2018-05-30 14:39:28 - [TEST_STEP][PASSED] - Statement - For ([g = 1, g <= BatchNumber - 1, (g++)]): null

2018-05-30 14:39:28 - [TEST_STEP][PASSED] - selectOptionByIndex: All options with index in [1] are selected on object 'Object Repository/Emergency/Page_Store/select_--Select--BA1150BA4110'

2018-05-30 14:39:28 - [MESSAGE][PASSED] - All options with index in [1] are selected on object 'Object Repository/Emergency/Page_Store/select_--Select--BA1150BA4110'

2018-05-30 14:39:28 - [TEST_STEP][PASSED] - delay: Delayed 2 second(s)

2018-05-30 14:39:30 - [MESSAGE][PASSED] - Delayed 2 second(s)

2018-05-30 14:39:30 - [TEST_STEP][PASSED] - Statement - Try: null

2018-05-30 14:39:30 - [TEST_STEP][PASSED] - Statement - StockQty = com.kms.katalon.core.webui.keyword.WebUiBuiltInKeywords.getAttribute(com.kms.katalon.core.testobject.ObjectRepository.findTestObject(Emergency/Page_Store/input_txtprice), "value"): Attribute 'value' of object 'Object Repository/Emergency/Page_Store/input_txtprice' is: '340'

2018-05-30 14:39:30 - [MESSAGE][PASSED] - Attribute 'value' of object 'Object Repository/Emergency/Page_Store/input_txtprice' is: '340'

2018-05-30 14:39:30 - [TEST_STEP][PASSED] - Statement - out.println("Stock QTY : " + StockQty): null

2018-05-30 14:39:30 - [TEST_STEP][PASSED] - delay: Delayed 2 second(s)

2018-05-30 14:39:32 - [MESSAGE][PASSED] - Delayed 2 second(s)

2018-05-30 14:39:32 - [TEST_STEP][PASSED] - Statement - If (java.lang.Integer.valueOf(StockQty) >= java.lang.Integer.valueOf(RequestedQty)): null

2018-05-30 14:39:32 - [TEST_STEP][PASSED] - delay: Delayed 1 second(s)

2018-05-30 14:39:33 - [MESSAGE][PASSED] - Delayed 1 second(s)

2018-05-30 14:39:33 - [TEST_STEP][PASSED] - setText: Text '10' is set on object 'Object Repository/Emergency/Page_Store/input_txtqty'

2018-05-30 14:39:33 - [MESSAGE][PASSED] - Text '10' is set on object 'Object Repository/Emergency/Page_Store/input_txtqty'

2018-05-30 14:39:33 - [TEST_STEP][PASSED] - click: Object: 'Object Repository/Emergency/Page_Store/button_Add' is clicked on

2018-05-30 14:39:33 - [MESSAGE][PASSED] - Object: 'Object Repository/Emergency/Page_Store/button_Add' is clicked on

2018-05-30 14:39:33 - [TEST_STEP][PASSED] - Statement - Break: null

2018-05-30 14:39:33 - [TEST_STEP][PASSED] - selectOptionByIndex: All options with index in [18] are selected on object 'Object Repository/Emergency/Page_Store/select_--Select--Amikacin -500'

2018-05-30 14:39:34 - [MESSAGE][PASSED] - All options with index in [18] are selected on object 'Object Repository/Emergency/Page_Store/select_--Select--Amikacin -500'

2018-05-30 14:39:34 - [TEST_STEP][PASSED] - delay: Delayed 1 second(s)

2018-05-30 14:39:35 - [MESSAGE][PASSED] - Delayed 1 second(s)

2018-05-30 14:39:35 - [TEST_STEP][PASSED] - Statement - RequestedQty = com.kms.katalon.core.webui.keyword.WebUiBuiltInKeywords.getAttribute(com.kms.katalon.core.testobject.ObjectRepository.findTestObject(Emergency/Page_Store/input_txttotal), "value"): Attribute 'value' of object 'Object Repository/Emergency/Page_Store/input_txttotal' is: '10'

2018-05-30 14:39:35 - [MESSAGE][PASSED] - Attribute 'value' of object 'Object Repository/Emergency/Page_Store/input_txttotal' is: '10'

2018-05-30 14:39:35 - [TEST_STEP][PASSED] - Statement - out.println("Requested QTY : " + RequestedQty): null

2018-05-30 14:39:35 - [TEST_STEP][PASSED] - Statement - BatchNumber = com.kms.katalon.core.webui.keyword.WebUiBuiltInKeywords.getNumberOfTotalOption(com.kms.katalon.core.testobject.ObjectRepository.findTestObject(Emergency/Page_Store/select_--Select--BA1150BA4110)): 3 options of object 'Object Repository/Emergency/Page_Store/select_--Select--BA1150BA4110' counted

2018-05-30 14:39:35 - [MESSAGE][PASSED] - 3 options of object 'Object Repository/Emergency/Page_Store/select_--Select--BA1150BA4110' counted

2018-05-30 14:39:35 - [TEST_STEP][PASSED] - Statement - For ([g = 1, g <= BatchNumber - 1, (g++)]): null

2018-05-30 14:39:35 - [TEST_STEP][PASSED] - selectOptionByIndex: All options with index in [1] are selected on object 'Object Repository/Emergency/Page_Store/select_--Select--BA1150BA4110'

2018-05-30 14:39:35 - [MESSAGE][PASSED] - All options with index in [1] are selected on object 'Object Repository/Emergency/Page_Store/select_--Select--BA1150BA4110'

2018-05-30 14:39:35 - [TEST_STEP][PASSED] - delay: Delayed 2 second(s)

2018-05-30 14:39:37 - [MESSAGE][PASSED] - Delayed 2 second(s)

2018-05-30 14:39:37 - [TEST_STEP][PASSED] - Statement - Try: null

2018-05-30 14:39:37 - [TEST_STEP][PASSED] - Statement - StockQty = com.kms.katalon.core.webui.keyword.WebUiBuiltInKeywords.getAttribute(com.kms.katalon.core.testobject.ObjectRepository.findTestObject(Emergency/Page_Store/input_txtprice), "value"): Attribute 'value' of object 'Object Repository/Emergency/Page_Store/input_txtprice' is: '1380'

2018-05-30 14:39:37 - [MESSAGE][PASSED] - Attribute 'value' of object 'Object Repository/Emergency/Page_Store/input_txtprice' is: '1380'

2018-05-30 14:39:37 - [TEST_STEP][PASSED] - Statement - out.println("Stock QTY : " + StockQty): null

2018-05-30 14:39:37 - [TEST_STEP][PASSED] - delay: Delayed 2 second(s)

2018-05-30 14:39:39 - [MESSAGE][PASSED] - Delayed 2 second(s)

2018-05-30 14:39:39 - [TEST_STEP][PASSED] - Statement - If (java.lang.Integer.valueOf(StockQty) >= java.lang.Integer.valueOf(RequestedQty)): null

2018-05-30 14:39:39 - [TEST_STEP][PASSED] - delay: Delayed 1 second(s)

2018-05-30 14:39:40 - [MESSAGE][PASSED] - Delayed 1 second(s)

2018-05-30 14:39:40 - [TEST_STEP][PASSED] - setText: Text '10' is set on object 'Object Repository/Emergency/Page_Store/input_txtqty'

2018-05-30 14:39:40 - [MESSAGE][PASSED] - Text '10' is set on object 'Object Repository/Emergency/Page_Store/input_txtqty'

2018-05-30 14:39:40 - [TEST_STEP][PASSED] - click: Object: 'Object Repository/Emergency/Page_Store/button_Add' is clicked on

2018-05-30 14:39:40 - [MESSAGE][PASSED] - Object: 'Object Repository/Emergency/Page_Store/button_Add' is clicked on

2018-05-30 14:39:40 - [TEST_STEP][PASSED] - Statement - Break: null

2018-05-30 14:39:40 - [TEST_STEP][PASSED] - selectOptionByIndex: All options with index in [19] are selected on object 'Object Repository/Emergency/Page_Store/select_--Select--Amikacin -500'

2018-05-30 14:39:41 - [MESSAGE][PASSED] - All options with index in [19] are selected on object 'Object Repository/Emergency/Page_Store/select_--Select--Amikacin -500'

2018-05-30 14:39:41 - [TEST_STEP][PASSED] - delay: Delayed 1 second(s)

2018-05-30 14:39:42 - [MESSAGE][PASSED] - Delayed 1 second(s)

2018-05-30 14:39:42 - [TEST_STEP][PASSED] - Statement - RequestedQty = com.kms.katalon.core.webui.keyword.WebUiBuiltInKeywords.getAttribute(com.kms.katalon.core.testobject.ObjectRepository.findTestObject(Emergency/Page_Store/input_txttotal), "value"): Attribute 'value' of object 'Object Repository/Emergency/Page_Store/input_txttotal' is: '10'

2018-05-30 14:39:42 - [MESSAGE][PASSED] - Attribute 'value' of object 'Object Repository/Emergency/Page_Store/input_txttotal' is: '10'

2018-05-30 14:39:42 - [TEST_STEP][PASSED] - Statement - out.println("Requested QTY : " + RequestedQty): null

2018-05-30 14:39:42 - [TEST_STEP][PASSED] - Statement - BatchNumber = com.kms.katalon.core.webui.keyword.WebUiBuiltInKeywords.getNumberOfTotalOption(com.kms.katalon.core.testobject.ObjectRepository.findTestObject(Emergency/Page_Store/select_--Select--BA1150BA4110)): 4 options of object 'Object Repository/Emergency/Page_Store/select_--Select--BA1150BA4110' counted

2018-05-30 14:39:42 - [MESSAGE][PASSED] - 4 options of object 'Object Repository/Emergency/Page_Store/select_--Select--BA1150BA4110' counted

2018-05-30 14:39:42 - [TEST_STEP][PASSED] - Statement - For ([g = 1, g <= BatchNumber - 1, (g++)]): null

2018-05-30 14:39:42 - [TEST_STEP][PASSED] - selectOptionByIndex: All options with index in [1] are selected on object 'Object Repository/Emergency/Page_Store/select_--Select--BA1150BA4110'

2018-05-30 14:39:42 - [MESSAGE][PASSED] - All options with index in [1] are selected on object 'Object Repository/Emergency/Page_Store/select_--Select--BA1150BA4110'

2018-05-30 14:39:42 - [TEST_STEP][PASSED] - delay: Delayed 2 second(s)

2018-05-30 14:39:44 - [MESSAGE][PASSED] - Delayed 2 second(s)

2018-05-30 14:39:44 - [TEST_STEP][PASSED] - Statement - Try: null

2018-05-30 14:39:44 - [TEST_STEP][PASSED] - Statement - StockQty = com.kms.katalon.core.webui.keyword.WebUiBuiltInKeywords.getAttribute(com.kms.katalon.core.testobject.ObjectRepository.findTestObject(Emergency/Page_Store/input_txtprice), "value"): Attribute 'value' of object 'Object Repository/Emergency/Page_Store/input_txtprice' is: '2280'

2018-05-30 14:39:44 - [MESSAGE][PASSED] - Attribute 'value' of object 'Object Repository/Emergency/Page_Store/input_txtprice' is: '2280'

2018-05-30 14:39:44 - [TEST_STEP][PASSED] - Statement - out.println("Stock QTY : " + StockQty): null

2018-05-30 14:39:44 - [TEST_STEP][PASSED] - delay: Delayed 2 second(s)

2018-05-30 14:39:46 - [MESSAGE][PASSED] - Delayed 2 second(s)

2018-05-30 14:39:46 - [TEST_STEP][PASSED] - Statement - If (java.lang.Integer.valueOf(StockQty) >= java.lang.Integer.valueOf(RequestedQty)): null

2018-05-30 14:39:46 - [TEST_STEP][PASSED] - delay: Delayed 1 second(s)

2018-05-30 14:39:47 - [MESSAGE][PASSED] - Delayed 1 second(s)

2018-05-30 14:39:47 - [TEST_STEP][PASSED] - setText: Text '10' is set on object 'Object Repository/Emergency/Page_Store/input_txtqty'

2018-05-30 14:39:47 - [MESSAGE][PASSED] - Text '10' is set on object 'Object Repository/Emergency/Page_Store/input_txtqty'

2018-05-30 14:39:47 - [TEST_STEP][PASSED] - click: Object: 'Object Repository/Emergency/Page_Store/button_Add' is clicked on

2018-05-30 14:39:47 - [MESSAGE][PASSED] - Object: 'Object Repository/Emergency/Page_Store/button_Add' is clicked on

2018-05-30 14:39:47 - [TEST_STEP][PASSED] - Statement - Break: null

2018-05-30 14:39:47 - [TEST_STEP][PASSED] - selectOptionByIndex: All options with index in [20] are selected on object 'Object Repository/Emergency/Page_Store/select_--Select--Amikacin -500'

2018-05-30 14:39:47 - [MESSAGE][PASSED] - All options with index in [20] are selected on object 'Object Repository/Emergency/Page_Store/select_--Select--Amikacin -500'

2018-05-30 14:39:47 - [TEST_STEP][PASSED] - delay: Delayed 1 second(s)

2018-05-30 14:39:48 - [MESSAGE][PASSED] - Delayed 1 second(s)

2018-05-30 14:39:48 - [TEST_STEP][PASSED] - Statement - RequestedQty = com.kms.katalon.core.webui.keyword.WebUiBuiltInKeywords.getAttribute(com.kms.katalon.core.testobject.ObjectRepository.findTestObject(Emergency/Page_Store/input_txttotal), "value"): Attribute 'value' of object 'Object Repository/Emergency/Page_Store/input_txttotal' is: '10'

2018-05-30 14:39:48 - [MESSAGE][PASSED] - Attribute 'value' of object 'Object Repository/Emergency/Page_Store/input_txttotal' is: '10'

2018-05-30 14:39:48 - [TEST_STEP][PASSED] - Statement - out.println("Requested QTY : " + RequestedQty): null

2018-05-30 14:39:48 - [TEST_STEP][PASSED] - Statement - BatchNumber = com.kms.katalon.core.webui.keyword.WebUiBuiltInKeywords.getNumberOfTotalOption(com.kms.katalon.core.testobject.ObjectRepository.findTestObject(Emergency/Page_Store/select_--Select--BA1150BA4110)): 4 options of object 'Object Repository/Emergency/Page_Store/select_--Select--BA1150BA4110' counted

2018-05-30 14:39:48 - [MESSAGE][PASSED] - 4 options of object 'Object Repository/Emergency/Page_Store/select_--Select--BA1150BA4110' counted

2018-05-30 14:39:48 - [TEST_STEP][PASSED] - Statement - For ([g = 1, g <= BatchNumber - 1, (g++)]): null

2018-05-30 14:39:48 - [TEST_STEP][PASSED] - selectOptionByIndex: All options with index in [1] are selected on object 'Object Repository/Emergency/Page_Store/select_--Select--BA1150BA4110'

2018-05-30 14:39:49 - [MESSAGE][PASSED] - All options with index in [1] are selected on object 'Object Repository/Emergency/Page_Store/select_--Select--BA1150BA4110'

2018-05-30 14:39:49 - [TEST_STEP][PASSED] - delay: Delayed 2 second(s)

2018-05-30 14:39:51 - [MESSAGE][PASSED] - Delayed 2 second(s)

2018-05-30 14:39:51 - [TEST_STEP][PASSED] - Statement - Try: null

2018-05-30 14:39:51 - [TEST_STEP][PASSED] - Statement - StockQty = com.kms.katalon.core.webui.keyword.WebUiBuiltInKeywords.getAttribute(com.kms.katalon.core.testobject.ObjectRepository.findTestObject(Emergency/Page_Store/input_txtprice), "value"): Attribute 'value' of object 'Object Repository/Emergency/Page_Store/input_txtprice' is: '340'

2018-05-30 14:39:51 - [MESSAGE][PASSED] - Attribute 'value' of object 'Object Repository/Emergency/Page_Store/input_txtprice' is: '340'

2018-05-30 14:39:51 - [TEST_STEP][PASSED] - Statement - out.println("Stock QTY : " + StockQty): null

2018-05-30 14:39:51 - [TEST_STEP][PASSED] - delay: Delayed 2 second(s)

2018-05-30 14:39:53 - [MESSAGE][PASSED] - Delayed 2 second(s)

2018-05-30 14:39:53 - [TEST_STEP][PASSED] - Statement - If (java.lang.Integer.valueOf(StockQty) >= java.lang.Integer.valueOf(RequestedQty)): null

2018-05-30 14:39:53 - [TEST_STEP][PASSED] - delay: Delayed 1 second(s)

2018-05-30 14:39:54 - [MESSAGE][PASSED] - Delayed 1 second(s)

2018-05-30 14:39:54 - [TEST_STEP][PASSED] - setText: Text '10' is set on object 'Object Repository/Emergency/Page_Store/input_txtqty'

2018-05-30 14:39:54 - [MESSAGE][PASSED] - Text '10' is set on object 'Object Repository/Emergency/Page_Store/input_txtqty'

2018-05-30 14:39:54 - [TEST_STEP][PASSED] - click: Object: 'Object Repository/Emergency/Page_Store/button_Add' is clicked on

2018-05-30 14:39:54 - [MESSAGE][PASSED] - Object: 'Object Repository/Emergency/Page_Store/button_Add' is clicked on

2018-05-30 14:39:54 - [TEST_STEP][PASSED] - Statement - Break: null

2018-05-30 14:39:54 - [TEST_STEP][PASSED] - selectOptionByIndex: All options with index in [21] are selected on object 'Object Repository/Emergency/Page_Store/select_--Select--Amikacin -500'

2018-05-30 14:39:54 - [MESSAGE][PASSED] - All options with index in [21] are selected on object 'Object Repository/Emergency/Page_Store/select_--Select--Amikacin -500'

2018-05-30 14:39:54 - [TEST_STEP][PASSED] - delay: Delayed 1 second(s)

2018-05-30 14:39:55 - [MESSAGE][PASSED] - Delayed 1 second(s)

2018-05-30 14:39:55 - [TEST_STEP][PASSED] - Statement - RequestedQty = com.kms.katalon.core.webui.keyword.WebUiBuiltInKeywords.getAttribute(com.kms.katalon.core.testobject.ObjectRepository.findTestObject(Emergency/Page_Store/input_txttotal), "value"): Attribute 'value' of object 'Object Repository/Emergency/Page_Store/input_txttotal' is: '10'

2018-05-30 14:39:55 - [MESSAGE][PASSED] - Attribute 'value' of object 'Object Repository/Emergency/Page_Store/input_txttotal' is: '10'

2018-05-30 14:39:55 - [TEST_STEP][PASSED] - Statement - out.println("Requested QTY : " + RequestedQty): null

2018-05-30 14:39:55 - [TEST_STEP][PASSED] - Statement - BatchNumber = com.kms.katalon.core.webui.keyword.WebUiBuiltInKeywords.getNumberOfTotalOption(com.kms.katalon.core.testobject.ObjectRepository.findTestObject(Emergency/Page_Store/select_--Select--BA1150BA4110)): 4 options of object 'Object Repository/Emergency/Page_Store/select_--Select--BA1150BA4110' counted

2018-05-30 14:39:55 - [MESSAGE][PASSED] - 4 options of object 'Object Repository/Emergency/Page_Store/select_--Select--BA1150BA4110' counted

2018-05-30 14:39:55 - [TEST_STEP][PASSED] - Statement - For ([g = 1, g <= BatchNumber - 1, (g++)]): null

2018-05-30 14:39:55 - [TEST_STEP][PASSED] - selectOptionByIndex: All options with index in [1] are selected on object 'Object Repository/Emergency/Page_Store/select_--Select--BA1150BA4110'

2018-05-30 14:39:55 - [MESSAGE][PASSED] - All options with index in [1] are selected on object 'Object Repository/Emergency/Page_Store/select_--Select--BA1150BA4110'

2018-05-30 14:39:55 - [TEST_STEP][PASSED] - delay: Delayed 2 second(s)

2018-05-30 14:39:57 - [MESSAGE][PASSED] - Delayed 2 second(s)

2018-05-30 14:39:57 - [TEST_STEP][PASSED] - Statement - Try: null

2018-05-30 14:39:57 - [TEST_STEP][PASSED] - Statement - StockQty = com.kms.katalon.core.webui.keyword.WebUiBuiltInKeywords.getAttribute(com.kms.katalon.core.testobject.ObjectRepository.findTestObject(Emergency/Page_Store/input_txtprice), "value"): Attribute 'value' of object 'Object Repository/Emergency/Page_Store/input_txtprice' is: '340'

2018-05-30 14:39:57 - [MESSAGE][PASSED] - Attribute 'value' of object 'Object Repository/Emergency/Page_Store/input_txtprice' is: '340'

2018-05-30 14:39:57 - [TEST_STEP][PASSED] - Statement - out.println("Stock QTY : " + StockQty): null

2018-05-30 14:39:57 - [TEST_STEP][PASSED] - delay: Delayed 2 second(s)

2018-05-30 14:39:59 - [MESSAGE][PASSED] - Delayed 2 second(s)

2018-05-30 14:39:59 - [TEST_STEP][PASSED] - Statement - If (java.lang.Integer.valueOf(StockQty) >= java.lang.Integer.valueOf(RequestedQty)): null

2018-05-30 14:39:59 - [TEST_STEP][PASSED] - delay: Delayed 1 second(s)

2018-05-30 14:40:00 - [MESSAGE][PASSED] - Delayed 1 second(s)

2018-05-30 14:40:00 - [TEST_STEP][PASSED] - setText: Text '10' is set on object 'Object Repository/Emergency/Page_Store/input_txtqty'

2018-05-30 14:40:01 - [MESSAGE][PASSED] - Text '10' is set on object 'Object Repository/Emergency/Page_Store/input_txtqty'

2018-05-30 14:40:01 - [TEST_STEP][PASSED] - click: Object: 'Object Repository/Emergency/Page_Store/button_Add' is clicked on

2018-05-30 14:40:01 - [MESSAGE][PASSED] - Object: 'Object Repository/Emergency/Page_Store/button_Add' is clicked on

2018-05-30 14:40:01 - [TEST_STEP][PASSED] - Statement - Break: null

2018-05-30 14:40:01 - [TEST_STEP][PASSED] - selectOptionByIndex: All options with index in [22] are selected on object 'Object Repository/Emergency/Page_Store/select_--Select--Amikacin -500'

2018-05-30 14:40:01 - [MESSAGE][PASSED] - All options with index in [22] are selected on object 'Object Repository/Emergency/Page_Store/select_--Select--Amikacin -500'

2018-05-30 14:40:01 - [TEST_STEP][PASSED] - delay: Delayed 1 second(s)

2018-05-30 14:40:02 - [MESSAGE][PASSED] - Delayed 1 second(s)

2018-05-30 14:40:02 - [TEST_STEP][PASSED] - Statement - RequestedQty = com.kms.katalon.core.webui.keyword.WebUiBuiltInKeywords.getAttribute(com.kms.katalon.core.testobject.ObjectRepository.findTestObject(Emergency/Page_Store/input_txttotal), "value"): Attribute 'value' of object 'Object Repository/Emergency/Page_Store/input_txttotal' is: '10'

2018-05-30 14:40:02 - [MESSAGE][PASSED] - Attribute 'value' of object 'Object Repository/Emergency/Page_Store/input_txttotal' is: '10'

2018-05-30 14:40:02 - [TEST_STEP][PASSED] - Statement - out.println("Requested QTY : " + RequestedQty): null

2018-05-30 14:40:02 - [TEST_STEP][PASSED] - Statement - BatchNumber = com.kms.katalon.core.webui.keyword.WebUiBuiltInKeywords.getNumberOfTotalOption(com.kms.katalon.core.testobject.ObjectRepository.findTestObject(Emergency/Page_Store/select_--Select--BA1150BA4110)): 3 options of object 'Object Repository/Emergency/Page_Store/select_--Select--BA1150BA4110' counted

2018-05-30 14:40:02 - [MESSAGE][PASSED] - 3 options of object 'Object Repository/Emergency/Page_Store/select_--Select--BA1150BA4110' counted

2018-05-30 14:40:02 - [TEST_STEP][PASSED] - Statement - For ([g = 1, g <= BatchNumber - 1, (g++)]): null

2018-05-30 14:40:02 - [TEST_STEP][PASSED] - selectOptionByIndex: All options with index in [1] are selected on object 'Object Repository/Emergency/Page_Store/select_--Select--BA1150BA4110'

2018-05-30 14:40:02 - [MESSAGE][PASSED] - All options with index in [1] are selected on object 'Object Repository/Emergency/Page_Store/select_--Select--BA1150BA4110'

2018-05-30 14:40:02 - [TEST_STEP][PASSED] - delay: Delayed 2 second(s)

2018-05-30 14:40:04 - [MESSAGE][PASSED] - Delayed 2 second(s)

2018-05-30 14:40:04 - [TEST_STEP][PASSED] - Statement - Try: null

2018-05-30 14:40:04 - [TEST_STEP][PASSED] - Statement - StockQty = com.kms.katalon.core.webui.keyword.WebUiBuiltInKeywords.getAttribute(com.kms.katalon.core.testobject.ObjectRepository.findTestObject(Emergency/Page_Store/input_txtprice), "value"): Attribute 'value' of object 'Object Repository/Emergency/Page_Store/input_txtprice' is: '1380'

2018-05-30 14:40:04 - [MESSAGE][PASSED] - Attribute 'value' of object 'Object Repository/Emergency/Page_Store/input_txtprice' is: '1380'

2018-05-30 14:40:04 - [TEST_STEP][PASSED] - Statement - out.println("Stock QTY : " + StockQty): null

2018-05-30 14:40:04 - [TEST_STEP][PASSED] - delay: Delayed 2 second(s)

2018-05-30 14:40:06 - [MESSAGE][PASSED] - Delayed 2 second(s)

2018-05-30 14:40:06 - [TEST_STEP][PASSED] - Statement - If (java.lang.Integer.valueOf(StockQty) >= java.lang.Integer.valueOf(RequestedQty)): null

2018-05-30 14:40:06 - [TEST_STEP][PASSED] - delay: Delayed 1 second(s)

2018-05-30 14:40:07 - [MESSAGE][PASSED] - Delayed 1 second(s)

2018-05-30 14:40:07 - [TEST_STEP][PASSED] - setText: Text '10' is set on object 'Object Repository/Emergency/Page_Store/input_txtqty'

2018-05-30 14:40:07 - [MESSAGE][PASSED] - Text '10' is set on object 'Object Repository/Emergency/Page_Store/input_txtqty'

2018-05-30 14:40:07 - [TEST_STEP][PASSED] - click: Object: 'Object Repository/Emergency/Page_Store/button_Add' is clicked on

2018-05-30 14:40:07 - [MESSAGE][PASSED] - Object: 'Object Repository/Emergency/Page_Store/button_Add' is clicked on

2018-05-30 14:40:07 - [TEST_STEP][PASSED] - Statement - Break: null

2018-05-30 14:40:07 - [TEST_STEP][PASSED] - selectOptionByIndex: All options with index in [23] are selected on object 'Object Repository/Emergency/Page_Store/select_--Select--Amikacin -500'

2018-05-30 14:40:08 - [MESSAGE][PASSED] - All options with index in [23] are selected on object 'Object Repository/Emergency/Page_Store/select_--Select--Amikacin -500'

2018-05-30 14:40:08 - [TEST_STEP][PASSED] - delay: Delayed 1 second(s)

2018-05-30 14:40:09 - [MESSAGE][PASSED] - Delayed 1 second(s)

2018-05-30 14:40:09 - [TEST_STEP][PASSED] - Statement - RequestedQty = com.kms.katalon.core.webui.keyword.WebUiBuiltInKeywords.getAttribute(com.kms.katalon.core.testobject.ObjectRepository.findTestObject(Emergency/Page_Store/input_txttotal), "value"): Attribute 'value' of object 'Object Repository/Emergency/Page_Store/input_txttotal' is: '10'

2018-05-30 14:40:09 - [MESSAGE][PASSED] - Attribute 'value' of object 'Object Repository/Emergency/Page_Store/input_txttotal' is: '10'

2018-05-30 14:40:09 - [TEST_STEP][PASSED] - Statement - out.println("Requested QTY : " + RequestedQty): null

2018-05-30 14:40:09 - [TEST_STEP][PASSED] - Statement - BatchNumber = com.kms.katalon.core.webui.keyword.WebUiBuiltInKeywords.getNumberOfTotalOption(com.kms.katalon.core.testobject.ObjectRepository.findTestObject(Emergency/Page_Store/select_--Select--BA1150BA4110)): 3 options of object 'Object Repository/Emergency/Page_Store/select_--Select--BA1150BA4110' counted

2018-05-30 14:40:09 - [MESSAGE][PASSED] - 3 options of object 'Object Repository/Emergency/Page_Store/select_--Select--BA1150BA4110' counted

2018-05-30 14:40:09 - [TEST_STEP][PASSED] - Statement - For ([g = 1, g <= BatchNumber - 1, (g++)]): null

2018-05-30 14:40:09 - [TEST_STEP][PASSED] - selectOptionByIndex: All options with index in [1] are selected on object 'Object Repository/Emergency/Page_Store/select_--Select--BA1150BA4110'

2018-05-30 14:40:09 - [MESSAGE][PASSED] - All options with index in [1] are selected on object 'Object Repository/Emergency/Page_Store/select_--Select--BA1150BA4110'

2018-05-30 14:40:09 - [TEST_STEP][PASSED] - delay: Delayed 2 second(s)

2018-05-30 14:40:11 - [MESSAGE][PASSED] - Delayed 2 second(s)

2018-05-30 14:40:11 - [TEST_STEP][PASSED] - Statement - Try: null

2018-05-30 14:40:11 - [TEST_STEP][PASSED] - Statement - StockQty = com.kms.katalon.core.webui.keyword.WebUiBuiltInKeywords.getAttribute(com.kms.katalon.core.testobject.ObjectRepository.findTestObject(Emergency/Page_Store/input_txtprice), "value"): Attribute 'value' of object 'Object Repository/Emergency/Page_Store/input_txtprice' is: '2280'

2018-05-30 14:40:11 - [MESSAGE][PASSED] - Attribute 'value' of object 'Object Repository/Emergency/Page_Store/input_txtprice' is: '2280'

2018-05-30 14:40:11 - [TEST_STEP][PASSED] - Statement - out.println("Stock QTY : " + StockQty): null

2018-05-30 14:40:11 - [TEST_STEP][PASSED] - delay: Delayed 2 second(s)

2018-05-30 14:40:13 - [MESSAGE][PASSED] - Delayed 2 second(s)

2018-05-30 14:40:13 - [TEST_STEP][PASSED] - Statement - If (java.lang.Integer.valueOf(StockQty) >= java.lang.Integer.valueOf(RequestedQty)): null

2018-05-30 14:40:13 - [TEST_STEP][PASSED] - delay: Delayed 1 second(s)

2018-05-30 14:40:14 - [MESSAGE][PASSED] - Delayed 1 second(s)

2018-05-30 14:40:14 - [TEST_STEP][PASSED] - setText: Text '10' is set on object 'Object Repository/Emergency/Page_Store/input_txtqty'

2018-05-30 14:40:14 - [MESSAGE][PASSED] - Text '10' is set on object 'Object Repository/Emergency/Page_Store/input_txtqty'

2018-05-30 14:40:14 - [TEST_STEP][PASSED] - click: Object: 'Object Repository/Emergency/Page_Store/button_Add' is clicked on

2018-05-30 14:40:14 - [MESSAGE][PASSED] - Object: 'Object Repository/Emergency/Page_Store/button_Add' is clicked on

2018-05-30 14:40:14 - [TEST_STEP][PASSED] - Statement - Break: null

2018-05-30 14:40:14 - [TEST_STEP][PASSED] - selectOptionByIndex: All options with index in [24] are selected on object 'Object Repository/Emergency/Page_Store/select_--Select--Amikacin -500'

2018-05-30 14:40:15 - [MESSAGE][PASSED] - All options with index in [24] are selected on object 'Object Repository/Emergency/Page_Store/select_--Select--Amikacin -500'

2018-05-30 14:40:15 - [TEST_STEP][PASSED] - delay: Delayed 1 second(s)

2018-05-30 14:40:16 - [MESSAGE][PASSED] - Delayed 1 second(s)

2018-05-30 14:40:16 - [TEST_STEP][PASSED] - Statement - RequestedQty = com.kms.katalon.core.webui.keyword.WebUiBuiltInKeywords.getAttribute(com.kms.katalon.core.testobject.ObjectRepository.findTestObject(Emergency/Page_Store/input_txttotal), "value"): Attribute 'value' of object 'Object Repository/Emergency/Page_Store/input_txttotal' is: '10'

2018-05-30 14:40:16 - [MESSAGE][PASSED] - Attribute 'value' of object 'Object Repository/Emergency/Page_Store/input_txttotal' is: '10'

2018-05-30 14:40:16 - [TEST_STEP][PASSED] - Statement - out.println("Requested QTY : " + RequestedQty): null

2018-05-30 14:40:16 - [TEST_STEP][PASSED] - Statement - BatchNumber = com.kms.katalon.core.webui.keyword.WebUiBuiltInKeywords.getNumberOfTotalOption(com.kms.katalon.core.testobject.ObjectRepository.findTestObject(Emergency/Page_Store/select_--Select--BA1150BA4110)): 3 options of object 'Object Repository/Emergency/Page_Store/select_--Select--BA1150BA4110' counted

2018-05-30 14:40:16 - [MESSAGE][PASSED] - 3 options of object 'Object Repository/Emergency/Page_Store/select_--Select--BA1150BA4110' counted

2018-05-30 14:40:16 - [TEST_STEP][PASSED] - Statement - For ([g = 1, g <= BatchNumber - 1, (g++)]): null

2018-05-30 14:40:16 - [TEST_STEP][PASSED] - selectOptionByIndex: All options with index in [1] are selected on object 'Object Repository/Emergency/Page_Store/select_--Select--BA1150BA4110'

2018-05-30 14:40:16 - [MESSAGE][PASSED] - All options with index in [1] are selected on object 'Object Repository/Emergency/Page_Store/select_--Select--BA1150BA4110'

2018-05-30 14:40:16 - [TEST_STEP][PASSED] - delay: Delayed 2 second(s)

2018-05-30 14:40:18 - [MESSAGE][PASSED] - Delayed 2 second(s)

2018-05-30 14:40:18 - [TEST_STEP][PASSED] - Statement - Try: null

2018-05-30 14:40:18 - [TEST_STEP][PASSED] - Statement - StockQty = com.kms.katalon.core.webui.keyword.WebUiBuiltInKeywords.getAttribute(com.kms.katalon.core.testobject.ObjectRepository.findTestObject(Emergency/Page_Store/input_txtprice), "value"): Attribute 'value' of object 'Object Repository/Emergency/Page_Store/input_txtprice' is: '1380'

2018-05-30 14:40:18 - [MESSAGE][PASSED] - Attribute 'value' of object 'Object Repository/Emergency/Page_Store/input_txtprice' is: '1380'

2018-05-30 14:40:18 - [TEST_STEP][PASSED] - Statement - out.println("Stock QTY : " + StockQty): null

2018-05-30 14:40:18 - [TEST_STEP][PASSED] - delay: Delayed 2 second(s)

2018-05-30 14:40:20 - [MESSAGE][PASSED] - Delayed 2 second(s)

2018-05-30 14:40:20 - [TEST_STEP][PASSED] - Statement - If (java.lang.Integer.valueOf(StockQty) >= java.lang.Integer.valueOf(RequestedQty)): null

2018-05-30 14:40:20 - [TEST_STEP][PASSED] - delay: Delayed 1 second(s)

2018-05-30 14:40:21 - [MESSAGE][PASSED] - Delayed 1 second(s)

2018-05-30 14:40:21 - [TEST_STEP][PASSED] - setText: Text '10' is set on object 'Object Repository/Emergency/Page_Store/input_txtqty'

2018-05-30 14:40:21 - [MESSAGE][PASSED] - Text '10' is set on object 'Object Repository/Emergency/Page_Store/input_txtqty'

2018-05-30 14:40:21 - [TEST_STEP][PASSED] - click: Object: 'Object Repository/Emergency/Page_Store/button_Add' is clicked on

2018-05-30 14:40:21 - [MESSAGE][PASSED] - Object: 'Object Repository/Emergency/Page_Store/button_Add' is clicked on

2018-05-30 14:40:21 - [TEST_STEP][PASSED] - Statement - Break: null

2018-05-30 14:40:21 - [TEST_STEP][PASSED] - selectOptionByIndex: All options with index in [25] are selected on object 'Object Repository/Emergency/Page_Store/select_--Select--Amikacin -500'

2018-05-30 14:40:21 - [MESSAGE][PASSED] - All options with index in [25] are selected on object 'Object Repository/Emergency/Page_Store/select_--Select--Amikacin -500'

2018-05-30 14:40:21 - [TEST_STEP][PASSED] - delay: Delayed 1 second(s)

2018-05-30 14:40:22 - [MESSAGE][PASSED] - Delayed 1 second(s)

2018-05-30 14:40:22 - [TEST_STEP][PASSED] - Statement - RequestedQty = com.kms.katalon.core.webui.keyword.WebUiBuiltInKeywords.getAttribute(com.kms.katalon.core.testobject.ObjectRepository.findTestObject(Emergency/Page_Store/input_txttotal), "value"): Attribute 'value' of object 'Object Repository/Emergency/Page_Store/input_txttotal' is: '10'

2018-05-30 14:40:22 - [MESSAGE][PASSED] - Attribute 'value' of object 'Object Repository/Emergency/Page_Store/input_txttotal' is: '10'

2018-05-30 14:40:22 - [TEST_STEP][PASSED] - Statement - out.println("Requested QTY : " + RequestedQty): null

2018-05-30 14:40:22 - [TEST_STEP][PASSED] - Statement - BatchNumber = com.kms.katalon.core.webui.keyword.WebUiBuiltInKeywords.getNumberOfTotalOption(com.kms.katalon.core.testobject.ObjectRepository.findTestObject(Emergency/Page_Store/select_--Select--BA1150BA4110)): 4 options of object 'Object Repository/Emergency/Page_Store/select_--Select--BA1150BA4110' counted

2018-05-30 14:40:22 - [MESSAGE][PASSED] - 4 options of object 'Object Repository/Emergency/Page_Store/select_--Select--BA1150BA4110' counted

2018-05-30 14:40:22 - [TEST_STEP][PASSED] - Statement - For ([g = 1, g <= BatchNumber - 1, (g++)]): null

2018-05-30 14:40:22 - [TEST_STEP][PASSED] - selectOptionByIndex: All options with index in [1] are selected on object 'Object Repository/Emergency/Page_Store/select_--Select--BA1150BA4110'

2018-05-30 14:40:23 - [MESSAGE][PASSED] - All options with index in [1] are selected on object 'Object Repository/Emergency/Page_Store/select_--Select--BA1150BA4110'

2018-05-30 14:40:23 - [TEST_STEP][PASSED] - delay: Delayed 2 second(s)

2018-05-30 14:40:25 - [MESSAGE][PASSED] - Delayed 2 second(s)

2018-05-30 14:40:25 - [TEST_STEP][PASSED] - Statement - Try: null

2018-05-30 14:40:25 - [TEST_STEP][PASSED] - Statement - StockQty = com.kms.katalon.core.webui.keyword.WebUiBuiltInKeywords.getAttribute(com.kms.katalon.core.testobject.ObjectRepository.findTestObject(Emergency/Page_Store/input_txtprice), "value"): Attribute 'value' of object 'Object Repository/Emergency/Page_Store/input_txtprice' is: '340'

2018-05-30 14:40:25 - [MESSAGE][PASSED] - Attribute 'value' of object 'Object Repository/Emergency/Page_Store/input_txtprice' is: '340'

2018-05-30 14:40:25 - [TEST_STEP][PASSED] - Statement - out.println("Stock QTY : " + StockQty): null

2018-05-30 14:40:25 - [TEST_STEP][PASSED] - delay: Delayed 2 second(s)

2018-05-30 14:40:27 - [MESSAGE][PASSED] - Delayed 2 second(s)

2018-05-30 14:40:27 - [TEST_STEP][PASSED] - Statement - If (java.lang.Integer.valueOf(StockQty) >= java.lang.Integer.valueOf(RequestedQty)): null

2018-05-30 14:40:27 - [TEST_STEP][PASSED] - delay: Delayed 1 second(s)

2018-05-30 14:40:28 - [MESSAGE][PASSED] - Delayed 1 second(s)

2018-05-30 14:40:28 - [TEST_STEP][PASSED] - setText: Text '10' is set on object 'Object Repository/Emergency/Page_Store/input_txtqty'

2018-05-30 14:40:28 - [MESSAGE][PASSED] - Text '10' is set on object 'Object Repository/Emergency/Page_Store/input_txtqty'

2018-05-30 14:40:28 - [TEST_STEP][PASSED] - click: Object: 'Object Repository/Emergency/Page_Store/button_Add' is clicked on

2018-05-30 14:40:28 - [MESSAGE][PASSED] - Object: 'Object Repository/Emergency/Page_Store/button_Add' is clicked on

2018-05-30 14:40:28 - [TEST_STEP][PASSED] - Statement - Break: null

2018-05-30 14:40:28 - [TEST_STEP][PASSED] - selectOptionByIndex: All options with index in [26] are selected on object 'Object Repository/Emergency/Page_Store/select_--Select--Amikacin -500'

2018-05-30 14:40:28 - [MESSAGE][PASSED] - All options with index in [26] are selected on object 'Object Repository/Emergency/Page_Store/select_--Select--Amikacin -500'

2018-05-30 14:40:28 - [TEST_STEP][PASSED] - delay: Delayed 1 second(s)

2018-05-30 14:40:29 - [MESSAGE][PASSED] - Delayed 1 second(s)

2018-05-30 14:40:29 - [TEST_STEP][PASSED] - Statement - RequestedQty = com.kms.katalon.core.webui.keyword.WebUiBuiltInKeywords.getAttribute(com.kms.katalon.core.testobject.ObjectRepository.findTestObject(Emergency/Page_Store/input_txttotal), "value"): Attribute 'value' of object 'Object Repository/Emergency/Page_Store/input_txttotal' is: '10'

2018-05-30 14:40:29 - [MESSAGE][PASSED] - Attribute 'value' of object 'Object Repository/Emergency/Page_Store/input_txttotal' is: '10'

2018-05-30 14:40:29 - [TEST_STEP][PASSED] - Statement - out.println("Requested QTY : " + RequestedQty): null

2018-05-30 14:40:29 - [TEST_STEP][PASSED] - Statement - BatchNumber = com.kms.katalon.core.webui.keyword.WebUiBuiltInKeywords.getNumberOfTotalOption(com.kms.katalon.core.testobject.ObjectRepository.findTestObject(Emergency/Page_Store/select_--Select--BA1150BA4110)): 3 options of object 'Object Repository/Emergency/Page_Store/select_--Select--BA1150BA4110' counted

2018-05-30 14:40:29 - [MESSAGE][PASSED] - 3 options of object 'Object Repository/Emergency/Page_Store/select_--Select--BA1150BA4110' counted

2018-05-30 14:40:29 - [TEST_STEP][PASSED] - Statement - For ([g = 1, g <= BatchNumber - 1, (g++)]): null

2018-05-30 14:40:29 - [TEST_STEP][PASSED] - selectOptionByIndex: All options with index in [1] are selected on object 'Object Repository/Emergency/Page_Store/select_--Select--BA1150BA4110'

2018-05-30 14:40:29 - [MESSAGE][PASSED] - All options with index in [1] are selected on object 'Object Repository/Emergency/Page_Store/select_--Select--BA1150BA4110'

2018-05-30 14:40:29 - [TEST_STEP][PASSED] - delay: Delayed 2 second(s)

2018-05-30 14:40:31 - [MESSAGE][PASSED] - Delayed 2 second(s)

2018-05-30 14:40:31 - [TEST_STEP][PASSED] - Statement - Try: null

2018-05-30 14:40:31 - [TEST_STEP][PASSED] - Statement - StockQty = com.kms.katalon.core.webui.keyword.WebUiBuiltInKeywords.getAttribute(com.kms.katalon.core.testobject.ObjectRepository.findTestObject(Emergency/Page_Store/input_txtprice), "value"): Attribute 'value' of object 'Object Repository/Emergency/Page_Store/input_txtprice' is: '1380'

2018-05-30 14:40:31 - [MESSAGE][PASSED] - Attribute 'value' of object 'Object Repository/Emergency/Page_Store/input_txtprice' is: '1380'

2018-05-30 14:40:31 - [TEST_STEP][PASSED] - Statement - out.println("Stock QTY : " + StockQty): null

2018-05-30 14:40:31 - [TEST_STEP][PASSED] - delay: Delayed 2 second(s)

2018-05-30 14:40:33 - [MESSAGE][PASSED] - Delayed 2 second(s)

2018-05-30 14:40:33 - [TEST_STEP][PASSED] - Statement - If (java.lang.Integer.valueOf(StockQty) >= java.lang.Integer.valueOf(RequestedQty)): null

2018-05-30 14:40:33 - [TEST_STEP][PASSED] - delay: Delayed 1 second(s)

2018-05-30 14:40:34 - [MESSAGE][PASSED] - Delayed 1 second(s)

2018-05-30 14:40:34 - [TEST_STEP][PASSED] - setText: Text '10' is set on object 'Object Repository/Emergency/Page_Store/input_txtqty'

2018-05-30 14:40:35 - [MESSAGE][PASSED] - Text '10' is set on object 'Object Repository/Emergency/Page_Store/input_txtqty'

2018-05-30 14:40:35 - [TEST_STEP][PASSED] - click: Object: 'Object Repository/Emergency/Page_Store/button_Add' is clicked on

2018-05-30 14:40:35 - [MESSAGE][PASSED] - Object: 'Object Repository/Emergency/Page_Store/button_Add' is clicked on

2018-05-30 14:40:35 - [TEST_STEP][PASSED] - Statement - Break: null

2018-05-30 14:40:35 - [TEST_STEP][PASSED] - selectOptionByIndex: All options with index in [27] are selected on object 'Object Repository/Emergency/Page_Store/select_--Select--Amikacin -500'

2018-05-30 14:40:35 - [MESSAGE][PASSED] - All options with index in [27] are selected on object 'Object Repository/Emergency/Page_Store/select_--Select--Amikacin -500'

2018-05-30 14:40:35 - [TEST_STEP][PASSED] - delay: Delayed 1 second(s)

2018-05-30 14:40:36 - [MESSAGE][PASSED] - Delayed 1 second(s)

2018-05-30 14:40:36 - [TEST_STEP][PASSED] - Statement - RequestedQty = com.kms.katalon.core.webui.keyword.WebUiBuiltInKeywords.getAttribute(com.kms.katalon.core.testobject.ObjectRepository.findTestObject(Emergency/Page_Store/input_txttotal), "value"): Attribute 'value' of object 'Object Repository/Emergency/Page_Store/input_txttotal' is: '10'

2018-05-30 14:40:36 - [MESSAGE][PASSED] - Attribute 'value' of object 'Object Repository/Emergency/Page_Store/input_txttotal' is: '10'

2018-05-30 14:40:36 - [TEST_STEP][PASSED] - Statement - out.println("Requested QTY : " + RequestedQty): null

2018-05-30 14:40:36 - [TEST_STEP][PASSED] - Statement - BatchNumber = com.kms.katalon.core.webui.keyword.WebUiBuiltInKeywords.getNumberOfTotalOption(com.kms.katalon.core.testobject.ObjectRepository.findTestObject(Emergency/Page_Store/select_--Select--BA1150BA4110)): 3 options of object 'Object Repository/Emergency/Page_Store/select_--Select--BA1150BA4110' counted

2018-05-30 14:40:36 - [MESSAGE][PASSED] - 3 options of object 'Object Repository/Emergency/Page_Store/select_--Select--BA1150BA4110' counted

2018-05-30 14:40:36 - [TEST_STEP][PASSED] - Statement - For ([g = 1, g <= BatchNumber - 1, (g++)]): null

2018-05-30 14:40:36 - [TEST_STEP][PASSED] - selectOptionByIndex: All options with index in [1] are selected on object 'Object Repository/Emergency/Page_Store/select_--Select--BA1150BA4110'

2018-05-30 14:40:36 - [MESSAGE][PASSED] - All options with index in [1] are selected on object 'Object Repository/Emergency/Page_Store/select_--Select--BA1150BA4110'

2018-05-30 14:40:36 - [TEST_STEP][PASSED] - delay: Delayed 2 second(s)

2018-05-30 14:40:38 - [MESSAGE][PASSED] - Delayed 2 second(s)

2018-05-30 14:40:38 - [TEST_STEP][PASSED] - Statement - Try: null

2018-05-30 14:40:38 - [TEST_STEP][PASSED] - Statement - StockQty = com.kms.katalon.core.webui.keyword.WebUiBuiltInKeywords.getAttribute(com.kms.katalon.core.testobject.ObjectRepository.findTestObject(Emergency/Page_Store/input_txtprice), "value"): Attribute 'value' of object 'Object Repository/Emergency/Page_Store/input_txtprice' is: '1380'

2018-05-30 14:40:38 - [MESSAGE][PASSED] - Attribute 'value' of object 'Object Repository/Emergency/Page_Store/input_txtprice' is: '1380'

2018-05-30 14:40:38 - [TEST_STEP][PASSED] - Statement - out.println("Stock QTY : " + StockQty): null

2018-05-30 14:40:38 - [TEST_STEP][PASSED] - delay: Delayed 2 second(s)

2018-05-30 14:40:40 - [MESSAGE][PASSED] - Delayed 2 second(s)

2018-05-30 14:40:40 - [TEST_STEP][PASSED] - Statement - If (java.lang.Integer.valueOf(StockQty) >= java.lang.Integer.valueOf(RequestedQty)): null

2018-05-30 14:40:40 - [TEST_STEP][PASSED] - delay: Delayed 1 second(s)

2018-05-30 14:40:41 - [MESSAGE][PASSED] - Delayed 1 second(s)

2018-05-30 14:40:41 - [TEST_STEP][PASSED] - setText: Text '10' is set on object 'Object Repository/Emergency/Page_Store/input_txtqty'

2018-05-30 14:40:41 - [MESSAGE][PASSED] - Text '10' is set on object 'Object Repository/Emergency/Page_Store/input_txtqty'

2018-05-30 14:40:41 - [TEST_STEP][PASSED] - click: Object: 'Object Repository/Emergency/Page_Store/button_Add' is clicked on

2018-05-30 14:40:42 - [MESSAGE][PASSED] - Object: 'Object Repository/Emergency/Page_Store/button_Add' is clicked on

2018-05-30 14:40:42 - [TEST_STEP][PASSED] - Statement - Break: null

2018-05-30 14:40:42 - [TEST_STEP][PASSED] - selectOptionByIndex: All options with index in [28] are selected on object 'Object Repository/Emergency/Page_Store/select_--Select--Amikacin -500'

2018-05-30 14:40:42 - [MESSAGE][PASSED] - All options with index in [28] are selected on object 'Object Repository/Emergency/Page_Store/select_--Select--Amikacin -500'

2018-05-30 14:40:42 - [TEST_STEP][PASSED] - delay: Delayed 1 second(s)

2018-05-30 14:40:43 - [MESSAGE][PASSED] - Delayed 1 second(s)

2018-05-30 14:40:43 - [TEST_STEP][PASSED] - Statement - RequestedQty = com.kms.katalon.core.webui.keyword.WebUiBuiltInKeywords.getAttribute(com.kms.katalon.core.testobject.ObjectRepository.findTestObject(Emergency/Page_Store/input_txttotal), "value"): Attribute 'value' of object 'Object Repository/Emergency/Page_Store/input_txttotal' is: '10'

2018-05-30 14:40:43 - [MESSAGE][PASSED] - Attribute 'value' of object 'Object Repository/Emergency/Page_Store/input_txttotal' is: '10'

2018-05-30 14:40:43 - [TEST_STEP][PASSED] - Statement - out.println("Requested QTY : " + RequestedQty): null

2018-05-30 14:40:43 - [TEST_STEP][PASSED] - Statement - BatchNumber = com.kms.katalon.core.webui.keyword.WebUiBuiltInKeywords.getNumberOfTotalOption(com.kms.katalon.core.testobject.ObjectRepository.findTestObject(Emergency/Page_Store/select_--Select--BA1150BA4110)): 4 options of object 'Object Repository/Emergency/Page_Store/select_--Select--BA1150BA4110' counted

2018-05-30 14:40:43 - [MESSAGE][PASSED] - 4 options of object 'Object Repository/Emergency/Page_Store/select_--Select--BA1150BA4110' counted

2018-05-30 14:40:43 - [TEST_STEP][PASSED] - Statement - For ([g = 1, g <= BatchNumber - 1, (g++)]): null

2018-05-30 14:40:43 - [TEST_STEP][PASSED] - selectOptionByIndex: All options with index in [1] are selected on object 'Object Repository/Emergency/Page_Store/select_--Select--BA1150BA4110'

2018-05-30 14:40:43 - [MESSAGE][PASSED] - All options with index in [1] are selected on object 'Object Repository/Emergency/Page_Store/select_--Select--BA1150BA4110'

2018-05-30 14:40:43 - [TEST_STEP][PASSED] - delay: Delayed 2 second(s)

2018-05-30 14:40:45 - [MESSAGE][PASSED] - Delayed 2 second(s)

2018-05-30 14:40:45 - [TEST_STEP][PASSED] - Statement - Try: null

2018-05-30 14:40:45 - [TEST_STEP][PASSED] - Statement - StockQty = com.kms.katalon.core.webui.keyword.WebUiBuiltInKeywords.getAttribute(com.kms.katalon.core.testobject.ObjectRepository.findTestObject(Emergency/Page_Store/input_txtprice), "value"): Attribute 'value' of object 'Object Repository/Emergency/Page_Store/input_txtprice' is: '340'

2018-05-30 14:40:45 - [MESSAGE][PASSED] - Attribute 'value' of object 'Object Repository/Emergency/Page_Store/input_txtprice' is: '340'

2018-05-30 14:40:45 - [TEST_STEP][PASSED] - Statement - out.println("Stock QTY : " + StockQty): null

2018-05-30 14:40:45 - [TEST_STEP][PASSED] - delay: Delayed 2 second(s)

2018-05-30 14:40:47 - [MESSAGE][PASSED] - Delayed 2 second(s)

2018-05-30 14:40:47 - [TEST_STEP][PASSED] - Statement - If (java.lang.Integer.valueOf(StockQty) >= java.lang.Integer.valueOf(RequestedQty)): null

2018-05-30 14:40:47 - [TEST_STEP][PASSED] - delay: Delayed 1 second(s)

2018-05-30 14:40:48 - [MESSAGE][PASSED] - Delayed 1 second(s)

2018-05-30 14:40:48 - [TEST_STEP][PASSED] - setText: Text '10' is set on object 'Object Repository/Emergency/Page_Store/input_txtqty'

2018-05-30 14:40:48 - [MESSAGE][PASSED] - Text '10' is set on object 'Object Repository/Emergency/Page_Store/input_txtqty'

2018-05-30 14:40:48 - [TEST_STEP][PASSED] - click: Object: 'Object Repository/Emergency/Page_Store/button_Add' is clicked on

2018-05-30 14:40:48 - [MESSAGE][PASSED] - Object: 'Object Repository/Emergency/Page_Store/button_Add' is clicked on

2018-05-30 14:40:48 - [TEST_STEP][PASSED] - Statement - Break: null

2018-05-30 14:40:48 - [TEST_STEP][PASSED] - selectOptionByIndex: All options with index in [29] are selected on object 'Object Repository/Emergency/Page_Store/select_--Select--Amikacin -500'

2018-05-30 14:40:49 - [MESSAGE][PASSED] - All options with index in [29] are selected on object 'Object Repository/Emergency/Page_Store/select_--Select--Amikacin -500'

2018-05-30 14:40:49 - [TEST_STEP][PASSED] - delay: Delayed 1 second(s)

2018-05-30 14:40:50 - [MESSAGE][PASSED] - Delayed 1 second(s)

2018-05-30 14:40:50 - [TEST_STEP][PASSED] - Statement - RequestedQty = com.kms.katalon.core.webui.keyword.WebUiBuiltInKeywords.getAttribute(com.kms.katalon.core.testobject.ObjectRepository.findTestObject(Emergency/Page_Store/input_txttotal), "value"): Attribute 'value' of object 'Object Repository/Emergency/Page_Store/input_txttotal' is: '10'

2018-05-30 14:40:50 - [MESSAGE][PASSED] - Attribute 'value' of object 'Object Repository/Emergency/Page_Store/input_txttotal' is: '10'

2018-05-30 14:40:50 - [TEST_STEP][PASSED] - Statement - out.println("Requested QTY : " + RequestedQty): null

2018-05-30 14:40:50 - [TEST_STEP][PASSED] - Statement - BatchNumber = com.kms.katalon.core.webui.keyword.WebUiBuiltInKeywords.getNumberOfTotalOption(com.kms.katalon.core.testobject.ObjectRepository.findTestObject(Emergency/Page_Store/select_--Select--BA1150BA4110)): 3 options of object 'Object Repository/Emergency/Page_Store/select_--Select--BA1150BA4110' counted

2018-05-30 14:40:50 - [MESSAGE][PASSED] - 3 options of object 'Object Repository/Emergency/Page_Store/select_--Select--BA1150BA4110' counted

2018-05-30 14:40:50 - [TEST_STEP][PASSED] - Statement - For ([g = 1, g <= BatchNumber - 1, (g++)]): null

2018-05-30 14:40:50 - [TEST_STEP][PASSED] - selectOptionByIndex: All options with index in [1] are selected on object 'Object Repository/Emergency/Page_Store/select_--Select--BA1150BA4110'

2018-05-30 14:40:50 - [MESSAGE][PASSED] - All options with index in [1] are selected on object 'Object Repository/Emergency/Page_Store/select_--Select--BA1150BA4110'

2018-05-30 14:40:50 - [TEST_STEP][PASSED] - delay: Delayed 2 second(s)

2018-05-30 14:40:52 - [MESSAGE][PASSED] - Delayed 2 second(s)

2018-05-30 14:40:52 - [TEST_STEP][PASSED] - Statement - Try: null

2018-05-30 14:40:52 - [TEST_STEP][PASSED] - Statement - StockQty = com.kms.katalon.core.webui.keyword.WebUiBuiltInKeywords.getAttribute(com.kms.katalon.core.testobject.ObjectRepository.findTestObject(Emergency/Page_Store/input_txtprice), "value"): Attribute 'value' of object 'Object Repository/Emergency/Page_Store/input_txtprice' is: '1380'

2018-05-30 14:40:52 - [MESSAGE][PASSED] - Attribute 'value' of object 'Object Repository/Emergency/Page_Store/input_txtprice' is: '1380'

2018-05-30 14:40:52 - [TEST_STEP][PASSED] - Statement - out.println("Stock QTY : " + StockQty): null

2018-05-30 14:40:52 - [TEST_STEP][PASSED] - delay: Delayed 2 second(s)

2018-05-30 14:40:54 - [MESSAGE][PASSED] - Delayed 2 second(s)

2018-05-30 14:40:54 - [TEST_STEP][PASSED] - Statement - If (java.lang.Integer.valueOf(StockQty) >= java.lang.Integer.valueOf(RequestedQty)): null

2018-05-30 14:40:54 - [TEST_STEP][PASSED] - delay: Delayed 1 second(s)

2018-05-30 14:40:55 - [MESSAGE][PASSED] - Delayed 1 second(s)

2018-05-30 14:40:55 - [TEST_STEP][PASSED] - setText: Text '10' is set on object 'Object Repository/Emergency/Page_Store/input_txtqty'

2018-05-30 14:40:55 - [MESSAGE][PASSED] - Text '10' is set on object 'Object Repository/Emergency/Page_Store/input_txtqty'

2018-05-30 14:40:55 - [TEST_STEP][PASSED] - click: Object: 'Object Repository/Emergency/Page_Store/button_Add' is clicked on

2018-05-30 14:40:55 - [MESSAGE][PASSED] - Object: 'Object Repository/Emergency/Page_Store/button_Add' is clicked on

2018-05-30 14:40:55 - [TEST_STEP][PASSED] - Statement - Break: null

2018-05-30 14:40:55 - [TEST_STEP][PASSED] - selectOptionByIndex: All options with index in [30] are selected on object 'Object Repository/Emergency/Page_Store/select_--Select--Amikacin -500'

2018-05-30 14:40:56 - [MESSAGE][PASSED] - All options with index in [30] are selected on object 'Object Repository/Emergency/Page_Store/select_--Select--Amikacin -500'

2018-05-30 14:40:56 - [TEST_STEP][PASSED] - delay: Delayed 1 second(s)

2018-05-30 14:40:57 - [MESSAGE][PASSED] - Delayed 1 second(s)

2018-05-30 14:40:57 - [TEST_STEP][PASSED] - Statement - RequestedQty = com.kms.katalon.core.webui.keyword.WebUiBuiltInKeywords.getAttribute(com.kms.katalon.core.testobject.ObjectRepository.findTestObject(Emergency/Page_Store/input_txttotal), "value"): Attribute 'value' of object 'Object Repository/Emergency/Page_Store/input_txttotal' is: '10'

2018-05-30 14:40:57 - [MESSAGE][PASSED] - Attribute 'value' of object 'Object Repository/Emergency/Page_Store/input_txttotal' is: '10'

2018-05-30 14:40:57 - [TEST_STEP][PASSED] - Statement - out.println("Requested QTY : " + RequestedQty): null

2018-05-30 14:40:57 - [TEST_STEP][PASSED] - Statement - BatchNumber = com.kms.katalon.core.webui.keyword.WebUiBuiltInKeywords.getNumberOfTotalOption(com.kms.katalon.core.testobject.ObjectRepository.findTestObject(Emergency/Page_Store/select_--Select--BA1150BA4110)): 3 options of object 'Object Repository/Emergency/Page_Store/select_--Select--BA1150BA4110' counted

2018-05-30 14:40:57 - [MESSAGE][PASSED] - 3 options of object 'Object Repository/Emergency/Page_Store/select_--Select--BA1150BA4110' counted

2018-05-30 14:40:57 - [TEST_STEP][PASSED] - Statement - For ([g = 1, g <= BatchNumber - 1, (g++)]): null

2018-05-30 14:40:57 - [TEST_STEP][PASSED] - selectOptionByIndex: All options with index in [1] are selected on object 'Object Repository/Emergency/Page_Store/select_--Select--BA1150BA4110'

2018-05-30 14:40:57 - [MESSAGE][PASSED] - All options with index in [1] are selected on object 'Object Repository/Emergency/Page_Store/select_--Select--BA1150BA4110'

2018-05-30 14:40:57 - [TEST_STEP][PASSED] - delay: Delayed 2 second(s)

2018-05-30 14:40:59 - [MESSAGE][PASSED] - Delayed 2 second(s)

2018-05-30 14:40:59 - [TEST_STEP][PASSED] - Statement - Try: null

2018-05-30 14:40:59 - [TEST_STEP][PASSED] - Statement - StockQty = com.kms.katalon.core.webui.keyword.WebUiBuiltInKeywords.getAttribute(com.kms.katalon.core.testobject.ObjectRepository.findTestObject(Emergency/Page_Store/input_txtprice), "value"): Attribute 'value' of object 'Object Repository/Emergency/Page_Store/input_txtprice' is: '1380'

2018-05-30 14:40:59 - [MESSAGE][PASSED] - Attribute 'value' of object 'Object Repository/Emergency/Page_Store/input_txtprice' is: '1380'

2018-05-30 14:40:59 - [TEST_STEP][PASSED] - Statement - out.println("Stock QTY : " + StockQty): null

2018-05-30 14:40:59 - [TEST_STEP][PASSED] - delay: Delayed 2 second(s)

2018-05-30 14:41:01 - [MESSAGE][PASSED] - Delayed 2 second(s)

2018-05-30 14:41:01 - [TEST_STEP][PASSED] - Statement - If (java.lang.Integer.valueOf(StockQty) >= java.lang.Integer.valueOf(RequestedQty)): null

2018-05-30 14:41:01 - [TEST_STEP][PASSED] - delay: Delayed 1 second(s)

2018-05-30 14:41:02 - [MESSAGE][PASSED] - Delayed 1 second(s)

2018-05-30 14:41:02 - [TEST_STEP][PASSED] - setText: Text '10' is set on object 'Object Repository/Emergency/Page_Store/input_txtqty'

2018-05-30 14:41:05 - [MESSAGE][PASSED] - Text '10' is set on object 'Object Repository/Emergency/Page_Store/input_txtqty'

2018-05-30 14:41:05 - [TEST_STEP][PASSED] - click: Object: 'Object Repository/Emergency/Page_Store/button_Add' is clicked on

2018-05-30 14:41:05 - [MESSAGE][PASSED] - Object: 'Object Repository/Emergency/Page_Store/button_Add' is clicked on

2018-05-30 14:41:05 - [TEST_STEP][PASSED] - Statement - Break: null

2018-05-30 14:41:05 - [TEST_STEP][PASSED] - selectOptionByIndex: All options with index in [31] are selected on object 'Object Repository/Emergency/Page_Store/select_--Select--Amikacin -500'

2018-05-30 14:41:05 - [MESSAGE][PASSED] - All options with index in [31] are selected on object 'Object Repository/Emergency/Page_Store/select_--Select--Amikacin -500'

2018-05-30 14:41:05 - [TEST_STEP][PASSED] - delay: Delayed 1 second(s)

2018-05-30 14:41:06 - [MESSAGE][PASSED] - Delayed 1 second(s)

2018-05-30 14:41:06 - [TEST_STEP][PASSED] - Statement - RequestedQty = com.kms.katalon.core.webui.keyword.WebUiBuiltInKeywords.getAttribute(com.kms.katalon.core.testobject.ObjectRepository.findTestObject(Emergency/Page_Store/input_txttotal), "value"): Attribute 'value' of object 'Object Repository/Emergency/Page_Store/input_txttotal' is: '10'

2018-05-30 14:41:06 - [MESSAGE][PASSED] - Attribute 'value' of object 'Object Repository/Emergency/Page_Store/input_txttotal' is: '10'

2018-05-30 14:41:06 - [TEST_STEP][PASSED] - Statement - out.println("Requested QTY : " + RequestedQty): null

2018-05-30 14:41:06 - [TEST_STEP][PASSED] - Statement - BatchNumber = com.kms.katalon.core.webui.keyword.WebUiBuiltInKeywords.getNumberOfTotalOption(com.kms.katalon.core.testobject.ObjectRepository.findTestObject(Emergency/Page_Store/select_--Select--BA1150BA4110)): 4 options of object 'Object Repository/Emergency/Page_Store/select_--Select--BA1150BA4110' counted

2018-05-30 14:41:06 - [MESSAGE][PASSED] - 4 options of object 'Object Repository/Emergency/Page_Store/select_--Select--BA1150BA4110' counted

2018-05-30 14:41:06 - [TEST_STEP][PASSED] - Statement - For ([g = 1, g <= BatchNumber - 1, (g++)]): null

2018-05-30 14:41:06 - [TEST_STEP][PASSED] - selectOptionByIndex: All options with index in [1] are selected on object 'Object Repository/Emergency/Page_Store/select_--Select--BA1150BA4110'

2018-05-30 14:41:07 - [MESSAGE][PASSED] - All options with index in [1] are selected on object 'Object Repository/Emergency/Page_Store/select_--Select--BA1150BA4110'

2018-05-30 14:41:07 - [TEST_STEP][PASSED] - delay: Delayed 2 second(s)

2018-05-30 14:41:09 - [MESSAGE][PASSED] - Delayed 2 second(s)

2018-05-30 14:41:09 - [TEST_STEP][PASSED] - Statement - Try: null

2018-05-30 14:41:09 - [TEST_STEP][PASSED] - Statement - StockQty = com.kms.katalon.core.webui.keyword.WebUiBuiltInKeywords.getAttribute(com.kms.katalon.core.testobject.ObjectRepository.findTestObject(Emergency/Page_Store/input_txtprice), "value"): Attribute 'value' of object 'Object Repository/Emergency/Page_Store/input_txtprice' is: '340'

2018-05-30 14:41:09 - [MESSAGE][PASSED] - Attribute 'value' of object 'Object Repository/Emergency/Page_Store/input_txtprice' is: '340'

2018-05-30 14:41:09 - [TEST_STEP][PASSED] - Statement - out.println("Stock QTY : " + StockQty): null

2018-05-30 14:41:09 - [TEST_STEP][PASSED] - delay: Delayed 2 second(s)

2018-05-30 14:41:11 - [MESSAGE][PASSED] - Delayed 2 second(s)

2018-05-30 14:41:11 - [TEST_STEP][PASSED] - Statement - If (java.lang.Integer.valueOf(StockQty) >= java.lang.Integer.valueOf(RequestedQty)): null

2018-05-30 14:41:11 - [TEST_STEP][PASSED] - delay: Delayed 1 second(s)

2018-05-30 14:41:12 - [MESSAGE][PASSED] - Delayed 1 second(s)

2018-05-30 14:41:12 - [TEST_STEP][PASSED] - setText: Text '10' is set on object 'Object Repository/Emergency/Page_Store/input_txtqty'

2018-05-30 14:41:12 - [MESSAGE][PASSED] - Text '10' is set on object 'Object Repository/Emergency/Page_Store/input_txtqty'

2018-05-30 14:41:12 - [TEST_STEP][PASSED] - click: Object: 'Object Repository/Emergency/Page_Store/button_Add' is clicked on

2018-05-30 14:41:12 - [MESSAGE][PASSED] - Object: 'Object Repository/Emergency/Page_Store/button_Add' is clicked on

2018-05-30 14:41:12 - [TEST_STEP][PASSED] - Statement - Break: null

2018-05-30 14:41:12 - [TEST_STEP][PASSED] - selectOptionByIndex: All options with index in [32] are selected on object 'Object Repository/Emergency/Page_Store/select_--Select--Amikacin -500'

2018-05-30 14:41:12 - [MESSAGE][PASSED] - All options with index in [32] are selected on object 'Object Repository/Emergency/Page_Store/select_--Select--Amikacin -500'

2018-05-30 14:41:12 - [TEST_STEP][PASSED] - delay: Delayed 1 second(s)

2018-05-30 14:41:13 - [MESSAGE][PASSED] - Delayed 1 second(s)

2018-05-30 14:41:13 - [TEST_STEP][PASSED] - Statement - RequestedQty = com.kms.katalon.core.webui.keyword.WebUiBuiltInKeywords.getAttribute(com.kms.katalon.core.testobject.ObjectRepository.findTestObject(Emergency/Page_Store/input_txttotal), "value"): Attribute 'value' of object 'Object Repository/Emergency/Page_Store/input_txttotal' is: '10'

2018-05-30 14:41:13 - [MESSAGE][PASSED] - Attribute 'value' of object 'Object Repository/Emergency/Page_Store/input_txttotal' is: '10'

2018-05-30 14:41:13 - [TEST_STEP][PASSED] - Statement - out.println("Requested QTY : " + RequestedQty): null

2018-05-30 14:41:13 - [TEST_STEP][PASSED] - Statement - BatchNumber = com.kms.katalon.core.webui.keyword.WebUiBuiltInKeywords.getNumberOfTotalOption(com.kms.katalon.core.testobject.ObjectRepository.findTestObject(Emergency/Page_Store/select_--Select--BA1150BA4110)): 4 options of object 'Object Repository/Emergency/Page_Store/select_--Select--BA1150BA4110' counted

2018-05-30 14:41:13 - [MESSAGE][PASSED] - 4 options of object 'Object Repository/Emergency/Page_Store/select_--Select--BA1150BA4110' counted

2018-05-30 14:41:13 - [TEST_STEP][PASSED] - Statement - For ([g = 1, g <= BatchNumber - 1, (g++)]): null

2018-05-30 14:41:13 - [TEST_STEP][PASSED] - selectOptionByIndex: All options with index in [1] are selected on object 'Object Repository/Emergency/Page_Store/select_--Select--BA1150BA4110'

2018-05-30 14:41:14 - [MESSAGE][PASSED] - All options with index in [1] are selected on object 'Object Repository/Emergency/Page_Store/select_--Select--BA1150BA4110'

2018-05-30 14:41:14 - [TEST_STEP][PASSED] - delay: Delayed 2 second(s)

2018-05-30 14:41:16 - [MESSAGE][PASSED] - Delayed 2 second(s)

2018-05-30 14:41:16 - [TEST_STEP][PASSED] - Statement - Try: null

2018-05-30 14:41:16 - [TEST_STEP][PASSED] - Statement - StockQty = com.kms.katalon.core.webui.keyword.WebUiBuiltInKeywords.getAttribute(com.kms.katalon.core.testobject.ObjectRepository.findTestObject(Emergency/Page_Store/input_txtprice), "value"): Attribute 'value' of object 'Object Repository/Emergency/Page_Store/input_txtprice' is: '1280'

2018-05-30 14:41:16 - [MESSAGE][PASSED] - Attribute 'value' of object 'Object Repository/Emergency/Page_Store/input_txtprice' is: '1280'

2018-05-30 14:41:16 - [TEST_STEP][PASSED] - Statement - out.println("Stock QTY : " + StockQty): null

2018-05-30 14:41:16 - [TEST_STEP][PASSED] - delay: Delayed 2 second(s)

2018-05-30 14:41:18 - [MESSAGE][PASSED] - Delayed 2 second(s)

2018-05-30 14:41:18 - [TEST_STEP][PASSED] - Statement - If (java.lang.Integer.valueOf(StockQty) >= java.lang.Integer.valueOf(RequestedQty)): null

2018-05-30 14:41:18 - [TEST_STEP][PASSED] - delay: Delayed 1 second(s)

2018-05-30 14:41:19 - [MESSAGE][PASSED] - Delayed 1 second(s)

2018-05-30 14:41:19 - [TEST_STEP][PASSED] - setText: Text '10' is set on object 'Object Repository/Emergency/Page_Store/input_txtqty'

2018-05-30 14:41:19 - [MESSAGE][PASSED] - Text '10' is set on object 'Object Repository/Emergency/Page_Store/input_txtqty'

2018-05-30 14:41:19 - [TEST_STEP][PASSED] - click: Object: 'Object Repository/Emergency/Page_Store/button_Add' is clicked on

2018-05-30 14:41:19 - [MESSAGE][PASSED] - Object: 'Object Repository/Emergency/Page_Store/button_Add' is clicked on

2018-05-30 14:41:19 - [TEST_STEP][PASSED] - Statement - Break: null

2018-05-30 14:41:19 - [TEST_STEP][PASSED] - selectOptionByIndex: All options with index in [33] are selected on object 'Object Repository/Emergency/Page_Store/select_--Select--Amikacin -500'

2018-05-30 14:41:19 - [MESSAGE][PASSED] - All options with index in [33] are selected on object 'Object Repository/Emergency/Page_Store/select_--Select--Amikacin -500'

2018-05-30 14:41:19 - [TEST_STEP][PASSED] - delay: Delayed 1 second(s)

2018-05-30 14:41:20 - [MESSAGE][PASSED] - Delayed 1 second(s)

2018-05-30 14:41:20 - [TEST_STEP][PASSED] - Statement - RequestedQty = com.kms.katalon.core.webui.keyword.WebUiBuiltInKeywords.getAttribute(com.kms.katalon.core.testobject.ObjectRepository.findTestObject(Emergency/Page_Store/input_txttotal), "value"): Attribute 'value' of object 'Object Repository/Emergency/Page_Store/input_txttotal' is: '10'

2018-05-30 14:41:20 - [MESSAGE][PASSED] - Attribute 'value' of object 'Object Repository/Emergency/Page_Store/input_txttotal' is: '10'

2018-05-30 14:41:20 - [TEST_STEP][PASSED] - Statement - out.println("Requested QTY : " + RequestedQty): null

2018-05-30 14:41:20 - [TEST_STEP][PASSED] - Statement - BatchNumber = com.kms.katalon.core.webui.keyword.WebUiBuiltInKeywords.getNumberOfTotalOption(com.kms.katalon.core.testobject.ObjectRepository.findTestObject(Emergency/Page_Store/select_--Select--BA1150BA4110)): 3 options of object 'Object Repository/Emergency/Page_Store/select_--Select--BA1150BA4110' counted

2018-05-30 14:41:20 - [MESSAGE][PASSED] - 3 options of object 'Object Repository/Emergency/Page_Store/select_--Select--BA1150BA4110' counted

2018-05-30 14:41:20 - [TEST_STEP][PASSED] - Statement - For ([g = 1, g <= BatchNumber - 1, (g++)]): null

2018-05-30 14:41:20 - [TEST_STEP][PASSED] - selectOptionByIndex: All options with index in [1] are selected on object 'Object Repository/Emergency/Page_Store/select_--Select--BA1150BA4110'

2018-05-30 14:41:21 - [MESSAGE][PASSED] - All options with index in [1] are selected on object 'Object Repository/Emergency/Page_Store/select_--Select--BA1150BA4110'

2018-05-30 14:41:21 - [TEST_STEP][PASSED] - delay: Delayed 2 second(s)

2018-05-30 14:41:23 - [MESSAGE][PASSED] - Delayed 2 second(s)

2018-05-30 14:41:23 - [TEST_STEP][PASSED] - Statement - Try: null

2018-05-30 14:41:23 - [TEST_STEP][PASSED] - Statement - StockQty = com.kms.katalon.core.webui.keyword.WebUiBuiltInKeywords.getAttribute(com.kms.katalon.core.testobject.ObjectRepository.findTestObject(Emergency/Page_Store/input_txtprice), "value"): Attribute 'value' of object 'Object Repository/Emergency/Page_Store/input_txtprice' is: '1400'

2018-05-30 14:41:23 - [MESSAGE][PASSED] - Attribute 'value' of object 'Object Repository/Emergency/Page_Store/input_txtprice' is: '1400'

2018-05-30 14:41:23 - [TEST_STEP][PASSED] - Statement - out.println("Stock QTY : " + StockQty): null

2018-05-30 14:41:23 - [TEST_STEP][PASSED] - delay: Delayed 2 second(s)

2018-05-30 14:41:25 - [MESSAGE][PASSED] - Delayed 2 second(s)

2018-05-30 14:41:25 - [TEST_STEP][PASSED] - Statement - If (java.lang.Integer.valueOf(StockQty) >= java.lang.Integer.valueOf(RequestedQty)): null

2018-05-30 14:41:25 - [TEST_STEP][PASSED] - delay: Delayed 1 second(s)

2018-05-30 14:41:26 - [MESSAGE][PASSED] - Delayed 1 second(s)

2018-05-30 14:41:26 - [TEST_STEP][PASSED] - setText: Text '10' is set on object 'Object Repository/Emergency/Page_Store/input_txtqty'

2018-05-30 14:41:26 - [MESSAGE][PASSED] - Text '10' is set on object 'Object Repository/Emergency/Page_Store/input_txtqty'

2018-05-30 14:41:26 - [TEST_STEP][PASSED] - click: Object: 'Object Repository/Emergency/Page_Store/button_Add' is clicked on

2018-05-30 14:41:26 - [MESSAGE][PASSED] - Object: 'Object Repository/Emergency/Page_Store/button_Add' is clicked on

2018-05-30 14:41:26 - [TEST_STEP][PASSED] - Statement - Break: null

2018-05-30 14:41:26 - [TEST_STEP][PASSED] - selectOptionByIndex: All options with index in [34] are selected on object 'Object Repository/Emergency/Page_Store/select_--Select--Amikacin -500'

2018-05-30 14:41:26 - [MESSAGE][PASSED] - All options with index in [34] are selected on object 'Object Repository/Emergency/Page_Store/select_--Select--Amikacin -500'

2018-05-30 14:41:26 - [TEST_STEP][PASSED] - delay: Delayed 1 second(s)

2018-05-30 14:41:27 - [MESSAGE][PASSED] - Delayed 1 second(s)

2018-05-30 14:41:27 - [TEST_STEP][PASSED] - Statement - RequestedQty = com.kms.katalon.core.webui.keyword.WebUiBuiltInKeywords.getAttribute(com.kms.katalon.core.testobject.ObjectRepository.findTestObject(Emergency/Page_Store/input_txttotal), "value"): Attribute 'value' of object 'Object Repository/Emergency/Page_Store/input_txttotal' is: '10'

2018-05-30 14:41:27 - [MESSAGE][PASSED] - Attribute 'value' of object 'Object Repository/Emergency/Page_Store/input_txttotal' is: '10'

2018-05-30 14:41:27 - [TEST_STEP][PASSED] - Statement - out.println("Requested QTY : " + RequestedQty): null

2018-05-30 14:41:27 - [TEST_STEP][PASSED] - Statement - BatchNumber = com.kms.katalon.core.webui.keyword.WebUiBuiltInKeywords.getNumberOfTotalOption(com.kms.katalon.core.testobject.ObjectRepository.findTestObject(Emergency/Page_Store/select_--Select--BA1150BA4110)): 3 options of object 'Object Repository/Emergency/Page_Store/select_--Select--BA1150BA4110' counted

2018-05-30 14:41:27 - [MESSAGE][PASSED] - 3 options of object 'Object Repository/Emergency/Page_Store/select_--Select--BA1150BA4110' counted

2018-05-30 14:41:27 - [TEST_STEP][PASSED] - Statement - For ([g = 1, g <= BatchNumber - 1, (g++)]): null

2018-05-30 14:41:27 - [TEST_STEP][PASSED] - selectOptionByIndex: All options with index in [1] are selected on object 'Object Repository/Emergency/Page_Store/select_--Select--BA1150BA4110'

2018-05-30 14:41:28 - [MESSAGE][PASSED] - All options with index in [1] are selected on object 'Object Repository/Emergency/Page_Store/select_--Select--BA1150BA4110'

2018-05-30 14:41:28 - [TEST_STEP][PASSED] - delay: Delayed 2 second(s)

2018-05-30 14:41:30 - [MESSAGE][PASSED] - Delayed 2 second(s)

2018-05-30 14:41:30 - [TEST_STEP][PASSED] - Statement - Try: null

2018-05-30 14:41:30 - [TEST_STEP][PASSED] - Statement - StockQty = com.kms.katalon.core.webui.keyword.WebUiBuiltInKeywords.getAttribute(com.kms.katalon.core.testobject.ObjectRepository.findTestObject(Emergency/Page_Store/input_txtprice), "value"): Attribute 'value' of object 'Object Repository/Emergency/Page_Store/input_txtprice' is: '1280'

2018-05-30 14:41:30 - [MESSAGE][PASSED] - Attribute 'value' of object 'Object Repository/Emergency/Page_Store/input_txtprice' is: '1280'

2018-05-30 14:41:30 - [TEST_STEP][PASSED] - Statement - out.println("Stock QTY : " + StockQty): null

2018-05-30 14:41:30 - [TEST_STEP][PASSED] - delay: Delayed 2 second(s)

2018-05-30 14:41:32 - [MESSAGE][PASSED] - Delayed 2 second(s)

2018-05-30 14:41:32 - [TEST_STEP][PASSED] - Statement - If (java.lang.Integer.valueOf(StockQty) >= java.lang.Integer.valueOf(RequestedQty)): null

2018-05-30 14:41:32 - [TEST_STEP][PASSED] - delay: Delayed 1 second(s)

2018-05-30 14:41:33 - [MESSAGE][PASSED] - Delayed 1 second(s)

2018-05-30 14:41:33 - [TEST_STEP][PASSED] - setText: Text '10' is set on object 'Object Repository/Emergency/Page_Store/input_txtqty'

2018-05-30 14:41:33 - [MESSAGE][PASSED] - Text '10' is set on object 'Object Repository/Emergency/Page_Store/input_txtqty'

2018-05-30 14:41:33 - [TEST_STEP][PASSED] - click: Object: 'Object Repository/Emergency/Page_Store/button_Add' is clicked on

2018-05-30 14:41:33 - [MESSAGE][PASSED] - Object: 'Object Repository/Emergency/Page_Store/button_Add' is clicked on

2018-05-30 14:41:33 - [TEST_STEP][PASSED] - Statement - Break: null

2018-05-30 14:41:33 - [TEST_STEP][PASSED] - selectOptionByIndex: All options with index in [35] are selected on object 'Object Repository/Emergency/Page_Store/select_--Select--Amikacin -500'

2018-05-30 14:41:33 - [MESSAGE][PASSED] - All options with index in [35] are selected on object 'Object Repository/Emergency/Page_Store/select_--Select--Amikacin -500'

2018-05-30 14:41:33 - [TEST_STEP][PASSED] - delay: Delayed 1 second(s)

2018-05-30 14:41:34 - [MESSAGE][PASSED] - Delayed 1 second(s)

2018-05-30 14:41:34 - [TEST_STEP][PASSED] - Statement - RequestedQty = com.kms.katalon.core.webui.keyword.WebUiBuiltInKeywords.getAttribute(com.kms.katalon.core.testobject.ObjectRepository.findTestObject(Emergency/Page_Store/input_txttotal), "value"): Attribute 'value' of object 'Object Repository/Emergency/Page_Store/input_txttotal' is: '10'

2018-05-30 14:41:35 - [MESSAGE][PASSED] - Attribute 'value' of object 'Object Repository/Emergency/Page_Store/input_txttotal' is: '10'

2018-05-30 14:41:35 - [TEST_STEP][PASSED] - Statement - out.println("Requested QTY : " + RequestedQty): null

2018-05-30 14:41:35 - [TEST_STEP][PASSED] - Statement - BatchNumber = com.kms.katalon.core.webui.keyword.WebUiBuiltInKeywords.getNumberOfTotalOption(com.kms.katalon.core.testobject.ObjectRepository.findTestObject(Emergency/Page_Store/select_--Select--BA1150BA4110)): 3 options of object 'Object Repository/Emergency/Page_Store/select_--Select--BA1150BA4110' counted

2018-05-30 14:41:35 - [MESSAGE][PASSED] - 3 options of object 'Object Repository/Emergency/Page_Store/select_--Select--BA1150BA4110' counted

2018-05-30 14:41:35 - [TEST_STEP][PASSED] - Statement - For ([g = 1, g <= BatchNumber - 1, (g++)]): null

2018-05-30 14:41:35 - [TEST_STEP][PASSED] - selectOptionByIndex: All options with index in [1] are selected on object 'Object Repository/Emergency/Page_Store/select_--Select--BA1150BA4110'

2018-05-30 14:41:36 - [MESSAGE][PASSED] - All options with index in [1] are selected on object 'Object Repository/Emergency/Page_Store/select_--Select--BA1150BA4110'

2018-05-30 14:41:36 - [TEST_STEP][PASSED] - delay: Delayed 2 second(s)

2018-05-30 14:41:38 - [MESSAGE][PASSED] - Delayed 2 second(s)

2018-05-30 14:41:38 - [TEST_STEP][PASSED] - Statement - Try: null

2018-05-30 14:41:38 - [TEST_STEP][PASSED] - Statement - StockQty = com.kms.katalon.core.webui.keyword.WebUiBuiltInKeywords.getAttribute(com.kms.katalon.core.testobject.ObjectRepository.findTestObject(Emergency/Page_Store/input_txtprice), "value"): Attribute 'value' of object 'Object Repository/Emergency/Page_Store/input_txtprice' is: '2280'

2018-05-30 14:41:39 - [MESSAGE][PASSED] - Attribute 'value' of object 'Object Repository/Emergency/Page_Store/input_txtprice' is: '2280'

2018-05-30 14:41:39 - [TEST_STEP][PASSED] - Statement - out.println("Stock QTY : " + StockQty): null

2018-05-30 14:41:39 - [TEST_STEP][PASSED] - delay: Delayed 2 second(s)

2018-05-30 14:41:41 - [MESSAGE][PASSED] - Delayed 2 second(s)

2018-05-30 14:41:41 - [TEST_STEP][PASSED] - Statement - If (java.lang.Integer.valueOf(StockQty) >= java.lang.Integer.valueOf(RequestedQty)): null

2018-05-30 14:41:41 - [TEST_STEP][PASSED] - delay: Delayed 1 second(s)

2018-05-30 14:41:42 - [MESSAGE][PASSED] - Delayed 1 second(s)

2018-05-30 14:41:42 - [TEST_STEP][PASSED] - setText: Text '10' is set on object 'Object Repository/Emergency/Page_Store/input_txtqty'

2018-05-30 14:41:43 - [MESSAGE][PASSED] - Text '10' is set on object 'Object Repository/Emergency/Page_Store/input_txtqty'

2018-05-30 14:41:43 - [TEST_STEP][PASSED] - click: Object: 'Object Repository/Emergency/Page_Store/button_Add' is clicked on

2018-05-30 14:41:43 - [MESSAGE][PASSED] - Object: 'Object Repository/Emergency/Page_Store/button_Add' is clicked on

2018-05-30 14:41:43 - [TEST_STEP][PASSED] - Statement - Break: null

2018-05-30 14:41:43 - [TEST_STEP][PASSED] - selectOptionByIndex: All options with index in [36] are selected on object 'Object Repository/Emergency/Page_Store/select_--Select--Amikacin -500'

2018-05-30 14:41:44 - [MESSAGE][PASSED] - All options with index in [36] are selected on object 'Object Repository/Emergency/Page_Store/select_--Select--Amikacin -500'

2018-05-30 14:41:44 - [TEST_STEP][PASSED] - delay: Delayed 1 second(s)

2018-05-30 14:41:45 - [MESSAGE][PASSED] - Delayed 1 second(s)

2018-05-30 14:41:45 - [TEST_STEP][PASSED] - Statement - RequestedQty = com.kms.katalon.core.webui.keyword.WebUiBuiltInKeywords.getAttribute(com.kms.katalon.core.testobject.ObjectRepository.findTestObject(Emergency/Page_Store/input_txttotal), "value"): Attribute 'value' of object 'Object Repository/Emergency/Page_Store/input_txttotal' is: '10'

2018-05-30 14:41:46 - [MESSAGE][PASSED] - Attribute 'value' of object 'Object Repository/Emergency/Page_Store/input_txttotal' is: '10'

2018-05-30 14:41:46 - [TEST_STEP][PASSED] - Statement - out.println("Requested QTY : " + RequestedQty): null

2018-05-30 14:41:46 - [TEST_STEP][PASSED] - Statement - BatchNumber = com.kms.katalon.core.webui.keyword.WebUiBuiltInKeywords.getNumberOfTotalOption(com.kms.katalon.core.testobject.ObjectRepository.findTestObject(Emergency/Page_Store/select_--Select--BA1150BA4110)): 5 options of object 'Object Repository/Emergency/Page_Store/select_--Select--BA1150BA4110' counted

2018-05-30 14:41:46 - [MESSAGE][PASSED] - 5 options of object 'Object Repository/Emergency/Page_Store/select_--Select--BA1150BA4110' counted

2018-05-30 14:41:46 - [TEST_STEP][PASSED] - Statement - For ([g = 1, g <= BatchNumber - 1, (g++)]): null

2018-05-30 14:41:46 - [TEST_STEP][PASSED] - selectOptionByIndex: All options with index in [1] are selected on object 'Object Repository/Emergency/Page_Store/select_--Select--BA1150BA4110'

2018-05-30 14:41:47 - [MESSAGE][PASSED] - All options with index in [1] are selected on object 'Object Repository/Emergency/Page_Store/select_--Select--BA1150BA4110'

2018-05-30 14:41:47 - [TEST_STEP][PASSED] - delay: Delayed 2 second(s)

2018-05-30 14:41:49 - [MESSAGE][PASSED] - Delayed 2 second(s)

2018-05-30 14:41:49 - [TEST_STEP][PASSED] - Statement - Try: null

2018-05-30 14:41:49 - [TEST_STEP][PASSED] - Statement - StockQty = com.kms.katalon.core.webui.keyword.WebUiBuiltInKeywords.getAttribute(com.kms.katalon.core.testobject.ObjectRepository.findTestObject(Emergency/Page_Store/input_txtprice), "value"): Attribute 'value' of object 'Object Repository/Emergency/Page_Store/input_txtprice' is: '340'

2018-05-30 14:41:50 - [MESSAGE][PASSED] - Attribute 'value' of object 'Object Repository/Emergency/Page_Store/input_txtprice' is: '340'

2018-05-30 14:41:50 - [TEST_STEP][PASSED] - Statement - out.println("Stock QTY : " + StockQty): null

2018-05-30 14:41:50 - [TEST_STEP][PASSED] - delay: Delayed 2 second(s)

2018-05-30 14:41:52 - [MESSAGE][PASSED] - Delayed 2 second(s)

2018-05-30 14:41:52 - [TEST_STEP][PASSED] - Statement - If (java.lang.Integer.valueOf(StockQty) >= java.lang.Integer.valueOf(RequestedQty)): null

2018-05-30 14:41:52 - [TEST_STEP][PASSED] - delay: Delayed 1 second(s)

2018-05-30 14:41:53 - [MESSAGE][PASSED] - Delayed 1 second(s)

2018-05-30 14:41:53 - [TEST_STEP][PASSED] - setText: Text '10' is set on object 'Object Repository/Emergency/Page_Store/input_txtqty'

2018-05-30 14:41:53 - [MESSAGE][PASSED] - Text '10' is set on object 'Object Repository/Emergency/Page_Store/input_txtqty'

2018-05-30 14:41:53 - [TEST_STEP][PASSED] - click: Object: 'Object Repository/Emergency/Page_Store/button_Add' is clicked on

2018-05-30 14:41:54 - [MESSAGE][PASSED] - Object: 'Object Repository/Emergency/Page_Store/button_Add' is clicked on

2018-05-30 14:41:54 - [TEST_STEP][PASSED] - Statement - Break: null

2018-05-30 14:41:54 - [TEST_STEP][PASSED] - selectOptionByIndex: All options with index in [37] are selected on object 'Object Repository/Emergency/Page_Store/select_--Select--Amikacin -500'

2018-05-30 14:41:55 - [MESSAGE][PASSED] - All options with index in [37] are selected on object 'Object Repository/Emergency/Page_Store/select_--Select--Amikacin -500'

2018-05-30 14:41:55 - [TEST_STEP][PASSED] - delay: Delayed 1 second(s)

2018-05-30 14:41:56 - [MESSAGE][PASSED] - Delayed 1 second(s)

2018-05-30 14:41:56 - [TEST_STEP][PASSED] - Statement - RequestedQty = com.kms.katalon.core.webui.keyword.WebUiBuiltInKeywords.getAttribute(com.kms.katalon.core.testobject.ObjectRepository.findTestObject(Emergency/Page_Store/input_txttotal), "value"): Attribute 'value' of object 'Object Repository/Emergency/Page_Store/input_txttotal' is: '10'

2018-05-30 14:41:56 - [MESSAGE][PASSED] - Attribute 'value' of object 'Object Repository/Emergency/Page_Store/input_txttotal' is: '10'

2018-05-30 14:41:56 - [TEST_STEP][PASSED] - Statement - out.println("Requested QTY : " + RequestedQty): null

2018-05-30 14:41:56 - [TEST_STEP][PASSED] - Statement - BatchNumber = com.kms.katalon.core.webui.keyword.WebUiBuiltInKeywords.getNumberOfTotalOption(com.kms.katalon.core.testobject.ObjectRepository.findTestObject(Emergency/Page_Store/select_--Select--BA1150BA4110)): 4 options of object 'Object Repository/Emergency/Page_Store/select_--Select--BA1150BA4110' counted

2018-05-30 14:41:57 - [MESSAGE][PASSED] - 4 options of object 'Object Repository/Emergency/Page_Store/select_--Select--BA1150BA4110' counted

2018-05-30 14:41:57 - [TEST_STEP][PASSED] - Statement - For ([g = 1, g <= BatchNumber - 1, (g++)]): null

2018-05-30 14:41:57 - [TEST_STEP][PASSED] - selectOptionByIndex: All options with index in [1] are selected on object 'Object Repository/Emergency/Page_Store/select_--Select--BA1150BA4110'

2018-05-30 14:41:58 - [MESSAGE][PASSED] - All options with index in [1] are selected on object 'Object Repository/Emergency/Page_Store/select_--Select--BA1150BA4110'

2018-05-30 14:41:58 - [TEST_STEP][PASSED] - delay: Delayed 2 second(s)

2018-05-30 14:42:00 - [MESSAGE][PASSED] - Delayed 2 second(s)

2018-05-30 14:42:00 - [TEST_STEP][PASSED] - Statement - Try: null

2018-05-30 14:42:00 - [TEST_STEP][PASSED] - Statement - StockQty = com.kms.katalon.core.webui.keyword.WebUiBuiltInKeywords.getAttribute(com.kms.katalon.core.testobject.ObjectRepository.findTestObject(Emergency/Page_Store/input_txtprice), "value"): Attribute 'value' of object 'Object Repository/Emergency/Page_Store/input_txtprice' is: '1280'

2018-05-30 14:42:01 - [MESSAGE][PASSED] - Attribute 'value' of object 'Object Repository/Emergency/Page_Store/input_txtprice' is: '1280'

2018-05-30 14:42:01 - [TEST_STEP][PASSED] - Statement - out.println("Stock QTY : " + StockQty): null

2018-05-30 14:42:01 - [TEST_STEP][PASSED] - delay: Delayed 2 second(s)

2018-05-30 14:42:03 - [MESSAGE][PASSED] - Delayed 2 second(s)

2018-05-30 14:42:03 - [TEST_STEP][PASSED] - Statement - If (java.lang.Integer.valueOf(StockQty) >= java.lang.Integer.valueOf(RequestedQty)): null

2018-05-30 14:42:03 - [TEST_STEP][PASSED] - delay: Delayed 1 second(s)

2018-05-30 14:42:04 - [MESSAGE][PASSED] - Delayed 1 second(s)

2018-05-30 14:42:04 - [TEST_STEP][PASSED] - setText: Text '10' is set on object 'Object Repository/Emergency/Page_Store/input_txtqty'

2018-05-30 14:42:05 - [MESSAGE][PASSED] - Text '10' is set on object 'Object Repository/Emergency/Page_Store/input_txtqty'

2018-05-30 14:42:05 - [TEST_STEP][PASSED] - click: Object: 'Object Repository/Emergency/Page_Store/button_Add' is clicked on

2018-05-30 14:42:06 - [MESSAGE][PASSED] - Object: 'Object Repository/Emergency/Page_Store/button_Add' is clicked on

2018-05-30 14:42:06 - [TEST_STEP][PASSED] - Statement - Break: null

2018-05-30 14:42:06 - [TEST_STEP][PASSED] - selectOptionByIndex: All options with index in [38] are selected on object 'Object Repository/Emergency/Page_Store/select_--Select--Amikacin -500'

2018-05-30 14:42:07 - [MESSAGE][PASSED] - All options with index in [38] are selected on object 'Object Repository/Emergency/Page_Store/select_--Select--Amikacin -500'

2018-05-30 14:42:07 - [TEST_STEP][PASSED] - delay: Delayed 1 second(s)

2018-05-30 14:42:08 - [MESSAGE][PASSED] - Delayed 1 second(s)

2018-05-30 14:42:08 - [TEST_STEP][PASSED] - Statement - RequestedQty = com.kms.katalon.core.webui.keyword.WebUiBuiltInKeywords.getAttribute(com.kms.katalon.core.testobject.ObjectRepository.findTestObject(Emergency/Page_Store/input_txttotal), "value"): Attribute 'value' of object 'Object Repository/Emergency/Page_Store/input_txttotal' is: '10'

2018-05-30 14:42:08 - [MESSAGE][PASSED] - Attribute 'value' of object 'Object Repository/Emergency/Page_Store/input_txttotal' is: '10'

2018-05-30 14:42:08 - [TEST_STEP][PASSED] - Statement - out.println("Requested QTY : " + RequestedQty): null

2018-05-30 14:42:08 - [TEST_STEP][PASSED] - Statement - BatchNumber = com.kms.katalon.core.webui.keyword.WebUiBuiltInKeywords.getNumberOfTotalOption(com.kms.katalon.core.testobject.ObjectRepository.findTestObject(Emergency/Page_Store/select_--Select--BA1150BA4110)): 4 options of object 'Object Repository/Emergency/Page_Store/select_--Select--BA1150BA4110' counted

2018-05-30 14:42:09 - [MESSAGE][PASSED] - 4 options of object 'Object Repository/Emergency/Page_Store/select_--Select--BA1150BA4110' counted

2018-05-30 14:42:09 - [TEST_STEP][PASSED] - Statement - For ([g = 1, g <= BatchNumber - 1, (g++)]): null

2018-05-30 14:42:09 - [TEST_STEP][PASSED] - selectOptionByIndex: All options with index in [1] are selected on object 'Object Repository/Emergency/Page_Store/select_--Select--BA1150BA4110'

2018-05-30 14:42:09 - [MESSAGE][PASSED] - All options with index in [1] are selected on object 'Object Repository/Emergency/Page_Store/select_--Select--BA1150BA4110'

2018-05-30 14:42:09 - [TEST_STEP][PASSED] - delay: Delayed 2 second(s)

2018-05-30 14:42:11 - [MESSAGE][PASSED] - Delayed 2 second(s)

2018-05-30 14:42:11 - [TEST_STEP][PASSED] - Statement - Try: null

2018-05-30 14:42:11 - [TEST_STEP][PASSED] - Statement - StockQty = com.kms.katalon.core.webui.keyword.WebUiBuiltInKeywords.getAttribute(com.kms.katalon.core.testobject.ObjectRepository.findTestObject(Emergency/Page_Store/input_txtprice), "value"): Attribute 'value' of object 'Object Repository/Emergency/Page_Store/input_txtprice' is: '340'

2018-05-30 14:42:12 - [MESSAGE][PASSED] - Attribute 'value' of object 'Object Repository/Emergency/Page_Store/input_txtprice' is: '340'

2018-05-30 14:42:12 - [TEST_STEP][PASSED] - Statement - out.println("Stock QTY : " + StockQty): null

2018-05-30 14:42:12 - [TEST_STEP][PASSED] - delay: Delayed 2 second(s)

2018-05-30 14:42:14 - [MESSAGE][PASSED] - Delayed 2 second(s)

2018-05-30 14:42:14 - [TEST_STEP][PASSED] - Statement - If (java.lang.Integer.valueOf(StockQty) >= java.lang.Integer.valueOf(RequestedQty)): null

2018-05-30 14:42:14 - [TEST_STEP][PASSED] - delay: Delayed 1 second(s)

2018-05-30 14:42:15 - [MESSAGE][PASSED] - Delayed 1 second(s)

2018-05-30 14:42:15 - [TEST_STEP][PASSED] - setText: Text '10' is set on object 'Object Repository/Emergency/Page_Store/input_txtqty'

2018-05-30 14:42:16 - [MESSAGE][PASSED] - Text '10' is set on object 'Object Repository/Emergency/Page_Store/input_txtqty'

2018-05-30 14:42:16 - [TEST_STEP][PASSED] - click: Object: 'Object Repository/Emergency/Page_Store/button_Add' is clicked on

2018-05-30 14:42:16 - [MESSAGE][PASSED] - Object: 'Object Repository/Emergency/Page_Store/button_Add' is clicked on

2018-05-30 14:42:16 - [TEST_STEP][PASSED] - Statement - Break: null

2018-05-30 14:42:16 - [TEST_STEP][PASSED] - selectOptionByIndex: All options with index in [39] are selected on object 'Object Repository/Emergency/Page_Store/select_--Select--Amikacin -500'

2018-05-30 14:42:17 - [MESSAGE][PASSED] - All options with index in [39] are selected on object 'Object Repository/Emergency/Page_Store/select_--Select--Amikacin -500'

2018-05-30 14:42:17 - [TEST_STEP][PASSED] - delay: Delayed 1 second(s)

2018-05-30 14:42:18 - [MESSAGE][PASSED] - Delayed 1 second(s)

2018-05-30 14:42:18 - [TEST_STEP][PASSED] - Statement - RequestedQty = com.kms.katalon.core.webui.keyword.WebUiBuiltInKeywords.getAttribute(com.kms.katalon.core.testobject.ObjectRepository.findTestObject(Emergency/Page_Store/input_txttotal), "value"): Attribute 'value' of object 'Object Repository/Emergency/Page_Store/input_txttotal' is: '10'

2018-05-30 14:42:19 - [MESSAGE][PASSED] - Attribute 'value' of object 'Object Repository/Emergency/Page_Store/input_txttotal' is: '10'

2018-05-30 14:42:19 - [TEST_STEP][PASSED] - Statement - out.println("Requested QTY : " + RequestedQty): null

2018-05-30 14:42:19 - [TEST_STEP][PASSED] - Statement - BatchNumber = com.kms.katalon.core.webui.keyword.WebUiBuiltInKeywords.getNumberOfTotalOption(com.kms.katalon.core.testobject.ObjectRepository.findTestObject(Emergency/Page_Store/select_--Select--BA1150BA4110)): 3 options of object 'Object Repository/Emergency/Page_Store/select_--Select--BA1150BA4110' counted

2018-05-30 14:42:20 - [MESSAGE][PASSED] - 3 options of object 'Object Repository/Emergency/Page_Store/select_--Select--BA1150BA4110' counted

2018-05-30 14:42:20 - [TEST_STEP][PASSED] - Statement - For ([g = 1, g <= BatchNumber - 1, (g++)]): null

2018-05-30 14:42:20 - [TEST_STEP][PASSED] - selectOptionByIndex: All options with index in [1] are selected on object 'Object Repository/Emergency/Page_Store/select_--Select--BA1150BA4110'

2018-05-30 14:42:20 - [MESSAGE][PASSED] - All options with index in [1] are selected on object 'Object Repository/Emergency/Page_Store/select_--Select--BA1150BA4110'

2018-05-30 14:42:20 - [TEST_STEP][PASSED] - delay: Delayed 2 second(s)

2018-05-30 14:42:22 - [MESSAGE][PASSED] - Delayed 2 second(s)

2018-05-30 14:42:22 - [TEST_STEP][PASSED] - Statement - Try: null

2018-05-30 14:42:22 - [TEST_STEP][PASSED] - Statement - StockQty = com.kms.katalon.core.webui.keyword.WebUiBuiltInKeywords.getAttribute(com.kms.katalon.core.testobject.ObjectRepository.findTestObject(Emergency/Page_Store/input_txtprice), "value"): Attribute 'value' of object 'Object Repository/Emergency/Page_Store/input_txtprice' is: '1380'

2018-05-30 14:42:23 - [MESSAGE][PASSED] - Attribute 'value' of object 'Object Repository/Emergency/Page_Store/input_txtprice' is: '1380'

2018-05-30 14:42:23 - [TEST_STEP][PASSED] - Statement - out.println("Stock QTY : " + StockQty): null

2018-05-30 14:42:23 - [TEST_STEP][PASSED] - delay: Delayed 2 second(s)

2018-05-30 14:42:25 - [MESSAGE][PASSED] - Delayed 2 second(s)

2018-05-30 14:42:25 - [TEST_STEP][PASSED] - Statement - If (java.lang.Integer.valueOf(StockQty) >= java.lang.Integer.valueOf(RequestedQty)): null

2018-05-30 14:42:25 - [TEST_STEP][PASSED] - delay: Delayed 1 second(s)

2018-05-30 14:42:26 - [MESSAGE][PASSED] - Delayed 1 second(s)

2018-05-30 14:42:26 - [TEST_STEP][PASSED] - setText: Text '10' is set on object 'Object Repository/Emergency/Page_Store/input_txtqty'

2018-05-30 14:42:27 - [MESSAGE][PASSED] - Text '10' is set on object 'Object Repository/Emergency/Page_Store/input_txtqty'

2018-05-30 14:42:27 - [TEST_STEP][PASSED] - click: Object: 'Object Repository/Emergency/Page_Store/button_Add' is clicked on

2018-05-30 14:42:28 - [MESSAGE][PASSED] - Object: 'Object Repository/Emergency/Page_Store/button_Add' is clicked on

2018-05-30 14:42:28 - [TEST_STEP][PASSED] - Statement - Break: null

2018-05-30 14:42:28 - [TEST_STEP][PASSED] - selectOptionByIndex: All options with index in [40] are selected on object 'Object Repository/Emergency/Page_Store/select_--Select--Amikacin -500'

2018-05-30 14:42:29 - [MESSAGE][PASSED] - All options with index in [40] are selected on object 'Object Repository/Emergency/Page_Store/select_--Select--Amikacin -500'

2018-05-30 14:42:29 - [TEST_STEP][PASSED] - delay: Delayed 1 second(s)

2018-05-30 14:42:30 - [MESSAGE][PASSED] - Delayed 1 second(s)

2018-05-30 14:42:30 - [TEST_STEP][PASSED] - Statement - RequestedQty = com.kms.katalon.core.webui.keyword.WebUiBuiltInKeywords.getAttribute(com.kms.katalon.core.testobject.ObjectRepository.findTestObject(Emergency/Page_Store/input_txttotal), "value"): Attribute 'value' of object 'Object Repository/Emergency/Page_Store/input_txttotal' is: '10'

2018-05-30 14:42:31 - [MESSAGE][PASSED] - Attribute 'value' of object 'Object Repository/Emergency/Page_Store/input_txttotal' is: '10'

2018-05-30 14:42:31 - [TEST_STEP][PASSED] - Statement - out.println("Requested QTY : " + RequestedQty): null

2018-05-30 14:42:31 - [TEST_STEP][PASSED] - Statement - BatchNumber = com.kms.katalon.core.webui.keyword.WebUiBuiltInKeywords.getNumberOfTotalOption(com.kms.katalon.core.testobject.ObjectRepository.findTestObject(Emergency/Page_Store/select_--Select--BA1150BA4110)): 4 options of object 'Object Repository/Emergency/Page_Store/select_--Select--BA1150BA4110' counted

2018-05-30 14:42:32 - [MESSAGE][PASSED] - 4 options of object 'Object Repository/Emergency/Page_Store/select_--Select--BA1150BA4110' counted

2018-05-30 14:42:32 - [TEST_STEP][PASSED] - Statement - For ([g = 1, g <= BatchNumber - 1, (g++)]): null

2018-05-30 14:42:32 - [TEST_STEP][PASSED] - selectOptionByIndex: All options with index in [1] are selected on object 'Object Repository/Emergency/Page_Store/select_--Select--BA1150BA4110'

2018-05-30 14:42:32 - [MESSAGE][PASSED] - All options with index in [1] are selected on object 'Object Repository/Emergency/Page_Store/select_--Select--BA1150BA4110'

2018-05-30 14:42:32 - [TEST_STEP][PASSED] - delay: Delayed 2 second(s)

2018-05-30 14:42:34 - [MESSAGE][PASSED] - Delayed 2 second(s)

2018-05-30 14:42:34 - [TEST_STEP][PASSED] - Statement - Try: null

2018-05-30 14:42:34 - [TEST_STEP][PASSED] - Statement - StockQty = com.kms.katalon.core.webui.keyword.WebUiBuiltInKeywords.getAttribute(com.kms.katalon.core.testobject.ObjectRepository.findTestObject(Emergency/Page_Store/input_txtprice), "value"): Attribute 'value' of object 'Object Repository/Emergency/Page_Store/input_txtprice' is: '1280'

2018-05-30 14:42:35 - [MESSAGE][PASSED] - Attribute 'value' of object 'Object Repository/Emergency/Page_Store/input_txtprice' is: '1280'

2018-05-30 14:42:35 - [TEST_STEP][PASSED] - Statement - out.println("Stock QTY : " + StockQty): null

2018-05-30 14:42:35 - [TEST_STEP][PASSED] - delay: Delayed 2 second(s)

2018-05-30 14:42:37 - [MESSAGE][PASSED] - Delayed 2 second(s)

2018-05-30 14:42:37 - [TEST_STEP][PASSED] - Statement - If (java.lang.Integer.valueOf(StockQty) >= java.lang.Integer.valueOf(RequestedQty)): null

2018-05-30 14:42:37 - [TEST_STEP][PASSED] - delay: Delayed 1 second(s)

2018-05-30 14:42:38 - [MESSAGE][PASSED] - Delayed 1 second(s)

2018-05-30 14:42:38 - [TEST_STEP][PASSED] - setText: Text '10' is set on object 'Object Repository/Emergency/Page_Store/input_txtqty'

2018-05-30 14:42:40 - [MESSAGE][PASSED] - Text '10' is set on object 'Object Repository/Emergency/Page_Store/input_txtqty'

2018-05-30 14:42:40 - [TEST_STEP][PASSED] - click: Object: 'Object Repository/Emergency/Page_Store/button_Add' is clicked on

2018-05-30 14:42:41 - [MESSAGE][PASSED] - Object: 'Object Repository/Emergency/Page_Store/button_Add' is clicked on

2018-05-30 14:42:41 - [TEST_STEP][PASSED] - Statement - Break: null

2018-05-30 14:42:41 - [TEST_STEP][PASSED] - selectOptionByIndex: All options with index in [41] are selected on object 'Object Repository/Emergency/Page_Store/select_--Select--Amikacin -500'

2018-05-30 14:42:42 - [MESSAGE][PASSED] - All options with index in [41] are selected on object 'Object Repository/Emergency/Page_Store/select_--Select--Amikacin -500'

2018-05-30 14:42:42 - [TEST_STEP][PASSED] - delay: Delayed 1 second(s)

2018-05-30 14:42:43 - [MESSAGE][PASSED] - Delayed 1 second(s)

2018-05-30 14:42:43 - [TEST_STEP][PASSED] - Statement - RequestedQty = com.kms.katalon.core.webui.keyword.WebUiBuiltInKeywords.getAttribute(com.kms.katalon.core.testobject.ObjectRepository.findTestObject(Emergency/Page_Store/input_txttotal), "value"): Attribute 'value' of object 'Object Repository/Emergency/Page_Store/input_txttotal' is: '10'

2018-05-30 14:42:44 - [MESSAGE][PASSED] - Attribute 'value' of object 'Object Repository/Emergency/Page_Store/input_txttotal' is: '10'

2018-05-30 14:42:44 - [TEST_STEP][PASSED] - Statement - out.println("Requested QTY : " + RequestedQty): null

2018-05-30 14:42:44 - [TEST_STEP][PASSED] - Statement - BatchNumber = com.kms.katalon.core.webui.keyword.WebUiBuiltInKeywords.getNumberOfTotalOption(com.kms.katalon.core.testobject.ObjectRepository.findTestObject(Emergency/Page_Store/select_--Select--BA1150BA4110)): 3 options of object 'Object Repository/Emergency/Page_Store/select_--Select--BA1150BA4110' counted

2018-05-30 14:42:45 - [MESSAGE][PASSED] - 3 options of object 'Object Repository/Emergency/Page_Store/select_--Select--BA1150BA4110' counted

2018-05-30 14:42:45 - [TEST_STEP][PASSED] - Statement - For ([g = 1, g <= BatchNumber - 1, (g++)]): null

2018-05-30 14:42:45 - [TEST_STEP][PASSED] - selectOptionByIndex: All options with index in [1] are selected on object 'Object Repository/Emergency/Page_Store/select_--Select--BA1150BA4110'

2018-05-30 14:42:45 - [MESSAGE][PASSED] - All options with index in [1] are selected on object 'Object Repository/Emergency/Page_Store/select_--Select--BA1150BA4110'

2018-05-30 14:42:45 - [TEST_STEP][PASSED] - delay: Delayed 2 second(s)

2018-05-30 14:42:47 - [MESSAGE][PASSED] - Delayed 2 second(s)

2018-05-30 14:42:47 - [TEST_STEP][PASSED] - Statement - Try: null

2018-05-30 14:42:47 - [TEST_STEP][PASSED] - Statement - StockQty = com.kms.katalon.core.webui.keyword.WebUiBuiltInKeywords.getAttribute(com.kms.katalon.core.testobject.ObjectRepository.findTestObject(Emergency/Page_Store/input_txtprice), "value"): Attribute 'value' of object 'Object Repository/Emergency/Page_Store/input_txtprice' is: '-10'

2018-05-30 14:42:48 - [MESSAGE][PASSED] - Attribute 'value' of object 'Object Repository/Emergency/Page_Store/input_txtprice' is: '-10'

2018-05-30 14:42:48 - [TEST_STEP][PASSED] - Statement - out.println("Stock QTY : " + StockQty): null

2018-05-30 14:42:48 - [TEST_STEP][PASSED] - delay: Delayed 2 second(s)

2018-05-30 14:42:50 - [MESSAGE][PASSED] - Delayed 2 second(s)

2018-05-30 14:42:50 - [TEST_STEP][PASSED] - Statement - If (java.lang.Integer.valueOf(StockQty) >= java.lang.Integer.valueOf(RequestedQty)): null

2018-05-30 14:42:50 - [TEST_STEP][PASSED] - Statement - Else: null

2018-05-30 14:42:50 - [TEST_STEP][PASSED] - Statement - out.println("Stock Is Less Than Requested Qty"): null

2018-05-30 14:42:50 - [TEST_STEP][PASSED] - selectOptionByIndex: All options with index in [2] are selected on object 'Object Repository/Emergency/Page_Store/select_--Select--BA1150BA4110'

2018-05-30 14:42:51 - [MESSAGE][PASSED] - All options with index in [2] are selected on object 'Object Repository/Emergency/Page_Store/select_--Select--BA1150BA4110'

2018-05-30 14:42:51 - [TEST_STEP][PASSED] - delay: Delayed 2 second(s)

2018-05-30 14:42:53 - [MESSAGE][PASSED] - Delayed 2 second(s)

2018-05-30 14:42:53 - [TEST_STEP][PASSED] - Statement - Try: null

2018-05-30 14:42:53 - [TEST_STEP][PASSED] - Statement - StockQty = com.kms.katalon.core.webui.keyword.WebUiBuiltInKeywords.getAttribute(com.kms.katalon.core.testobject.ObjectRepository.findTestObject(Emergency/Page_Store/input_txtprice), "value"): Attribute 'value' of object 'Object Repository/Emergency/Page_Store/input_txtprice' is: '10000'

2018-05-30 14:42:54 - [MESSAGE][PASSED] - Attribute 'value' of object 'Object Repository/Emergency/Page_Store/input_txtprice' is: '10000'

2018-05-30 14:42:54 - [TEST_STEP][PASSED] - Statement - out.println("Stock QTY : " + StockQty): null

2018-05-30 14:42:54 - [TEST_STEP][PASSED] - delay: Delayed 2 second(s)

2018-05-30 14:42:56 - [MESSAGE][PASSED] - Delayed 2 second(s)

2018-05-30 14:42:56 - [TEST_STEP][PASSED] - Statement - If (java.lang.Integer.valueOf(StockQty) >= java.lang.Integer.valueOf(RequestedQty)): null

2018-05-30 14:42:56 - [TEST_STEP][PASSED] - delay: Delayed 1 second(s)

2018-05-30 14:42:57 - [MESSAGE][PASSED] - Delayed 1 second(s)

2018-05-30 14:42:57 - [TEST_STEP][PASSED] - setText: Text '10' is set on object 'Object Repository/Emergency/Page_Store/input_txtqty'

2018-05-30 14:42:58 - [MESSAGE][PASSED] - Text '10' is set on object 'Object Repository/Emergency/Page_Store/input_txtqty'

2018-05-30 14:42:58 - [TEST_STEP][PASSED] - click: Object: 'Object Repository/Emergency/Page_Store/button_Add' is clicked on

2018-05-30 14:42:59 - [MESSAGE][PASSED] - Object: 'Object Repository/Emergency/Page_Store/button_Add' is clicked on

2018-05-30 14:42:59 - [TEST_STEP][PASSED] - Statement - Break: null

2018-05-30 14:42:59 - [TEST_STEP][PASSED] - selectOptionByIndex: All options with index in [42] are selected on object 'Object Repository/Emergency/Page_Store/select_--Select--Amikacin -500'

2018-05-30 14:43:00 - [MESSAGE][PASSED] - All options with index in [42] are selected on object 'Object Repository/Emergency/Page_Store/select_--Select--Amikacin -500'

2018-05-30 14:43:00 - [TEST_STEP][PASSED] - delay: Delayed 1 second(s)

2018-05-30 14:43:01 - [MESSAGE][PASSED] - Delayed 1 second(s)

2018-05-30 14:43:01 - [TEST_STEP][PASSED] - Statement - RequestedQty = com.kms.katalon.core.webui.keyword.WebUiBuiltInKeywords.getAttribute(com.kms.katalon.core.testobject.ObjectRepository.findTestObject(Emergency/Page_Store/input_txttotal), "value"): Attribute 'value' of object 'Object Repository/Emergency/Page_Store/input_txttotal' is: '10'

2018-05-30 14:43:02 - [MESSAGE][PASSED] - Attribute 'value' of object 'Object Repository/Emergency/Page_Store/input_txttotal' is: '10'

2018-05-30 14:43:02 - [TEST_STEP][PASSED] - Statement - out.println("Requested QTY : " + RequestedQty): null

2018-05-30 14:43:02 - [TEST_STEP][PASSED] - Statement - BatchNumber = com.kms.katalon.core.webui.keyword.WebUiBuiltInKeywords.getNumberOfTotalOption(com.kms.katalon.core.testobject.ObjectRepository.findTestObject(Emergency/Page_Store/select_--Select--BA1150BA4110)): 2 options of object 'Object Repository/Emergency/Page_Store/select_--Select--BA1150BA4110' counted

2018-05-30 14:43:03 - [MESSAGE][PASSED] - 2 options of object 'Object Repository/Emergency/Page_Store/select_--Select--BA1150BA4110' counted

2018-05-30 14:43:03 - [TEST_STEP][PASSED] - Statement - For ([g = 1, g <= BatchNumber - 1, (g++)]): null

2018-05-30 14:43:03 - [TEST_STEP][PASSED] - selectOptionByIndex: All options with index in [1] are selected on object 'Object Repository/Emergency/Page_Store/select_--Select--BA1150BA4110'

2018-05-30 14:43:03 - [MESSAGE][PASSED] - All options with index in [1] are selected on object 'Object Repository/Emergency/Page_Store/select_--Select--BA1150BA4110'

2018-05-30 14:43:03 - [TEST_STEP][PASSED] - delay: Delayed 2 second(s)

2018-05-30 14:43:05 - [MESSAGE][PASSED] - Delayed 2 second(s)

2018-05-30 14:43:05 - [TEST_STEP][PASSED] - Statement - Try: null

2018-05-30 14:43:05 - [TEST_STEP][PASSED] - Statement - StockQty = com.kms.katalon.core.webui.keyword.WebUiBuiltInKeywords.getAttribute(com.kms.katalon.core.testobject.ObjectRepository.findTestObject(Emergency/Page_Store/input_txtprice), "value"): Attribute 'value' of object 'Object Repository/Emergency/Page_Store/input_txtprice' is: '10000'

2018-05-30 14:43:06 - [MESSAGE][PASSED] - Attribute 'value' of object 'Object Repository/Emergency/Page_Store/input_txtprice' is: '10000'

2018-05-30 14:43:06 - [TEST_STEP][PASSED] - Statement - out.println("Stock QTY : " + StockQty): null

2018-05-30 14:43:06 - [TEST_STEP][PASSED] - delay: Delayed 2 second(s)

2018-05-30 14:43:08 - [MESSAGE][PASSED] - Delayed 2 second(s)

2018-05-30 14:43:08 - [TEST_STEP][PASSED] - Statement - If (java.lang.Integer.valueOf(StockQty) >= java.lang.Integer.valueOf(RequestedQty)): null

2018-05-30 14:43:08 - [TEST_STEP][PASSED] - delay: Delayed 1 second(s)

2018-05-30 14:43:09 - [MESSAGE][PASSED] - Delayed 1 second(s)

2018-05-30 14:43:09 - [TEST_STEP][PASSED] - setText: Text '10' is set on object 'Object Repository/Emergency/Page_Store/input_txtqty'

2018-05-30 14:43:10 - [MESSAGE][PASSED] - Text '10' is set on object 'Object Repository/Emergency/Page_Store/input_txtqty'

2018-05-30 14:43:10 - [TEST_STEP][PASSED] - click: Object: 'Object Repository/Emergency/Page_Store/button_Add' is clicked on

2018-05-30 14:43:11 - [MESSAGE][PASSED] - Object: 'Object Repository/Emergency/Page_Store/button_Add' is clicked on

2018-05-30 14:43:11 - [TEST_STEP][PASSED] - Statement - Break: null

2018-05-30 14:43:11 - [TEST_STEP][PASSED] - selectOptionByIndex: All options with index in [43] are selected on object 'Object Repository/Emergency/Page_Store/select_--Select--Amikacin -500'

2018-05-30 14:43:12 - [MESSAGE][PASSED] - All options with index in [43] are selected on object 'Object Repository/Emergency/Page_Store/select_--Select--Amikacin -500'

2018-05-30 14:43:12 - [TEST_STEP][PASSED] - delay: Delayed 1 second(s)

2018-05-30 14:43:13 - [MESSAGE][PASSED] - Delayed 1 second(s)

2018-05-30 14:43:13 - [TEST_STEP][PASSED] - Statement - RequestedQty = com.kms.katalon.core.webui.keyword.WebUiBuiltInKeywords.getAttribute(com.kms.katalon.core.testobject.ObjectRepository.findTestObject(Emergency/Page_Store/input_txttotal), "value"): Attribute 'value' of object 'Object Repository/Emergency/Page_Store/input_txttotal' is: '10'

2018-05-30 14:43:14 - [MESSAGE][PASSED] - Attribute 'value' of object 'Object Repository/Emergency/Page_Store/input_txttotal' is: '10'

2018-05-30 14:43:14 - [TEST_STEP][PASSED] - Statement - out.println("Requested QTY : " + RequestedQty): null

2018-05-30 14:43:14 - [TEST_STEP][PASSED] - Statement - BatchNumber = com.kms.katalon.core.webui.keyword.WebUiBuiltInKeywords.getNumberOfTotalOption(com.kms.katalon.core.testobject.ObjectRepository.findTestObject(Emergency/Page_Store/select_--Select--BA1150BA4110)): 2 options of object 'Object Repository/Emergency/Page_Store/select_--Select--BA1150BA4110' counted

2018-05-30 14:43:15 - [MESSAGE][PASSED] - 2 options of object 'Object Repository/Emergency/Page_Store/select_--Select--BA1150BA4110' counted

2018-05-30 14:43:15 - [TEST_STEP][PASSED] - Statement - For ([g = 1, g <= BatchNumber - 1, (g++)]): null

2018-05-30 14:43:15 - [TEST_STEP][PASSED] - selectOptionByIndex: All options with index in [1] are selected on object 'Object Repository/Emergency/Page_Store/select_--Select--BA1150BA4110'

2018-05-30 14:43:16 - [MESSAGE][PASSED] - All options with index in [1] are selected on object 'Object Repository/Emergency/Page_Store/select_--Select--BA1150BA4110'

2018-05-30 14:43:16 - [TEST_STEP][PASSED] - delay: Delayed 2 second(s)

2018-05-30 14:43:18 - [MESSAGE][PASSED] - Delayed 2 second(s)

2018-05-30 14:43:18 - [TEST_STEP][PASSED] - Statement - Try: null

2018-05-30 14:43:18 - [TEST_STEP][PASSED] - Statement - StockQty = com.kms.katalon.core.webui.keyword.WebUiBuiltInKeywords.getAttribute(com.kms.katalon.core.testobject.ObjectRepository.findTestObject(Emergency/Page_Store/input_txtprice), "value"): Attribute 'value' of object 'Object Repository/Emergency/Page_Store/input_txtprice' is: '10000'

2018-05-30 14:43:19 - [MESSAGE][PASSED] - Attribute 'value' of object 'Object Repository/Emergency/Page_Store/input_txtprice' is: '10000'

2018-05-30 14:43:19 - [TEST_STEP][PASSED] - Statement - out.println("Stock QTY : " + StockQty): null

2018-05-30 14:43:19 - [TEST_STEP][PASSED] - delay: Delayed 2 second(s)

2018-05-30 14:43:21 - [MESSAGE][PASSED] - Delayed 2 second(s)

2018-05-30 14:43:21 - [TEST_STEP][PASSED] - Statement - If (java.lang.Integer.valueOf(StockQty) >= java.lang.Integer.valueOf(RequestedQty)): null

2018-05-30 14:43:21 - [TEST_STEP][PASSED] - delay: Delayed 1 second(s)

2018-05-30 14:43:22 - [MESSAGE][PASSED] - Delayed 1 second(s)

2018-05-30 14:43:22 - [TEST_STEP][PASSED] - setText: Text '10' is set on object 'Object Repository/Emergency/Page_Store/input_txtqty'

2018-05-30 14:43:22 - [MESSAGE][PASSED] - Text '10' is set on object 'Object Repository/Emergency/Page_Store/input_txtqty'

2018-05-30 14:43:22 - [TEST_STEP][PASSED] - click: Object: 'Object Repository/Emergency/Page_Store/button_Add' is clicked on

2018-05-30 14:43:23 - [MESSAGE][PASSED] - Object: 'Object Repository/Emergency/Page_Store/button_Add' is clicked on

2018-05-30 14:43:23 - [TEST_STEP][PASSED] - Statement - Break: null

2018-05-30 14:43:23 - [TEST_STEP][PASSED] - selectOptionByIndex: All options with index in [44] are selected on object 'Object Repository/Emergency/Page_Store/select_--Select--Amikacin -500'

2018-05-30 14:43:24 - [MESSAGE][PASSED] - All options with index in [44] are selected on object 'Object Repository/Emergency/Page_Store/select_--Select--Amikacin -500'

2018-05-30 14:43:24 - [TEST_STEP][PASSED] - delay: Delayed 1 second(s)

2018-05-30 14:43:25 - [MESSAGE][PASSED] - Delayed 1 second(s)

2018-05-30 14:43:25 - [TEST_STEP][PASSED] - Statement - RequestedQty = com.kms.katalon.core.webui.keyword.WebUiBuiltInKeywords.getAttribute(com.kms.katalon.core.testobject.ObjectRepository.findTestObject(Emergency/Page_Store/input_txttotal), "value"): Attribute 'value' of object 'Object Repository/Emergency/Page_Store/input_txttotal' is: '10'

2018-05-30 14:43:25 - [MESSAGE][PASSED] - Attribute 'value' of object 'Object Repository/Emergency/Page_Store/input_txttotal' is: '10'

2018-05-30 14:43:25 - [TEST_STEP][PASSED] - Statement - out.println("Requested QTY : " + RequestedQty): null

2018-05-30 14:43:25 - [TEST_STEP][PASSED] - Statement - BatchNumber = com.kms.katalon.core.webui.keyword.WebUiBuiltInKeywords.getNumberOfTotalOption(com.kms.katalon.core.testobject.ObjectRepository.findTestObject(Emergency/Page_Store/select_--Select--BA1150BA4110)): 2 options of object 'Object Repository/Emergency/Page_Store/select_--Select--BA1150BA4110' counted

2018-05-30 14:43:26 - [MESSAGE][PASSED] - 2 options of object 'Object Repository/Emergency/Page_Store/select_--Select--BA1150BA4110' counted

2018-05-30 14:43:26 - [TEST_STEP][PASSED] - Statement - For ([g = 1, g <= BatchNumber - 1, (g++)]): null

2018-05-30 14:43:26 - [TEST_STEP][PASSED] - selectOptionByIndex: All options with index in [1] are selected on object 'Object Repository/Emergency/Page_Store/select_--Select--BA1150BA4110'

2018-05-30 14:43:27 - [MESSAGE][PASSED] - All options with index in [1] are selected on object 'Object Repository/Emergency/Page_Store/select_--Select--BA1150BA4110'

2018-05-30 14:43:27 - [TEST_STEP][PASSED] - delay: Delayed 2 second(s)

2018-05-30 14:43:29 - [MESSAGE][PASSED] - Delayed 2 second(s)

2018-05-30 14:43:29 - [TEST_STEP][PASSED] - Statement - Try: null

2018-05-30 14:43:29 - [TEST_STEP][PASSED] - Statement - StockQty = com.kms.katalon.core.webui.keyword.WebUiBuiltInKeywords.getAttribute(com.kms.katalon.core.testobject.ObjectRepository.findTestObject(Emergency/Page_Store/input_txtprice), "value"): Attribute 'value' of object 'Object Repository/Emergency/Page_Store/input_txtprice' is: '10000'

2018-05-30 14:43:29 - [MESSAGE][PASSED] - Attribute 'value' of object 'Object Repository/Emergency/Page_Store/input_txtprice' is: '10000'

2018-05-30 14:43:29 - [TEST_STEP][PASSED] - Statement - out.println("Stock QTY : " + StockQty): null

2018-05-30 14:43:29 - [TEST_STEP][PASSED] - delay: Delayed 2 second(s)

2018-05-30 14:43:31 - [MESSAGE][PASSED] - Delayed 2 second(s)

2018-05-30 14:43:31 - [TEST_STEP][PASSED] - Statement - If (java.lang.Integer.valueOf(StockQty) >= java.lang.Integer.valueOf(RequestedQty)): null

2018-05-30 14:43:31 - [TEST_STEP][PASSED] - delay: Delayed 1 second(s)

2018-05-30 14:43:32 - [MESSAGE][PASSED] - Delayed 1 second(s)

2018-05-30 14:43:32 - [TEST_STEP][PASSED] - setText: Text '10' is set on object 'Object Repository/Emergency/Page_Store/input_txtqty'

2018-05-30 14:43:33 - [MESSAGE][PASSED] - Text '10' is set on object 'Object Repository/Emergency/Page_Store/input_txtqty'

2018-05-30 14:43:33 - [TEST_STEP][PASSED] - click: Object: 'Object Repository/Emergency/Page_Store/button_Add' is clicked on

2018-05-30 14:43:34 - [MESSAGE][PASSED] - Object: 'Object Repository/Emergency/Page_Store/button_Add' is clicked on

2018-05-30 14:43:34 - [TEST_STEP][PASSED] - Statement - Break: null

2018-05-30 14:43:34 - [TEST_STEP][PASSED] - selectOptionByIndex: All options with index in [45] are selected on object 'Object Repository/Emergency/Page_Store/select_--Select--Amikacin -500'

2018-05-30 14:43:35 - [MESSAGE][PASSED] - All options with index in [45] are selected on object 'Object Repository/Emergency/Page_Store/select_--Select--Amikacin -500'

2018-05-30 14:43:35 - [TEST_STEP][PASSED] - delay: Delayed 1 second(s)

2018-05-30 14:43:36 - [MESSAGE][PASSED] - Delayed 1 second(s)

2018-05-30 14:43:36 - [TEST_STEP][PASSED] - Statement - RequestedQty = com.kms.katalon.core.webui.keyword.WebUiBuiltInKeywords.getAttribute(com.kms.katalon.core.testobject.ObjectRepository.findTestObject(Emergency/Page_Store/input_txttotal), "value"): Attribute 'value' of object 'Object Repository/Emergency/Page_Store/input_txttotal' is: '10'

2018-05-30 14:43:37 - [MESSAGE][PASSED] - Attribute 'value' of object 'Object Repository/Emergency/Page_Store/input_txttotal' is: '10'

2018-05-30 14:43:37 - [TEST_STEP][PASSED] - Statement - out.println("Requested QTY : " + RequestedQty): null

2018-05-30 14:43:37 - [TEST_STEP][PASSED] - Statement - BatchNumber = com.kms.katalon.core.webui.keyword.WebUiBuiltInKeywords.getNumberOfTotalOption(com.kms.katalon.core.testobject.ObjectRepository.findTestObject(Emergency/Page_Store/select_--Select--BA1150BA4110)): 2 options of object 'Object Repository/Emergency/Page_Store/select_--Select--BA1150BA4110' counted

2018-05-30 14:43:38 - [MESSAGE][PASSED] - 2 options of object 'Object Repository/Emergency/Page_Store/select_--Select--BA1150BA4110' counted

2018-05-30 14:43:38 - [TEST_STEP][PASSED] - Statement - For ([g = 1, g <= BatchNumber - 1, (g++)]): null

2018-05-30 14:43:38 - [TEST_STEP][PASSED] - selectOptionByIndex: All options with index in [1] are selected on object 'Object Repository/Emergency/Page_Store/select_--Select--BA1150BA4110'

2018-05-30 14:43:39 - [MESSAGE][PASSED] - All options with index in [1] are selected on object 'Object Repository/Emergency/Page_Store/select_--Select--BA1150BA4110'

2018-05-30 14:43:39 - [TEST_STEP][PASSED] - delay: Delayed 2 second(s)

2018-05-30 14:43:41 - [MESSAGE][PASSED] - Delayed 2 second(s)

2018-05-30 14:43:41 - [TEST_STEP][PASSED] - Statement - Try: null

2018-05-30 14:43:41 - [TEST_STEP][PASSED] - Statement - StockQty = com.kms.katalon.core.webui.keyword.WebUiBuiltInKeywords.getAttribute(com.kms.katalon.core.testobject.ObjectRepository.findTestObject(Emergency/Page_Store/input_txtprice), "value"): Attribute 'value' of object 'Object Repository/Emergency/Page_Store/input_txtprice' is: '10000'

2018-05-30 14:43:41 - [MESSAGE][PASSED] - Attribute 'value' of object 'Object Repository/Emergency/Page_Store/input_txtprice' is: '10000'

2018-05-30 14:43:41 - [TEST_STEP][PASSED] - Statement - out.println("Stock QTY : " + StockQty): null

2018-05-30 14:43:41 - [TEST_STEP][PASSED] - delay: Delayed 2 second(s)

2018-05-30 14:43:43 - [MESSAGE][PASSED] - Delayed 2 second(s)

2018-05-30 14:43:43 - [TEST_STEP][PASSED] - Statement - If (java.lang.Integer.valueOf(StockQty) >= java.lang.Integer.valueOf(RequestedQty)): null

2018-05-30 14:43:43 - [TEST_STEP][PASSED] - delay: Delayed 1 second(s)

2018-05-30 14:43:44 - [MESSAGE][PASSED] - Delayed 1 second(s)

2018-05-30 14:43:44 - [TEST_STEP][PASSED] - setText: Text '10' is set on object 'Object Repository/Emergency/Page_Store/input_txtqty'

2018-05-30 14:43:45 - [MESSAGE][PASSED] - Text '10' is set on object 'Object Repository/Emergency/Page_Store/input_txtqty'

2018-05-30 14:43:45 - [TEST_STEP][PASSED] - click: Object: 'Object Repository/Emergency/Page_Store/button_Add' is clicked on

2018-05-30 14:43:46 - [MESSAGE][PASSED] - Object: 'Object Repository/Emergency/Page_Store/button_Add' is clicked on

2018-05-30 14:43:46 - [TEST_STEP][PASSED] - Statement - Break: null

2018-05-30 14:43:46 - [TEST_STEP][PASSED] - selectOptionByIndex: All options with index in [46] are selected on object 'Object Repository/Emergency/Page_Store/select_--Select--Amikacin -500'

2018-05-30 14:43:47 - [MESSAGE][PASSED] - All options with index in [46] are selected on object 'Object Repository/Emergency/Page_Store/select_--Select--Amikacin -500'

2018-05-30 14:43:47 - [TEST_STEP][PASSED] - delay: Delayed 1 second(s)

2018-05-30 14:43:48 - [MESSAGE][PASSED] - Delayed 1 second(s)

2018-05-30 14:43:48 - [TEST_STEP][PASSED] - Statement - RequestedQty = com.kms.katalon.core.webui.keyword.WebUiBuiltInKeywords.getAttribute(com.kms.katalon.core.testobject.ObjectRepository.findTestObject(Emergency/Page_Store/input_txttotal), "value"): Attribute 'value' of object 'Object Repository/Emergency/Page_Store/input_txttotal' is: '10'

2018-05-30 14:43:49 - [MESSAGE][PASSED] - Attribute 'value' of object 'Object Repository/Emergency/Page_Store/input_txttotal' is: '10'

2018-05-30 14:43:49 - [TEST_STEP][PASSED] - Statement - out.println("Requested QTY : " + RequestedQty): null

2018-05-30 14:43:49 - [TEST_STEP][PASSED] - Statement - BatchNumber = com.kms.katalon.core.webui.keyword.WebUiBuiltInKeywords.getNumberOfTotalOption(com.kms.katalon.core.testobject.ObjectRepository.findTestObject(Emergency/Page_Store/select_--Select--BA1150BA4110)): 2 options of object 'Object Repository/Emergency/Page_Store/select_--Select--BA1150BA4110' counted

2018-05-30 14:43:49 - [MESSAGE][PASSED] - 2 options of object 'Object Repository/Emergency/Page_Store/select_--Select--BA1150BA4110' counted

2018-05-30 14:43:49 - [TEST_STEP][PASSED] - Statement - For ([g = 1, g <= BatchNumber - 1, (g++)]): null

2018-05-30 14:43:49 - [TEST_STEP][PASSED] - selectOptionByIndex: All options with index in [1] are selected on object 'Object Repository/Emergency/Page_Store/select_--Select--BA1150BA4110'

2018-05-30 14:43:49 - [MESSAGE][PASSED] - All options with index in [1] are selected on object 'Object Repository/Emergency/Page_Store/select_--Select--BA1150BA4110'

2018-05-30 14:43:49 - [TEST_STEP][PASSED] - delay: Delayed 2 second(s)

2018-05-30 14:43:51 - [MESSAGE][PASSED] - Delayed 2 second(s)

2018-05-30 14:43:51 - [TEST_STEP][PASSED] - Statement - Try: null

2018-05-30 14:43:51 - [TEST_STEP][PASSED] - Statement - StockQty = com.kms.katalon.core.webui.keyword.WebUiBuiltInKeywords.getAttribute(com.kms.katalon.core.testobject.ObjectRepository.findTestObject(Emergency/Page_Store/input_txtprice), "value"): Attribute 'value' of object 'Object Repository/Emergency/Page_Store/input_txtprice' is: '10000'

2018-05-30 14:43:51 - [MESSAGE][PASSED] - Attribute 'value' of object 'Object Repository/Emergency/Page_Store/input_txtprice' is: '10000'

2018-05-30 14:43:51 - [TEST_STEP][PASSED] - Statement - out.println("Stock QTY : " + StockQty): null

2018-05-30 14:43:51 - [TEST_STEP][PASSED] - delay: Delayed 2 second(s)

2018-05-30 14:43:53 - [MESSAGE][PASSED] - Delayed 2 second(s)

2018-05-30 14:43:53 - [TEST_STEP][PASSED] - Statement - If (java.lang.Integer.valueOf(StockQty) >= java.lang.Integer.valueOf(RequestedQty)): null

2018-05-30 14:43:53 - [TEST_STEP][PASSED] - delay: Delayed 1 second(s)

2018-05-30 14:43:54 - [MESSAGE][PASSED] - Delayed 1 second(s)

2018-05-30 14:43:54 - [TEST_STEP][PASSED] - setText: Text '10' is set on object 'Object Repository/Emergency/Page_Store/input_txtqty'

2018-05-30 14:43:55 - [MESSAGE][PASSED] - Text '10' is set on object 'Object Repository/Emergency/Page_Store/input_txtqty'

2018-05-30 14:43:55 - [TEST_STEP][PASSED] - click: Object: 'Object Repository/Emergency/Page_Store/button_Add' is clicked on

2018-05-30 14:43:55 - [MESSAGE][PASSED] - Object: 'Object Repository/Emergency/Page_Store/button_Add' is clicked on

2018-05-30 14:43:55 - [TEST_STEP][PASSED] - Statement - Break: null

2018-05-30 14:43:55 - [TEST_STEP][PASSED] - selectOptionByIndex: All options with index in [47] are selected on object 'Object Repository/Emergency/Page_Store/select_--Select--Amikacin -500'

2018-05-30 14:43:55 - [MESSAGE][PASSED] - All options with index in [47] are selected on object 'Object Repository/Emergency/Page_Store/select_--Select--Amikacin -500'

2018-05-30 14:43:55 - [TEST_STEP][PASSED] - delay: Delayed 1 second(s)

2018-05-30 14:43:56 - [MESSAGE][PASSED] - Delayed 1 second(s)

2018-05-30 14:43:56 - [TEST_STEP][PASSED] - Statement - RequestedQty = com.kms.katalon.core.webui.keyword.WebUiBuiltInKeywords.getAttribute(com.kms.katalon.core.testobject.ObjectRepository.findTestObject(Emergency/Page_Store/input_txttotal), "value"): Attribute 'value' of object 'Object Repository/Emergency/Page_Store/input_txttotal' is: '10'

2018-05-30 14:43:56 - [MESSAGE][PASSED] - Attribute 'value' of object 'Object Repository/Emergency/Page_Store/input_txttotal' is: '10'

2018-05-30 14:43:56 - [TEST_STEP][PASSED] - Statement - out.println("Requested QTY : " + RequestedQty): null

2018-05-30 14:43:56 - [TEST_STEP][PASSED] - Statement - BatchNumber = com.kms.katalon.core.webui.keyword.WebUiBuiltInKeywords.getNumberOfTotalOption(com.kms.katalon.core.testobject.ObjectRepository.findTestObject(Emergency/Page_Store/select_--Select--BA1150BA4110)): 2 options of object 'Object Repository/Emergency/Page_Store/select_--Select--BA1150BA4110' counted

2018-05-30 14:43:56 - [MESSAGE][PASSED] - 2 options of object 'Object Repository/Emergency/Page_Store/select_--Select--BA1150BA4110' counted

2018-05-30 14:43:56 - [TEST_STEP][PASSED] - Statement - For ([g = 1, g <= BatchNumber - 1, (g++)]): null

2018-05-30 14:43:56 - [TEST_STEP][PASSED] - selectOptionByIndex: All options with index in [1] are selected on object 'Object Repository/Emergency/Page_Store/select_--Select--BA1150BA4110'

2018-05-30 14:43:56 - [MESSAGE][PASSED] - All options with index in [1] are selected on object 'Object Repository/Emergency/Page_Store/select_--Select--BA1150BA4110'

2018-05-30 14:43:56 - [TEST_STEP][PASSED] - delay: Delayed 2 second(s)

2018-05-30 14:43:58 - [MESSAGE][PASSED] - Delayed 2 second(s)

2018-05-30 14:43:58 - [TEST_STEP][PASSED] - Statement - Try: null

2018-05-30 14:43:58 - [TEST_STEP][PASSED] - Statement - StockQty = com.kms.katalon.core.webui.keyword.WebUiBuiltInKeywords.getAttribute(com.kms.katalon.core.testobject.ObjectRepository.findTestObject(Emergency/Page_Store/input_txtprice), "value"): Attribute 'value' of object 'Object Repository/Emergency/Page_Store/input_txtprice' is: '10000'

2018-05-30 14:43:58 - [MESSAGE][PASSED] - Attribute 'value' of object 'Object Repository/Emergency/Page_Store/input_txtprice' is: '10000'

2018-05-30 14:43:58 - [TEST_STEP][PASSED] - Statement - out.println("Stock QTY : " + StockQty): null

2018-05-30 14:43:58 - [TEST_STEP][PASSED] - delay: Delayed 2 second(s)

2018-05-30 14:44:00 - [MESSAGE][PASSED] - Delayed 2 second(s)

2018-05-30 14:44:00 - [TEST_STEP][PASSED] - Statement - If (java.lang.Integer.valueOf(StockQty) >= java.lang.Integer.valueOf(RequestedQty)): null

2018-05-30 14:44:00 - [TEST_STEP][PASSED] - delay: Delayed 1 second(s)

2018-05-30 14:44:01 - [MESSAGE][PASSED] - Delayed 1 second(s)

2018-05-30 14:44:01 - [TEST_STEP][PASSED] - setText: Text '10' is set on object 'Object Repository/Emergency/Page_Store/input_txtqty'

2018-05-30 14:44:02 - [MESSAGE][PASSED] - Text '10' is set on object 'Object Repository/Emergency/Page_Store/input_txtqty'

2018-05-30 14:44:02 - [TEST_STEP][PASSED] - click: Object: 'Object Repository/Emergency/Page_Store/button_Add' is clicked on

2018-05-30 14:44:02 - [MESSAGE][PASSED] - Object: 'Object Repository/Emergency/Page_Store/button_Add' is clicked on

2018-05-30 14:44:02 - [TEST_STEP][PASSED] - Statement - Break: null

2018-05-30 14:44:02 - [TEST_STEP][PASSED] - selectOptionByIndex: All options with index in [48] are selected on object 'Object Repository/Emergency/Page_Store/select_--Select--Amikacin -500'

2018-05-30 14:44:02 - [MESSAGE][PASSED] - All options with index in [48] are selected on object 'Object Repository/Emergency/Page_Store/select_--Select--Amikacin -500'

2018-05-30 14:44:02 - [TEST_STEP][PASSED] - delay: Delayed 1 second(s)

2018-05-30 14:44:03 - [MESSAGE][PASSED] - Delayed 1 second(s)

2018-05-30 14:44:03 - [TEST_STEP][PASSED] - Statement - RequestedQty = com.kms.katalon.core.webui.keyword.WebUiBuiltInKeywords.getAttribute(com.kms.katalon.core.testobject.ObjectRepository.findTestObject(Emergency/Page_Store/input_txttotal), "value"): Attribute 'value' of object 'Object Repository/Emergency/Page_Store/input_txttotal' is: '10'

2018-05-30 14:44:03 - [MESSAGE][PASSED] - Attribute 'value' of object 'Object Repository/Emergency/Page_Store/input_txttotal' is: '10'

2018-05-30 14:44:03 - [TEST_STEP][PASSED] - Statement - out.println("Requested QTY : " + RequestedQty): null

2018-05-30 14:44:03 - [TEST_STEP][PASSED] - Statement - BatchNumber = com.kms.katalon.core.webui.keyword.WebUiBuiltInKeywords.getNumberOfTotalOption(com.kms.katalon.core.testobject.ObjectRepository.findTestObject(Emergency/Page_Store/select_--Select--BA1150BA4110)): 2 options of object 'Object Repository/Emergency/Page_Store/select_--Select--BA1150BA4110' counted

2018-05-30 14:44:03 - [MESSAGE][PASSED] - 2 options of object 'Object Repository/Emergency/Page_Store/select_--Select--BA1150BA4110' counted

2018-05-30 14:44:03 - [TEST_STEP][PASSED] - Statement - For ([g = 1, g <= BatchNumber - 1, (g++)]): null

2018-05-30 14:44:03 - [TEST_STEP][PASSED] - selectOptionByIndex: All options with index in [1] are selected on object 'Object Repository/Emergency/Page_Store/select_--Select--BA1150BA4110'

2018-05-30 14:44:03 - [MESSAGE][PASSED] - All options with index in [1] are selected on object 'Object Repository/Emergency/Page_Store/select_--Select--BA1150BA4110'

2018-05-30 14:44:03 - [TEST_STEP][PASSED] - delay: Delayed 2 second(s)

2018-05-30 14:44:05 - [MESSAGE][PASSED] - Delayed 2 second(s)

2018-05-30 14:44:05 - [TEST_STEP][PASSED] - Statement - Try: null

2018-05-30 14:44:05 - [TEST_STEP][PASSED] - Statement - StockQty = com.kms.katalon.core.webui.keyword.WebUiBuiltInKeywords.getAttribute(com.kms.katalon.core.testobject.ObjectRepository.findTestObject(Emergency/Page_Store/input_txtprice), "value"): Attribute 'value' of object 'Object Repository/Emergency/Page_Store/input_txtprice' is: '9990'

2018-05-30 14:44:05 - [MESSAGE][PASSED] - Attribute 'value' of object 'Object Repository/Emergency/Page_Store/input_txtprice' is: '9990'

2018-05-30 14:44:05 - [TEST_STEP][PASSED] - Statement - out.println("Stock QTY : " + StockQty): null

2018-05-30 14:44:05 - [TEST_STEP][PASSED] - delay: Delayed 2 second(s)

2018-05-30 14:44:07 - [MESSAGE][PASSED] - Delayed 2 second(s)

2018-05-30 14:44:07 - [TEST_STEP][PASSED] - Statement - If (java.lang.Integer.valueOf(StockQty) >= java.lang.Integer.valueOf(RequestedQty)): null

2018-05-30 14:44:07 - [TEST_STEP][PASSED] - delay: Delayed 1 second(s)

2018-05-30 14:44:08 - [MESSAGE][PASSED] - Delayed 1 second(s)

2018-05-30 14:44:08 - [TEST_STEP][PASSED] - setText: Text '10' is set on object 'Object Repository/Emergency/Page_Store/input_txtqty'

2018-05-30 14:44:09 - [MESSAGE][PASSED] - Text '10' is set on object 'Object Repository/Emergency/Page_Store/input_txtqty'

2018-05-30 14:44:09 - [TEST_STEP][PASSED] - click: Object: 'Object Repository/Emergency/Page_Store/button_Add' is clicked on

2018-05-30 14:44:09 - [MESSAGE][PASSED] - Object: 'Object Repository/Emergency/Page_Store/button_Add' is clicked on

2018-05-30 14:44:09 - [TEST_STEP][PASSED] - Statement - Break: null

2018-05-30 14:44:09 - [TEST_STEP][PASSED] - selectOptionByIndex: All options with index in [49] are selected on object 'Object Repository/Emergency/Page_Store/select_--Select--Amikacin -500'

2018-05-30 14:44:09 - [MESSAGE][PASSED] - All options with index in [49] are selected on object 'Object Repository/Emergency/Page_Store/select_--Select--Amikacin -500'

2018-05-30 14:44:09 - [TEST_STEP][PASSED] - delay: Delayed 1 second(s)

2018-05-30 14:44:10 - [MESSAGE][PASSED] - Delayed 1 second(s)

2018-05-30 14:44:10 - [TEST_STEP][PASSED] - Statement - RequestedQty = com.kms.katalon.core.webui.keyword.WebUiBuiltInKeywords.getAttribute(com.kms.katalon.core.testobject.ObjectRepository.findTestObject(Emergency/Page_Store/input_txttotal), "value"): Attribute 'value' of object 'Object Repository/Emergency/Page_Store/input_txttotal' is: '10'

2018-05-30 14:44:10 - [MESSAGE][PASSED] - Attribute 'value' of object 'Object Repository/Emergency/Page_Store/input_txttotal' is: '10'

2018-05-30 14:44:10 - [TEST_STEP][PASSED] - Statement - out.println("Requested QTY : " + RequestedQty): null

2018-05-30 14:44:10 - [TEST_STEP][PASSED] - Statement - BatchNumber = com.kms.katalon.core.webui.keyword.WebUiBuiltInKeywords.getNumberOfTotalOption(com.kms.katalon.core.testobject.ObjectRepository.findTestObject(Emergency/Page_Store/select_--Select--BA1150BA4110)): 2 options of object 'Object Repository/Emergency/Page_Store/select_--Select--BA1150BA4110' counted

2018-05-30 14:44:10 - [MESSAGE][PASSED] - 2 options of object 'Object Repository/Emergency/Page_Store/select_--Select--BA1150BA4110' counted

2018-05-30 14:44:10 - [TEST_STEP][PASSED] - Statement - For ([g = 1, g <= BatchNumber - 1, (g++)]): null

2018-05-30 14:44:10 - [TEST_STEP][PASSED] - selectOptionByIndex: All options with index in [1] are selected on object 'Object Repository/Emergency/Page_Store/select_--Select--BA1150BA4110'

2018-05-30 14:44:10 - [MESSAGE][PASSED] - All options with index in [1] are selected on object 'Object Repository/Emergency/Page_Store/select_--Select--BA1150BA4110'

2018-05-30 14:44:10 - [TEST_STEP][PASSED] - delay: Delayed 2 second(s)

2018-05-30 14:44:12 - [MESSAGE][PASSED] - Delayed 2 second(s)

2018-05-30 14:44:12 - [TEST_STEP][PASSED] - Statement - Try: null

2018-05-30 14:44:12 - [TEST_STEP][PASSED] - Statement - StockQty = com.kms.katalon.core.webui.keyword.WebUiBuiltInKeywords.getAttribute(com.kms.katalon.core.testobject.ObjectRepository.findTestObject(Emergency/Page_Store/input_txtprice), "value"): Attribute 'value' of object 'Object Repository/Emergency/Page_Store/input_txtprice' is: '9990'

2018-05-30 14:44:12 - [MESSAGE][PASSED] - Attribute 'value' of object 'Object Repository/Emergency/Page_Store/input_txtprice' is: '9990'

2018-05-30 14:44:12 - [TEST_STEP][PASSED] - Statement - out.println("Stock QTY : " + StockQty): null

2018-05-30 14:44:12 - [TEST_STEP][PASSED] - delay: Delayed 2 second(s)

2018-05-30 14:44:14 - [MESSAGE][PASSED] - Delayed 2 second(s)

2018-05-30 14:44:14 - [TEST_STEP][PASSED] - Statement - If (java.lang.Integer.valueOf(StockQty) >= java.lang.Integer.valueOf(RequestedQty)): null

2018-05-30 14:44:14 - [TEST_STEP][PASSED] - delay: Delayed 1 second(s)

2018-05-30 14:44:15 - [MESSAGE][PASSED] - Delayed 1 second(s)

2018-05-30 14:44:15 - [TEST_STEP][PASSED] - setText: Text '10' is set on object 'Object Repository/Emergency/Page_Store/input_txtqty'

2018-05-30 14:44:16 - [MESSAGE][PASSED] - Text '10' is set on object 'Object Repository/Emergency/Page_Store/input_txtqty'

2018-05-30 14:44:16 - [TEST_STEP][PASSED] - click: Object: 'Object Repository/Emergency/Page_Store/button_Add' is clicked on

2018-05-30 14:44:16 - [MESSAGE][PASSED] - Object: 'Object Repository/Emergency/Page_Store/button_Add' is clicked on

2018-05-30 14:44:16 - [TEST_STEP][PASSED] - Statement - Break: null

2018-05-30 14:44:16 - [TEST_STEP][PASSED] - selectOptionByIndex: All options with index in [50] are selected on object 'Object Repository/Emergency/Page_Store/select_--Select--Amikacin -500'

2018-05-30 14:44:16 - [MESSAGE][PASSED] - All options with index in [50] are selected on object 'Object Repository/Emergency/Page_Store/select_--Select--Amikacin -500'

2018-05-30 14:44:16 - [TEST_STEP][PASSED] - delay: Delayed 1 second(s)

2018-05-30 14:44:17 - [MESSAGE][PASSED] - Delayed 1 second(s)

2018-05-30 14:44:17 - [TEST_STEP][PASSED] - Statement - RequestedQty = com.kms.katalon.core.webui.keyword.WebUiBuiltInKeywords.getAttribute(com.kms.katalon.core.testobject.ObjectRepository.findTestObject(Emergency/Page_Store/input_txttotal), "value"): Attribute 'value' of object 'Object Repository/Emergency/Page_Store/input_txttotal' is: '10'

2018-05-30 14:44:17 - [MESSAGE][PASSED] - Attribute 'value' of object 'Object Repository/Emergency/Page_Store/input_txttotal' is: '10'

2018-05-30 14:44:17 - [TEST_STEP][PASSED] - Statement - out.println("Requested QTY : " + RequestedQty): null

2018-05-30 14:44:17 - [TEST_STEP][PASSED] - Statement - BatchNumber = com.kms.katalon.core.webui.keyword.WebUiBuiltInKeywords.getNumberOfTotalOption(com.kms.katalon.core.testobject.ObjectRepository.findTestObject(Emergency/Page_Store/select_--Select--BA1150BA4110)): 2 options of object 'Object Repository/Emergency/Page_Store/select_--Select--BA1150BA4110' counted

2018-05-30 14:44:17 - [MESSAGE][PASSED] - 2 options of object 'Object Repository/Emergency/Page_Store/select_--Select--BA1150BA4110' counted

2018-05-30 14:44:17 - [TEST_STEP][PASSED] - Statement - For ([g = 1, g <= BatchNumber - 1, (g++)]): null

2018-05-30 14:44:17 - [TEST_STEP][PASSED] - selectOptionByIndex: All options with index in [1] are selected on object 'Object Repository/Emergency/Page_Store/select_--Select--BA1150BA4110'

2018-05-30 14:44:18 - [MESSAGE][PASSED] - All options with index in [1] are selected on object 'Object Repository/Emergency/Page_Store/select_--Select--BA1150BA4110'

2018-05-30 14:44:18 - [TEST_STEP][PASSED] - delay: Delayed 2 second(s)

2018-05-30 14:44:20 - [MESSAGE][PASSED] - Delayed 2 second(s)

2018-05-30 14:44:20 - [TEST_STEP][PASSED] - Statement - Try: null

2018-05-30 14:44:20 - [TEST_STEP][PASSED] - Statement - StockQty = com.kms.katalon.core.webui.keyword.WebUiBuiltInKeywords.getAttribute(com.kms.katalon.core.testobject.ObjectRepository.findTestObject(Emergency/Page_Store/input_txtprice), "value"): Attribute 'value' of object 'Object Repository/Emergency/Page_Store/input_txtprice' is: '10000'

2018-05-30 14:44:20 - [MESSAGE][PASSED] - Attribute 'value' of object 'Object Repository/Emergency/Page_Store/input_txtprice' is: '10000'

2018-05-30 14:44:20 - [TEST_STEP][PASSED] - Statement - out.println("Stock QTY : " + StockQty): null

2018-05-30 14:44:20 - [TEST_STEP][PASSED] - delay: Delayed 2 second(s)

2018-05-30 14:44:22 - [MESSAGE][PASSED] - Delayed 2 second(s)

2018-05-30 14:44:22 - [TEST_STEP][PASSED] - Statement - If (java.lang.Integer.valueOf(StockQty) >= java.lang.Integer.valueOf(RequestedQty)): null

2018-05-30 14:44:22 - [TEST_STEP][PASSED] - delay: Delayed 1 second(s)

2018-05-30 14:44:23 - [MESSAGE][PASSED] - Delayed 1 second(s)

2018-05-30 14:44:23 - [TEST_STEP][PASSED] - setText: Text '10' is set on object 'Object Repository/Emergency/Page_Store/input_txtqty'

2018-05-30 14:44:23 - [MESSAGE][PASSED] - Text '10' is set on object 'Object Repository/Emergency/Page_Store/input_txtqty'

2018-05-30 14:44:23 - [TEST_STEP][PASSED] - click: Object: 'Object Repository/Emergency/Page_Store/button_Add' is clicked on

2018-05-30 14:44:23 - [MESSAGE][PASSED] - Object: 'Object Repository/Emergency/Page_Store/button_Add' is clicked on

2018-05-30 14:44:23 - [TEST_STEP][PASSED] - Statement - Break: null

2018-05-30 14:44:23 - [TEST_STEP][PASSED] - selectOptionByIndex: All options with index in [51] are selected on object 'Object Repository/Emergency/Page_Store/select_--Select--Amikacin -500'

2018-05-30 14:44:23 - [MESSAGE][PASSED] - All options with index in [51] are selected on object 'Object Repository/Emergency/Page_Store/select_--Select--Amikacin -500'

2018-05-30 14:44:23 - [TEST_STEP][PASSED] - delay: Delayed 1 second(s)

2018-05-30 14:44:24 - [MESSAGE][PASSED] - Delayed 1 second(s)

2018-05-30 14:44:24 - [TEST_STEP][PASSED] - Statement - RequestedQty = com.kms.katalon.core.webui.keyword.WebUiBuiltInKeywords.getAttribute(com.kms.katalon.core.testobject.ObjectRepository.findTestObject(Emergency/Page_Store/input_txttotal), "value"): Attribute 'value' of object 'Object Repository/Emergency/Page_Store/input_txttotal' is: '10'

2018-05-30 14:44:24 - [MESSAGE][PASSED] - Attribute 'value' of object 'Object Repository/Emergency/Page_Store/input_txttotal' is: '10'

2018-05-30 14:44:24 - [TEST_STEP][PASSED] - Statement - out.println("Requested QTY : " + RequestedQty): null

2018-05-30 14:44:24 - [TEST_STEP][PASSED] - Statement - BatchNumber = com.kms.katalon.core.webui.keyword.WebUiBuiltInKeywords.getNumberOfTotalOption(com.kms.katalon.core.testobject.ObjectRepository.findTestObject(Emergency/Page_Store/select_--Select--BA1150BA4110)): 2 options of object 'Object Repository/Emergency/Page_Store/select_--Select--BA1150BA4110' counted

2018-05-30 14:44:24 - [MESSAGE][PASSED] - 2 options of object 'Object Repository/Emergency/Page_Store/select_--Select--BA1150BA4110' counted

2018-05-30 14:44:24 - [TEST_STEP][PASSED] - Statement - For ([g = 1, g <= BatchNumber - 1, (g++)]): null

2018-05-30 14:44:24 - [TEST_STEP][PASSED] - selectOptionByIndex: All options with index in [1] are selected on object 'Object Repository/Emergency/Page_Store/select_--Select--BA1150BA4110'

2018-05-30 14:44:25 - [MESSAGE][PASSED] - All options with index in [1] are selected on object 'Object Repository/Emergency/Page_Store/select_--Select--BA1150BA4110'

2018-05-30 14:44:25 - [TEST_STEP][PASSED] - delay: Delayed 2 second(s)

2018-05-30 14:44:27 - [MESSAGE][PASSED] - Delayed 2 second(s)

2018-05-30 14:44:27 - [TEST_STEP][PASSED] - Statement - Try: null

2018-05-30 14:44:27 - [TEST_STEP][PASSED] - Statement - StockQty = com.kms.katalon.core.webui.keyword.WebUiBuiltInKeywords.getAttribute(com.kms.katalon.core.testobject.ObjectRepository.findTestObject(Emergency/Page_Store/input_txtprice), "value"): Attribute 'value' of object 'Object Repository/Emergency/Page_Store/input_txtprice' is: '10000'

2018-05-30 14:44:27 - [MESSAGE][PASSED] - Attribute 'value' of object 'Object Repository/Emergency/Page_Store/input_txtprice' is: '10000'

2018-05-30 14:44:27 - [TEST_STEP][PASSED] - Statement - out.println("Stock QTY : " + StockQty): null

2018-05-30 14:44:27 - [TEST_STEP][PASSED] - delay: Delayed 2 second(s)

2018-05-30 14:44:29 - [MESSAGE][PASSED] - Delayed 2 second(s)

2018-05-30 14:44:29 - [TEST_STEP][PASSED] - Statement - If (java.lang.Integer.valueOf(StockQty) >= java.lang.Integer.valueOf(RequestedQty)): null

2018-05-30 14:44:29 - [TEST_STEP][PASSED] - delay: Delayed 1 second(s)

2018-05-30 14:44:30 - [MESSAGE][PASSED] - Delayed 1 second(s)

2018-05-30 14:44:30 - [TEST_STEP][PASSED] - setText: Text '10' is set on object 'Object Repository/Emergency/Page_Store/input_txtqty'

2018-05-30 14:44:30 - [MESSAGE][PASSED] - Text '10' is set on object 'Object Repository/Emergency/Page_Store/input_txtqty'

2018-05-30 14:44:30 - [TEST_STEP][PASSED] - click: Object: 'Object Repository/Emergency/Page_Store/button_Add' is clicked on

2018-05-30 14:44:30 - [MESSAGE][PASSED] - Object: 'Object Repository/Emergency/Page_Store/button_Add' is clicked on

2018-05-30 14:44:30 - [TEST_STEP][PASSED] - Statement - Break: null

2018-05-30 14:44:30 - [TEST_STEP][PASSED] - selectOptionByIndex: All options with index in [52] are selected on object 'Object Repository/Emergency/Page_Store/select_--Select--Amikacin -500'

2018-05-30 14:44:30 - [MESSAGE][PASSED] - All options with index in [52] are selected on object 'Object Repository/Emergency/Page_Store/select_--Select--Amikacin -500'

2018-05-30 14:44:30 - [TEST_STEP][PASSED] - delay: Delayed 1 second(s)

2018-05-30 14:44:31 - [MESSAGE][PASSED] - Delayed 1 second(s)

2018-05-30 14:44:31 - [TEST_STEP][PASSED] - Statement - RequestedQty = com.kms.katalon.core.webui.keyword.WebUiBuiltInKeywords.getAttribute(com.kms.katalon.core.testobject.ObjectRepository.findTestObject(Emergency/Page_Store/input_txttotal), "value"): Attribute 'value' of object 'Object Repository/Emergency/Page_Store/input_txttotal' is: '10'

2018-05-30 14:44:31 - [MESSAGE][PASSED] - Attribute 'value' of object 'Object Repository/Emergency/Page_Store/input_txttotal' is: '10'

2018-05-30 14:44:31 - [TEST_STEP][PASSED] - Statement - out.println("Requested QTY : " + RequestedQty): null

2018-05-30 14:44:31 - [TEST_STEP][PASSED] - Statement - BatchNumber = com.kms.katalon.core.webui.keyword.WebUiBuiltInKeywords.getNumberOfTotalOption(com.kms.katalon.core.testobject.ObjectRepository.findTestObject(Emergency/Page_Store/select_--Select--BA1150BA4110)): 2 options of object 'Object Repository/Emergency/Page_Store/select_--Select--BA1150BA4110' counted

2018-05-30 14:44:31 - [MESSAGE][PASSED] - 2 options of object 'Object Repository/Emergency/Page_Store/select_--Select--BA1150BA4110' counted

2018-05-30 14:44:31 - [TEST_STEP][PASSED] - Statement - For ([g = 1, g <= BatchNumber - 1, (g++)]): null

2018-05-30 14:44:31 - [TEST_STEP][PASSED] - selectOptionByIndex: All options with index in [1] are selected on object 'Object Repository/Emergency/Page_Store/select_--Select--BA1150BA4110'

2018-05-30 14:44:32 - [MESSAGE][PASSED] - All options with index in [1] are selected on object 'Object Repository/Emergency/Page_Store/select_--Select--BA1150BA4110'

2018-05-30 14:44:32 - [TEST_STEP][PASSED] - delay: Delayed 2 second(s)

2018-05-30 14:44:34 - [MESSAGE][PASSED] - Delayed 2 second(s)

2018-05-30 14:44:34 - [TEST_STEP][PASSED] - Statement - Try: null

2018-05-30 14:44:34 - [TEST_STEP][PASSED] - Statement - StockQty = com.kms.katalon.core.webui.keyword.WebUiBuiltInKeywords.getAttribute(com.kms.katalon.core.testobject.ObjectRepository.findTestObject(Emergency/Page_Store/input_txtprice), "value"): Attribute 'value' of object 'Object Repository/Emergency/Page_Store/input_txtprice' is: '9990'

2018-05-30 14:44:34 - [MESSAGE][PASSED] - Attribute 'value' of object 'Object Repository/Emergency/Page_Store/input_txtprice' is: '9990'

2018-05-30 14:44:34 - [TEST_STEP][PASSED] - Statement - out.println("Stock QTY : " + StockQty): null

2018-05-30 14:44:34 - [TEST_STEP][PASSED] - delay: Delayed 2 second(s)

2018-05-30 14:44:36 - [MESSAGE][PASSED] - Delayed 2 second(s)

2018-05-30 14:44:36 - [TEST_STEP][PASSED] - Statement - If (java.lang.Integer.valueOf(StockQty) >= java.lang.Integer.valueOf(RequestedQty)): null

2018-05-30 14:44:36 - [TEST_STEP][PASSED] - delay: Delayed 1 second(s)

2018-05-30 14:44:37 - [MESSAGE][PASSED] - Delayed 1 second(s)

2018-05-30 14:44:37 - [TEST_STEP][PASSED] - setText: Text '10' is set on object 'Object Repository/Emergency/Page_Store/input_txtqty'

2018-05-30 14:44:37 - [MESSAGE][PASSED] - Text '10' is set on object 'Object Repository/Emergency/Page_Store/input_txtqty'

2018-05-30 14:44:37 - [TEST_STEP][PASSED] - click: Object: 'Object Repository/Emergency/Page_Store/button_Add' is clicked on

2018-05-30 14:44:37 - [MESSAGE][PASSED] - Object: 'Object Repository/Emergency/Page_Store/button_Add' is clicked on

2018-05-30 14:44:37 - [TEST_STEP][PASSED] - Statement - Break: null

2018-05-30 14:44:37 - [TEST_STEP][PASSED] - selectOptionByIndex: All options with index in [53] are selected on object 'Object Repository/Emergency/Page_Store/select_--Select--Amikacin -500'

2018-05-30 14:44:37 - [MESSAGE][PASSED] - All options with index in [53] are selected on object 'Object Repository/Emergency/Page_Store/select_--Select--Amikacin -500'

2018-05-30 14:44:37 - [TEST_STEP][PASSED] - delay: Delayed 1 second(s)

2018-05-30 14:44:38 - [MESSAGE][PASSED] - Delayed 1 second(s)

2018-05-30 14:44:38 - [TEST_STEP][PASSED] - Statement - RequestedQty = com.kms.katalon.core.webui.keyword.WebUiBuiltInKeywords.getAttribute(com.kms.katalon.core.testobject.ObjectRepository.findTestObject(Emergency/Page_Store/input_txttotal), "value"): Attribute 'value' of object 'Object Repository/Emergency/Page_Store/input_txttotal' is: '10'

2018-05-30 14:44:38 - [MESSAGE][PASSED] - Attribute 'value' of object 'Object Repository/Emergency/Page_Store/input_txttotal' is: '10'

2018-05-30 14:44:38 - [TEST_STEP][PASSED] - Statement - out.println("Requested QTY : " + RequestedQty): null

2018-05-30 14:44:38 - [TEST_STEP][PASSED] - Statement - BatchNumber = com.kms.katalon.core.webui.keyword.WebUiBuiltInKeywords.getNumberOfTotalOption(com.kms.katalon.core.testobject.ObjectRepository.findTestObject(Emergency/Page_Store/select_--Select--BA1150BA4110)): 2 options of object 'Object Repository/Emergency/Page_Store/select_--Select--BA1150BA4110' counted

2018-05-30 14:44:38 - [MESSAGE][PASSED] - 2 options of object 'Object Repository/Emergency/Page_Store/select_--Select--BA1150BA4110' counted

2018-05-30 14:44:38 - [TEST_STEP][PASSED] - Statement - For ([g = 1, g <= BatchNumber - 1, (g++)]): null

2018-05-30 14:44:38 - [TEST_STEP][PASSED] - selectOptionByIndex: All options with index in [1] are selected on object 'Object Repository/Emergency/Page_Store/select_--Select--BA1150BA4110'

2018-05-30 14:44:39 - [MESSAGE][PASSED] - All options with index in [1] are selected on object 'Object Repository/Emergency/Page_Store/select_--Select--BA1150BA4110'

2018-05-30 14:44:39 - [TEST_STEP][PASSED] - delay: Delayed 2 second(s)

2018-05-30 14:44:41 - [MESSAGE][PASSED] - Delayed 2 second(s)

2018-05-30 14:44:41 - [TEST_STEP][PASSED] - Statement - Try: null

2018-05-30 14:44:41 - [TEST_STEP][PASSED] - Statement - StockQty = com.kms.katalon.core.webui.keyword.WebUiBuiltInKeywords.getAttribute(com.kms.katalon.core.testobject.ObjectRepository.findTestObject(Emergency/Page_Store/input_txtprice), "value"): Attribute 'value' of object 'Object Repository/Emergency/Page_Store/input_txtprice' is: '10000'

2018-05-30 14:44:41 - [MESSAGE][PASSED] - Attribute 'value' of object 'Object Repository/Emergency/Page_Store/input_txtprice' is: '10000'

2018-05-30 14:44:41 - [TEST_STEP][PASSED] - Statement - out.println("Stock QTY : " + StockQty): null

2018-05-30 14:44:41 - [TEST_STEP][PASSED] - delay: Delayed 2 second(s)

2018-05-30 14:44:43 - [MESSAGE][PASSED] - Delayed 2 second(s)

2018-05-30 14:44:43 - [TEST_STEP][PASSED] - Statement - If (java.lang.Integer.valueOf(StockQty) >= java.lang.Integer.valueOf(RequestedQty)): null

2018-05-30 14:44:43 - [TEST_STEP][PASSED] - delay: Delayed 1 second(s)

2018-05-30 14:44:44 - [MESSAGE][PASSED] - Delayed 1 second(s)

2018-05-30 14:44:44 - [TEST_STEP][PASSED] - setText: Text '10' is set on object 'Object Repository/Emergency/Page_Store/input_txtqty'

2018-05-30 14:44:44 - [MESSAGE][PASSED] - Text '10' is set on object 'Object Repository/Emergency/Page_Store/input_txtqty'

2018-05-30 14:44:44 - [TEST_STEP][PASSED] - click: Object: 'Object Repository/Emergency/Page_Store/button_Add' is clicked on

2018-05-30 14:44:44 - [MESSAGE][PASSED] - Object: 'Object Repository/Emergency/Page_Store/button_Add' is clicked on

2018-05-30 14:44:44 - [TEST_STEP][PASSED] - Statement - Break: null

2018-05-30 14:44:44 - [TEST_STEP][PASSED] - selectOptionByIndex: All options with index in [54] are selected on object 'Object Repository/Emergency/Page_Store/select_--Select--Amikacin -500'

2018-05-30 14:44:44 - [MESSAGE][PASSED] - All options with index in [54] are selected on object 'Object Repository/Emergency/Page_Store/select_--Select--Amikacin -500'

2018-05-30 14:44:44 - [TEST_STEP][PASSED] - delay: Delayed 1 second(s)

2018-05-30 14:44:45 - [MESSAGE][PASSED] - Delayed 1 second(s)

2018-05-30 14:44:45 - [TEST_STEP][PASSED] - Statement - RequestedQty = com.kms.katalon.core.webui.keyword.WebUiBuiltInKeywords.getAttribute(com.kms.katalon.core.testobject.ObjectRepository.findTestObject(Emergency/Page_Store/input_txttotal), "value"): Attribute 'value' of object 'Object Repository/Emergency/Page_Store/input_txttotal' is: '10'

2018-05-30 14:44:45 - [MESSAGE][PASSED] - Attribute 'value' of object 'Object Repository/Emergency/Page_Store/input_txttotal' is: '10'

2018-05-30 14:44:45 - [TEST_STEP][PASSED] - Statement - out.println("Requested QTY : " + RequestedQty): null

2018-05-30 14:44:45 - [TEST_STEP][PASSED] - Statement - BatchNumber = com.kms.katalon.core.webui.keyword.WebUiBuiltInKeywords.getNumberOfTotalOption(com.kms.katalon.core.testobject.ObjectRepository.findTestObject(Emergency/Page_Store/select_--Select--BA1150BA4110)): 2 options of object 'Object Repository/Emergency/Page_Store/select_--Select--BA1150BA4110' counted

2018-05-30 14:44:45 - [MESSAGE][PASSED] - 2 options of object 'Object Repository/Emergency/Page_Store/select_--Select--BA1150BA4110' counted

2018-05-30 14:44:45 - [TEST_STEP][PASSED] - Statement - For ([g = 1, g <= BatchNumber - 1, (g++)]): null

2018-05-30 14:44:45 - [TEST_STEP][PASSED] - selectOptionByIndex: All options with index in [1] are selected on object 'Object Repository/Emergency/Page_Store/select_--Select--BA1150BA4110'

2018-05-30 14:44:46 - [MESSAGE][PASSED] - All options with index in [1] are selected on object 'Object Repository/Emergency/Page_Store/select_--Select--BA1150BA4110'

2018-05-30 14:44:46 - [TEST_STEP][PASSED] - delay: Delayed 2 second(s)

2018-05-30 14:44:48 - [MESSAGE][PASSED] - Delayed 2 second(s)

2018-05-30 14:44:48 - [TEST_STEP][PASSED] - Statement - Try: null

2018-05-30 14:44:48 - [TEST_STEP][PASSED] - Statement - StockQty = com.kms.katalon.core.webui.keyword.WebUiBuiltInKeywords.getAttribute(com.kms.katalon.core.testobject.ObjectRepository.findTestObject(Emergency/Page_Store/input_txtprice), "value"): Attribute 'value' of object 'Object Repository/Emergency/Page_Store/input_txtprice' is: '10000'

2018-05-30 14:44:48 - [MESSAGE][PASSED] - Attribute 'value' of object 'Object Repository/Emergency/Page_Store/input_txtprice' is: '10000'

2018-05-30 14:44:48 - [TEST_STEP][PASSED] - Statement - out.println("Stock QTY : " + StockQty): null

2018-05-30 14:44:48 - [TEST_STEP][PASSED] - delay: Delayed 2 second(s)

2018-05-30 14:44:50 - [MESSAGE][PASSED] - Delayed 2 second(s)

2018-05-30 14:44:50 - [TEST_STEP][PASSED] - Statement - If (java.lang.Integer.valueOf(StockQty) >= java.lang.Integer.valueOf(RequestedQty)): null

2018-05-30 14:44:50 - [TEST_STEP][PASSED] - delay: Delayed 1 second(s)

2018-05-30 14:44:51 - [MESSAGE][PASSED] - Delayed 1 second(s)

2018-05-30 14:44:51 - [TEST_STEP][PASSED] - setText: Text '10' is set on object 'Object Repository/Emergency/Page_Store/input_txtqty'

2018-05-30 14:44:51 - [MESSAGE][PASSED] - Text '10' is set on object 'Object Repository/Emergency/Page_Store/input_txtqty'

2018-05-30 14:44:51 - [TEST_STEP][PASSED] - click: Object: 'Object Repository/Emergency/Page_Store/button_Add' is clicked on

2018-05-30 14:44:51 - [MESSAGE][PASSED] - Object: 'Object Repository/Emergency/Page_Store/button_Add' is clicked on

2018-05-30 14:44:51 - [TEST_STEP][PASSED] - Statement - Break: null

2018-05-30 14:44:51 - [TEST_STEP][PASSED] - selectOptionByIndex: All options with index in [55] are selected on object 'Object Repository/Emergency/Page_Store/select_--Select--Amikacin -500'

2018-05-30 14:44:51 - [MESSAGE][PASSED] - All options with index in [55] are selected on object 'Object Repository/Emergency/Page_Store/select_--Select--Amikacin -500'

2018-05-30 14:44:51 - [TEST_STEP][PASSED] - delay: Delayed 1 second(s)

2018-05-30 14:44:52 - [MESSAGE][PASSED] - Delayed 1 second(s)

2018-05-30 14:44:52 - [TEST_STEP][PASSED] - Statement - RequestedQty = com.kms.katalon.core.webui.keyword.WebUiBuiltInKeywords.getAttribute(com.kms.katalon.core.testobject.ObjectRepository.findTestObject(Emergency/Page_Store/input_txttotal), "value"): Attribute 'value' of object 'Object Repository/Emergency/Page_Store/input_txttotal' is: '10'

2018-05-30 14:44:52 - [MESSAGE][PASSED] - Attribute 'value' of object 'Object Repository/Emergency/Page_Store/input_txttotal' is: '10'

2018-05-30 14:44:52 - [TEST_STEP][PASSED] - Statement - out.println("Requested QTY : " + RequestedQty): null

2018-05-30 14:44:52 - [TEST_STEP][PASSED] - Statement - BatchNumber = com.kms.katalon.core.webui.keyword.WebUiBuiltInKeywords.getNumberOfTotalOption(com.kms.katalon.core.testobject.ObjectRepository.findTestObject(Emergency/Page_Store/select_--Select--BA1150BA4110)): 2 options of object 'Object Repository/Emergency/Page_Store/select_--Select--BA1150BA4110' counted

2018-05-30 14:44:53 - [MESSAGE][PASSED] - 2 options of object 'Object Repository/Emergency/Page_Store/select_--Select--BA1150BA4110' counted

2018-05-30 14:44:53 - [TEST_STEP][PASSED] - Statement - For ([g = 1, g <= BatchNumber - 1, (g++)]): null

2018-05-30 14:44:53 - [TEST_STEP][PASSED] - selectOptionByIndex: All options with index in [1] are selected on object 'Object Repository/Emergency/Page_Store/select_--Select--BA1150BA4110'

2018-05-30 14:44:53 - [MESSAGE][PASSED] - All options with index in [1] are selected on object 'Object Repository/Emergency/Page_Store/select_--Select--BA1150BA4110'

2018-05-30 14:44:53 - [TEST_STEP][PASSED] - delay: Delayed 2 second(s)

2018-05-30 14:44:55 - [MESSAGE][PASSED] - Delayed 2 second(s)

2018-05-30 14:44:55 - [TEST_STEP][PASSED] - Statement - Try: null

2018-05-30 14:44:55 - [TEST_STEP][PASSED] - Statement - StockQty = com.kms.katalon.core.webui.keyword.WebUiBuiltInKeywords.getAttribute(com.kms.katalon.core.testobject.ObjectRepository.findTestObject(Emergency/Page_Store/input_txtprice), "value"): Attribute 'value' of object 'Object Repository/Emergency/Page_Store/input_txtprice' is: '10000'

2018-05-30 14:44:55 - [MESSAGE][PASSED] - Attribute 'value' of object 'Object Repository/Emergency/Page_Store/input_txtprice' is: '10000'

2018-05-30 14:44:55 - [TEST_STEP][PASSED] - Statement - out.println("Stock QTY : " + StockQty): null

2018-05-30 14:44:55 - [TEST_STEP][PASSED] - delay: Delayed 2 second(s)

2018-05-30 14:44:57 - [MESSAGE][PASSED] - Delayed 2 second(s)

2018-05-30 14:44:57 - [TEST_STEP][PASSED] - Statement - If (java.lang.Integer.valueOf(StockQty) >= java.lang.Integer.valueOf(RequestedQty)): null

2018-05-30 14:44:57 - [TEST_STEP][PASSED] - delay: Delayed 1 second(s)

2018-05-30 14:44:58 - [MESSAGE][PASSED] - Delayed 1 second(s)

2018-05-30 14:44:58 - [TEST_STEP][PASSED] - setText: Text '10' is set on object 'Object Repository/Emergency/Page_Store/input_txtqty'

2018-05-30 14:44:58 - [MESSAGE][PASSED] - Text '10' is set on object 'Object Repository/Emergency/Page_Store/input_txtqty'

2018-05-30 14:44:58 - [TEST_STEP][PASSED] - click: Object: 'Object Repository/Emergency/Page_Store/button_Add' is clicked on

2018-05-30 14:44:58 - [MESSAGE][PASSED] - Object: 'Object Repository/Emergency/Page_Store/button_Add' is clicked on

2018-05-30 14:44:58 - [TEST_STEP][PASSED] - Statement - Break: null

2018-05-30 14:44:58 - [TEST_STEP][PASSED] - selectOptionByIndex: All options with index in [56] are selected on object 'Object Repository/Emergency/Page_Store/select_--Select--Amikacin -500'

2018-05-30 14:44:59 - [MESSAGE][PASSED] - All options with index in [56] are selected on object 'Object Repository/Emergency/Page_Store/select_--Select--Amikacin -500'

2018-05-30 14:44:59 - [TEST_STEP][PASSED] - delay: Delayed 1 second(s)

2018-05-30 14:45:00 - [MESSAGE][PASSED] - Delayed 1 second(s)

2018-05-30 14:45:00 - [TEST_STEP][PASSED] - Statement - RequestedQty = com.kms.katalon.core.webui.keyword.WebUiBuiltInKeywords.getAttribute(com.kms.katalon.core.testobject.ObjectRepository.findTestObject(Emergency/Page_Store/input_txttotal), "value"): Attribute 'value' of object 'Object Repository/Emergency/Page_Store/input_txttotal' is: '10'

2018-05-30 14:45:00 - [MESSAGE][PASSED] - Attribute 'value' of object 'Object Repository/Emergency/Page_Store/input_txttotal' is: '10'

2018-05-30 14:45:00 - [TEST_STEP][PASSED] - Statement - out.println("Requested QTY : " + RequestedQty): null

2018-05-30 14:45:00 - [TEST_STEP][PASSED] - Statement - BatchNumber = com.kms.katalon.core.webui.keyword.WebUiBuiltInKeywords.getNumberOfTotalOption(com.kms.katalon.core.testobject.ObjectRepository.findTestObject(Emergency/Page_Store/select_--Select--BA1150BA4110)): 2 options of object 'Object Repository/Emergency/Page_Store/select_--Select--BA1150BA4110' counted

2018-05-30 14:45:00 - [MESSAGE][PASSED] - 2 options of object 'Object Repository/Emergency/Page_Store/select_--Select--BA1150BA4110' counted

2018-05-30 14:45:00 - [TEST_STEP][PASSED] - Statement - For ([g = 1, g <= BatchNumber - 1, (g++)]): null

2018-05-30 14:45:00 - [TEST_STEP][PASSED] - selectOptionByIndex: All options with index in [1] are selected on object 'Object Repository/Emergency/Page_Store/select_--Select--BA1150BA4110'

2018-05-30 14:45:00 - [MESSAGE][PASSED] - All options with index in [1] are selected on object 'Object Repository/Emergency/Page_Store/select_--Select--BA1150BA4110'

2018-05-30 14:45:00 - [TEST_STEP][PASSED] - delay: Delayed 2 second(s)

2018-05-30 14:45:02 - [MESSAGE][PASSED] - Delayed 2 second(s)

2018-05-30 14:45:02 - [TEST_STEP][PASSED] - Statement - Try: null

2018-05-30 14:45:02 - [TEST_STEP][PASSED] - Statement - StockQty = com.kms.katalon.core.webui.keyword.WebUiBuiltInKeywords.getAttribute(com.kms.katalon.core.testobject.ObjectRepository.findTestObject(Emergency/Page_Store/input_txtprice), "value"): Attribute 'value' of object 'Object Repository/Emergency/Page_Store/input_txtprice' is: '10000'

2018-05-30 14:45:02 - [MESSAGE][PASSED] - Attribute 'value' of object 'Object Repository/Emergency/Page_Store/input_txtprice' is: '10000'

2018-05-30 14:45:02 - [TEST_STEP][PASSED] - Statement - out.println("Stock QTY : " + StockQty): null

2018-05-30 14:45:02 - [TEST_STEP][PASSED] - delay: Delayed 2 second(s)

2018-05-30 14:45:04 - [MESSAGE][PASSED] - Delayed 2 second(s)

2018-05-30 14:45:04 - [TEST_STEP][PASSED] - Statement - If (java.lang.Integer.valueOf(StockQty) >= java.lang.Integer.valueOf(RequestedQty)): null

2018-05-30 14:45:04 - [TEST_STEP][PASSED] - delay: Delayed 1 second(s)

2018-05-30 14:45:05 - [MESSAGE][PASSED] - Delayed 1 second(s)

2018-05-30 14:45:05 - [TEST_STEP][PASSED] - setText: Text '10' is set on object 'Object Repository/Emergency/Page_Store/input_txtqty'

2018-05-30 14:45:05 - [MESSAGE][PASSED] - Text '10' is set on object 'Object Repository/Emergency/Page_Store/input_txtqty'

2018-05-30 14:45:05 - [TEST_STEP][PASSED] - click: Object: 'Object Repository/Emergency/Page_Store/button_Add' is clicked on

2018-05-30 14:45:05 - [MESSAGE][PASSED] - Object: 'Object Repository/Emergency/Page_Store/button_Add' is clicked on

2018-05-30 14:45:05 - [TEST_STEP][PASSED] - Statement - Break: null

2018-05-30 14:45:05 - [TEST_STEP][PASSED] - selectOptionByIndex: All options with index in [57] are selected on object 'Object Repository/Emergency/Page_Store/select_--Select--Amikacin -500'

2018-05-30 14:45:06 - [MESSAGE][PASSED] - All options with index in [57] are selected on object 'Object Repository/Emergency/Page_Store/select_--Select--Amikacin -500'

2018-05-30 14:45:06 - [TEST_STEP][PASSED] - delay: Delayed 1 second(s)

2018-05-30 14:45:07 - [MESSAGE][PASSED] - Delayed 1 second(s)

2018-05-30 14:45:07 - [TEST_STEP][PASSED] - Statement - RequestedQty = com.kms.katalon.core.webui.keyword.WebUiBuiltInKeywords.getAttribute(com.kms.katalon.core.testobject.ObjectRepository.findTestObject(Emergency/Page_Store/input_txttotal), "value"): Attribute 'value' of object 'Object Repository/Emergency/Page_Store/input_txttotal' is: '10'

2018-05-30 14:45:07 - [MESSAGE][PASSED] - Attribute 'value' of object 'Object Repository/Emergency/Page_Store/input_txttotal' is: '10'

2018-05-30 14:45:07 - [TEST_STEP][PASSED] - Statement - out.println("Requested QTY : " + RequestedQty): null

2018-05-30 14:45:07 - [TEST_STEP][PASSED] - Statement - BatchNumber = com.kms.katalon.core.webui.keyword.WebUiBuiltInKeywords.getNumberOfTotalOption(com.kms.katalon.core.testobject.ObjectRepository.findTestObject(Emergency/Page_Store/select_--Select--BA1150BA4110)): 2 options of object 'Object Repository/Emergency/Page_Store/select_--Select--BA1150BA4110' counted

2018-05-30 14:45:07 - [MESSAGE][PASSED] - 2 options of object 'Object Repository/Emergency/Page_Store/select_--Select--BA1150BA4110' counted

2018-05-30 14:45:07 - [TEST_STEP][PASSED] - Statement - For ([g = 1, g <= BatchNumber - 1, (g++)]): null

2018-05-30 14:45:07 - [TEST_STEP][PASSED] - selectOptionByIndex: All options with index in [1] are selected on object 'Object Repository/Emergency/Page_Store/select_--Select--BA1150BA4110'

2018-05-30 14:45:07 - [MESSAGE][PASSED] - All options with index in [1] are selected on object 'Object Repository/Emergency/Page_Store/select_--Select--BA1150BA4110'

2018-05-30 14:45:07 - [TEST_STEP][PASSED] - delay: Delayed 2 second(s)

2018-05-30 14:45:09 - [MESSAGE][PASSED] - Delayed 2 second(s)

2018-05-30 14:45:09 - [TEST_STEP][PASSED] - Statement - Try: null

2018-05-30 14:45:09 - [TEST_STEP][PASSED] - Statement - StockQty = com.kms.katalon.core.webui.keyword.WebUiBuiltInKeywords.getAttribute(com.kms.katalon.core.testobject.ObjectRepository.findTestObject(Emergency/Page_Store/input_txtprice), "value"): Attribute 'value' of object 'Object Repository/Emergency/Page_Store/input_txtprice' is: '10000'

2018-05-30 14:45:09 - [MESSAGE][PASSED] - Attribute 'value' of object 'Object Repository/Emergency/Page_Store/input_txtprice' is: '10000'

2018-05-30 14:45:09 - [TEST_STEP][PASSED] - Statement - out.println("Stock QTY : " + StockQty): null

2018-05-30 14:45:09 - [TEST_STEP][PASSED] - delay: Delayed 2 second(s)

2018-05-30 14:45:11 - [MESSAGE][PASSED] - Delayed 2 second(s)

2018-05-30 14:45:11 - [TEST_STEP][PASSED] - Statement - If (java.lang.Integer.valueOf(StockQty) >= java.lang.Integer.valueOf(RequestedQty)): null

2018-05-30 14:45:11 - [TEST_STEP][PASSED] - delay: Delayed 1 second(s)

2018-05-30 14:45:12 - [MESSAGE][PASSED] - Delayed 1 second(s)

2018-05-30 14:45:12 - [TEST_STEP][PASSED] - setText: Text '10' is set on object 'Object Repository/Emergency/Page_Store/input_txtqty'

2018-05-30 14:45:12 - [MESSAGE][PASSED] - Text '10' is set on object 'Object Repository/Emergency/Page_Store/input_txtqty'

2018-05-30 14:45:12 - [TEST_STEP][PASSED] - click: Object: 'Object Repository/Emergency/Page_Store/button_Add' is clicked on

2018-05-30 14:45:12 - [MESSAGE][PASSED] - Object: 'Object Repository/Emergency/Page_Store/button_Add' is clicked on

2018-05-30 14:45:12 - [TEST_STEP][PASSED] - Statement - Break: null

2018-05-30 14:45:12 - [TEST_STEP][PASSED] - selectOptionByIndex: All options with index in [58] are selected on object 'Object Repository/Emergency/Page_Store/select_--Select--Amikacin -500'

2018-05-30 14:45:13 - [MESSAGE][PASSED] - All options with index in [58] are selected on object 'Object Repository/Emergency/Page_Store/select_--Select--Amikacin -500'

2018-05-30 14:45:13 - [TEST_STEP][PASSED] - delay: Delayed 1 second(s)

2018-05-30 14:45:14 - [MESSAGE][PASSED] - Delayed 1 second(s)

2018-05-30 14:45:14 - [TEST_STEP][PASSED] - Statement - RequestedQty = com.kms.katalon.core.webui.keyword.WebUiBuiltInKeywords.getAttribute(com.kms.katalon.core.testobject.ObjectRepository.findTestObject(Emergency/Page_Store/input_txttotal), "value"): Attribute 'value' of object 'Object Repository/Emergency/Page_Store/input_txttotal' is: '10'

2018-05-30 14:45:14 - [MESSAGE][PASSED] - Attribute 'value' of object 'Object Repository/Emergency/Page_Store/input_txttotal' is: '10'

2018-05-30 14:45:14 - [TEST_STEP][PASSED] - Statement - out.println("Requested QTY : " + RequestedQty): null

2018-05-30 14:45:14 - [TEST_STEP][PASSED] - Statement - BatchNumber = com.kms.katalon.core.webui.keyword.WebUiBuiltInKeywords.getNumberOfTotalOption(com.kms.katalon.core.testobject.ObjectRepository.findTestObject(Emergency/Page_Store/select_--Select--BA1150BA4110)): 2 options of object 'Object Repository/Emergency/Page_Store/select_--Select--BA1150BA4110' counted

2018-05-30 14:45:14 - [MESSAGE][PASSED] - 2 options of object 'Object Repository/Emergency/Page_Store/select_--Select--BA1150BA4110' counted

2018-05-30 14:45:14 - [TEST_STEP][PASSED] - Statement - For ([g = 1, g <= BatchNumber - 1, (g++)]): null

2018-05-30 14:45:14 - [TEST_STEP][PASSED] - selectOptionByIndex: All options with index in [1] are selected on object 'Object Repository/Emergency/Page_Store/select_--Select--BA1150BA4110'

2018-05-30 14:45:14 - [MESSAGE][PASSED] - All options with index in [1] are selected on object 'Object Repository/Emergency/Page_Store/select_--Select--BA1150BA4110'

2018-05-30 14:45:14 - [TEST_STEP][PASSED] - delay: Delayed 2 second(s)

2018-05-30 14:45:16 - [MESSAGE][PASSED] - Delayed 2 second(s)

2018-05-30 14:45:16 - [TEST_STEP][PASSED] - Statement - Try: null

2018-05-30 14:45:16 - [TEST_STEP][PASSED] - Statement - StockQty = com.kms.katalon.core.webui.keyword.WebUiBuiltInKeywords.getAttribute(com.kms.katalon.core.testobject.ObjectRepository.findTestObject(Emergency/Page_Store/input_txtprice), "value"): Attribute 'value' of object 'Object Repository/Emergency/Page_Store/input_txtprice' is: '10000'

2018-05-30 14:45:16 - [MESSAGE][PASSED] - Attribute 'value' of object 'Object Repository/Emergency/Page_Store/input_txtprice' is: '10000'

2018-05-30 14:45:16 - [TEST_STEP][PASSED] - Statement - out.println("Stock QTY : " + StockQty): null

2018-05-30 14:45:16 - [TEST_STEP][PASSED] - delay: Delayed 2 second(s)

2018-05-30 14:45:18 - [MESSAGE][PASSED] - Delayed 2 second(s)

2018-05-30 14:45:18 - [TEST_STEP][PASSED] - Statement - If (java.lang.Integer.valueOf(StockQty) >= java.lang.Integer.valueOf(RequestedQty)): null

2018-05-30 14:45:18 - [TEST_STEP][PASSED] - delay: Delayed 1 second(s)

2018-05-30 14:45:19 - [MESSAGE][PASSED] - Delayed 1 second(s)

2018-05-30 14:45:19 - [TEST_STEP][PASSED] - setText: Text '10' is set on object 'Object Repository/Emergency/Page_Store/input_txtqty'

2018-05-30 14:45:19 - [MESSAGE][PASSED] - Text '10' is set on object 'Object Repository/Emergency/Page_Store/input_txtqty'

2018-05-30 14:45:19 - [TEST_STEP][PASSED] - click: Object: 'Object Repository/Emergency/Page_Store/button_Add' is clicked on

2018-05-30 14:45:19 - [MESSAGE][PASSED] - Object: 'Object Repository/Emergency/Page_Store/button_Add' is clicked on

2018-05-30 14:45:19 - [TEST_STEP][PASSED] - Statement - Break: null

2018-05-30 14:45:19 - [TEST_STEP][PASSED] - selectOptionByIndex: All options with index in [59] are selected on object 'Object Repository/Emergency/Page_Store/select_--Select--Amikacin -500'

2018-05-30 14:45:20 - [MESSAGE][PASSED] - All options with index in [59] are selected on object 'Object Repository/Emergency/Page_Store/select_--Select--Amikacin -500'

2018-05-30 14:45:20 - [TEST_STEP][PASSED] - delay: Delayed 1 second(s)

2018-05-30 14:45:21 - [MESSAGE][PASSED] - Delayed 1 second(s)

2018-05-30 14:45:21 - [TEST_STEP][PASSED] - Statement - RequestedQty = com.kms.katalon.core.webui.keyword.WebUiBuiltInKeywords.getAttribute(com.kms.katalon.core.testobject.ObjectRepository.findTestObject(Emergency/Page_Store/input_txttotal), "value"): Attribute 'value' of object 'Object Repository/Emergency/Page_Store/input_txttotal' is: '10'

2018-05-30 14:45:21 - [MESSAGE][PASSED] - Attribute 'value' of object 'Object Repository/Emergency/Page_Store/input_txttotal' is: '10'

2018-05-30 14:45:21 - [TEST_STEP][PASSED] - Statement - out.println("Requested QTY : " + RequestedQty): null

2018-05-30 14:45:21 - [TEST_STEP][PASSED] - Statement - BatchNumber = com.kms.katalon.core.webui.keyword.WebUiBuiltInKeywords.getNumberOfTotalOption(com.kms.katalon.core.testobject.ObjectRepository.findTestObject(Emergency/Page_Store/select_--Select--BA1150BA4110)): 2 options of object 'Object Repository/Emergency/Page_Store/select_--Select--BA1150BA4110' counted

2018-05-30 14:45:21 - [MESSAGE][PASSED] - 2 options of object 'Object Repository/Emergency/Page_Store/select_--Select--BA1150BA4110' counted

2018-05-30 14:45:21 - [TEST_STEP][PASSED] - Statement - For ([g = 1, g <= BatchNumber - 1, (g++)]): null

2018-05-30 14:45:21 - [TEST_STEP][PASSED] - selectOptionByIndex: All options with index in [1] are selected on object 'Object Repository/Emergency/Page_Store/select_--Select--BA1150BA4110'

2018-05-30 14:45:21 - [MESSAGE][PASSED] - All options with index in [1] are selected on object 'Object Repository/Emergency/Page_Store/select_--Select--BA1150BA4110'

2018-05-30 14:45:21 - [TEST_STEP][PASSED] - delay: Delayed 2 second(s)

2018-05-30 14:45:23 - [MESSAGE][PASSED] - Delayed 2 second(s)

2018-05-30 14:45:23 - [TEST_STEP][PASSED] - Statement - Try: null

2018-05-30 14:45:23 - [TEST_STEP][PASSED] - Statement - StockQty = com.kms.katalon.core.webui.keyword.WebUiBuiltInKeywords.getAttribute(com.kms.katalon.core.testobject.ObjectRepository.findTestObject(Emergency/Page_Store/input_txtprice), "value"): Attribute 'value' of object 'Object Repository/Emergency/Page_Store/input_txtprice' is: '9990'

2018-05-30 14:45:23 - [MESSAGE][PASSED] - Attribute 'value' of object 'Object Repository/Emergency/Page_Store/input_txtprice' is: '9990'

2018-05-30 14:45:23 - [TEST_STEP][PASSED] - Statement - out.println("Stock QTY : " + StockQty): null

2018-05-30 14:45:23 - [TEST_STEP][PASSED] - delay: Delayed 2 second(s)

2018-05-30 14:45:25 - [MESSAGE][PASSED] - Delayed 2 second(s)

2018-05-30 14:45:25 - [TEST_STEP][PASSED] - Statement - If (java.lang.Integer.valueOf(StockQty) >= java.lang.Integer.valueOf(RequestedQty)): null

2018-05-30 14:45:25 - [TEST_STEP][PASSED] - delay: Delayed 1 second(s)

2018-05-30 14:45:26 - [MESSAGE][PASSED] - Delayed 1 second(s)

2018-05-30 14:45:26 - [TEST_STEP][PASSED] - setText: Text '10' is set on object 'Object Repository/Emergency/Page_Store/input_txtqty'

2018-05-30 14:45:26 - [MESSAGE][PASSED] - Text '10' is set on object 'Object Repository/Emergency/Page_Store/input_txtqty'

2018-05-30 14:45:26 - [TEST_STEP][PASSED] - click: Object: 'Object Repository/Emergency/Page_Store/button_Add' is clicked on

2018-05-30 14:45:26 - [MESSAGE][PASSED] - Object: 'Object Repository/Emergency/Page_Store/button_Add' is clicked on

2018-05-30 14:45:26 - [TEST_STEP][PASSED] - Statement - Break: null

2018-05-30 14:45:26 - [TEST_STEP][PASSED] - selectOptionByIndex: All options with index in [60] are selected on object 'Object Repository/Emergency/Page_Store/select_--Select--Amikacin -500'

2018-05-30 14:45:27 - [MESSAGE][PASSED] - All options with index in [60] are selected on object 'Object Repository/Emergency/Page_Store/select_--Select--Amikacin -500'

2018-05-30 14:45:27 - [TEST_STEP][PASSED] - delay: Delayed 1 second(s)

2018-05-30 14:45:28 - [MESSAGE][PASSED] - Delayed 1 second(s)

2018-05-30 14:45:28 - [TEST_STEP][PASSED] - Statement - RequestedQty = com.kms.katalon.core.webui.keyword.WebUiBuiltInKeywords.getAttribute(com.kms.katalon.core.testobject.ObjectRepository.findTestObject(Emergency/Page_Store/input_txttotal), "value"): Attribute 'value' of object 'Object Repository/Emergency/Page_Store/input_txttotal' is: '10'

2018-05-30 14:45:28 - [MESSAGE][PASSED] - Attribute 'value' of object 'Object Repository/Emergency/Page_Store/input_txttotal' is: '10'

2018-05-30 14:45:28 - [TEST_STEP][PASSED] - Statement - out.println("Requested QTY : " + RequestedQty): null

2018-05-30 14:45:28 - [TEST_STEP][PASSED] - Statement - BatchNumber = com.kms.katalon.core.webui.keyword.WebUiBuiltInKeywords.getNumberOfTotalOption(com.kms.katalon.core.testobject.ObjectRepository.findTestObject(Emergency/Page_Store/select_--Select--BA1150BA4110)): 2 options of object 'Object Repository/Emergency/Page_Store/select_--Select--BA1150BA4110' counted

2018-05-30 14:45:28 - [MESSAGE][PASSED] - 2 options of object 'Object Repository/Emergency/Page_Store/select_--Select--BA1150BA4110' counted

2018-05-30 14:45:28 - [TEST_STEP][PASSED] - Statement - For ([g = 1, g <= BatchNumber - 1, (g++)]): null

2018-05-30 14:45:28 - [TEST_STEP][PASSED] - selectOptionByIndex: All options with index in [1] are selected on object 'Object Repository/Emergency/Page_Store/select_--Select--BA1150BA4110'

2018-05-30 14:45:28 - [MESSAGE][PASSED] - All options with index in [1] are selected on object 'Object Repository/Emergency/Page_Store/select_--Select--BA1150BA4110'

2018-05-30 14:45:28 - [TEST_STEP][PASSED] - delay: Delayed 2 second(s)

2018-05-30 14:45:30 - [MESSAGE][PASSED] - Delayed 2 second(s)

2018-05-30 14:45:30 - [TEST_STEP][PASSED] - Statement - Try: null

2018-05-30 14:45:30 - [TEST_STEP][PASSED] - Statement - StockQty = com.kms.katalon.core.webui.keyword.WebUiBuiltInKeywords.getAttribute(com.kms.katalon.core.testobject.ObjectRepository.findTestObject(Emergency/Page_Store/input_txtprice), "value"): Attribute 'value' of object 'Object Repository/Emergency/Page_Store/input_txtprice' is: '9990'

2018-05-30 14:45:30 - [MESSAGE][PASSED] - Attribute 'value' of object 'Object Repository/Emergency/Page_Store/input_txtprice' is: '9990'

2018-05-30 14:45:30 - [TEST_STEP][PASSED] - Statement - out.println("Stock QTY : " + StockQty): null

2018-05-30 14:45:30 - [TEST_STEP][PASSED] - delay: Delayed 2 second(s)

2018-05-30 14:45:32 - [MESSAGE][PASSED] - Delayed 2 second(s)

2018-05-30 14:45:32 - [TEST_STEP][PASSED] - Statement - If (java.lang.Integer.valueOf(StockQty) >= java.lang.Integer.valueOf(RequestedQty)): null

2018-05-30 14:45:32 - [TEST_STEP][PASSED] - delay: Delayed 1 second(s)

2018-05-30 14:45:33 - [MESSAGE][PASSED] - Delayed 1 second(s)

2018-05-30 14:45:33 - [TEST_STEP][PASSED] - setText: Text '10' is set on object 'Object Repository/Emergency/Page_Store/input_txtqty'

2018-05-30 14:45:33 - [MESSAGE][PASSED] - Text '10' is set on object 'Object Repository/Emergency/Page_Store/input_txtqty'

2018-05-30 14:45:33 - [TEST_STEP][PASSED] - click: Object: 'Object Repository/Emergency/Page_Store/button_Add' is clicked on

2018-05-30 14:45:33 - [MESSAGE][PASSED] - Object: 'Object Repository/Emergency/Page_Store/button_Add' is clicked on

2018-05-30 14:45:33 - [TEST_STEP][PASSED] - Statement - Break: null

2018-05-30 14:45:33 - [TEST_STEP][PASSED] - selectOptionByIndex: All options with index in [61] are selected on object 'Object Repository/Emergency/Page_Store/select_--Select--Amikacin -500'

2018-05-30 14:45:34 - [MESSAGE][PASSED] - All options with index in [61] are selected on object 'Object Repository/Emergency/Page_Store/select_--Select--Amikacin -500'

2018-05-30 14:45:34 - [TEST_STEP][PASSED] - delay: Delayed 1 second(s)

2018-05-30 14:45:35 - [MESSAGE][PASSED] - Delayed 1 second(s)

2018-05-30 14:45:35 - [TEST_STEP][PASSED] - Statement - RequestedQty = com.kms.katalon.core.webui.keyword.WebUiBuiltInKeywords.getAttribute(com.kms.katalon.core.testobject.ObjectRepository.findTestObject(Emergency/Page_Store/input_txttotal), "value"): Attribute 'value' of object 'Object Repository/Emergency/Page_Store/input_txttotal' is: '10'

2018-05-30 14:45:35 - [MESSAGE][PASSED] - Attribute 'value' of object 'Object Repository/Emergency/Page_Store/input_txttotal' is: '10'

2018-05-30 14:45:35 - [TEST_STEP][PASSED] - Statement - out.println("Requested QTY : " + RequestedQty): null

2018-05-30 14:45:35 - [TEST_STEP][PASSED] - Statement - BatchNumber = com.kms.katalon.core.webui.keyword.WebUiBuiltInKeywords.getNumberOfTotalOption(com.kms.katalon.core.testobject.ObjectRepository.findTestObject(Emergency/Page_Store/select_--Select--BA1150BA4110)): 2 options of object 'Object Repository/Emergency/Page_Store/select_--Select--BA1150BA4110' counted

2018-05-30 14:45:35 - [MESSAGE][PASSED] - 2 options of object 'Object Repository/Emergency/Page_Store/select_--Select--BA1150BA4110' counted

2018-05-30 14:45:35 - [TEST_STEP][PASSED] - Statement - For ([g = 1, g <= BatchNumber - 1, (g++)]): null

2018-05-30 14:45:35 - [TEST_STEP][PASSED] - selectOptionByIndex: All options with index in [1] are selected on object 'Object Repository/Emergency/Page_Store/select_--Select--BA1150BA4110'

2018-05-30 14:45:35 - [MESSAGE][PASSED] - All options with index in [1] are selected on object 'Object Repository/Emergency/Page_Store/select_--Select--BA1150BA4110'

2018-05-30 14:45:35 - [TEST_STEP][PASSED] - delay: Delayed 2 second(s)

2018-05-30 14:45:37 - [MESSAGE][PASSED] - Delayed 2 second(s)

2018-05-30 14:45:37 - [TEST_STEP][PASSED] - Statement - Try: null

2018-05-30 14:45:37 - [TEST_STEP][PASSED] - Statement - StockQty = com.kms.katalon.core.webui.keyword.WebUiBuiltInKeywords.getAttribute(com.kms.katalon.core.testobject.ObjectRepository.findTestObject(Emergency/Page_Store/input_txtprice), "value"): Attribute 'value' of object 'Object Repository/Emergency/Page_Store/input_txtprice' is: '9990'

2018-05-30 14:45:37 - [MESSAGE][PASSED] - Attribute 'value' of object 'Object Repository/Emergency/Page_Store/input_txtprice' is: '9990'

2018-05-30 14:45:37 - [TEST_STEP][PASSED] - Statement - out.println("Stock QTY : " + StockQty): null

2018-05-30 14:45:37 - [TEST_STEP][PASSED] - delay: Delayed 2 second(s)

2018-05-30 14:45:39 - [MESSAGE][PASSED] - Delayed 2 second(s)

2018-05-30 14:45:39 - [TEST_STEP][PASSED] - Statement - If (java.lang.Integer.valueOf(StockQty) >= java.lang.Integer.valueOf(RequestedQty)): null

2018-05-30 14:45:39 - [TEST_STEP][PASSED] - delay: Delayed 1 second(s)

2018-05-30 14:45:40 - [MESSAGE][PASSED] - Delayed 1 second(s)

2018-05-30 14:45:40 - [TEST_STEP][PASSED] - setText: Text '10' is set on object 'Object Repository/Emergency/Page_Store/input_txtqty'

2018-05-30 14:45:40 - [MESSAGE][PASSED] - Text '10' is set on object 'Object Repository/Emergency/Page_Store/input_txtqty'

2018-05-30 14:45:40 - [TEST_STEP][PASSED] - click: Object: 'Object Repository/Emergency/Page_Store/button_Add' is clicked on

2018-05-30 14:45:40 - [MESSAGE][PASSED] - Object: 'Object Repository/Emergency/Page_Store/button_Add' is clicked on

2018-05-30 14:45:40 - [TEST_STEP][PASSED] - Statement - Break: null

2018-05-30 14:45:40 - [TEST_STEP][PASSED] - selectOptionByIndex: All options with index in [62] are selected on object 'Object Repository/Emergency/Page_Store/select_--Select--Amikacin -500'

2018-05-30 14:45:41 - [MESSAGE][PASSED] - All options with index in [62] are selected on object 'Object Repository/Emergency/Page_Store/select_--Select--Amikacin -500'

2018-05-30 14:45:41 - [TEST_STEP][PASSED] - delay: Delayed 1 second(s)

2018-05-30 14:45:42 - [MESSAGE][PASSED] - Delayed 1 second(s)

2018-05-30 14:45:42 - [TEST_STEP][PASSED] - Statement - RequestedQty = com.kms.katalon.core.webui.keyword.WebUiBuiltInKeywords.getAttribute(com.kms.katalon.core.testobject.ObjectRepository.findTestObject(Emergency/Page_Store/input_txttotal), "value"): Attribute 'value' of object 'Object Repository/Emergency/Page_Store/input_txttotal' is: '10'

2018-05-30 14:45:42 - [MESSAGE][PASSED] - Attribute 'value' of object 'Object Repository/Emergency/Page_Store/input_txttotal' is: '10'

2018-05-30 14:45:42 - [TEST_STEP][PASSED] - Statement - out.println("Requested QTY : " + RequestedQty): null

2018-05-30 14:45:42 - [TEST_STEP][PASSED] - Statement - BatchNumber = com.kms.katalon.core.webui.keyword.WebUiBuiltInKeywords.getNumberOfTotalOption(com.kms.katalon.core.testobject.ObjectRepository.findTestObject(Emergency/Page_Store/select_--Select--BA1150BA4110)): 2 options of object 'Object Repository/Emergency/Page_Store/select_--Select--BA1150BA4110' counted

2018-05-30 14:45:42 - [MESSAGE][PASSED] - 2 options of object 'Object Repository/Emergency/Page_Store/select_--Select--BA1150BA4110' counted

2018-05-30 14:45:42 - [TEST_STEP][PASSED] - Statement - For ([g = 1, g <= BatchNumber - 1, (g++)]): null

2018-05-30 14:45:42 - [TEST_STEP][PASSED] - selectOptionByIndex: All options with index in [1] are selected on object 'Object Repository/Emergency/Page_Store/select_--Select--BA1150BA4110'

2018-05-30 14:45:42 - [MESSAGE][PASSED] - All options with index in [1] are selected on object 'Object Repository/Emergency/Page_Store/select_--Select--BA1150BA4110'

2018-05-30 14:45:42 - [TEST_STEP][PASSED] - delay: Delayed 2 second(s)

2018-05-30 14:45:44 - [MESSAGE][PASSED] - Delayed 2 second(s)

2018-05-30 14:45:44 - [TEST_STEP][PASSED] - Statement - Try: null

2018-05-30 14:45:44 - [TEST_STEP][PASSED] - Statement - StockQty = com.kms.katalon.core.webui.keyword.WebUiBuiltInKeywords.getAttribute(com.kms.katalon.core.testobject.ObjectRepository.findTestObject(Emergency/Page_Store/input_txtprice), "value"): Attribute 'value' of object 'Object Repository/Emergency/Page_Store/input_txtprice' is: '9990'

2018-05-30 14:45:44 - [MESSAGE][PASSED] - Attribute 'value' of object 'Object Repository/Emergency/Page_Store/input_txtprice' is: '9990'

2018-05-30 14:45:44 - [TEST_STEP][PASSED] - Statement - out.println("Stock QTY : " + StockQty): null

2018-05-30 14:45:44 - [TEST_STEP][PASSED] - delay: Delayed 2 second(s)

2018-05-30 14:45:46 - [MESSAGE][PASSED] - Delayed 2 second(s)

2018-05-30 14:45:46 - [TEST_STEP][PASSED] - Statement - If (java.lang.Integer.valueOf(StockQty) >= java.lang.Integer.valueOf(RequestedQty)): null

2018-05-30 14:45:46 - [TEST_STEP][PASSED] - delay: Delayed 1 second(s)

2018-05-30 14:45:47 - [MESSAGE][PASSED] - Delayed 1 second(s)

2018-05-30 14:45:47 - [TEST_STEP][PASSED] - setText: Text '10' is set on object 'Object Repository/Emergency/Page_Store/input_txtqty'

2018-05-30 14:45:47 - [MESSAGE][PASSED] - Text '10' is set on object 'Object Repository/Emergency/Page_Store/input_txtqty'

2018-05-30 14:45:47 - [TEST_STEP][PASSED] - click: Object: 'Object Repository/Emergency/Page_Store/button_Add' is clicked on

2018-05-30 14:45:48 - [MESSAGE][PASSED] - Object: 'Object Repository/Emergency/Page_Store/button_Add' is clicked on

2018-05-30 14:45:48 - [TEST_STEP][PASSED] - Statement - Break: null

2018-05-30 14:45:48 - [TEST_STEP][PASSED] - scrollToElement: Scroll to object 'Object Repository/Emergency/Page_Store/input_btnSubmit' successfully

2018-05-30 14:45:48 - [MESSAGE][PASSED] - Scroll to object 'Object Repository/Emergency/Page_Store/input_btnSubmit' successfully

2018-05-30 14:45:48 - [TEST_STEP][PASSED] - Statement - Try: Object: 'Object Repository/lab/Page_Store/button_OK' is clicked on

2018-05-30 14:45:48 - [TEST_STEP][PASSED] - click: Object: 'Object Repository/Emergency/Page_Store/input_btnSubmit' is clicked on

2018-05-30 14:45:48 - [MESSAGE][PASSED] - Object: 'Object Repository/Emergency/Page_Store/input_btnSubmit' is clicked on

2018-05-30 14:45:48 - [TEST_STEP][PASSED] - delay: Delayed 3 second(s)

2018-05-30 14:45:51 - [MESSAGE][PASSED] - Delayed 3 second(s)

2018-05-30 14:45:51 - [TEST_STEP][PASSED] - click: Object: 'Object Repository/lab/Page_Store/button_OK' is clicked on

2018-05-30 14:45:55 - [MESSAGE][PASSED] - Object: 'Object Repository/lab/Page_Store/button_OK' is clicked on

2018-05-30 14:45:55 - [TEST_STEP][PASSED] - delay: Delayed 3 second(s)

2018-05-30 14:45:58 - [MESSAGE][PASSED] - Delayed 3 second(s)

2018-05-30 14:45:58 - [TEST_STEP][PASSED] - click: Object: 'Object Repository/Emergency/Page_Store/a_dropdown-toggle' is clicked on

2018-05-30 14:45:59 - [MESSAGE][PASSED] - Object: 'Object Repository/Emergency/Page_Store/a_dropdown-toggle' is clicked on

2018-05-30 14:45:59 - [TEST_STEP][PASSED] - click: Object: 'Object Repository/Emergency/Page_Store/a_Sign out' is clicked on

2018-05-30 14:46:04 - [MESSAGE][PASSED] - Object: 'Object Repository/Emergency/Page_Store/a_Sign out' is clicked on

2018-05-30 14:46:04 - [TEST_STEP][PASSED] - closeBrowser: Browser is closed

2018-05-30 14:46:11 - [MESSAGE][PASSED] - Browser is closed

2018-05-30 14:46:11 - [TEST_STEP][PASSED] - Statement - out.println("Schedule 1 Emergency Request Are Working Successfully"): null]]></system-out>
         <system-err><![CDATA[]]></system-err>
      </testcase>
      <testcase name="Test Cases/EMERGENCY TEST CASES/TC_ER_002 Verify Schedule 3 Emergency  Request Are Working Successfully Or Not" classname="Test Cases/EMERGENCY TEST CASES/TC_ER_002 Verify Schedule 3 Emergency  Request Are Working Successfully Or Not" status="PASSED">
         <system-out><![CDATA[2018-05-30 14:46:12 - [TEST_CASE][PASSED] - Test Cases/EMERGENCY TEST CASES/TC_ER_002 Verify Schedule 3 Emergency  Request Are Working Successfully Or Not: Test Cases/EMERGENCY TEST CASES/TC_ER_002 Verify Schedule 3 Emergency  Request Are Working Successfully Or Not

2018-05-30 14:47:40 - [TEST_STEP][PASSED] - openBrowser: Browser is opened with url: ''

2018-05-30 14:48:02 - [MESSAGE][PASSED] - Browser is opened with url: ''

2018-05-30 14:48:02 - [TEST_STEP][PASSED] - Statement - out.println("Verify Schedule 3 Emergency  Request Are Working Successfully Or Not"): null

2018-05-30 14:48:02 - [TEST_STEP][PASSED] - navigateToUrl: Navigate to 'http://192.168.137.1/Multihospital_New/EmergencyLogin.aspx' successfully

2018-05-30 14:48:04 - [MESSAGE][PASSED] - Navigate to 'http://192.168.137.1/Multihospital_New/EmergencyLogin.aspx' successfully

2018-05-30 14:48:04 - [TEST_STEP][PASSED] - maximizeWindow: Current window maximized

2018-05-30 14:48:05 - [MESSAGE][PASSED] - Current window maximized

2018-05-30 14:48:05 - [TEST_STEP][PASSED] - setText: Text 'nivetha' is set on object 'Object Repository/Emergency/Page_Emergency login/input_txtusername'

2018-05-30 14:48:06 - [MESSAGE][PASSED] - Text 'nivetha' is set on object 'Object Repository/Emergency/Page_Emergency login/input_txtusername'

2018-05-30 14:48:06 - [TEST_STEP][PASSED] - setText: Text '123' is set on object 'Object Repository/Emergency/Page_Emergency login/input_txtpassword'

2018-05-30 14:48:06 - [MESSAGE][PASSED] - Text '123' is set on object 'Object Repository/Emergency/Page_Emergency login/input_txtpassword'

2018-05-30 14:48:06 - [TEST_STEP][PASSED] - delay: Delayed 3 second(s)

2018-05-30 14:48:09 - [MESSAGE][PASSED] - Delayed 3 second(s)

2018-05-30 14:48:09 - [TEST_STEP][PASSED] - click: Object: 'Object Repository/Emergency/Page_Emergency login/button_Sign in' is clicked on

2018-05-30 14:48:10 - [MESSAGE][PASSED] - Object: 'Object Repository/Emergency/Page_Emergency login/button_Sign in' is clicked on

2018-05-30 14:48:10 - [TEST_STEP][PASSED] - delay: Delayed 3 second(s)

2018-05-30 14:48:13 - [MESSAGE][PASSED] - Delayed 3 second(s)

2018-05-30 14:48:13 - [TEST_STEP][PASSED] - click: Object: 'Object Repository/Emergency/Page_KDMC - Emergency/a_Store Request' is clicked on

2018-05-30 14:48:13 - [MESSAGE][PASSED] - Object: 'Object Repository/Emergency/Page_KDMC - Emergency/a_Store Request' is clicked on

2018-05-30 14:48:13 - [TEST_STEP][PASSED] - delay: Delayed 2 second(s)

2018-05-30 14:48:15 - [MESSAGE][PASSED] - Delayed 2 second(s)

2018-05-30 14:48:15 - [TEST_STEP][PASSED] - click: Object: 'Object Repository/Emergency/Page_KDMC - Emergency/a_Medicine Request' is clicked on

2018-05-30 14:48:16 - [MESSAGE][PASSED] - Object: 'Object Repository/Emergency/Page_KDMC - Emergency/a_Medicine Request' is clicked on

2018-05-30 14:48:16 - [TEST_STEP][PASSED] - delay: Delayed 2 second(s)

2018-05-30 14:48:18 - [MESSAGE][PASSED] - Delayed 2 second(s)

2018-05-30 14:48:18 - [TEST_STEP][PASSED] - selectOptionByIndex: All options with index in [2] are selected on object 'Object Repository/Emergency/Page_KDMC - Emergency/select_--Select--Schedule 1Inj'

2018-05-30 14:48:18 - [MESSAGE][PASSED] - All options with index in [2] are selected on object 'Object Repository/Emergency/Page_KDMC - Emergency/select_--Select--Schedule 1Inj'

2018-05-30 14:48:18 - [TEST_STEP][PASSED] - Statement - seletedoptions = com.kms.katalon.core.webui.keyword.WebUiBuiltInKeywords.getNumberOfTotalOption(com.kms.katalon.core.testobject.ObjectRepository.findTestObject(Emergency/Page_KDMC - Emergency/select_--Select--Adernaline 0.)): 37 options of object 'Object Repository/Emergency/Page_KDMC - Emergency/select_--Select--Adernaline 0.' counted

2018-05-30 14:48:18 - [MESSAGE][PASSED] - 37 options of object 'Object Repository/Emergency/Page_KDMC - Emergency/select_--Select--Adernaline 0.' counted

2018-05-30 14:48:18 - [TEST_STEP][PASSED] - Statement - For ([u = 1, u < seletedoptions - 1, (u++)]): Object: 'Object Repository/Emergency/Page_KDMC - Emergency/button_Add' is clicked on

2018-05-30 14:48:18 - [TEST_STEP][PASSED] - selectOptionByIndex: All options with index in [2] are selected on object 'Object Repository/Emergency/Page_KDMC - Emergency/select_--Select--Schedule 1Inj'

2018-05-30 14:48:18 - [MESSAGE][PASSED] - All options with index in [2] are selected on object 'Object Repository/Emergency/Page_KDMC - Emergency/select_--Select--Schedule 1Inj'

2018-05-30 14:48:18 - [TEST_STEP][PASSED] - selectOptionByIndex: All options with index in [1] are selected on object 'Object Repository/Emergency/Page_KDMC - Emergency/select_--Select--Adernaline 0.'

2018-05-30 14:48:19 - [MESSAGE][PASSED] - All options with index in [1] are selected on object 'Object Repository/Emergency/Page_KDMC - Emergency/select_--Select--Adernaline 0.'

2018-05-30 14:48:19 - [TEST_STEP][PASSED] - setText: Text '10' is set on object 'Object Repository/Emergency/Page_KDMC - Emergency/input_txttreat'

2018-05-30 14:48:19 - [MESSAGE][PASSED] - Text '10' is set on object 'Object Repository/Emergency/Page_KDMC - Emergency/input_txttreat'

2018-05-30 14:48:19 - [TEST_STEP][PASSED] - click: Object: 'Object Repository/Emergency/Page_KDMC - Emergency/button_Add' is clicked on

2018-05-30 14:48:19 - [MESSAGE][PASSED] - Object: 'Object Repository/Emergency/Page_KDMC - Emergency/button_Add' is clicked on

2018-05-30 14:48:19 - [TEST_STEP][PASSED] - selectOptionByIndex: All options with index in [2] are selected on object 'Object Repository/Emergency/Page_KDMC - Emergency/select_--Select--Schedule 1Inj'

2018-05-30 14:48:19 - [MESSAGE][PASSED] - All options with index in [2] are selected on object 'Object Repository/Emergency/Page_KDMC - Emergency/select_--Select--Schedule 1Inj'

2018-05-30 14:48:19 - [TEST_STEP][PASSED] - selectOptionByIndex: All options with index in [2] are selected on object 'Object Repository/Emergency/Page_KDMC - Emergency/select_--Select--Adernaline 0.'

2018-05-30 14:48:19 - [MESSAGE][PASSED] - All options with index in [2] are selected on object 'Object Repository/Emergency/Page_KDMC - Emergency/select_--Select--Adernaline 0.'

2018-05-30 14:48:19 - [TEST_STEP][PASSED] - setText: Text '10' is set on object 'Object Repository/Emergency/Page_KDMC - Emergency/input_txttreat'

2018-05-30 14:48:19 - [MESSAGE][PASSED] - Text '10' is set on object 'Object Repository/Emergency/Page_KDMC - Emergency/input_txttreat'

2018-05-30 14:48:19 - [TEST_STEP][PASSED] - click: Object: 'Object Repository/Emergency/Page_KDMC - Emergency/button_Add' is clicked on

2018-05-30 14:48:20 - [MESSAGE][PASSED] - Object: 'Object Repository/Emergency/Page_KDMC - Emergency/button_Add' is clicked on

2018-05-30 14:48:20 - [TEST_STEP][PASSED] - selectOptionByIndex: All options with index in [2] are selected on object 'Object Repository/Emergency/Page_KDMC - Emergency/select_--Select--Schedule 1Inj'

2018-05-30 14:48:21 - [MESSAGE][PASSED] - All options with index in [2] are selected on object 'Object Repository/Emergency/Page_KDMC - Emergency/select_--Select--Schedule 1Inj'

2018-05-30 14:48:21 - [TEST_STEP][PASSED] - selectOptionByIndex: All options with index in [3] are selected on object 'Object Repository/Emergency/Page_KDMC - Emergency/select_--Select--Adernaline 0.'

2018-05-30 14:48:21 - [MESSAGE][PASSED] - All options with index in [3] are selected on object 'Object Repository/Emergency/Page_KDMC - Emergency/select_--Select--Adernaline 0.'

2018-05-30 14:48:21 - [TEST_STEP][PASSED] - setText: Text '10' is set on object 'Object Repository/Emergency/Page_KDMC - Emergency/input_txttreat'

2018-05-30 14:48:22 - [MESSAGE][PASSED] - Text '10' is set on object 'Object Repository/Emergency/Page_KDMC - Emergency/input_txttreat'

2018-05-30 14:48:22 - [TEST_STEP][PASSED] - click: Object: 'Object Repository/Emergency/Page_KDMC - Emergency/button_Add' is clicked on

2018-05-30 14:48:23 - [MESSAGE][PASSED] - Object: 'Object Repository/Emergency/Page_KDMC - Emergency/button_Add' is clicked on

2018-05-30 14:48:23 - [TEST_STEP][PASSED] - selectOptionByIndex: All options with index in [2] are selected on object 'Object Repository/Emergency/Page_KDMC - Emergency/select_--Select--Schedule 1Inj'

2018-05-30 14:48:24 - [MESSAGE][PASSED] - All options with index in [2] are selected on object 'Object Repository/Emergency/Page_KDMC - Emergency/select_--Select--Schedule 1Inj'

2018-05-30 14:48:24 - [TEST_STEP][PASSED] - selectOptionByIndex: All options with index in [4] are selected on object 'Object Repository/Emergency/Page_KDMC - Emergency/select_--Select--Adernaline 0.'

2018-05-30 14:48:24 - [MESSAGE][PASSED] - All options with index in [4] are selected on object 'Object Repository/Emergency/Page_KDMC - Emergency/select_--Select--Adernaline 0.'

2018-05-30 14:48:24 - [TEST_STEP][PASSED] - setText: Text '10' is set on object 'Object Repository/Emergency/Page_KDMC - Emergency/input_txttreat'

2018-05-30 14:48:25 - [MESSAGE][PASSED] - Text '10' is set on object 'Object Repository/Emergency/Page_KDMC - Emergency/input_txttreat'

2018-05-30 14:48:25 - [TEST_STEP][PASSED] - click: Object: 'Object Repository/Emergency/Page_KDMC - Emergency/button_Add' is clicked on

2018-05-30 14:48:26 - [MESSAGE][PASSED] - Object: 'Object Repository/Emergency/Page_KDMC - Emergency/button_Add' is clicked on

2018-05-30 14:48:26 - [TEST_STEP][PASSED] - selectOptionByIndex: All options with index in [2] are selected on object 'Object Repository/Emergency/Page_KDMC - Emergency/select_--Select--Schedule 1Inj'

2018-05-30 14:48:27 - [MESSAGE][PASSED] - All options with index in [2] are selected on object 'Object Repository/Emergency/Page_KDMC - Emergency/select_--Select--Schedule 1Inj'

2018-05-30 14:48:27 - [TEST_STEP][PASSED] - selectOptionByIndex: All options with index in [5] are selected on object 'Object Repository/Emergency/Page_KDMC - Emergency/select_--Select--Adernaline 0.'

2018-05-30 14:48:28 - [MESSAGE][PASSED] - All options with index in [5] are selected on object 'Object Repository/Emergency/Page_KDMC - Emergency/select_--Select--Adernaline 0.'

2018-05-30 14:48:28 - [TEST_STEP][PASSED] - setText: Text '10' is set on object 'Object Repository/Emergency/Page_KDMC - Emergency/input_txttreat'

2018-05-30 14:48:29 - [MESSAGE][PASSED] - Text '10' is set on object 'Object Repository/Emergency/Page_KDMC - Emergency/input_txttreat'

2018-05-30 14:48:29 - [TEST_STEP][PASSED] - click: Object: 'Object Repository/Emergency/Page_KDMC - Emergency/button_Add' is clicked on

2018-05-30 14:48:30 - [MESSAGE][PASSED] - Object: 'Object Repository/Emergency/Page_KDMC - Emergency/button_Add' is clicked on

2018-05-30 14:48:30 - [TEST_STEP][PASSED] - selectOptionByIndex: All options with index in [2] are selected on object 'Object Repository/Emergency/Page_KDMC - Emergency/select_--Select--Schedule 1Inj'

2018-05-30 14:48:30 - [MESSAGE][PASSED] - All options with index in [2] are selected on object 'Object Repository/Emergency/Page_KDMC - Emergency/select_--Select--Schedule 1Inj'

2018-05-30 14:48:30 - [TEST_STEP][PASSED] - selectOptionByIndex: All options with index in [6] are selected on object 'Object Repository/Emergency/Page_KDMC - Emergency/select_--Select--Adernaline 0.'

2018-05-30 14:48:31 - [MESSAGE][PASSED] - All options with index in [6] are selected on object 'Object Repository/Emergency/Page_KDMC - Emergency/select_--Select--Adernaline 0.'

2018-05-30 14:48:31 - [TEST_STEP][PASSED] - setText: Text '10' is set on object 'Object Repository/Emergency/Page_KDMC - Emergency/input_txttreat'

2018-05-30 14:48:31 - [MESSAGE][PASSED] - Text '10' is set on object 'Object Repository/Emergency/Page_KDMC - Emergency/input_txttreat'

2018-05-30 14:48:31 - [TEST_STEP][PASSED] - click: Object: 'Object Repository/Emergency/Page_KDMC - Emergency/button_Add' is clicked on

2018-05-30 14:48:32 - [MESSAGE][PASSED] - Object: 'Object Repository/Emergency/Page_KDMC - Emergency/button_Add' is clicked on

2018-05-30 14:48:32 - [TEST_STEP][PASSED] - selectOptionByIndex: All options with index in [2] are selected on object 'Object Repository/Emergency/Page_KDMC - Emergency/select_--Select--Schedule 1Inj'

2018-05-30 14:48:33 - [MESSAGE][PASSED] - All options with index in [2] are selected on object 'Object Repository/Emergency/Page_KDMC - Emergency/select_--Select--Schedule 1Inj'

2018-05-30 14:48:33 - [TEST_STEP][PASSED] - selectOptionByIndex: All options with index in [7] are selected on object 'Object Repository/Emergency/Page_KDMC - Emergency/select_--Select--Adernaline 0.'

2018-05-30 14:48:34 - [MESSAGE][PASSED] - All options with index in [7] are selected on object 'Object Repository/Emergency/Page_KDMC - Emergency/select_--Select--Adernaline 0.'

2018-05-30 14:48:34 - [TEST_STEP][PASSED] - setText: Text '10' is set on object 'Object Repository/Emergency/Page_KDMC - Emergency/input_txttreat'

2018-05-30 14:48:34 - [MESSAGE][PASSED] - Text '10' is set on object 'Object Repository/Emergency/Page_KDMC - Emergency/input_txttreat'

2018-05-30 14:48:34 - [TEST_STEP][PASSED] - click: Object: 'Object Repository/Emergency/Page_KDMC - Emergency/button_Add' is clicked on

2018-05-30 14:48:35 - [MESSAGE][PASSED] - Object: 'Object Repository/Emergency/Page_KDMC - Emergency/button_Add' is clicked on

2018-05-30 14:48:35 - [TEST_STEP][PASSED] - selectOptionByIndex: All options with index in [2] are selected on object 'Object Repository/Emergency/Page_KDMC - Emergency/select_--Select--Schedule 1Inj'

2018-05-30 14:48:36 - [MESSAGE][PASSED] - All options with index in [2] are selected on object 'Object Repository/Emergency/Page_KDMC - Emergency/select_--Select--Schedule 1Inj'

2018-05-30 14:48:36 - [TEST_STEP][PASSED] - selectOptionByIndex: All options with index in [8] are selected on object 'Object Repository/Emergency/Page_KDMC - Emergency/select_--Select--Adernaline 0.'

2018-05-30 14:48:36 - [MESSAGE][PASSED] - All options with index in [8] are selected on object 'Object Repository/Emergency/Page_KDMC - Emergency/select_--Select--Adernaline 0.'

2018-05-30 14:48:36 - [TEST_STEP][PASSED] - setText: Text '10' is set on object 'Object Repository/Emergency/Page_KDMC - Emergency/input_txttreat'

2018-05-30 14:48:37 - [MESSAGE][PASSED] - Text '10' is set on object 'Object Repository/Emergency/Page_KDMC - Emergency/input_txttreat'

2018-05-30 14:48:37 - [TEST_STEP][PASSED] - click: Object: 'Object Repository/Emergency/Page_KDMC - Emergency/button_Add' is clicked on

2018-05-30 14:48:38 - [MESSAGE][PASSED] - Object: 'Object Repository/Emergency/Page_KDMC - Emergency/button_Add' is clicked on

2018-05-30 14:48:38 - [TEST_STEP][PASSED] - selectOptionByIndex: All options with index in [2] are selected on object 'Object Repository/Emergency/Page_KDMC - Emergency/select_--Select--Schedule 1Inj'

2018-05-30 14:48:39 - [MESSAGE][PASSED] - All options with index in [2] are selected on object 'Object Repository/Emergency/Page_KDMC - Emergency/select_--Select--Schedule 1Inj'

2018-05-30 14:48:39 - [TEST_STEP][PASSED] - selectOptionByIndex: All options with index in [9] are selected on object 'Object Repository/Emergency/Page_KDMC - Emergency/select_--Select--Adernaline 0.'

2018-05-30 14:48:40 - [MESSAGE][PASSED] - All options with index in [9] are selected on object 'Object Repository/Emergency/Page_KDMC - Emergency/select_--Select--Adernaline 0.'

2018-05-30 14:48:40 - [TEST_STEP][PASSED] - setText: Text '10' is set on object 'Object Repository/Emergency/Page_KDMC - Emergency/input_txttreat'

2018-05-30 14:48:40 - [MESSAGE][PASSED] - Text '10' is set on object 'Object Repository/Emergency/Page_KDMC - Emergency/input_txttreat'

2018-05-30 14:48:40 - [TEST_STEP][PASSED] - click: Object: 'Object Repository/Emergency/Page_KDMC - Emergency/button_Add' is clicked on

2018-05-30 14:48:41 - [MESSAGE][PASSED] - Object: 'Object Repository/Emergency/Page_KDMC - Emergency/button_Add' is clicked on

2018-05-30 14:48:41 - [TEST_STEP][PASSED] - selectOptionByIndex: All options with index in [2] are selected on object 'Object Repository/Emergency/Page_KDMC - Emergency/select_--Select--Schedule 1Inj'

2018-05-30 14:48:42 - [MESSAGE][PASSED] - All options with index in [2] are selected on object 'Object Repository/Emergency/Page_KDMC - Emergency/select_--Select--Schedule 1Inj'

2018-05-30 14:48:42 - [TEST_STEP][PASSED] - selectOptionByIndex: All options with index in [10] are selected on object 'Object Repository/Emergency/Page_KDMC - Emergency/select_--Select--Adernaline 0.'

2018-05-30 14:48:42 - [MESSAGE][PASSED] - All options with index in [10] are selected on object 'Object Repository/Emergency/Page_KDMC - Emergency/select_--Select--Adernaline 0.'

2018-05-30 14:48:42 - [TEST_STEP][PASSED] - setText: Text '10' is set on object 'Object Repository/Emergency/Page_KDMC - Emergency/input_txttreat'

2018-05-30 14:48:43 - [MESSAGE][PASSED] - Text '10' is set on object 'Object Repository/Emergency/Page_KDMC - Emergency/input_txttreat'

2018-05-30 14:48:43 - [TEST_STEP][PASSED] - click: Object: 'Object Repository/Emergency/Page_KDMC - Emergency/button_Add' is clicked on

2018-05-30 14:48:44 - [MESSAGE][PASSED] - Object: 'Object Repository/Emergency/Page_KDMC - Emergency/button_Add' is clicked on

2018-05-30 14:48:44 - [TEST_STEP][PASSED] - selectOptionByIndex: All options with index in [2] are selected on object 'Object Repository/Emergency/Page_KDMC - Emergency/select_--Select--Schedule 1Inj'

2018-05-30 14:48:44 - [MESSAGE][PASSED] - All options with index in [2] are selected on object 'Object Repository/Emergency/Page_KDMC - Emergency/select_--Select--Schedule 1Inj'

2018-05-30 14:48:44 - [TEST_STEP][PASSED] - selectOptionByIndex: All options with index in [11] are selected on object 'Object Repository/Emergency/Page_KDMC - Emergency/select_--Select--Adernaline 0.'

2018-05-30 14:48:45 - [MESSAGE][PASSED] - All options with index in [11] are selected on object 'Object Repository/Emergency/Page_KDMC - Emergency/select_--Select--Adernaline 0.'

2018-05-30 14:48:45 - [TEST_STEP][PASSED] - setText: Text '10' is set on object 'Object Repository/Emergency/Page_KDMC - Emergency/input_txttreat'

2018-05-30 14:48:46 - [MESSAGE][PASSED] - Text '10' is set on object 'Object Repository/Emergency/Page_KDMC - Emergency/input_txttreat'

2018-05-30 14:48:46 - [TEST_STEP][PASSED] - click: Object: 'Object Repository/Emergency/Page_KDMC - Emergency/button_Add' is clicked on

2018-05-30 14:48:47 - [MESSAGE][PASSED] - Object: 'Object Repository/Emergency/Page_KDMC - Emergency/button_Add' is clicked on

2018-05-30 14:48:47 - [TEST_STEP][PASSED] - selectOptionByIndex: All options with index in [2] are selected on object 'Object Repository/Emergency/Page_KDMC - Emergency/select_--Select--Schedule 1Inj'

2018-05-30 14:48:47 - [MESSAGE][PASSED] - All options with index in [2] are selected on object 'Object Repository/Emergency/Page_KDMC - Emergency/select_--Select--Schedule 1Inj'

2018-05-30 14:48:47 - [TEST_STEP][PASSED] - selectOptionByIndex: All options with index in [12] are selected on object 'Object Repository/Emergency/Page_KDMC - Emergency/select_--Select--Adernaline 0.'

2018-05-30 14:48:48 - [MESSAGE][PASSED] - All options with index in [12] are selected on object 'Object Repository/Emergency/Page_KDMC - Emergency/select_--Select--Adernaline 0.'

2018-05-30 14:48:48 - [TEST_STEP][PASSED] - setText: Text '10' is set on object 'Object Repository/Emergency/Page_KDMC - Emergency/input_txttreat'

2018-05-30 14:48:49 - [MESSAGE][PASSED] - Text '10' is set on object 'Object Repository/Emergency/Page_KDMC - Emergency/input_txttreat'

2018-05-30 14:48:49 - [TEST_STEP][PASSED] - click: Object: 'Object Repository/Emergency/Page_KDMC - Emergency/button_Add' is clicked on

2018-05-30 14:48:50 - [MESSAGE][PASSED] - Object: 'Object Repository/Emergency/Page_KDMC - Emergency/button_Add' is clicked on

2018-05-30 14:48:50 - [TEST_STEP][PASSED] - selectOptionByIndex: All options with index in [2] are selected on object 'Object Repository/Emergency/Page_KDMC - Emergency/select_--Select--Schedule 1Inj'

2018-05-30 14:48:51 - [MESSAGE][PASSED] - All options with index in [2] are selected on object 'Object Repository/Emergency/Page_KDMC - Emergency/select_--Select--Schedule 1Inj'

2018-05-30 14:48:51 - [TEST_STEP][PASSED] - selectOptionByIndex: All options with index in [13] are selected on object 'Object Repository/Emergency/Page_KDMC - Emergency/select_--Select--Adernaline 0.'

2018-05-30 14:48:52 - [MESSAGE][PASSED] - All options with index in [13] are selected on object 'Object Repository/Emergency/Page_KDMC - Emergency/select_--Select--Adernaline 0.'

2018-05-30 14:48:52 - [TEST_STEP][PASSED] - setText: Text '10' is set on object 'Object Repository/Emergency/Page_KDMC - Emergency/input_txttreat'

2018-05-30 14:48:53 - [MESSAGE][PASSED] - Text '10' is set on object 'Object Repository/Emergency/Page_KDMC - Emergency/input_txttreat'

2018-05-30 14:48:53 - [TEST_STEP][PASSED] - click: Object: 'Object Repository/Emergency/Page_KDMC - Emergency/button_Add' is clicked on

2018-05-30 14:48:54 - [MESSAGE][PASSED] - Object: 'Object Repository/Emergency/Page_KDMC - Emergency/button_Add' is clicked on

2018-05-30 14:48:54 - [TEST_STEP][PASSED] - selectOptionByIndex: All options with index in [2] are selected on object 'Object Repository/Emergency/Page_KDMC - Emergency/select_--Select--Schedule 1Inj'

2018-05-30 14:48:54 - [MESSAGE][PASSED] - All options with index in [2] are selected on object 'Object Repository/Emergency/Page_KDMC - Emergency/select_--Select--Schedule 1Inj'

2018-05-30 14:48:54 - [TEST_STEP][PASSED] - selectOptionByIndex: All options with index in [14] are selected on object 'Object Repository/Emergency/Page_KDMC - Emergency/select_--Select--Adernaline 0.'

2018-05-30 14:48:55 - [MESSAGE][PASSED] - All options with index in [14] are selected on object 'Object Repository/Emergency/Page_KDMC - Emergency/select_--Select--Adernaline 0.'

2018-05-30 14:48:55 - [TEST_STEP][PASSED] - setText: Text '10' is set on object 'Object Repository/Emergency/Page_KDMC - Emergency/input_txttreat'

2018-05-30 14:48:56 - [MESSAGE][PASSED] - Text '10' is set on object 'Object Repository/Emergency/Page_KDMC - Emergency/input_txttreat'

2018-05-30 14:48:56 - [TEST_STEP][PASSED] - click: Object: 'Object Repository/Emergency/Page_KDMC - Emergency/button_Add' is clicked on

2018-05-30 14:48:57 - [MESSAGE][PASSED] - Object: 'Object Repository/Emergency/Page_KDMC - Emergency/button_Add' is clicked on

2018-05-30 14:48:57 - [TEST_STEP][PASSED] - selectOptionByIndex: All options with index in [2] are selected on object 'Object Repository/Emergency/Page_KDMC - Emergency/select_--Select--Schedule 1Inj'

2018-05-30 14:48:58 - [MESSAGE][PASSED] - All options with index in [2] are selected on object 'Object Repository/Emergency/Page_KDMC - Emergency/select_--Select--Schedule 1Inj'

2018-05-30 14:48:58 - [TEST_STEP][PASSED] - selectOptionByIndex: All options with index in [15] are selected on object 'Object Repository/Emergency/Page_KDMC - Emergency/select_--Select--Adernaline 0.'

2018-05-30 14:48:59 - [MESSAGE][PASSED] - All options with index in [15] are selected on object 'Object Repository/Emergency/Page_KDMC - Emergency/select_--Select--Adernaline 0.'

2018-05-30 14:48:59 - [TEST_STEP][PASSED] - setText: Text '10' is set on object 'Object Repository/Emergency/Page_KDMC - Emergency/input_txttreat'

2018-05-30 14:49:00 - [MESSAGE][PASSED] - Text '10' is set on object 'Object Repository/Emergency/Page_KDMC - Emergency/input_txttreat'

2018-05-30 14:49:00 - [TEST_STEP][PASSED] - click: Object: 'Object Repository/Emergency/Page_KDMC - Emergency/button_Add' is clicked on

2018-05-30 14:49:00 - [MESSAGE][PASSED] - Object: 'Object Repository/Emergency/Page_KDMC - Emergency/button_Add' is clicked on

2018-05-30 14:49:00 - [TEST_STEP][PASSED] - selectOptionByIndex: All options with index in [2] are selected on object 'Object Repository/Emergency/Page_KDMC - Emergency/select_--Select--Schedule 1Inj'

2018-05-30 14:49:01 - [MESSAGE][PASSED] - All options with index in [2] are selected on object 'Object Repository/Emergency/Page_KDMC - Emergency/select_--Select--Schedule 1Inj'

2018-05-30 14:49:01 - [TEST_STEP][PASSED] - selectOptionByIndex: All options with index in [16] are selected on object 'Object Repository/Emergency/Page_KDMC - Emergency/select_--Select--Adernaline 0.'

2018-05-30 14:49:02 - [MESSAGE][PASSED] - All options with index in [16] are selected on object 'Object Repository/Emergency/Page_KDMC - Emergency/select_--Select--Adernaline 0.'

2018-05-30 14:49:02 - [TEST_STEP][PASSED] - setText: Text '10' is set on object 'Object Repository/Emergency/Page_KDMC - Emergency/input_txttreat'

2018-05-30 14:49:03 - [MESSAGE][PASSED] - Text '10' is set on object 'Object Repository/Emergency/Page_KDMC - Emergency/input_txttreat'

2018-05-30 14:49:03 - [TEST_STEP][PASSED] - click: Object: 'Object Repository/Emergency/Page_KDMC - Emergency/button_Add' is clicked on

2018-05-30 14:49:04 - [MESSAGE][PASSED] - Object: 'Object Repository/Emergency/Page_KDMC - Emergency/button_Add' is clicked on

2018-05-30 14:49:04 - [TEST_STEP][PASSED] - selectOptionByIndex: All options with index in [2] are selected on object 'Object Repository/Emergency/Page_KDMC - Emergency/select_--Select--Schedule 1Inj'

2018-05-30 14:49:05 - [MESSAGE][PASSED] - All options with index in [2] are selected on object 'Object Repository/Emergency/Page_KDMC - Emergency/select_--Select--Schedule 1Inj'

2018-05-30 14:49:05 - [TEST_STEP][PASSED] - selectOptionByIndex: All options with index in [17] are selected on object 'Object Repository/Emergency/Page_KDMC - Emergency/select_--Select--Adernaline 0.'

2018-05-30 14:49:06 - [MESSAGE][PASSED] - All options with index in [17] are selected on object 'Object Repository/Emergency/Page_KDMC - Emergency/select_--Select--Adernaline 0.'

2018-05-30 14:49:06 - [TEST_STEP][PASSED] - setText: Text '10' is set on object 'Object Repository/Emergency/Page_KDMC - Emergency/input_txttreat'

2018-05-30 14:49:06 - [MESSAGE][PASSED] - Text '10' is set on object 'Object Repository/Emergency/Page_KDMC - Emergency/input_txttreat'

2018-05-30 14:49:06 - [TEST_STEP][PASSED] - click: Object: 'Object Repository/Emergency/Page_KDMC - Emergency/button_Add' is clicked on

2018-05-30 14:49:07 - [MESSAGE][PASSED] - Object: 'Object Repository/Emergency/Page_KDMC - Emergency/button_Add' is clicked on

2018-05-30 14:49:07 - [TEST_STEP][PASSED] - selectOptionByIndex: All options with index in [2] are selected on object 'Object Repository/Emergency/Page_KDMC - Emergency/select_--Select--Schedule 1Inj'

2018-05-30 14:49:08 - [MESSAGE][PASSED] - All options with index in [2] are selected on object 'Object Repository/Emergency/Page_KDMC - Emergency/select_--Select--Schedule 1Inj'

2018-05-30 14:49:08 - [TEST_STEP][PASSED] - selectOptionByIndex: All options with index in [18] are selected on object 'Object Repository/Emergency/Page_KDMC - Emergency/select_--Select--Adernaline 0.'

2018-05-30 14:49:09 - [MESSAGE][PASSED] - All options with index in [18] are selected on object 'Object Repository/Emergency/Page_KDMC - Emergency/select_--Select--Adernaline 0.'

2018-05-30 14:49:09 - [TEST_STEP][PASSED] - setText: Text '10' is set on object 'Object Repository/Emergency/Page_KDMC - Emergency/input_txttreat'

2018-05-30 14:49:10 - [MESSAGE][PASSED] - Text '10' is set on object 'Object Repository/Emergency/Page_KDMC - Emergency/input_txttreat'

2018-05-30 14:49:10 - [TEST_STEP][PASSED] - click: Object: 'Object Repository/Emergency/Page_KDMC - Emergency/button_Add' is clicked on

2018-05-30 14:49:11 - [MESSAGE][PASSED] - Object: 'Object Repository/Emergency/Page_KDMC - Emergency/button_Add' is clicked on

2018-05-30 14:49:11 - [TEST_STEP][PASSED] - selectOptionByIndex: All options with index in [2] are selected on object 'Object Repository/Emergency/Page_KDMC - Emergency/select_--Select--Schedule 1Inj'

2018-05-30 14:49:12 - [MESSAGE][PASSED] - All options with index in [2] are selected on object 'Object Repository/Emergency/Page_KDMC - Emergency/select_--Select--Schedule 1Inj'

2018-05-30 14:49:12 - [TEST_STEP][PASSED] - selectOptionByIndex: All options with index in [19] are selected on object 'Object Repository/Emergency/Page_KDMC - Emergency/select_--Select--Adernaline 0.'

2018-05-30 14:49:13 - [MESSAGE][PASSED] - All options with index in [19] are selected on object 'Object Repository/Emergency/Page_KDMC - Emergency/select_--Select--Adernaline 0.'

2018-05-30 14:49:13 - [TEST_STEP][PASSED] - setText: Text '10' is set on object 'Object Repository/Emergency/Page_KDMC - Emergency/input_txttreat'

2018-05-30 14:49:14 - [MESSAGE][PASSED] - Text '10' is set on object 'Object Repository/Emergency/Page_KDMC - Emergency/input_txttreat'

2018-05-30 14:49:14 - [TEST_STEP][PASSED] - click: Object: 'Object Repository/Emergency/Page_KDMC - Emergency/button_Add' is clicked on

2018-05-30 14:49:15 - [MESSAGE][PASSED] - Object: 'Object Repository/Emergency/Page_KDMC - Emergency/button_Add' is clicked on

2018-05-30 14:49:15 - [TEST_STEP][PASSED] - selectOptionByIndex: All options with index in [2] are selected on object 'Object Repository/Emergency/Page_KDMC - Emergency/select_--Select--Schedule 1Inj'

2018-05-30 14:49:15 - [MESSAGE][PASSED] - All options with index in [2] are selected on object 'Object Repository/Emergency/Page_KDMC - Emergency/select_--Select--Schedule 1Inj'

2018-05-30 14:49:15 - [TEST_STEP][PASSED] - selectOptionByIndex: All options with index in [20] are selected on object 'Object Repository/Emergency/Page_KDMC - Emergency/select_--Select--Adernaline 0.'

2018-05-30 14:49:16 - [MESSAGE][PASSED] - All options with index in [20] are selected on object 'Object Repository/Emergency/Page_KDMC - Emergency/select_--Select--Adernaline 0.'

2018-05-30 14:49:16 - [TEST_STEP][PASSED] - setText: Text '10' is set on object 'Object Repository/Emergency/Page_KDMC - Emergency/input_txttreat'

2018-05-30 14:49:17 - [MESSAGE][PASSED] - Text '10' is set on object 'Object Repository/Emergency/Page_KDMC - Emergency/input_txttreat'

2018-05-30 14:49:17 - [TEST_STEP][PASSED] - click: Object: 'Object Repository/Emergency/Page_KDMC - Emergency/button_Add' is clicked on

2018-05-30 14:49:18 - [MESSAGE][PASSED] - Object: 'Object Repository/Emergency/Page_KDMC - Emergency/button_Add' is clicked on

2018-05-30 14:49:18 - [TEST_STEP][PASSED] - selectOptionByIndex: All options with index in [2] are selected on object 'Object Repository/Emergency/Page_KDMC - Emergency/select_--Select--Schedule 1Inj'

2018-05-30 14:49:18 - [MESSAGE][PASSED] - All options with index in [2] are selected on object 'Object Repository/Emergency/Page_KDMC - Emergency/select_--Select--Schedule 1Inj'

2018-05-30 14:49:18 - [TEST_STEP][PASSED] - selectOptionByIndex: All options with index in [21] are selected on object 'Object Repository/Emergency/Page_KDMC - Emergency/select_--Select--Adernaline 0.'

2018-05-30 14:49:19 - [MESSAGE][PASSED] - All options with index in [21] are selected on object 'Object Repository/Emergency/Page_KDMC - Emergency/select_--Select--Adernaline 0.'

2018-05-30 14:49:19 - [TEST_STEP][PASSED] - setText: Text '10' is set on object 'Object Repository/Emergency/Page_KDMC - Emergency/input_txttreat'

2018-05-30 14:49:20 - [MESSAGE][PASSED] - Text '10' is set on object 'Object Repository/Emergency/Page_KDMC - Emergency/input_txttreat'

2018-05-30 14:49:20 - [TEST_STEP][PASSED] - click: Object: 'Object Repository/Emergency/Page_KDMC - Emergency/button_Add' is clicked on

2018-05-30 14:49:21 - [MESSAGE][PASSED] - Object: 'Object Repository/Emergency/Page_KDMC - Emergency/button_Add' is clicked on

2018-05-30 14:49:21 - [TEST_STEP][PASSED] - selectOptionByIndex: All options with index in [2] are selected on object 'Object Repository/Emergency/Page_KDMC - Emergency/select_--Select--Schedule 1Inj'

2018-05-30 14:49:22 - [MESSAGE][PASSED] - All options with index in [2] are selected on object 'Object Repository/Emergency/Page_KDMC - Emergency/select_--Select--Schedule 1Inj'

2018-05-30 14:49:22 - [TEST_STEP][PASSED] - selectOptionByIndex: All options with index in [22] are selected on object 'Object Repository/Emergency/Page_KDMC - Emergency/select_--Select--Adernaline 0.'

2018-05-30 14:49:23 - [MESSAGE][PASSED] - All options with index in [22] are selected on object 'Object Repository/Emergency/Page_KDMC - Emergency/select_--Select--Adernaline 0.'

2018-05-30 14:49:23 - [TEST_STEP][PASSED] - setText: Text '10' is set on object 'Object Repository/Emergency/Page_KDMC - Emergency/input_txttreat'

2018-05-30 14:49:23 - [MESSAGE][PASSED] - Text '10' is set on object 'Object Repository/Emergency/Page_KDMC - Emergency/input_txttreat'

2018-05-30 14:49:23 - [TEST_STEP][PASSED] - click: Object: 'Object Repository/Emergency/Page_KDMC - Emergency/button_Add' is clicked on

2018-05-30 14:49:24 - [MESSAGE][PASSED] - Object: 'Object Repository/Emergency/Page_KDMC - Emergency/button_Add' is clicked on

2018-05-30 14:49:24 - [TEST_STEP][PASSED] - selectOptionByIndex: All options with index in [2] are selected on object 'Object Repository/Emergency/Page_KDMC - Emergency/select_--Select--Schedule 1Inj'

2018-05-30 14:49:25 - [MESSAGE][PASSED] - All options with index in [2] are selected on object 'Object Repository/Emergency/Page_KDMC - Emergency/select_--Select--Schedule 1Inj'

2018-05-30 14:49:25 - [TEST_STEP][PASSED] - selectOptionByIndex: All options with index in [23] are selected on object 'Object Repository/Emergency/Page_KDMC - Emergency/select_--Select--Adernaline 0.'

2018-05-30 14:49:26 - [MESSAGE][PASSED] - All options with index in [23] are selected on object 'Object Repository/Emergency/Page_KDMC - Emergency/select_--Select--Adernaline 0.'

2018-05-30 14:49:26 - [TEST_STEP][PASSED] - setText: Text '10' is set on object 'Object Repository/Emergency/Page_KDMC - Emergency/input_txttreat'

2018-05-30 14:49:26 - [MESSAGE][PASSED] - Text '10' is set on object 'Object Repository/Emergency/Page_KDMC - Emergency/input_txttreat'

2018-05-30 14:49:26 - [TEST_STEP][PASSED] - click: Object: 'Object Repository/Emergency/Page_KDMC - Emergency/button_Add' is clicked on

2018-05-30 14:49:27 - [MESSAGE][PASSED] - Object: 'Object Repository/Emergency/Page_KDMC - Emergency/button_Add' is clicked on

2018-05-30 14:49:27 - [TEST_STEP][PASSED] - selectOptionByIndex: All options with index in [2] are selected on object 'Object Repository/Emergency/Page_KDMC - Emergency/select_--Select--Schedule 1Inj'

2018-05-30 14:49:28 - [MESSAGE][PASSED] - All options with index in [2] are selected on object 'Object Repository/Emergency/Page_KDMC - Emergency/select_--Select--Schedule 1Inj'

2018-05-30 14:49:28 - [TEST_STEP][PASSED] - selectOptionByIndex: All options with index in [24] are selected on object 'Object Repository/Emergency/Page_KDMC - Emergency/select_--Select--Adernaline 0.'

2018-05-30 14:49:29 - [MESSAGE][PASSED] - All options with index in [24] are selected on object 'Object Repository/Emergency/Page_KDMC - Emergency/select_--Select--Adernaline 0.'

2018-05-30 14:49:29 - [TEST_STEP][PASSED] - setText: Text '10' is set on object 'Object Repository/Emergency/Page_KDMC - Emergency/input_txttreat'

2018-05-30 14:49:30 - [MESSAGE][PASSED] - Text '10' is set on object 'Object Repository/Emergency/Page_KDMC - Emergency/input_txttreat'

2018-05-30 14:49:30 - [TEST_STEP][PASSED] - click: Object: 'Object Repository/Emergency/Page_KDMC - Emergency/button_Add' is clicked on

2018-05-30 14:49:31 - [MESSAGE][PASSED] - Object: 'Object Repository/Emergency/Page_KDMC - Emergency/button_Add' is clicked on

2018-05-30 14:49:31 - [TEST_STEP][PASSED] - selectOptionByIndex: All options with index in [2] are selected on object 'Object Repository/Emergency/Page_KDMC - Emergency/select_--Select--Schedule 1Inj'

2018-05-30 14:49:32 - [MESSAGE][PASSED] - All options with index in [2] are selected on object 'Object Repository/Emergency/Page_KDMC - Emergency/select_--Select--Schedule 1Inj'

2018-05-30 14:49:32 - [TEST_STEP][PASSED] - selectOptionByIndex: All options with index in [25] are selected on object 'Object Repository/Emergency/Page_KDMC - Emergency/select_--Select--Adernaline 0.'

2018-05-30 14:49:33 - [MESSAGE][PASSED] - All options with index in [25] are selected on object 'Object Repository/Emergency/Page_KDMC - Emergency/select_--Select--Adernaline 0.'

2018-05-30 14:49:33 - [TEST_STEP][PASSED] - setText: Text '10' is set on object 'Object Repository/Emergency/Page_KDMC - Emergency/input_txttreat'

2018-05-30 14:49:34 - [MESSAGE][PASSED] - Text '10' is set on object 'Object Repository/Emergency/Page_KDMC - Emergency/input_txttreat'

2018-05-30 14:49:34 - [TEST_STEP][PASSED] - click: Object: 'Object Repository/Emergency/Page_KDMC - Emergency/button_Add' is clicked on

2018-05-30 14:49:35 - [MESSAGE][PASSED] - Object: 'Object Repository/Emergency/Page_KDMC - Emergency/button_Add' is clicked on

2018-05-30 14:49:35 - [TEST_STEP][PASSED] - selectOptionByIndex: All options with index in [2] are selected on object 'Object Repository/Emergency/Page_KDMC - Emergency/select_--Select--Schedule 1Inj'

2018-05-30 14:49:35 - [MESSAGE][PASSED] - All options with index in [2] are selected on object 'Object Repository/Emergency/Page_KDMC - Emergency/select_--Select--Schedule 1Inj'

2018-05-30 14:49:35 - [TEST_STEP][PASSED] - selectOptionByIndex: All options with index in [26] are selected on object 'Object Repository/Emergency/Page_KDMC - Emergency/select_--Select--Adernaline 0.'

2018-05-30 14:49:36 - [MESSAGE][PASSED] - All options with index in [26] are selected on object 'Object Repository/Emergency/Page_KDMC - Emergency/select_--Select--Adernaline 0.'

2018-05-30 14:49:36 - [TEST_STEP][PASSED] - setText: Text '10' is set on object 'Object Repository/Emergency/Page_KDMC - Emergency/input_txttreat'

2018-05-30 14:49:37 - [MESSAGE][PASSED] - Text '10' is set on object 'Object Repository/Emergency/Page_KDMC - Emergency/input_txttreat'

2018-05-30 14:49:37 - [TEST_STEP][PASSED] - click: Object: 'Object Repository/Emergency/Page_KDMC - Emergency/button_Add' is clicked on

2018-05-30 14:49:38 - [MESSAGE][PASSED] - Object: 'Object Repository/Emergency/Page_KDMC - Emergency/button_Add' is clicked on

2018-05-30 14:49:38 - [TEST_STEP][PASSED] - selectOptionByIndex: All options with index in [2] are selected on object 'Object Repository/Emergency/Page_KDMC - Emergency/select_--Select--Schedule 1Inj'

2018-05-30 14:49:38 - [MESSAGE][PASSED] - All options with index in [2] are selected on object 'Object Repository/Emergency/Page_KDMC - Emergency/select_--Select--Schedule 1Inj'

2018-05-30 14:49:38 - [TEST_STEP][PASSED] - selectOptionByIndex: All options with index in [27] are selected on object 'Object Repository/Emergency/Page_KDMC - Emergency/select_--Select--Adernaline 0.'

2018-05-30 14:49:39 - [MESSAGE][PASSED] - All options with index in [27] are selected on object 'Object Repository/Emergency/Page_KDMC - Emergency/select_--Select--Adernaline 0.'

2018-05-30 14:49:39 - [TEST_STEP][PASSED] - setText: Text '10' is set on object 'Object Repository/Emergency/Page_KDMC - Emergency/input_txttreat'

2018-05-30 14:49:40 - [MESSAGE][PASSED] - Text '10' is set on object 'Object Repository/Emergency/Page_KDMC - Emergency/input_txttreat'

2018-05-30 14:49:40 - [TEST_STEP][PASSED] - click: Object: 'Object Repository/Emergency/Page_KDMC - Emergency/button_Add' is clicked on

2018-05-30 14:49:41 - [MESSAGE][PASSED] - Object: 'Object Repository/Emergency/Page_KDMC - Emergency/button_Add' is clicked on

2018-05-30 14:49:41 - [TEST_STEP][PASSED] - selectOptionByIndex: All options with index in [2] are selected on object 'Object Repository/Emergency/Page_KDMC - Emergency/select_--Select--Schedule 1Inj'

2018-05-30 14:49:42 - [MESSAGE][PASSED] - All options with index in [2] are selected on object 'Object Repository/Emergency/Page_KDMC - Emergency/select_--Select--Schedule 1Inj'

2018-05-30 14:49:42 - [TEST_STEP][PASSED] - selectOptionByIndex: All options with index in [28] are selected on object 'Object Repository/Emergency/Page_KDMC - Emergency/select_--Select--Adernaline 0.'

2018-05-30 14:49:43 - [MESSAGE][PASSED] - All options with index in [28] are selected on object 'Object Repository/Emergency/Page_KDMC - Emergency/select_--Select--Adernaline 0.'

2018-05-30 14:49:43 - [TEST_STEP][PASSED] - setText: Text '10' is set on object 'Object Repository/Emergency/Page_KDMC - Emergency/input_txttreat'

2018-05-30 14:49:43 - [MESSAGE][PASSED] - Text '10' is set on object 'Object Repository/Emergency/Page_KDMC - Emergency/input_txttreat'

2018-05-30 14:49:43 - [TEST_STEP][PASSED] - click: Object: 'Object Repository/Emergency/Page_KDMC - Emergency/button_Add' is clicked on

2018-05-30 14:49:44 - [MESSAGE][PASSED] - Object: 'Object Repository/Emergency/Page_KDMC - Emergency/button_Add' is clicked on

2018-05-30 14:49:44 - [TEST_STEP][PASSED] - selectOptionByIndex: All options with index in [2] are selected on object 'Object Repository/Emergency/Page_KDMC - Emergency/select_--Select--Schedule 1Inj'

2018-05-30 14:49:45 - [MESSAGE][PASSED] - All options with index in [2] are selected on object 'Object Repository/Emergency/Page_KDMC - Emergency/select_--Select--Schedule 1Inj'

2018-05-30 14:49:45 - [TEST_STEP][PASSED] - selectOptionByIndex: All options with index in [29] are selected on object 'Object Repository/Emergency/Page_KDMC - Emergency/select_--Select--Adernaline 0.'

2018-05-30 14:49:46 - [MESSAGE][PASSED] - All options with index in [29] are selected on object 'Object Repository/Emergency/Page_KDMC - Emergency/select_--Select--Adernaline 0.'

2018-05-30 14:49:46 - [TEST_STEP][PASSED] - setText: Text '10' is set on object 'Object Repository/Emergency/Page_KDMC - Emergency/input_txttreat'

2018-05-30 14:49:46 - [MESSAGE][PASSED] - Text '10' is set on object 'Object Repository/Emergency/Page_KDMC - Emergency/input_txttreat'

2018-05-30 14:49:46 - [TEST_STEP][PASSED] - click: Object: 'Object Repository/Emergency/Page_KDMC - Emergency/button_Add' is clicked on

2018-05-30 14:49:47 - [MESSAGE][PASSED] - Object: 'Object Repository/Emergency/Page_KDMC - Emergency/button_Add' is clicked on

2018-05-30 14:49:47 - [TEST_STEP][PASSED] - selectOptionByIndex: All options with index in [2] are selected on object 'Object Repository/Emergency/Page_KDMC - Emergency/select_--Select--Schedule 1Inj'

2018-05-30 14:49:48 - [MESSAGE][PASSED] - All options with index in [2] are selected on object 'Object Repository/Emergency/Page_KDMC - Emergency/select_--Select--Schedule 1Inj'

2018-05-30 14:49:48 - [TEST_STEP][PASSED] - selectOptionByIndex: All options with index in [30] are selected on object 'Object Repository/Emergency/Page_KDMC - Emergency/select_--Select--Adernaline 0.'

2018-05-30 14:49:49 - [MESSAGE][PASSED] - All options with index in [30] are selected on object 'Object Repository/Emergency/Page_KDMC - Emergency/select_--Select--Adernaline 0.'

2018-05-30 14:49:49 - [TEST_STEP][PASSED] - setText: Text '10' is set on object 'Object Repository/Emergency/Page_KDMC - Emergency/input_txttreat'

2018-05-30 14:49:50 - [MESSAGE][PASSED] - Text '10' is set on object 'Object Repository/Emergency/Page_KDMC - Emergency/input_txttreat'

2018-05-30 14:49:50 - [TEST_STEP][PASSED] - click: Object: 'Object Repository/Emergency/Page_KDMC - Emergency/button_Add' is clicked on

2018-05-30 14:49:51 - [MESSAGE][PASSED] - Object: 'Object Repository/Emergency/Page_KDMC - Emergency/button_Add' is clicked on

2018-05-30 14:49:51 - [TEST_STEP][PASSED] - selectOptionByIndex: All options with index in [2] are selected on object 'Object Repository/Emergency/Page_KDMC - Emergency/select_--Select--Schedule 1Inj'

2018-05-30 14:49:52 - [MESSAGE][PASSED] - All options with index in [2] are selected on object 'Object Repository/Emergency/Page_KDMC - Emergency/select_--Select--Schedule 1Inj'

2018-05-30 14:49:52 - [TEST_STEP][PASSED] - selectOptionByIndex: All options with index in [31] are selected on object 'Object Repository/Emergency/Page_KDMC - Emergency/select_--Select--Adernaline 0.'

2018-05-30 14:49:53 - [MESSAGE][PASSED] - All options with index in [31] are selected on object 'Object Repository/Emergency/Page_KDMC - Emergency/select_--Select--Adernaline 0.'

2018-05-30 14:49:53 - [TEST_STEP][PASSED] - setText: Text '10' is set on object 'Object Repository/Emergency/Page_KDMC - Emergency/input_txttreat'

2018-05-30 14:49:53 - [MESSAGE][PASSED] - Text '10' is set on object 'Object Repository/Emergency/Page_KDMC - Emergency/input_txttreat'

2018-05-30 14:49:53 - [TEST_STEP][PASSED] - click: Object: 'Object Repository/Emergency/Page_KDMC - Emergency/button_Add' is clicked on

2018-05-30 14:49:54 - [MESSAGE][PASSED] - Object: 'Object Repository/Emergency/Page_KDMC - Emergency/button_Add' is clicked on

2018-05-30 14:49:54 - [TEST_STEP][PASSED] - selectOptionByIndex: All options with index in [2] are selected on object 'Object Repository/Emergency/Page_KDMC - Emergency/select_--Select--Schedule 1Inj'

2018-05-30 14:49:55 - [MESSAGE][PASSED] - All options with index in [2] are selected on object 'Object Repository/Emergency/Page_KDMC - Emergency/select_--Select--Schedule 1Inj'

2018-05-30 14:49:55 - [TEST_STEP][PASSED] - selectOptionByIndex: All options with index in [32] are selected on object 'Object Repository/Emergency/Page_KDMC - Emergency/select_--Select--Adernaline 0.'

2018-05-30 14:49:56 - [MESSAGE][PASSED] - All options with index in [32] are selected on object 'Object Repository/Emergency/Page_KDMC - Emergency/select_--Select--Adernaline 0.'

2018-05-30 14:49:56 - [TEST_STEP][PASSED] - setText: Text '10' is set on object 'Object Repository/Emergency/Page_KDMC - Emergency/input_txttreat'

2018-05-30 14:49:56 - [MESSAGE][PASSED] - Text '10' is set on object 'Object Repository/Emergency/Page_KDMC - Emergency/input_txttreat'

2018-05-30 14:49:56 - [TEST_STEP][PASSED] - click: Object: 'Object Repository/Emergency/Page_KDMC - Emergency/button_Add' is clicked on

2018-05-30 14:49:57 - [MESSAGE][PASSED] - Object: 'Object Repository/Emergency/Page_KDMC - Emergency/button_Add' is clicked on

2018-05-30 14:49:57 - [TEST_STEP][PASSED] - selectOptionByIndex: All options with index in [2] are selected on object 'Object Repository/Emergency/Page_KDMC - Emergency/select_--Select--Schedule 1Inj'

2018-05-30 14:49:57 - [MESSAGE][PASSED] - All options with index in [2] are selected on object 'Object Repository/Emergency/Page_KDMC - Emergency/select_--Select--Schedule 1Inj'

2018-05-30 14:49:57 - [TEST_STEP][PASSED] - selectOptionByIndex: All options with index in [33] are selected on object 'Object Repository/Emergency/Page_KDMC - Emergency/select_--Select--Adernaline 0.'

2018-05-30 14:49:58 - [MESSAGE][PASSED] - All options with index in [33] are selected on object 'Object Repository/Emergency/Page_KDMC - Emergency/select_--Select--Adernaline 0.'

2018-05-30 14:49:58 - [TEST_STEP][PASSED] - setText: Text '10' is set on object 'Object Repository/Emergency/Page_KDMC - Emergency/input_txttreat'

2018-05-30 14:49:59 - [MESSAGE][PASSED] - Text '10' is set on object 'Object Repository/Emergency/Page_KDMC - Emergency/input_txttreat'

2018-05-30 14:49:59 - [TEST_STEP][PASSED] - click: Object: 'Object Repository/Emergency/Page_KDMC - Emergency/button_Add' is clicked on

2018-05-30 14:50:00 - [MESSAGE][PASSED] - Object: 'Object Repository/Emergency/Page_KDMC - Emergency/button_Add' is clicked on

2018-05-30 14:50:00 - [TEST_STEP][PASSED] - selectOptionByIndex: All options with index in [2] are selected on object 'Object Repository/Emergency/Page_KDMC - Emergency/select_--Select--Schedule 1Inj'

2018-05-30 14:50:00 - [MESSAGE][PASSED] - All options with index in [2] are selected on object 'Object Repository/Emergency/Page_KDMC - Emergency/select_--Select--Schedule 1Inj'

2018-05-30 14:50:00 - [TEST_STEP][PASSED] - selectOptionByIndex: All options with index in [34] are selected on object 'Object Repository/Emergency/Page_KDMC - Emergency/select_--Select--Adernaline 0.'

2018-05-30 14:50:01 - [MESSAGE][PASSED] - All options with index in [34] are selected on object 'Object Repository/Emergency/Page_KDMC - Emergency/select_--Select--Adernaline 0.'

2018-05-30 14:50:01 - [TEST_STEP][PASSED] - setText: Text '10' is set on object 'Object Repository/Emergency/Page_KDMC - Emergency/input_txttreat'

2018-05-30 14:50:02 - [MESSAGE][PASSED] - Text '10' is set on object 'Object Repository/Emergency/Page_KDMC - Emergency/input_txttreat'

2018-05-30 14:50:02 - [TEST_STEP][PASSED] - click: Object: 'Object Repository/Emergency/Page_KDMC - Emergency/button_Add' is clicked on

2018-05-30 14:50:03 - [MESSAGE][PASSED] - Object: 'Object Repository/Emergency/Page_KDMC - Emergency/button_Add' is clicked on

2018-05-30 14:50:03 - [TEST_STEP][PASSED] - selectOptionByIndex: All options with index in [2] are selected on object 'Object Repository/Emergency/Page_KDMC - Emergency/select_--Select--Schedule 1Inj'

2018-05-30 14:50:03 - [MESSAGE][PASSED] - All options with index in [2] are selected on object 'Object Repository/Emergency/Page_KDMC - Emergency/select_--Select--Schedule 1Inj'

2018-05-30 14:50:03 - [TEST_STEP][PASSED] - selectOptionByIndex: All options with index in [35] are selected on object 'Object Repository/Emergency/Page_KDMC - Emergency/select_--Select--Adernaline 0.'

2018-05-30 14:50:05 - [MESSAGE][PASSED] - All options with index in [35] are selected on object 'Object Repository/Emergency/Page_KDMC - Emergency/select_--Select--Adernaline 0.'

2018-05-30 14:50:05 - [TEST_STEP][PASSED] - setText: Text '10' is set on object 'Object Repository/Emergency/Page_KDMC - Emergency/input_txttreat'

2018-05-30 14:50:05 - [MESSAGE][PASSED] - Text '10' is set on object 'Object Repository/Emergency/Page_KDMC - Emergency/input_txttreat'

2018-05-30 14:50:05 - [TEST_STEP][PASSED] - click: Object: 'Object Repository/Emergency/Page_KDMC - Emergency/button_Add' is clicked on

2018-05-30 14:50:06 - [MESSAGE][PASSED] - Object: 'Object Repository/Emergency/Page_KDMC - Emergency/button_Add' is clicked on

2018-05-30 14:50:06 - [TEST_STEP][PASSED] - scrollToElement: Scroll to object 'Object Repository/Emergency/Page_KDMC - Emergency/input_btnsave' successfully

2018-05-30 14:50:07 - [MESSAGE][PASSED] - Scroll to object 'Object Repository/Emergency/Page_KDMC - Emergency/input_btnsave' successfully

2018-05-30 14:50:07 - [TEST_STEP][PASSED] - click: Object: 'Object Repository/Emergency/Page_KDMC - Emergency/input_btnsave' is clicked on

2018-05-30 14:50:08 - [MESSAGE][PASSED] - Object: 'Object Repository/Emergency/Page_KDMC - Emergency/input_btnsave' is clicked on

2018-05-30 14:50:08 - [TEST_STEP][PASSED] - delay: Delayed 3 second(s)

2018-05-30 14:50:11 - [MESSAGE][PASSED] - Delayed 3 second(s)

2018-05-30 14:50:11 - [TEST_STEP][PASSED] - Statement - RequestNumber = com.kms.katalon.core.webui.keyword.WebUiBuiltInKeywords.getText(com.kms.katalon.core.testobject.ObjectRepository.findTestObject(Emergency/Page_KDMC - Emergency/font_ERNO100520183)): Text of object 'Object Repository/Emergency/Page_KDMC - Emergency/font_ERNO100520183' is: 'ERNO/30052018/521'

2018-05-30 14:50:11 - [MESSAGE][PASSED] - Text of object 'Object Repository/Emergency/Page_KDMC - Emergency/font_ERNO100520183' is: 'ERNO/30052018/521'

2018-05-30 14:50:11 - [TEST_STEP][PASSED] - Statement - Rno = RequestNumber.split("/")[2]: null

2018-05-30 14:50:11 - [TEST_STEP][PASSED] - Statement - out.println(Rno): null

2018-05-30 14:50:11 - [TEST_STEP][PASSED] - click: Object: 'Object Repository/Emergency/Page_KDMC - Emergency/button_OK' is clicked on

2018-05-30 14:50:13 - [MESSAGE][PASSED] - Object: 'Object Repository/Emergency/Page_KDMC - Emergency/button_OK' is clicked on

2018-05-30 14:50:13 - [TEST_STEP][PASSED] - delay: Delayed 3 second(s)

2018-05-30 14:50:16 - [MESSAGE][PASSED] - Delayed 3 second(s)

2018-05-30 14:50:16 - [TEST_STEP][PASSED] - click: Object: 'Object Repository/Emergency/Page_KDMC - Emergency/a_dropdown-toggle' is clicked on

2018-05-30 14:50:17 - [MESSAGE][PASSED] - Object: 'Object Repository/Emergency/Page_KDMC - Emergency/a_dropdown-toggle' is clicked on

2018-05-30 14:50:17 - [TEST_STEP][PASSED] - click: Object: 'Object Repository/Emergency/Page_KDMC - Emergency/a_Sign out' is clicked on

2018-05-30 14:50:25 - [MESSAGE][PASSED] - Object: 'Object Repository/Emergency/Page_KDMC - Emergency/a_Sign out' is clicked on

2018-05-30 14:50:25 - [TEST_STEP][PASSED] - delay: Delayed 3 second(s)

2018-05-30 14:50:28 - [MESSAGE][PASSED] - Delayed 3 second(s)

2018-05-30 14:50:28 - [TEST_STEP][PASSED] - click: Object: 'Object Repository/Emergency/Page_KDMC/a_CMO' is clicked on

2018-05-30 14:50:28 - [MESSAGE][PASSED] - Object: 'Object Repository/Emergency/Page_KDMC/a_CMO' is clicked on

2018-05-30 14:50:28 - [TEST_STEP][PASSED] - setText: Text 'guru' is set on object 'Object Repository/Emergency/Page_CMO login/input_txtusername'

2018-05-30 14:50:29 - [MESSAGE][PASSED] - Text 'guru' is set on object 'Object Repository/Emergency/Page_CMO login/input_txtusername'

2018-05-30 14:50:29 - [TEST_STEP][PASSED] - setText: Text '123' is set on object 'Object Repository/Emergency/Page_CMO login/input_txtpassword'

2018-05-30 14:50:29 - [MESSAGE][PASSED] - Text '123' is set on object 'Object Repository/Emergency/Page_CMO login/input_txtpassword'

2018-05-30 14:50:29 - [TEST_STEP][PASSED] - delay: Delayed 3 second(s)

2018-05-30 14:50:32 - [MESSAGE][PASSED] - Delayed 3 second(s)

2018-05-30 14:50:32 - [TEST_STEP][PASSED] - click: Object: 'Object Repository/Emergency/Page_CMO login/button_Sign in' is clicked on

2018-05-30 14:50:33 - [MESSAGE][PASSED] - Object: 'Object Repository/Emergency/Page_CMO login/button_Sign in' is clicked on

2018-05-30 14:50:33 - [TEST_STEP][PASSED] - delay: Delayed 2 second(s)

2018-05-30 14:50:35 - [MESSAGE][PASSED] - Delayed 2 second(s)

2018-05-30 14:50:35 - [TEST_STEP][PASSED] - click: Object: 'Object Repository/Emergency/Page_KDMC - CMO/a_Department Wise Request' is clicked on

2018-05-30 14:50:35 - [MESSAGE][PASSED] - Object: 'Object Repository/Emergency/Page_KDMC - CMO/a_Department Wise Request' is clicked on

2018-05-30 14:50:35 - [TEST_STEP][PASSED] - selectOptionByIndex: All options with index in [7] are selected on object 'Object Repository/Emergency/Page_KDMC - CMO/select_--ALL--'

2018-05-30 14:50:35 - [MESSAGE][PASSED] - All options with index in [7] are selected on object 'Object Repository/Emergency/Page_KDMC - CMO/select_--ALL--'

2018-05-30 14:50:35 - [TEST_STEP][PASSED] - selectOptionByIndex: All options with index in [1] are selected on object 'Object Repository/Emergency/Page_KDMC - CMO/select_--ALL--                _1'

2018-05-30 14:50:36 - [MESSAGE][PASSED] - All options with index in [1] are selected on object 'Object Repository/Emergency/Page_KDMC - CMO/select_--ALL--                _1'

2018-05-30 14:50:36 - [TEST_STEP][PASSED] - click: Object: 'Object Repository/Emergency/Page_KDMC - CMO/input_btnsearch' is clicked on

2018-05-30 14:50:36 - [MESSAGE][PASSED] - Object: 'Object Repository/Emergency/Page_KDMC - CMO/input_btnsearch' is clicked on

2018-05-30 14:50:36 - [TEST_STEP][PASSED] - Statement - ID = com.kms.katalon.core.webui.keyword.WebUiBuiltInKeywords.modifyObjectProperty(com.kms.katalon.core.testobject.ObjectRepository.findTestObject(Emergency/Page_KDMC - CMO/input_3), "xpath", "equals", "//*[@id=" + Rno + "]", true): Modify property of object successfully

2018-05-30 14:50:36 - [MESSAGE][PASSED] - Modify property of object successfully

2018-05-30 14:50:36 - [TEST_STEP][PASSED] - click: Object: 'Object Repository/Emergency/Page_KDMC - CMO/input_3' is clicked on

2018-05-30 14:50:37 - [MESSAGE][PASSED] - Object: 'Object Repository/Emergency/Page_KDMC - CMO/input_3' is clicked on

2018-05-30 14:50:37 - [TEST_STEP][PASSED] - delay: Delayed 2 second(s)

2018-05-30 14:50:39 - [MESSAGE][PASSED] - Delayed 2 second(s)

2018-05-30 14:50:39 - [TEST_STEP][PASSED] - selectOptionByIndex: All options with index in [1] are selected on object 'Object Repository/Emergency/Page_KDMC - CMO/select_--Select--'

2018-05-30 14:50:39 - [MESSAGE][PASSED] - All options with index in [1] are selected on object 'Object Repository/Emergency/Page_KDMC - CMO/select_--Select--'

2018-05-30 14:50:39 - [TEST_STEP][PASSED] - click: Object: 'Object Repository/Emergency/Page_KDMC - CMO/input_btnupdate' is clicked on

2018-05-30 14:50:39 - [MESSAGE][PASSED] - Object: 'Object Repository/Emergency/Page_KDMC - CMO/input_btnupdate' is clicked on

2018-05-30 14:50:39 - [TEST_STEP][PASSED] - delay: Delayed 2 second(s)

2018-05-30 14:50:41 - [MESSAGE][PASSED] - Delayed 2 second(s)

2018-05-30 14:50:41 - [TEST_STEP][PASSED] - click: Object: 'Object Repository/Emergency/Page_KDMC - CMO/button_OK' is clicked on

2018-05-30 14:50:42 - [MESSAGE][PASSED] - Object: 'Object Repository/Emergency/Page_KDMC - CMO/button_OK' is clicked on

2018-05-30 14:50:42 - [TEST_STEP][PASSED] - delay: Delayed 2 second(s)

2018-05-30 14:50:44 - [MESSAGE][PASSED] - Delayed 2 second(s)

2018-05-30 14:50:44 - [TEST_STEP][PASSED] - click: Object: 'Object Repository/Emergency/Page_KDMC - CMO/a_dropdown-toggle' is clicked on

2018-05-30 14:50:44 - [MESSAGE][PASSED] - Object: 'Object Repository/Emergency/Page_KDMC - CMO/a_dropdown-toggle' is clicked on

2018-05-30 14:50:44 - [TEST_STEP][PASSED] - click: Object: 'Object Repository/Emergency/Page_KDMC - CMO/a_Sign out' is clicked on

2018-05-30 14:50:45 - [MESSAGE][PASSED] - Object: 'Object Repository/Emergency/Page_KDMC - CMO/a_Sign out' is clicked on

2018-05-30 14:50:45 - [TEST_STEP][PASSED] - delay: Delayed 3 second(s)

2018-05-30 14:50:48 - [MESSAGE][PASSED] - Delayed 3 second(s)

2018-05-30 14:50:48 - [TEST_STEP][PASSED] - click: Object: 'Object Repository/Emergency/Page_KDMC/a_Divisional Store' is clicked on

2018-05-30 14:50:49 - [MESSAGE][PASSED] - Object: 'Object Repository/Emergency/Page_KDMC/a_Divisional Store' is clicked on

2018-05-30 14:50:49 - [TEST_STEP][PASSED] - setText: Text 'ragu' is set on object 'Object Repository/Emergency/Page_Divisonal Store Login/input_txtusername'

2018-05-30 14:50:49 - [MESSAGE][PASSED] - Text 'ragu' is set on object 'Object Repository/Emergency/Page_Divisonal Store Login/input_txtusername'

2018-05-30 14:50:49 - [TEST_STEP][PASSED] - setText: Text '123' is set on object 'Object Repository/Emergency/Page_Divisonal Store Login/input_txtpassword'

2018-05-30 14:50:49 - [MESSAGE][PASSED] - Text '123' is set on object 'Object Repository/Emergency/Page_Divisonal Store Login/input_txtpassword'

2018-05-30 14:50:49 - [TEST_STEP][PASSED] - delay: Delayed 3 second(s)

2018-05-30 14:50:52 - [MESSAGE][PASSED] - Delayed 3 second(s)

2018-05-30 14:50:52 - [TEST_STEP][PASSED] - click: Object: 'Object Repository/Emergency/Page_Divisonal Store Login/button_Sign in' is clicked on

2018-05-30 14:50:54 - [MESSAGE][PASSED] - Object: 'Object Repository/Emergency/Page_Divisonal Store Login/button_Sign in' is clicked on

2018-05-30 14:50:54 - [TEST_STEP][PASSED] - delay: Delayed 2 second(s)

2018-05-30 14:50:56 - [MESSAGE][PASSED] - Delayed 2 second(s)

2018-05-30 14:50:56 - [TEST_STEP][PASSED] - click: Object: 'Object Repository/Emergency/Page_Store/a_Emergency Request' is clicked on

2018-05-30 14:50:56 - [MESSAGE][PASSED] - Object: 'Object Repository/Emergency/Page_Store/a_Emergency Request' is clicked on

2018-05-30 14:50:56 - [TEST_STEP][PASSED] - click: Object: 'Object Repository/Emergency/Page_Store/a_Request Item Emergency' is clicked on

2018-05-30 14:50:57 - [MESSAGE][PASSED] - Object: 'Object Repository/Emergency/Page_Store/a_Request Item Emergency' is clicked on

2018-05-30 14:50:57 - [TEST_STEP][PASSED] - setText: Text '521' is set on object 'Object Repository/Emergency/Page_Store/input'

2018-05-30 14:50:57 - [MESSAGE][PASSED] - Text '521' is set on object 'Object Repository/Emergency/Page_Store/input'

2018-05-30 14:50:57 - [TEST_STEP][PASSED] - Statement - ChooseRequest = com.kms.katalon.core.webui.keyword.WebUiBuiltInKeywords.modifyObjectProperty(com.kms.katalon.core.testobject.ObjectRepository.findTestObject(Emergency/Page_Store/input_3), "xpath", "equals", "//*[@id=" + Rno + "]", true): Modify property of object successfully

2018-05-30 14:50:57 - [MESSAGE][PASSED] - Modify property of object successfully

2018-05-30 14:50:57 - [TEST_STEP][PASSED] - click: Object: 'Object Repository/Emergency/Page_Store/input_3' is clicked on

2018-05-30 14:50:58 - [MESSAGE][PASSED] - Object: 'Object Repository/Emergency/Page_Store/input_3' is clicked on

2018-05-30 14:50:58 - [TEST_STEP][PASSED] - delay: Delayed 2 second(s)

2018-05-30 14:51:00 - [MESSAGE][PASSED] - Delayed 2 second(s)

2018-05-30 14:51:00 - [TEST_STEP][PASSED] - Statement - selectedoptions1 = com.kms.katalon.core.webui.keyword.WebUiBuiltInKeywords.getNumberOfTotalOption(com.kms.katalon.core.testobject.ObjectRepository.findTestObject(Emergency/Page_Store/select_--Select--Amikacin -500)): 36 options of object 'Object Repository/Emergency/Page_Store/select_--Select--Amikacin -500' counted

2018-05-30 14:51:00 - [MESSAGE][PASSED] - 36 options of object 'Object Repository/Emergency/Page_Store/select_--Select--Amikacin -500' counted

2018-05-30 14:51:00 - [TEST_STEP][PASSED] - Statement - out.println("Soptions : " + selectedoptions1): null

2018-05-30 14:51:00 - [TEST_STEP][PASSED] - Statement - For ([a = 1, a <= selectedoptions1 - 1, (a++)]): null

2018-05-30 14:51:00 - [TEST_STEP][PASSED] - selectOptionByIndex: All options with index in [1] are selected on object 'Object Repository/Emergency/Page_Store/select_--Select--Amikacin -500'

2018-05-30 14:51:00 - [MESSAGE][PASSED] - All options with index in [1] are selected on object 'Object Repository/Emergency/Page_Store/select_--Select--Amikacin -500'

2018-05-30 14:51:00 - [TEST_STEP][PASSED] - delay: Delayed 2 second(s)

2018-05-30 14:51:02 - [MESSAGE][PASSED] - Delayed 2 second(s)

2018-05-30 14:51:02 - [TEST_STEP][PASSED] - Statement - RequestedQty = com.kms.katalon.core.webui.keyword.WebUiBuiltInKeywords.getAttribute(com.kms.katalon.core.testobject.ObjectRepository.findTestObject(Emergency/Page_Store/input_txttotal), "value"): Attribute 'value' of object 'Object Repository/Emergency/Page_Store/input_txttotal' is: '10'

2018-05-30 14:51:02 - [MESSAGE][PASSED] - Attribute 'value' of object 'Object Repository/Emergency/Page_Store/input_txttotal' is: '10'

2018-05-30 14:51:02 - [TEST_STEP][PASSED] - Statement - out.println("Requested QTY : " + RequestedQty): null

2018-05-30 14:51:02 - [TEST_STEP][PASSED] - Statement - BatchNumber = com.kms.katalon.core.webui.keyword.WebUiBuiltInKeywords.getNumberOfTotalOption(com.kms.katalon.core.testobject.ObjectRepository.findTestObject(Emergency/Page_Store/select_--Select--BA1150BA4110)): 4 options of object 'Object Repository/Emergency/Page_Store/select_--Select--BA1150BA4110' counted

2018-05-30 14:51:02 - [MESSAGE][PASSED] - 4 options of object 'Object Repository/Emergency/Page_Store/select_--Select--BA1150BA4110' counted

2018-05-30 14:51:02 - [TEST_STEP][PASSED] - Statement - For ([g = 1, g <= BatchNumber - 1, (g++)]): null

2018-05-30 14:51:02 - [TEST_STEP][PASSED] - selectOptionByIndex: All options with index in [1] are selected on object 'Object Repository/Emergency/Page_Store/select_--Select--BA1150BA4110'

2018-05-30 14:51:02 - [MESSAGE][PASSED] - All options with index in [1] are selected on object 'Object Repository/Emergency/Page_Store/select_--Select--BA1150BA4110'

2018-05-30 14:51:02 - [TEST_STEP][PASSED] - delay: Delayed 2 second(s)

2018-05-30 14:51:04 - [MESSAGE][PASSED] - Delayed 2 second(s)

2018-05-30 14:51:04 - [TEST_STEP][PASSED] - Statement - Try: null

2018-05-30 14:51:04 - [TEST_STEP][PASSED] - Statement - StockQty = com.kms.katalon.core.webui.keyword.WebUiBuiltInKeywords.getAttribute(com.kms.katalon.core.testobject.ObjectRepository.findTestObject(Emergency/Page_Store/input_txtprice), "value"): Attribute 'value' of object 'Object Repository/Emergency/Page_Store/input_txtprice' is: '540'

2018-05-30 14:51:04 - [MESSAGE][PASSED] - Attribute 'value' of object 'Object Repository/Emergency/Page_Store/input_txtprice' is: '540'

2018-05-30 14:51:04 - [TEST_STEP][PASSED] - Statement - out.println("Stock QTY : " + StockQty): null

2018-05-30 14:51:04 - [TEST_STEP][PASSED] - delay: Delayed 2 second(s)

2018-05-30 14:51:06 - [MESSAGE][PASSED] - Delayed 2 second(s)

2018-05-30 14:51:06 - [TEST_STEP][PASSED] - Statement - If (java.lang.Integer.valueOf(StockQty) >= java.lang.Integer.valueOf(RequestedQty)): null

2018-05-30 14:51:06 - [TEST_STEP][PASSED] - delay: Delayed 1 second(s)

2018-05-30 14:51:07 - [MESSAGE][PASSED] - Delayed 1 second(s)

2018-05-30 14:51:07 - [TEST_STEP][PASSED] - setText: Text '10' is set on object 'Object Repository/Emergency/Page_Store/input_txtqty'

2018-05-30 14:51:07 - [MESSAGE][PASSED] - Text '10' is set on object 'Object Repository/Emergency/Page_Store/input_txtqty'

2018-05-30 14:51:07 - [TEST_STEP][PASSED] - click: Object: 'Object Repository/Emergency/Page_Store/button_Add' is clicked on

2018-05-30 14:51:08 - [MESSAGE][PASSED] - Object: 'Object Repository/Emergency/Page_Store/button_Add' is clicked on

2018-05-30 14:51:08 - [TEST_STEP][PASSED] - Statement - Break: null

2018-05-30 14:51:08 - [TEST_STEP][PASSED] - selectOptionByIndex: All options with index in [2] are selected on object 'Object Repository/Emergency/Page_Store/select_--Select--Amikacin -500'

2018-05-30 14:51:08 - [MESSAGE][PASSED] - All options with index in [2] are selected on object 'Object Repository/Emergency/Page_Store/select_--Select--Amikacin -500'

2018-05-30 14:51:08 - [TEST_STEP][PASSED] - delay: Delayed 2 second(s)

2018-05-30 14:51:10 - [MESSAGE][PASSED] - Delayed 2 second(s)

2018-05-30 14:51:10 - [TEST_STEP][PASSED] - Statement - RequestedQty = com.kms.katalon.core.webui.keyword.WebUiBuiltInKeywords.getAttribute(com.kms.katalon.core.testobject.ObjectRepository.findTestObject(Emergency/Page_Store/input_txttotal), "value"): Attribute 'value' of object 'Object Repository/Emergency/Page_Store/input_txttotal' is: '10'

2018-05-30 14:51:10 - [MESSAGE][PASSED] - Attribute 'value' of object 'Object Repository/Emergency/Page_Store/input_txttotal' is: '10'

2018-05-30 14:51:10 - [TEST_STEP][PASSED] - Statement - out.println("Requested QTY : " + RequestedQty): null

2018-05-30 14:51:10 - [TEST_STEP][PASSED] - Statement - BatchNumber = com.kms.katalon.core.webui.keyword.WebUiBuiltInKeywords.getNumberOfTotalOption(com.kms.katalon.core.testobject.ObjectRepository.findTestObject(Emergency/Page_Store/select_--Select--BA1150BA4110)): 4 options of object 'Object Repository/Emergency/Page_Store/select_--Select--BA1150BA4110' counted

2018-05-30 14:51:10 - [MESSAGE][PASSED] - 4 options of object 'Object Repository/Emergency/Page_Store/select_--Select--BA1150BA4110' counted

2018-05-30 14:51:10 - [TEST_STEP][PASSED] - Statement - For ([g = 1, g <= BatchNumber - 1, (g++)]): null

2018-05-30 14:51:10 - [TEST_STEP][PASSED] - selectOptionByIndex: All options with index in [1] are selected on object 'Object Repository/Emergency/Page_Store/select_--Select--BA1150BA4110'

2018-05-30 14:51:10 - [MESSAGE][PASSED] - All options with index in [1] are selected on object 'Object Repository/Emergency/Page_Store/select_--Select--BA1150BA4110'

2018-05-30 14:51:10 - [TEST_STEP][PASSED] - delay: Delayed 2 second(s)

2018-05-30 14:51:12 - [MESSAGE][PASSED] - Delayed 2 second(s)

2018-05-30 14:51:12 - [TEST_STEP][PASSED] - Statement - Try: null

2018-05-30 14:51:12 - [TEST_STEP][PASSED] - Statement - StockQty = com.kms.katalon.core.webui.keyword.WebUiBuiltInKeywords.getAttribute(com.kms.katalon.core.testobject.ObjectRepository.findTestObject(Emergency/Page_Store/input_txtprice), "value"): Attribute 'value' of object 'Object Repository/Emergency/Page_Store/input_txtprice' is: '540'

2018-05-30 14:51:12 - [MESSAGE][PASSED] - Attribute 'value' of object 'Object Repository/Emergency/Page_Store/input_txtprice' is: '540'

2018-05-30 14:51:12 - [TEST_STEP][PASSED] - Statement - out.println("Stock QTY : " + StockQty): null

2018-05-30 14:51:12 - [TEST_STEP][PASSED] - delay: Delayed 2 second(s)

2018-05-30 14:51:14 - [MESSAGE][PASSED] - Delayed 2 second(s)

2018-05-30 14:51:14 - [TEST_STEP][PASSED] - Statement - If (java.lang.Integer.valueOf(StockQty) >= java.lang.Integer.valueOf(RequestedQty)): null

2018-05-30 14:51:14 - [TEST_STEP][PASSED] - delay: Delayed 1 second(s)

2018-05-30 14:51:15 - [MESSAGE][PASSED] - Delayed 1 second(s)

2018-05-30 14:51:15 - [TEST_STEP][PASSED] - setText: Text '10' is set on object 'Object Repository/Emergency/Page_Store/input_txtqty'

2018-05-30 14:51:15 - [MESSAGE][PASSED] - Text '10' is set on object 'Object Repository/Emergency/Page_Store/input_txtqty'

2018-05-30 14:51:15 - [TEST_STEP][PASSED] - click: Object: 'Object Repository/Emergency/Page_Store/button_Add' is clicked on

2018-05-30 14:51:15 - [MESSAGE][PASSED] - Object: 'Object Repository/Emergency/Page_Store/button_Add' is clicked on

2018-05-30 14:51:15 - [TEST_STEP][PASSED] - Statement - Break: null

2018-05-30 14:51:15 - [TEST_STEP][PASSED] - selectOptionByIndex: All options with index in [3] are selected on object 'Object Repository/Emergency/Page_Store/select_--Select--Amikacin -500'

2018-05-30 14:51:15 - [MESSAGE][PASSED] - All options with index in [3] are selected on object 'Object Repository/Emergency/Page_Store/select_--Select--Amikacin -500'

2018-05-30 14:51:15 - [TEST_STEP][PASSED] - delay: Delayed 2 second(s)

2018-05-30 14:51:17 - [MESSAGE][PASSED] - Delayed 2 second(s)

2018-05-30 14:51:17 - [TEST_STEP][PASSED] - Statement - RequestedQty = com.kms.katalon.core.webui.keyword.WebUiBuiltInKeywords.getAttribute(com.kms.katalon.core.testobject.ObjectRepository.findTestObject(Emergency/Page_Store/input_txttotal), "value"): Attribute 'value' of object 'Object Repository/Emergency/Page_Store/input_txttotal' is: '10'

2018-05-30 14:51:17 - [MESSAGE][PASSED] - Attribute 'value' of object 'Object Repository/Emergency/Page_Store/input_txttotal' is: '10'

2018-05-30 14:51:17 - [TEST_STEP][PASSED] - Statement - out.println("Requested QTY : " + RequestedQty): null

2018-05-30 14:51:17 - [TEST_STEP][PASSED] - Statement - BatchNumber = com.kms.katalon.core.webui.keyword.WebUiBuiltInKeywords.getNumberOfTotalOption(com.kms.katalon.core.testobject.ObjectRepository.findTestObject(Emergency/Page_Store/select_--Select--BA1150BA4110)): 2 options of object 'Object Repository/Emergency/Page_Store/select_--Select--BA1150BA4110' counted

2018-05-30 14:51:17 - [MESSAGE][PASSED] - 2 options of object 'Object Repository/Emergency/Page_Store/select_--Select--BA1150BA4110' counted

2018-05-30 14:51:17 - [TEST_STEP][PASSED] - Statement - For ([g = 1, g <= BatchNumber - 1, (g++)]): null

2018-05-30 14:51:17 - [TEST_STEP][PASSED] - selectOptionByIndex: All options with index in [1] are selected on object 'Object Repository/Emergency/Page_Store/select_--Select--BA1150BA4110'

2018-05-30 14:51:17 - [MESSAGE][PASSED] - All options with index in [1] are selected on object 'Object Repository/Emergency/Page_Store/select_--Select--BA1150BA4110'

2018-05-30 14:51:17 - [TEST_STEP][PASSED] - delay: Delayed 2 second(s)

2018-05-30 14:51:19 - [MESSAGE][PASSED] - Delayed 2 second(s)

2018-05-30 14:51:19 - [TEST_STEP][PASSED] - Statement - Try: null

2018-05-30 14:51:19 - [TEST_STEP][PASSED] - Statement - StockQty = com.kms.katalon.core.webui.keyword.WebUiBuiltInKeywords.getAttribute(com.kms.katalon.core.testobject.ObjectRepository.findTestObject(Emergency/Page_Store/input_txtprice), "value"): Attribute 'value' of object 'Object Repository/Emergency/Page_Store/input_txtprice' is: '1500'

2018-05-30 14:51:20 - [MESSAGE][PASSED] - Attribute 'value' of object 'Object Repository/Emergency/Page_Store/input_txtprice' is: '1500'

2018-05-30 14:51:20 - [TEST_STEP][PASSED] - Statement - out.println("Stock QTY : " + StockQty): null

2018-05-30 14:51:20 - [TEST_STEP][PASSED] - delay: Delayed 2 second(s)

2018-05-30 14:51:22 - [MESSAGE][PASSED] - Delayed 2 second(s)

2018-05-30 14:51:22 - [TEST_STEP][PASSED] - Statement - If (java.lang.Integer.valueOf(StockQty) >= java.lang.Integer.valueOf(RequestedQty)): null

2018-05-30 14:51:22 - [TEST_STEP][PASSED] - delay: Delayed 1 second(s)

2018-05-30 14:51:23 - [MESSAGE][PASSED] - Delayed 1 second(s)

2018-05-30 14:51:23 - [TEST_STEP][PASSED] - setText: Text '10' is set on object 'Object Repository/Emergency/Page_Store/input_txtqty'

2018-05-30 14:51:23 - [MESSAGE][PASSED] - Text '10' is set on object 'Object Repository/Emergency/Page_Store/input_txtqty'

2018-05-30 14:51:23 - [TEST_STEP][PASSED] - click: Object: 'Object Repository/Emergency/Page_Store/button_Add' is clicked on

2018-05-30 14:51:23 - [MESSAGE][PASSED] - Object: 'Object Repository/Emergency/Page_Store/button_Add' is clicked on

2018-05-30 14:51:23 - [TEST_STEP][PASSED] - Statement - Break: null

2018-05-30 14:51:23 - [TEST_STEP][PASSED] - selectOptionByIndex: All options with index in [4] are selected on object 'Object Repository/Emergency/Page_Store/select_--Select--Amikacin -500'

2018-05-30 14:51:23 - [MESSAGE][PASSED] - All options with index in [4] are selected on object 'Object Repository/Emergency/Page_Store/select_--Select--Amikacin -500'

2018-05-30 14:51:23 - [TEST_STEP][PASSED] - delay: Delayed 2 second(s)

2018-05-30 14:51:25 - [MESSAGE][PASSED] - Delayed 2 second(s)

2018-05-30 14:51:25 - [TEST_STEP][PASSED] - Statement - RequestedQty = com.kms.katalon.core.webui.keyword.WebUiBuiltInKeywords.getAttribute(com.kms.katalon.core.testobject.ObjectRepository.findTestObject(Emergency/Page_Store/input_txttotal), "value"): Attribute 'value' of object 'Object Repository/Emergency/Page_Store/input_txttotal' is: '10'

2018-05-30 14:51:25 - [MESSAGE][PASSED] - Attribute 'value' of object 'Object Repository/Emergency/Page_Store/input_txttotal' is: '10'

2018-05-30 14:51:25 - [TEST_STEP][PASSED] - Statement - out.println("Requested QTY : " + RequestedQty): null

2018-05-30 14:51:25 - [TEST_STEP][PASSED] - Statement - BatchNumber = com.kms.katalon.core.webui.keyword.WebUiBuiltInKeywords.getNumberOfTotalOption(com.kms.katalon.core.testobject.ObjectRepository.findTestObject(Emergency/Page_Store/select_--Select--BA1150BA4110)): 2 options of object 'Object Repository/Emergency/Page_Store/select_--Select--BA1150BA4110' counted

2018-05-30 14:51:25 - [MESSAGE][PASSED] - 2 options of object 'Object Repository/Emergency/Page_Store/select_--Select--BA1150BA4110' counted

2018-05-30 14:51:25 - [TEST_STEP][PASSED] - Statement - For ([g = 1, g <= BatchNumber - 1, (g++)]): null

2018-05-30 14:51:25 - [TEST_STEP][PASSED] - selectOptionByIndex: All options with index in [1] are selected on object 'Object Repository/Emergency/Page_Store/select_--Select--BA1150BA4110'

2018-05-30 14:51:25 - [MESSAGE][PASSED] - All options with index in [1] are selected on object 'Object Repository/Emergency/Page_Store/select_--Select--BA1150BA4110'

2018-05-30 14:51:25 - [TEST_STEP][PASSED] - delay: Delayed 2 second(s)

2018-05-30 14:51:27 - [MESSAGE][PASSED] - Delayed 2 second(s)

2018-05-30 14:51:27 - [TEST_STEP][PASSED] - Statement - Try: null

2018-05-30 14:51:27 - [TEST_STEP][PASSED] - Statement - StockQty = com.kms.katalon.core.webui.keyword.WebUiBuiltInKeywords.getAttribute(com.kms.katalon.core.testobject.ObjectRepository.findTestObject(Emergency/Page_Store/input_txtprice), "value"): Attribute 'value' of object 'Object Repository/Emergency/Page_Store/input_txtprice' is: '1506'

2018-05-30 14:51:27 - [MESSAGE][PASSED] - Attribute 'value' of object 'Object Repository/Emergency/Page_Store/input_txtprice' is: '1506'

2018-05-30 14:51:27 - [TEST_STEP][PASSED] - Statement - out.println("Stock QTY : " + StockQty): null

2018-05-30 14:51:27 - [TEST_STEP][PASSED] - delay: Delayed 2 second(s)

2018-05-30 14:51:29 - [MESSAGE][PASSED] - Delayed 2 second(s)

2018-05-30 14:51:29 - [TEST_STEP][PASSED] - Statement - If (java.lang.Integer.valueOf(StockQty) >= java.lang.Integer.valueOf(RequestedQty)): null

2018-05-30 14:51:29 - [TEST_STEP][PASSED] - delay: Delayed 1 second(s)

2018-05-30 14:51:30 - [MESSAGE][PASSED] - Delayed 1 second(s)

2018-05-30 14:51:30 - [TEST_STEP][PASSED] - setText: Text '10' is set on object 'Object Repository/Emergency/Page_Store/input_txtqty'

2018-05-30 14:51:30 - [MESSAGE][PASSED] - Text '10' is set on object 'Object Repository/Emergency/Page_Store/input_txtqty'

2018-05-30 14:51:30 - [TEST_STEP][PASSED] - click: Object: 'Object Repository/Emergency/Page_Store/button_Add' is clicked on

2018-05-30 14:51:30 - [MESSAGE][PASSED] - Object: 'Object Repository/Emergency/Page_Store/button_Add' is clicked on

2018-05-30 14:51:30 - [TEST_STEP][PASSED] - Statement - Break: null

2018-05-30 14:51:30 - [TEST_STEP][PASSED] - selectOptionByIndex: All options with index in [5] are selected on object 'Object Repository/Emergency/Page_Store/select_--Select--Amikacin -500'

2018-05-30 14:51:30 - [MESSAGE][PASSED] - All options with index in [5] are selected on object 'Object Repository/Emergency/Page_Store/select_--Select--Amikacin -500'

2018-05-30 14:51:30 - [TEST_STEP][PASSED] - delay: Delayed 2 second(s)

2018-05-30 14:51:32 - [MESSAGE][PASSED] - Delayed 2 second(s)

2018-05-30 14:51:32 - [TEST_STEP][PASSED] - Statement - RequestedQty = com.kms.katalon.core.webui.keyword.WebUiBuiltInKeywords.getAttribute(com.kms.katalon.core.testobject.ObjectRepository.findTestObject(Emergency/Page_Store/input_txttotal), "value"): Attribute 'value' of object 'Object Repository/Emergency/Page_Store/input_txttotal' is: '10'

2018-05-30 14:51:32 - [MESSAGE][PASSED] - Attribute 'value' of object 'Object Repository/Emergency/Page_Store/input_txttotal' is: '10'

2018-05-30 14:51:32 - [TEST_STEP][PASSED] - Statement - out.println("Requested QTY : " + RequestedQty): null

2018-05-30 14:51:33 - [TEST_STEP][PASSED] - Statement - BatchNumber = com.kms.katalon.core.webui.keyword.WebUiBuiltInKeywords.getNumberOfTotalOption(com.kms.katalon.core.testobject.ObjectRepository.findTestObject(Emergency/Page_Store/select_--Select--BA1150BA4110)): 2 options of object 'Object Repository/Emergency/Page_Store/select_--Select--BA1150BA4110' counted

2018-05-30 14:51:33 - [MESSAGE][PASSED] - 2 options of object 'Object Repository/Emergency/Page_Store/select_--Select--BA1150BA4110' counted

2018-05-30 14:51:33 - [TEST_STEP][PASSED] - Statement - For ([g = 1, g <= BatchNumber - 1, (g++)]): null

2018-05-30 14:51:33 - [TEST_STEP][PASSED] - selectOptionByIndex: All options with index in [1] are selected on object 'Object Repository/Emergency/Page_Store/select_--Select--BA1150BA4110'

2018-05-30 14:51:33 - [MESSAGE][PASSED] - All options with index in [1] are selected on object 'Object Repository/Emergency/Page_Store/select_--Select--BA1150BA4110'

2018-05-30 14:51:33 - [TEST_STEP][PASSED] - delay: Delayed 2 second(s)

2018-05-30 14:51:35 - [MESSAGE][PASSED] - Delayed 2 second(s)

2018-05-30 14:51:35 - [TEST_STEP][PASSED] - Statement - Try: null

2018-05-30 14:51:35 - [TEST_STEP][PASSED] - Statement - StockQty = com.kms.katalon.core.webui.keyword.WebUiBuiltInKeywords.getAttribute(com.kms.katalon.core.testobject.ObjectRepository.findTestObject(Emergency/Page_Store/input_txtprice), "value"): Attribute 'value' of object 'Object Repository/Emergency/Page_Store/input_txtprice' is: '1560'

2018-05-30 14:51:35 - [MESSAGE][PASSED] - Attribute 'value' of object 'Object Repository/Emergency/Page_Store/input_txtprice' is: '1560'

2018-05-30 14:51:35 - [TEST_STEP][PASSED] - Statement - out.println("Stock QTY : " + StockQty): null

2018-05-30 14:51:35 - [TEST_STEP][PASSED] - delay: Delayed 2 second(s)

2018-05-30 14:51:37 - [MESSAGE][PASSED] - Delayed 2 second(s)

2018-05-30 14:51:37 - [TEST_STEP][PASSED] - Statement - If (java.lang.Integer.valueOf(StockQty) >= java.lang.Integer.valueOf(RequestedQty)): null

2018-05-30 14:51:37 - [TEST_STEP][PASSED] - delay: Delayed 1 second(s)

2018-05-30 14:51:38 - [MESSAGE][PASSED] - Delayed 1 second(s)

2018-05-30 14:51:38 - [TEST_STEP][PASSED] - setText: Text '10' is set on object 'Object Repository/Emergency/Page_Store/input_txtqty'

2018-05-30 14:51:38 - [MESSAGE][PASSED] - Text '10' is set on object 'Object Repository/Emergency/Page_Store/input_txtqty'

2018-05-30 14:51:38 - [TEST_STEP][PASSED] - click: Object: 'Object Repository/Emergency/Page_Store/button_Add' is clicked on

2018-05-30 14:51:38 - [MESSAGE][PASSED] - Object: 'Object Repository/Emergency/Page_Store/button_Add' is clicked on

2018-05-30 14:51:38 - [TEST_STEP][PASSED] - Statement - Break: null

2018-05-30 14:51:38 - [TEST_STEP][PASSED] - selectOptionByIndex: All options with index in [6] are selected on object 'Object Repository/Emergency/Page_Store/select_--Select--Amikacin -500'

2018-05-30 14:51:38 - [MESSAGE][PASSED] - All options with index in [6] are selected on object 'Object Repository/Emergency/Page_Store/select_--Select--Amikacin -500'

2018-05-30 14:51:38 - [TEST_STEP][PASSED] - delay: Delayed 2 second(s)

2018-05-30 14:51:40 - [MESSAGE][PASSED] - Delayed 2 second(s)

2018-05-30 14:51:40 - [TEST_STEP][PASSED] - Statement - RequestedQty = com.kms.katalon.core.webui.keyword.WebUiBuiltInKeywords.getAttribute(com.kms.katalon.core.testobject.ObjectRepository.findTestObject(Emergency/Page_Store/input_txttotal), "value"): Attribute 'value' of object 'Object Repository/Emergency/Page_Store/input_txttotal' is: '10'

2018-05-30 14:51:40 - [MESSAGE][PASSED] - Attribute 'value' of object 'Object Repository/Emergency/Page_Store/input_txttotal' is: '10'

2018-05-30 14:51:40 - [TEST_STEP][PASSED] - Statement - out.println("Requested QTY : " + RequestedQty): null

2018-05-30 14:51:40 - [TEST_STEP][PASSED] - Statement - BatchNumber = com.kms.katalon.core.webui.keyword.WebUiBuiltInKeywords.getNumberOfTotalOption(com.kms.katalon.core.testobject.ObjectRepository.findTestObject(Emergency/Page_Store/select_--Select--BA1150BA4110)): 4 options of object 'Object Repository/Emergency/Page_Store/select_--Select--BA1150BA4110' counted

2018-05-30 14:51:40 - [MESSAGE][PASSED] - 4 options of object 'Object Repository/Emergency/Page_Store/select_--Select--BA1150BA4110' counted

2018-05-30 14:51:40 - [TEST_STEP][PASSED] - Statement - For ([g = 1, g <= BatchNumber - 1, (g++)]): null

2018-05-30 14:51:40 - [TEST_STEP][PASSED] - selectOptionByIndex: All options with index in [1] are selected on object 'Object Repository/Emergency/Page_Store/select_--Select--BA1150BA4110'

2018-05-30 14:51:41 - [MESSAGE][PASSED] - All options with index in [1] are selected on object 'Object Repository/Emergency/Page_Store/select_--Select--BA1150BA4110'

2018-05-30 14:51:41 - [TEST_STEP][PASSED] - delay: Delayed 2 second(s)

2018-05-30 14:51:43 - [MESSAGE][PASSED] - Delayed 2 second(s)

2018-05-30 14:51:43 - [TEST_STEP][PASSED] - Statement - Try: null

2018-05-30 14:51:43 - [TEST_STEP][PASSED] - Statement - StockQty = com.kms.katalon.core.webui.keyword.WebUiBuiltInKeywords.getAttribute(com.kms.katalon.core.testobject.ObjectRepository.findTestObject(Emergency/Page_Store/input_txtprice), "value"): Attribute 'value' of object 'Object Repository/Emergency/Page_Store/input_txtprice' is: '540'

2018-05-30 14:51:43 - [MESSAGE][PASSED] - Attribute 'value' of object 'Object Repository/Emergency/Page_Store/input_txtprice' is: '540'

2018-05-30 14:51:43 - [TEST_STEP][PASSED] - Statement - out.println("Stock QTY : " + StockQty): null

2018-05-30 14:51:43 - [TEST_STEP][PASSED] - delay: Delayed 2 second(s)

2018-05-30 14:51:45 - [MESSAGE][PASSED] - Delayed 2 second(s)

2018-05-30 14:51:45 - [TEST_STEP][PASSED] - Statement - If (java.lang.Integer.valueOf(StockQty) >= java.lang.Integer.valueOf(RequestedQty)): null

2018-05-30 14:51:45 - [TEST_STEP][PASSED] - delay: Delayed 1 second(s)

2018-05-30 14:51:46 - [MESSAGE][PASSED] - Delayed 1 second(s)

2018-05-30 14:51:46 - [TEST_STEP][PASSED] - setText: Text '10' is set on object 'Object Repository/Emergency/Page_Store/input_txtqty'

2018-05-30 14:51:46 - [MESSAGE][PASSED] - Text '10' is set on object 'Object Repository/Emergency/Page_Store/input_txtqty'

2018-05-30 14:51:46 - [TEST_STEP][PASSED] - click: Object: 'Object Repository/Emergency/Page_Store/button_Add' is clicked on

2018-05-30 14:51:46 - [MESSAGE][PASSED] - Object: 'Object Repository/Emergency/Page_Store/button_Add' is clicked on

2018-05-30 14:51:46 - [TEST_STEP][PASSED] - Statement - Break: null

2018-05-30 14:51:46 - [TEST_STEP][PASSED] - selectOptionByIndex: All options with index in [7] are selected on object 'Object Repository/Emergency/Page_Store/select_--Select--Amikacin -500'

2018-05-30 14:51:46 - [MESSAGE][PASSED] - All options with index in [7] are selected on object 'Object Repository/Emergency/Page_Store/select_--Select--Amikacin -500'

2018-05-30 14:51:46 - [TEST_STEP][PASSED] - delay: Delayed 2 second(s)

2018-05-30 14:51:48 - [MESSAGE][PASSED] - Delayed 2 second(s)

2018-05-30 14:51:48 - [TEST_STEP][PASSED] - Statement - RequestedQty = com.kms.katalon.core.webui.keyword.WebUiBuiltInKeywords.getAttribute(com.kms.katalon.core.testobject.ObjectRepository.findTestObject(Emergency/Page_Store/input_txttotal), "value"): Attribute 'value' of object 'Object Repository/Emergency/Page_Store/input_txttotal' is: '10'

2018-05-30 14:51:48 - [MESSAGE][PASSED] - Attribute 'value' of object 'Object Repository/Emergency/Page_Store/input_txttotal' is: '10'

2018-05-30 14:51:48 - [TEST_STEP][PASSED] - Statement - out.println("Requested QTY : " + RequestedQty): null

2018-05-30 14:51:48 - [TEST_STEP][PASSED] - Statement - BatchNumber = com.kms.katalon.core.webui.keyword.WebUiBuiltInKeywords.getNumberOfTotalOption(com.kms.katalon.core.testobject.ObjectRepository.findTestObject(Emergency/Page_Store/select_--Select--BA1150BA4110)): 3 options of object 'Object Repository/Emergency/Page_Store/select_--Select--BA1150BA4110' counted

2018-05-30 14:51:48 - [MESSAGE][PASSED] - 3 options of object 'Object Repository/Emergency/Page_Store/select_--Select--BA1150BA4110' counted

2018-05-30 14:51:48 - [TEST_STEP][PASSED] - Statement - For ([g = 1, g <= BatchNumber - 1, (g++)]): null

2018-05-30 14:51:48 - [TEST_STEP][PASSED] - selectOptionByIndex: All options with index in [1] are selected on object 'Object Repository/Emergency/Page_Store/select_--Select--BA1150BA4110'

2018-05-30 14:51:48 - [MESSAGE][PASSED] - All options with index in [1] are selected on object 'Object Repository/Emergency/Page_Store/select_--Select--BA1150BA4110'

2018-05-30 14:51:48 - [TEST_STEP][PASSED] - delay: Delayed 2 second(s)

2018-05-30 14:51:50 - [MESSAGE][PASSED] - Delayed 2 second(s)

2018-05-30 14:51:50 - [TEST_STEP][PASSED] - Statement - Try: null

2018-05-30 14:51:50 - [TEST_STEP][PASSED] - Statement - StockQty = com.kms.katalon.core.webui.keyword.WebUiBuiltInKeywords.getAttribute(com.kms.katalon.core.testobject.ObjectRepository.findTestObject(Emergency/Page_Store/input_txtprice), "value"): Attribute 'value' of object 'Object Repository/Emergency/Page_Store/input_txtprice' is: '1460'

2018-05-30 14:51:50 - [MESSAGE][PASSED] - Attribute 'value' of object 'Object Repository/Emergency/Page_Store/input_txtprice' is: '1460'

2018-05-30 14:51:50 - [TEST_STEP][PASSED] - Statement - out.println("Stock QTY : " + StockQty): null

2018-05-30 14:51:50 - [TEST_STEP][PASSED] - delay: Delayed 2 second(s)

2018-05-30 14:51:52 - [MESSAGE][PASSED] - Delayed 2 second(s)

2018-05-30 14:51:52 - [TEST_STEP][PASSED] - Statement - If (java.lang.Integer.valueOf(StockQty) >= java.lang.Integer.valueOf(RequestedQty)): null

2018-05-30 14:51:52 - [TEST_STEP][PASSED] - delay: Delayed 1 second(s)

2018-05-30 14:51:53 - [MESSAGE][PASSED] - Delayed 1 second(s)

2018-05-30 14:51:53 - [TEST_STEP][PASSED] - setText: Text '10' is set on object 'Object Repository/Emergency/Page_Store/input_txtqty'

2018-05-30 14:51:53 - [MESSAGE][PASSED] - Text '10' is set on object 'Object Repository/Emergency/Page_Store/input_txtqty'

2018-05-30 14:51:53 - [TEST_STEP][PASSED] - click: Object: 'Object Repository/Emergency/Page_Store/button_Add' is clicked on

2018-05-30 14:51:53 - [MESSAGE][PASSED] - Object: 'Object Repository/Emergency/Page_Store/button_Add' is clicked on

2018-05-30 14:51:53 - [TEST_STEP][PASSED] - Statement - Break: null

2018-05-30 14:51:53 - [TEST_STEP][PASSED] - selectOptionByIndex: All options with index in [8] are selected on object 'Object Repository/Emergency/Page_Store/select_--Select--Amikacin -500'

2018-05-30 14:51:54 - [MESSAGE][PASSED] - All options with index in [8] are selected on object 'Object Repository/Emergency/Page_Store/select_--Select--Amikacin -500'

2018-05-30 14:51:54 - [TEST_STEP][PASSED] - delay: Delayed 2 second(s)

2018-05-30 14:51:56 - [MESSAGE][PASSED] - Delayed 2 second(s)

2018-05-30 14:51:56 - [TEST_STEP][PASSED] - Statement - RequestedQty = com.kms.katalon.core.webui.keyword.WebUiBuiltInKeywords.getAttribute(com.kms.katalon.core.testobject.ObjectRepository.findTestObject(Emergency/Page_Store/input_txttotal), "value"): Attribute 'value' of object 'Object Repository/Emergency/Page_Store/input_txttotal' is: '10'

2018-05-30 14:51:56 - [MESSAGE][PASSED] - Attribute 'value' of object 'Object Repository/Emergency/Page_Store/input_txttotal' is: '10'

2018-05-30 14:51:56 - [TEST_STEP][PASSED] - Statement - out.println("Requested QTY : " + RequestedQty): null

2018-05-30 14:51:56 - [TEST_STEP][PASSED] - Statement - BatchNumber = com.kms.katalon.core.webui.keyword.WebUiBuiltInKeywords.getNumberOfTotalOption(com.kms.katalon.core.testobject.ObjectRepository.findTestObject(Emergency/Page_Store/select_--Select--BA1150BA4110)): 2 options of object 'Object Repository/Emergency/Page_Store/select_--Select--BA1150BA4110' counted

2018-05-30 14:51:56 - [MESSAGE][PASSED] - 2 options of object 'Object Repository/Emergency/Page_Store/select_--Select--BA1150BA4110' counted

2018-05-30 14:51:56 - [TEST_STEP][PASSED] - Statement - For ([g = 1, g <= BatchNumber - 1, (g++)]): null

2018-05-30 14:51:56 - [TEST_STEP][PASSED] - selectOptionByIndex: All options with index in [1] are selected on object 'Object Repository/Emergency/Page_Store/select_--Select--BA1150BA4110'

2018-05-30 14:51:56 - [MESSAGE][PASSED] - All options with index in [1] are selected on object 'Object Repository/Emergency/Page_Store/select_--Select--BA1150BA4110'

2018-05-30 14:51:56 - [TEST_STEP][PASSED] - delay: Delayed 2 second(s)

2018-05-30 14:51:58 - [MESSAGE][PASSED] - Delayed 2 second(s)

2018-05-30 14:51:58 - [TEST_STEP][PASSED] - Statement - Try: null

2018-05-30 14:51:58 - [TEST_STEP][PASSED] - Statement - StockQty = com.kms.katalon.core.webui.keyword.WebUiBuiltInKeywords.getAttribute(com.kms.katalon.core.testobject.ObjectRepository.findTestObject(Emergency/Page_Store/input_txtprice), "value"): Attribute 'value' of object 'Object Repository/Emergency/Page_Store/input_txtprice' is: '1560'

2018-05-30 14:51:58 - [MESSAGE][PASSED] - Attribute 'value' of object 'Object Repository/Emergency/Page_Store/input_txtprice' is: '1560'

2018-05-30 14:51:58 - [TEST_STEP][PASSED] - Statement - out.println("Stock QTY : " + StockQty): null

2018-05-30 14:51:58 - [TEST_STEP][PASSED] - delay: Delayed 2 second(s)

2018-05-30 14:52:00 - [MESSAGE][PASSED] - Delayed 2 second(s)

2018-05-30 14:52:00 - [TEST_STEP][PASSED] - Statement - If (java.lang.Integer.valueOf(StockQty) >= java.lang.Integer.valueOf(RequestedQty)): null

2018-05-30 14:52:00 - [TEST_STEP][PASSED] - delay: Delayed 1 second(s)

2018-05-30 14:52:01 - [MESSAGE][PASSED] - Delayed 1 second(s)

2018-05-30 14:52:01 - [TEST_STEP][PASSED] - setText: Text '10' is set on object 'Object Repository/Emergency/Page_Store/input_txtqty'

2018-05-30 14:52:01 - [MESSAGE][PASSED] - Text '10' is set on object 'Object Repository/Emergency/Page_Store/input_txtqty'

2018-05-30 14:52:01 - [TEST_STEP][PASSED] - click: Object: 'Object Repository/Emergency/Page_Store/button_Add' is clicked on

2018-05-30 14:52:01 - [MESSAGE][PASSED] - Object: 'Object Repository/Emergency/Page_Store/button_Add' is clicked on

2018-05-30 14:52:01 - [TEST_STEP][PASSED] - Statement - Break: null

2018-05-30 14:52:01 - [TEST_STEP][PASSED] - selectOptionByIndex: All options with index in [9] are selected on object 'Object Repository/Emergency/Page_Store/select_--Select--Amikacin -500'

2018-05-30 14:52:01 - [MESSAGE][PASSED] - All options with index in [9] are selected on object 'Object Repository/Emergency/Page_Store/select_--Select--Amikacin -500'

2018-05-30 14:52:01 - [TEST_STEP][PASSED] - delay: Delayed 2 second(s)

2018-05-30 14:52:03 - [MESSAGE][PASSED] - Delayed 2 second(s)

2018-05-30 14:52:03 - [TEST_STEP][PASSED] - Statement - RequestedQty = com.kms.katalon.core.webui.keyword.WebUiBuiltInKeywords.getAttribute(com.kms.katalon.core.testobject.ObjectRepository.findTestObject(Emergency/Page_Store/input_txttotal), "value"): Attribute 'value' of object 'Object Repository/Emergency/Page_Store/input_txttotal' is: '10'

2018-05-30 14:52:03 - [MESSAGE][PASSED] - Attribute 'value' of object 'Object Repository/Emergency/Page_Store/input_txttotal' is: '10'

2018-05-30 14:52:03 - [TEST_STEP][PASSED] - Statement - out.println("Requested QTY : " + RequestedQty): null

2018-05-30 14:52:03 - [TEST_STEP][PASSED] - Statement - BatchNumber = com.kms.katalon.core.webui.keyword.WebUiBuiltInKeywords.getNumberOfTotalOption(com.kms.katalon.core.testobject.ObjectRepository.findTestObject(Emergency/Page_Store/select_--Select--BA1150BA4110)): 4 options of object 'Object Repository/Emergency/Page_Store/select_--Select--BA1150BA4110' counted

2018-05-30 14:52:03 - [MESSAGE][PASSED] - 4 options of object 'Object Repository/Emergency/Page_Store/select_--Select--BA1150BA4110' counted

2018-05-30 14:52:03 - [TEST_STEP][PASSED] - Statement - For ([g = 1, g <= BatchNumber - 1, (g++)]): null

2018-05-30 14:52:03 - [TEST_STEP][PASSED] - selectOptionByIndex: All options with index in [1] are selected on object 'Object Repository/Emergency/Page_Store/select_--Select--BA1150BA4110'

2018-05-30 14:52:03 - [MESSAGE][PASSED] - All options with index in [1] are selected on object 'Object Repository/Emergency/Page_Store/select_--Select--BA1150BA4110'

2018-05-30 14:52:03 - [TEST_STEP][PASSED] - delay: Delayed 2 second(s)

2018-05-30 14:52:05 - [MESSAGE][PASSED] - Delayed 2 second(s)

2018-05-30 14:52:05 - [TEST_STEP][PASSED] - Statement - Try: null

2018-05-30 14:52:05 - [TEST_STEP][PASSED] - Statement - StockQty = com.kms.katalon.core.webui.keyword.WebUiBuiltInKeywords.getAttribute(com.kms.katalon.core.testobject.ObjectRepository.findTestObject(Emergency/Page_Store/input_txtprice), "value"): Attribute 'value' of object 'Object Repository/Emergency/Page_Store/input_txtprice' is: '540'

2018-05-30 14:52:05 - [MESSAGE][PASSED] - Attribute 'value' of object 'Object Repository/Emergency/Page_Store/input_txtprice' is: '540'

2018-05-30 14:52:05 - [TEST_STEP][PASSED] - Statement - out.println("Stock QTY : " + StockQty): null

2018-05-30 14:52:05 - [TEST_STEP][PASSED] - delay: Delayed 2 second(s)

2018-05-30 14:52:07 - [MESSAGE][PASSED] - Delayed 2 second(s)

2018-05-30 14:52:07 - [TEST_STEP][PASSED] - Statement - If (java.lang.Integer.valueOf(StockQty) >= java.lang.Integer.valueOf(RequestedQty)): null

2018-05-30 14:52:07 - [TEST_STEP][PASSED] - delay: Delayed 1 second(s)

2018-05-30 14:52:08 - [MESSAGE][PASSED] - Delayed 1 second(s)

2018-05-30 14:52:08 - [TEST_STEP][PASSED] - setText: Text '10' is set on object 'Object Repository/Emergency/Page_Store/input_txtqty'

2018-05-30 14:52:09 - [MESSAGE][PASSED] - Text '10' is set on object 'Object Repository/Emergency/Page_Store/input_txtqty'

2018-05-30 14:52:09 - [TEST_STEP][PASSED] - click: Object: 'Object Repository/Emergency/Page_Store/button_Add' is clicked on

2018-05-30 14:52:09 - [MESSAGE][PASSED] - Object: 'Object Repository/Emergency/Page_Store/button_Add' is clicked on

2018-05-30 14:52:09 - [TEST_STEP][PASSED] - Statement - Break: null

2018-05-30 14:52:09 - [TEST_STEP][PASSED] - selectOptionByIndex: All options with index in [10] are selected on object 'Object Repository/Emergency/Page_Store/select_--Select--Amikacin -500'

2018-05-30 14:52:09 - [MESSAGE][PASSED] - All options with index in [10] are selected on object 'Object Repository/Emergency/Page_Store/select_--Select--Amikacin -500'

2018-05-30 14:52:09 - [TEST_STEP][PASSED] - delay: Delayed 2 second(s)

2018-05-30 14:52:11 - [MESSAGE][PASSED] - Delayed 2 second(s)

2018-05-30 14:52:11 - [TEST_STEP][PASSED] - Statement - RequestedQty = com.kms.katalon.core.webui.keyword.WebUiBuiltInKeywords.getAttribute(com.kms.katalon.core.testobject.ObjectRepository.findTestObject(Emergency/Page_Store/input_txttotal), "value"): Attribute 'value' of object 'Object Repository/Emergency/Page_Store/input_txttotal' is: '10'

2018-05-30 14:52:11 - [MESSAGE][PASSED] - Attribute 'value' of object 'Object Repository/Emergency/Page_Store/input_txttotal' is: '10'

2018-05-30 14:52:11 - [TEST_STEP][PASSED] - Statement - out.println("Requested QTY : " + RequestedQty): null

2018-05-30 14:52:11 - [TEST_STEP][PASSED] - Statement - BatchNumber = com.kms.katalon.core.webui.keyword.WebUiBuiltInKeywords.getNumberOfTotalOption(com.kms.katalon.core.testobject.ObjectRepository.findTestObject(Emergency/Page_Store/select_--Select--BA1150BA4110)): 2 options of object 'Object Repository/Emergency/Page_Store/select_--Select--BA1150BA4110' counted

2018-05-30 14:52:11 - [MESSAGE][PASSED] - 2 options of object 'Object Repository/Emergency/Page_Store/select_--Select--BA1150BA4110' counted

2018-05-30 14:52:11 - [TEST_STEP][PASSED] - Statement - For ([g = 1, g <= BatchNumber - 1, (g++)]): null

2018-05-30 14:52:11 - [TEST_STEP][PASSED] - selectOptionByIndex: All options with index in [1] are selected on object 'Object Repository/Emergency/Page_Store/select_--Select--BA1150BA4110'

2018-05-30 14:52:11 - [MESSAGE][PASSED] - All options with index in [1] are selected on object 'Object Repository/Emergency/Page_Store/select_--Select--BA1150BA4110'

2018-05-30 14:52:11 - [TEST_STEP][PASSED] - delay: Delayed 2 second(s)

2018-05-30 14:52:13 - [MESSAGE][PASSED] - Delayed 2 second(s)

2018-05-30 14:52:13 - [TEST_STEP][PASSED] - Statement - Try: null

2018-05-30 14:52:13 - [TEST_STEP][PASSED] - Statement - StockQty = com.kms.katalon.core.webui.keyword.WebUiBuiltInKeywords.getAttribute(com.kms.katalon.core.testobject.ObjectRepository.findTestObject(Emergency/Page_Store/input_txtprice), "value"): Attribute 'value' of object 'Object Repository/Emergency/Page_Store/input_txtprice' is: '1560'

2018-05-30 14:52:13 - [MESSAGE][PASSED] - Attribute 'value' of object 'Object Repository/Emergency/Page_Store/input_txtprice' is: '1560'

2018-05-30 14:52:13 - [TEST_STEP][PASSED] - Statement - out.println("Stock QTY : " + StockQty): null

2018-05-30 14:52:13 - [TEST_STEP][PASSED] - delay: Delayed 2 second(s)

2018-05-30 14:52:15 - [MESSAGE][PASSED] - Delayed 2 second(s)

2018-05-30 14:52:15 - [TEST_STEP][PASSED] - Statement - If (java.lang.Integer.valueOf(StockQty) >= java.lang.Integer.valueOf(RequestedQty)): null

2018-05-30 14:52:15 - [TEST_STEP][PASSED] - delay: Delayed 1 second(s)

2018-05-30 14:52:16 - [MESSAGE][PASSED] - Delayed 1 second(s)

2018-05-30 14:52:16 - [TEST_STEP][PASSED] - setText: Text '10' is set on object 'Object Repository/Emergency/Page_Store/input_txtqty'

2018-05-30 14:52:16 - [MESSAGE][PASSED] - Text '10' is set on object 'Object Repository/Emergency/Page_Store/input_txtqty'

2018-05-30 14:52:16 - [TEST_STEP][PASSED] - click: Object: 'Object Repository/Emergency/Page_Store/button_Add' is clicked on

2018-05-30 14:52:16 - [MESSAGE][PASSED] - Object: 'Object Repository/Emergency/Page_Store/button_Add' is clicked on

2018-05-30 14:52:16 - [TEST_STEP][PASSED] - Statement - Break: null

2018-05-30 14:52:16 - [TEST_STEP][PASSED] - selectOptionByIndex: All options with index in [11] are selected on object 'Object Repository/Emergency/Page_Store/select_--Select--Amikacin -500'

2018-05-30 14:52:17 - [MESSAGE][PASSED] - All options with index in [11] are selected on object 'Object Repository/Emergency/Page_Store/select_--Select--Amikacin -500'

2018-05-30 14:52:17 - [TEST_STEP][PASSED] - delay: Delayed 2 second(s)

2018-05-30 14:52:19 - [MESSAGE][PASSED] - Delayed 2 second(s)

2018-05-30 14:52:19 - [TEST_STEP][PASSED] - Statement - RequestedQty = com.kms.katalon.core.webui.keyword.WebUiBuiltInKeywords.getAttribute(com.kms.katalon.core.testobject.ObjectRepository.findTestObject(Emergency/Page_Store/input_txttotal), "value"): Attribute 'value' of object 'Object Repository/Emergency/Page_Store/input_txttotal' is: '10'

2018-05-30 14:52:19 - [MESSAGE][PASSED] - Attribute 'value' of object 'Object Repository/Emergency/Page_Store/input_txttotal' is: '10'

2018-05-30 14:52:19 - [TEST_STEP][PASSED] - Statement - out.println("Requested QTY : " + RequestedQty): null

2018-05-30 14:52:19 - [TEST_STEP][PASSED] - Statement - BatchNumber = com.kms.katalon.core.webui.keyword.WebUiBuiltInKeywords.getNumberOfTotalOption(com.kms.katalon.core.testobject.ObjectRepository.findTestObject(Emergency/Page_Store/select_--Select--BA1150BA4110)): 3 options of object 'Object Repository/Emergency/Page_Store/select_--Select--BA1150BA4110' counted

2018-05-30 14:52:19 - [MESSAGE][PASSED] - 3 options of object 'Object Repository/Emergency/Page_Store/select_--Select--BA1150BA4110' counted

2018-05-30 14:52:19 - [TEST_STEP][PASSED] - Statement - For ([g = 1, g <= BatchNumber - 1, (g++)]): null

2018-05-30 14:52:19 - [TEST_STEP][PASSED] - selectOptionByIndex: All options with index in [1] are selected on object 'Object Repository/Emergency/Page_Store/select_--Select--BA1150BA4110'

2018-05-30 14:52:19 - [MESSAGE][PASSED] - All options with index in [1] are selected on object 'Object Repository/Emergency/Page_Store/select_--Select--BA1150BA4110'

2018-05-30 14:52:19 - [TEST_STEP][PASSED] - delay: Delayed 2 second(s)

2018-05-30 14:52:21 - [MESSAGE][PASSED] - Delayed 2 second(s)

2018-05-30 14:52:21 - [TEST_STEP][PASSED] - Statement - Try: null

2018-05-30 14:52:21 - [TEST_STEP][PASSED] - Statement - StockQty = com.kms.katalon.core.webui.keyword.WebUiBuiltInKeywords.getAttribute(com.kms.katalon.core.testobject.ObjectRepository.findTestObject(Emergency/Page_Store/input_txtprice), "value"): Attribute 'value' of object 'Object Repository/Emergency/Page_Store/input_txtprice' is: '540'

2018-05-30 14:52:21 - [MESSAGE][PASSED] - Attribute 'value' of object 'Object Repository/Emergency/Page_Store/input_txtprice' is: '540'

2018-05-30 14:52:21 - [TEST_STEP][PASSED] - Statement - out.println("Stock QTY : " + StockQty): null

2018-05-30 14:52:21 - [TEST_STEP][PASSED] - delay: Delayed 2 second(s)

2018-05-30 14:52:23 - [MESSAGE][PASSED] - Delayed 2 second(s)

2018-05-30 14:52:23 - [TEST_STEP][PASSED] - Statement - If (java.lang.Integer.valueOf(StockQty) >= java.lang.Integer.valueOf(RequestedQty)): null

2018-05-30 14:52:23 - [TEST_STEP][PASSED] - delay: Delayed 1 second(s)

2018-05-30 14:52:24 - [MESSAGE][PASSED] - Delayed 1 second(s)

2018-05-30 14:52:24 - [TEST_STEP][PASSED] - setText: Text '10' is set on object 'Object Repository/Emergency/Page_Store/input_txtqty'

2018-05-30 14:52:24 - [MESSAGE][PASSED] - Text '10' is set on object 'Object Repository/Emergency/Page_Store/input_txtqty'

2018-05-30 14:52:24 - [TEST_STEP][PASSED] - click: Object: 'Object Repository/Emergency/Page_Store/button_Add' is clicked on

2018-05-30 14:52:24 - [MESSAGE][PASSED] - Object: 'Object Repository/Emergency/Page_Store/button_Add' is clicked on

2018-05-30 14:52:24 - [TEST_STEP][PASSED] - Statement - Break: null

2018-05-30 14:52:24 - [TEST_STEP][PASSED] - selectOptionByIndex: All options with index in [12] are selected on object 'Object Repository/Emergency/Page_Store/select_--Select--Amikacin -500'

2018-05-30 14:52:24 - [MESSAGE][PASSED] - All options with index in [12] are selected on object 'Object Repository/Emergency/Page_Store/select_--Select--Amikacin -500'

2018-05-30 14:52:24 - [TEST_STEP][PASSED] - delay: Delayed 2 second(s)

2018-05-30 14:52:26 - [MESSAGE][PASSED] - Delayed 2 second(s)

2018-05-30 14:52:26 - [TEST_STEP][PASSED] - Statement - RequestedQty = com.kms.katalon.core.webui.keyword.WebUiBuiltInKeywords.getAttribute(com.kms.katalon.core.testobject.ObjectRepository.findTestObject(Emergency/Page_Store/input_txttotal), "value"): Attribute 'value' of object 'Object Repository/Emergency/Page_Store/input_txttotal' is: '10'

2018-05-30 14:52:26 - [MESSAGE][PASSED] - Attribute 'value' of object 'Object Repository/Emergency/Page_Store/input_txttotal' is: '10'

2018-05-30 14:52:26 - [TEST_STEP][PASSED] - Statement - out.println("Requested QTY : " + RequestedQty): null

2018-05-30 14:52:26 - [TEST_STEP][PASSED] - Statement - BatchNumber = com.kms.katalon.core.webui.keyword.WebUiBuiltInKeywords.getNumberOfTotalOption(com.kms.katalon.core.testobject.ObjectRepository.findTestObject(Emergency/Page_Store/select_--Select--BA1150BA4110)): 2 options of object 'Object Repository/Emergency/Page_Store/select_--Select--BA1150BA4110' counted

2018-05-30 14:52:26 - [MESSAGE][PASSED] - 2 options of object 'Object Repository/Emergency/Page_Store/select_--Select--BA1150BA4110' counted

2018-05-30 14:52:26 - [TEST_STEP][PASSED] - Statement - For ([g = 1, g <= BatchNumber - 1, (g++)]): null

2018-05-30 14:52:26 - [TEST_STEP][PASSED] - selectOptionByIndex: All options with index in [1] are selected on object 'Object Repository/Emergency/Page_Store/select_--Select--BA1150BA4110'

2018-05-30 14:52:26 - [MESSAGE][PASSED] - All options with index in [1] are selected on object 'Object Repository/Emergency/Page_Store/select_--Select--BA1150BA4110'

2018-05-30 14:52:26 - [TEST_STEP][PASSED] - delay: Delayed 2 second(s)

2018-05-30 14:52:28 - [MESSAGE][PASSED] - Delayed 2 second(s)

2018-05-30 14:52:28 - [TEST_STEP][PASSED] - Statement - Try: null

2018-05-30 14:52:28 - [TEST_STEP][PASSED] - Statement - StockQty = com.kms.katalon.core.webui.keyword.WebUiBuiltInKeywords.getAttribute(com.kms.katalon.core.testobject.ObjectRepository.findTestObject(Emergency/Page_Store/input_txtprice), "value"): Attribute 'value' of object 'Object Repository/Emergency/Page_Store/input_txtprice' is: '1560'

2018-05-30 14:52:28 - [MESSAGE][PASSED] - Attribute 'value' of object 'Object Repository/Emergency/Page_Store/input_txtprice' is: '1560'

2018-05-30 14:52:28 - [TEST_STEP][PASSED] - Statement - out.println("Stock QTY : " + StockQty): null

2018-05-30 14:52:28 - [TEST_STEP][PASSED] - delay: Delayed 2 second(s)

2018-05-30 14:52:30 - [MESSAGE][PASSED] - Delayed 2 second(s)

2018-05-30 14:52:30 - [TEST_STEP][PASSED] - Statement - If (java.lang.Integer.valueOf(StockQty) >= java.lang.Integer.valueOf(RequestedQty)): null

2018-05-30 14:52:30 - [TEST_STEP][PASSED] - delay: Delayed 1 second(s)

2018-05-30 14:52:31 - [MESSAGE][PASSED] - Delayed 1 second(s)

2018-05-30 14:52:31 - [TEST_STEP][PASSED] - setText: Text '10' is set on object 'Object Repository/Emergency/Page_Store/input_txtqty'

2018-05-30 14:52:32 - [MESSAGE][PASSED] - Text '10' is set on object 'Object Repository/Emergency/Page_Store/input_txtqty'

2018-05-30 14:52:32 - [TEST_STEP][PASSED] - click: Object: 'Object Repository/Emergency/Page_Store/button_Add' is clicked on

2018-05-30 14:52:32 - [MESSAGE][PASSED] - Object: 'Object Repository/Emergency/Page_Store/button_Add' is clicked on

2018-05-30 14:52:32 - [TEST_STEP][PASSED] - Statement - Break: null

2018-05-30 14:52:32 - [TEST_STEP][PASSED] - selectOptionByIndex: All options with index in [13] are selected on object 'Object Repository/Emergency/Page_Store/select_--Select--Amikacin -500'

2018-05-30 14:52:32 - [MESSAGE][PASSED] - All options with index in [13] are selected on object 'Object Repository/Emergency/Page_Store/select_--Select--Amikacin -500'

2018-05-30 14:52:32 - [TEST_STEP][PASSED] - delay: Delayed 2 second(s)

2018-05-30 14:52:34 - [MESSAGE][PASSED] - Delayed 2 second(s)

2018-05-30 14:52:34 - [TEST_STEP][PASSED] - Statement - RequestedQty = com.kms.katalon.core.webui.keyword.WebUiBuiltInKeywords.getAttribute(com.kms.katalon.core.testobject.ObjectRepository.findTestObject(Emergency/Page_Store/input_txttotal), "value"): Attribute 'value' of object 'Object Repository/Emergency/Page_Store/input_txttotal' is: '10'

2018-05-30 14:52:34 - [MESSAGE][PASSED] - Attribute 'value' of object 'Object Repository/Emergency/Page_Store/input_txttotal' is: '10'

2018-05-30 14:52:34 - [TEST_STEP][PASSED] - Statement - out.println("Requested QTY : " + RequestedQty): null

2018-05-30 14:52:34 - [TEST_STEP][PASSED] - Statement - BatchNumber = com.kms.katalon.core.webui.keyword.WebUiBuiltInKeywords.getNumberOfTotalOption(com.kms.katalon.core.testobject.ObjectRepository.findTestObject(Emergency/Page_Store/select_--Select--BA1150BA4110)): 3 options of object 'Object Repository/Emergency/Page_Store/select_--Select--BA1150BA4110' counted

2018-05-30 14:52:34 - [MESSAGE][PASSED] - 3 options of object 'Object Repository/Emergency/Page_Store/select_--Select--BA1150BA4110' counted

2018-05-30 14:52:34 - [TEST_STEP][PASSED] - Statement - For ([g = 1, g <= BatchNumber - 1, (g++)]): null

2018-05-30 14:52:34 - [TEST_STEP][PASSED] - selectOptionByIndex: All options with index in [1] are selected on object 'Object Repository/Emergency/Page_Store/select_--Select--BA1150BA4110'

2018-05-30 14:52:34 - [MESSAGE][PASSED] - All options with index in [1] are selected on object 'Object Repository/Emergency/Page_Store/select_--Select--BA1150BA4110'

2018-05-30 14:52:34 - [TEST_STEP][PASSED] - delay: Delayed 2 second(s)

2018-05-30 14:52:36 - [MESSAGE][PASSED] - Delayed 2 second(s)

2018-05-30 14:52:36 - [TEST_STEP][PASSED] - Statement - Try: null

2018-05-30 14:52:36 - [TEST_STEP][PASSED] - Statement - StockQty = com.kms.katalon.core.webui.keyword.WebUiBuiltInKeywords.getAttribute(com.kms.katalon.core.testobject.ObjectRepository.findTestObject(Emergency/Page_Store/input_txtprice), "value"): Attribute 'value' of object 'Object Repository/Emergency/Page_Store/input_txtprice' is: '540'

2018-05-30 14:52:36 - [MESSAGE][PASSED] - Attribute 'value' of object 'Object Repository/Emergency/Page_Store/input_txtprice' is: '540'

2018-05-30 14:52:36 - [TEST_STEP][PASSED] - Statement - out.println("Stock QTY : " + StockQty): null

2018-05-30 14:52:36 - [TEST_STEP][PASSED] - delay: Delayed 2 second(s)

2018-05-30 14:52:38 - [MESSAGE][PASSED] - Delayed 2 second(s)

2018-05-30 14:52:38 - [TEST_STEP][PASSED] - Statement - If (java.lang.Integer.valueOf(StockQty) >= java.lang.Integer.valueOf(RequestedQty)): null

2018-05-30 14:52:38 - [TEST_STEP][PASSED] - delay: Delayed 1 second(s)

2018-05-30 14:52:39 - [MESSAGE][PASSED] - Delayed 1 second(s)

2018-05-30 14:52:39 - [TEST_STEP][PASSED] - setText: Text '10' is set on object 'Object Repository/Emergency/Page_Store/input_txtqty'

2018-05-30 14:52:40 - [MESSAGE][PASSED] - Text '10' is set on object 'Object Repository/Emergency/Page_Store/input_txtqty'

2018-05-30 14:52:40 - [TEST_STEP][PASSED] - click: Object: 'Object Repository/Emergency/Page_Store/button_Add' is clicked on

2018-05-30 14:52:40 - [MESSAGE][PASSED] - Object: 'Object Repository/Emergency/Page_Store/button_Add' is clicked on

2018-05-30 14:52:40 - [TEST_STEP][PASSED] - Statement - Break: null

2018-05-30 14:52:40 - [TEST_STEP][PASSED] - selectOptionByIndex: All options with index in [14] are selected on object 'Object Repository/Emergency/Page_Store/select_--Select--Amikacin -500'

2018-05-30 14:52:41 - [MESSAGE][PASSED] - All options with index in [14] are selected on object 'Object Repository/Emergency/Page_Store/select_--Select--Amikacin -500'

2018-05-30 14:52:41 - [TEST_STEP][PASSED] - delay: Delayed 2 second(s)

2018-05-30 14:52:43 - [MESSAGE][PASSED] - Delayed 2 second(s)

2018-05-30 14:52:43 - [TEST_STEP][PASSED] - Statement - RequestedQty = com.kms.katalon.core.webui.keyword.WebUiBuiltInKeywords.getAttribute(com.kms.katalon.core.testobject.ObjectRepository.findTestObject(Emergency/Page_Store/input_txttotal), "value"): Attribute 'value' of object 'Object Repository/Emergency/Page_Store/input_txttotal' is: '10'

2018-05-30 14:52:43 - [MESSAGE][PASSED] - Attribute 'value' of object 'Object Repository/Emergency/Page_Store/input_txttotal' is: '10'

2018-05-30 14:52:43 - [TEST_STEP][PASSED] - Statement - out.println("Requested QTY : " + RequestedQty): null

2018-05-30 14:52:43 - [TEST_STEP][PASSED] - Statement - BatchNumber = com.kms.katalon.core.webui.keyword.WebUiBuiltInKeywords.getNumberOfTotalOption(com.kms.katalon.core.testobject.ObjectRepository.findTestObject(Emergency/Page_Store/select_--Select--BA1150BA4110)): 3 options of object 'Object Repository/Emergency/Page_Store/select_--Select--BA1150BA4110' counted

2018-05-30 14:52:43 - [MESSAGE][PASSED] - 3 options of object 'Object Repository/Emergency/Page_Store/select_--Select--BA1150BA4110' counted

2018-05-30 14:52:43 - [TEST_STEP][PASSED] - Statement - For ([g = 1, g <= BatchNumber - 1, (g++)]): null

2018-05-30 14:52:43 - [TEST_STEP][PASSED] - selectOptionByIndex: All options with index in [1] are selected on object 'Object Repository/Emergency/Page_Store/select_--Select--BA1150BA4110'

2018-05-30 14:52:43 - [MESSAGE][PASSED] - All options with index in [1] are selected on object 'Object Repository/Emergency/Page_Store/select_--Select--BA1150BA4110'

2018-05-30 14:52:43 - [TEST_STEP][PASSED] - delay: Delayed 2 second(s)

2018-05-30 14:52:45 - [MESSAGE][PASSED] - Delayed 2 second(s)

2018-05-30 14:52:45 - [TEST_STEP][PASSED] - Statement - Try: null

2018-05-30 14:52:45 - [TEST_STEP][PASSED] - Statement - StockQty = com.kms.katalon.core.webui.keyword.WebUiBuiltInKeywords.getAttribute(com.kms.katalon.core.testobject.ObjectRepository.findTestObject(Emergency/Page_Store/input_txtprice), "value"): Attribute 'value' of object 'Object Repository/Emergency/Page_Store/input_txtprice' is: '1460'

2018-05-30 14:52:45 - [MESSAGE][PASSED] - Attribute 'value' of object 'Object Repository/Emergency/Page_Store/input_txtprice' is: '1460'

2018-05-30 14:52:45 - [TEST_STEP][PASSED] - Statement - out.println("Stock QTY : " + StockQty): null

2018-05-30 14:52:45 - [TEST_STEP][PASSED] - delay: Delayed 2 second(s)

2018-05-30 14:52:47 - [MESSAGE][PASSED] - Delayed 2 second(s)

2018-05-30 14:52:47 - [TEST_STEP][PASSED] - Statement - If (java.lang.Integer.valueOf(StockQty) >= java.lang.Integer.valueOf(RequestedQty)): null

2018-05-30 14:52:47 - [TEST_STEP][PASSED] - delay: Delayed 1 second(s)

2018-05-30 14:52:48 - [MESSAGE][PASSED] - Delayed 1 second(s)

2018-05-30 14:52:48 - [TEST_STEP][PASSED] - setText: Text '10' is set on object 'Object Repository/Emergency/Page_Store/input_txtqty'

2018-05-30 14:52:48 - [MESSAGE][PASSED] - Text '10' is set on object 'Object Repository/Emergency/Page_Store/input_txtqty'

2018-05-30 14:52:48 - [TEST_STEP][PASSED] - click: Object: 'Object Repository/Emergency/Page_Store/button_Add' is clicked on

2018-05-30 14:52:48 - [MESSAGE][PASSED] - Object: 'Object Repository/Emergency/Page_Store/button_Add' is clicked on

2018-05-30 14:52:48 - [TEST_STEP][PASSED] - Statement - Break: null

2018-05-30 14:52:48 - [TEST_STEP][PASSED] - selectOptionByIndex: All options with index in [15] are selected on object 'Object Repository/Emergency/Page_Store/select_--Select--Amikacin -500'

2018-05-30 14:52:48 - [MESSAGE][PASSED] - All options with index in [15] are selected on object 'Object Repository/Emergency/Page_Store/select_--Select--Amikacin -500'

2018-05-30 14:52:48 - [TEST_STEP][PASSED] - delay: Delayed 2 second(s)

2018-05-30 14:52:50 - [MESSAGE][PASSED] - Delayed 2 second(s)

2018-05-30 14:52:50 - [TEST_STEP][PASSED] - Statement - RequestedQty = com.kms.katalon.core.webui.keyword.WebUiBuiltInKeywords.getAttribute(com.kms.katalon.core.testobject.ObjectRepository.findTestObject(Emergency/Page_Store/input_txttotal), "value"): Attribute 'value' of object 'Object Repository/Emergency/Page_Store/input_txttotal' is: '10'

2018-05-30 14:52:50 - [MESSAGE][PASSED] - Attribute 'value' of object 'Object Repository/Emergency/Page_Store/input_txttotal' is: '10'

2018-05-30 14:52:50 - [TEST_STEP][PASSED] - Statement - out.println("Requested QTY : " + RequestedQty): null

2018-05-30 14:52:50 - [TEST_STEP][PASSED] - Statement - BatchNumber = com.kms.katalon.core.webui.keyword.WebUiBuiltInKeywords.getNumberOfTotalOption(com.kms.katalon.core.testobject.ObjectRepository.findTestObject(Emergency/Page_Store/select_--Select--BA1150BA4110)): 4 options of object 'Object Repository/Emergency/Page_Store/select_--Select--BA1150BA4110' counted

2018-05-30 14:52:51 - [MESSAGE][PASSED] - 4 options of object 'Object Repository/Emergency/Page_Store/select_--Select--BA1150BA4110' counted

2018-05-30 14:52:51 - [TEST_STEP][PASSED] - Statement - For ([g = 1, g <= BatchNumber - 1, (g++)]): null

2018-05-30 14:52:51 - [TEST_STEP][PASSED] - selectOptionByIndex: All options with index in [1] are selected on object 'Object Repository/Emergency/Page_Store/select_--Select--BA1150BA4110'

2018-05-30 14:52:51 - [MESSAGE][PASSED] - All options with index in [1] are selected on object 'Object Repository/Emergency/Page_Store/select_--Select--BA1150BA4110'

2018-05-30 14:52:51 - [TEST_STEP][PASSED] - delay: Delayed 2 second(s)

2018-05-30 14:52:53 - [MESSAGE][PASSED] - Delayed 2 second(s)

2018-05-30 14:52:53 - [TEST_STEP][PASSED] - Statement - Try: null

2018-05-30 14:52:53 - [TEST_STEP][PASSED] - Statement - StockQty = com.kms.katalon.core.webui.keyword.WebUiBuiltInKeywords.getAttribute(com.kms.katalon.core.testobject.ObjectRepository.findTestObject(Emergency/Page_Store/input_txtprice), "value"): Attribute 'value' of object 'Object Repository/Emergency/Page_Store/input_txtprice' is: '540'

2018-05-30 14:52:53 - [MESSAGE][PASSED] - Attribute 'value' of object 'Object Repository/Emergency/Page_Store/input_txtprice' is: '540'

2018-05-30 14:52:53 - [TEST_STEP][PASSED] - Statement - out.println("Stock QTY : " + StockQty): null

2018-05-30 14:52:53 - [TEST_STEP][PASSED] - delay: Delayed 2 second(s)

2018-05-30 14:52:55 - [MESSAGE][PASSED] - Delayed 2 second(s)

2018-05-30 14:52:55 - [TEST_STEP][PASSED] - Statement - If (java.lang.Integer.valueOf(StockQty) >= java.lang.Integer.valueOf(RequestedQty)): null

2018-05-30 14:52:55 - [TEST_STEP][PASSED] - delay: Delayed 1 second(s)

2018-05-30 14:52:56 - [MESSAGE][PASSED] - Delayed 1 second(s)

2018-05-30 14:52:56 - [TEST_STEP][PASSED] - setText: Text '10' is set on object 'Object Repository/Emergency/Page_Store/input_txtqty'

2018-05-30 14:52:56 - [MESSAGE][PASSED] - Text '10' is set on object 'Object Repository/Emergency/Page_Store/input_txtqty'

2018-05-30 14:52:56 - [TEST_STEP][PASSED] - click: Object: 'Object Repository/Emergency/Page_Store/button_Add' is clicked on

2018-05-30 14:52:56 - [MESSAGE][PASSED] - Object: 'Object Repository/Emergency/Page_Store/button_Add' is clicked on

2018-05-30 14:52:56 - [TEST_STEP][PASSED] - Statement - Break: null

2018-05-30 14:52:56 - [TEST_STEP][PASSED] - selectOptionByIndex: All options with index in [16] are selected on object 'Object Repository/Emergency/Page_Store/select_--Select--Amikacin -500'

2018-05-30 14:52:56 - [MESSAGE][PASSED] - All options with index in [16] are selected on object 'Object Repository/Emergency/Page_Store/select_--Select--Amikacin -500'

2018-05-30 14:52:56 - [TEST_STEP][PASSED] - delay: Delayed 2 second(s)

2018-05-30 14:52:58 - [MESSAGE][PASSED] - Delayed 2 second(s)

2018-05-30 14:52:58 - [TEST_STEP][PASSED] - Statement - RequestedQty = com.kms.katalon.core.webui.keyword.WebUiBuiltInKeywords.getAttribute(com.kms.katalon.core.testobject.ObjectRepository.findTestObject(Emergency/Page_Store/input_txttotal), "value"): Attribute 'value' of object 'Object Repository/Emergency/Page_Store/input_txttotal' is: '10'

2018-05-30 14:52:58 - [MESSAGE][PASSED] - Attribute 'value' of object 'Object Repository/Emergency/Page_Store/input_txttotal' is: '10'

2018-05-30 14:52:58 - [TEST_STEP][PASSED] - Statement - out.println("Requested QTY : " + RequestedQty): null

2018-05-30 14:52:58 - [TEST_STEP][PASSED] - Statement - BatchNumber = com.kms.katalon.core.webui.keyword.WebUiBuiltInKeywords.getNumberOfTotalOption(com.kms.katalon.core.testobject.ObjectRepository.findTestObject(Emergency/Page_Store/select_--Select--BA1150BA4110)): 2 options of object 'Object Repository/Emergency/Page_Store/select_--Select--BA1150BA4110' counted

2018-05-30 14:52:58 - [MESSAGE][PASSED] - 2 options of object 'Object Repository/Emergency/Page_Store/select_--Select--BA1150BA4110' counted

2018-05-30 14:52:58 - [TEST_STEP][PASSED] - Statement - For ([g = 1, g <= BatchNumber - 1, (g++)]): null

2018-05-30 14:52:58 - [TEST_STEP][PASSED] - selectOptionByIndex: All options with index in [1] are selected on object 'Object Repository/Emergency/Page_Store/select_--Select--BA1150BA4110'

2018-05-30 14:52:58 - [MESSAGE][PASSED] - All options with index in [1] are selected on object 'Object Repository/Emergency/Page_Store/select_--Select--BA1150BA4110'

2018-05-30 14:52:58 - [TEST_STEP][PASSED] - delay: Delayed 2 second(s)

2018-05-30 14:53:00 - [MESSAGE][PASSED] - Delayed 2 second(s)

2018-05-30 14:53:00 - [TEST_STEP][PASSED] - Statement - Try: null

2018-05-30 14:53:00 - [TEST_STEP][PASSED] - Statement - StockQty = com.kms.katalon.core.webui.keyword.WebUiBuiltInKeywords.getAttribute(com.kms.katalon.core.testobject.ObjectRepository.findTestObject(Emergency/Page_Store/input_txtprice), "value"): Attribute 'value' of object 'Object Repository/Emergency/Page_Store/input_txtprice' is: '1560'

2018-05-30 14:53:00 - [MESSAGE][PASSED] - Attribute 'value' of object 'Object Repository/Emergency/Page_Store/input_txtprice' is: '1560'

2018-05-30 14:53:00 - [TEST_STEP][PASSED] - Statement - out.println("Stock QTY : " + StockQty): null

2018-05-30 14:53:00 - [TEST_STEP][PASSED] - delay: Delayed 2 second(s)

2018-05-30 14:53:02 - [MESSAGE][PASSED] - Delayed 2 second(s)

2018-05-30 14:53:02 - [TEST_STEP][PASSED] - Statement - If (java.lang.Integer.valueOf(StockQty) >= java.lang.Integer.valueOf(RequestedQty)): null

2018-05-30 14:53:02 - [TEST_STEP][PASSED] - delay: Delayed 1 second(s)

2018-05-30 14:53:03 - [MESSAGE][PASSED] - Delayed 1 second(s)

2018-05-30 14:53:03 - [TEST_STEP][PASSED] - setText: Text '10' is set on object 'Object Repository/Emergency/Page_Store/input_txtqty'

2018-05-30 14:53:04 - [MESSAGE][PASSED] - Text '10' is set on object 'Object Repository/Emergency/Page_Store/input_txtqty'

2018-05-30 14:53:04 - [TEST_STEP][PASSED] - click: Object: 'Object Repository/Emergency/Page_Store/button_Add' is clicked on

2018-05-30 14:53:04 - [MESSAGE][PASSED] - Object: 'Object Repository/Emergency/Page_Store/button_Add' is clicked on

2018-05-30 14:53:04 - [TEST_STEP][PASSED] - Statement - Break: null

2018-05-30 14:53:04 - [TEST_STEP][PASSED] - selectOptionByIndex: All options with index in [17] are selected on object 'Object Repository/Emergency/Page_Store/select_--Select--Amikacin -500'

2018-05-30 14:53:04 - [MESSAGE][PASSED] - All options with index in [17] are selected on object 'Object Repository/Emergency/Page_Store/select_--Select--Amikacin -500'

2018-05-30 14:53:04 - [TEST_STEP][PASSED] - delay: Delayed 2 second(s)

2018-05-30 14:53:06 - [MESSAGE][PASSED] - Delayed 2 second(s)

2018-05-30 14:53:06 - [TEST_STEP][PASSED] - Statement - RequestedQty = com.kms.katalon.core.webui.keyword.WebUiBuiltInKeywords.getAttribute(com.kms.katalon.core.testobject.ObjectRepository.findTestObject(Emergency/Page_Store/input_txttotal), "value"): Attribute 'value' of object 'Object Repository/Emergency/Page_Store/input_txttotal' is: '10'

2018-05-30 14:53:06 - [MESSAGE][PASSED] - Attribute 'value' of object 'Object Repository/Emergency/Page_Store/input_txttotal' is: '10'

2018-05-30 14:53:06 - [TEST_STEP][PASSED] - Statement - out.println("Requested QTY : " + RequestedQty): null

2018-05-30 14:53:06 - [TEST_STEP][PASSED] - Statement - BatchNumber = com.kms.katalon.core.webui.keyword.WebUiBuiltInKeywords.getNumberOfTotalOption(com.kms.katalon.core.testobject.ObjectRepository.findTestObject(Emergency/Page_Store/select_--Select--BA1150BA4110)): 2 options of object 'Object Repository/Emergency/Page_Store/select_--Select--BA1150BA4110' counted

2018-05-30 14:53:06 - [MESSAGE][PASSED] - 2 options of object 'Object Repository/Emergency/Page_Store/select_--Select--BA1150BA4110' counted

2018-05-30 14:53:06 - [TEST_STEP][PASSED] - Statement - For ([g = 1, g <= BatchNumber - 1, (g++)]): null

2018-05-30 14:53:06 - [TEST_STEP][PASSED] - selectOptionByIndex: All options with index in [1] are selected on object 'Object Repository/Emergency/Page_Store/select_--Select--BA1150BA4110'

2018-05-30 14:53:06 - [MESSAGE][PASSED] - All options with index in [1] are selected on object 'Object Repository/Emergency/Page_Store/select_--Select--BA1150BA4110'

2018-05-30 14:53:06 - [TEST_STEP][PASSED] - delay: Delayed 2 second(s)

2018-05-30 14:53:08 - [MESSAGE][PASSED] - Delayed 2 second(s)

2018-05-30 14:53:08 - [TEST_STEP][PASSED] - Statement - Try: null

2018-05-30 14:53:08 - [TEST_STEP][PASSED] - Statement - StockQty = com.kms.katalon.core.webui.keyword.WebUiBuiltInKeywords.getAttribute(com.kms.katalon.core.testobject.ObjectRepository.findTestObject(Emergency/Page_Store/input_txtprice), "value"): Attribute 'value' of object 'Object Repository/Emergency/Page_Store/input_txtprice' is: '9980'

2018-05-30 14:53:08 - [MESSAGE][PASSED] - Attribute 'value' of object 'Object Repository/Emergency/Page_Store/input_txtprice' is: '9980'

2018-05-30 14:53:08 - [TEST_STEP][PASSED] - Statement - out.println("Stock QTY : " + StockQty): null

2018-05-30 14:53:08 - [TEST_STEP][PASSED] - delay: Delayed 2 second(s)

2018-05-30 14:53:10 - [MESSAGE][PASSED] - Delayed 2 second(s)

2018-05-30 14:53:10 - [TEST_STEP][PASSED] - Statement - If (java.lang.Integer.valueOf(StockQty) >= java.lang.Integer.valueOf(RequestedQty)): null

2018-05-30 14:53:10 - [TEST_STEP][PASSED] - delay: Delayed 1 second(s)

2018-05-30 14:53:11 - [MESSAGE][PASSED] - Delayed 1 second(s)

2018-05-30 14:53:11 - [TEST_STEP][PASSED] - setText: Text '10' is set on object 'Object Repository/Emergency/Page_Store/input_txtqty'

2018-05-30 14:53:11 - [MESSAGE][PASSED] - Text '10' is set on object 'Object Repository/Emergency/Page_Store/input_txtqty'

2018-05-30 14:53:11 - [TEST_STEP][PASSED] - click: Object: 'Object Repository/Emergency/Page_Store/button_Add' is clicked on

2018-05-30 14:53:11 - [MESSAGE][PASSED] - Object: 'Object Repository/Emergency/Page_Store/button_Add' is clicked on

2018-05-30 14:53:11 - [TEST_STEP][PASSED] - Statement - Break: null

2018-05-30 14:53:11 - [TEST_STEP][PASSED] - selectOptionByIndex: All options with index in [18] are selected on object 'Object Repository/Emergency/Page_Store/select_--Select--Amikacin -500'

2018-05-30 14:53:12 - [MESSAGE][PASSED] - All options with index in [18] are selected on object 'Object Repository/Emergency/Page_Store/select_--Select--Amikacin -500'

2018-05-30 14:53:12 - [TEST_STEP][PASSED] - delay: Delayed 2 second(s)

2018-05-30 14:53:14 - [MESSAGE][PASSED] - Delayed 2 second(s)

2018-05-30 14:53:14 - [TEST_STEP][PASSED] - Statement - RequestedQty = com.kms.katalon.core.webui.keyword.WebUiBuiltInKeywords.getAttribute(com.kms.katalon.core.testobject.ObjectRepository.findTestObject(Emergency/Page_Store/input_txttotal), "value"): Attribute 'value' of object 'Object Repository/Emergency/Page_Store/input_txttotal' is: '10'

2018-05-30 14:53:14 - [MESSAGE][PASSED] - Attribute 'value' of object 'Object Repository/Emergency/Page_Store/input_txttotal' is: '10'

2018-05-30 14:53:14 - [TEST_STEP][PASSED] - Statement - out.println("Requested QTY : " + RequestedQty): null

2018-05-30 14:53:14 - [TEST_STEP][PASSED] - Statement - BatchNumber = com.kms.katalon.core.webui.keyword.WebUiBuiltInKeywords.getNumberOfTotalOption(com.kms.katalon.core.testobject.ObjectRepository.findTestObject(Emergency/Page_Store/select_--Select--BA1150BA4110)): 2 options of object 'Object Repository/Emergency/Page_Store/select_--Select--BA1150BA4110' counted

2018-05-30 14:53:14 - [MESSAGE][PASSED] - 2 options of object 'Object Repository/Emergency/Page_Store/select_--Select--BA1150BA4110' counted

2018-05-30 14:53:14 - [TEST_STEP][PASSED] - Statement - For ([g = 1, g <= BatchNumber - 1, (g++)]): null

2018-05-30 14:53:14 - [TEST_STEP][PASSED] - selectOptionByIndex: All options with index in [1] are selected on object 'Object Repository/Emergency/Page_Store/select_--Select--BA1150BA4110'

2018-05-30 14:53:14 - [MESSAGE][PASSED] - All options with index in [1] are selected on object 'Object Repository/Emergency/Page_Store/select_--Select--BA1150BA4110'

2018-05-30 14:53:14 - [TEST_STEP][PASSED] - delay: Delayed 2 second(s)

2018-05-30 14:53:16 - [MESSAGE][PASSED] - Delayed 2 second(s)

2018-05-30 14:53:16 - [TEST_STEP][PASSED] - Statement - Try: null

2018-05-30 14:53:16 - [TEST_STEP][PASSED] - Statement - StockQty = com.kms.katalon.core.webui.keyword.WebUiBuiltInKeywords.getAttribute(com.kms.katalon.core.testobject.ObjectRepository.findTestObject(Emergency/Page_Store/input_txtprice), "value"): Attribute 'value' of object 'Object Repository/Emergency/Page_Store/input_txtprice' is: '9980'

2018-05-30 14:53:16 - [MESSAGE][PASSED] - Attribute 'value' of object 'Object Repository/Emergency/Page_Store/input_txtprice' is: '9980'

2018-05-30 14:53:16 - [TEST_STEP][PASSED] - Statement - out.println("Stock QTY : " + StockQty): null

2018-05-30 14:53:16 - [TEST_STEP][PASSED] - delay: Delayed 2 second(s)

2018-05-30 14:53:18 - [MESSAGE][PASSED] - Delayed 2 second(s)

2018-05-30 14:53:18 - [TEST_STEP][PASSED] - Statement - If (java.lang.Integer.valueOf(StockQty) >= java.lang.Integer.valueOf(RequestedQty)): null

2018-05-30 14:53:18 - [TEST_STEP][PASSED] - delay: Delayed 1 second(s)

2018-05-30 14:53:19 - [MESSAGE][PASSED] - Delayed 1 second(s)

2018-05-30 14:53:19 - [TEST_STEP][PASSED] - setText: Text '10' is set on object 'Object Repository/Emergency/Page_Store/input_txtqty'

2018-05-30 14:53:19 - [MESSAGE][PASSED] - Text '10' is set on object 'Object Repository/Emergency/Page_Store/input_txtqty'

2018-05-30 14:53:19 - [TEST_STEP][PASSED] - click: Object: 'Object Repository/Emergency/Page_Store/button_Add' is clicked on

2018-05-30 14:53:19 - [MESSAGE][PASSED] - Object: 'Object Repository/Emergency/Page_Store/button_Add' is clicked on

2018-05-30 14:53:19 - [TEST_STEP][PASSED] - Statement - Break: null

2018-05-30 14:53:19 - [TEST_STEP][PASSED] - selectOptionByIndex: All options with index in [19] are selected on object 'Object Repository/Emergency/Page_Store/select_--Select--Amikacin -500'

2018-05-30 14:53:19 - [MESSAGE][PASSED] - All options with index in [19] are selected on object 'Object Repository/Emergency/Page_Store/select_--Select--Amikacin -500'

2018-05-30 14:53:19 - [TEST_STEP][PASSED] - delay: Delayed 2 second(s)

2018-05-30 14:53:21 - [MESSAGE][PASSED] - Delayed 2 second(s)

2018-05-30 14:53:21 - [TEST_STEP][PASSED] - Statement - RequestedQty = com.kms.katalon.core.webui.keyword.WebUiBuiltInKeywords.getAttribute(com.kms.katalon.core.testobject.ObjectRepository.findTestObject(Emergency/Page_Store/input_txttotal), "value"): Attribute 'value' of object 'Object Repository/Emergency/Page_Store/input_txttotal' is: '10'

2018-05-30 14:53:21 - [MESSAGE][PASSED] - Attribute 'value' of object 'Object Repository/Emergency/Page_Store/input_txttotal' is: '10'

2018-05-30 14:53:21 - [TEST_STEP][PASSED] - Statement - out.println("Requested QTY : " + RequestedQty): null

2018-05-30 14:53:21 - [TEST_STEP][PASSED] - Statement - BatchNumber = com.kms.katalon.core.webui.keyword.WebUiBuiltInKeywords.getNumberOfTotalOption(com.kms.katalon.core.testobject.ObjectRepository.findTestObject(Emergency/Page_Store/select_--Select--BA1150BA4110)): 2 options of object 'Object Repository/Emergency/Page_Store/select_--Select--BA1150BA4110' counted

2018-05-30 14:53:21 - [MESSAGE][PASSED] - 2 options of object 'Object Repository/Emergency/Page_Store/select_--Select--BA1150BA4110' counted

2018-05-30 14:53:21 - [TEST_STEP][PASSED] - Statement - For ([g = 1, g <= BatchNumber - 1, (g++)]): null

2018-05-30 14:53:21 - [TEST_STEP][PASSED] - selectOptionByIndex: All options with index in [1] are selected on object 'Object Repository/Emergency/Page_Store/select_--Select--BA1150BA4110'

2018-05-30 14:53:22 - [MESSAGE][PASSED] - All options with index in [1] are selected on object 'Object Repository/Emergency/Page_Store/select_--Select--BA1150BA4110'

2018-05-30 14:53:22 - [TEST_STEP][PASSED] - delay: Delayed 2 second(s)

2018-05-30 14:53:24 - [MESSAGE][PASSED] - Delayed 2 second(s)

2018-05-30 14:53:24 - [TEST_STEP][PASSED] - Statement - Try: null

2018-05-30 14:53:24 - [TEST_STEP][PASSED] - Statement - StockQty = com.kms.katalon.core.webui.keyword.WebUiBuiltInKeywords.getAttribute(com.kms.katalon.core.testobject.ObjectRepository.findTestObject(Emergency/Page_Store/input_txtprice), "value"): Attribute 'value' of object 'Object Repository/Emergency/Page_Store/input_txtprice' is: '9980'

2018-05-30 14:53:24 - [MESSAGE][PASSED] - Attribute 'value' of object 'Object Repository/Emergency/Page_Store/input_txtprice' is: '9980'

2018-05-30 14:53:24 - [TEST_STEP][PASSED] - Statement - out.println("Stock QTY : " + StockQty): null

2018-05-30 14:53:24 - [TEST_STEP][PASSED] - delay: Delayed 2 second(s)

2018-05-30 14:53:26 - [MESSAGE][PASSED] - Delayed 2 second(s)

2018-05-30 14:53:26 - [TEST_STEP][PASSED] - Statement - If (java.lang.Integer.valueOf(StockQty) >= java.lang.Integer.valueOf(RequestedQty)): null

2018-05-30 14:53:26 - [TEST_STEP][PASSED] - delay: Delayed 1 second(s)

2018-05-30 14:53:27 - [MESSAGE][PASSED] - Delayed 1 second(s)

2018-05-30 14:53:27 - [TEST_STEP][PASSED] - setText: Text '10' is set on object 'Object Repository/Emergency/Page_Store/input_txtqty'

2018-05-30 14:53:27 - [MESSAGE][PASSED] - Text '10' is set on object 'Object Repository/Emergency/Page_Store/input_txtqty'

2018-05-30 14:53:27 - [TEST_STEP][PASSED] - click: Object: 'Object Repository/Emergency/Page_Store/button_Add' is clicked on

2018-05-30 14:53:27 - [MESSAGE][PASSED] - Object: 'Object Repository/Emergency/Page_Store/button_Add' is clicked on

2018-05-30 14:53:27 - [TEST_STEP][PASSED] - Statement - Break: null

2018-05-30 14:53:27 - [TEST_STEP][PASSED] - selectOptionByIndex: All options with index in [20] are selected on object 'Object Repository/Emergency/Page_Store/select_--Select--Amikacin -500'

2018-05-30 14:53:27 - [MESSAGE][PASSED] - All options with index in [20] are selected on object 'Object Repository/Emergency/Page_Store/select_--Select--Amikacin -500'

2018-05-30 14:53:27 - [TEST_STEP][PASSED] - delay: Delayed 2 second(s)

2018-05-30 14:53:29 - [MESSAGE][PASSED] - Delayed 2 second(s)

2018-05-30 14:53:29 - [TEST_STEP][PASSED] - Statement - RequestedQty = com.kms.katalon.core.webui.keyword.WebUiBuiltInKeywords.getAttribute(com.kms.katalon.core.testobject.ObjectRepository.findTestObject(Emergency/Page_Store/input_txttotal), "value"): Attribute 'value' of object 'Object Repository/Emergency/Page_Store/input_txttotal' is: '10'

2018-05-30 14:53:29 - [MESSAGE][PASSED] - Attribute 'value' of object 'Object Repository/Emergency/Page_Store/input_txttotal' is: '10'

2018-05-30 14:53:29 - [TEST_STEP][PASSED] - Statement - out.println("Requested QTY : " + RequestedQty): null

2018-05-30 14:53:29 - [TEST_STEP][PASSED] - Statement - BatchNumber = com.kms.katalon.core.webui.keyword.WebUiBuiltInKeywords.getNumberOfTotalOption(com.kms.katalon.core.testobject.ObjectRepository.findTestObject(Emergency/Page_Store/select_--Select--BA1150BA4110)): 2 options of object 'Object Repository/Emergency/Page_Store/select_--Select--BA1150BA4110' counted

2018-05-30 14:53:29 - [MESSAGE][PASSED] - 2 options of object 'Object Repository/Emergency/Page_Store/select_--Select--BA1150BA4110' counted

2018-05-30 14:53:29 - [TEST_STEP][PASSED] - Statement - For ([g = 1, g <= BatchNumber - 1, (g++)]): null

2018-05-30 14:53:29 - [TEST_STEP][PASSED] - selectOptionByIndex: All options with index in [1] are selected on object 'Object Repository/Emergency/Page_Store/select_--Select--BA1150BA4110'

2018-05-30 14:53:29 - [MESSAGE][PASSED] - All options with index in [1] are selected on object 'Object Repository/Emergency/Page_Store/select_--Select--BA1150BA4110'

2018-05-30 14:53:29 - [TEST_STEP][PASSED] - delay: Delayed 2 second(s)

2018-05-30 14:53:31 - [MESSAGE][PASSED] - Delayed 2 second(s)

2018-05-30 14:53:31 - [TEST_STEP][PASSED] - Statement - Try: null

2018-05-30 14:53:31 - [TEST_STEP][PASSED] - Statement - StockQty = com.kms.katalon.core.webui.keyword.WebUiBuiltInKeywords.getAttribute(com.kms.katalon.core.testobject.ObjectRepository.findTestObject(Emergency/Page_Store/input_txtprice), "value"): Attribute 'value' of object 'Object Repository/Emergency/Page_Store/input_txtprice' is: '9980'

2018-05-30 14:53:31 - [MESSAGE][PASSED] - Attribute 'value' of object 'Object Repository/Emergency/Page_Store/input_txtprice' is: '9980'

2018-05-30 14:53:31 - [TEST_STEP][PASSED] - Statement - out.println("Stock QTY : " + StockQty): null

2018-05-30 14:53:31 - [TEST_STEP][PASSED] - delay: Delayed 2 second(s)

2018-05-30 14:53:33 - [MESSAGE][PASSED] - Delayed 2 second(s)

2018-05-30 14:53:33 - [TEST_STEP][PASSED] - Statement - If (java.lang.Integer.valueOf(StockQty) >= java.lang.Integer.valueOf(RequestedQty)): null

2018-05-30 14:53:33 - [TEST_STEP][PASSED] - delay: Delayed 1 second(s)

2018-05-30 14:53:34 - [MESSAGE][PASSED] - Delayed 1 second(s)

2018-05-30 14:53:34 - [TEST_STEP][PASSED] - setText: Text '10' is set on object 'Object Repository/Emergency/Page_Store/input_txtqty'

2018-05-30 14:53:34 - [MESSAGE][PASSED] - Text '10' is set on object 'Object Repository/Emergency/Page_Store/input_txtqty'

2018-05-30 14:53:34 - [TEST_STEP][PASSED] - click: Object: 'Object Repository/Emergency/Page_Store/button_Add' is clicked on

2018-05-30 14:53:35 - [MESSAGE][PASSED] - Object: 'Object Repository/Emergency/Page_Store/button_Add' is clicked on

2018-05-30 14:53:35 - [TEST_STEP][PASSED] - Statement - Break: null

2018-05-30 14:53:35 - [TEST_STEP][PASSED] - selectOptionByIndex: All options with index in [21] are selected on object 'Object Repository/Emergency/Page_Store/select_--Select--Amikacin -500'

2018-05-30 14:53:35 - [MESSAGE][PASSED] - All options with index in [21] are selected on object 'Object Repository/Emergency/Page_Store/select_--Select--Amikacin -500'

2018-05-30 14:53:35 - [TEST_STEP][PASSED] - delay: Delayed 2 second(s)

2018-05-30 14:53:37 - [MESSAGE][PASSED] - Delayed 2 second(s)

2018-05-30 14:53:37 - [TEST_STEP][PASSED] - Statement - RequestedQty = com.kms.katalon.core.webui.keyword.WebUiBuiltInKeywords.getAttribute(com.kms.katalon.core.testobject.ObjectRepository.findTestObject(Emergency/Page_Store/input_txttotal), "value"): Attribute 'value' of object 'Object Repository/Emergency/Page_Store/input_txttotal' is: '10'

2018-05-30 14:53:37 - [MESSAGE][PASSED] - Attribute 'value' of object 'Object Repository/Emergency/Page_Store/input_txttotal' is: '10'

2018-05-30 14:53:37 - [TEST_STEP][PASSED] - Statement - out.println("Requested QTY : " + RequestedQty): null

2018-05-30 14:53:37 - [TEST_STEP][PASSED] - Statement - BatchNumber = com.kms.katalon.core.webui.keyword.WebUiBuiltInKeywords.getNumberOfTotalOption(com.kms.katalon.core.testobject.ObjectRepository.findTestObject(Emergency/Page_Store/select_--Select--BA1150BA4110)): 2 options of object 'Object Repository/Emergency/Page_Store/select_--Select--BA1150BA4110' counted

2018-05-30 14:53:37 - [MESSAGE][PASSED] - 2 options of object 'Object Repository/Emergency/Page_Store/select_--Select--BA1150BA4110' counted

2018-05-30 14:53:37 - [TEST_STEP][PASSED] - Statement - For ([g = 1, g <= BatchNumber - 1, (g++)]): null

2018-05-30 14:53:37 - [TEST_STEP][PASSED] - selectOptionByIndex: All options with index in [1] are selected on object 'Object Repository/Emergency/Page_Store/select_--Select--BA1150BA4110'

2018-05-30 14:53:37 - [MESSAGE][PASSED] - All options with index in [1] are selected on object 'Object Repository/Emergency/Page_Store/select_--Select--BA1150BA4110'

2018-05-30 14:53:37 - [TEST_STEP][PASSED] - delay: Delayed 2 second(s)

2018-05-30 14:53:39 - [MESSAGE][PASSED] - Delayed 2 second(s)

2018-05-30 14:53:39 - [TEST_STEP][PASSED] - Statement - Try: null

2018-05-30 14:53:39 - [TEST_STEP][PASSED] - Statement - StockQty = com.kms.katalon.core.webui.keyword.WebUiBuiltInKeywords.getAttribute(com.kms.katalon.core.testobject.ObjectRepository.findTestObject(Emergency/Page_Store/input_txtprice), "value"): Attribute 'value' of object 'Object Repository/Emergency/Page_Store/input_txtprice' is: '10000'

2018-05-30 14:53:39 - [MESSAGE][PASSED] - Attribute 'value' of object 'Object Repository/Emergency/Page_Store/input_txtprice' is: '10000'

2018-05-30 14:53:39 - [TEST_STEP][PASSED] - Statement - out.println("Stock QTY : " + StockQty): null

2018-05-30 14:53:39 - [TEST_STEP][PASSED] - delay: Delayed 2 second(s)

2018-05-30 14:53:41 - [MESSAGE][PASSED] - Delayed 2 second(s)

2018-05-30 14:53:41 - [TEST_STEP][PASSED] - Statement - If (java.lang.Integer.valueOf(StockQty) >= java.lang.Integer.valueOf(RequestedQty)): null

2018-05-30 14:53:41 - [TEST_STEP][PASSED] - delay: Delayed 1 second(s)

2018-05-30 14:53:42 - [MESSAGE][PASSED] - Delayed 1 second(s)

2018-05-30 14:53:42 - [TEST_STEP][PASSED] - setText: Text '10' is set on object 'Object Repository/Emergency/Page_Store/input_txtqty'

2018-05-30 14:53:42 - [MESSAGE][PASSED] - Text '10' is set on object 'Object Repository/Emergency/Page_Store/input_txtqty'

2018-05-30 14:53:42 - [TEST_STEP][PASSED] - click: Object: 'Object Repository/Emergency/Page_Store/button_Add' is clicked on

2018-05-30 14:53:42 - [MESSAGE][PASSED] - Object: 'Object Repository/Emergency/Page_Store/button_Add' is clicked on

2018-05-30 14:53:42 - [TEST_STEP][PASSED] - Statement - Break: null

2018-05-30 14:53:42 - [TEST_STEP][PASSED] - selectOptionByIndex: All options with index in [22] are selected on object 'Object Repository/Emergency/Page_Store/select_--Select--Amikacin -500'

2018-05-30 14:53:43 - [MESSAGE][PASSED] - All options with index in [22] are selected on object 'Object Repository/Emergency/Page_Store/select_--Select--Amikacin -500'

2018-05-30 14:53:43 - [TEST_STEP][PASSED] - delay: Delayed 2 second(s)

2018-05-30 14:53:45 - [MESSAGE][PASSED] - Delayed 2 second(s)

2018-05-30 14:53:45 - [TEST_STEP][PASSED] - Statement - RequestedQty = com.kms.katalon.core.webui.keyword.WebUiBuiltInKeywords.getAttribute(com.kms.katalon.core.testobject.ObjectRepository.findTestObject(Emergency/Page_Store/input_txttotal), "value"): Attribute 'value' of object 'Object Repository/Emergency/Page_Store/input_txttotal' is: '10'

2018-05-30 14:53:45 - [MESSAGE][PASSED] - Attribute 'value' of object 'Object Repository/Emergency/Page_Store/input_txttotal' is: '10'

2018-05-30 14:53:45 - [TEST_STEP][PASSED] - Statement - out.println("Requested QTY : " + RequestedQty): null

2018-05-30 14:53:45 - [TEST_STEP][PASSED] - Statement - BatchNumber = com.kms.katalon.core.webui.keyword.WebUiBuiltInKeywords.getNumberOfTotalOption(com.kms.katalon.core.testobject.ObjectRepository.findTestObject(Emergency/Page_Store/select_--Select--BA1150BA4110)): 2 options of object 'Object Repository/Emergency/Page_Store/select_--Select--BA1150BA4110' counted

2018-05-30 14:53:45 - [MESSAGE][PASSED] - 2 options of object 'Object Repository/Emergency/Page_Store/select_--Select--BA1150BA4110' counted

2018-05-30 14:53:45 - [TEST_STEP][PASSED] - Statement - For ([g = 1, g <= BatchNumber - 1, (g++)]): null

2018-05-30 14:53:45 - [TEST_STEP][PASSED] - selectOptionByIndex: All options with index in [1] are selected on object 'Object Repository/Emergency/Page_Store/select_--Select--BA1150BA4110'

2018-05-30 14:53:45 - [MESSAGE][PASSED] - All options with index in [1] are selected on object 'Object Repository/Emergency/Page_Store/select_--Select--BA1150BA4110'

2018-05-30 14:53:45 - [TEST_STEP][PASSED] - delay: Delayed 2 second(s)

2018-05-30 14:53:47 - [MESSAGE][PASSED] - Delayed 2 second(s)

2018-05-30 14:53:47 - [TEST_STEP][PASSED] - Statement - Try: null

2018-05-30 14:53:47 - [TEST_STEP][PASSED] - Statement - StockQty = com.kms.katalon.core.webui.keyword.WebUiBuiltInKeywords.getAttribute(com.kms.katalon.core.testobject.ObjectRepository.findTestObject(Emergency/Page_Store/input_txtprice), "value"): Attribute 'value' of object 'Object Repository/Emergency/Page_Store/input_txtprice' is: '9990'

2018-05-30 14:53:47 - [MESSAGE][PASSED] - Attribute 'value' of object 'Object Repository/Emergency/Page_Store/input_txtprice' is: '9990'

2018-05-30 14:53:47 - [TEST_STEP][PASSED] - Statement - out.println("Stock QTY : " + StockQty): null

2018-05-30 14:53:47 - [TEST_STEP][PASSED] - delay: Delayed 2 second(s)

2018-05-30 14:53:49 - [MESSAGE][PASSED] - Delayed 2 second(s)

2018-05-30 14:53:49 - [TEST_STEP][PASSED] - Statement - If (java.lang.Integer.valueOf(StockQty) >= java.lang.Integer.valueOf(RequestedQty)): null

2018-05-30 14:53:49 - [TEST_STEP][PASSED] - delay: Delayed 1 second(s)

2018-05-30 14:53:50 - [MESSAGE][PASSED] - Delayed 1 second(s)

2018-05-30 14:53:50 - [TEST_STEP][PASSED] - setText: Text '10' is set on object 'Object Repository/Emergency/Page_Store/input_txtqty'

2018-05-30 14:53:50 - [MESSAGE][PASSED] - Text '10' is set on object 'Object Repository/Emergency/Page_Store/input_txtqty'

2018-05-30 14:53:50 - [TEST_STEP][PASSED] - click: Object: 'Object Repository/Emergency/Page_Store/button_Add' is clicked on

2018-05-30 14:53:50 - [MESSAGE][PASSED] - Object: 'Object Repository/Emergency/Page_Store/button_Add' is clicked on

2018-05-30 14:53:50 - [TEST_STEP][PASSED] - Statement - Break: null

2018-05-30 14:53:50 - [TEST_STEP][PASSED] - selectOptionByIndex: All options with index in [23] are selected on object 'Object Repository/Emergency/Page_Store/select_--Select--Amikacin -500'

2018-05-30 14:53:50 - [MESSAGE][PASSED] - All options with index in [23] are selected on object 'Object Repository/Emergency/Page_Store/select_--Select--Amikacin -500'

2018-05-30 14:53:50 - [TEST_STEP][PASSED] - delay: Delayed 2 second(s)

2018-05-30 14:53:52 - [MESSAGE][PASSED] - Delayed 2 second(s)

2018-05-30 14:53:52 - [TEST_STEP][PASSED] - Statement - RequestedQty = com.kms.katalon.core.webui.keyword.WebUiBuiltInKeywords.getAttribute(com.kms.katalon.core.testobject.ObjectRepository.findTestObject(Emergency/Page_Store/input_txttotal), "value"): Attribute 'value' of object 'Object Repository/Emergency/Page_Store/input_txttotal' is: '10'

2018-05-30 14:53:52 - [MESSAGE][PASSED] - Attribute 'value' of object 'Object Repository/Emergency/Page_Store/input_txttotal' is: '10'

2018-05-30 14:53:52 - [TEST_STEP][PASSED] - Statement - out.println("Requested QTY : " + RequestedQty): null

2018-05-30 14:53:52 - [TEST_STEP][PASSED] - Statement - BatchNumber = com.kms.katalon.core.webui.keyword.WebUiBuiltInKeywords.getNumberOfTotalOption(com.kms.katalon.core.testobject.ObjectRepository.findTestObject(Emergency/Page_Store/select_--Select--BA1150BA4110)): 2 options of object 'Object Repository/Emergency/Page_Store/select_--Select--BA1150BA4110' counted

2018-05-30 14:53:52 - [MESSAGE][PASSED] - 2 options of object 'Object Repository/Emergency/Page_Store/select_--Select--BA1150BA4110' counted

2018-05-30 14:53:52 - [TEST_STEP][PASSED] - Statement - For ([g = 1, g <= BatchNumber - 1, (g++)]): null

2018-05-30 14:53:52 - [TEST_STEP][PASSED] - selectOptionByIndex: All options with index in [1] are selected on object 'Object Repository/Emergency/Page_Store/select_--Select--BA1150BA4110'

2018-05-30 14:53:53 - [MESSAGE][PASSED] - All options with index in [1] are selected on object 'Object Repository/Emergency/Page_Store/select_--Select--BA1150BA4110'

2018-05-30 14:53:53 - [TEST_STEP][PASSED] - delay: Delayed 2 second(s)

2018-05-30 14:53:55 - [MESSAGE][PASSED] - Delayed 2 second(s)

2018-05-30 14:53:55 - [TEST_STEP][PASSED] - Statement - Try: null

2018-05-30 14:53:55 - [TEST_STEP][PASSED] - Statement - StockQty = com.kms.katalon.core.webui.keyword.WebUiBuiltInKeywords.getAttribute(com.kms.katalon.core.testobject.ObjectRepository.findTestObject(Emergency/Page_Store/input_txtprice), "value"): Attribute 'value' of object 'Object Repository/Emergency/Page_Store/input_txtprice' is: '9990'

2018-05-30 14:53:55 - [MESSAGE][PASSED] - Attribute 'value' of object 'Object Repository/Emergency/Page_Store/input_txtprice' is: '9990'

2018-05-30 14:53:55 - [TEST_STEP][PASSED] - Statement - out.println("Stock QTY : " + StockQty): null

2018-05-30 14:53:55 - [TEST_STEP][PASSED] - delay: Delayed 2 second(s)

2018-05-30 14:53:57 - [MESSAGE][PASSED] - Delayed 2 second(s)

2018-05-30 14:53:57 - [TEST_STEP][PASSED] - Statement - If (java.lang.Integer.valueOf(StockQty) >= java.lang.Integer.valueOf(RequestedQty)): null

2018-05-30 14:53:57 - [TEST_STEP][PASSED] - delay: Delayed 1 second(s)

2018-05-30 14:53:58 - [MESSAGE][PASSED] - Delayed 1 second(s)

2018-05-30 14:53:58 - [TEST_STEP][PASSED] - setText: Text '10' is set on object 'Object Repository/Emergency/Page_Store/input_txtqty'

2018-05-30 14:53:58 - [MESSAGE][PASSED] - Text '10' is set on object 'Object Repository/Emergency/Page_Store/input_txtqty'

2018-05-30 14:53:58 - [TEST_STEP][PASSED] - click: Object: 'Object Repository/Emergency/Page_Store/button_Add' is clicked on

2018-05-30 14:53:58 - [MESSAGE][PASSED] - Object: 'Object Repository/Emergency/Page_Store/button_Add' is clicked on

2018-05-30 14:53:58 - [TEST_STEP][PASSED] - Statement - Break: null

2018-05-30 14:53:58 - [TEST_STEP][PASSED] - selectOptionByIndex: All options with index in [24] are selected on object 'Object Repository/Emergency/Page_Store/select_--Select--Amikacin -500'

2018-05-30 14:53:58 - [MESSAGE][PASSED] - All options with index in [24] are selected on object 'Object Repository/Emergency/Page_Store/select_--Select--Amikacin -500'

2018-05-30 14:53:58 - [TEST_STEP][PASSED] - delay: Delayed 2 second(s)

2018-05-30 14:54:00 - [MESSAGE][PASSED] - Delayed 2 second(s)

2018-05-30 14:54:00 - [TEST_STEP][PASSED] - Statement - RequestedQty = com.kms.katalon.core.webui.keyword.WebUiBuiltInKeywords.getAttribute(com.kms.katalon.core.testobject.ObjectRepository.findTestObject(Emergency/Page_Store/input_txttotal), "value"): Attribute 'value' of object 'Object Repository/Emergency/Page_Store/input_txttotal' is: '10'

2018-05-30 14:54:00 - [MESSAGE][PASSED] - Attribute 'value' of object 'Object Repository/Emergency/Page_Store/input_txttotal' is: '10'

2018-05-30 14:54:00 - [TEST_STEP][PASSED] - Statement - out.println("Requested QTY : " + RequestedQty): null

2018-05-30 14:54:00 - [TEST_STEP][PASSED] - Statement - BatchNumber = com.kms.katalon.core.webui.keyword.WebUiBuiltInKeywords.getNumberOfTotalOption(com.kms.katalon.core.testobject.ObjectRepository.findTestObject(Emergency/Page_Store/select_--Select--BA1150BA4110)): 2 options of object 'Object Repository/Emergency/Page_Store/select_--Select--BA1150BA4110' counted

2018-05-30 14:54:00 - [MESSAGE][PASSED] - 2 options of object 'Object Repository/Emergency/Page_Store/select_--Select--BA1150BA4110' counted

2018-05-30 14:54:00 - [TEST_STEP][PASSED] - Statement - For ([g = 1, g <= BatchNumber - 1, (g++)]): null

2018-05-30 14:54:00 - [TEST_STEP][PASSED] - selectOptionByIndex: All options with index in [1] are selected on object 'Object Repository/Emergency/Page_Store/select_--Select--BA1150BA4110'

2018-05-30 14:54:00 - [MESSAGE][PASSED] - All options with index in [1] are selected on object 'Object Repository/Emergency/Page_Store/select_--Select--BA1150BA4110'

2018-05-30 14:54:00 - [TEST_STEP][PASSED] - delay: Delayed 2 second(s)

2018-05-30 14:54:02 - [MESSAGE][PASSED] - Delayed 2 second(s)

2018-05-30 14:54:02 - [TEST_STEP][PASSED] - Statement - Try: null

2018-05-30 14:54:02 - [TEST_STEP][PASSED] - Statement - StockQty = com.kms.katalon.core.webui.keyword.WebUiBuiltInKeywords.getAttribute(com.kms.katalon.core.testobject.ObjectRepository.findTestObject(Emergency/Page_Store/input_txtprice), "value"): Attribute 'value' of object 'Object Repository/Emergency/Page_Store/input_txtprice' is: '9990'

2018-05-30 14:54:02 - [MESSAGE][PASSED] - Attribute 'value' of object 'Object Repository/Emergency/Page_Store/input_txtprice' is: '9990'

2018-05-30 14:54:02 - [TEST_STEP][PASSED] - Statement - out.println("Stock QTY : " + StockQty): null

2018-05-30 14:54:02 - [TEST_STEP][PASSED] - delay: Delayed 2 second(s)

2018-05-30 14:54:04 - [MESSAGE][PASSED] - Delayed 2 second(s)

2018-05-30 14:54:04 - [TEST_STEP][PASSED] - Statement - If (java.lang.Integer.valueOf(StockQty) >= java.lang.Integer.valueOf(RequestedQty)): null

2018-05-30 14:54:04 - [TEST_STEP][PASSED] - delay: Delayed 1 second(s)

2018-05-30 14:54:05 - [MESSAGE][PASSED] - Delayed 1 second(s)

2018-05-30 14:54:05 - [TEST_STEP][PASSED] - setText: Text '10' is set on object 'Object Repository/Emergency/Page_Store/input_txtqty'

2018-05-30 14:54:05 - [MESSAGE][PASSED] - Text '10' is set on object 'Object Repository/Emergency/Page_Store/input_txtqty'

2018-05-30 14:54:05 - [TEST_STEP][PASSED] - click: Object: 'Object Repository/Emergency/Page_Store/button_Add' is clicked on

2018-05-30 14:54:06 - [MESSAGE][PASSED] - Object: 'Object Repository/Emergency/Page_Store/button_Add' is clicked on

2018-05-30 14:54:06 - [TEST_STEP][PASSED] - Statement - Break: null

2018-05-30 14:54:06 - [TEST_STEP][PASSED] - selectOptionByIndex: All options with index in [25] are selected on object 'Object Repository/Emergency/Page_Store/select_--Select--Amikacin -500'

2018-05-30 14:54:06 - [MESSAGE][PASSED] - All options with index in [25] are selected on object 'Object Repository/Emergency/Page_Store/select_--Select--Amikacin -500'

2018-05-30 14:54:06 - [TEST_STEP][PASSED] - delay: Delayed 2 second(s)

2018-05-30 14:54:08 - [MESSAGE][PASSED] - Delayed 2 second(s)

2018-05-30 14:54:08 - [TEST_STEP][PASSED] - Statement - RequestedQty = com.kms.katalon.core.webui.keyword.WebUiBuiltInKeywords.getAttribute(com.kms.katalon.core.testobject.ObjectRepository.findTestObject(Emergency/Page_Store/input_txttotal), "value"): Attribute 'value' of object 'Object Repository/Emergency/Page_Store/input_txttotal' is: '10'

2018-05-30 14:54:08 - [MESSAGE][PASSED] - Attribute 'value' of object 'Object Repository/Emergency/Page_Store/input_txttotal' is: '10'

2018-05-30 14:54:08 - [TEST_STEP][PASSED] - Statement - out.println("Requested QTY : " + RequestedQty): null

2018-05-30 14:54:08 - [TEST_STEP][PASSED] - Statement - BatchNumber = com.kms.katalon.core.webui.keyword.WebUiBuiltInKeywords.getNumberOfTotalOption(com.kms.katalon.core.testobject.ObjectRepository.findTestObject(Emergency/Page_Store/select_--Select--BA1150BA4110)): 2 options of object 'Object Repository/Emergency/Page_Store/select_--Select--BA1150BA4110' counted

2018-05-30 14:54:08 - [MESSAGE][PASSED] - 2 options of object 'Object Repository/Emergency/Page_Store/select_--Select--BA1150BA4110' counted

2018-05-30 14:54:08 - [TEST_STEP][PASSED] - Statement - For ([g = 1, g <= BatchNumber - 1, (g++)]): null

2018-05-30 14:54:08 - [TEST_STEP][PASSED] - selectOptionByIndex: All options with index in [1] are selected on object 'Object Repository/Emergency/Page_Store/select_--Select--BA1150BA4110'

2018-05-30 14:54:08 - [MESSAGE][PASSED] - All options with index in [1] are selected on object 'Object Repository/Emergency/Page_Store/select_--Select--BA1150BA4110'

2018-05-30 14:54:08 - [TEST_STEP][PASSED] - delay: Delayed 2 second(s)

2018-05-30 14:54:10 - [MESSAGE][PASSED] - Delayed 2 second(s)

2018-05-30 14:54:10 - [TEST_STEP][PASSED] - Statement - Try: null

2018-05-30 14:54:10 - [TEST_STEP][PASSED] - Statement - StockQty = com.kms.katalon.core.webui.keyword.WebUiBuiltInKeywords.getAttribute(com.kms.katalon.core.testobject.ObjectRepository.findTestObject(Emergency/Page_Store/input_txtprice), "value"): Attribute 'value' of object 'Object Repository/Emergency/Page_Store/input_txtprice' is: '9980'

2018-05-30 14:54:10 - [MESSAGE][PASSED] - Attribute 'value' of object 'Object Repository/Emergency/Page_Store/input_txtprice' is: '9980'

2018-05-30 14:54:10 - [TEST_STEP][PASSED] - Statement - out.println("Stock QTY : " + StockQty): null

2018-05-30 14:54:10 - [TEST_STEP][PASSED] - delay: Delayed 2 second(s)

2018-05-30 14:54:12 - [MESSAGE][PASSED] - Delayed 2 second(s)

2018-05-30 14:54:12 - [TEST_STEP][PASSED] - Statement - If (java.lang.Integer.valueOf(StockQty) >= java.lang.Integer.valueOf(RequestedQty)): null

2018-05-30 14:54:12 - [TEST_STEP][PASSED] - delay: Delayed 1 second(s)

2018-05-30 14:54:13 - [MESSAGE][PASSED] - Delayed 1 second(s)

2018-05-30 14:54:13 - [TEST_STEP][PASSED] - setText: Text '10' is set on object 'Object Repository/Emergency/Page_Store/input_txtqty'

2018-05-30 14:54:13 - [MESSAGE][PASSED] - Text '10' is set on object 'Object Repository/Emergency/Page_Store/input_txtqty'

2018-05-30 14:54:13 - [TEST_STEP][PASSED] - click: Object: 'Object Repository/Emergency/Page_Store/button_Add' is clicked on

2018-05-30 14:54:13 - [MESSAGE][PASSED] - Object: 'Object Repository/Emergency/Page_Store/button_Add' is clicked on

2018-05-30 14:54:13 - [TEST_STEP][PASSED] - Statement - Break: null

2018-05-30 14:54:13 - [TEST_STEP][PASSED] - selectOptionByIndex: All options with index in [26] are selected on object 'Object Repository/Emergency/Page_Store/select_--Select--Amikacin -500'

2018-05-30 14:54:14 - [MESSAGE][PASSED] - All options with index in [26] are selected on object 'Object Repository/Emergency/Page_Store/select_--Select--Amikacin -500'

2018-05-30 14:54:14 - [TEST_STEP][PASSED] - delay: Delayed 2 second(s)

2018-05-30 14:54:16 - [MESSAGE][PASSED] - Delayed 2 second(s)

2018-05-30 14:54:16 - [TEST_STEP][PASSED] - Statement - RequestedQty = com.kms.katalon.core.webui.keyword.WebUiBuiltInKeywords.getAttribute(com.kms.katalon.core.testobject.ObjectRepository.findTestObject(Emergency/Page_Store/input_txttotal), "value"): Attribute 'value' of object 'Object Repository/Emergency/Page_Store/input_txttotal' is: '10'

2018-05-30 14:54:16 - [MESSAGE][PASSED] - Attribute 'value' of object 'Object Repository/Emergency/Page_Store/input_txttotal' is: '10'

2018-05-30 14:54:16 - [TEST_STEP][PASSED] - Statement - out.println("Requested QTY : " + RequestedQty): null

2018-05-30 14:54:16 - [TEST_STEP][PASSED] - Statement - BatchNumber = com.kms.katalon.core.webui.keyword.WebUiBuiltInKeywords.getNumberOfTotalOption(com.kms.katalon.core.testobject.ObjectRepository.findTestObject(Emergency/Page_Store/select_--Select--BA1150BA4110)): 2 options of object 'Object Repository/Emergency/Page_Store/select_--Select--BA1150BA4110' counted

2018-05-30 14:54:16 - [MESSAGE][PASSED] - 2 options of object 'Object Repository/Emergency/Page_Store/select_--Select--BA1150BA4110' counted

2018-05-30 14:54:16 - [TEST_STEP][PASSED] - Statement - For ([g = 1, g <= BatchNumber - 1, (g++)]): null

2018-05-30 14:54:16 - [TEST_STEP][PASSED] - selectOptionByIndex: All options with index in [1] are selected on object 'Object Repository/Emergency/Page_Store/select_--Select--BA1150BA4110'

2018-05-30 14:54:16 - [MESSAGE][PASSED] - All options with index in [1] are selected on object 'Object Repository/Emergency/Page_Store/select_--Select--BA1150BA4110'

2018-05-30 14:54:16 - [TEST_STEP][PASSED] - delay: Delayed 2 second(s)

2018-05-30 14:54:18 - [MESSAGE][PASSED] - Delayed 2 second(s)

2018-05-30 14:54:18 - [TEST_STEP][PASSED] - Statement - Try: null

2018-05-30 14:54:18 - [TEST_STEP][PASSED] - Statement - StockQty = com.kms.katalon.core.webui.keyword.WebUiBuiltInKeywords.getAttribute(com.kms.katalon.core.testobject.ObjectRepository.findTestObject(Emergency/Page_Store/input_txtprice), "value"): Attribute 'value' of object 'Object Repository/Emergency/Page_Store/input_txtprice' is: '9990'

2018-05-30 14:54:18 - [MESSAGE][PASSED] - Attribute 'value' of object 'Object Repository/Emergency/Page_Store/input_txtprice' is: '9990'

2018-05-30 14:54:18 - [TEST_STEP][PASSED] - Statement - out.println("Stock QTY : " + StockQty): null

2018-05-30 14:54:18 - [TEST_STEP][PASSED] - delay: Delayed 2 second(s)

2018-05-30 14:54:20 - [MESSAGE][PASSED] - Delayed 2 second(s)

2018-05-30 14:54:20 - [TEST_STEP][PASSED] - Statement - If (java.lang.Integer.valueOf(StockQty) >= java.lang.Integer.valueOf(RequestedQty)): null

2018-05-30 14:54:20 - [TEST_STEP][PASSED] - delay: Delayed 1 second(s)

2018-05-30 14:54:21 - [MESSAGE][PASSED] - Delayed 1 second(s)

2018-05-30 14:54:21 - [TEST_STEP][PASSED] - setText: Text '10' is set on object 'Object Repository/Emergency/Page_Store/input_txtqty'

2018-05-30 14:54:21 - [MESSAGE][PASSED] - Text '10' is set on object 'Object Repository/Emergency/Page_Store/input_txtqty'

2018-05-30 14:54:21 - [TEST_STEP][PASSED] - click: Object: 'Object Repository/Emergency/Page_Store/button_Add' is clicked on

2018-05-30 14:54:21 - [MESSAGE][PASSED] - Object: 'Object Repository/Emergency/Page_Store/button_Add' is clicked on

2018-05-30 14:54:21 - [TEST_STEP][PASSED] - Statement - Break: null

2018-05-30 14:54:21 - [TEST_STEP][PASSED] - selectOptionByIndex: All options with index in [27] are selected on object 'Object Repository/Emergency/Page_Store/select_--Select--Amikacin -500'

2018-05-30 14:54:22 - [MESSAGE][PASSED] - All options with index in [27] are selected on object 'Object Repository/Emergency/Page_Store/select_--Select--Amikacin -500'

2018-05-30 14:54:22 - [TEST_STEP][PASSED] - delay: Delayed 2 second(s)

2018-05-30 14:54:24 - [MESSAGE][PASSED] - Delayed 2 second(s)

2018-05-30 14:54:24 - [TEST_STEP][PASSED] - Statement - RequestedQty = com.kms.katalon.core.webui.keyword.WebUiBuiltInKeywords.getAttribute(com.kms.katalon.core.testobject.ObjectRepository.findTestObject(Emergency/Page_Store/input_txttotal), "value"): Attribute 'value' of object 'Object Repository/Emergency/Page_Store/input_txttotal' is: '10'

2018-05-30 14:54:24 - [MESSAGE][PASSED] - Attribute 'value' of object 'Object Repository/Emergency/Page_Store/input_txttotal' is: '10'

2018-05-30 14:54:24 - [TEST_STEP][PASSED] - Statement - out.println("Requested QTY : " + RequestedQty): null

2018-05-30 14:54:24 - [TEST_STEP][PASSED] - Statement - BatchNumber = com.kms.katalon.core.webui.keyword.WebUiBuiltInKeywords.getNumberOfTotalOption(com.kms.katalon.core.testobject.ObjectRepository.findTestObject(Emergency/Page_Store/select_--Select--BA1150BA4110)): 2 options of object 'Object Repository/Emergency/Page_Store/select_--Select--BA1150BA4110' counted

2018-05-30 14:54:24 - [MESSAGE][PASSED] - 2 options of object 'Object Repository/Emergency/Page_Store/select_--Select--BA1150BA4110' counted

2018-05-30 14:54:24 - [TEST_STEP][PASSED] - Statement - For ([g = 1, g <= BatchNumber - 1, (g++)]): null

2018-05-30 14:54:24 - [TEST_STEP][PASSED] - selectOptionByIndex: All options with index in [1] are selected on object 'Object Repository/Emergency/Page_Store/select_--Select--BA1150BA4110'

2018-05-30 14:54:24 - [MESSAGE][PASSED] - All options with index in [1] are selected on object 'Object Repository/Emergency/Page_Store/select_--Select--BA1150BA4110'

2018-05-30 14:54:24 - [TEST_STEP][PASSED] - delay: Delayed 2 second(s)

2018-05-30 14:54:26 - [MESSAGE][PASSED] - Delayed 2 second(s)

2018-05-30 14:54:26 - [TEST_STEP][PASSED] - Statement - Try: null

2018-05-30 14:54:26 - [TEST_STEP][PASSED] - Statement - StockQty = com.kms.katalon.core.webui.keyword.WebUiBuiltInKeywords.getAttribute(com.kms.katalon.core.testobject.ObjectRepository.findTestObject(Emergency/Page_Store/input_txtprice), "value"): Attribute 'value' of object 'Object Repository/Emergency/Page_Store/input_txtprice' is: '9990'

2018-05-30 14:54:26 - [MESSAGE][PASSED] - Attribute 'value' of object 'Object Repository/Emergency/Page_Store/input_txtprice' is: '9990'

2018-05-30 14:54:26 - [TEST_STEP][PASSED] - Statement - out.println("Stock QTY : " + StockQty): null

2018-05-30 14:54:26 - [TEST_STEP][PASSED] - delay: Delayed 2 second(s)

2018-05-30 14:54:28 - [MESSAGE][PASSED] - Delayed 2 second(s)

2018-05-30 14:54:28 - [TEST_STEP][PASSED] - Statement - If (java.lang.Integer.valueOf(StockQty) >= java.lang.Integer.valueOf(RequestedQty)): null

2018-05-30 14:54:28 - [TEST_STEP][PASSED] - delay: Delayed 1 second(s)

2018-05-30 14:54:29 - [MESSAGE][PASSED] - Delayed 1 second(s)

2018-05-30 14:54:29 - [TEST_STEP][PASSED] - setText: Text '10' is set on object 'Object Repository/Emergency/Page_Store/input_txtqty'

2018-05-30 14:54:29 - [MESSAGE][PASSED] - Text '10' is set on object 'Object Repository/Emergency/Page_Store/input_txtqty'

2018-05-30 14:54:29 - [TEST_STEP][PASSED] - click: Object: 'Object Repository/Emergency/Page_Store/button_Add' is clicked on

2018-05-30 14:54:29 - [MESSAGE][PASSED] - Object: 'Object Repository/Emergency/Page_Store/button_Add' is clicked on

2018-05-30 14:54:29 - [TEST_STEP][PASSED] - Statement - Break: null

2018-05-30 14:54:29 - [TEST_STEP][PASSED] - selectOptionByIndex: All options with index in [28] are selected on object 'Object Repository/Emergency/Page_Store/select_--Select--Amikacin -500'

2018-05-30 14:54:29 - [MESSAGE][PASSED] - All options with index in [28] are selected on object 'Object Repository/Emergency/Page_Store/select_--Select--Amikacin -500'

2018-05-30 14:54:29 - [TEST_STEP][PASSED] - delay: Delayed 2 second(s)

2018-05-30 14:54:31 - [MESSAGE][PASSED] - Delayed 2 second(s)

2018-05-30 14:54:31 - [TEST_STEP][PASSED] - Statement - RequestedQty = com.kms.katalon.core.webui.keyword.WebUiBuiltInKeywords.getAttribute(com.kms.katalon.core.testobject.ObjectRepository.findTestObject(Emergency/Page_Store/input_txttotal), "value"): Attribute 'value' of object 'Object Repository/Emergency/Page_Store/input_txttotal' is: '10'

2018-05-30 14:54:31 - [MESSAGE][PASSED] - Attribute 'value' of object 'Object Repository/Emergency/Page_Store/input_txttotal' is: '10'

2018-05-30 14:54:31 - [TEST_STEP][PASSED] - Statement - out.println("Requested QTY : " + RequestedQty): null

2018-05-30 14:54:31 - [TEST_STEP][PASSED] - Statement - BatchNumber = com.kms.katalon.core.webui.keyword.WebUiBuiltInKeywords.getNumberOfTotalOption(com.kms.katalon.core.testobject.ObjectRepository.findTestObject(Emergency/Page_Store/select_--Select--BA1150BA4110)): 2 options of object 'Object Repository/Emergency/Page_Store/select_--Select--BA1150BA4110' counted

2018-05-30 14:54:32 - [MESSAGE][PASSED] - 2 options of object 'Object Repository/Emergency/Page_Store/select_--Select--BA1150BA4110' counted

2018-05-30 14:54:32 - [TEST_STEP][PASSED] - Statement - For ([g = 1, g <= BatchNumber - 1, (g++)]): null

2018-05-30 14:54:32 - [TEST_STEP][PASSED] - selectOptionByIndex: All options with index in [1] are selected on object 'Object Repository/Emergency/Page_Store/select_--Select--BA1150BA4110'

2018-05-30 14:54:32 - [MESSAGE][PASSED] - All options with index in [1] are selected on object 'Object Repository/Emergency/Page_Store/select_--Select--BA1150BA4110'

2018-05-30 14:54:32 - [TEST_STEP][PASSED] - delay: Delayed 2 second(s)

2018-05-30 14:54:34 - [MESSAGE][PASSED] - Delayed 2 second(s)

2018-05-30 14:54:34 - [TEST_STEP][PASSED] - Statement - Try: null

2018-05-30 14:54:34 - [TEST_STEP][PASSED] - Statement - StockQty = com.kms.katalon.core.webui.keyword.WebUiBuiltInKeywords.getAttribute(com.kms.katalon.core.testobject.ObjectRepository.findTestObject(Emergency/Page_Store/input_txtprice), "value"): Attribute 'value' of object 'Object Repository/Emergency/Page_Store/input_txtprice' is: '9990'

2018-05-30 14:54:34 - [MESSAGE][PASSED] - Attribute 'value' of object 'Object Repository/Emergency/Page_Store/input_txtprice' is: '9990'

2018-05-30 14:54:34 - [TEST_STEP][PASSED] - Statement - out.println("Stock QTY : " + StockQty): null

2018-05-30 14:54:34 - [TEST_STEP][PASSED] - delay: Delayed 2 second(s)

2018-05-30 14:54:36 - [MESSAGE][PASSED] - Delayed 2 second(s)

2018-05-30 14:54:36 - [TEST_STEP][PASSED] - Statement - If (java.lang.Integer.valueOf(StockQty) >= java.lang.Integer.valueOf(RequestedQty)): null

2018-05-30 14:54:36 - [TEST_STEP][PASSED] - delay: Delayed 1 second(s)

2018-05-30 14:54:37 - [MESSAGE][PASSED] - Delayed 1 second(s)

2018-05-30 14:54:37 - [TEST_STEP][PASSED] - setText: Text '10' is set on object 'Object Repository/Emergency/Page_Store/input_txtqty'

2018-05-30 14:54:37 - [MESSAGE][PASSED] - Text '10' is set on object 'Object Repository/Emergency/Page_Store/input_txtqty'

2018-05-30 14:54:37 - [TEST_STEP][PASSED] - click: Object: 'Object Repository/Emergency/Page_Store/button_Add' is clicked on

2018-05-30 14:54:37 - [MESSAGE][PASSED] - Object: 'Object Repository/Emergency/Page_Store/button_Add' is clicked on

2018-05-30 14:54:37 - [TEST_STEP][PASSED] - Statement - Break: null

2018-05-30 14:54:37 - [TEST_STEP][PASSED] - selectOptionByIndex: All options with index in [29] are selected on object 'Object Repository/Emergency/Page_Store/select_--Select--Amikacin -500'

2018-05-30 14:54:37 - [MESSAGE][PASSED] - All options with index in [29] are selected on object 'Object Repository/Emergency/Page_Store/select_--Select--Amikacin -500'

2018-05-30 14:54:37 - [TEST_STEP][PASSED] - delay: Delayed 2 second(s)

2018-05-30 14:54:39 - [MESSAGE][PASSED] - Delayed 2 second(s)

2018-05-30 14:54:39 - [TEST_STEP][PASSED] - Statement - RequestedQty = com.kms.katalon.core.webui.keyword.WebUiBuiltInKeywords.getAttribute(com.kms.katalon.core.testobject.ObjectRepository.findTestObject(Emergency/Page_Store/input_txttotal), "value"): Attribute 'value' of object 'Object Repository/Emergency/Page_Store/input_txttotal' is: '10'

2018-05-30 14:54:39 - [MESSAGE][PASSED] - Attribute 'value' of object 'Object Repository/Emergency/Page_Store/input_txttotal' is: '10'

2018-05-30 14:54:39 - [TEST_STEP][PASSED] - Statement - out.println("Requested QTY : " + RequestedQty): null

2018-05-30 14:54:39 - [TEST_STEP][PASSED] - Statement - BatchNumber = com.kms.katalon.core.webui.keyword.WebUiBuiltInKeywords.getNumberOfTotalOption(com.kms.katalon.core.testobject.ObjectRepository.findTestObject(Emergency/Page_Store/select_--Select--BA1150BA4110)): 2 options of object 'Object Repository/Emergency/Page_Store/select_--Select--BA1150BA4110' counted

2018-05-30 14:54:39 - [MESSAGE][PASSED] - 2 options of object 'Object Repository/Emergency/Page_Store/select_--Select--BA1150BA4110' counted

2018-05-30 14:54:39 - [TEST_STEP][PASSED] - Statement - For ([g = 1, g <= BatchNumber - 1, (g++)]): null

2018-05-30 14:54:39 - [TEST_STEP][PASSED] - selectOptionByIndex: All options with index in [1] are selected on object 'Object Repository/Emergency/Page_Store/select_--Select--BA1150BA4110'

2018-05-30 14:54:39 - [MESSAGE][PASSED] - All options with index in [1] are selected on object 'Object Repository/Emergency/Page_Store/select_--Select--BA1150BA4110'

2018-05-30 14:54:39 - [TEST_STEP][PASSED] - delay: Delayed 2 second(s)

2018-05-30 14:54:41 - [MESSAGE][PASSED] - Delayed 2 second(s)

2018-05-30 14:54:41 - [TEST_STEP][PASSED] - Statement - Try: null

2018-05-30 14:54:41 - [TEST_STEP][PASSED] - Statement - StockQty = com.kms.katalon.core.webui.keyword.WebUiBuiltInKeywords.getAttribute(com.kms.katalon.core.testobject.ObjectRepository.findTestObject(Emergency/Page_Store/input_txtprice), "value"): Attribute 'value' of object 'Object Repository/Emergency/Page_Store/input_txtprice' is: '9980'

2018-05-30 14:54:41 - [MESSAGE][PASSED] - Attribute 'value' of object 'Object Repository/Emergency/Page_Store/input_txtprice' is: '9980'

2018-05-30 14:54:41 - [TEST_STEP][PASSED] - Statement - out.println("Stock QTY : " + StockQty): null

2018-05-30 14:54:41 - [TEST_STEP][PASSED] - delay: Delayed 2 second(s)

2018-05-30 14:54:43 - [MESSAGE][PASSED] - Delayed 2 second(s)

2018-05-30 14:54:43 - [TEST_STEP][PASSED] - Statement - If (java.lang.Integer.valueOf(StockQty) >= java.lang.Integer.valueOf(RequestedQty)): null

2018-05-30 14:54:43 - [TEST_STEP][PASSED] - delay: Delayed 1 second(s)

2018-05-30 14:54:44 - [MESSAGE][PASSED] - Delayed 1 second(s)

2018-05-30 14:54:44 - [TEST_STEP][PASSED] - setText: Text '10' is set on object 'Object Repository/Emergency/Page_Store/input_txtqty'

2018-05-30 14:54:45 - [MESSAGE][PASSED] - Text '10' is set on object 'Object Repository/Emergency/Page_Store/input_txtqty'

2018-05-30 14:54:45 - [TEST_STEP][PASSED] - click: Object: 'Object Repository/Emergency/Page_Store/button_Add' is clicked on

2018-05-30 14:54:45 - [MESSAGE][PASSED] - Object: 'Object Repository/Emergency/Page_Store/button_Add' is clicked on

2018-05-30 14:54:45 - [TEST_STEP][PASSED] - Statement - Break: null

2018-05-30 14:54:45 - [TEST_STEP][PASSED] - selectOptionByIndex: All options with index in [30] are selected on object 'Object Repository/Emergency/Page_Store/select_--Select--Amikacin -500'

2018-05-30 14:54:45 - [MESSAGE][PASSED] - All options with index in [30] are selected on object 'Object Repository/Emergency/Page_Store/select_--Select--Amikacin -500'

2018-05-30 14:54:45 - [TEST_STEP][PASSED] - delay: Delayed 2 second(s)

2018-05-30 14:54:47 - [MESSAGE][PASSED] - Delayed 2 second(s)

2018-05-30 14:54:47 - [TEST_STEP][PASSED] - Statement - RequestedQty = com.kms.katalon.core.webui.keyword.WebUiBuiltInKeywords.getAttribute(com.kms.katalon.core.testobject.ObjectRepository.findTestObject(Emergency/Page_Store/input_txttotal), "value"): Attribute 'value' of object 'Object Repository/Emergency/Page_Store/input_txttotal' is: '10'

2018-05-30 14:54:47 - [MESSAGE][PASSED] - Attribute 'value' of object 'Object Repository/Emergency/Page_Store/input_txttotal' is: '10'

2018-05-30 14:54:47 - [TEST_STEP][PASSED] - Statement - out.println("Requested QTY : " + RequestedQty): null

2018-05-30 14:54:47 - [TEST_STEP][PASSED] - Statement - BatchNumber = com.kms.katalon.core.webui.keyword.WebUiBuiltInKeywords.getNumberOfTotalOption(com.kms.katalon.core.testobject.ObjectRepository.findTestObject(Emergency/Page_Store/select_--Select--BA1150BA4110)): 2 options of object 'Object Repository/Emergency/Page_Store/select_--Select--BA1150BA4110' counted

2018-05-30 14:54:47 - [MESSAGE][PASSED] - 2 options of object 'Object Repository/Emergency/Page_Store/select_--Select--BA1150BA4110' counted

2018-05-30 14:54:47 - [TEST_STEP][PASSED] - Statement - For ([g = 1, g <= BatchNumber - 1, (g++)]): null

2018-05-30 14:54:47 - [TEST_STEP][PASSED] - selectOptionByIndex: All options with index in [1] are selected on object 'Object Repository/Emergency/Page_Store/select_--Select--BA1150BA4110'

2018-05-30 14:54:47 - [MESSAGE][PASSED] - All options with index in [1] are selected on object 'Object Repository/Emergency/Page_Store/select_--Select--BA1150BA4110'

2018-05-30 14:54:47 - [TEST_STEP][PASSED] - delay: Delayed 2 second(s)

2018-05-30 14:54:49 - [MESSAGE][PASSED] - Delayed 2 second(s)

2018-05-30 14:54:49 - [TEST_STEP][PASSED] - Statement - Try: null

2018-05-30 14:54:49 - [TEST_STEP][PASSED] - Statement - StockQty = com.kms.katalon.core.webui.keyword.WebUiBuiltInKeywords.getAttribute(com.kms.katalon.core.testobject.ObjectRepository.findTestObject(Emergency/Page_Store/input_txtprice), "value"): Attribute 'value' of object 'Object Repository/Emergency/Page_Store/input_txtprice' is: '9990'

2018-05-30 14:54:49 - [MESSAGE][PASSED] - Attribute 'value' of object 'Object Repository/Emergency/Page_Store/input_txtprice' is: '9990'

2018-05-30 14:54:49 - [TEST_STEP][PASSED] - Statement - out.println("Stock QTY : " + StockQty): null

2018-05-30 14:54:49 - [TEST_STEP][PASSED] - delay: Delayed 2 second(s)

2018-05-30 14:54:51 - [MESSAGE][PASSED] - Delayed 2 second(s)

2018-05-30 14:54:51 - [TEST_STEP][PASSED] - Statement - If (java.lang.Integer.valueOf(StockQty) >= java.lang.Integer.valueOf(RequestedQty)): null

2018-05-30 14:54:51 - [TEST_STEP][PASSED] - delay: Delayed 1 second(s)

2018-05-30 14:54:52 - [MESSAGE][PASSED] - Delayed 1 second(s)

2018-05-30 14:54:52 - [TEST_STEP][PASSED] - setText: Text '10' is set on object 'Object Repository/Emergency/Page_Store/input_txtqty'

2018-05-30 14:54:52 - [MESSAGE][PASSED] - Text '10' is set on object 'Object Repository/Emergency/Page_Store/input_txtqty'

2018-05-30 14:54:52 - [TEST_STEP][PASSED] - click: Object: 'Object Repository/Emergency/Page_Store/button_Add' is clicked on

2018-05-30 14:54:52 - [MESSAGE][PASSED] - Object: 'Object Repository/Emergency/Page_Store/button_Add' is clicked on

2018-05-30 14:54:52 - [TEST_STEP][PASSED] - Statement - Break: null

2018-05-30 14:54:52 - [TEST_STEP][PASSED] - selectOptionByIndex: All options with index in [31] are selected on object 'Object Repository/Emergency/Page_Store/select_--Select--Amikacin -500'

2018-05-30 14:54:53 - [MESSAGE][PASSED] - All options with index in [31] are selected on object 'Object Repository/Emergency/Page_Store/select_--Select--Amikacin -500'

2018-05-30 14:54:53 - [TEST_STEP][PASSED] - delay: Delayed 2 second(s)

2018-05-30 14:54:55 - [MESSAGE][PASSED] - Delayed 2 second(s)

2018-05-30 14:54:55 - [TEST_STEP][PASSED] - Statement - RequestedQty = com.kms.katalon.core.webui.keyword.WebUiBuiltInKeywords.getAttribute(com.kms.katalon.core.testobject.ObjectRepository.findTestObject(Emergency/Page_Store/input_txttotal), "value"): Attribute 'value' of object 'Object Repository/Emergency/Page_Store/input_txttotal' is: '10'

2018-05-30 14:54:55 - [MESSAGE][PASSED] - Attribute 'value' of object 'Object Repository/Emergency/Page_Store/input_txttotal' is: '10'

2018-05-30 14:54:55 - [TEST_STEP][PASSED] - Statement - out.println("Requested QTY : " + RequestedQty): null

2018-05-30 14:54:55 - [TEST_STEP][PASSED] - Statement - BatchNumber = com.kms.katalon.core.webui.keyword.WebUiBuiltInKeywords.getNumberOfTotalOption(com.kms.katalon.core.testobject.ObjectRepository.findTestObject(Emergency/Page_Store/select_--Select--BA1150BA4110)): 2 options of object 'Object Repository/Emergency/Page_Store/select_--Select--BA1150BA4110' counted

2018-05-30 14:54:55 - [MESSAGE][PASSED] - 2 options of object 'Object Repository/Emergency/Page_Store/select_--Select--BA1150BA4110' counted

2018-05-30 14:54:55 - [TEST_STEP][PASSED] - Statement - For ([g = 1, g <= BatchNumber - 1, (g++)]): null

2018-05-30 14:54:55 - [TEST_STEP][PASSED] - selectOptionByIndex: All options with index in [1] are selected on object 'Object Repository/Emergency/Page_Store/select_--Select--BA1150BA4110'

2018-05-30 14:54:55 - [MESSAGE][PASSED] - All options with index in [1] are selected on object 'Object Repository/Emergency/Page_Store/select_--Select--BA1150BA4110'

2018-05-30 14:54:55 - [TEST_STEP][PASSED] - delay: Delayed 2 second(s)

2018-05-30 14:54:57 - [MESSAGE][PASSED] - Delayed 2 second(s)

2018-05-30 14:54:57 - [TEST_STEP][PASSED] - Statement - Try: null

2018-05-30 14:54:57 - [TEST_STEP][PASSED] - Statement - StockQty = com.kms.katalon.core.webui.keyword.WebUiBuiltInKeywords.getAttribute(com.kms.katalon.core.testobject.ObjectRepository.findTestObject(Emergency/Page_Store/input_txtprice), "value"): Attribute 'value' of object 'Object Repository/Emergency/Page_Store/input_txtprice' is: '9990'

2018-05-30 14:54:57 - [MESSAGE][PASSED] - Attribute 'value' of object 'Object Repository/Emergency/Page_Store/input_txtprice' is: '9990'

2018-05-30 14:54:57 - [TEST_STEP][PASSED] - Statement - out.println("Stock QTY : " + StockQty): null

2018-05-30 14:54:57 - [TEST_STEP][PASSED] - delay: Delayed 2 second(s)

2018-05-30 14:54:59 - [MESSAGE][PASSED] - Delayed 2 second(s)

2018-05-30 14:54:59 - [TEST_STEP][PASSED] - Statement - If (java.lang.Integer.valueOf(StockQty) >= java.lang.Integer.valueOf(RequestedQty)): null

2018-05-30 14:54:59 - [TEST_STEP][PASSED] - delay: Delayed 1 second(s)

2018-05-30 14:55:00 - [MESSAGE][PASSED] - Delayed 1 second(s)

2018-05-30 14:55:00 - [TEST_STEP][PASSED] - setText: Text '10' is set on object 'Object Repository/Emergency/Page_Store/input_txtqty'

2018-05-30 14:55:00 - [MESSAGE][PASSED] - Text '10' is set on object 'Object Repository/Emergency/Page_Store/input_txtqty'

2018-05-30 14:55:00 - [TEST_STEP][PASSED] - click: Object: 'Object Repository/Emergency/Page_Store/button_Add' is clicked on

2018-05-30 14:55:00 - [MESSAGE][PASSED] - Object: 'Object Repository/Emergency/Page_Store/button_Add' is clicked on

2018-05-30 14:55:00 - [TEST_STEP][PASSED] - Statement - Break: null

2018-05-30 14:55:00 - [TEST_STEP][PASSED] - selectOptionByIndex: All options with index in [32] are selected on object 'Object Repository/Emergency/Page_Store/select_--Select--Amikacin -500'

2018-05-30 14:55:01 - [MESSAGE][PASSED] - All options with index in [32] are selected on object 'Object Repository/Emergency/Page_Store/select_--Select--Amikacin -500'

2018-05-30 14:55:01 - [TEST_STEP][PASSED] - delay: Delayed 2 second(s)

2018-05-30 14:55:03 - [MESSAGE][PASSED] - Delayed 2 second(s)

2018-05-30 14:55:03 - [TEST_STEP][PASSED] - Statement - RequestedQty = com.kms.katalon.core.webui.keyword.WebUiBuiltInKeywords.getAttribute(com.kms.katalon.core.testobject.ObjectRepository.findTestObject(Emergency/Page_Store/input_txttotal), "value"): Attribute 'value' of object 'Object Repository/Emergency/Page_Store/input_txttotal' is: '10'

2018-05-30 14:55:03 - [MESSAGE][PASSED] - Attribute 'value' of object 'Object Repository/Emergency/Page_Store/input_txttotal' is: '10'

2018-05-30 14:55:03 - [TEST_STEP][PASSED] - Statement - out.println("Requested QTY : " + RequestedQty): null

2018-05-30 14:55:03 - [TEST_STEP][PASSED] - Statement - BatchNumber = com.kms.katalon.core.webui.keyword.WebUiBuiltInKeywords.getNumberOfTotalOption(com.kms.katalon.core.testobject.ObjectRepository.findTestObject(Emergency/Page_Store/select_--Select--BA1150BA4110)): 2 options of object 'Object Repository/Emergency/Page_Store/select_--Select--BA1150BA4110' counted

2018-05-30 14:55:03 - [MESSAGE][PASSED] - 2 options of object 'Object Repository/Emergency/Page_Store/select_--Select--BA1150BA4110' counted

2018-05-30 14:55:03 - [TEST_STEP][PASSED] - Statement - For ([g = 1, g <= BatchNumber - 1, (g++)]): null

2018-05-30 14:55:03 - [TEST_STEP][PASSED] - selectOptionByIndex: All options with index in [1] are selected on object 'Object Repository/Emergency/Page_Store/select_--Select--BA1150BA4110'

2018-05-30 14:55:03 - [MESSAGE][PASSED] - All options with index in [1] are selected on object 'Object Repository/Emergency/Page_Store/select_--Select--BA1150BA4110'

2018-05-30 14:55:03 - [TEST_STEP][PASSED] - delay: Delayed 2 second(s)

2018-05-30 14:55:05 - [MESSAGE][PASSED] - Delayed 2 second(s)

2018-05-30 14:55:05 - [TEST_STEP][PASSED] - Statement - Try: null

2018-05-30 14:55:05 - [TEST_STEP][PASSED] - Statement - StockQty = com.kms.katalon.core.webui.keyword.WebUiBuiltInKeywords.getAttribute(com.kms.katalon.core.testobject.ObjectRepository.findTestObject(Emergency/Page_Store/input_txtprice), "value"): Attribute 'value' of object 'Object Repository/Emergency/Page_Store/input_txtprice' is: '9980'

2018-05-30 14:55:05 - [MESSAGE][PASSED] - Attribute 'value' of object 'Object Repository/Emergency/Page_Store/input_txtprice' is: '9980'

2018-05-30 14:55:05 - [TEST_STEP][PASSED] - Statement - out.println("Stock QTY : " + StockQty): null

2018-05-30 14:55:05 - [TEST_STEP][PASSED] - delay: Delayed 2 second(s)

2018-05-30 14:55:07 - [MESSAGE][PASSED] - Delayed 2 second(s)

2018-05-30 14:55:07 - [TEST_STEP][PASSED] - Statement - If (java.lang.Integer.valueOf(StockQty) >= java.lang.Integer.valueOf(RequestedQty)): null

2018-05-30 14:55:07 - [TEST_STEP][PASSED] - delay: Delayed 1 second(s)

2018-05-30 14:55:08 - [MESSAGE][PASSED] - Delayed 1 second(s)

2018-05-30 14:55:08 - [TEST_STEP][PASSED] - setText: Text '10' is set on object 'Object Repository/Emergency/Page_Store/input_txtqty'

2018-05-30 14:55:08 - [MESSAGE][PASSED] - Text '10' is set on object 'Object Repository/Emergency/Page_Store/input_txtqty'

2018-05-30 14:55:08 - [TEST_STEP][PASSED] - click: Object: 'Object Repository/Emergency/Page_Store/button_Add' is clicked on

2018-05-30 14:55:08 - [MESSAGE][PASSED] - Object: 'Object Repository/Emergency/Page_Store/button_Add' is clicked on

2018-05-30 14:55:08 - [TEST_STEP][PASSED] - Statement - Break: null

2018-05-30 14:55:08 - [TEST_STEP][PASSED] - selectOptionByIndex: All options with index in [33] are selected on object 'Object Repository/Emergency/Page_Store/select_--Select--Amikacin -500'

2018-05-30 14:55:09 - [MESSAGE][PASSED] - All options with index in [33] are selected on object 'Object Repository/Emergency/Page_Store/select_--Select--Amikacin -500'

2018-05-30 14:55:09 - [TEST_STEP][PASSED] - delay: Delayed 2 second(s)

2018-05-30 14:55:11 - [MESSAGE][PASSED] - Delayed 2 second(s)

2018-05-30 14:55:11 - [TEST_STEP][PASSED] - Statement - RequestedQty = com.kms.katalon.core.webui.keyword.WebUiBuiltInKeywords.getAttribute(com.kms.katalon.core.testobject.ObjectRepository.findTestObject(Emergency/Page_Store/input_txttotal), "value"): Attribute 'value' of object 'Object Repository/Emergency/Page_Store/input_txttotal' is: '10'

2018-05-30 14:55:11 - [MESSAGE][PASSED] - Attribute 'value' of object 'Object Repository/Emergency/Page_Store/input_txttotal' is: '10'

2018-05-30 14:55:11 - [TEST_STEP][PASSED] - Statement - out.println("Requested QTY : " + RequestedQty): null

2018-05-30 14:55:11 - [TEST_STEP][PASSED] - Statement - BatchNumber = com.kms.katalon.core.webui.keyword.WebUiBuiltInKeywords.getNumberOfTotalOption(com.kms.katalon.core.testobject.ObjectRepository.findTestObject(Emergency/Page_Store/select_--Select--BA1150BA4110)): 2 options of object 'Object Repository/Emergency/Page_Store/select_--Select--BA1150BA4110' counted

2018-05-30 14:55:11 - [MESSAGE][PASSED] - 2 options of object 'Object Repository/Emergency/Page_Store/select_--Select--BA1150BA4110' counted

2018-05-30 14:55:11 - [TEST_STEP][PASSED] - Statement - For ([g = 1, g <= BatchNumber - 1, (g++)]): null

2018-05-30 14:55:11 - [TEST_STEP][PASSED] - selectOptionByIndex: All options with index in [1] are selected on object 'Object Repository/Emergency/Page_Store/select_--Select--BA1150BA4110'

2018-05-30 14:55:11 - [MESSAGE][PASSED] - All options with index in [1] are selected on object 'Object Repository/Emergency/Page_Store/select_--Select--BA1150BA4110'

2018-05-30 14:55:11 - [TEST_STEP][PASSED] - delay: Delayed 2 second(s)

2018-05-30 14:55:13 - [MESSAGE][PASSED] - Delayed 2 second(s)

2018-05-30 14:55:13 - [TEST_STEP][PASSED] - Statement - Try: null

2018-05-30 14:55:13 - [TEST_STEP][PASSED] - Statement - StockQty = com.kms.katalon.core.webui.keyword.WebUiBuiltInKeywords.getAttribute(com.kms.katalon.core.testobject.ObjectRepository.findTestObject(Emergency/Page_Store/input_txtprice), "value"): Attribute 'value' of object 'Object Repository/Emergency/Page_Store/input_txtprice' is: '9980'

2018-05-30 14:55:13 - [MESSAGE][PASSED] - Attribute 'value' of object 'Object Repository/Emergency/Page_Store/input_txtprice' is: '9980'

2018-05-30 14:55:13 - [TEST_STEP][PASSED] - Statement - out.println("Stock QTY : " + StockQty): null

2018-05-30 14:55:13 - [TEST_STEP][PASSED] - delay: Delayed 2 second(s)

2018-05-30 14:55:15 - [MESSAGE][PASSED] - Delayed 2 second(s)

2018-05-30 14:55:15 - [TEST_STEP][PASSED] - Statement - If (java.lang.Integer.valueOf(StockQty) >= java.lang.Integer.valueOf(RequestedQty)): null

2018-05-30 14:55:15 - [TEST_STEP][PASSED] - delay: Delayed 1 second(s)

2018-05-30 14:55:16 - [MESSAGE][PASSED] - Delayed 1 second(s)

2018-05-30 14:55:16 - [TEST_STEP][PASSED] - setText: Text '10' is set on object 'Object Repository/Emergency/Page_Store/input_txtqty'

2018-05-30 14:55:16 - [MESSAGE][PASSED] - Text '10' is set on object 'Object Repository/Emergency/Page_Store/input_txtqty'

2018-05-30 14:55:16 - [TEST_STEP][PASSED] - click: Object: 'Object Repository/Emergency/Page_Store/button_Add' is clicked on

2018-05-30 14:55:16 - [MESSAGE][PASSED] - Object: 'Object Repository/Emergency/Page_Store/button_Add' is clicked on

2018-05-30 14:55:16 - [TEST_STEP][PASSED] - Statement - Break: null

2018-05-30 14:55:16 - [TEST_STEP][PASSED] - selectOptionByIndex: All options with index in [34] are selected on object 'Object Repository/Emergency/Page_Store/select_--Select--Amikacin -500'

2018-05-30 14:55:16 - [MESSAGE][PASSED] - All options with index in [34] are selected on object 'Object Repository/Emergency/Page_Store/select_--Select--Amikacin -500'

2018-05-30 14:55:16 - [TEST_STEP][PASSED] - delay: Delayed 2 second(s)

2018-05-30 14:55:18 - [MESSAGE][PASSED] - Delayed 2 second(s)

2018-05-30 14:55:18 - [TEST_STEP][PASSED] - Statement - RequestedQty = com.kms.katalon.core.webui.keyword.WebUiBuiltInKeywords.getAttribute(com.kms.katalon.core.testobject.ObjectRepository.findTestObject(Emergency/Page_Store/input_txttotal), "value"): Attribute 'value' of object 'Object Repository/Emergency/Page_Store/input_txttotal' is: '10'

2018-05-30 14:55:18 - [MESSAGE][PASSED] - Attribute 'value' of object 'Object Repository/Emergency/Page_Store/input_txttotal' is: '10'

2018-05-30 14:55:18 - [TEST_STEP][PASSED] - Statement - out.println("Requested QTY : " + RequestedQty): null

2018-05-30 14:55:18 - [TEST_STEP][PASSED] - Statement - BatchNumber = com.kms.katalon.core.webui.keyword.WebUiBuiltInKeywords.getNumberOfTotalOption(com.kms.katalon.core.testobject.ObjectRepository.findTestObject(Emergency/Page_Store/select_--Select--BA1150BA4110)): 2 options of object 'Object Repository/Emergency/Page_Store/select_--Select--BA1150BA4110' counted

2018-05-30 14:55:18 - [MESSAGE][PASSED] - 2 options of object 'Object Repository/Emergency/Page_Store/select_--Select--BA1150BA4110' counted

2018-05-30 14:55:18 - [TEST_STEP][PASSED] - Statement - For ([g = 1, g <= BatchNumber - 1, (g++)]): null

2018-05-30 14:55:18 - [TEST_STEP][PASSED] - selectOptionByIndex: All options with index in [1] are selected on object 'Object Repository/Emergency/Page_Store/select_--Select--BA1150BA4110'

2018-05-30 14:55:19 - [MESSAGE][PASSED] - All options with index in [1] are selected on object 'Object Repository/Emergency/Page_Store/select_--Select--BA1150BA4110'

2018-05-30 14:55:19 - [TEST_STEP][PASSED] - delay: Delayed 2 second(s)

2018-05-30 14:55:21 - [MESSAGE][PASSED] - Delayed 2 second(s)

2018-05-30 14:55:21 - [TEST_STEP][PASSED] - Statement - Try: null

2018-05-30 14:55:21 - [TEST_STEP][PASSED] - Statement - StockQty = com.kms.katalon.core.webui.keyword.WebUiBuiltInKeywords.getAttribute(com.kms.katalon.core.testobject.ObjectRepository.findTestObject(Emergency/Page_Store/input_txtprice), "value"): Attribute 'value' of object 'Object Repository/Emergency/Page_Store/input_txtprice' is: '9980'

2018-05-30 14:55:21 - [MESSAGE][PASSED] - Attribute 'value' of object 'Object Repository/Emergency/Page_Store/input_txtprice' is: '9980'

2018-05-30 14:55:21 - [TEST_STEP][PASSED] - Statement - out.println("Stock QTY : " + StockQty): null

2018-05-30 14:55:21 - [TEST_STEP][PASSED] - delay: Delayed 2 second(s)

2018-05-30 14:55:23 - [MESSAGE][PASSED] - Delayed 2 second(s)

2018-05-30 14:55:23 - [TEST_STEP][PASSED] - Statement - If (java.lang.Integer.valueOf(StockQty) >= java.lang.Integer.valueOf(RequestedQty)): null

2018-05-30 14:55:23 - [TEST_STEP][PASSED] - delay: Delayed 1 second(s)

2018-05-30 14:55:24 - [MESSAGE][PASSED] - Delayed 1 second(s)

2018-05-30 14:55:24 - [TEST_STEP][PASSED] - setText: Text '10' is set on object 'Object Repository/Emergency/Page_Store/input_txtqty'

2018-05-30 14:55:24 - [MESSAGE][PASSED] - Text '10' is set on object 'Object Repository/Emergency/Page_Store/input_txtqty'

2018-05-30 14:55:24 - [TEST_STEP][PASSED] - click: Object: 'Object Repository/Emergency/Page_Store/button_Add' is clicked on

2018-05-30 14:55:24 - [MESSAGE][PASSED] - Object: 'Object Repository/Emergency/Page_Store/button_Add' is clicked on

2018-05-30 14:55:24 - [TEST_STEP][PASSED] - Statement - Break: null

2018-05-30 14:55:24 - [TEST_STEP][PASSED] - selectOptionByIndex: All options with index in [35] are selected on object 'Object Repository/Emergency/Page_Store/select_--Select--Amikacin -500'

2018-05-30 14:55:24 - [MESSAGE][PASSED] - All options with index in [35] are selected on object 'Object Repository/Emergency/Page_Store/select_--Select--Amikacin -500'

2018-05-30 14:55:24 - [TEST_STEP][PASSED] - delay: Delayed 2 second(s)

2018-05-30 14:55:26 - [MESSAGE][PASSED] - Delayed 2 second(s)

2018-05-30 14:55:26 - [TEST_STEP][PASSED] - Statement - RequestedQty = com.kms.katalon.core.webui.keyword.WebUiBuiltInKeywords.getAttribute(com.kms.katalon.core.testobject.ObjectRepository.findTestObject(Emergency/Page_Store/input_txttotal), "value"): Attribute 'value' of object 'Object Repository/Emergency/Page_Store/input_txttotal' is: '10'

2018-05-30 14:55:26 - [MESSAGE][PASSED] - Attribute 'value' of object 'Object Repository/Emergency/Page_Store/input_txttotal' is: '10'

2018-05-30 14:55:26 - [TEST_STEP][PASSED] - Statement - out.println("Requested QTY : " + RequestedQty): null

2018-05-30 14:55:26 - [TEST_STEP][PASSED] - Statement - BatchNumber = com.kms.katalon.core.webui.keyword.WebUiBuiltInKeywords.getNumberOfTotalOption(com.kms.katalon.core.testobject.ObjectRepository.findTestObject(Emergency/Page_Store/select_--Select--BA1150BA4110)): 2 options of object 'Object Repository/Emergency/Page_Store/select_--Select--BA1150BA4110' counted

2018-05-30 14:55:26 - [MESSAGE][PASSED] - 2 options of object 'Object Repository/Emergency/Page_Store/select_--Select--BA1150BA4110' counted

2018-05-30 14:55:26 - [TEST_STEP][PASSED] - Statement - For ([g = 1, g <= BatchNumber - 1, (g++)]): null

2018-05-30 14:55:26 - [TEST_STEP][PASSED] - selectOptionByIndex: All options with index in [1] are selected on object 'Object Repository/Emergency/Page_Store/select_--Select--BA1150BA4110'

2018-05-30 14:55:26 - [MESSAGE][PASSED] - All options with index in [1] are selected on object 'Object Repository/Emergency/Page_Store/select_--Select--BA1150BA4110'

2018-05-30 14:55:26 - [TEST_STEP][PASSED] - delay: Delayed 2 second(s)

2018-05-30 14:55:28 - [MESSAGE][PASSED] - Delayed 2 second(s)

2018-05-30 14:55:28 - [TEST_STEP][PASSED] - Statement - Try: null

2018-05-30 14:55:28 - [TEST_STEP][PASSED] - Statement - StockQty = com.kms.katalon.core.webui.keyword.WebUiBuiltInKeywords.getAttribute(com.kms.katalon.core.testobject.ObjectRepository.findTestObject(Emergency/Page_Store/input_txtprice), "value"): Attribute 'value' of object 'Object Repository/Emergency/Page_Store/input_txtprice' is: '9980'

2018-05-30 14:55:28 - [MESSAGE][PASSED] - Attribute 'value' of object 'Object Repository/Emergency/Page_Store/input_txtprice' is: '9980'

2018-05-30 14:55:28 - [TEST_STEP][PASSED] - Statement - out.println("Stock QTY : " + StockQty): null

2018-05-30 14:55:28 - [TEST_STEP][PASSED] - delay: Delayed 2 second(s)

2018-05-30 14:55:30 - [MESSAGE][PASSED] - Delayed 2 second(s)

2018-05-30 14:55:30 - [TEST_STEP][PASSED] - Statement - If (java.lang.Integer.valueOf(StockQty) >= java.lang.Integer.valueOf(RequestedQty)): null

2018-05-30 14:55:30 - [TEST_STEP][PASSED] - delay: Delayed 1 second(s)

2018-05-30 14:55:31 - [MESSAGE][PASSED] - Delayed 1 second(s)

2018-05-30 14:55:31 - [TEST_STEP][PASSED] - setText: Text '10' is set on object 'Object Repository/Emergency/Page_Store/input_txtqty'

2018-05-30 14:55:31 - [MESSAGE][PASSED] - Text '10' is set on object 'Object Repository/Emergency/Page_Store/input_txtqty'

2018-05-30 14:55:31 - [TEST_STEP][PASSED] - click: Object: 'Object Repository/Emergency/Page_Store/button_Add' is clicked on

2018-05-30 14:55:32 - [MESSAGE][PASSED] - Object: 'Object Repository/Emergency/Page_Store/button_Add' is clicked on

2018-05-30 14:55:32 - [TEST_STEP][PASSED] - Statement - Break: null

2018-05-30 14:55:32 - [TEST_STEP][PASSED] - scrollToElement: Scroll to object 'Object Repository/Emergency/Page_Store/input_btnSubmit' successfully

2018-05-30 14:55:32 - [MESSAGE][PASSED] - Scroll to object 'Object Repository/Emergency/Page_Store/input_btnSubmit' successfully

2018-05-30 14:55:32 - [TEST_STEP][PASSED] - Statement - Try: Object: 'Object Repository/lab/Page_Store/button_OK' is clicked on

2018-05-30 14:55:32 - [TEST_STEP][PASSED] - click: Object: 'Object Repository/Emergency/Page_Store/input_btnSubmit' is clicked on

2018-05-30 14:55:32 - [MESSAGE][PASSED] - Object: 'Object Repository/Emergency/Page_Store/input_btnSubmit' is clicked on

2018-05-30 14:55:32 - [TEST_STEP][PASSED] - delay: Delayed 3 second(s)

2018-05-30 14:55:35 - [MESSAGE][PASSED] - Delayed 3 second(s)

2018-05-30 14:55:35 - [TEST_STEP][PASSED] - click: Object: 'Object Repository/lab/Page_Store/button_OK' is clicked on

2018-05-30 14:55:35 - [MESSAGE][PASSED] - Object: 'Object Repository/lab/Page_Store/button_OK' is clicked on

2018-05-30 14:55:35 - [TEST_STEP][PASSED] - delay: Delayed 3 second(s)

2018-05-30 14:55:38 - [MESSAGE][PASSED] - Delayed 3 second(s)

2018-05-30 14:55:38 - [TEST_STEP][PASSED] - click: Object: 'Object Repository/Emergency/Page_Store/a_dropdown-toggle' is clicked on

2018-05-30 14:55:39 - [MESSAGE][PASSED] - Object: 'Object Repository/Emergency/Page_Store/a_dropdown-toggle' is clicked on

2018-05-30 14:55:39 - [TEST_STEP][PASSED] - click: Object: 'Object Repository/Emergency/Page_Store/a_Sign out' is clicked on

2018-05-30 14:55:39 - [MESSAGE][PASSED] - Object: 'Object Repository/Emergency/Page_Store/a_Sign out' is clicked on

2018-05-30 14:55:39 - [TEST_STEP][PASSED] - closeBrowser: Browser is closed

2018-05-30 14:55:40 - [MESSAGE][PASSED] - Browser is closed

2018-05-30 14:55:40 - [TEST_STEP][PASSED] - Statement - out.println("Schedule 3 Emergency Request Are Working Successfully"): null]]></system-out>
         <system-err><![CDATA[]]></system-err>
      </testcase>
      <testcase name="Test Cases/EMERGENCY TEST CASES/TC_ER_003 Verify Schedule 5 Emergency  Request Are Working Successfully Or Not" classname="Test Cases/EMERGENCY TEST CASES/TC_ER_003 Verify Schedule 5 Emergency  Request Are Working Successfully Or Not" status="PASSED">
         <system-out><![CDATA[2018-05-30 14:55:40 - [TEST_CASE][PASSED] - Test Cases/EMERGENCY TEST CASES/TC_ER_003 Verify Schedule 5 Emergency  Request Are Working Successfully Or Not: Test Cases/EMERGENCY TEST CASES/TC_ER_003 Verify Schedule 5 Emergency  Request Are Working Successfully Or Not

2018-05-30 14:55:40 - [TEST_STEP][PASSED] - openBrowser: Browser is opened with url: ''

2018-05-30 14:55:42 - [MESSAGE][PASSED] - Browser is opened with url: ''

2018-05-30 14:55:42 - [TEST_STEP][PASSED] - Statement - out.println("Verify Schedule 5 Emergency  Request Are Working Successfully Or Not"): null

2018-05-30 14:55:42 - [TEST_STEP][PASSED] - navigateToUrl: Navigate to 'http://192.168.137.1/Multihospital_New/EmergencyLogin.aspx' successfully

2018-05-30 14:55:44 - [MESSAGE][PASSED] - Navigate to 'http://192.168.137.1/Multihospital_New/EmergencyLogin.aspx' successfully

2018-05-30 14:55:44 - [TEST_STEP][PASSED] - maximizeWindow: Current window maximized

2018-05-30 14:55:45 - [MESSAGE][PASSED] - Current window maximized

2018-05-30 14:55:45 - [TEST_STEP][PASSED] - setText: Text 'nivetha' is set on object 'Object Repository/Emergency/Page_Emergency login/input_txtusername'

2018-05-30 14:55:45 - [MESSAGE][PASSED] - Text 'nivetha' is set on object 'Object Repository/Emergency/Page_Emergency login/input_txtusername'

2018-05-30 14:55:45 - [TEST_STEP][PASSED] - setText: Text '123' is set on object 'Object Repository/Emergency/Page_Emergency login/input_txtpassword'

2018-05-30 14:55:45 - [MESSAGE][PASSED] - Text '123' is set on object 'Object Repository/Emergency/Page_Emergency login/input_txtpassword'

2018-05-30 14:55:45 - [TEST_STEP][PASSED] - delay: Delayed 3 second(s)

2018-05-30 14:55:48 - [MESSAGE][PASSED] - Delayed 3 second(s)

2018-05-30 14:55:48 - [TEST_STEP][PASSED] - click: Object: 'Object Repository/Emergency/Page_Emergency login/button_Sign in' is clicked on

2018-05-30 14:55:50 - [MESSAGE][PASSED] - Object: 'Object Repository/Emergency/Page_Emergency login/button_Sign in' is clicked on

2018-05-30 14:55:50 - [TEST_STEP][PASSED] - delay: Delayed 3 second(s)

2018-05-30 14:55:53 - [MESSAGE][PASSED] - Delayed 3 second(s)

2018-05-30 14:55:53 - [TEST_STEP][PASSED] - click: Object: 'Object Repository/Emergency/Page_KDMC - Emergency/a_Store Request' is clicked on

2018-05-30 14:55:53 - [MESSAGE][PASSED] - Object: 'Object Repository/Emergency/Page_KDMC - Emergency/a_Store Request' is clicked on

2018-05-30 14:55:53 - [TEST_STEP][PASSED] - delay: Delayed 2 second(s)

2018-05-30 14:55:55 - [MESSAGE][PASSED] - Delayed 2 second(s)

2018-05-30 14:55:55 - [TEST_STEP][PASSED] - click: Object: 'Object Repository/Emergency/Page_KDMC - Emergency/a_Medicine Request' is clicked on

2018-05-30 14:55:55 - [MESSAGE][PASSED] - Object: 'Object Repository/Emergency/Page_KDMC - Emergency/a_Medicine Request' is clicked on

2018-05-30 14:55:55 - [TEST_STEP][PASSED] - delay: Delayed 2 second(s)

2018-05-30 14:55:57 - [MESSAGE][PASSED] - Delayed 2 second(s)

2018-05-30 14:55:57 - [TEST_STEP][PASSED] - selectOptionByIndex: All options with index in [3] are selected on object 'Object Repository/Emergency/Page_KDMC - Emergency/select_--Select--Schedule 1Inj'

2018-05-30 14:55:58 - [MESSAGE][PASSED] - All options with index in [3] are selected on object 'Object Repository/Emergency/Page_KDMC - Emergency/select_--Select--Schedule 1Inj'

2018-05-30 14:55:58 - [TEST_STEP][PASSED] - Statement - seletedoptions = com.kms.katalon.core.webui.keyword.WebUiBuiltInKeywords.getNumberOfTotalOption(com.kms.katalon.core.testobject.ObjectRepository.findTestObject(Emergency/Page_KDMC - Emergency/select_--Select--Adernaline 0.)): 17 options of object 'Object Repository/Emergency/Page_KDMC - Emergency/select_--Select--Adernaline 0.' counted

2018-05-30 14:55:58 - [MESSAGE][PASSED] - 17 options of object 'Object Repository/Emergency/Page_KDMC - Emergency/select_--Select--Adernaline 0.' counted

2018-05-30 14:55:58 - [TEST_STEP][PASSED] - Statement - out.println(seletedoptions): null

2018-05-30 14:55:58 - [TEST_STEP][PASSED] - Statement - For ([u = 1, u < seletedoptions, (u++)]): Object: 'Object Repository/Emergency/Page_KDMC - Emergency/button_Add' is clicked on

2018-05-30 14:55:58 - [TEST_STEP][PASSED] - selectOptionByIndex: All options with index in [3] are selected on object 'Object Repository/Emergency/Page_KDMC - Emergency/select_--Select--Schedule 1Inj'

2018-05-30 14:55:58 - [MESSAGE][PASSED] - All options with index in [3] are selected on object 'Object Repository/Emergency/Page_KDMC - Emergency/select_--Select--Schedule 1Inj'

2018-05-30 14:55:58 - [TEST_STEP][PASSED] - delay: Delayed 1 second(s)

2018-05-30 14:55:59 - [MESSAGE][PASSED] - Delayed 1 second(s)

2018-05-30 14:55:59 - [TEST_STEP][PASSED] - selectOptionByIndex: All options with index in [1] are selected on object 'Object Repository/Emergency/Page_KDMC - Emergency/select_--Select--Adernaline 0.'

2018-05-30 14:55:59 - [MESSAGE][PASSED] - All options with index in [1] are selected on object 'Object Repository/Emergency/Page_KDMC - Emergency/select_--Select--Adernaline 0.'

2018-05-30 14:55:59 - [TEST_STEP][PASSED] - delay: Delayed 1 second(s)

2018-05-30 14:56:00 - [MESSAGE][PASSED] - Delayed 1 second(s)

2018-05-30 14:56:00 - [TEST_STEP][PASSED] - setText: Text '10' is set on object 'Object Repository/Emergency/Page_KDMC - Emergency/input_txttreat'

2018-05-30 14:56:00 - [MESSAGE][PASSED] - Text '10' is set on object 'Object Repository/Emergency/Page_KDMC - Emergency/input_txttreat'

2018-05-30 14:56:00 - [TEST_STEP][PASSED] - click: Object: 'Object Repository/Emergency/Page_KDMC - Emergency/button_Add' is clicked on

2018-05-30 14:56:00 - [MESSAGE][PASSED] - Object: 'Object Repository/Emergency/Page_KDMC - Emergency/button_Add' is clicked on

2018-05-30 14:56:00 - [TEST_STEP][PASSED] - selectOptionByIndex: All options with index in [3] are selected on object 'Object Repository/Emergency/Page_KDMC - Emergency/select_--Select--Schedule 1Inj'

2018-05-30 14:56:00 - [MESSAGE][PASSED] - All options with index in [3] are selected on object 'Object Repository/Emergency/Page_KDMC - Emergency/select_--Select--Schedule 1Inj'

2018-05-30 14:56:00 - [TEST_STEP][PASSED] - delay: Delayed 1 second(s)

2018-05-30 14:56:01 - [MESSAGE][PASSED] - Delayed 1 second(s)

2018-05-30 14:56:01 - [TEST_STEP][PASSED] - selectOptionByIndex: All options with index in [2] are selected on object 'Object Repository/Emergency/Page_KDMC - Emergency/select_--Select--Adernaline 0.'

2018-05-30 14:56:01 - [MESSAGE][PASSED] - All options with index in [2] are selected on object 'Object Repository/Emergency/Page_KDMC - Emergency/select_--Select--Adernaline 0.'

2018-05-30 14:56:01 - [TEST_STEP][PASSED] - delay: Delayed 1 second(s)

2018-05-30 14:56:02 - [MESSAGE][PASSED] - Delayed 1 second(s)

2018-05-30 14:56:02 - [TEST_STEP][PASSED] - setText: Text '10' is set on object 'Object Repository/Emergency/Page_KDMC - Emergency/input_txttreat'

2018-05-30 14:56:03 - [MESSAGE][PASSED] - Text '10' is set on object 'Object Repository/Emergency/Page_KDMC - Emergency/input_txttreat'

2018-05-30 14:56:03 - [TEST_STEP][PASSED] - click: Object: 'Object Repository/Emergency/Page_KDMC - Emergency/button_Add' is clicked on

2018-05-30 14:56:03 - [MESSAGE][PASSED] - Object: 'Object Repository/Emergency/Page_KDMC - Emergency/button_Add' is clicked on

2018-05-30 14:56:03 - [TEST_STEP][PASSED] - selectOptionByIndex: All options with index in [3] are selected on object 'Object Repository/Emergency/Page_KDMC - Emergency/select_--Select--Schedule 1Inj'

2018-05-30 14:56:03 - [MESSAGE][PASSED] - All options with index in [3] are selected on object 'Object Repository/Emergency/Page_KDMC - Emergency/select_--Select--Schedule 1Inj'

2018-05-30 14:56:03 - [TEST_STEP][PASSED] - delay: Delayed 1 second(s)

2018-05-30 14:56:04 - [MESSAGE][PASSED] - Delayed 1 second(s)

2018-05-30 14:56:04 - [TEST_STEP][PASSED] - selectOptionByIndex: All options with index in [3] are selected on object 'Object Repository/Emergency/Page_KDMC - Emergency/select_--Select--Adernaline 0.'

2018-05-30 14:56:04 - [MESSAGE][PASSED] - All options with index in [3] are selected on object 'Object Repository/Emergency/Page_KDMC - Emergency/select_--Select--Adernaline 0.'

2018-05-30 14:56:04 - [TEST_STEP][PASSED] - delay: Delayed 1 second(s)

2018-05-30 14:56:05 - [MESSAGE][PASSED] - Delayed 1 second(s)

2018-05-30 14:56:05 - [TEST_STEP][PASSED] - setText: Text '10' is set on object 'Object Repository/Emergency/Page_KDMC - Emergency/input_txttreat'

2018-05-30 14:56:05 - [MESSAGE][PASSED] - Text '10' is set on object 'Object Repository/Emergency/Page_KDMC - Emergency/input_txttreat'

2018-05-30 14:56:05 - [TEST_STEP][PASSED] - click: Object: 'Object Repository/Emergency/Page_KDMC - Emergency/button_Add' is clicked on

2018-05-30 14:56:05 - [MESSAGE][PASSED] - Object: 'Object Repository/Emergency/Page_KDMC - Emergency/button_Add' is clicked on

2018-05-30 14:56:05 - [TEST_STEP][PASSED] - selectOptionByIndex: All options with index in [3] are selected on object 'Object Repository/Emergency/Page_KDMC - Emergency/select_--Select--Schedule 1Inj'

2018-05-30 14:56:05 - [MESSAGE][PASSED] - All options with index in [3] are selected on object 'Object Repository/Emergency/Page_KDMC - Emergency/select_--Select--Schedule 1Inj'

2018-05-30 14:56:05 - [TEST_STEP][PASSED] - delay: Delayed 1 second(s)

2018-05-30 14:56:06 - [MESSAGE][PASSED] - Delayed 1 second(s)

2018-05-30 14:56:06 - [TEST_STEP][PASSED] - selectOptionByIndex: All options with index in [4] are selected on object 'Object Repository/Emergency/Page_KDMC - Emergency/select_--Select--Adernaline 0.'

2018-05-30 14:56:06 - [MESSAGE][PASSED] - All options with index in [4] are selected on object 'Object Repository/Emergency/Page_KDMC - Emergency/select_--Select--Adernaline 0.'

2018-05-30 14:56:06 - [TEST_STEP][PASSED] - delay: Delayed 1 second(s)

2018-05-30 14:56:07 - [MESSAGE][PASSED] - Delayed 1 second(s)

2018-05-30 14:56:07 - [TEST_STEP][PASSED] - setText: Text '10' is set on object 'Object Repository/Emergency/Page_KDMC - Emergency/input_txttreat'

2018-05-30 14:56:07 - [MESSAGE][PASSED] - Text '10' is set on object 'Object Repository/Emergency/Page_KDMC - Emergency/input_txttreat'

2018-05-30 14:56:07 - [TEST_STEP][PASSED] - click: Object: 'Object Repository/Emergency/Page_KDMC - Emergency/button_Add' is clicked on

2018-05-30 14:56:07 - [MESSAGE][PASSED] - Object: 'Object Repository/Emergency/Page_KDMC - Emergency/button_Add' is clicked on

2018-05-30 14:56:07 - [TEST_STEP][PASSED] - selectOptionByIndex: All options with index in [3] are selected on object 'Object Repository/Emergency/Page_KDMC - Emergency/select_--Select--Schedule 1Inj'

2018-05-30 14:56:08 - [MESSAGE][PASSED] - All options with index in [3] are selected on object 'Object Repository/Emergency/Page_KDMC - Emergency/select_--Select--Schedule 1Inj'

2018-05-30 14:56:08 - [TEST_STEP][PASSED] - delay: Delayed 1 second(s)

2018-05-30 14:56:09 - [MESSAGE][PASSED] - Delayed 1 second(s)

2018-05-30 14:56:09 - [TEST_STEP][PASSED] - selectOptionByIndex: All options with index in [5] are selected on object 'Object Repository/Emergency/Page_KDMC - Emergency/select_--Select--Adernaline 0.'

2018-05-30 14:56:09 - [MESSAGE][PASSED] - All options with index in [5] are selected on object 'Object Repository/Emergency/Page_KDMC - Emergency/select_--Select--Adernaline 0.'

2018-05-30 14:56:09 - [TEST_STEP][PASSED] - delay: Delayed 1 second(s)

2018-05-30 14:56:10 - [MESSAGE][PASSED] - Delayed 1 second(s)

2018-05-30 14:56:10 - [TEST_STEP][PASSED] - setText: Text '10' is set on object 'Object Repository/Emergency/Page_KDMC - Emergency/input_txttreat'

2018-05-30 14:56:10 - [MESSAGE][PASSED] - Text '10' is set on object 'Object Repository/Emergency/Page_KDMC - Emergency/input_txttreat'

2018-05-30 14:56:10 - [TEST_STEP][PASSED] - click: Object: 'Object Repository/Emergency/Page_KDMC - Emergency/button_Add' is clicked on

2018-05-30 14:56:10 - [MESSAGE][PASSED] - Object: 'Object Repository/Emergency/Page_KDMC - Emergency/button_Add' is clicked on

2018-05-30 14:56:10 - [TEST_STEP][PASSED] - selectOptionByIndex: All options with index in [3] are selected on object 'Object Repository/Emergency/Page_KDMC - Emergency/select_--Select--Schedule 1Inj'

2018-05-30 14:56:10 - [MESSAGE][PASSED] - All options with index in [3] are selected on object 'Object Repository/Emergency/Page_KDMC - Emergency/select_--Select--Schedule 1Inj'

2018-05-30 14:56:10 - [TEST_STEP][PASSED] - delay: Delayed 1 second(s)

2018-05-30 14:56:11 - [MESSAGE][PASSED] - Delayed 1 second(s)

2018-05-30 14:56:11 - [TEST_STEP][PASSED] - selectOptionByIndex: All options with index in [6] are selected on object 'Object Repository/Emergency/Page_KDMC - Emergency/select_--Select--Adernaline 0.'

2018-05-30 14:56:11 - [MESSAGE][PASSED] - All options with index in [6] are selected on object 'Object Repository/Emergency/Page_KDMC - Emergency/select_--Select--Adernaline 0.'

2018-05-30 14:56:11 - [TEST_STEP][PASSED] - delay: Delayed 1 second(s)

2018-05-30 14:56:12 - [MESSAGE][PASSED] - Delayed 1 second(s)

2018-05-30 14:56:12 - [TEST_STEP][PASSED] - setText: Text '10' is set on object 'Object Repository/Emergency/Page_KDMC - Emergency/input_txttreat'

2018-05-30 14:56:12 - [MESSAGE][PASSED] - Text '10' is set on object 'Object Repository/Emergency/Page_KDMC - Emergency/input_txttreat'

2018-05-30 14:56:12 - [TEST_STEP][PASSED] - click: Object: 'Object Repository/Emergency/Page_KDMC - Emergency/button_Add' is clicked on

2018-05-30 14:56:12 - [MESSAGE][PASSED] - Object: 'Object Repository/Emergency/Page_KDMC - Emergency/button_Add' is clicked on

2018-05-30 14:56:12 - [TEST_STEP][PASSED] - selectOptionByIndex: All options with index in [3] are selected on object 'Object Repository/Emergency/Page_KDMC - Emergency/select_--Select--Schedule 1Inj'

2018-05-30 14:56:13 - [MESSAGE][PASSED] - All options with index in [3] are selected on object 'Object Repository/Emergency/Page_KDMC - Emergency/select_--Select--Schedule 1Inj'

2018-05-30 14:56:13 - [TEST_STEP][PASSED] - delay: Delayed 1 second(s)

2018-05-30 14:56:14 - [MESSAGE][PASSED] - Delayed 1 second(s)

2018-05-30 14:56:14 - [TEST_STEP][PASSED] - selectOptionByIndex: All options with index in [7] are selected on object 'Object Repository/Emergency/Page_KDMC - Emergency/select_--Select--Adernaline 0.'

2018-05-30 14:56:14 - [MESSAGE][PASSED] - All options with index in [7] are selected on object 'Object Repository/Emergency/Page_KDMC - Emergency/select_--Select--Adernaline 0.'

2018-05-30 14:56:14 - [TEST_STEP][PASSED] - delay: Delayed 1 second(s)

2018-05-30 14:56:15 - [MESSAGE][PASSED] - Delayed 1 second(s)

2018-05-30 14:56:15 - [TEST_STEP][PASSED] - setText: Text '10' is set on object 'Object Repository/Emergency/Page_KDMC - Emergency/input_txttreat'

2018-05-30 14:56:15 - [MESSAGE][PASSED] - Text '10' is set on object 'Object Repository/Emergency/Page_KDMC - Emergency/input_txttreat'

2018-05-30 14:56:15 - [TEST_STEP][PASSED] - click: Object: 'Object Repository/Emergency/Page_KDMC - Emergency/button_Add' is clicked on

2018-05-30 14:56:15 - [MESSAGE][PASSED] - Object: 'Object Repository/Emergency/Page_KDMC - Emergency/button_Add' is clicked on

2018-05-30 14:56:15 - [TEST_STEP][PASSED] - selectOptionByIndex: All options with index in [3] are selected on object 'Object Repository/Emergency/Page_KDMC - Emergency/select_--Select--Schedule 1Inj'

2018-05-30 14:56:15 - [MESSAGE][PASSED] - All options with index in [3] are selected on object 'Object Repository/Emergency/Page_KDMC - Emergency/select_--Select--Schedule 1Inj'

2018-05-30 14:56:15 - [TEST_STEP][PASSED] - delay: Delayed 1 second(s)

2018-05-30 14:56:16 - [MESSAGE][PASSED] - Delayed 1 second(s)

2018-05-30 14:56:16 - [TEST_STEP][PASSED] - selectOptionByIndex: All options with index in [8] are selected on object 'Object Repository/Emergency/Page_KDMC - Emergency/select_--Select--Adernaline 0.'

2018-05-30 14:56:16 - [MESSAGE][PASSED] - All options with index in [8] are selected on object 'Object Repository/Emergency/Page_KDMC - Emergency/select_--Select--Adernaline 0.'

2018-05-30 14:56:16 - [TEST_STEP][PASSED] - delay: Delayed 1 second(s)

2018-05-30 14:56:17 - [MESSAGE][PASSED] - Delayed 1 second(s)

2018-05-30 14:56:17 - [TEST_STEP][PASSED] - setText: Text '10' is set on object 'Object Repository/Emergency/Page_KDMC - Emergency/input_txttreat'

2018-05-30 14:56:17 - [MESSAGE][PASSED] - Text '10' is set on object 'Object Repository/Emergency/Page_KDMC - Emergency/input_txttreat'

2018-05-30 14:56:17 - [TEST_STEP][PASSED] - click: Object: 'Object Repository/Emergency/Page_KDMC - Emergency/button_Add' is clicked on

2018-05-30 14:56:17 - [MESSAGE][PASSED] - Object: 'Object Repository/Emergency/Page_KDMC - Emergency/button_Add' is clicked on

2018-05-30 14:56:17 - [TEST_STEP][PASSED] - selectOptionByIndex: All options with index in [3] are selected on object 'Object Repository/Emergency/Page_KDMC - Emergency/select_--Select--Schedule 1Inj'

2018-05-30 14:56:17 - [MESSAGE][PASSED] - All options with index in [3] are selected on object 'Object Repository/Emergency/Page_KDMC - Emergency/select_--Select--Schedule 1Inj'

2018-05-30 14:56:17 - [TEST_STEP][PASSED] - delay: Delayed 1 second(s)

2018-05-30 14:56:18 - [MESSAGE][PASSED] - Delayed 1 second(s)

2018-05-30 14:56:18 - [TEST_STEP][PASSED] - selectOptionByIndex: All options with index in [9] are selected on object 'Object Repository/Emergency/Page_KDMC - Emergency/select_--Select--Adernaline 0.'

2018-05-30 14:56:19 - [MESSAGE][PASSED] - All options with index in [9] are selected on object 'Object Repository/Emergency/Page_KDMC - Emergency/select_--Select--Adernaline 0.'

2018-05-30 14:56:19 - [TEST_STEP][PASSED] - delay: Delayed 1 second(s)

2018-05-30 14:56:20 - [MESSAGE][PASSED] - Delayed 1 second(s)

2018-05-30 14:56:20 - [TEST_STEP][PASSED] - setText: Text '10' is set on object 'Object Repository/Emergency/Page_KDMC - Emergency/input_txttreat'

2018-05-30 14:56:20 - [MESSAGE][PASSED] - Text '10' is set on object 'Object Repository/Emergency/Page_KDMC - Emergency/input_txttreat'

2018-05-30 14:56:20 - [TEST_STEP][PASSED] - click: Object: 'Object Repository/Emergency/Page_KDMC - Emergency/button_Add' is clicked on

2018-05-30 14:56:20 - [MESSAGE][PASSED] - Object: 'Object Repository/Emergency/Page_KDMC - Emergency/button_Add' is clicked on

2018-05-30 14:56:20 - [TEST_STEP][PASSED] - selectOptionByIndex: All options with index in [3] are selected on object 'Object Repository/Emergency/Page_KDMC - Emergency/select_--Select--Schedule 1Inj'

2018-05-30 14:56:20 - [MESSAGE][PASSED] - All options with index in [3] are selected on object 'Object Repository/Emergency/Page_KDMC - Emergency/select_--Select--Schedule 1Inj'

2018-05-30 14:56:20 - [TEST_STEP][PASSED] - delay: Delayed 1 second(s)

2018-05-30 14:56:21 - [MESSAGE][PASSED] - Delayed 1 second(s)

2018-05-30 14:56:21 - [TEST_STEP][PASSED] - selectOptionByIndex: All options with index in [10] are selected on object 'Object Repository/Emergency/Page_KDMC - Emergency/select_--Select--Adernaline 0.'

2018-05-30 14:56:21 - [MESSAGE][PASSED] - All options with index in [10] are selected on object 'Object Repository/Emergency/Page_KDMC - Emergency/select_--Select--Adernaline 0.'

2018-05-30 14:56:21 - [TEST_STEP][PASSED] - delay: Delayed 1 second(s)

2018-05-30 14:56:22 - [MESSAGE][PASSED] - Delayed 1 second(s)

2018-05-30 14:56:22 - [TEST_STEP][PASSED] - setText: Text '10' is set on object 'Object Repository/Emergency/Page_KDMC - Emergency/input_txttreat'

2018-05-30 14:56:22 - [MESSAGE][PASSED] - Text '10' is set on object 'Object Repository/Emergency/Page_KDMC - Emergency/input_txttreat'

2018-05-30 14:56:22 - [TEST_STEP][PASSED] - click: Object: 'Object Repository/Emergency/Page_KDMC - Emergency/button_Add' is clicked on

2018-05-30 14:56:22 - [MESSAGE][PASSED] - Object: 'Object Repository/Emergency/Page_KDMC - Emergency/button_Add' is clicked on

2018-05-30 14:56:22 - [TEST_STEP][PASSED] - selectOptionByIndex: All options with index in [3] are selected on object 'Object Repository/Emergency/Page_KDMC - Emergency/select_--Select--Schedule 1Inj'

2018-05-30 14:56:22 - [MESSAGE][PASSED] - All options with index in [3] are selected on object 'Object Repository/Emergency/Page_KDMC - Emergency/select_--Select--Schedule 1Inj'

2018-05-30 14:56:22 - [TEST_STEP][PASSED] - delay: Delayed 1 second(s)

2018-05-30 14:56:23 - [MESSAGE][PASSED] - Delayed 1 second(s)

2018-05-30 14:56:23 - [TEST_STEP][PASSED] - selectOptionByIndex: All options with index in [11] are selected on object 'Object Repository/Emergency/Page_KDMC - Emergency/select_--Select--Adernaline 0.'

2018-05-30 14:56:24 - [MESSAGE][PASSED] - All options with index in [11] are selected on object 'Object Repository/Emergency/Page_KDMC - Emergency/select_--Select--Adernaline 0.'

2018-05-30 14:56:24 - [TEST_STEP][PASSED] - delay: Delayed 1 second(s)

2018-05-30 14:56:25 - [MESSAGE][PASSED] - Delayed 1 second(s)

2018-05-30 14:56:25 - [TEST_STEP][PASSED] - setText: Text '10' is set on object 'Object Repository/Emergency/Page_KDMC - Emergency/input_txttreat'

2018-05-30 14:56:25 - [MESSAGE][PASSED] - Text '10' is set on object 'Object Repository/Emergency/Page_KDMC - Emergency/input_txttreat'

2018-05-30 14:56:25 - [TEST_STEP][PASSED] - click: Object: 'Object Repository/Emergency/Page_KDMC - Emergency/button_Add' is clicked on

2018-05-30 14:56:25 - [MESSAGE][PASSED] - Object: 'Object Repository/Emergency/Page_KDMC - Emergency/button_Add' is clicked on

2018-05-30 14:56:25 - [TEST_STEP][PASSED] - selectOptionByIndex: All options with index in [3] are selected on object 'Object Repository/Emergency/Page_KDMC - Emergency/select_--Select--Schedule 1Inj'

2018-05-30 14:56:25 - [MESSAGE][PASSED] - All options with index in [3] are selected on object 'Object Repository/Emergency/Page_KDMC - Emergency/select_--Select--Schedule 1Inj'

2018-05-30 14:56:25 - [TEST_STEP][PASSED] - delay: Delayed 1 second(s)

2018-05-30 14:56:26 - [MESSAGE][PASSED] - Delayed 1 second(s)

2018-05-30 14:56:26 - [TEST_STEP][PASSED] - selectOptionByIndex: All options with index in [12] are selected on object 'Object Repository/Emergency/Page_KDMC - Emergency/select_--Select--Adernaline 0.'

2018-05-30 14:56:26 - [MESSAGE][PASSED] - All options with index in [12] are selected on object 'Object Repository/Emergency/Page_KDMC - Emergency/select_--Select--Adernaline 0.'

2018-05-30 14:56:26 - [TEST_STEP][PASSED] - delay: Delayed 1 second(s)

2018-05-30 14:56:27 - [MESSAGE][PASSED] - Delayed 1 second(s)

2018-05-30 14:56:27 - [TEST_STEP][PASSED] - setText: Text '10' is set on object 'Object Repository/Emergency/Page_KDMC - Emergency/input_txttreat'

2018-05-30 14:56:27 - [MESSAGE][PASSED] - Text '10' is set on object 'Object Repository/Emergency/Page_KDMC - Emergency/input_txttreat'

2018-05-30 14:56:27 - [TEST_STEP][PASSED] - click: Object: 'Object Repository/Emergency/Page_KDMC - Emergency/button_Add' is clicked on

2018-05-30 14:56:27 - [MESSAGE][PASSED] - Object: 'Object Repository/Emergency/Page_KDMC - Emergency/button_Add' is clicked on

2018-05-30 14:56:27 - [TEST_STEP][PASSED] - selectOptionByIndex: All options with index in [3] are selected on object 'Object Repository/Emergency/Page_KDMC - Emergency/select_--Select--Schedule 1Inj'

2018-05-30 14:56:27 - [MESSAGE][PASSED] - All options with index in [3] are selected on object 'Object Repository/Emergency/Page_KDMC - Emergency/select_--Select--Schedule 1Inj'

2018-05-30 14:56:27 - [TEST_STEP][PASSED] - delay: Delayed 1 second(s)

2018-05-30 14:56:28 - [MESSAGE][PASSED] - Delayed 1 second(s)

2018-05-30 14:56:28 - [TEST_STEP][PASSED] - selectOptionByIndex: All options with index in [13] are selected on object 'Object Repository/Emergency/Page_KDMC - Emergency/select_--Select--Adernaline 0.'

2018-05-30 14:56:29 - [MESSAGE][PASSED] - All options with index in [13] are selected on object 'Object Repository/Emergency/Page_KDMC - Emergency/select_--Select--Adernaline 0.'

2018-05-30 14:56:29 - [TEST_STEP][PASSED] - delay: Delayed 1 second(s)

2018-05-30 14:56:30 - [MESSAGE][PASSED] - Delayed 1 second(s)

2018-05-30 14:56:30 - [TEST_STEP][PASSED] - setText: Text '10' is set on object 'Object Repository/Emergency/Page_KDMC - Emergency/input_txttreat'

2018-05-30 14:56:30 - [MESSAGE][PASSED] - Text '10' is set on object 'Object Repository/Emergency/Page_KDMC - Emergency/input_txttreat'

2018-05-30 14:56:30 - [TEST_STEP][PASSED] - click: Object: 'Object Repository/Emergency/Page_KDMC - Emergency/button_Add' is clicked on

2018-05-30 14:56:30 - [MESSAGE][PASSED] - Object: 'Object Repository/Emergency/Page_KDMC - Emergency/button_Add' is clicked on

2018-05-30 14:56:30 - [TEST_STEP][PASSED] - selectOptionByIndex: All options with index in [3] are selected on object 'Object Repository/Emergency/Page_KDMC - Emergency/select_--Select--Schedule 1Inj'

2018-05-30 14:56:30 - [MESSAGE][PASSED] - All options with index in [3] are selected on object 'Object Repository/Emergency/Page_KDMC - Emergency/select_--Select--Schedule 1Inj'

2018-05-30 14:56:30 - [TEST_STEP][PASSED] - delay: Delayed 1 second(s)

2018-05-30 14:56:31 - [MESSAGE][PASSED] - Delayed 1 second(s)

2018-05-30 14:56:31 - [TEST_STEP][PASSED] - selectOptionByIndex: All options with index in [14] are selected on object 'Object Repository/Emergency/Page_KDMC - Emergency/select_--Select--Adernaline 0.'

2018-05-30 14:56:31 - [MESSAGE][PASSED] - All options with index in [14] are selected on object 'Object Repository/Emergency/Page_KDMC - Emergency/select_--Select--Adernaline 0.'

2018-05-30 14:56:31 - [TEST_STEP][PASSED] - delay: Delayed 1 second(s)

2018-05-30 14:56:32 - [MESSAGE][PASSED] - Delayed 1 second(s)

2018-05-30 14:56:32 - [TEST_STEP][PASSED] - setText: Text '10' is set on object 'Object Repository/Emergency/Page_KDMC - Emergency/input_txttreat'

2018-05-30 14:56:32 - [MESSAGE][PASSED] - Text '10' is set on object 'Object Repository/Emergency/Page_KDMC - Emergency/input_txttreat'

2018-05-30 14:56:32 - [TEST_STEP][PASSED] - click: Object: 'Object Repository/Emergency/Page_KDMC - Emergency/button_Add' is clicked on

2018-05-30 14:56:32 - [MESSAGE][PASSED] - Object: 'Object Repository/Emergency/Page_KDMC - Emergency/button_Add' is clicked on

2018-05-30 14:56:32 - [TEST_STEP][PASSED] - selectOptionByIndex: All options with index in [3] are selected on object 'Object Repository/Emergency/Page_KDMC - Emergency/select_--Select--Schedule 1Inj'

2018-05-30 14:56:33 - [MESSAGE][PASSED] - All options with index in [3] are selected on object 'Object Repository/Emergency/Page_KDMC - Emergency/select_--Select--Schedule 1Inj'

2018-05-30 14:56:33 - [TEST_STEP][PASSED] - delay: Delayed 1 second(s)

2018-05-30 14:56:34 - [MESSAGE][PASSED] - Delayed 1 second(s)

2018-05-30 14:56:34 - [TEST_STEP][PASSED] - selectOptionByIndex: All options with index in [15] are selected on object 'Object Repository/Emergency/Page_KDMC - Emergency/select_--Select--Adernaline 0.'

2018-05-30 14:56:34 - [MESSAGE][PASSED] - All options with index in [15] are selected on object 'Object Repository/Emergency/Page_KDMC - Emergency/select_--Select--Adernaline 0.'

2018-05-30 14:56:34 - [TEST_STEP][PASSED] - delay: Delayed 1 second(s)

2018-05-30 14:56:35 - [MESSAGE][PASSED] - Delayed 1 second(s)

2018-05-30 14:56:35 - [TEST_STEP][PASSED] - setText: Text '10' is set on object 'Object Repository/Emergency/Page_KDMC - Emergency/input_txttreat'

2018-05-30 14:56:35 - [MESSAGE][PASSED] - Text '10' is set on object 'Object Repository/Emergency/Page_KDMC - Emergency/input_txttreat'

2018-05-30 14:56:35 - [TEST_STEP][PASSED] - click: Object: 'Object Repository/Emergency/Page_KDMC - Emergency/button_Add' is clicked on

2018-05-30 14:56:35 - [MESSAGE][PASSED] - Object: 'Object Repository/Emergency/Page_KDMC - Emergency/button_Add' is clicked on

2018-05-30 14:56:35 - [TEST_STEP][PASSED] - selectOptionByIndex: All options with index in [3] are selected on object 'Object Repository/Emergency/Page_KDMC - Emergency/select_--Select--Schedule 1Inj'

2018-05-30 14:56:35 - [MESSAGE][PASSED] - All options with index in [3] are selected on object 'Object Repository/Emergency/Page_KDMC - Emergency/select_--Select--Schedule 1Inj'

2018-05-30 14:56:35 - [TEST_STEP][PASSED] - delay: Delayed 1 second(s)

2018-05-30 14:56:36 - [MESSAGE][PASSED] - Delayed 1 second(s)

2018-05-30 14:56:36 - [TEST_STEP][PASSED] - selectOptionByIndex: All options with index in [16] are selected on object 'Object Repository/Emergency/Page_KDMC - Emergency/select_--Select--Adernaline 0.'

2018-05-30 14:56:36 - [MESSAGE][PASSED] - All options with index in [16] are selected on object 'Object Repository/Emergency/Page_KDMC - Emergency/select_--Select--Adernaline 0.'

2018-05-30 14:56:36 - [TEST_STEP][PASSED] - delay: Delayed 1 second(s)

2018-05-30 14:56:37 - [MESSAGE][PASSED] - Delayed 1 second(s)

2018-05-30 14:56:37 - [TEST_STEP][PASSED] - setText: Text '10' is set on object 'Object Repository/Emergency/Page_KDMC - Emergency/input_txttreat'

2018-05-30 14:56:37 - [MESSAGE][PASSED] - Text '10' is set on object 'Object Repository/Emergency/Page_KDMC - Emergency/input_txttreat'

2018-05-30 14:56:37 - [TEST_STEP][PASSED] - click: Object: 'Object Repository/Emergency/Page_KDMC - Emergency/button_Add' is clicked on

2018-05-30 14:56:38 - [MESSAGE][PASSED] - Object: 'Object Repository/Emergency/Page_KDMC - Emergency/button_Add' is clicked on

2018-05-30 14:56:38 - [TEST_STEP][PASSED] - scrollToElement: Scroll to object 'Object Repository/Emergency/Page_KDMC - Emergency/input_btnsave' successfully

2018-05-30 14:56:38 - [MESSAGE][PASSED] - Scroll to object 'Object Repository/Emergency/Page_KDMC - Emergency/input_btnsave' successfully

2018-05-30 14:56:38 - [TEST_STEP][PASSED] - click: Object: 'Object Repository/Emergency/Page_KDMC - Emergency/input_btnsave' is clicked on

2018-05-30 14:56:38 - [MESSAGE][PASSED] - Object: 'Object Repository/Emergency/Page_KDMC - Emergency/input_btnsave' is clicked on

2018-05-30 14:56:38 - [TEST_STEP][PASSED] - delay: Delayed 3 second(s)

2018-05-30 14:56:41 - [MESSAGE][PASSED] - Delayed 3 second(s)

2018-05-30 14:56:41 - [TEST_STEP][PASSED] - Statement - RequestNumber = com.kms.katalon.core.webui.keyword.WebUiBuiltInKeywords.getText(com.kms.katalon.core.testobject.ObjectRepository.findTestObject(Emergency/Page_KDMC - Emergency/font_ERNO100520183)): Text of object 'Object Repository/Emergency/Page_KDMC - Emergency/font_ERNO100520183' is: 'ERNO/30052018/523'

2018-05-30 14:56:41 - [MESSAGE][PASSED] - Text of object 'Object Repository/Emergency/Page_KDMC - Emergency/font_ERNO100520183' is: 'ERNO/30052018/523'

2018-05-30 14:56:41 - [TEST_STEP][PASSED] - Statement - Rno = RequestNumber.split("/")[2]: null

2018-05-30 14:56:41 - [TEST_STEP][PASSED] - Statement - out.println(Rno): null

2018-05-30 14:56:41 - [TEST_STEP][PASSED] - click: Object: 'Object Repository/Emergency/Page_KDMC - Emergency/button_OK' is clicked on

2018-05-30 14:56:41 - [MESSAGE][PASSED] - Object: 'Object Repository/Emergency/Page_KDMC - Emergency/button_OK' is clicked on

2018-05-30 14:56:41 - [TEST_STEP][PASSED] - delay: Delayed 3 second(s)

2018-05-30 14:56:44 - [MESSAGE][PASSED] - Delayed 3 second(s)

2018-05-30 14:56:44 - [TEST_STEP][PASSED] - click: Object: 'Object Repository/Emergency/Page_KDMC - Emergency/a_dropdown-toggle' is clicked on

2018-05-30 14:56:44 - [MESSAGE][PASSED] - Object: 'Object Repository/Emergency/Page_KDMC - Emergency/a_dropdown-toggle' is clicked on

2018-05-30 14:56:44 - [TEST_STEP][PASSED] - click: Object: 'Object Repository/Emergency/Page_KDMC - Emergency/a_Sign out' is clicked on

2018-05-30 14:56:45 - [MESSAGE][PASSED] - Object: 'Object Repository/Emergency/Page_KDMC - Emergency/a_Sign out' is clicked on

2018-05-30 14:56:45 - [TEST_STEP][PASSED] - delay: Delayed 3 second(s)

2018-05-30 14:56:48 - [MESSAGE][PASSED] - Delayed 3 second(s)

2018-05-30 14:56:48 - [TEST_STEP][PASSED] - click: Object: 'Object Repository/Emergency/Page_KDMC/a_CMO' is clicked on

2018-05-30 14:56:49 - [MESSAGE][PASSED] - Object: 'Object Repository/Emergency/Page_KDMC/a_CMO' is clicked on

2018-05-30 14:56:49 - [TEST_STEP][PASSED] - setText: Text 'guru' is set on object 'Object Repository/Emergency/Page_CMO login/input_txtusername'

2018-05-30 14:56:49 - [MESSAGE][PASSED] - Text 'guru' is set on object 'Object Repository/Emergency/Page_CMO login/input_txtusername'

2018-05-30 14:56:49 - [TEST_STEP][PASSED] - setText: Text '123' is set on object 'Object Repository/Emergency/Page_CMO login/input_txtpassword'

2018-05-30 14:56:49 - [MESSAGE][PASSED] - Text '123' is set on object 'Object Repository/Emergency/Page_CMO login/input_txtpassword'

2018-05-30 14:56:49 - [TEST_STEP][PASSED] - delay: Delayed 3 second(s)

2018-05-30 14:56:52 - [MESSAGE][PASSED] - Delayed 3 second(s)

2018-05-30 14:56:52 - [TEST_STEP][PASSED] - click: Object: 'Object Repository/Emergency/Page_CMO login/button_Sign in' is clicked on

2018-05-30 14:56:53 - [MESSAGE][PASSED] - Object: 'Object Repository/Emergency/Page_CMO login/button_Sign in' is clicked on

2018-05-30 14:56:53 - [TEST_STEP][PASSED] - delay: Delayed 2 second(s)

2018-05-30 14:56:55 - [MESSAGE][PASSED] - Delayed 2 second(s)

2018-05-30 14:56:55 - [TEST_STEP][PASSED] - click: Object: 'Object Repository/Emergency/Page_KDMC - CMO/a_Department Wise Request' is clicked on

2018-05-30 14:56:55 - [MESSAGE][PASSED] - Object: 'Object Repository/Emergency/Page_KDMC - CMO/a_Department Wise Request' is clicked on

2018-05-30 14:56:55 - [TEST_STEP][PASSED] - selectOptionByIndex: All options with index in [7] are selected on object 'Object Repository/Emergency/Page_KDMC - CMO/select_--ALL--'

2018-05-30 14:56:55 - [MESSAGE][PASSED] - All options with index in [7] are selected on object 'Object Repository/Emergency/Page_KDMC - CMO/select_--ALL--'

2018-05-30 14:56:55 - [TEST_STEP][PASSED] - selectOptionByIndex: All options with index in [1] are selected on object 'Object Repository/Emergency/Page_KDMC - CMO/select_--ALL--                _1'

2018-05-30 14:56:56 - [MESSAGE][PASSED] - All options with index in [1] are selected on object 'Object Repository/Emergency/Page_KDMC - CMO/select_--ALL--                _1'

2018-05-30 14:56:56 - [TEST_STEP][PASSED] - click: Object: 'Object Repository/Emergency/Page_KDMC - CMO/input_btnsearch' is clicked on

2018-05-30 14:56:56 - [MESSAGE][PASSED] - Object: 'Object Repository/Emergency/Page_KDMC - CMO/input_btnsearch' is clicked on

2018-05-30 14:56:56 - [TEST_STEP][PASSED] - Statement - ID = com.kms.katalon.core.webui.keyword.WebUiBuiltInKeywords.modifyObjectProperty(com.kms.katalon.core.testobject.ObjectRepository.findTestObject(Emergency/Page_KDMC - CMO/input_3), "xpath", "equals", "//*[@id=" + Rno + "]", true): Modify property of object successfully

2018-05-30 14:56:56 - [MESSAGE][PASSED] - Modify property of object successfully

2018-05-30 14:56:56 - [TEST_STEP][PASSED] - click: Object: 'Object Repository/Emergency/Page_KDMC - CMO/input_3' is clicked on

2018-05-30 14:56:56 - [MESSAGE][PASSED] - Object: 'Object Repository/Emergency/Page_KDMC - CMO/input_3' is clicked on

2018-05-30 14:56:56 - [TEST_STEP][PASSED] - delay: Delayed 2 second(s)

2018-05-30 14:56:58 - [MESSAGE][PASSED] - Delayed 2 second(s)

2018-05-30 14:56:58 - [TEST_STEP][PASSED] - selectOptionByIndex: All options with index in [1] are selected on object 'Object Repository/Emergency/Page_KDMC - CMO/select_--Select--'

2018-05-30 14:56:58 - [MESSAGE][PASSED] - All options with index in [1] are selected on object 'Object Repository/Emergency/Page_KDMC - CMO/select_--Select--'

2018-05-30 14:56:58 - [TEST_STEP][PASSED] - click: Object: 'Object Repository/Emergency/Page_KDMC - CMO/input_btnupdate' is clicked on

2018-05-30 14:56:59 - [MESSAGE][PASSED] - Object: 'Object Repository/Emergency/Page_KDMC - CMO/input_btnupdate' is clicked on

2018-05-30 14:56:59 - [TEST_STEP][PASSED] - delay: Delayed 2 second(s)

2018-05-30 14:57:01 - [MESSAGE][PASSED] - Delayed 2 second(s)

2018-05-30 14:57:01 - [TEST_STEP][PASSED] - click: Object: 'Object Repository/Emergency/Page_KDMC - CMO/button_OK' is clicked on

2018-05-30 14:57:01 - [MESSAGE][PASSED] - Object: 'Object Repository/Emergency/Page_KDMC - CMO/button_OK' is clicked on

2018-05-30 14:57:01 - [TEST_STEP][PASSED] - delay: Delayed 2 second(s)

2018-05-30 14:57:03 - [MESSAGE][PASSED] - Delayed 2 second(s)

2018-05-30 14:57:03 - [TEST_STEP][PASSED] - click: Object: 'Object Repository/Emergency/Page_KDMC - CMO/a_dropdown-toggle' is clicked on

2018-05-30 14:57:03 - [MESSAGE][PASSED] - Object: 'Object Repository/Emergency/Page_KDMC - CMO/a_dropdown-toggle' is clicked on

2018-05-30 14:57:03 - [TEST_STEP][PASSED] - click: Object: 'Object Repository/Emergency/Page_KDMC - CMO/a_Sign out' is clicked on

2018-05-30 14:57:04 - [MESSAGE][PASSED] - Object: 'Object Repository/Emergency/Page_KDMC - CMO/a_Sign out' is clicked on

2018-05-30 14:57:04 - [TEST_STEP][PASSED] - delay: Delayed 3 second(s)

2018-05-30 14:57:07 - [MESSAGE][PASSED] - Delayed 3 second(s)

2018-05-30 14:57:07 - [TEST_STEP][PASSED] - click: Object: 'Object Repository/Emergency/Page_KDMC/a_Divisional Store' is clicked on

2018-05-30 14:57:07 - [MESSAGE][PASSED] - Object: 'Object Repository/Emergency/Page_KDMC/a_Divisional Store' is clicked on

2018-05-30 14:57:07 - [TEST_STEP][PASSED] - setText: Text 'ragu' is set on object 'Object Repository/Emergency/Page_Divisonal Store Login/input_txtusername'

2018-05-30 14:57:07 - [MESSAGE][PASSED] - Text 'ragu' is set on object 'Object Repository/Emergency/Page_Divisonal Store Login/input_txtusername'

2018-05-30 14:57:07 - [TEST_STEP][PASSED] - setText: Text '123' is set on object 'Object Repository/Emergency/Page_Divisonal Store Login/input_txtpassword'

2018-05-30 14:57:08 - [MESSAGE][PASSED] - Text '123' is set on object 'Object Repository/Emergency/Page_Divisonal Store Login/input_txtpassword'

2018-05-30 14:57:08 - [TEST_STEP][PASSED] - delay: Delayed 3 second(s)

2018-05-30 14:57:11 - [MESSAGE][PASSED] - Delayed 3 second(s)

2018-05-30 14:57:11 - [TEST_STEP][PASSED] - click: Object: 'Object Repository/Emergency/Page_Divisonal Store Login/button_Sign in' is clicked on

2018-05-30 14:57:12 - [MESSAGE][PASSED] - Object: 'Object Repository/Emergency/Page_Divisonal Store Login/button_Sign in' is clicked on

2018-05-30 14:57:12 - [TEST_STEP][PASSED] - delay: Delayed 2 second(s)

2018-05-30 14:57:14 - [MESSAGE][PASSED] - Delayed 2 second(s)

2018-05-30 14:57:14 - [TEST_STEP][PASSED] - click: Object: 'Object Repository/Emergency/Page_Store/a_Emergency Request' is clicked on

2018-05-30 14:57:14 - [MESSAGE][PASSED] - Object: 'Object Repository/Emergency/Page_Store/a_Emergency Request' is clicked on

2018-05-30 14:57:14 - [TEST_STEP][PASSED] - click: Object: 'Object Repository/Emergency/Page_Store/a_Request Item Emergency' is clicked on

2018-05-30 14:57:15 - [MESSAGE][PASSED] - Object: 'Object Repository/Emergency/Page_Store/a_Request Item Emergency' is clicked on

2018-05-30 14:57:15 - [TEST_STEP][PASSED] - setText: Text '523' is set on object 'Object Repository/Emergency/Page_Store/input'

2018-05-30 14:57:15 - [MESSAGE][PASSED] - Text '523' is set on object 'Object Repository/Emergency/Page_Store/input'

2018-05-30 14:57:15 - [TEST_STEP][PASSED] - Statement - ChooseRequest = com.kms.katalon.core.webui.keyword.WebUiBuiltInKeywords.modifyObjectProperty(com.kms.katalon.core.testobject.ObjectRepository.findTestObject(Emergency/Page_Store/input_3), "xpath", "equals", "//*[@id=" + Rno + "]", true): Modify property of object successfully

2018-05-30 14:57:15 - [MESSAGE][PASSED] - Modify property of object successfully

2018-05-30 14:57:15 - [TEST_STEP][PASSED] - click: Object: 'Object Repository/Emergency/Page_Store/input_3' is clicked on

2018-05-30 14:57:16 - [MESSAGE][PASSED] - Object: 'Object Repository/Emergency/Page_Store/input_3' is clicked on

2018-05-30 14:57:16 - [TEST_STEP][PASSED] - delay: Delayed 2 second(s)

2018-05-30 14:57:18 - [MESSAGE][PASSED] - Delayed 2 second(s)

2018-05-30 14:57:18 - [TEST_STEP][PASSED] - Statement - selectedoptions1 = com.kms.katalon.core.webui.keyword.WebUiBuiltInKeywords.getNumberOfTotalOption(com.kms.katalon.core.testobject.ObjectRepository.findTestObject(Emergency/Page_Store/select_--Select--Amikacin -500)): 17 options of object 'Object Repository/Emergency/Page_Store/select_--Select--Amikacin -500' counted

2018-05-30 14:57:18 - [MESSAGE][PASSED] - 17 options of object 'Object Repository/Emergency/Page_Store/select_--Select--Amikacin -500' counted

2018-05-30 14:57:18 - [TEST_STEP][PASSED] - Statement - out.println("Soptions : " + selectedoptions1): null

2018-05-30 14:57:18 - [TEST_STEP][PASSED] - Statement - For ([a = 1, a <= selectedoptions1 - 1, (a++)]): null

2018-05-30 14:57:18 - [TEST_STEP][PASSED] - delay: Delayed 2 second(s)

2018-05-30 14:57:20 - [MESSAGE][PASSED] - Delayed 2 second(s)

2018-05-30 14:57:20 - [TEST_STEP][PASSED] - selectOptionByIndex: All options with index in [1] are selected on object 'Object Repository/Emergency/Page_Store/select_--Select--Amikacin -500'

2018-05-30 14:57:20 - [MESSAGE][PASSED] - All options with index in [1] are selected on object 'Object Repository/Emergency/Page_Store/select_--Select--Amikacin -500'

2018-05-30 14:57:20 - [TEST_STEP][PASSED] - delay: Delayed 2 second(s)

2018-05-30 14:57:22 - [MESSAGE][PASSED] - Delayed 2 second(s)

2018-05-30 14:57:22 - [TEST_STEP][PASSED] - Statement - RequestedQty = com.kms.katalon.core.webui.keyword.WebUiBuiltInKeywords.getAttribute(com.kms.katalon.core.testobject.ObjectRepository.findTestObject(Emergency/Page_Store/input_txttotal), "value"): Attribute 'value' of object 'Object Repository/Emergency/Page_Store/input_txttotal' is: '10'

2018-05-30 14:57:22 - [MESSAGE][PASSED] - Attribute 'value' of object 'Object Repository/Emergency/Page_Store/input_txttotal' is: '10'

2018-05-30 14:57:22 - [TEST_STEP][PASSED] - Statement - out.println("Requested QTY : " + RequestedQty): null

2018-05-30 14:57:22 - [TEST_STEP][PASSED] - Statement - BatchNumber = com.kms.katalon.core.webui.keyword.WebUiBuiltInKeywords.getNumberOfTotalOption(com.kms.katalon.core.testobject.ObjectRepository.findTestObject(Emergency/Page_Store/select_--Select--BA1150BA4110)): 4 options of object 'Object Repository/Emergency/Page_Store/select_--Select--BA1150BA4110' counted

2018-05-30 14:57:22 - [MESSAGE][PASSED] - 4 options of object 'Object Repository/Emergency/Page_Store/select_--Select--BA1150BA4110' counted

2018-05-30 14:57:22 - [TEST_STEP][PASSED] - Statement - out.println("Batch : " + BatchNumber): null

2018-05-30 14:57:22 - [TEST_STEP][PASSED] - Statement - For ([g = 1, g <= BatchNumber - 1, (g++)]): null

2018-05-30 14:57:22 - [TEST_STEP][PASSED] - selectOptionByIndex: All options with index in [1] are selected on object 'Object Repository/Emergency/Page_Store/select_--Select--BA1150BA4110'

2018-05-30 14:57:22 - [MESSAGE][PASSED] - All options with index in [1] are selected on object 'Object Repository/Emergency/Page_Store/select_--Select--BA1150BA4110'

2018-05-30 14:57:22 - [TEST_STEP][PASSED] - delay: Delayed 2 second(s)

2018-05-30 14:57:24 - [MESSAGE][PASSED] - Delayed 2 second(s)

2018-05-30 14:57:24 - [TEST_STEP][PASSED] - Statement - StockQty = com.kms.katalon.core.webui.keyword.WebUiBuiltInKeywords.getAttribute(com.kms.katalon.core.testobject.ObjectRepository.findTestObject(Emergency/Page_Store/input_txtprice), "value"): Attribute 'value' of object 'Object Repository/Emergency/Page_Store/input_txtprice' is: '1840'

2018-05-30 14:57:24 - [MESSAGE][PASSED] - Attribute 'value' of object 'Object Repository/Emergency/Page_Store/input_txtprice' is: '1840'

2018-05-30 14:57:24 - [TEST_STEP][PASSED] - Statement - out.println("Stock QTY : " + StockQty): null

2018-05-30 14:57:24 - [TEST_STEP][PASSED] - delay: Delayed 2 second(s)

2018-05-30 14:57:26 - [MESSAGE][PASSED] - Delayed 2 second(s)

2018-05-30 14:57:26 - [TEST_STEP][PASSED] - Statement - If (java.lang.Integer.valueOf(StockQty) >= java.lang.Integer.valueOf(RequestedQty)): null

2018-05-30 14:57:26 - [TEST_STEP][PASSED] - delay: Delayed 1 second(s)

2018-05-30 14:57:27 - [MESSAGE][PASSED] - Delayed 1 second(s)

2018-05-30 14:57:27 - [TEST_STEP][PASSED] - setText: Text '10' is set on object 'Object Repository/Emergency/Page_Store/input_txtqty'

2018-05-30 14:57:27 - [MESSAGE][PASSED] - Text '10' is set on object 'Object Repository/Emergency/Page_Store/input_txtqty'

2018-05-30 14:57:27 - [TEST_STEP][PASSED] - click: Object: 'Object Repository/Emergency/Page_Store/button_Add' is clicked on

2018-05-30 14:57:27 - [MESSAGE][PASSED] - Object: 'Object Repository/Emergency/Page_Store/button_Add' is clicked on

2018-05-30 14:57:27 - [TEST_STEP][PASSED] - Statement - Break: null

2018-05-30 14:57:27 - [TEST_STEP][PASSED] - delay: Delayed 2 second(s)

2018-05-30 14:57:29 - [MESSAGE][PASSED] - Delayed 2 second(s)

2018-05-30 14:57:29 - [TEST_STEP][PASSED] - selectOptionByIndex: All options with index in [2] are selected on object 'Object Repository/Emergency/Page_Store/select_--Select--Amikacin -500'

2018-05-30 14:57:30 - [MESSAGE][PASSED] - All options with index in [2] are selected on object 'Object Repository/Emergency/Page_Store/select_--Select--Amikacin -500'

2018-05-30 14:57:30 - [TEST_STEP][PASSED] - delay: Delayed 2 second(s)

2018-05-30 14:57:32 - [MESSAGE][PASSED] - Delayed 2 second(s)

2018-05-30 14:57:32 - [TEST_STEP][PASSED] - Statement - RequestedQty = com.kms.katalon.core.webui.keyword.WebUiBuiltInKeywords.getAttribute(com.kms.katalon.core.testobject.ObjectRepository.findTestObject(Emergency/Page_Store/input_txttotal), "value"): Attribute 'value' of object 'Object Repository/Emergency/Page_Store/input_txttotal' is: '10'

2018-05-30 14:57:32 - [MESSAGE][PASSED] - Attribute 'value' of object 'Object Repository/Emergency/Page_Store/input_txttotal' is: '10'

2018-05-30 14:57:32 - [TEST_STEP][PASSED] - Statement - out.println("Requested QTY : " + RequestedQty): null

2018-05-30 14:57:32 - [TEST_STEP][PASSED] - Statement - BatchNumber = com.kms.katalon.core.webui.keyword.WebUiBuiltInKeywords.getNumberOfTotalOption(com.kms.katalon.core.testobject.ObjectRepository.findTestObject(Emergency/Page_Store/select_--Select--BA1150BA4110)): 3 options of object 'Object Repository/Emergency/Page_Store/select_--Select--BA1150BA4110' counted

2018-05-30 14:57:32 - [MESSAGE][PASSED] - 3 options of object 'Object Repository/Emergency/Page_Store/select_--Select--BA1150BA4110' counted

2018-05-30 14:57:32 - [TEST_STEP][PASSED] - Statement - out.println("Batch : " + BatchNumber): null

2018-05-30 14:57:32 - [TEST_STEP][PASSED] - Statement - For ([g = 1, g <= BatchNumber - 1, (g++)]): null

2018-05-30 14:57:32 - [TEST_STEP][PASSED] - selectOptionByIndex: All options with index in [1] are selected on object 'Object Repository/Emergency/Page_Store/select_--Select--BA1150BA4110'

2018-05-30 14:57:32 - [MESSAGE][PASSED] - All options with index in [1] are selected on object 'Object Repository/Emergency/Page_Store/select_--Select--BA1150BA4110'

2018-05-30 14:57:32 - [TEST_STEP][PASSED] - delay: Delayed 2 second(s)

2018-05-30 14:57:34 - [MESSAGE][PASSED] - Delayed 2 second(s)

2018-05-30 14:57:34 - [TEST_STEP][PASSED] - Statement - StockQty = com.kms.katalon.core.webui.keyword.WebUiBuiltInKeywords.getAttribute(com.kms.katalon.core.testobject.ObjectRepository.findTestObject(Emergency/Page_Store/input_txtprice), "value"): Attribute 'value' of object 'Object Repository/Emergency/Page_Store/input_txtprice' is: '1533'

2018-05-30 14:57:34 - [MESSAGE][PASSED] - Attribute 'value' of object 'Object Repository/Emergency/Page_Store/input_txtprice' is: '1533'

2018-05-30 14:57:34 - [TEST_STEP][PASSED] - Statement - out.println("Stock QTY : " + StockQty): null

2018-05-30 14:57:34 - [TEST_STEP][PASSED] - delay: Delayed 2 second(s)

2018-05-30 14:57:36 - [MESSAGE][PASSED] - Delayed 2 second(s)

2018-05-30 14:57:36 - [TEST_STEP][PASSED] - Statement - If (java.lang.Integer.valueOf(StockQty) >= java.lang.Integer.valueOf(RequestedQty)): null

2018-05-30 14:57:36 - [TEST_STEP][PASSED] - delay: Delayed 1 second(s)

2018-05-30 14:57:37 - [MESSAGE][PASSED] - Delayed 1 second(s)

2018-05-30 14:57:37 - [TEST_STEP][PASSED] - setText: Text '10' is set on object 'Object Repository/Emergency/Page_Store/input_txtqty'

2018-05-30 14:57:37 - [MESSAGE][PASSED] - Text '10' is set on object 'Object Repository/Emergency/Page_Store/input_txtqty'

2018-05-30 14:57:37 - [TEST_STEP][PASSED] - click: Object: 'Object Repository/Emergency/Page_Store/button_Add' is clicked on

2018-05-30 14:57:37 - [MESSAGE][PASSED] - Object: 'Object Repository/Emergency/Page_Store/button_Add' is clicked on

2018-05-30 14:57:37 - [TEST_STEP][PASSED] - Statement - Break: null

2018-05-30 14:57:37 - [TEST_STEP][PASSED] - delay: Delayed 2 second(s)

2018-05-30 14:57:39 - [MESSAGE][PASSED] - Delayed 2 second(s)

2018-05-30 14:57:39 - [TEST_STEP][PASSED] - selectOptionByIndex: All options with index in [3] are selected on object 'Object Repository/Emergency/Page_Store/select_--Select--Amikacin -500'

2018-05-30 14:57:39 - [MESSAGE][PASSED] - All options with index in [3] are selected on object 'Object Repository/Emergency/Page_Store/select_--Select--Amikacin -500'

2018-05-30 14:57:39 - [TEST_STEP][PASSED] - delay: Delayed 2 second(s)

2018-05-30 14:57:41 - [MESSAGE][PASSED] - Delayed 2 second(s)

2018-05-30 14:57:41 - [TEST_STEP][PASSED] - Statement - RequestedQty = com.kms.katalon.core.webui.keyword.WebUiBuiltInKeywords.getAttribute(com.kms.katalon.core.testobject.ObjectRepository.findTestObject(Emergency/Page_Store/input_txttotal), "value"): Attribute 'value' of object 'Object Repository/Emergency/Page_Store/input_txttotal' is: '10'

2018-05-30 14:57:42 - [MESSAGE][PASSED] - Attribute 'value' of object 'Object Repository/Emergency/Page_Store/input_txttotal' is: '10'

2018-05-30 14:57:42 - [TEST_STEP][PASSED] - Statement - out.println("Requested QTY : " + RequestedQty): null

2018-05-30 14:57:42 - [TEST_STEP][PASSED] - Statement - BatchNumber = com.kms.katalon.core.webui.keyword.WebUiBuiltInKeywords.getNumberOfTotalOption(com.kms.katalon.core.testobject.ObjectRepository.findTestObject(Emergency/Page_Store/select_--Select--BA1150BA4110)): 3 options of object 'Object Repository/Emergency/Page_Store/select_--Select--BA1150BA4110' counted

2018-05-30 14:57:43 - [MESSAGE][PASSED] - 3 options of object 'Object Repository/Emergency/Page_Store/select_--Select--BA1150BA4110' counted

2018-05-30 14:57:43 - [TEST_STEP][PASSED] - Statement - out.println("Batch : " + BatchNumber): null

2018-05-30 14:57:43 - [TEST_STEP][PASSED] - Statement - For ([g = 1, g <= BatchNumber - 1, (g++)]): null

2018-05-30 14:57:43 - [TEST_STEP][PASSED] - selectOptionByIndex: All options with index in [1] are selected on object 'Object Repository/Emergency/Page_Store/select_--Select--BA1150BA4110'

2018-05-30 14:57:43 - [MESSAGE][PASSED] - All options with index in [1] are selected on object 'Object Repository/Emergency/Page_Store/select_--Select--BA1150BA4110'

2018-05-30 14:57:43 - [TEST_STEP][PASSED] - delay: Delayed 2 second(s)

2018-05-30 14:57:45 - [MESSAGE][PASSED] - Delayed 2 second(s)

2018-05-30 14:57:45 - [TEST_STEP][PASSED] - Statement - StockQty = com.kms.katalon.core.webui.keyword.WebUiBuiltInKeywords.getAttribute(com.kms.katalon.core.testobject.ObjectRepository.findTestObject(Emergency/Page_Store/input_txtprice), "value"): Attribute 'value' of object 'Object Repository/Emergency/Page_Store/input_txtprice' is: '1745'

2018-05-30 14:57:45 - [MESSAGE][PASSED] - Attribute 'value' of object 'Object Repository/Emergency/Page_Store/input_txtprice' is: '1745'

2018-05-30 14:57:45 - [TEST_STEP][PASSED] - Statement - out.println("Stock QTY : " + StockQty): null

2018-05-30 14:57:45 - [TEST_STEP][PASSED] - delay: Delayed 2 second(s)

2018-05-30 14:57:47 - [MESSAGE][PASSED] - Delayed 2 second(s)

2018-05-30 14:57:47 - [TEST_STEP][PASSED] - Statement - If (java.lang.Integer.valueOf(StockQty) >= java.lang.Integer.valueOf(RequestedQty)): null

2018-05-30 14:57:47 - [TEST_STEP][PASSED] - delay: Delayed 1 second(s)

2018-05-30 14:57:48 - [MESSAGE][PASSED] - Delayed 1 second(s)

2018-05-30 14:57:48 - [TEST_STEP][PASSED] - setText: Text '10' is set on object 'Object Repository/Emergency/Page_Store/input_txtqty'

2018-05-30 14:57:48 - [MESSAGE][PASSED] - Text '10' is set on object 'Object Repository/Emergency/Page_Store/input_txtqty'

2018-05-30 14:57:48 - [TEST_STEP][PASSED] - click: Object: 'Object Repository/Emergency/Page_Store/button_Add' is clicked on

2018-05-30 14:57:48 - [MESSAGE][PASSED] - Object: 'Object Repository/Emergency/Page_Store/button_Add' is clicked on

2018-05-30 14:57:48 - [TEST_STEP][PASSED] - Statement - Break: null

2018-05-30 14:57:48 - [TEST_STEP][PASSED] - delay: Delayed 2 second(s)

2018-05-30 14:57:50 - [MESSAGE][PASSED] - Delayed 2 second(s)

2018-05-30 14:57:50 - [TEST_STEP][PASSED] - selectOptionByIndex: All options with index in [4] are selected on object 'Object Repository/Emergency/Page_Store/select_--Select--Amikacin -500'

2018-05-30 14:57:50 - [MESSAGE][PASSED] - All options with index in [4] are selected on object 'Object Repository/Emergency/Page_Store/select_--Select--Amikacin -500'

2018-05-30 14:57:50 - [TEST_STEP][PASSED] - delay: Delayed 2 second(s)

2018-05-30 14:57:52 - [MESSAGE][PASSED] - Delayed 2 second(s)

2018-05-30 14:57:52 - [TEST_STEP][PASSED] - Statement - RequestedQty = com.kms.katalon.core.webui.keyword.WebUiBuiltInKeywords.getAttribute(com.kms.katalon.core.testobject.ObjectRepository.findTestObject(Emergency/Page_Store/input_txttotal), "value"): Attribute 'value' of object 'Object Repository/Emergency/Page_Store/input_txttotal' is: '10'

2018-05-30 14:57:52 - [MESSAGE][PASSED] - Attribute 'value' of object 'Object Repository/Emergency/Page_Store/input_txttotal' is: '10'

2018-05-30 14:57:52 - [TEST_STEP][PASSED] - Statement - out.println("Requested QTY : " + RequestedQty): null

2018-05-30 14:57:52 - [TEST_STEP][PASSED] - Statement - BatchNumber = com.kms.katalon.core.webui.keyword.WebUiBuiltInKeywords.getNumberOfTotalOption(com.kms.katalon.core.testobject.ObjectRepository.findTestObject(Emergency/Page_Store/select_--Select--BA1150BA4110)): 3 options of object 'Object Repository/Emergency/Page_Store/select_--Select--BA1150BA4110' counted

2018-05-30 14:57:52 - [MESSAGE][PASSED] - 3 options of object 'Object Repository/Emergency/Page_Store/select_--Select--BA1150BA4110' counted

2018-05-30 14:57:52 - [TEST_STEP][PASSED] - Statement - out.println("Batch : " + BatchNumber): null

2018-05-30 14:57:52 - [TEST_STEP][PASSED] - Statement - For ([g = 1, g <= BatchNumber - 1, (g++)]): null

2018-05-30 14:57:52 - [TEST_STEP][PASSED] - selectOptionByIndex: All options with index in [1] are selected on object 'Object Repository/Emergency/Page_Store/select_--Select--BA1150BA4110'

2018-05-30 14:57:52 - [MESSAGE][PASSED] - All options with index in [1] are selected on object 'Object Repository/Emergency/Page_Store/select_--Select--BA1150BA4110'

2018-05-30 14:57:52 - [TEST_STEP][PASSED] - delay: Delayed 2 second(s)

2018-05-30 14:57:54 - [MESSAGE][PASSED] - Delayed 2 second(s)

2018-05-30 14:57:54 - [TEST_STEP][PASSED] - Statement - StockQty = com.kms.katalon.core.webui.keyword.WebUiBuiltInKeywords.getAttribute(com.kms.katalon.core.testobject.ObjectRepository.findTestObject(Emergency/Page_Store/input_txtprice), "value"): Attribute 'value' of object 'Object Repository/Emergency/Page_Store/input_txtprice' is: '1745'

2018-05-30 14:57:54 - [MESSAGE][PASSED] - Attribute 'value' of object 'Object Repository/Emergency/Page_Store/input_txtprice' is: '1745'

2018-05-30 14:57:54 - [TEST_STEP][PASSED] - Statement - out.println("Stock QTY : " + StockQty): null

2018-05-30 14:57:54 - [TEST_STEP][PASSED] - delay: Delayed 2 second(s)

2018-05-30 14:57:56 - [MESSAGE][PASSED] - Delayed 2 second(s)

2018-05-30 14:57:56 - [TEST_STEP][PASSED] - Statement - If (java.lang.Integer.valueOf(StockQty) >= java.lang.Integer.valueOf(RequestedQty)): null

2018-05-30 14:57:56 - [TEST_STEP][PASSED] - delay: Delayed 1 second(s)

2018-05-30 14:57:57 - [MESSAGE][PASSED] - Delayed 1 second(s)

2018-05-30 14:57:57 - [TEST_STEP][PASSED] - setText: Text '10' is set on object 'Object Repository/Emergency/Page_Store/input_txtqty'

2018-05-30 14:57:57 - [MESSAGE][PASSED] - Text '10' is set on object 'Object Repository/Emergency/Page_Store/input_txtqty'

2018-05-30 14:57:57 - [TEST_STEP][PASSED] - click: Object: 'Object Repository/Emergency/Page_Store/button_Add' is clicked on

2018-05-30 14:57:57 - [MESSAGE][PASSED] - Object: 'Object Repository/Emergency/Page_Store/button_Add' is clicked on

2018-05-30 14:57:57 - [TEST_STEP][PASSED] - Statement - Break: null

2018-05-30 14:57:57 - [TEST_STEP][PASSED] - delay: Delayed 2 second(s)

2018-05-30 14:57:59 - [MESSAGE][PASSED] - Delayed 2 second(s)

2018-05-30 14:57:59 - [TEST_STEP][PASSED] - selectOptionByIndex: All options with index in [5] are selected on object 'Object Repository/Emergency/Page_Store/select_--Select--Amikacin -500'

2018-05-30 14:58:00 - [MESSAGE][PASSED] - All options with index in [5] are selected on object 'Object Repository/Emergency/Page_Store/select_--Select--Amikacin -500'

2018-05-30 14:58:00 - [TEST_STEP][PASSED] - delay: Delayed 2 second(s)

2018-05-30 14:58:02 - [MESSAGE][PASSED] - Delayed 2 second(s)

2018-05-30 14:58:02 - [TEST_STEP][PASSED] - Statement - RequestedQty = com.kms.katalon.core.webui.keyword.WebUiBuiltInKeywords.getAttribute(com.kms.katalon.core.testobject.ObjectRepository.findTestObject(Emergency/Page_Store/input_txttotal), "value"): Attribute 'value' of object 'Object Repository/Emergency/Page_Store/input_txttotal' is: '10'

2018-05-30 14:58:02 - [MESSAGE][PASSED] - Attribute 'value' of object 'Object Repository/Emergency/Page_Store/input_txttotal' is: '10'

2018-05-30 14:58:02 - [TEST_STEP][PASSED] - Statement - out.println("Requested QTY : " + RequestedQty): null

2018-05-30 14:58:02 - [TEST_STEP][PASSED] - Statement - BatchNumber = com.kms.katalon.core.webui.keyword.WebUiBuiltInKeywords.getNumberOfTotalOption(com.kms.katalon.core.testobject.ObjectRepository.findTestObject(Emergency/Page_Store/select_--Select--BA1150BA4110)): 3 options of object 'Object Repository/Emergency/Page_Store/select_--Select--BA1150BA4110' counted

2018-05-30 14:58:02 - [MESSAGE][PASSED] - 3 options of object 'Object Repository/Emergency/Page_Store/select_--Select--BA1150BA4110' counted

2018-05-30 14:58:02 - [TEST_STEP][PASSED] - Statement - out.println("Batch : " + BatchNumber): null

2018-05-30 14:58:02 - [TEST_STEP][PASSED] - Statement - For ([g = 1, g <= BatchNumber - 1, (g++)]): null

2018-05-30 14:58:02 - [TEST_STEP][PASSED] - selectOptionByIndex: All options with index in [1] are selected on object 'Object Repository/Emergency/Page_Store/select_--Select--BA1150BA4110'

2018-05-30 14:58:02 - [MESSAGE][PASSED] - All options with index in [1] are selected on object 'Object Repository/Emergency/Page_Store/select_--Select--BA1150BA4110'

2018-05-30 14:58:02 - [TEST_STEP][PASSED] - delay: Delayed 2 second(s)

2018-05-30 14:58:04 - [MESSAGE][PASSED] - Delayed 2 second(s)

2018-05-30 14:58:04 - [TEST_STEP][PASSED] - Statement - StockQty = com.kms.katalon.core.webui.keyword.WebUiBuiltInKeywords.getAttribute(com.kms.katalon.core.testobject.ObjectRepository.findTestObject(Emergency/Page_Store/input_txtprice), "value"): Attribute 'value' of object 'Object Repository/Emergency/Page_Store/input_txtprice' is: '1755'

2018-05-30 14:58:04 - [MESSAGE][PASSED] - Attribute 'value' of object 'Object Repository/Emergency/Page_Store/input_txtprice' is: '1755'

2018-05-30 14:58:04 - [TEST_STEP][PASSED] - Statement - out.println("Stock QTY : " + StockQty): null

2018-05-30 14:58:04 - [TEST_STEP][PASSED] - delay: Delayed 2 second(s)

2018-05-30 14:58:06 - [MESSAGE][PASSED] - Delayed 2 second(s)

2018-05-30 14:58:06 - [TEST_STEP][PASSED] - Statement - If (java.lang.Integer.valueOf(StockQty) >= java.lang.Integer.valueOf(RequestedQty)): null

2018-05-30 14:58:06 - [TEST_STEP][PASSED] - delay: Delayed 1 second(s)

2018-05-30 14:58:07 - [MESSAGE][PASSED] - Delayed 1 second(s)

2018-05-30 14:58:07 - [TEST_STEP][PASSED] - setText: Text '10' is set on object 'Object Repository/Emergency/Page_Store/input_txtqty'

2018-05-30 14:58:07 - [MESSAGE][PASSED] - Text '10' is set on object 'Object Repository/Emergency/Page_Store/input_txtqty'

2018-05-30 14:58:07 - [TEST_STEP][PASSED] - click: Object: 'Object Repository/Emergency/Page_Store/button_Add' is clicked on

2018-05-30 14:58:07 - [MESSAGE][PASSED] - Object: 'Object Repository/Emergency/Page_Store/button_Add' is clicked on

2018-05-30 14:58:07 - [TEST_STEP][PASSED] - Statement - Break: null

2018-05-30 14:58:07 - [TEST_STEP][PASSED] - delay: Delayed 2 second(s)

2018-05-30 14:58:09 - [MESSAGE][PASSED] - Delayed 2 second(s)

2018-05-30 14:58:09 - [TEST_STEP][PASSED] - selectOptionByIndex: All options with index in [6] are selected on object 'Object Repository/Emergency/Page_Store/select_--Select--Amikacin -500'

2018-05-30 14:58:09 - [MESSAGE][PASSED] - All options with index in [6] are selected on object 'Object Repository/Emergency/Page_Store/select_--Select--Amikacin -500'

2018-05-30 14:58:09 - [TEST_STEP][PASSED] - delay: Delayed 2 second(s)

2018-05-30 14:58:11 - [MESSAGE][PASSED] - Delayed 2 second(s)

2018-05-30 14:58:11 - [TEST_STEP][PASSED] - Statement - RequestedQty = com.kms.katalon.core.webui.keyword.WebUiBuiltInKeywords.getAttribute(com.kms.katalon.core.testobject.ObjectRepository.findTestObject(Emergency/Page_Store/input_txttotal), "value"): Attribute 'value' of object 'Object Repository/Emergency/Page_Store/input_txttotal' is: '10'

2018-05-30 14:58:11 - [MESSAGE][PASSED] - Attribute 'value' of object 'Object Repository/Emergency/Page_Store/input_txttotal' is: '10'

2018-05-30 14:58:11 - [TEST_STEP][PASSED] - Statement - out.println("Requested QTY : " + RequestedQty): null

2018-05-30 14:58:11 - [TEST_STEP][PASSED] - Statement - BatchNumber = com.kms.katalon.core.webui.keyword.WebUiBuiltInKeywords.getNumberOfTotalOption(com.kms.katalon.core.testobject.ObjectRepository.findTestObject(Emergency/Page_Store/select_--Select--BA1150BA4110)): 3 options of object 'Object Repository/Emergency/Page_Store/select_--Select--BA1150BA4110' counted

2018-05-30 14:58:11 - [MESSAGE][PASSED] - 3 options of object 'Object Repository/Emergency/Page_Store/select_--Select--BA1150BA4110' counted

2018-05-30 14:58:11 - [TEST_STEP][PASSED] - Statement - out.println("Batch : " + BatchNumber): null

2018-05-30 14:58:11 - [TEST_STEP][PASSED] - Statement - For ([g = 1, g <= BatchNumber - 1, (g++)]): null

2018-05-30 14:58:11 - [TEST_STEP][PASSED] - selectOptionByIndex: All options with index in [1] are selected on object 'Object Repository/Emergency/Page_Store/select_--Select--BA1150BA4110'

2018-05-30 14:58:11 - [MESSAGE][PASSED] - All options with index in [1] are selected on object 'Object Repository/Emergency/Page_Store/select_--Select--BA1150BA4110'

2018-05-30 14:58:11 - [TEST_STEP][PASSED] - delay: Delayed 2 second(s)

2018-05-30 14:58:13 - [MESSAGE][PASSED] - Delayed 2 second(s)

2018-05-30 14:58:13 - [TEST_STEP][PASSED] - Statement - StockQty = com.kms.katalon.core.webui.keyword.WebUiBuiltInKeywords.getAttribute(com.kms.katalon.core.testobject.ObjectRepository.findTestObject(Emergency/Page_Store/input_txtprice), "value"): Attribute 'value' of object 'Object Repository/Emergency/Page_Store/input_txtprice' is: '1455'

2018-05-30 14:58:13 - [MESSAGE][PASSED] - Attribute 'value' of object 'Object Repository/Emergency/Page_Store/input_txtprice' is: '1455'

2018-05-30 14:58:13 - [TEST_STEP][PASSED] - Statement - out.println("Stock QTY : " + StockQty): null

2018-05-30 14:58:13 - [TEST_STEP][PASSED] - delay: Delayed 2 second(s)

2018-05-30 14:58:15 - [MESSAGE][PASSED] - Delayed 2 second(s)

2018-05-30 14:58:15 - [TEST_STEP][PASSED] - Statement - If (java.lang.Integer.valueOf(StockQty) >= java.lang.Integer.valueOf(RequestedQty)): null

2018-05-30 14:58:15 - [TEST_STEP][PASSED] - delay: Delayed 1 second(s)

2018-05-30 14:58:16 - [MESSAGE][PASSED] - Delayed 1 second(s)

2018-05-30 14:58:16 - [TEST_STEP][PASSED] - setText: Text '10' is set on object 'Object Repository/Emergency/Page_Store/input_txtqty'

2018-05-30 14:58:16 - [MESSAGE][PASSED] - Text '10' is set on object 'Object Repository/Emergency/Page_Store/input_txtqty'

2018-05-30 14:58:16 - [TEST_STEP][PASSED] - click: Object: 'Object Repository/Emergency/Page_Store/button_Add' is clicked on

2018-05-30 14:58:16 - [MESSAGE][PASSED] - Object: 'Object Repository/Emergency/Page_Store/button_Add' is clicked on

2018-05-30 14:58:16 - [TEST_STEP][PASSED] - Statement - Break: null

2018-05-30 14:58:16 - [TEST_STEP][PASSED] - delay: Delayed 2 second(s)

2018-05-30 14:58:18 - [MESSAGE][PASSED] - Delayed 2 second(s)

2018-05-30 14:58:18 - [TEST_STEP][PASSED] - selectOptionByIndex: All options with index in [7] are selected on object 'Object Repository/Emergency/Page_Store/select_--Select--Amikacin -500'

2018-05-30 14:58:19 - [MESSAGE][PASSED] - All options with index in [7] are selected on object 'Object Repository/Emergency/Page_Store/select_--Select--Amikacin -500'

2018-05-30 14:58:19 - [TEST_STEP][PASSED] - delay: Delayed 2 second(s)

2018-05-30 14:58:21 - [MESSAGE][PASSED] - Delayed 2 second(s)

2018-05-30 14:58:21 - [TEST_STEP][PASSED] - Statement - RequestedQty = com.kms.katalon.core.webui.keyword.WebUiBuiltInKeywords.getAttribute(com.kms.katalon.core.testobject.ObjectRepository.findTestObject(Emergency/Page_Store/input_txttotal), "value"): Attribute 'value' of object 'Object Repository/Emergency/Page_Store/input_txttotal' is: '10'

2018-05-30 14:58:21 - [MESSAGE][PASSED] - Attribute 'value' of object 'Object Repository/Emergency/Page_Store/input_txttotal' is: '10'

2018-05-30 14:58:21 - [TEST_STEP][PASSED] - Statement - out.println("Requested QTY : " + RequestedQty): null

2018-05-30 14:58:21 - [TEST_STEP][PASSED] - Statement - BatchNumber = com.kms.katalon.core.webui.keyword.WebUiBuiltInKeywords.getNumberOfTotalOption(com.kms.katalon.core.testobject.ObjectRepository.findTestObject(Emergency/Page_Store/select_--Select--BA1150BA4110)): 5 options of object 'Object Repository/Emergency/Page_Store/select_--Select--BA1150BA4110' counted

2018-05-30 14:58:21 - [MESSAGE][PASSED] - 5 options of object 'Object Repository/Emergency/Page_Store/select_--Select--BA1150BA4110' counted

2018-05-30 14:58:21 - [TEST_STEP][PASSED] - Statement - out.println("Batch : " + BatchNumber): null

2018-05-30 14:58:21 - [TEST_STEP][PASSED] - Statement - For ([g = 1, g <= BatchNumber - 1, (g++)]): null

2018-05-30 14:58:21 - [TEST_STEP][PASSED] - selectOptionByIndex: All options with index in [1] are selected on object 'Object Repository/Emergency/Page_Store/select_--Select--BA1150BA4110'

2018-05-30 14:58:21 - [MESSAGE][PASSED] - All options with index in [1] are selected on object 'Object Repository/Emergency/Page_Store/select_--Select--BA1150BA4110'

2018-05-30 14:58:21 - [TEST_STEP][PASSED] - delay: Delayed 2 second(s)

2018-05-30 14:58:23 - [MESSAGE][PASSED] - Delayed 2 second(s)

2018-05-30 14:58:23 - [TEST_STEP][PASSED] - Statement - StockQty = com.kms.katalon.core.webui.keyword.WebUiBuiltInKeywords.getAttribute(com.kms.katalon.core.testobject.ObjectRepository.findTestObject(Emergency/Page_Store/input_txtprice), "value"): Attribute 'value' of object 'Object Repository/Emergency/Page_Store/input_txtprice' is: '4'

2018-05-30 14:58:23 - [MESSAGE][PASSED] - Attribute 'value' of object 'Object Repository/Emergency/Page_Store/input_txtprice' is: '4'

2018-05-30 14:58:23 - [TEST_STEP][PASSED] - Statement - out.println("Stock QTY : " + StockQty): null

2018-05-30 14:58:23 - [TEST_STEP][PASSED] - delay: Delayed 2 second(s)

2018-05-30 14:58:25 - [MESSAGE][PASSED] - Delayed 2 second(s)

2018-05-30 14:58:25 - [TEST_STEP][PASSED] - Statement - If (java.lang.Integer.valueOf(StockQty) >= java.lang.Integer.valueOf(RequestedQty)): null

2018-05-30 14:58:25 - [TEST_STEP][PASSED] - Statement - Else: null

2018-05-30 14:58:25 - [TEST_STEP][PASSED] - Statement - out.println("Stock Is Less Than Requested Qty"): null

2018-05-30 14:58:25 - [TEST_STEP][PASSED] - selectOptionByIndex: All options with index in [2] are selected on object 'Object Repository/Emergency/Page_Store/select_--Select--BA1150BA4110'

2018-05-30 14:58:25 - [MESSAGE][PASSED] - All options with index in [2] are selected on object 'Object Repository/Emergency/Page_Store/select_--Select--BA1150BA4110'

2018-05-30 14:58:25 - [TEST_STEP][PASSED] - delay: Delayed 2 second(s)

2018-05-30 14:58:27 - [MESSAGE][PASSED] - Delayed 2 second(s)

2018-05-30 14:58:27 - [TEST_STEP][PASSED] - Statement - StockQty = com.kms.katalon.core.webui.keyword.WebUiBuiltInKeywords.getAttribute(com.kms.katalon.core.testobject.ObjectRepository.findTestObject(Emergency/Page_Store/input_txtprice), "value"): Attribute 'value' of object 'Object Repository/Emergency/Page_Store/input_txtprice' is: '1388'

2018-05-30 14:58:27 - [MESSAGE][PASSED] - Attribute 'value' of object 'Object Repository/Emergency/Page_Store/input_txtprice' is: '1388'

2018-05-30 14:58:27 - [TEST_STEP][PASSED] - Statement - out.println("Stock QTY : " + StockQty): null

2018-05-30 14:58:27 - [TEST_STEP][PASSED] - delay: Delayed 2 second(s)

2018-05-30 14:58:29 - [MESSAGE][PASSED] - Delayed 2 second(s)

2018-05-30 14:58:29 - [TEST_STEP][PASSED] - Statement - If (java.lang.Integer.valueOf(StockQty) >= java.lang.Integer.valueOf(RequestedQty)): null

2018-05-30 14:58:29 - [TEST_STEP][PASSED] - delay: Delayed 1 second(s)

2018-05-30 14:58:30 - [MESSAGE][PASSED] - Delayed 1 second(s)

2018-05-30 14:58:30 - [TEST_STEP][PASSED] - setText: Text '10' is set on object 'Object Repository/Emergency/Page_Store/input_txtqty'

2018-05-30 14:58:30 - [MESSAGE][PASSED] - Text '10' is set on object 'Object Repository/Emergency/Page_Store/input_txtqty'

2018-05-30 14:58:30 - [TEST_STEP][PASSED] - click: Object: 'Object Repository/Emergency/Page_Store/button_Add' is clicked on

2018-05-30 14:58:30 - [MESSAGE][PASSED] - Object: 'Object Repository/Emergency/Page_Store/button_Add' is clicked on

2018-05-30 14:58:30 - [TEST_STEP][PASSED] - Statement - Break: null

2018-05-30 14:58:30 - [TEST_STEP][PASSED] - delay: Delayed 2 second(s)

2018-05-30 14:58:32 - [MESSAGE][PASSED] - Delayed 2 second(s)

2018-05-30 14:58:32 - [TEST_STEP][PASSED] - selectOptionByIndex: All options with index in [8] are selected on object 'Object Repository/Emergency/Page_Store/select_--Select--Amikacin -500'

2018-05-30 14:58:32 - [MESSAGE][PASSED] - All options with index in [8] are selected on object 'Object Repository/Emergency/Page_Store/select_--Select--Amikacin -500'

2018-05-30 14:58:32 - [TEST_STEP][PASSED] - delay: Delayed 2 second(s)

2018-05-30 14:58:34 - [MESSAGE][PASSED] - Delayed 2 second(s)

2018-05-30 14:58:34 - [TEST_STEP][PASSED] - Statement - RequestedQty = com.kms.katalon.core.webui.keyword.WebUiBuiltInKeywords.getAttribute(com.kms.katalon.core.testobject.ObjectRepository.findTestObject(Emergency/Page_Store/input_txttotal), "value"): Attribute 'value' of object 'Object Repository/Emergency/Page_Store/input_txttotal' is: '10'

2018-05-30 14:58:34 - [MESSAGE][PASSED] - Attribute 'value' of object 'Object Repository/Emergency/Page_Store/input_txttotal' is: '10'

2018-05-30 14:58:34 - [TEST_STEP][PASSED] - Statement - out.println("Requested QTY : " + RequestedQty): null

2018-05-30 14:58:34 - [TEST_STEP][PASSED] - Statement - BatchNumber = com.kms.katalon.core.webui.keyword.WebUiBuiltInKeywords.getNumberOfTotalOption(com.kms.katalon.core.testobject.ObjectRepository.findTestObject(Emergency/Page_Store/select_--Select--BA1150BA4110)): 3 options of object 'Object Repository/Emergency/Page_Store/select_--Select--BA1150BA4110' counted

2018-05-30 14:58:34 - [MESSAGE][PASSED] - 3 options of object 'Object Repository/Emergency/Page_Store/select_--Select--BA1150BA4110' counted

2018-05-30 14:58:34 - [TEST_STEP][PASSED] - Statement - out.println("Batch : " + BatchNumber): null

2018-05-30 14:58:34 - [TEST_STEP][PASSED] - Statement - For ([g = 1, g <= BatchNumber - 1, (g++)]): null

2018-05-30 14:58:34 - [TEST_STEP][PASSED] - selectOptionByIndex: All options with index in [1] are selected on object 'Object Repository/Emergency/Page_Store/select_--Select--BA1150BA4110'

2018-05-30 14:58:35 - [MESSAGE][PASSED] - All options with index in [1] are selected on object 'Object Repository/Emergency/Page_Store/select_--Select--BA1150BA4110'

2018-05-30 14:58:35 - [TEST_STEP][PASSED] - delay: Delayed 2 second(s)

2018-05-30 14:58:37 - [MESSAGE][PASSED] - Delayed 2 second(s)

2018-05-30 14:58:37 - [TEST_STEP][PASSED] - Statement - StockQty = com.kms.katalon.core.webui.keyword.WebUiBuiltInKeywords.getAttribute(com.kms.katalon.core.testobject.ObjectRepository.findTestObject(Emergency/Page_Store/input_txtprice), "value"): Attribute 'value' of object 'Object Repository/Emergency/Page_Store/input_txtprice' is: '1516'

2018-05-30 14:58:37 - [MESSAGE][PASSED] - Attribute 'value' of object 'Object Repository/Emergency/Page_Store/input_txtprice' is: '1516'

2018-05-30 14:58:37 - [TEST_STEP][PASSED] - Statement - out.println("Stock QTY : " + StockQty): null

2018-05-30 14:58:37 - [TEST_STEP][PASSED] - delay: Delayed 2 second(s)

2018-05-30 14:58:39 - [MESSAGE][PASSED] - Delayed 2 second(s)

2018-05-30 14:58:39 - [TEST_STEP][PASSED] - Statement - If (java.lang.Integer.valueOf(StockQty) >= java.lang.Integer.valueOf(RequestedQty)): null

2018-05-30 14:58:39 - [TEST_STEP][PASSED] - delay: Delayed 1 second(s)

2018-05-30 14:58:40 - [MESSAGE][PASSED] - Delayed 1 second(s)

2018-05-30 14:58:40 - [TEST_STEP][PASSED] - setText: Text '10' is set on object 'Object Repository/Emergency/Page_Store/input_txtqty'

2018-05-30 14:58:40 - [MESSAGE][PASSED] - Text '10' is set on object 'Object Repository/Emergency/Page_Store/input_txtqty'

2018-05-30 14:58:40 - [TEST_STEP][PASSED] - click: Object: 'Object Repository/Emergency/Page_Store/button_Add' is clicked on

2018-05-30 14:58:40 - [MESSAGE][PASSED] - Object: 'Object Repository/Emergency/Page_Store/button_Add' is clicked on

2018-05-30 14:58:40 - [TEST_STEP][PASSED] - Statement - Break: null

2018-05-30 14:58:40 - [TEST_STEP][PASSED] - delay: Delayed 2 second(s)

2018-05-30 14:58:42 - [MESSAGE][PASSED] - Delayed 2 second(s)

2018-05-30 14:58:42 - [TEST_STEP][PASSED] - selectOptionByIndex: All options with index in [9] are selected on object 'Object Repository/Emergency/Page_Store/select_--Select--Amikacin -500'

2018-05-30 14:58:42 - [MESSAGE][PASSED] - All options with index in [9] are selected on object 'Object Repository/Emergency/Page_Store/select_--Select--Amikacin -500'

2018-05-30 14:58:42 - [TEST_STEP][PASSED] - delay: Delayed 2 second(s)

2018-05-30 14:58:44 - [MESSAGE][PASSED] - Delayed 2 second(s)

2018-05-30 14:58:44 - [TEST_STEP][PASSED] - Statement - RequestedQty = com.kms.katalon.core.webui.keyword.WebUiBuiltInKeywords.getAttribute(com.kms.katalon.core.testobject.ObjectRepository.findTestObject(Emergency/Page_Store/input_txttotal), "value"): Attribute 'value' of object 'Object Repository/Emergency/Page_Store/input_txttotal' is: '10'

2018-05-30 14:58:44 - [MESSAGE][PASSED] - Attribute 'value' of object 'Object Repository/Emergency/Page_Store/input_txttotal' is: '10'

2018-05-30 14:58:44 - [TEST_STEP][PASSED] - Statement - out.println("Requested QTY : " + RequestedQty): null

2018-05-30 14:58:44 - [TEST_STEP][PASSED] - Statement - BatchNumber = com.kms.katalon.core.webui.keyword.WebUiBuiltInKeywords.getNumberOfTotalOption(com.kms.katalon.core.testobject.ObjectRepository.findTestObject(Emergency/Page_Store/select_--Select--BA1150BA4110)): 3 options of object 'Object Repository/Emergency/Page_Store/select_--Select--BA1150BA4110' counted

2018-05-30 14:58:44 - [MESSAGE][PASSED] - 3 options of object 'Object Repository/Emergency/Page_Store/select_--Select--BA1150BA4110' counted

2018-05-30 14:58:44 - [TEST_STEP][PASSED] - Statement - out.println("Batch : " + BatchNumber): null

2018-05-30 14:58:44 - [TEST_STEP][PASSED] - Statement - For ([g = 1, g <= BatchNumber - 1, (g++)]): null

2018-05-30 14:58:44 - [TEST_STEP][PASSED] - selectOptionByIndex: All options with index in [1] are selected on object 'Object Repository/Emergency/Page_Store/select_--Select--BA1150BA4110'

2018-05-30 14:58:44 - [MESSAGE][PASSED] - All options with index in [1] are selected on object 'Object Repository/Emergency/Page_Store/select_--Select--BA1150BA4110'

2018-05-30 14:58:44 - [TEST_STEP][PASSED] - delay: Delayed 2 second(s)

2018-05-30 14:58:46 - [MESSAGE][PASSED] - Delayed 2 second(s)

2018-05-30 14:58:46 - [TEST_STEP][PASSED] - Statement - StockQty = com.kms.katalon.core.webui.keyword.WebUiBuiltInKeywords.getAttribute(com.kms.katalon.core.testobject.ObjectRepository.findTestObject(Emergency/Page_Store/input_txtprice), "value"): Attribute 'value' of object 'Object Repository/Emergency/Page_Store/input_txtprice' is: '1142'

2018-05-30 14:58:46 - [MESSAGE][PASSED] - Attribute 'value' of object 'Object Repository/Emergency/Page_Store/input_txtprice' is: '1142'

2018-05-30 14:58:46 - [TEST_STEP][PASSED] - Statement - out.println("Stock QTY : " + StockQty): null

2018-05-30 14:58:46 - [TEST_STEP][PASSED] - delay: Delayed 2 second(s)

2018-05-30 14:58:48 - [MESSAGE][PASSED] - Delayed 2 second(s)

2018-05-30 14:58:48 - [TEST_STEP][PASSED] - Statement - If (java.lang.Integer.valueOf(StockQty) >= java.lang.Integer.valueOf(RequestedQty)): null

2018-05-30 14:58:48 - [TEST_STEP][PASSED] - delay: Delayed 1 second(s)

2018-05-30 14:58:49 - [MESSAGE][PASSED] - Delayed 1 second(s)

2018-05-30 14:58:49 - [TEST_STEP][PASSED] - setText: Text '10' is set on object 'Object Repository/Emergency/Page_Store/input_txtqty'

2018-05-30 14:58:49 - [MESSAGE][PASSED] - Text '10' is set on object 'Object Repository/Emergency/Page_Store/input_txtqty'

2018-05-30 14:58:49 - [TEST_STEP][PASSED] - click: Object: 'Object Repository/Emergency/Page_Store/button_Add' is clicked on

2018-05-30 14:58:49 - [MESSAGE][PASSED] - Object: 'Object Repository/Emergency/Page_Store/button_Add' is clicked on

2018-05-30 14:58:49 - [TEST_STEP][PASSED] - Statement - Break: null

2018-05-30 14:58:49 - [TEST_STEP][PASSED] - delay: Delayed 2 second(s)

2018-05-30 14:58:51 - [MESSAGE][PASSED] - Delayed 2 second(s)

2018-05-30 14:58:51 - [TEST_STEP][PASSED] - selectOptionByIndex: All options with index in [10] are selected on object 'Object Repository/Emergency/Page_Store/select_--Select--Amikacin -500'

2018-05-30 14:58:52 - [MESSAGE][PASSED] - All options with index in [10] are selected on object 'Object Repository/Emergency/Page_Store/select_--Select--Amikacin -500'

2018-05-30 14:58:52 - [TEST_STEP][PASSED] - delay: Delayed 2 second(s)

2018-05-30 14:58:54 - [MESSAGE][PASSED] - Delayed 2 second(s)

2018-05-30 14:58:54 - [TEST_STEP][PASSED] - Statement - RequestedQty = com.kms.katalon.core.webui.keyword.WebUiBuiltInKeywords.getAttribute(com.kms.katalon.core.testobject.ObjectRepository.findTestObject(Emergency/Page_Store/input_txttotal), "value"): Attribute 'value' of object 'Object Repository/Emergency/Page_Store/input_txttotal' is: '10'

2018-05-30 14:58:54 - [MESSAGE][PASSED] - Attribute 'value' of object 'Object Repository/Emergency/Page_Store/input_txttotal' is: '10'

2018-05-30 14:58:54 - [TEST_STEP][PASSED] - Statement - out.println("Requested QTY : " + RequestedQty): null

2018-05-30 14:58:54 - [TEST_STEP][PASSED] - Statement - BatchNumber = com.kms.katalon.core.webui.keyword.WebUiBuiltInKeywords.getNumberOfTotalOption(com.kms.katalon.core.testobject.ObjectRepository.findTestObject(Emergency/Page_Store/select_--Select--BA1150BA4110)): 3 options of object 'Object Repository/Emergency/Page_Store/select_--Select--BA1150BA4110' counted

2018-05-30 14:58:54 - [MESSAGE][PASSED] - 3 options of object 'Object Repository/Emergency/Page_Store/select_--Select--BA1150BA4110' counted

2018-05-30 14:58:54 - [TEST_STEP][PASSED] - Statement - out.println("Batch : " + BatchNumber): null

2018-05-30 14:58:54 - [TEST_STEP][PASSED] - Statement - For ([g = 1, g <= BatchNumber - 1, (g++)]): null

2018-05-30 14:58:54 - [TEST_STEP][PASSED] - selectOptionByIndex: All options with index in [1] are selected on object 'Object Repository/Emergency/Page_Store/select_--Select--BA1150BA4110'

2018-05-30 14:58:54 - [MESSAGE][PASSED] - All options with index in [1] are selected on object 'Object Repository/Emergency/Page_Store/select_--Select--BA1150BA4110'

2018-05-30 14:58:54 - [TEST_STEP][PASSED] - delay: Delayed 2 second(s)

2018-05-30 14:58:56 - [MESSAGE][PASSED] - Delayed 2 second(s)

2018-05-30 14:58:56 - [TEST_STEP][PASSED] - Statement - StockQty = com.kms.katalon.core.webui.keyword.WebUiBuiltInKeywords.getAttribute(com.kms.katalon.core.testobject.ObjectRepository.findTestObject(Emergency/Page_Store/input_txtprice), "value"): Attribute 'value' of object 'Object Repository/Emergency/Page_Store/input_txtprice' is: '1745'

2018-05-30 14:58:56 - [MESSAGE][PASSED] - Attribute 'value' of object 'Object Repository/Emergency/Page_Store/input_txtprice' is: '1745'

2018-05-30 14:58:56 - [TEST_STEP][PASSED] - Statement - out.println("Stock QTY : " + StockQty): null

2018-05-30 14:58:56 - [TEST_STEP][PASSED] - delay: Delayed 2 second(s)

2018-05-30 14:58:58 - [MESSAGE][PASSED] - Delayed 2 second(s)

2018-05-30 14:58:58 - [TEST_STEP][PASSED] - Statement - If (java.lang.Integer.valueOf(StockQty) >= java.lang.Integer.valueOf(RequestedQty)): null

2018-05-30 14:58:58 - [TEST_STEP][PASSED] - delay: Delayed 1 second(s)

2018-05-30 14:58:59 - [MESSAGE][PASSED] - Delayed 1 second(s)

2018-05-30 14:58:59 - [TEST_STEP][PASSED] - setText: Text '10' is set on object 'Object Repository/Emergency/Page_Store/input_txtqty'

2018-05-30 14:58:59 - [MESSAGE][PASSED] - Text '10' is set on object 'Object Repository/Emergency/Page_Store/input_txtqty'

2018-05-30 14:58:59 - [TEST_STEP][PASSED] - click: Object: 'Object Repository/Emergency/Page_Store/button_Add' is clicked on

2018-05-30 14:58:59 - [MESSAGE][PASSED] - Object: 'Object Repository/Emergency/Page_Store/button_Add' is clicked on

2018-05-30 14:58:59 - [TEST_STEP][PASSED] - Statement - Break: null

2018-05-30 14:58:59 - [TEST_STEP][PASSED] - delay: Delayed 2 second(s)

2018-05-30 14:59:01 - [MESSAGE][PASSED] - Delayed 2 second(s)

2018-05-30 14:59:01 - [TEST_STEP][PASSED] - selectOptionByIndex: All options with index in [11] are selected on object 'Object Repository/Emergency/Page_Store/select_--Select--Amikacin -500'

2018-05-30 14:59:01 - [MESSAGE][PASSED] - All options with index in [11] are selected on object 'Object Repository/Emergency/Page_Store/select_--Select--Amikacin -500'

2018-05-30 14:59:01 - [TEST_STEP][PASSED] - delay: Delayed 2 second(s)

2018-05-30 14:59:03 - [MESSAGE][PASSED] - Delayed 2 second(s)

2018-05-30 14:59:03 - [TEST_STEP][PASSED] - Statement - RequestedQty = com.kms.katalon.core.webui.keyword.WebUiBuiltInKeywords.getAttribute(com.kms.katalon.core.testobject.ObjectRepository.findTestObject(Emergency/Page_Store/input_txttotal), "value"): Attribute 'value' of object 'Object Repository/Emergency/Page_Store/input_txttotal' is: '10'

2018-05-30 14:59:03 - [MESSAGE][PASSED] - Attribute 'value' of object 'Object Repository/Emergency/Page_Store/input_txttotal' is: '10'

2018-05-30 14:59:03 - [TEST_STEP][PASSED] - Statement - out.println("Requested QTY : " + RequestedQty): null

2018-05-30 14:59:03 - [TEST_STEP][PASSED] - Statement - BatchNumber = com.kms.katalon.core.webui.keyword.WebUiBuiltInKeywords.getNumberOfTotalOption(com.kms.katalon.core.testobject.ObjectRepository.findTestObject(Emergency/Page_Store/select_--Select--BA1150BA4110)): 3 options of object 'Object Repository/Emergency/Page_Store/select_--Select--BA1150BA4110' counted

2018-05-30 14:59:03 - [MESSAGE][PASSED] - 3 options of object 'Object Repository/Emergency/Page_Store/select_--Select--BA1150BA4110' counted

2018-05-30 14:59:03 - [TEST_STEP][PASSED] - Statement - out.println("Batch : " + BatchNumber): null

2018-05-30 14:59:03 - [TEST_STEP][PASSED] - Statement - For ([g = 1, g <= BatchNumber - 1, (g++)]): null

2018-05-30 14:59:03 - [TEST_STEP][PASSED] - selectOptionByIndex: All options with index in [1] are selected on object 'Object Repository/Emergency/Page_Store/select_--Select--BA1150BA4110'

2018-05-30 14:59:03 - [MESSAGE][PASSED] - All options with index in [1] are selected on object 'Object Repository/Emergency/Page_Store/select_--Select--BA1150BA4110'

2018-05-30 14:59:03 - [TEST_STEP][PASSED] - delay: Delayed 2 second(s)

2018-05-30 14:59:05 - [MESSAGE][PASSED] - Delayed 2 second(s)

2018-05-30 14:59:05 - [TEST_STEP][PASSED] - Statement - StockQty = com.kms.katalon.core.webui.keyword.WebUiBuiltInKeywords.getAttribute(com.kms.katalon.core.testobject.ObjectRepository.findTestObject(Emergency/Page_Store/input_txtprice), "value"): Attribute 'value' of object 'Object Repository/Emergency/Page_Store/input_txtprice' is: '1561'

2018-05-30 14:59:05 - [MESSAGE][PASSED] - Attribute 'value' of object 'Object Repository/Emergency/Page_Store/input_txtprice' is: '1561'

2018-05-30 14:59:05 - [TEST_STEP][PASSED] - Statement - out.println("Stock QTY : " + StockQty): null

2018-05-30 14:59:05 - [TEST_STEP][PASSED] - delay: Delayed 2 second(s)

2018-05-30 14:59:07 - [MESSAGE][PASSED] - Delayed 2 second(s)

2018-05-30 14:59:07 - [TEST_STEP][PASSED] - Statement - If (java.lang.Integer.valueOf(StockQty) >= java.lang.Integer.valueOf(RequestedQty)): null

2018-05-30 14:59:07 - [TEST_STEP][PASSED] - delay: Delayed 1 second(s)

2018-05-30 14:59:08 - [MESSAGE][PASSED] - Delayed 1 second(s)

2018-05-30 14:59:08 - [TEST_STEP][PASSED] - setText: Text '10' is set on object 'Object Repository/Emergency/Page_Store/input_txtqty'

2018-05-30 14:59:09 - [MESSAGE][PASSED] - Text '10' is set on object 'Object Repository/Emergency/Page_Store/input_txtqty'

2018-05-30 14:59:09 - [TEST_STEP][PASSED] - click: Object: 'Object Repository/Emergency/Page_Store/button_Add' is clicked on

2018-05-30 14:59:09 - [MESSAGE][PASSED] - Object: 'Object Repository/Emergency/Page_Store/button_Add' is clicked on

2018-05-30 14:59:09 - [TEST_STEP][PASSED] - Statement - Break: null

2018-05-30 14:59:09 - [TEST_STEP][PASSED] - delay: Delayed 2 second(s)

2018-05-30 14:59:11 - [MESSAGE][PASSED] - Delayed 2 second(s)

2018-05-30 14:59:11 - [TEST_STEP][PASSED] - selectOptionByIndex: All options with index in [12] are selected on object 'Object Repository/Emergency/Page_Store/select_--Select--Amikacin -500'

2018-05-30 14:59:11 - [MESSAGE][PASSED] - All options with index in [12] are selected on object 'Object Repository/Emergency/Page_Store/select_--Select--Amikacin -500'

2018-05-30 14:59:11 - [TEST_STEP][PASSED] - delay: Delayed 2 second(s)

2018-05-30 14:59:13 - [MESSAGE][PASSED] - Delayed 2 second(s)

2018-05-30 14:59:13 - [TEST_STEP][PASSED] - Statement - RequestedQty = com.kms.katalon.core.webui.keyword.WebUiBuiltInKeywords.getAttribute(com.kms.katalon.core.testobject.ObjectRepository.findTestObject(Emergency/Page_Store/input_txttotal), "value"): Attribute 'value' of object 'Object Repository/Emergency/Page_Store/input_txttotal' is: '10'

2018-05-30 14:59:13 - [MESSAGE][PASSED] - Attribute 'value' of object 'Object Repository/Emergency/Page_Store/input_txttotal' is: '10'

2018-05-30 14:59:13 - [TEST_STEP][PASSED] - Statement - out.println("Requested QTY : " + RequestedQty): null

2018-05-30 14:59:13 - [TEST_STEP][PASSED] - Statement - BatchNumber = com.kms.katalon.core.webui.keyword.WebUiBuiltInKeywords.getNumberOfTotalOption(com.kms.katalon.core.testobject.ObjectRepository.findTestObject(Emergency/Page_Store/select_--Select--BA1150BA4110)): 3 options of object 'Object Repository/Emergency/Page_Store/select_--Select--BA1150BA4110' counted

2018-05-30 14:59:13 - [MESSAGE][PASSED] - 3 options of object 'Object Repository/Emergency/Page_Store/select_--Select--BA1150BA4110' counted

2018-05-30 14:59:13 - [TEST_STEP][PASSED] - Statement - out.println("Batch : " + BatchNumber): null

2018-05-30 14:59:13 - [TEST_STEP][PASSED] - Statement - For ([g = 1, g <= BatchNumber - 1, (g++)]): null

2018-05-30 14:59:13 - [TEST_STEP][PASSED] - selectOptionByIndex: All options with index in [1] are selected on object 'Object Repository/Emergency/Page_Store/select_--Select--BA1150BA4110'

2018-05-30 14:59:13 - [MESSAGE][PASSED] - All options with index in [1] are selected on object 'Object Repository/Emergency/Page_Store/select_--Select--BA1150BA4110'

2018-05-30 14:59:13 - [TEST_STEP][PASSED] - delay: Delayed 2 second(s)

2018-05-30 14:59:15 - [MESSAGE][PASSED] - Delayed 2 second(s)

2018-05-30 14:59:15 - [TEST_STEP][PASSED] - Statement - StockQty = com.kms.katalon.core.webui.keyword.WebUiBuiltInKeywords.getAttribute(com.kms.katalon.core.testobject.ObjectRepository.findTestObject(Emergency/Page_Store/input_txtprice), "value"): Attribute 'value' of object 'Object Repository/Emergency/Page_Store/input_txtprice' is: '1720'

2018-05-30 14:59:15 - [MESSAGE][PASSED] - Attribute 'value' of object 'Object Repository/Emergency/Page_Store/input_txtprice' is: '1720'

2018-05-30 14:59:15 - [TEST_STEP][PASSED] - Statement - out.println("Stock QTY : " + StockQty): null

2018-05-30 14:59:15 - [TEST_STEP][PASSED] - delay: Delayed 2 second(s)

2018-05-30 14:59:17 - [MESSAGE][PASSED] - Delayed 2 second(s)

2018-05-30 14:59:17 - [TEST_STEP][PASSED] - Statement - If (java.lang.Integer.valueOf(StockQty) >= java.lang.Integer.valueOf(RequestedQty)): null

2018-05-30 14:59:17 - [TEST_STEP][PASSED] - delay: Delayed 1 second(s)

2018-05-30 14:59:18 - [MESSAGE][PASSED] - Delayed 1 second(s)

2018-05-30 14:59:18 - [TEST_STEP][PASSED] - setText: Text '10' is set on object 'Object Repository/Emergency/Page_Store/input_txtqty'

2018-05-30 14:59:18 - [MESSAGE][PASSED] - Text '10' is set on object 'Object Repository/Emergency/Page_Store/input_txtqty'

2018-05-30 14:59:18 - [TEST_STEP][PASSED] - click: Object: 'Object Repository/Emergency/Page_Store/button_Add' is clicked on

2018-05-30 14:59:18 - [MESSAGE][PASSED] - Object: 'Object Repository/Emergency/Page_Store/button_Add' is clicked on

2018-05-30 14:59:18 - [TEST_STEP][PASSED] - Statement - Break: null

2018-05-30 14:59:18 - [TEST_STEP][PASSED] - delay: Delayed 2 second(s)

2018-05-30 14:59:20 - [MESSAGE][PASSED] - Delayed 2 second(s)

2018-05-30 14:59:20 - [TEST_STEP][PASSED] - selectOptionByIndex: All options with index in [13] are selected on object 'Object Repository/Emergency/Page_Store/select_--Select--Amikacin -500'

2018-05-30 14:59:20 - [MESSAGE][PASSED] - All options with index in [13] are selected on object 'Object Repository/Emergency/Page_Store/select_--Select--Amikacin -500'

2018-05-30 14:59:20 - [TEST_STEP][PASSED] - delay: Delayed 2 second(s)

2018-05-30 14:59:22 - [MESSAGE][PASSED] - Delayed 2 second(s)

2018-05-30 14:59:22 - [TEST_STEP][PASSED] - Statement - RequestedQty = com.kms.katalon.core.webui.keyword.WebUiBuiltInKeywords.getAttribute(com.kms.katalon.core.testobject.ObjectRepository.findTestObject(Emergency/Page_Store/input_txttotal), "value"): Attribute 'value' of object 'Object Repository/Emergency/Page_Store/input_txttotal' is: '10'

2018-05-30 14:59:22 - [MESSAGE][PASSED] - Attribute 'value' of object 'Object Repository/Emergency/Page_Store/input_txttotal' is: '10'

2018-05-30 14:59:22 - [TEST_STEP][PASSED] - Statement - out.println("Requested QTY : " + RequestedQty): null

2018-05-30 14:59:22 - [TEST_STEP][PASSED] - Statement - BatchNumber = com.kms.katalon.core.webui.keyword.WebUiBuiltInKeywords.getNumberOfTotalOption(com.kms.katalon.core.testobject.ObjectRepository.findTestObject(Emergency/Page_Store/select_--Select--BA1150BA4110)): 3 options of object 'Object Repository/Emergency/Page_Store/select_--Select--BA1150BA4110' counted

2018-05-30 14:59:22 - [MESSAGE][PASSED] - 3 options of object 'Object Repository/Emergency/Page_Store/select_--Select--BA1150BA4110' counted

2018-05-30 14:59:22 - [TEST_STEP][PASSED] - Statement - out.println("Batch : " + BatchNumber): null

2018-05-30 14:59:22 - [TEST_STEP][PASSED] - Statement - For ([g = 1, g <= BatchNumber - 1, (g++)]): null

2018-05-30 14:59:22 - [TEST_STEP][PASSED] - selectOptionByIndex: All options with index in [1] are selected on object 'Object Repository/Emergency/Page_Store/select_--Select--BA1150BA4110'

2018-05-30 14:59:23 - [MESSAGE][PASSED] - All options with index in [1] are selected on object 'Object Repository/Emergency/Page_Store/select_--Select--BA1150BA4110'

2018-05-30 14:59:23 - [TEST_STEP][PASSED] - delay: Delayed 2 second(s)

2018-05-30 14:59:25 - [MESSAGE][PASSED] - Delayed 2 second(s)

2018-05-30 14:59:25 - [TEST_STEP][PASSED] - Statement - StockQty = com.kms.katalon.core.webui.keyword.WebUiBuiltInKeywords.getAttribute(com.kms.katalon.core.testobject.ObjectRepository.findTestObject(Emergency/Page_Store/input_txtprice), "value"): Attribute 'value' of object 'Object Repository/Emergency/Page_Store/input_txtprice' is: '290'

2018-05-30 14:59:25 - [MESSAGE][PASSED] - Attribute 'value' of object 'Object Repository/Emergency/Page_Store/input_txtprice' is: '290'

2018-05-30 14:59:25 - [TEST_STEP][PASSED] - Statement - out.println("Stock QTY : " + StockQty): null

2018-05-30 14:59:25 - [TEST_STEP][PASSED] - delay: Delayed 2 second(s)

2018-05-30 14:59:27 - [MESSAGE][PASSED] - Delayed 2 second(s)

2018-05-30 14:59:27 - [TEST_STEP][PASSED] - Statement - If (java.lang.Integer.valueOf(StockQty) >= java.lang.Integer.valueOf(RequestedQty)): null

2018-05-30 14:59:27 - [TEST_STEP][PASSED] - delay: Delayed 1 second(s)

2018-05-30 14:59:28 - [MESSAGE][PASSED] - Delayed 1 second(s)

2018-05-30 14:59:28 - [TEST_STEP][PASSED] - setText: Text '10' is set on object 'Object Repository/Emergency/Page_Store/input_txtqty'

2018-05-30 14:59:28 - [MESSAGE][PASSED] - Text '10' is set on object 'Object Repository/Emergency/Page_Store/input_txtqty'

2018-05-30 14:59:28 - [TEST_STEP][PASSED] - click: Object: 'Object Repository/Emergency/Page_Store/button_Add' is clicked on

2018-05-30 14:59:28 - [MESSAGE][PASSED] - Object: 'Object Repository/Emergency/Page_Store/button_Add' is clicked on

2018-05-30 14:59:28 - [TEST_STEP][PASSED] - Statement - Break: null

2018-05-30 14:59:28 - [TEST_STEP][PASSED] - delay: Delayed 2 second(s)

2018-05-30 14:59:30 - [MESSAGE][PASSED] - Delayed 2 second(s)

2018-05-30 14:59:30 - [TEST_STEP][PASSED] - selectOptionByIndex: All options with index in [14] are selected on object 'Object Repository/Emergency/Page_Store/select_--Select--Amikacin -500'

2018-05-30 14:59:30 - [MESSAGE][PASSED] - All options with index in [14] are selected on object 'Object Repository/Emergency/Page_Store/select_--Select--Amikacin -500'

2018-05-30 14:59:30 - [TEST_STEP][PASSED] - delay: Delayed 2 second(s)

2018-05-30 14:59:32 - [MESSAGE][PASSED] - Delayed 2 second(s)

2018-05-30 14:59:32 - [TEST_STEP][PASSED] - Statement - RequestedQty = com.kms.katalon.core.webui.keyword.WebUiBuiltInKeywords.getAttribute(com.kms.katalon.core.testobject.ObjectRepository.findTestObject(Emergency/Page_Store/input_txttotal), "value"): Attribute 'value' of object 'Object Repository/Emergency/Page_Store/input_txttotal' is: '10'

2018-05-30 14:59:32 - [MESSAGE][PASSED] - Attribute 'value' of object 'Object Repository/Emergency/Page_Store/input_txttotal' is: '10'

2018-05-30 14:59:32 - [TEST_STEP][PASSED] - Statement - out.println("Requested QTY : " + RequestedQty): null

2018-05-30 14:59:32 - [TEST_STEP][PASSED] - Statement - BatchNumber = com.kms.katalon.core.webui.keyword.WebUiBuiltInKeywords.getNumberOfTotalOption(com.kms.katalon.core.testobject.ObjectRepository.findTestObject(Emergency/Page_Store/select_--Select--BA1150BA4110)): 3 options of object 'Object Repository/Emergency/Page_Store/select_--Select--BA1150BA4110' counted

2018-05-30 14:59:32 - [MESSAGE][PASSED] - 3 options of object 'Object Repository/Emergency/Page_Store/select_--Select--BA1150BA4110' counted

2018-05-30 14:59:32 - [TEST_STEP][PASSED] - Statement - out.println("Batch : " + BatchNumber): null

2018-05-30 14:59:32 - [TEST_STEP][PASSED] - Statement - For ([g = 1, g <= BatchNumber - 1, (g++)]): null

2018-05-30 14:59:32 - [TEST_STEP][PASSED] - selectOptionByIndex: All options with index in [1] are selected on object 'Object Repository/Emergency/Page_Store/select_--Select--BA1150BA4110'

2018-05-30 14:59:32 - [MESSAGE][PASSED] - All options with index in [1] are selected on object 'Object Repository/Emergency/Page_Store/select_--Select--BA1150BA4110'

2018-05-30 14:59:32 - [TEST_STEP][PASSED] - delay: Delayed 2 second(s)

2018-05-30 14:59:34 - [MESSAGE][PASSED] - Delayed 2 second(s)

2018-05-30 14:59:34 - [TEST_STEP][PASSED] - Statement - StockQty = com.kms.katalon.core.webui.keyword.WebUiBuiltInKeywords.getAttribute(com.kms.katalon.core.testobject.ObjectRepository.findTestObject(Emergency/Page_Store/input_txtprice), "value"): Attribute 'value' of object 'Object Repository/Emergency/Page_Store/input_txtprice' is: '1755'

2018-05-30 14:59:34 - [MESSAGE][PASSED] - Attribute 'value' of object 'Object Repository/Emergency/Page_Store/input_txtprice' is: '1755'

2018-05-30 14:59:34 - [TEST_STEP][PASSED] - Statement - out.println("Stock QTY : " + StockQty): null

2018-05-30 14:59:34 - [TEST_STEP][PASSED] - delay: Delayed 2 second(s)

2018-05-30 14:59:36 - [MESSAGE][PASSED] - Delayed 2 second(s)

2018-05-30 14:59:36 - [TEST_STEP][PASSED] - Statement - If (java.lang.Integer.valueOf(StockQty) >= java.lang.Integer.valueOf(RequestedQty)): null

2018-05-30 14:59:36 - [TEST_STEP][PASSED] - delay: Delayed 1 second(s)

2018-05-30 14:59:37 - [MESSAGE][PASSED] - Delayed 1 second(s)

2018-05-30 14:59:37 - [TEST_STEP][PASSED] - setText: Text '10' is set on object 'Object Repository/Emergency/Page_Store/input_txtqty'

2018-05-30 14:59:37 - [MESSAGE][PASSED] - Text '10' is set on object 'Object Repository/Emergency/Page_Store/input_txtqty'

2018-05-30 14:59:37 - [TEST_STEP][PASSED] - click: Object: 'Object Repository/Emergency/Page_Store/button_Add' is clicked on

2018-05-30 14:59:37 - [MESSAGE][PASSED] - Object: 'Object Repository/Emergency/Page_Store/button_Add' is clicked on

2018-05-30 14:59:37 - [TEST_STEP][PASSED] - Statement - Break: null

2018-05-30 14:59:37 - [TEST_STEP][PASSED] - delay: Delayed 2 second(s)

2018-05-30 14:59:39 - [MESSAGE][PASSED] - Delayed 2 second(s)

2018-05-30 14:59:39 - [TEST_STEP][PASSED] - selectOptionByIndex: All options with index in [15] are selected on object 'Object Repository/Emergency/Page_Store/select_--Select--Amikacin -500'

2018-05-30 14:59:40 - [MESSAGE][PASSED] - All options with index in [15] are selected on object 'Object Repository/Emergency/Page_Store/select_--Select--Amikacin -500'

2018-05-30 14:59:40 - [TEST_STEP][PASSED] - delay: Delayed 2 second(s)

2018-05-30 14:59:42 - [MESSAGE][PASSED] - Delayed 2 second(s)

2018-05-30 14:59:42 - [TEST_STEP][PASSED] - Statement - RequestedQty = com.kms.katalon.core.webui.keyword.WebUiBuiltInKeywords.getAttribute(com.kms.katalon.core.testobject.ObjectRepository.findTestObject(Emergency/Page_Store/input_txttotal), "value"): Attribute 'value' of object 'Object Repository/Emergency/Page_Store/input_txttotal' is: '10'

2018-05-30 14:59:42 - [MESSAGE][PASSED] - Attribute 'value' of object 'Object Repository/Emergency/Page_Store/input_txttotal' is: '10'

2018-05-30 14:59:42 - [TEST_STEP][PASSED] - Statement - out.println("Requested QTY : " + RequestedQty): null

2018-05-30 14:59:42 - [TEST_STEP][PASSED] - Statement - BatchNumber = com.kms.katalon.core.webui.keyword.WebUiBuiltInKeywords.getNumberOfTotalOption(com.kms.katalon.core.testobject.ObjectRepository.findTestObject(Emergency/Page_Store/select_--Select--BA1150BA4110)): 3 options of object 'Object Repository/Emergency/Page_Store/select_--Select--BA1150BA4110' counted

2018-05-30 14:59:42 - [MESSAGE][PASSED] - 3 options of object 'Object Repository/Emergency/Page_Store/select_--Select--BA1150BA4110' counted

2018-05-30 14:59:42 - [TEST_STEP][PASSED] - Statement - out.println("Batch : " + BatchNumber): null

2018-05-30 14:59:42 - [TEST_STEP][PASSED] - Statement - For ([g = 1, g <= BatchNumber - 1, (g++)]): null

2018-05-30 14:59:42 - [TEST_STEP][PASSED] - selectOptionByIndex: All options with index in [1] are selected on object 'Object Repository/Emergency/Page_Store/select_--Select--BA1150BA4110'

2018-05-30 14:59:42 - [MESSAGE][PASSED] - All options with index in [1] are selected on object 'Object Repository/Emergency/Page_Store/select_--Select--BA1150BA4110'

2018-05-30 14:59:42 - [TEST_STEP][PASSED] - delay: Delayed 2 second(s)

2018-05-30 14:59:44 - [MESSAGE][PASSED] - Delayed 2 second(s)

2018-05-30 14:59:44 - [TEST_STEP][PASSED] - Statement - StockQty = com.kms.katalon.core.webui.keyword.WebUiBuiltInKeywords.getAttribute(com.kms.katalon.core.testobject.ObjectRepository.findTestObject(Emergency/Page_Store/input_txtprice), "value"): Attribute 'value' of object 'Object Repository/Emergency/Page_Store/input_txtprice' is: '1745'

2018-05-30 14:59:44 - [MESSAGE][PASSED] - Attribute 'value' of object 'Object Repository/Emergency/Page_Store/input_txtprice' is: '1745'

2018-05-30 14:59:44 - [TEST_STEP][PASSED] - Statement - out.println("Stock QTY : " + StockQty): null

2018-05-30 14:59:44 - [TEST_STEP][PASSED] - delay: Delayed 2 second(s)

2018-05-30 14:59:46 - [MESSAGE][PASSED] - Delayed 2 second(s)

2018-05-30 14:59:46 - [TEST_STEP][PASSED] - Statement - If (java.lang.Integer.valueOf(StockQty) >= java.lang.Integer.valueOf(RequestedQty)): null

2018-05-30 14:59:46 - [TEST_STEP][PASSED] - delay: Delayed 1 second(s)

2018-05-30 14:59:47 - [MESSAGE][PASSED] - Delayed 1 second(s)

2018-05-30 14:59:47 - [TEST_STEP][PASSED] - setText: Text '10' is set on object 'Object Repository/Emergency/Page_Store/input_txtqty'

2018-05-30 14:59:47 - [MESSAGE][PASSED] - Text '10' is set on object 'Object Repository/Emergency/Page_Store/input_txtqty'

2018-05-30 14:59:47 - [TEST_STEP][PASSED] - click: Object: 'Object Repository/Emergency/Page_Store/button_Add' is clicked on

2018-05-30 14:59:47 - [MESSAGE][PASSED] - Object: 'Object Repository/Emergency/Page_Store/button_Add' is clicked on

2018-05-30 14:59:47 - [TEST_STEP][PASSED] - Statement - Break: null

2018-05-30 14:59:47 - [TEST_STEP][PASSED] - delay: Delayed 2 second(s)

2018-05-30 14:59:49 - [MESSAGE][PASSED] - Delayed 2 second(s)

2018-05-30 14:59:49 - [TEST_STEP][PASSED] - selectOptionByIndex: All options with index in [16] are selected on object 'Object Repository/Emergency/Page_Store/select_--Select--Amikacin -500'

2018-05-30 14:59:49 - [MESSAGE][PASSED] - All options with index in [16] are selected on object 'Object Repository/Emergency/Page_Store/select_--Select--Amikacin -500'

2018-05-30 14:59:49 - [TEST_STEP][PASSED] - delay: Delayed 2 second(s)

2018-05-30 14:59:51 - [MESSAGE][PASSED] - Delayed 2 second(s)

2018-05-30 14:59:51 - [TEST_STEP][PASSED] - Statement - RequestedQty = com.kms.katalon.core.webui.keyword.WebUiBuiltInKeywords.getAttribute(com.kms.katalon.core.testobject.ObjectRepository.findTestObject(Emergency/Page_Store/input_txttotal), "value"): Attribute 'value' of object 'Object Repository/Emergency/Page_Store/input_txttotal' is: '10'

2018-05-30 14:59:51 - [MESSAGE][PASSED] - Attribute 'value' of object 'Object Repository/Emergency/Page_Store/input_txttotal' is: '10'

2018-05-30 14:59:51 - [TEST_STEP][PASSED] - Statement - out.println("Requested QTY : " + RequestedQty): null

2018-05-30 14:59:51 - [TEST_STEP][PASSED] - Statement - BatchNumber = com.kms.katalon.core.webui.keyword.WebUiBuiltInKeywords.getNumberOfTotalOption(com.kms.katalon.core.testobject.ObjectRepository.findTestObject(Emergency/Page_Store/select_--Select--BA1150BA4110)): 2 options of object 'Object Repository/Emergency/Page_Store/select_--Select--BA1150BA4110' counted

2018-05-30 14:59:51 - [MESSAGE][PASSED] - 2 options of object 'Object Repository/Emergency/Page_Store/select_--Select--BA1150BA4110' counted

2018-05-30 14:59:51 - [TEST_STEP][PASSED] - Statement - out.println("Batch : " + BatchNumber): null

2018-05-30 14:59:51 - [TEST_STEP][PASSED] - Statement - For ([g = 1, g <= BatchNumber - 1, (g++)]): null

2018-05-30 14:59:51 - [TEST_STEP][PASSED] - selectOptionByIndex: All options with index in [1] are selected on object 'Object Repository/Emergency/Page_Store/select_--Select--BA1150BA4110'

2018-05-30 14:59:52 - [MESSAGE][PASSED] - All options with index in [1] are selected on object 'Object Repository/Emergency/Page_Store/select_--Select--BA1150BA4110'

2018-05-30 14:59:52 - [TEST_STEP][PASSED] - delay: Delayed 2 second(s)

2018-05-30 14:59:54 - [MESSAGE][PASSED] - Delayed 2 second(s)

2018-05-30 14:59:54 - [TEST_STEP][PASSED] - Statement - StockQty = com.kms.katalon.core.webui.keyword.WebUiBuiltInKeywords.getAttribute(com.kms.katalon.core.testobject.ObjectRepository.findTestObject(Emergency/Page_Store/input_txtprice), "value"): Attribute 'value' of object 'Object Repository/Emergency/Page_Store/input_txtprice' is: '280'

2018-05-30 14:59:54 - [MESSAGE][PASSED] - Attribute 'value' of object 'Object Repository/Emergency/Page_Store/input_txtprice' is: '280'

2018-05-30 14:59:54 - [TEST_STEP][PASSED] - Statement - out.println("Stock QTY : " + StockQty): null

2018-05-30 14:59:54 - [TEST_STEP][PASSED] - delay: Delayed 2 second(s)

2018-05-30 14:59:56 - [MESSAGE][PASSED] - Delayed 2 second(s)

2018-05-30 14:59:56 - [TEST_STEP][PASSED] - Statement - If (java.lang.Integer.valueOf(StockQty) >= java.lang.Integer.valueOf(RequestedQty)): null

2018-05-30 14:59:56 - [TEST_STEP][PASSED] - delay: Delayed 1 second(s)

2018-05-30 14:59:57 - [MESSAGE][PASSED] - Delayed 1 second(s)

2018-05-30 14:59:57 - [TEST_STEP][PASSED] - setText: Text '10' is set on object 'Object Repository/Emergency/Page_Store/input_txtqty'

2018-05-30 14:59:57 - [MESSAGE][PASSED] - Text '10' is set on object 'Object Repository/Emergency/Page_Store/input_txtqty'

2018-05-30 14:59:57 - [TEST_STEP][PASSED] - click: Object: 'Object Repository/Emergency/Page_Store/button_Add' is clicked on

2018-05-30 14:59:57 - [MESSAGE][PASSED] - Object: 'Object Repository/Emergency/Page_Store/button_Add' is clicked on

2018-05-30 14:59:57 - [TEST_STEP][PASSED] - Statement - Break: null

2018-05-30 14:59:57 - [TEST_STEP][PASSED] - scrollToElement: Scroll to object 'Object Repository/Emergency/Page_Store/input_btnSubmit' successfully

2018-05-30 14:59:57 - [MESSAGE][PASSED] - Scroll to object 'Object Repository/Emergency/Page_Store/input_btnSubmit' successfully

2018-05-30 14:59:57 - [TEST_STEP][PASSED] - Statement - Try: Object: 'Object Repository/lab/Page_Store/button_OK' is clicked on

2018-05-30 14:59:57 - [TEST_STEP][PASSED] - click: Object: 'Object Repository/Emergency/Page_Store/input_btnSubmit' is clicked on

2018-05-30 14:59:57 - [MESSAGE][PASSED] - Object: 'Object Repository/Emergency/Page_Store/input_btnSubmit' is clicked on

2018-05-30 14:59:57 - [TEST_STEP][PASSED] - delay: Delayed 3 second(s)

2018-05-30 15:00:00 - [MESSAGE][PASSED] - Delayed 3 second(s)

2018-05-30 15:00:00 - [TEST_STEP][PASSED] - click: Object: 'Object Repository/lab/Page_Store/button_OK' is clicked on

2018-05-30 15:00:01 - [MESSAGE][PASSED] - Object: 'Object Repository/lab/Page_Store/button_OK' is clicked on

2018-05-30 15:00:01 - [TEST_STEP][PASSED] - delay: Delayed 3 second(s)

2018-05-30 15:00:04 - [MESSAGE][PASSED] - Delayed 3 second(s)

2018-05-30 15:00:04 - [TEST_STEP][PASSED] - click: Object: 'Object Repository/Emergency/Page_Store/a_dropdown-toggle' is clicked on

2018-05-30 15:00:04 - [MESSAGE][PASSED] - Object: 'Object Repository/Emergency/Page_Store/a_dropdown-toggle' is clicked on

2018-05-30 15:00:04 - [TEST_STEP][PASSED] - click: Object: 'Object Repository/Emergency/Page_Store/a_Sign out' is clicked on

2018-05-30 15:00:05 - [MESSAGE][PASSED] - Object: 'Object Repository/Emergency/Page_Store/a_Sign out' is clicked on

2018-05-30 15:00:05 - [TEST_STEP][PASSED] - closeBrowser: Browser is closed

2018-05-30 15:00:05 - [MESSAGE][PASSED] - Browser is closed

2018-05-30 15:00:05 - [TEST_STEP][PASSED] - Statement - out.println("Schedule 5 Emergency Request Are Working Successfully"): null]]></system-out>
         <system-err><![CDATA[]]></system-err>
      </testcase>
      <testcase name="Test Cases/EMERGENCY TEST CASES/TC_ER_004 Verify Schedule 7 Emergency  Request Are Working Successfully Or Not" classname="Test Cases/EMERGENCY TEST CASES/TC_ER_004 Verify Schedule 7 Emergency  Request Are Working Successfully Or Not" status="PASSED">
         <system-out><![CDATA[2018-05-30 15:00:05 - [TEST_CASE][PASSED] - Test Cases/EMERGENCY TEST CASES/TC_ER_004 Verify Schedule 7 Emergency  Request Are Working Successfully Or Not: Test Cases/EMERGENCY TEST CASES/TC_ER_004 Verify Schedule 7 Emergency  Request Are Working Successfully Or Not

2018-05-30 15:00:05 - [TEST_STEP][PASSED] - openBrowser: Browser is opened with url: ''

2018-05-30 15:00:08 - [MESSAGE][PASSED] - Browser is opened with url: ''

2018-05-30 15:00:08 - [TEST_STEP][PASSED] - Statement - out.println("Verify Schedule 7 Emergency  Request Are Working Successfully Or Not"): null

2018-05-30 15:00:08 - [TEST_STEP][PASSED] - navigateToUrl: Navigate to 'http://192.168.137.1/Multihospital_New/EmergencyLogin.aspx' successfully

2018-05-30 15:00:11 - [MESSAGE][PASSED] - Navigate to 'http://192.168.137.1/Multihospital_New/EmergencyLogin.aspx' successfully

2018-05-30 15:00:11 - [TEST_STEP][PASSED] - maximizeWindow: Current window maximized

2018-05-30 15:00:12 - [MESSAGE][PASSED] - Current window maximized

2018-05-30 15:00:12 - [TEST_STEP][PASSED] - setText: Text 'nivetha' is set on object 'Object Repository/Emergency/Page_Emergency login/input_txtusername'

2018-05-30 15:00:12 - [MESSAGE][PASSED] - Text 'nivetha' is set on object 'Object Repository/Emergency/Page_Emergency login/input_txtusername'

2018-05-30 15:00:12 - [TEST_STEP][PASSED] - setText: Text '123' is set on object 'Object Repository/Emergency/Page_Emergency login/input_txtpassword'

2018-05-30 15:00:12 - [MESSAGE][PASSED] - Text '123' is set on object 'Object Repository/Emergency/Page_Emergency login/input_txtpassword'

2018-05-30 15:00:12 - [TEST_STEP][PASSED] - delay: Delayed 3 second(s)

2018-05-30 15:00:15 - [MESSAGE][PASSED] - Delayed 3 second(s)

2018-05-30 15:00:15 - [TEST_STEP][PASSED] - click: Object: 'Object Repository/Emergency/Page_Emergency login/button_Sign in' is clicked on

2018-05-30 15:00:16 - [MESSAGE][PASSED] - Object: 'Object Repository/Emergency/Page_Emergency login/button_Sign in' is clicked on

2018-05-30 15:00:16 - [TEST_STEP][PASSED] - delay: Delayed 3 second(s)

2018-05-30 15:00:19 - [MESSAGE][PASSED] - Delayed 3 second(s)

2018-05-30 15:00:19 - [TEST_STEP][PASSED] - click: Object: 'Object Repository/Emergency/Page_KDMC - Emergency/a_Store Request' is clicked on

2018-05-30 15:00:20 - [MESSAGE][PASSED] - Object: 'Object Repository/Emergency/Page_KDMC - Emergency/a_Store Request' is clicked on

2018-05-30 15:00:20 - [TEST_STEP][PASSED] - delay: Delayed 2 second(s)

2018-05-30 15:00:22 - [MESSAGE][PASSED] - Delayed 2 second(s)

2018-05-30 15:00:22 - [TEST_STEP][PASSED] - click: Object: 'Object Repository/Emergency/Page_KDMC - Emergency/a_Medicine Request' is clicked on

2018-05-30 15:00:22 - [MESSAGE][PASSED] - Object: 'Object Repository/Emergency/Page_KDMC - Emergency/a_Medicine Request' is clicked on

2018-05-30 15:00:22 - [TEST_STEP][PASSED] - delay: Delayed 2 second(s)

2018-05-30 15:00:24 - [MESSAGE][PASSED] - Delayed 2 second(s)

2018-05-30 15:00:24 - [TEST_STEP][PASSED] - selectOptionByIndex: All options with index in [4] are selected on object 'Object Repository/Emergency/Page_KDMC - Emergency/select_--Select--Schedule 1Inj'

2018-05-30 15:00:24 - [MESSAGE][PASSED] - All options with index in [4] are selected on object 'Object Repository/Emergency/Page_KDMC - Emergency/select_--Select--Schedule 1Inj'

2018-05-30 15:00:24 - [TEST_STEP][PASSED] - Statement - seletedoptions = com.kms.katalon.core.webui.keyword.WebUiBuiltInKeywords.getNumberOfTotalOption(com.kms.katalon.core.testobject.ObjectRepository.findTestObject(Emergency/Page_KDMC - Emergency/select_--Select--Adernaline 0.)): 24 options of object 'Object Repository/Emergency/Page_KDMC - Emergency/select_--Select--Adernaline 0.' counted

2018-05-30 15:00:24 - [MESSAGE][PASSED] - 24 options of object 'Object Repository/Emergency/Page_KDMC - Emergency/select_--Select--Adernaline 0.' counted

2018-05-30 15:00:24 - [TEST_STEP][PASSED] - Statement - For ([u = 1, u <= seletedoptions - 1, (u++)]): Object: 'Object Repository/Emergency/Page_KDMC - Emergency/button_Add' is clicked on

2018-05-30 15:00:24 - [TEST_STEP][PASSED] - selectOptionByIndex: All options with index in [4] are selected on object 'Object Repository/Emergency/Page_KDMC - Emergency/select_--Select--Schedule 1Inj'

2018-05-30 15:00:24 - [MESSAGE][PASSED] - All options with index in [4] are selected on object 'Object Repository/Emergency/Page_KDMC - Emergency/select_--Select--Schedule 1Inj'

2018-05-30 15:00:24 - [TEST_STEP][PASSED] - delay: Delayed 1 second(s)

2018-05-30 15:00:25 - [MESSAGE][PASSED] - Delayed 1 second(s)

2018-05-30 15:00:25 - [TEST_STEP][PASSED] - selectOptionByIndex: All options with index in [1] are selected on object 'Object Repository/Emergency/Page_KDMC - Emergency/select_--Select--Adernaline 0.'

2018-05-30 15:00:26 - [MESSAGE][PASSED] - All options with index in [1] are selected on object 'Object Repository/Emergency/Page_KDMC - Emergency/select_--Select--Adernaline 0.'

2018-05-30 15:00:26 - [TEST_STEP][PASSED] - delay: Delayed 1 second(s)

2018-05-30 15:00:27 - [MESSAGE][PASSED] - Delayed 1 second(s)

2018-05-30 15:00:27 - [TEST_STEP][PASSED] - setText: Text '10' is set on object 'Object Repository/Emergency/Page_KDMC - Emergency/input_txttreat'

2018-05-30 15:00:27 - [MESSAGE][PASSED] - Text '10' is set on object 'Object Repository/Emergency/Page_KDMC - Emergency/input_txttreat'

2018-05-30 15:00:27 - [TEST_STEP][PASSED] - click: Object: 'Object Repository/Emergency/Page_KDMC - Emergency/button_Add' is clicked on

2018-05-30 15:00:27 - [MESSAGE][PASSED] - Object: 'Object Repository/Emergency/Page_KDMC - Emergency/button_Add' is clicked on

2018-05-30 15:00:27 - [TEST_STEP][PASSED] - selectOptionByIndex: All options with index in [4] are selected on object 'Object Repository/Emergency/Page_KDMC - Emergency/select_--Select--Schedule 1Inj'

2018-05-30 15:00:27 - [MESSAGE][PASSED] - All options with index in [4] are selected on object 'Object Repository/Emergency/Page_KDMC - Emergency/select_--Select--Schedule 1Inj'

2018-05-30 15:00:27 - [TEST_STEP][PASSED] - delay: Delayed 1 second(s)

2018-05-30 15:00:28 - [MESSAGE][PASSED] - Delayed 1 second(s)

2018-05-30 15:00:28 - [TEST_STEP][PASSED] - selectOptionByIndex: All options with index in [2] are selected on object 'Object Repository/Emergency/Page_KDMC - Emergency/select_--Select--Adernaline 0.'

2018-05-30 15:00:28 - [MESSAGE][PASSED] - All options with index in [2] are selected on object 'Object Repository/Emergency/Page_KDMC - Emergency/select_--Select--Adernaline 0.'

2018-05-30 15:00:28 - [TEST_STEP][PASSED] - delay: Delayed 1 second(s)

2018-05-30 15:00:29 - [MESSAGE][PASSED] - Delayed 1 second(s)

2018-05-30 15:00:29 - [TEST_STEP][PASSED] - setText: Text '10' is set on object 'Object Repository/Emergency/Page_KDMC - Emergency/input_txttreat'

2018-05-30 15:00:29 - [MESSAGE][PASSED] - Text '10' is set on object 'Object Repository/Emergency/Page_KDMC - Emergency/input_txttreat'

2018-05-30 15:00:29 - [TEST_STEP][PASSED] - click: Object: 'Object Repository/Emergency/Page_KDMC - Emergency/button_Add' is clicked on

2018-05-30 15:00:29 - [MESSAGE][PASSED] - Object: 'Object Repository/Emergency/Page_KDMC - Emergency/button_Add' is clicked on

2018-05-30 15:00:29 - [TEST_STEP][PASSED] - selectOptionByIndex: All options with index in [4] are selected on object 'Object Repository/Emergency/Page_KDMC - Emergency/select_--Select--Schedule 1Inj'

2018-05-30 15:00:30 - [MESSAGE][PASSED] - All options with index in [4] are selected on object 'Object Repository/Emergency/Page_KDMC - Emergency/select_--Select--Schedule 1Inj'

2018-05-30 15:00:30 - [TEST_STEP][PASSED] - delay: Delayed 1 second(s)

2018-05-30 15:00:31 - [MESSAGE][PASSED] - Delayed 1 second(s)

2018-05-30 15:00:31 - [TEST_STEP][PASSED] - selectOptionByIndex: All options with index in [3] are selected on object 'Object Repository/Emergency/Page_KDMC - Emergency/select_--Select--Adernaline 0.'

2018-05-30 15:00:31 - [MESSAGE][PASSED] - All options with index in [3] are selected on object 'Object Repository/Emergency/Page_KDMC - Emergency/select_--Select--Adernaline 0.'

2018-05-30 15:00:31 - [TEST_STEP][PASSED] - delay: Delayed 1 second(s)

2018-05-30 15:00:32 - [MESSAGE][PASSED] - Delayed 1 second(s)

2018-05-30 15:00:32 - [TEST_STEP][PASSED] - setText: Text '10' is set on object 'Object Repository/Emergency/Page_KDMC - Emergency/input_txttreat'

2018-05-30 15:00:32 - [MESSAGE][PASSED] - Text '10' is set on object 'Object Repository/Emergency/Page_KDMC - Emergency/input_txttreat'

2018-05-30 15:00:32 - [TEST_STEP][PASSED] - click: Object: 'Object Repository/Emergency/Page_KDMC - Emergency/button_Add' is clicked on

2018-05-30 15:00:32 - [MESSAGE][PASSED] - Object: 'Object Repository/Emergency/Page_KDMC - Emergency/button_Add' is clicked on

2018-05-30 15:00:32 - [TEST_STEP][PASSED] - selectOptionByIndex: All options with index in [4] are selected on object 'Object Repository/Emergency/Page_KDMC - Emergency/select_--Select--Schedule 1Inj'

2018-05-30 15:00:32 - [MESSAGE][PASSED] - All options with index in [4] are selected on object 'Object Repository/Emergency/Page_KDMC - Emergency/select_--Select--Schedule 1Inj'

2018-05-30 15:00:32 - [TEST_STEP][PASSED] - delay: Delayed 1 second(s)

2018-05-30 15:00:33 - [MESSAGE][PASSED] - Delayed 1 second(s)

2018-05-30 15:00:33 - [TEST_STEP][PASSED] - selectOptionByIndex: All options with index in [4] are selected on object 'Object Repository/Emergency/Page_KDMC - Emergency/select_--Select--Adernaline 0.'

2018-05-30 15:00:33 - [MESSAGE][PASSED] - All options with index in [4] are selected on object 'Object Repository/Emergency/Page_KDMC - Emergency/select_--Select--Adernaline 0.'

2018-05-30 15:00:33 - [TEST_STEP][PASSED] - delay: Delayed 1 second(s)

2018-05-30 15:00:34 - [MESSAGE][PASSED] - Delayed 1 second(s)

2018-05-30 15:00:34 - [TEST_STEP][PASSED] - setText: Text '10' is set on object 'Object Repository/Emergency/Page_KDMC - Emergency/input_txttreat'

2018-05-30 15:00:34 - [MESSAGE][PASSED] - Text '10' is set on object 'Object Repository/Emergency/Page_KDMC - Emergency/input_txttreat'

2018-05-30 15:00:34 - [TEST_STEP][PASSED] - click: Object: 'Object Repository/Emergency/Page_KDMC - Emergency/button_Add' is clicked on

2018-05-30 15:00:34 - [MESSAGE][PASSED] - Object: 'Object Repository/Emergency/Page_KDMC - Emergency/button_Add' is clicked on

2018-05-30 15:00:34 - [TEST_STEP][PASSED] - selectOptionByIndex: All options with index in [4] are selected on object 'Object Repository/Emergency/Page_KDMC - Emergency/select_--Select--Schedule 1Inj'

2018-05-30 15:00:34 - [MESSAGE][PASSED] - All options with index in [4] are selected on object 'Object Repository/Emergency/Page_KDMC - Emergency/select_--Select--Schedule 1Inj'

2018-05-30 15:00:34 - [TEST_STEP][PASSED] - delay: Delayed 1 second(s)

2018-05-30 15:00:35 - [MESSAGE][PASSED] - Delayed 1 second(s)

2018-05-30 15:00:35 - [TEST_STEP][PASSED] - selectOptionByIndex: All options with index in [5] are selected on object 'Object Repository/Emergency/Page_KDMC - Emergency/select_--Select--Adernaline 0.'

2018-05-30 15:00:36 - [MESSAGE][PASSED] - All options with index in [5] are selected on object 'Object Repository/Emergency/Page_KDMC - Emergency/select_--Select--Adernaline 0.'

2018-05-30 15:00:36 - [TEST_STEP][PASSED] - delay: Delayed 1 second(s)

2018-05-30 15:00:37 - [MESSAGE][PASSED] - Delayed 1 second(s)

2018-05-30 15:00:37 - [TEST_STEP][PASSED] - setText: Text '10' is set on object 'Object Repository/Emergency/Page_KDMC - Emergency/input_txttreat'

2018-05-30 15:00:37 - [MESSAGE][PASSED] - Text '10' is set on object 'Object Repository/Emergency/Page_KDMC - Emergency/input_txttreat'

2018-05-30 15:00:37 - [TEST_STEP][PASSED] - click: Object: 'Object Repository/Emergency/Page_KDMC - Emergency/button_Add' is clicked on

2018-05-30 15:00:37 - [MESSAGE][PASSED] - Object: 'Object Repository/Emergency/Page_KDMC - Emergency/button_Add' is clicked on

2018-05-30 15:00:37 - [TEST_STEP][PASSED] - selectOptionByIndex: All options with index in [4] are selected on object 'Object Repository/Emergency/Page_KDMC - Emergency/select_--Select--Schedule 1Inj'

2018-05-30 15:00:37 - [MESSAGE][PASSED] - All options with index in [4] are selected on object 'Object Repository/Emergency/Page_KDMC - Emergency/select_--Select--Schedule 1Inj'

2018-05-30 15:00:37 - [TEST_STEP][PASSED] - delay: Delayed 1 second(s)

2018-05-30 15:00:38 - [MESSAGE][PASSED] - Delayed 1 second(s)

2018-05-30 15:00:38 - [TEST_STEP][PASSED] - selectOptionByIndex: All options with index in [6] are selected on object 'Object Repository/Emergency/Page_KDMC - Emergency/select_--Select--Adernaline 0.'

2018-05-30 15:00:38 - [MESSAGE][PASSED] - All options with index in [6] are selected on object 'Object Repository/Emergency/Page_KDMC - Emergency/select_--Select--Adernaline 0.'

2018-05-30 15:00:38 - [TEST_STEP][PASSED] - delay: Delayed 1 second(s)

2018-05-30 15:00:39 - [MESSAGE][PASSED] - Delayed 1 second(s)

2018-05-30 15:00:39 - [TEST_STEP][PASSED] - setText: Text '10' is set on object 'Object Repository/Emergency/Page_KDMC - Emergency/input_txttreat'

2018-05-30 15:00:40 - [MESSAGE][PASSED] - Text '10' is set on object 'Object Repository/Emergency/Page_KDMC - Emergency/input_txttreat'

2018-05-30 15:00:40 - [TEST_STEP][PASSED] - click: Object: 'Object Repository/Emergency/Page_KDMC - Emergency/button_Add' is clicked on

2018-05-30 15:00:40 - [MESSAGE][PASSED] - Object: 'Object Repository/Emergency/Page_KDMC - Emergency/button_Add' is clicked on

2018-05-30 15:00:40 - [TEST_STEP][PASSED] - selectOptionByIndex: All options with index in [4] are selected on object 'Object Repository/Emergency/Page_KDMC - Emergency/select_--Select--Schedule 1Inj'

2018-05-30 15:00:40 - [MESSAGE][PASSED] - All options with index in [4] are selected on object 'Object Repository/Emergency/Page_KDMC - Emergency/select_--Select--Schedule 1Inj'

2018-05-30 15:00:40 - [TEST_STEP][PASSED] - delay: Delayed 1 second(s)

2018-05-30 15:00:41 - [MESSAGE][PASSED] - Delayed 1 second(s)

2018-05-30 15:00:41 - [TEST_STEP][PASSED] - selectOptionByIndex: All options with index in [7] are selected on object 'Object Repository/Emergency/Page_KDMC - Emergency/select_--Select--Adernaline 0.'

2018-05-30 15:00:41 - [MESSAGE][PASSED] - All options with index in [7] are selected on object 'Object Repository/Emergency/Page_KDMC - Emergency/select_--Select--Adernaline 0.'

2018-05-30 15:00:41 - [TEST_STEP][PASSED] - delay: Delayed 1 second(s)

2018-05-30 15:00:42 - [MESSAGE][PASSED] - Delayed 1 second(s)

2018-05-30 15:00:42 - [TEST_STEP][PASSED] - setText: Text '10' is set on object 'Object Repository/Emergency/Page_KDMC - Emergency/input_txttreat'

2018-05-30 15:00:42 - [MESSAGE][PASSED] - Text '10' is set on object 'Object Repository/Emergency/Page_KDMC - Emergency/input_txttreat'

2018-05-30 15:00:42 - [TEST_STEP][PASSED] - click: Object: 'Object Repository/Emergency/Page_KDMC - Emergency/button_Add' is clicked on

2018-05-30 15:00:42 - [MESSAGE][PASSED] - Object: 'Object Repository/Emergency/Page_KDMC - Emergency/button_Add' is clicked on

2018-05-30 15:00:42 - [TEST_STEP][PASSED] - selectOptionByIndex: All options with index in [4] are selected on object 'Object Repository/Emergency/Page_KDMC - Emergency/select_--Select--Schedule 1Inj'

2018-05-30 15:00:42 - [MESSAGE][PASSED] - All options with index in [4] are selected on object 'Object Repository/Emergency/Page_KDMC - Emergency/select_--Select--Schedule 1Inj'

2018-05-30 15:00:42 - [TEST_STEP][PASSED] - delay: Delayed 1 second(s)

2018-05-30 15:00:43 - [MESSAGE][PASSED] - Delayed 1 second(s)

2018-05-30 15:00:43 - [TEST_STEP][PASSED] - selectOptionByIndex: All options with index in [8] are selected on object 'Object Repository/Emergency/Page_KDMC - Emergency/select_--Select--Adernaline 0.'

2018-05-30 15:00:43 - [MESSAGE][PASSED] - All options with index in [8] are selected on object 'Object Repository/Emergency/Page_KDMC - Emergency/select_--Select--Adernaline 0.'

2018-05-30 15:00:43 - [TEST_STEP][PASSED] - delay: Delayed 1 second(s)

2018-05-30 15:00:44 - [MESSAGE][PASSED] - Delayed 1 second(s)

2018-05-30 15:00:44 - [TEST_STEP][PASSED] - setText: Text '10' is set on object 'Object Repository/Emergency/Page_KDMC - Emergency/input_txttreat'

2018-05-30 15:00:45 - [MESSAGE][PASSED] - Text '10' is set on object 'Object Repository/Emergency/Page_KDMC - Emergency/input_txttreat'

2018-05-30 15:00:45 - [TEST_STEP][PASSED] - click: Object: 'Object Repository/Emergency/Page_KDMC - Emergency/button_Add' is clicked on

2018-05-30 15:00:45 - [MESSAGE][PASSED] - Object: 'Object Repository/Emergency/Page_KDMC - Emergency/button_Add' is clicked on

2018-05-30 15:00:45 - [TEST_STEP][PASSED] - selectOptionByIndex: All options with index in [4] are selected on object 'Object Repository/Emergency/Page_KDMC - Emergency/select_--Select--Schedule 1Inj'

2018-05-30 15:00:45 - [MESSAGE][PASSED] - All options with index in [4] are selected on object 'Object Repository/Emergency/Page_KDMC - Emergency/select_--Select--Schedule 1Inj'

2018-05-30 15:00:45 - [TEST_STEP][PASSED] - delay: Delayed 1 second(s)

2018-05-30 15:00:46 - [MESSAGE][PASSED] - Delayed 1 second(s)

2018-05-30 15:00:46 - [TEST_STEP][PASSED] - selectOptionByIndex: All options with index in [9] are selected on object 'Object Repository/Emergency/Page_KDMC - Emergency/select_--Select--Adernaline 0.'

2018-05-30 15:00:46 - [MESSAGE][PASSED] - All options with index in [9] are selected on object 'Object Repository/Emergency/Page_KDMC - Emergency/select_--Select--Adernaline 0.'

2018-05-30 15:00:46 - [TEST_STEP][PASSED] - delay: Delayed 1 second(s)

2018-05-30 15:00:47 - [MESSAGE][PASSED] - Delayed 1 second(s)

2018-05-30 15:00:47 - [TEST_STEP][PASSED] - setText: Text '10' is set on object 'Object Repository/Emergency/Page_KDMC - Emergency/input_txttreat'

2018-05-30 15:00:47 - [MESSAGE][PASSED] - Text '10' is set on object 'Object Repository/Emergency/Page_KDMC - Emergency/input_txttreat'

2018-05-30 15:00:47 - [TEST_STEP][PASSED] - click: Object: 'Object Repository/Emergency/Page_KDMC - Emergency/button_Add' is clicked on

2018-05-30 15:00:47 - [MESSAGE][PASSED] - Object: 'Object Repository/Emergency/Page_KDMC - Emergency/button_Add' is clicked on

2018-05-30 15:00:47 - [TEST_STEP][PASSED] - selectOptionByIndex: All options with index in [4] are selected on object 'Object Repository/Emergency/Page_KDMC - Emergency/select_--Select--Schedule 1Inj'

2018-05-30 15:00:47 - [MESSAGE][PASSED] - All options with index in [4] are selected on object 'Object Repository/Emergency/Page_KDMC - Emergency/select_--Select--Schedule 1Inj'

2018-05-30 15:00:47 - [TEST_STEP][PASSED] - delay: Delayed 1 second(s)

2018-05-30 15:00:48 - [MESSAGE][PASSED] - Delayed 1 second(s)

2018-05-30 15:00:48 - [TEST_STEP][PASSED] - selectOptionByIndex: All options with index in [10] are selected on object 'Object Repository/Emergency/Page_KDMC - Emergency/select_--Select--Adernaline 0.'

2018-05-30 15:00:48 - [MESSAGE][PASSED] - All options with index in [10] are selected on object 'Object Repository/Emergency/Page_KDMC - Emergency/select_--Select--Adernaline 0.'

2018-05-30 15:00:48 - [TEST_STEP][PASSED] - delay: Delayed 1 second(s)

2018-05-30 15:00:49 - [MESSAGE][PASSED] - Delayed 1 second(s)

2018-05-30 15:00:49 - [TEST_STEP][PASSED] - setText: Text '10' is set on object 'Object Repository/Emergency/Page_KDMC - Emergency/input_txttreat'

2018-05-30 15:00:50 - [MESSAGE][PASSED] - Text '10' is set on object 'Object Repository/Emergency/Page_KDMC - Emergency/input_txttreat'

2018-05-30 15:00:50 - [TEST_STEP][PASSED] - click: Object: 'Object Repository/Emergency/Page_KDMC - Emergency/button_Add' is clicked on

2018-05-30 15:00:50 - [MESSAGE][PASSED] - Object: 'Object Repository/Emergency/Page_KDMC - Emergency/button_Add' is clicked on

2018-05-30 15:00:50 - [TEST_STEP][PASSED] - selectOptionByIndex: All options with index in [4] are selected on object 'Object Repository/Emergency/Page_KDMC - Emergency/select_--Select--Schedule 1Inj'

2018-05-30 15:00:50 - [MESSAGE][PASSED] - All options with index in [4] are selected on object 'Object Repository/Emergency/Page_KDMC - Emergency/select_--Select--Schedule 1Inj'

2018-05-30 15:00:50 - [TEST_STEP][PASSED] - delay: Delayed 1 second(s)

2018-05-30 15:00:51 - [MESSAGE][PASSED] - Delayed 1 second(s)

2018-05-30 15:00:51 - [TEST_STEP][PASSED] - selectOptionByIndex: All options with index in [11] are selected on object 'Object Repository/Emergency/Page_KDMC - Emergency/select_--Select--Adernaline 0.'

2018-05-30 15:00:51 - [MESSAGE][PASSED] - All options with index in [11] are selected on object 'Object Repository/Emergency/Page_KDMC - Emergency/select_--Select--Adernaline 0.'

2018-05-30 15:00:51 - [TEST_STEP][PASSED] - delay: Delayed 1 second(s)

2018-05-30 15:00:52 - [MESSAGE][PASSED] - Delayed 1 second(s)

2018-05-30 15:00:52 - [TEST_STEP][PASSED] - setText: Text '10' is set on object 'Object Repository/Emergency/Page_KDMC - Emergency/input_txttreat'

2018-05-30 15:00:52 - [MESSAGE][PASSED] - Text '10' is set on object 'Object Repository/Emergency/Page_KDMC - Emergency/input_txttreat'

2018-05-30 15:00:52 - [TEST_STEP][PASSED] - click: Object: 'Object Repository/Emergency/Page_KDMC - Emergency/button_Add' is clicked on

2018-05-30 15:00:52 - [MESSAGE][PASSED] - Object: 'Object Repository/Emergency/Page_KDMC - Emergency/button_Add' is clicked on

2018-05-30 15:00:52 - [TEST_STEP][PASSED] - selectOptionByIndex: All options with index in [4] are selected on object 'Object Repository/Emergency/Page_KDMC - Emergency/select_--Select--Schedule 1Inj'

2018-05-30 15:00:52 - [MESSAGE][PASSED] - All options with index in [4] are selected on object 'Object Repository/Emergency/Page_KDMC - Emergency/select_--Select--Schedule 1Inj'

2018-05-30 15:00:52 - [TEST_STEP][PASSED] - delay: Delayed 1 second(s)

2018-05-30 15:00:53 - [MESSAGE][PASSED] - Delayed 1 second(s)

2018-05-30 15:00:53 - [TEST_STEP][PASSED] - selectOptionByIndex: All options with index in [12] are selected on object 'Object Repository/Emergency/Page_KDMC - Emergency/select_--Select--Adernaline 0.'

2018-05-30 15:00:54 - [MESSAGE][PASSED] - All options with index in [12] are selected on object 'Object Repository/Emergency/Page_KDMC - Emergency/select_--Select--Adernaline 0.'

2018-05-30 15:00:54 - [TEST_STEP][PASSED] - delay: Delayed 1 second(s)

2018-05-30 15:00:55 - [MESSAGE][PASSED] - Delayed 1 second(s)

2018-05-30 15:00:55 - [TEST_STEP][PASSED] - setText: Text '10' is set on object 'Object Repository/Emergency/Page_KDMC - Emergency/input_txttreat'

2018-05-30 15:00:56 - [MESSAGE][PASSED] - Text '10' is set on object 'Object Repository/Emergency/Page_KDMC - Emergency/input_txttreat'

2018-05-30 15:00:56 - [TEST_STEP][PASSED] - click: Object: 'Object Repository/Emergency/Page_KDMC - Emergency/button_Add' is clicked on

2018-05-30 15:00:56 - [MESSAGE][PASSED] - Object: 'Object Repository/Emergency/Page_KDMC - Emergency/button_Add' is clicked on

2018-05-30 15:00:56 - [TEST_STEP][PASSED] - selectOptionByIndex: All options with index in [4] are selected on object 'Object Repository/Emergency/Page_KDMC - Emergency/select_--Select--Schedule 1Inj'

2018-05-30 15:00:57 - [MESSAGE][PASSED] - All options with index in [4] are selected on object 'Object Repository/Emergency/Page_KDMC - Emergency/select_--Select--Schedule 1Inj'

2018-05-30 15:00:57 - [TEST_STEP][PASSED] - delay: Delayed 1 second(s)

2018-05-30 15:00:58 - [MESSAGE][PASSED] - Delayed 1 second(s)

2018-05-30 15:00:58 - [TEST_STEP][PASSED] - selectOptionByIndex: All options with index in [13] are selected on object 'Object Repository/Emergency/Page_KDMC - Emergency/select_--Select--Adernaline 0.'

2018-05-30 15:00:58 - [MESSAGE][PASSED] - All options with index in [13] are selected on object 'Object Repository/Emergency/Page_KDMC - Emergency/select_--Select--Adernaline 0.'

2018-05-30 15:00:58 - [TEST_STEP][PASSED] - delay: Delayed 1 second(s)

2018-05-30 15:00:59 - [MESSAGE][PASSED] - Delayed 1 second(s)

2018-05-30 15:00:59 - [TEST_STEP][PASSED] - setText: Text '10' is set on object 'Object Repository/Emergency/Page_KDMC - Emergency/input_txttreat'

2018-05-30 15:01:00 - [MESSAGE][PASSED] - Text '10' is set on object 'Object Repository/Emergency/Page_KDMC - Emergency/input_txttreat'

2018-05-30 15:01:00 - [TEST_STEP][PASSED] - click: Object: 'Object Repository/Emergency/Page_KDMC - Emergency/button_Add' is clicked on

2018-05-30 15:01:00 - [MESSAGE][PASSED] - Object: 'Object Repository/Emergency/Page_KDMC - Emergency/button_Add' is clicked on

2018-05-30 15:01:00 - [TEST_STEP][PASSED] - selectOptionByIndex: All options with index in [4] are selected on object 'Object Repository/Emergency/Page_KDMC - Emergency/select_--Select--Schedule 1Inj'

2018-05-30 15:01:00 - [MESSAGE][PASSED] - All options with index in [4] are selected on object 'Object Repository/Emergency/Page_KDMC - Emergency/select_--Select--Schedule 1Inj'

2018-05-30 15:01:00 - [TEST_STEP][PASSED] - delay: Delayed 1 second(s)

2018-05-30 15:01:01 - [MESSAGE][PASSED] - Delayed 1 second(s)

2018-05-30 15:01:01 - [TEST_STEP][PASSED] - selectOptionByIndex: All options with index in [14] are selected on object 'Object Repository/Emergency/Page_KDMC - Emergency/select_--Select--Adernaline 0.'

2018-05-30 15:01:01 - [MESSAGE][PASSED] - All options with index in [14] are selected on object 'Object Repository/Emergency/Page_KDMC - Emergency/select_--Select--Adernaline 0.'

2018-05-30 15:01:01 - [TEST_STEP][PASSED] - delay: Delayed 1 second(s)

2018-05-30 15:01:02 - [MESSAGE][PASSED] - Delayed 1 second(s)

2018-05-30 15:01:02 - [TEST_STEP][PASSED] - setText: Text '10' is set on object 'Object Repository/Emergency/Page_KDMC - Emergency/input_txttreat'

2018-05-30 15:01:02 - [MESSAGE][PASSED] - Text '10' is set on object 'Object Repository/Emergency/Page_KDMC - Emergency/input_txttreat'

2018-05-30 15:01:02 - [TEST_STEP][PASSED] - click: Object: 'Object Repository/Emergency/Page_KDMC - Emergency/button_Add' is clicked on

2018-05-30 15:01:02 - [MESSAGE][PASSED] - Object: 'Object Repository/Emergency/Page_KDMC - Emergency/button_Add' is clicked on

2018-05-30 15:01:02 - [TEST_STEP][PASSED] - selectOptionByIndex: All options with index in [4] are selected on object 'Object Repository/Emergency/Page_KDMC - Emergency/select_--Select--Schedule 1Inj'

2018-05-30 15:01:02 - [MESSAGE][PASSED] - All options with index in [4] are selected on object 'Object Repository/Emergency/Page_KDMC - Emergency/select_--Select--Schedule 1Inj'

2018-05-30 15:01:02 - [TEST_STEP][PASSED] - delay: Delayed 1 second(s)

2018-05-30 15:01:03 - [MESSAGE][PASSED] - Delayed 1 second(s)

2018-05-30 15:01:03 - [TEST_STEP][PASSED] - selectOptionByIndex: All options with index in [15] are selected on object 'Object Repository/Emergency/Page_KDMC - Emergency/select_--Select--Adernaline 0.'

2018-05-30 15:01:04 - [MESSAGE][PASSED] - All options with index in [15] are selected on object 'Object Repository/Emergency/Page_KDMC - Emergency/select_--Select--Adernaline 0.'

2018-05-30 15:01:04 - [TEST_STEP][PASSED] - delay: Delayed 1 second(s)

2018-05-30 15:01:05 - [MESSAGE][PASSED] - Delayed 1 second(s)

2018-05-30 15:01:05 - [TEST_STEP][PASSED] - setText: Text '10' is set on object 'Object Repository/Emergency/Page_KDMC - Emergency/input_txttreat'

2018-05-30 15:01:05 - [MESSAGE][PASSED] - Text '10' is set on object 'Object Repository/Emergency/Page_KDMC - Emergency/input_txttreat'

2018-05-30 15:01:05 - [TEST_STEP][PASSED] - click: Object: 'Object Repository/Emergency/Page_KDMC - Emergency/button_Add' is clicked on

2018-05-30 15:01:05 - [MESSAGE][PASSED] - Object: 'Object Repository/Emergency/Page_KDMC - Emergency/button_Add' is clicked on

2018-05-30 15:01:05 - [TEST_STEP][PASSED] - selectOptionByIndex: All options with index in [4] are selected on object 'Object Repository/Emergency/Page_KDMC - Emergency/select_--Select--Schedule 1Inj'

2018-05-30 15:01:05 - [MESSAGE][PASSED] - All options with index in [4] are selected on object 'Object Repository/Emergency/Page_KDMC - Emergency/select_--Select--Schedule 1Inj'

2018-05-30 15:01:05 - [TEST_STEP][PASSED] - delay: Delayed 1 second(s)

2018-05-30 15:01:06 - [MESSAGE][PASSED] - Delayed 1 second(s)

2018-05-30 15:01:06 - [TEST_STEP][PASSED] - selectOptionByIndex: All options with index in [16] are selected on object 'Object Repository/Emergency/Page_KDMC - Emergency/select_--Select--Adernaline 0.'

2018-05-30 15:01:06 - [MESSAGE][PASSED] - All options with index in [16] are selected on object 'Object Repository/Emergency/Page_KDMC - Emergency/select_--Select--Adernaline 0.'

2018-05-30 15:01:06 - [TEST_STEP][PASSED] - delay: Delayed 1 second(s)

2018-05-30 15:01:07 - [MESSAGE][PASSED] - Delayed 1 second(s)

2018-05-30 15:01:07 - [TEST_STEP][PASSED] - setText: Text '10' is set on object 'Object Repository/Emergency/Page_KDMC - Emergency/input_txttreat'

2018-05-30 15:01:07 - [MESSAGE][PASSED] - Text '10' is set on object 'Object Repository/Emergency/Page_KDMC - Emergency/input_txttreat'

2018-05-30 15:01:07 - [TEST_STEP][PASSED] - click: Object: 'Object Repository/Emergency/Page_KDMC - Emergency/button_Add' is clicked on

2018-05-30 15:01:07 - [MESSAGE][PASSED] - Object: 'Object Repository/Emergency/Page_KDMC - Emergency/button_Add' is clicked on

2018-05-30 15:01:07 - [TEST_STEP][PASSED] - selectOptionByIndex: All options with index in [4] are selected on object 'Object Repository/Emergency/Page_KDMC - Emergency/select_--Select--Schedule 1Inj'

2018-05-30 15:01:07 - [MESSAGE][PASSED] - All options with index in [4] are selected on object 'Object Repository/Emergency/Page_KDMC - Emergency/select_--Select--Schedule 1Inj'

2018-05-30 15:01:07 - [TEST_STEP][PASSED] - delay: Delayed 1 second(s)

2018-05-30 15:01:08 - [MESSAGE][PASSED] - Delayed 1 second(s)

2018-05-30 15:01:08 - [TEST_STEP][PASSED] - selectOptionByIndex: All options with index in [17] are selected on object 'Object Repository/Emergency/Page_KDMC - Emergency/select_--Select--Adernaline 0.'

2018-05-30 15:01:09 - [MESSAGE][PASSED] - All options with index in [17] are selected on object 'Object Repository/Emergency/Page_KDMC - Emergency/select_--Select--Adernaline 0.'

2018-05-30 15:01:09 - [TEST_STEP][PASSED] - delay: Delayed 1 second(s)

2018-05-30 15:01:10 - [MESSAGE][PASSED] - Delayed 1 second(s)

2018-05-30 15:01:10 - [TEST_STEP][PASSED] - setText: Text '10' is set on object 'Object Repository/Emergency/Page_KDMC - Emergency/input_txttreat'

2018-05-30 15:01:10 - [MESSAGE][PASSED] - Text '10' is set on object 'Object Repository/Emergency/Page_KDMC - Emergency/input_txttreat'

2018-05-30 15:01:10 - [TEST_STEP][PASSED] - click: Object: 'Object Repository/Emergency/Page_KDMC - Emergency/button_Add' is clicked on

2018-05-30 15:01:10 - [MESSAGE][PASSED] - Object: 'Object Repository/Emergency/Page_KDMC - Emergency/button_Add' is clicked on

2018-05-30 15:01:10 - [TEST_STEP][PASSED] - selectOptionByIndex: All options with index in [4] are selected on object 'Object Repository/Emergency/Page_KDMC - Emergency/select_--Select--Schedule 1Inj'

2018-05-30 15:01:10 - [MESSAGE][PASSED] - All options with index in [4] are selected on object 'Object Repository/Emergency/Page_KDMC - Emergency/select_--Select--Schedule 1Inj'

2018-05-30 15:01:10 - [TEST_STEP][PASSED] - delay: Delayed 1 second(s)

2018-05-30 15:01:11 - [MESSAGE][PASSED] - Delayed 1 second(s)

2018-05-30 15:01:11 - [TEST_STEP][PASSED] - selectOptionByIndex: All options with index in [18] are selected on object 'Object Repository/Emergency/Page_KDMC - Emergency/select_--Select--Adernaline 0.'

2018-05-30 15:01:11 - [MESSAGE][PASSED] - All options with index in [18] are selected on object 'Object Repository/Emergency/Page_KDMC - Emergency/select_--Select--Adernaline 0.'

2018-05-30 15:01:11 - [TEST_STEP][PASSED] - delay: Delayed 1 second(s)

2018-05-30 15:01:12 - [MESSAGE][PASSED] - Delayed 1 second(s)

2018-05-30 15:01:12 - [TEST_STEP][PASSED] - setText: Text '10' is set on object 'Object Repository/Emergency/Page_KDMC - Emergency/input_txttreat'

2018-05-30 15:01:12 - [MESSAGE][PASSED] - Text '10' is set on object 'Object Repository/Emergency/Page_KDMC - Emergency/input_txttreat'

2018-05-30 15:01:12 - [TEST_STEP][PASSED] - click: Object: 'Object Repository/Emergency/Page_KDMC - Emergency/button_Add' is clicked on

2018-05-30 15:01:12 - [MESSAGE][PASSED] - Object: 'Object Repository/Emergency/Page_KDMC - Emergency/button_Add' is clicked on

2018-05-30 15:01:12 - [TEST_STEP][PASSED] - selectOptionByIndex: All options with index in [4] are selected on object 'Object Repository/Emergency/Page_KDMC - Emergency/select_--Select--Schedule 1Inj'

2018-05-30 15:01:13 - [MESSAGE][PASSED] - All options with index in [4] are selected on object 'Object Repository/Emergency/Page_KDMC - Emergency/select_--Select--Schedule 1Inj'

2018-05-30 15:01:13 - [TEST_STEP][PASSED] - delay: Delayed 1 second(s)

2018-05-30 15:01:14 - [MESSAGE][PASSED] - Delayed 1 second(s)

2018-05-30 15:01:14 - [TEST_STEP][PASSED] - selectOptionByIndex: All options with index in [19] are selected on object 'Object Repository/Emergency/Page_KDMC - Emergency/select_--Select--Adernaline 0.'

2018-05-30 15:01:14 - [MESSAGE][PASSED] - All options with index in [19] are selected on object 'Object Repository/Emergency/Page_KDMC - Emergency/select_--Select--Adernaline 0.'

2018-05-30 15:01:14 - [TEST_STEP][PASSED] - delay: Delayed 1 second(s)

2018-05-30 15:01:15 - [MESSAGE][PASSED] - Delayed 1 second(s)

2018-05-30 15:01:15 - [TEST_STEP][PASSED] - setText: Text '10' is set on object 'Object Repository/Emergency/Page_KDMC - Emergency/input_txttreat'

2018-05-30 15:01:15 - [MESSAGE][PASSED] - Text '10' is set on object 'Object Repository/Emergency/Page_KDMC - Emergency/input_txttreat'

2018-05-30 15:01:15 - [TEST_STEP][PASSED] - click: Object: 'Object Repository/Emergency/Page_KDMC - Emergency/button_Add' is clicked on

2018-05-30 15:01:15 - [MESSAGE][PASSED] - Object: 'Object Repository/Emergency/Page_KDMC - Emergency/button_Add' is clicked on

2018-05-30 15:01:15 - [TEST_STEP][PASSED] - selectOptionByIndex: All options with index in [4] are selected on object 'Object Repository/Emergency/Page_KDMC - Emergency/select_--Select--Schedule 1Inj'

2018-05-30 15:01:15 - [MESSAGE][PASSED] - All options with index in [4] are selected on object 'Object Repository/Emergency/Page_KDMC - Emergency/select_--Select--Schedule 1Inj'

2018-05-30 15:01:15 - [TEST_STEP][PASSED] - delay: Delayed 1 second(s)

2018-05-30 15:01:16 - [MESSAGE][PASSED] - Delayed 1 second(s)

2018-05-30 15:01:16 - [TEST_STEP][PASSED] - selectOptionByIndex: All options with index in [20] are selected on object 'Object Repository/Emergency/Page_KDMC - Emergency/select_--Select--Adernaline 0.'

2018-05-30 15:01:16 - [MESSAGE][PASSED] - All options with index in [20] are selected on object 'Object Repository/Emergency/Page_KDMC - Emergency/select_--Select--Adernaline 0.'

2018-05-30 15:01:16 - [TEST_STEP][PASSED] - delay: Delayed 1 second(s)

2018-05-30 15:01:17 - [MESSAGE][PASSED] - Delayed 1 second(s)

2018-05-30 15:01:17 - [TEST_STEP][PASSED] - setText: Text '10' is set on object 'Object Repository/Emergency/Page_KDMC - Emergency/input_txttreat'

2018-05-30 15:01:18 - [MESSAGE][PASSED] - Text '10' is set on object 'Object Repository/Emergency/Page_KDMC - Emergency/input_txttreat'

2018-05-30 15:01:18 - [TEST_STEP][PASSED] - click: Object: 'Object Repository/Emergency/Page_KDMC - Emergency/button_Add' is clicked on

2018-05-30 15:01:18 - [MESSAGE][PASSED] - Object: 'Object Repository/Emergency/Page_KDMC - Emergency/button_Add' is clicked on

2018-05-30 15:01:18 - [TEST_STEP][PASSED] - selectOptionByIndex: All options with index in [4] are selected on object 'Object Repository/Emergency/Page_KDMC - Emergency/select_--Select--Schedule 1Inj'

2018-05-30 15:01:18 - [MESSAGE][PASSED] - All options with index in [4] are selected on object 'Object Repository/Emergency/Page_KDMC - Emergency/select_--Select--Schedule 1Inj'

2018-05-30 15:01:18 - [TEST_STEP][PASSED] - delay: Delayed 1 second(s)

2018-05-30 15:01:19 - [MESSAGE][PASSED] - Delayed 1 second(s)

2018-05-30 15:01:19 - [TEST_STEP][PASSED] - selectOptionByIndex: All options with index in [21] are selected on object 'Object Repository/Emergency/Page_KDMC - Emergency/select_--Select--Adernaline 0.'

2018-05-30 15:01:19 - [MESSAGE][PASSED] - All options with index in [21] are selected on object 'Object Repository/Emergency/Page_KDMC - Emergency/select_--Select--Adernaline 0.'

2018-05-30 15:01:19 - [TEST_STEP][PASSED] - delay: Delayed 1 second(s)

2018-05-30 15:01:20 - [MESSAGE][PASSED] - Delayed 1 second(s)

2018-05-30 15:01:20 - [TEST_STEP][PASSED] - setText: Text '10' is set on object 'Object Repository/Emergency/Page_KDMC - Emergency/input_txttreat'

2018-05-30 15:01:20 - [MESSAGE][PASSED] - Text '10' is set on object 'Object Repository/Emergency/Page_KDMC - Emergency/input_txttreat'

2018-05-30 15:01:20 - [TEST_STEP][PASSED] - click: Object: 'Object Repository/Emergency/Page_KDMC - Emergency/button_Add' is clicked on

2018-05-30 15:01:20 - [MESSAGE][PASSED] - Object: 'Object Repository/Emergency/Page_KDMC - Emergency/button_Add' is clicked on

2018-05-30 15:01:20 - [TEST_STEP][PASSED] - selectOptionByIndex: All options with index in [4] are selected on object 'Object Repository/Emergency/Page_KDMC - Emergency/select_--Select--Schedule 1Inj'

2018-05-30 15:01:20 - [MESSAGE][PASSED] - All options with index in [4] are selected on object 'Object Repository/Emergency/Page_KDMC - Emergency/select_--Select--Schedule 1Inj'

2018-05-30 15:01:20 - [TEST_STEP][PASSED] - delay: Delayed 1 second(s)

2018-05-30 15:01:21 - [MESSAGE][PASSED] - Delayed 1 second(s)

2018-05-30 15:01:21 - [TEST_STEP][PASSED] - selectOptionByIndex: All options with index in [22] are selected on object 'Object Repository/Emergency/Page_KDMC - Emergency/select_--Select--Adernaline 0.'

2018-05-30 15:01:22 - [MESSAGE][PASSED] - All options with index in [22] are selected on object 'Object Repository/Emergency/Page_KDMC - Emergency/select_--Select--Adernaline 0.'

2018-05-30 15:01:22 - [TEST_STEP][PASSED] - delay: Delayed 1 second(s)

2018-05-30 15:01:23 - [MESSAGE][PASSED] - Delayed 1 second(s)

2018-05-30 15:01:23 - [TEST_STEP][PASSED] - setText: Text '10' is set on object 'Object Repository/Emergency/Page_KDMC - Emergency/input_txttreat'

2018-05-30 15:01:23 - [MESSAGE][PASSED] - Text '10' is set on object 'Object Repository/Emergency/Page_KDMC - Emergency/input_txttreat'

2018-05-30 15:01:23 - [TEST_STEP][PASSED] - click: Object: 'Object Repository/Emergency/Page_KDMC - Emergency/button_Add' is clicked on

2018-05-30 15:01:23 - [MESSAGE][PASSED] - Object: 'Object Repository/Emergency/Page_KDMC - Emergency/button_Add' is clicked on

2018-05-30 15:01:23 - [TEST_STEP][PASSED] - selectOptionByIndex: All options with index in [4] are selected on object 'Object Repository/Emergency/Page_KDMC - Emergency/select_--Select--Schedule 1Inj'

2018-05-30 15:01:23 - [MESSAGE][PASSED] - All options with index in [4] are selected on object 'Object Repository/Emergency/Page_KDMC - Emergency/select_--Select--Schedule 1Inj'

2018-05-30 15:01:23 - [TEST_STEP][PASSED] - delay: Delayed 1 second(s)

2018-05-30 15:01:24 - [MESSAGE][PASSED] - Delayed 1 second(s)

2018-05-30 15:01:24 - [TEST_STEP][PASSED] - selectOptionByIndex: All options with index in [23] are selected on object 'Object Repository/Emergency/Page_KDMC - Emergency/select_--Select--Adernaline 0.'

2018-05-30 15:01:24 - [MESSAGE][PASSED] - All options with index in [23] are selected on object 'Object Repository/Emergency/Page_KDMC - Emergency/select_--Select--Adernaline 0.'

2018-05-30 15:01:24 - [TEST_STEP][PASSED] - delay: Delayed 1 second(s)

2018-05-30 15:01:25 - [MESSAGE][PASSED] - Delayed 1 second(s)

2018-05-30 15:01:25 - [TEST_STEP][PASSED] - setText: Text '10' is set on object 'Object Repository/Emergency/Page_KDMC - Emergency/input_txttreat'

2018-05-30 15:01:25 - [MESSAGE][PASSED] - Text '10' is set on object 'Object Repository/Emergency/Page_KDMC - Emergency/input_txttreat'

2018-05-30 15:01:25 - [TEST_STEP][PASSED] - click: Object: 'Object Repository/Emergency/Page_KDMC - Emergency/button_Add' is clicked on

2018-05-30 15:01:26 - [MESSAGE][PASSED] - Object: 'Object Repository/Emergency/Page_KDMC - Emergency/button_Add' is clicked on

2018-05-30 15:01:26 - [TEST_STEP][PASSED] - scrollToElement: Scroll to object 'Object Repository/Emergency/Page_KDMC - Emergency/input_btnsave' successfully

2018-05-30 15:01:26 - [MESSAGE][PASSED] - Scroll to object 'Object Repository/Emergency/Page_KDMC - Emergency/input_btnsave' successfully

2018-05-30 15:01:26 - [TEST_STEP][PASSED] - click: Object: 'Object Repository/Emergency/Page_KDMC - Emergency/input_btnsave' is clicked on

2018-05-30 15:01:26 - [MESSAGE][PASSED] - Object: 'Object Repository/Emergency/Page_KDMC - Emergency/input_btnsave' is clicked on

2018-05-30 15:01:26 - [TEST_STEP][PASSED] - delay: Delayed 3 second(s)

2018-05-30 15:01:29 - [MESSAGE][PASSED] - Delayed 3 second(s)

2018-05-30 15:01:29 - [TEST_STEP][PASSED] - Statement - RequestNumber = com.kms.katalon.core.webui.keyword.WebUiBuiltInKeywords.getText(com.kms.katalon.core.testobject.ObjectRepository.findTestObject(Emergency/Page_KDMC - Emergency/font_ERNO100520183)): Text of object 'Object Repository/Emergency/Page_KDMC - Emergency/font_ERNO100520183' is: 'ERNO/30052018/524'

2018-05-30 15:01:29 - [MESSAGE][PASSED] - Text of object 'Object Repository/Emergency/Page_KDMC - Emergency/font_ERNO100520183' is: 'ERNO/30052018/524'

2018-05-30 15:01:29 - [TEST_STEP][PASSED] - Statement - Rno = RequestNumber.split("/")[2]: null

2018-05-30 15:01:29 - [TEST_STEP][PASSED] - Statement - out.println(Rno): null

2018-05-30 15:01:29 - [TEST_STEP][PASSED] - click: Object: 'Object Repository/Emergency/Page_KDMC - Emergency/button_OK' is clicked on

2018-05-30 15:01:29 - [MESSAGE][PASSED] - Object: 'Object Repository/Emergency/Page_KDMC - Emergency/button_OK' is clicked on

2018-05-30 15:01:29 - [TEST_STEP][PASSED] - delay: Delayed 3 second(s)

2018-05-30 15:01:32 - [MESSAGE][PASSED] - Delayed 3 second(s)

2018-05-30 15:01:32 - [TEST_STEP][PASSED] - click: Object: 'Object Repository/Emergency/Page_KDMC - Emergency/a_dropdown-toggle' is clicked on

2018-05-30 15:01:32 - [MESSAGE][PASSED] - Object: 'Object Repository/Emergency/Page_KDMC - Emergency/a_dropdown-toggle' is clicked on

2018-05-30 15:01:32 - [TEST_STEP][PASSED] - click: Object: 'Object Repository/Emergency/Page_KDMC - Emergency/a_Sign out' is clicked on

2018-05-30 15:01:33 - [MESSAGE][PASSED] - Object: 'Object Repository/Emergency/Page_KDMC - Emergency/a_Sign out' is clicked on

2018-05-30 15:01:33 - [TEST_STEP][PASSED] - delay: Delayed 3 second(s)

2018-05-30 15:01:36 - [MESSAGE][PASSED] - Delayed 3 second(s)

2018-05-30 15:01:36 - [TEST_STEP][PASSED] - click: Object: 'Object Repository/Emergency/Page_KDMC/a_CMO' is clicked on

2018-05-30 15:01:36 - [MESSAGE][PASSED] - Object: 'Object Repository/Emergency/Page_KDMC/a_CMO' is clicked on

2018-05-30 15:01:36 - [TEST_STEP][PASSED] - setText: Text 'guru' is set on object 'Object Repository/Emergency/Page_CMO login/input_txtusername'

2018-05-30 15:01:36 - [MESSAGE][PASSED] - Text 'guru' is set on object 'Object Repository/Emergency/Page_CMO login/input_txtusername'

2018-05-30 15:01:36 - [TEST_STEP][PASSED] - setText: Text '123' is set on object 'Object Repository/Emergency/Page_CMO login/input_txtpassword'

2018-05-30 15:01:36 - [MESSAGE][PASSED] - Text '123' is set on object 'Object Repository/Emergency/Page_CMO login/input_txtpassword'

2018-05-30 15:01:36 - [TEST_STEP][PASSED] - delay: Delayed 3 second(s)

2018-05-30 15:01:39 - [MESSAGE][PASSED] - Delayed 3 second(s)

2018-05-30 15:01:39 - [TEST_STEP][PASSED] - click: Object: 'Object Repository/Emergency/Page_CMO login/button_Sign in' is clicked on

2018-05-30 15:01:40 - [MESSAGE][PASSED] - Object: 'Object Repository/Emergency/Page_CMO login/button_Sign in' is clicked on

2018-05-30 15:01:40 - [TEST_STEP][PASSED] - delay: Delayed 2 second(s)

2018-05-30 15:01:42 - [MESSAGE][PASSED] - Delayed 2 second(s)

2018-05-30 15:01:42 - [TEST_STEP][PASSED] - click: Object: 'Object Repository/Emergency/Page_KDMC - CMO/a_Department Wise Request' is clicked on

2018-05-30 15:01:43 - [MESSAGE][PASSED] - Object: 'Object Repository/Emergency/Page_KDMC - CMO/a_Department Wise Request' is clicked on

2018-05-30 15:01:43 - [TEST_STEP][PASSED] - selectOptionByIndex: All options with index in [7] are selected on object 'Object Repository/Emergency/Page_KDMC - CMO/select_--ALL--'

2018-05-30 15:01:43 - [MESSAGE][PASSED] - All options with index in [7] are selected on object 'Object Repository/Emergency/Page_KDMC - CMO/select_--ALL--'

2018-05-30 15:01:43 - [TEST_STEP][PASSED] - selectOptionByIndex: All options with index in [1] are selected on object 'Object Repository/Emergency/Page_KDMC - CMO/select_--ALL--                _1'

2018-05-30 15:01:43 - [MESSAGE][PASSED] - All options with index in [1] are selected on object 'Object Repository/Emergency/Page_KDMC - CMO/select_--ALL--                _1'

2018-05-30 15:01:43 - [TEST_STEP][PASSED] - click: Object: 'Object Repository/Emergency/Page_KDMC - CMO/input_btnsearch' is clicked on

2018-05-30 15:01:43 - [MESSAGE][PASSED] - Object: 'Object Repository/Emergency/Page_KDMC - CMO/input_btnsearch' is clicked on

2018-05-30 15:01:43 - [TEST_STEP][PASSED] - Statement - ID = com.kms.katalon.core.webui.keyword.WebUiBuiltInKeywords.modifyObjectProperty(com.kms.katalon.core.testobject.ObjectRepository.findTestObject(Emergency/Page_KDMC - CMO/input_3), "xpath", "equals", "//*[@id=" + Rno + "]", true): Modify property of object successfully

2018-05-30 15:01:43 - [MESSAGE][PASSED] - Modify property of object successfully

2018-05-30 15:01:43 - [TEST_STEP][PASSED] - click: Object: 'Object Repository/Emergency/Page_KDMC - CMO/input_3' is clicked on

2018-05-30 15:01:44 - [MESSAGE][PASSED] - Object: 'Object Repository/Emergency/Page_KDMC - CMO/input_3' is clicked on

2018-05-30 15:01:44 - [TEST_STEP][PASSED] - delay: Delayed 2 second(s)

2018-05-30 15:01:46 - [MESSAGE][PASSED] - Delayed 2 second(s)

2018-05-30 15:01:46 - [TEST_STEP][PASSED] - selectOptionByIndex: All options with index in [1] are selected on object 'Object Repository/Emergency/Page_KDMC - CMO/select_--Select--'

2018-05-30 15:01:46 - [MESSAGE][PASSED] - All options with index in [1] are selected on object 'Object Repository/Emergency/Page_KDMC - CMO/select_--Select--'

2018-05-30 15:01:46 - [TEST_STEP][PASSED] - click: Object: 'Object Repository/Emergency/Page_KDMC - CMO/input_btnupdate' is clicked on

2018-05-30 15:01:46 - [MESSAGE][PASSED] - Object: 'Object Repository/Emergency/Page_KDMC - CMO/input_btnupdate' is clicked on

2018-05-30 15:01:46 - [TEST_STEP][PASSED] - delay: Delayed 2 second(s)

2018-05-30 15:01:48 - [MESSAGE][PASSED] - Delayed 2 second(s)

2018-05-30 15:01:48 - [TEST_STEP][PASSED] - click: Object: 'Object Repository/Emergency/Page_KDMC - CMO/button_OK' is clicked on

2018-05-30 15:01:49 - [MESSAGE][PASSED] - Object: 'Object Repository/Emergency/Page_KDMC - CMO/button_OK' is clicked on

2018-05-30 15:01:49 - [TEST_STEP][PASSED] - delay: Delayed 2 second(s)

2018-05-30 15:01:51 - [MESSAGE][PASSED] - Delayed 2 second(s)

2018-05-30 15:01:51 - [TEST_STEP][PASSED] - click: Object: 'Object Repository/Emergency/Page_KDMC - CMO/a_dropdown-toggle' is clicked on

2018-05-30 15:01:51 - [MESSAGE][PASSED] - Object: 'Object Repository/Emergency/Page_KDMC - CMO/a_dropdown-toggle' is clicked on

2018-05-30 15:01:51 - [TEST_STEP][PASSED] - click: Object: 'Object Repository/Emergency/Page_KDMC - CMO/a_Sign out' is clicked on

2018-05-30 15:01:51 - [MESSAGE][PASSED] - Object: 'Object Repository/Emergency/Page_KDMC - CMO/a_Sign out' is clicked on

2018-05-30 15:01:51 - [TEST_STEP][PASSED] - delay: Delayed 3 second(s)

2018-05-30 15:01:54 - [MESSAGE][PASSED] - Delayed 3 second(s)

2018-05-30 15:01:54 - [TEST_STEP][PASSED] - click: Object: 'Object Repository/Emergency/Page_KDMC/a_Divisional Store' is clicked on

2018-05-30 15:01:55 - [MESSAGE][PASSED] - Object: 'Object Repository/Emergency/Page_KDMC/a_Divisional Store' is clicked on

2018-05-30 15:01:55 - [TEST_STEP][PASSED] - setText: Text 'ragu' is set on object 'Object Repository/Emergency/Page_Divisonal Store Login/input_txtusername'

2018-05-30 15:01:55 - [MESSAGE][PASSED] - Text 'ragu' is set on object 'Object Repository/Emergency/Page_Divisonal Store Login/input_txtusername'

2018-05-30 15:01:55 - [TEST_STEP][PASSED] - setText: Text '123' is set on object 'Object Repository/Emergency/Page_Divisonal Store Login/input_txtpassword'

2018-05-30 15:01:56 - [MESSAGE][PASSED] - Text '123' is set on object 'Object Repository/Emergency/Page_Divisonal Store Login/input_txtpassword'

2018-05-30 15:01:56 - [TEST_STEP][PASSED] - delay: Delayed 3 second(s)

2018-05-30 15:01:59 - [MESSAGE][PASSED] - Delayed 3 second(s)

2018-05-30 15:01:59 - [TEST_STEP][PASSED] - click: Object: 'Object Repository/Emergency/Page_Divisonal Store Login/button_Sign in' is clicked on

2018-05-30 15:02:00 - [MESSAGE][PASSED] - Object: 'Object Repository/Emergency/Page_Divisonal Store Login/button_Sign in' is clicked on

2018-05-30 15:02:00 - [TEST_STEP][PASSED] - delay: Delayed 2 second(s)

2018-05-30 15:02:02 - [MESSAGE][PASSED] - Delayed 2 second(s)

2018-05-30 15:02:02 - [TEST_STEP][PASSED] - click: Object: 'Object Repository/Emergency/Page_Store/a_Emergency Request' is clicked on

2018-05-30 15:02:02 - [MESSAGE][PASSED] - Object: 'Object Repository/Emergency/Page_Store/a_Emergency Request' is clicked on

2018-05-30 15:02:02 - [TEST_STEP][PASSED] - click: Object: 'Object Repository/Emergency/Page_Store/a_Request Item Emergency' is clicked on

2018-05-30 15:02:03 - [MESSAGE][PASSED] - Object: 'Object Repository/Emergency/Page_Store/a_Request Item Emergency' is clicked on

2018-05-30 15:02:03 - [TEST_STEP][PASSED] - setText: Text '524' is set on object 'Object Repository/Emergency/Page_Store/input'

2018-05-30 15:02:03 - [MESSAGE][PASSED] - Text '524' is set on object 'Object Repository/Emergency/Page_Store/input'

2018-05-30 15:02:03 - [TEST_STEP][PASSED] - Statement - ChooseRequest = com.kms.katalon.core.webui.keyword.WebUiBuiltInKeywords.modifyObjectProperty(com.kms.katalon.core.testobject.ObjectRepository.findTestObject(Emergency/Page_Store/input_3), "xpath", "equals", "//*[@id=" + Rno + "]", true): Modify property of object successfully

2018-05-30 15:02:03 - [MESSAGE][PASSED] - Modify property of object successfully

2018-05-30 15:02:03 - [TEST_STEP][PASSED] - click: Object: 'Object Repository/Emergency/Page_Store/input_3' is clicked on

2018-05-30 15:02:05 - [MESSAGE][PASSED] - Object: 'Object Repository/Emergency/Page_Store/input_3' is clicked on

2018-05-30 15:02:05 - [TEST_STEP][PASSED] - delay: Delayed 2 second(s)

2018-05-30 15:02:07 - [MESSAGE][PASSED] - Delayed 2 second(s)

2018-05-30 15:02:07 - [TEST_STEP][PASSED] - Statement - selectedoptions1 = com.kms.katalon.core.webui.keyword.WebUiBuiltInKeywords.getNumberOfTotalOption(com.kms.katalon.core.testobject.ObjectRepository.findTestObject(Emergency/Page_Store/select_--Select--Amikacin -500)): 24 options of object 'Object Repository/Emergency/Page_Store/select_--Select--Amikacin -500' counted

2018-05-30 15:02:07 - [MESSAGE][PASSED] - 24 options of object 'Object Repository/Emergency/Page_Store/select_--Select--Amikacin -500' counted

2018-05-30 15:02:07 - [TEST_STEP][PASSED] - Statement - out.println("SOptions : " + selectedoptions1): null

2018-05-30 15:02:07 - [TEST_STEP][PASSED] - Statement - For ([a = 1, a <= selectedoptions1 - 1, (a++)]): null

2018-05-30 15:02:07 - [TEST_STEP][PASSED] - selectOptionByIndex: All options with index in [1] are selected on object 'Object Repository/Emergency/Page_Store/select_--Select--Amikacin -500'

2018-05-30 15:02:07 - [MESSAGE][PASSED] - All options with index in [1] are selected on object 'Object Repository/Emergency/Page_Store/select_--Select--Amikacin -500'

2018-05-30 15:02:07 - [TEST_STEP][PASSED] - delay: Delayed 2 second(s)

2018-05-30 15:02:09 - [MESSAGE][PASSED] - Delayed 2 second(s)

2018-05-30 15:02:09 - [TEST_STEP][PASSED] - Statement - RequestedQty = com.kms.katalon.core.webui.keyword.WebUiBuiltInKeywords.getAttribute(com.kms.katalon.core.testobject.ObjectRepository.findTestObject(Emergency/Page_Store/input_txttotal), "value"): Attribute 'value' of object 'Object Repository/Emergency/Page_Store/input_txttotal' is: '10'

2018-05-30 15:02:09 - [MESSAGE][PASSED] - Attribute 'value' of object 'Object Repository/Emergency/Page_Store/input_txttotal' is: '10'

2018-05-30 15:02:09 - [TEST_STEP][PASSED] - Statement - out.println("Requested QTY : " + RequestedQty): null

2018-05-30 15:02:09 - [TEST_STEP][PASSED] - Statement - BatchNumber = com.kms.katalon.core.webui.keyword.WebUiBuiltInKeywords.getNumberOfTotalOption(com.kms.katalon.core.testobject.ObjectRepository.findTestObject(Emergency/Page_Store/select_--Select--BA1150BA4110)): 3 options of object 'Object Repository/Emergency/Page_Store/select_--Select--BA1150BA4110' counted

2018-05-30 15:02:09 - [MESSAGE][PASSED] - 3 options of object 'Object Repository/Emergency/Page_Store/select_--Select--BA1150BA4110' counted

2018-05-30 15:02:09 - [TEST_STEP][PASSED] - Statement - out.println("BatchNumber : " + BatchNumber): null

2018-05-30 15:02:09 - [TEST_STEP][PASSED] - Statement - For ([g = 1, g <= BatchNumber - 1, (g++)]): null

2018-05-30 15:02:09 - [TEST_STEP][PASSED] - selectOptionByIndex: All options with index in [1] are selected on object 'Object Repository/Emergency/Page_Store/select_--Select--BA1150BA4110'

2018-05-30 15:02:09 - [MESSAGE][PASSED] - All options with index in [1] are selected on object 'Object Repository/Emergency/Page_Store/select_--Select--BA1150BA4110'

2018-05-30 15:02:09 - [TEST_STEP][PASSED] - delay: Delayed 2 second(s)

2018-05-30 15:02:11 - [MESSAGE][PASSED] - Delayed 2 second(s)

2018-05-30 15:02:11 - [TEST_STEP][PASSED] - Statement - Try: null

2018-05-30 15:02:11 - [TEST_STEP][PASSED] - Statement - StockQty = com.kms.katalon.core.webui.keyword.WebUiBuiltInKeywords.getAttribute(com.kms.katalon.core.testobject.ObjectRepository.findTestObject(Emergency/Page_Store/input_txtprice), "value"): Attribute 'value' of object 'Object Repository/Emergency/Page_Store/input_txtprice' is: '410'

2018-05-30 15:02:11 - [MESSAGE][PASSED] - Attribute 'value' of object 'Object Repository/Emergency/Page_Store/input_txtprice' is: '410'

2018-05-30 15:02:11 - [TEST_STEP][PASSED] - Statement - out.println("Stock QTY : " + StockQty): null

2018-05-30 15:02:11 - [TEST_STEP][PASSED] - delay: Delayed 2 second(s)

2018-05-30 15:02:13 - [MESSAGE][PASSED] - Delayed 2 second(s)

2018-05-30 15:02:13 - [TEST_STEP][PASSED] - Statement - If (java.lang.Integer.valueOf(StockQty) >= java.lang.Integer.valueOf(RequestedQty)): null

2018-05-30 15:02:13 - [TEST_STEP][PASSED] - delay: Delayed 1 second(s)

2018-05-30 15:02:14 - [MESSAGE][PASSED] - Delayed 1 second(s)

2018-05-30 15:02:14 - [TEST_STEP][PASSED] - setText: Text '10' is set on object 'Object Repository/Emergency/Page_Store/input_txtqty'

2018-05-30 15:02:14 - [MESSAGE][PASSED] - Text '10' is set on object 'Object Repository/Emergency/Page_Store/input_txtqty'

2018-05-30 15:02:14 - [TEST_STEP][PASSED] - click: Object: 'Object Repository/Emergency/Page_Store/button_Add' is clicked on

2018-05-30 15:02:14 - [MESSAGE][PASSED] - Object: 'Object Repository/Emergency/Page_Store/button_Add' is clicked on

2018-05-30 15:02:14 - [TEST_STEP][PASSED] - Statement - Break: null

2018-05-30 15:02:14 - [TEST_STEP][PASSED] - selectOptionByIndex: All options with index in [2] are selected on object 'Object Repository/Emergency/Page_Store/select_--Select--Amikacin -500'

2018-05-30 15:02:14 - [MESSAGE][PASSED] - All options with index in [2] are selected on object 'Object Repository/Emergency/Page_Store/select_--Select--Amikacin -500'

2018-05-30 15:02:14 - [TEST_STEP][PASSED] - delay: Delayed 2 second(s)

2018-05-30 15:02:16 - [MESSAGE][PASSED] - Delayed 2 second(s)

2018-05-30 15:02:16 - [TEST_STEP][PASSED] - Statement - RequestedQty = com.kms.katalon.core.webui.keyword.WebUiBuiltInKeywords.getAttribute(com.kms.katalon.core.testobject.ObjectRepository.findTestObject(Emergency/Page_Store/input_txttotal), "value"): Attribute 'value' of object 'Object Repository/Emergency/Page_Store/input_txttotal' is: '10'

2018-05-30 15:02:16 - [MESSAGE][PASSED] - Attribute 'value' of object 'Object Repository/Emergency/Page_Store/input_txttotal' is: '10'

2018-05-30 15:02:16 - [TEST_STEP][PASSED] - Statement - out.println("Requested QTY : " + RequestedQty): null

2018-05-30 15:02:16 - [TEST_STEP][PASSED] - Statement - BatchNumber = com.kms.katalon.core.webui.keyword.WebUiBuiltInKeywords.getNumberOfTotalOption(com.kms.katalon.core.testobject.ObjectRepository.findTestObject(Emergency/Page_Store/select_--Select--BA1150BA4110)): 4 options of object 'Object Repository/Emergency/Page_Store/select_--Select--BA1150BA4110' counted

2018-05-30 15:02:17 - [MESSAGE][PASSED] - 4 options of object 'Object Repository/Emergency/Page_Store/select_--Select--BA1150BA4110' counted

2018-05-30 15:02:17 - [TEST_STEP][PASSED] - Statement - out.println("BatchNumber : " + BatchNumber): null

2018-05-30 15:02:17 - [TEST_STEP][PASSED] - Statement - For ([g = 1, g <= BatchNumber - 1, (g++)]): null

2018-05-30 15:02:17 - [TEST_STEP][PASSED] - selectOptionByIndex: All options with index in [1] are selected on object 'Object Repository/Emergency/Page_Store/select_--Select--BA1150BA4110'

2018-05-30 15:02:17 - [MESSAGE][PASSED] - All options with index in [1] are selected on object 'Object Repository/Emergency/Page_Store/select_--Select--BA1150BA4110'

2018-05-30 15:02:17 - [TEST_STEP][PASSED] - delay: Delayed 2 second(s)

2018-05-30 15:02:19 - [MESSAGE][PASSED] - Delayed 2 second(s)

2018-05-30 15:02:19 - [TEST_STEP][PASSED] - Statement - Try: null

2018-05-30 15:02:19 - [TEST_STEP][PASSED] - Statement - StockQty = com.kms.katalon.core.webui.keyword.WebUiBuiltInKeywords.getAttribute(com.kms.katalon.core.testobject.ObjectRepository.findTestObject(Emergency/Page_Store/input_txtprice), "value"): Attribute 'value' of object 'Object Repository/Emergency/Page_Store/input_txtprice' is: '60'

2018-05-30 15:02:19 - [MESSAGE][PASSED] - Attribute 'value' of object 'Object Repository/Emergency/Page_Store/input_txtprice' is: '60'

2018-05-30 15:02:19 - [TEST_STEP][PASSED] - Statement - out.println("Stock QTY : " + StockQty): null

2018-05-30 15:02:19 - [TEST_STEP][PASSED] - delay: Delayed 2 second(s)

2018-05-30 15:02:21 - [MESSAGE][PASSED] - Delayed 2 second(s)

2018-05-30 15:02:21 - [TEST_STEP][PASSED] - Statement - If (java.lang.Integer.valueOf(StockQty) >= java.lang.Integer.valueOf(RequestedQty)): null

2018-05-30 15:02:21 - [TEST_STEP][PASSED] - delay: Delayed 1 second(s)

2018-05-30 15:02:22 - [MESSAGE][PASSED] - Delayed 1 second(s)

2018-05-30 15:02:22 - [TEST_STEP][PASSED] - setText: Text '10' is set on object 'Object Repository/Emergency/Page_Store/input_txtqty'

2018-05-30 15:02:22 - [MESSAGE][PASSED] - Text '10' is set on object 'Object Repository/Emergency/Page_Store/input_txtqty'

2018-05-30 15:02:22 - [TEST_STEP][PASSED] - click: Object: 'Object Repository/Emergency/Page_Store/button_Add' is clicked on

2018-05-30 15:02:22 - [MESSAGE][PASSED] - Object: 'Object Repository/Emergency/Page_Store/button_Add' is clicked on

2018-05-30 15:02:22 - [TEST_STEP][PASSED] - Statement - Break: null

2018-05-30 15:02:22 - [TEST_STEP][PASSED] - selectOptionByIndex: All options with index in [3] are selected on object 'Object Repository/Emergency/Page_Store/select_--Select--Amikacin -500'

2018-05-30 15:02:22 - [MESSAGE][PASSED] - All options with index in [3] are selected on object 'Object Repository/Emergency/Page_Store/select_--Select--Amikacin -500'

2018-05-30 15:02:22 - [TEST_STEP][PASSED] - delay: Delayed 2 second(s)

2018-05-30 15:02:24 - [MESSAGE][PASSED] - Delayed 2 second(s)

2018-05-30 15:02:24 - [TEST_STEP][PASSED] - Statement - RequestedQty = com.kms.katalon.core.webui.keyword.WebUiBuiltInKeywords.getAttribute(com.kms.katalon.core.testobject.ObjectRepository.findTestObject(Emergency/Page_Store/input_txttotal), "value"): Attribute 'value' of object 'Object Repository/Emergency/Page_Store/input_txttotal' is: '10'

2018-05-30 15:02:24 - [MESSAGE][PASSED] - Attribute 'value' of object 'Object Repository/Emergency/Page_Store/input_txttotal' is: '10'

2018-05-30 15:02:24 - [TEST_STEP][PASSED] - Statement - out.println("Requested QTY : " + RequestedQty): null

2018-05-30 15:02:24 - [TEST_STEP][PASSED] - Statement - BatchNumber = com.kms.katalon.core.webui.keyword.WebUiBuiltInKeywords.getNumberOfTotalOption(com.kms.katalon.core.testobject.ObjectRepository.findTestObject(Emergency/Page_Store/select_--Select--BA1150BA4110)): 3 options of object 'Object Repository/Emergency/Page_Store/select_--Select--BA1150BA4110' counted

2018-05-30 15:02:24 - [MESSAGE][PASSED] - 3 options of object 'Object Repository/Emergency/Page_Store/select_--Select--BA1150BA4110' counted

2018-05-30 15:02:24 - [TEST_STEP][PASSED] - Statement - out.println("BatchNumber : " + BatchNumber): null

2018-05-30 15:02:24 - [TEST_STEP][PASSED] - Statement - For ([g = 1, g <= BatchNumber - 1, (g++)]): null

2018-05-30 15:02:24 - [TEST_STEP][PASSED] - selectOptionByIndex: All options with index in [1] are selected on object 'Object Repository/Emergency/Page_Store/select_--Select--BA1150BA4110'

2018-05-30 15:02:24 - [MESSAGE][PASSED] - All options with index in [1] are selected on object 'Object Repository/Emergency/Page_Store/select_--Select--BA1150BA4110'

2018-05-30 15:02:24 - [TEST_STEP][PASSED] - delay: Delayed 2 second(s)

2018-05-30 15:02:26 - [MESSAGE][PASSED] - Delayed 2 second(s)

2018-05-30 15:02:26 - [TEST_STEP][PASSED] - Statement - Try: null

2018-05-30 15:02:26 - [TEST_STEP][PASSED] - Statement - StockQty = com.kms.katalon.core.webui.keyword.WebUiBuiltInKeywords.getAttribute(com.kms.katalon.core.testobject.ObjectRepository.findTestObject(Emergency/Page_Store/input_txtprice), "value"): Attribute 'value' of object 'Object Repository/Emergency/Page_Store/input_txtprice' is: '410'

2018-05-30 15:02:26 - [MESSAGE][PASSED] - Attribute 'value' of object 'Object Repository/Emergency/Page_Store/input_txtprice' is: '410'

2018-05-30 15:02:26 - [TEST_STEP][PASSED] - Statement - out.println("Stock QTY : " + StockQty): null

2018-05-30 15:02:26 - [TEST_STEP][PASSED] - delay: Delayed 2 second(s)

2018-05-30 15:02:28 - [MESSAGE][PASSED] - Delayed 2 second(s)

2018-05-30 15:02:28 - [TEST_STEP][PASSED] - Statement - If (java.lang.Integer.valueOf(StockQty) >= java.lang.Integer.valueOf(RequestedQty)): null

2018-05-30 15:02:28 - [TEST_STEP][PASSED] - delay: Delayed 1 second(s)

2018-05-30 15:02:29 - [MESSAGE][PASSED] - Delayed 1 second(s)

2018-05-30 15:02:29 - [TEST_STEP][PASSED] - setText: Text '10' is set on object 'Object Repository/Emergency/Page_Store/input_txtqty'

2018-05-30 15:02:29 - [MESSAGE][PASSED] - Text '10' is set on object 'Object Repository/Emergency/Page_Store/input_txtqty'

2018-05-30 15:02:29 - [TEST_STEP][PASSED] - click: Object: 'Object Repository/Emergency/Page_Store/button_Add' is clicked on

2018-05-30 15:02:29 - [MESSAGE][PASSED] - Object: 'Object Repository/Emergency/Page_Store/button_Add' is clicked on

2018-05-30 15:02:29 - [TEST_STEP][PASSED] - Statement - Break: null

2018-05-30 15:02:29 - [TEST_STEP][PASSED] - selectOptionByIndex: All options with index in [4] are selected on object 'Object Repository/Emergency/Page_Store/select_--Select--Amikacin -500'

2018-05-30 15:02:30 - [MESSAGE][PASSED] - All options with index in [4] are selected on object 'Object Repository/Emergency/Page_Store/select_--Select--Amikacin -500'

2018-05-30 15:02:30 - [TEST_STEP][PASSED] - delay: Delayed 2 second(s)

2018-05-30 15:02:32 - [MESSAGE][PASSED] - Delayed 2 second(s)

2018-05-30 15:02:32 - [TEST_STEP][PASSED] - Statement - RequestedQty = com.kms.katalon.core.webui.keyword.WebUiBuiltInKeywords.getAttribute(com.kms.katalon.core.testobject.ObjectRepository.findTestObject(Emergency/Page_Store/input_txttotal), "value"): Attribute 'value' of object 'Object Repository/Emergency/Page_Store/input_txttotal' is: '10'

2018-05-30 15:02:32 - [MESSAGE][PASSED] - Attribute 'value' of object 'Object Repository/Emergency/Page_Store/input_txttotal' is: '10'

2018-05-30 15:02:32 - [TEST_STEP][PASSED] - Statement - out.println("Requested QTY : " + RequestedQty): null

2018-05-30 15:02:32 - [TEST_STEP][PASSED] - Statement - BatchNumber = com.kms.katalon.core.webui.keyword.WebUiBuiltInKeywords.getNumberOfTotalOption(com.kms.katalon.core.testobject.ObjectRepository.findTestObject(Emergency/Page_Store/select_--Select--BA1150BA4110)): 3 options of object 'Object Repository/Emergency/Page_Store/select_--Select--BA1150BA4110' counted

2018-05-30 15:02:32 - [MESSAGE][PASSED] - 3 options of object 'Object Repository/Emergency/Page_Store/select_--Select--BA1150BA4110' counted

2018-05-30 15:02:32 - [TEST_STEP][PASSED] - Statement - out.println("BatchNumber : " + BatchNumber): null

2018-05-30 15:02:32 - [TEST_STEP][PASSED] - Statement - For ([g = 1, g <= BatchNumber - 1, (g++)]): null

2018-05-30 15:02:32 - [TEST_STEP][PASSED] - selectOptionByIndex: All options with index in [1] are selected on object 'Object Repository/Emergency/Page_Store/select_--Select--BA1150BA4110'

2018-05-30 15:02:32 - [MESSAGE][PASSED] - All options with index in [1] are selected on object 'Object Repository/Emergency/Page_Store/select_--Select--BA1150BA4110'

2018-05-30 15:02:32 - [TEST_STEP][PASSED] - delay: Delayed 2 second(s)

2018-05-30 15:02:34 - [MESSAGE][PASSED] - Delayed 2 second(s)

2018-05-30 15:02:34 - [TEST_STEP][PASSED] - Statement - Try: null

2018-05-30 15:02:34 - [TEST_STEP][PASSED] - Statement - StockQty = com.kms.katalon.core.webui.keyword.WebUiBuiltInKeywords.getAttribute(com.kms.katalon.core.testobject.ObjectRepository.findTestObject(Emergency/Page_Store/input_txtprice), "value"): Attribute 'value' of object 'Object Repository/Emergency/Page_Store/input_txtprice' is: '410'

2018-05-30 15:02:34 - [MESSAGE][PASSED] - Attribute 'value' of object 'Object Repository/Emergency/Page_Store/input_txtprice' is: '410'

2018-05-30 15:02:34 - [TEST_STEP][PASSED] - Statement - out.println("Stock QTY : " + StockQty): null

2018-05-30 15:02:34 - [TEST_STEP][PASSED] - delay: Delayed 2 second(s)

2018-05-30 15:02:36 - [MESSAGE][PASSED] - Delayed 2 second(s)

2018-05-30 15:02:36 - [TEST_STEP][PASSED] - Statement - If (java.lang.Integer.valueOf(StockQty) >= java.lang.Integer.valueOf(RequestedQty)): null

2018-05-30 15:02:36 - [TEST_STEP][PASSED] - delay: Delayed 1 second(s)

2018-05-30 15:02:37 - [MESSAGE][PASSED] - Delayed 1 second(s)

2018-05-30 15:02:37 - [TEST_STEP][PASSED] - setText: Text '10' is set on object 'Object Repository/Emergency/Page_Store/input_txtqty'

2018-05-30 15:02:37 - [MESSAGE][PASSED] - Text '10' is set on object 'Object Repository/Emergency/Page_Store/input_txtqty'

2018-05-30 15:02:37 - [TEST_STEP][PASSED] - click: Object: 'Object Repository/Emergency/Page_Store/button_Add' is clicked on

2018-05-30 15:02:37 - [MESSAGE][PASSED] - Object: 'Object Repository/Emergency/Page_Store/button_Add' is clicked on

2018-05-30 15:02:37 - [TEST_STEP][PASSED] - Statement - Break: null

2018-05-30 15:02:37 - [TEST_STEP][PASSED] - selectOptionByIndex: All options with index in [5] are selected on object 'Object Repository/Emergency/Page_Store/select_--Select--Amikacin -500'

2018-05-30 15:02:37 - [MESSAGE][PASSED] - All options with index in [5] are selected on object 'Object Repository/Emergency/Page_Store/select_--Select--Amikacin -500'

2018-05-30 15:02:37 - [TEST_STEP][PASSED] - delay: Delayed 2 second(s)

2018-05-30 15:02:39 - [MESSAGE][PASSED] - Delayed 2 second(s)

2018-05-30 15:02:39 - [TEST_STEP][PASSED] - Statement - RequestedQty = com.kms.katalon.core.webui.keyword.WebUiBuiltInKeywords.getAttribute(com.kms.katalon.core.testobject.ObjectRepository.findTestObject(Emergency/Page_Store/input_txttotal), "value"): Attribute 'value' of object 'Object Repository/Emergency/Page_Store/input_txttotal' is: '10'

2018-05-30 15:02:39 - [MESSAGE][PASSED] - Attribute 'value' of object 'Object Repository/Emergency/Page_Store/input_txttotal' is: '10'

2018-05-30 15:02:39 - [TEST_STEP][PASSED] - Statement - out.println("Requested QTY : " + RequestedQty): null

2018-05-30 15:02:39 - [TEST_STEP][PASSED] - Statement - BatchNumber = com.kms.katalon.core.webui.keyword.WebUiBuiltInKeywords.getNumberOfTotalOption(com.kms.katalon.core.testobject.ObjectRepository.findTestObject(Emergency/Page_Store/select_--Select--BA1150BA4110)): 4 options of object 'Object Repository/Emergency/Page_Store/select_--Select--BA1150BA4110' counted

2018-05-30 15:02:39 - [MESSAGE][PASSED] - 4 options of object 'Object Repository/Emergency/Page_Store/select_--Select--BA1150BA4110' counted

2018-05-30 15:02:39 - [TEST_STEP][PASSED] - Statement - out.println("BatchNumber : " + BatchNumber): null

2018-05-30 15:02:39 - [TEST_STEP][PASSED] - Statement - For ([g = 1, g <= BatchNumber - 1, (g++)]): null

2018-05-30 15:02:39 - [TEST_STEP][PASSED] - selectOptionByIndex: All options with index in [1] are selected on object 'Object Repository/Emergency/Page_Store/select_--Select--BA1150BA4110'

2018-05-30 15:02:39 - [MESSAGE][PASSED] - All options with index in [1] are selected on object 'Object Repository/Emergency/Page_Store/select_--Select--BA1150BA4110'

2018-05-30 15:02:39 - [TEST_STEP][PASSED] - delay: Delayed 2 second(s)

2018-05-30 15:02:41 - [MESSAGE][PASSED] - Delayed 2 second(s)

2018-05-30 15:02:41 - [TEST_STEP][PASSED] - Statement - Try: null

2018-05-30 15:02:41 - [TEST_STEP][PASSED] - Statement - StockQty = com.kms.katalon.core.webui.keyword.WebUiBuiltInKeywords.getAttribute(com.kms.katalon.core.testobject.ObjectRepository.findTestObject(Emergency/Page_Store/input_txtprice), "value"): Attribute 'value' of object 'Object Repository/Emergency/Page_Store/input_txtprice' is: '60'

2018-05-30 15:02:41 - [MESSAGE][PASSED] - Attribute 'value' of object 'Object Repository/Emergency/Page_Store/input_txtprice' is: '60'

2018-05-30 15:02:41 - [TEST_STEP][PASSED] - Statement - out.println("Stock QTY : " + StockQty): null

2018-05-30 15:02:41 - [TEST_STEP][PASSED] - delay: Delayed 2 second(s)

2018-05-30 15:02:43 - [MESSAGE][PASSED] - Delayed 2 second(s)

2018-05-30 15:02:43 - [TEST_STEP][PASSED] - Statement - If (java.lang.Integer.valueOf(StockQty) >= java.lang.Integer.valueOf(RequestedQty)): null

2018-05-30 15:02:43 - [TEST_STEP][PASSED] - delay: Delayed 1 second(s)

2018-05-30 15:02:44 - [MESSAGE][PASSED] - Delayed 1 second(s)

2018-05-30 15:02:44 - [TEST_STEP][PASSED] - setText: Text '10' is set on object 'Object Repository/Emergency/Page_Store/input_txtqty'

2018-05-30 15:02:45 - [MESSAGE][PASSED] - Text '10' is set on object 'Object Repository/Emergency/Page_Store/input_txtqty'

2018-05-30 15:02:45 - [TEST_STEP][PASSED] - click: Object: 'Object Repository/Emergency/Page_Store/button_Add' is clicked on

2018-05-30 15:02:45 - [MESSAGE][PASSED] - Object: 'Object Repository/Emergency/Page_Store/button_Add' is clicked on

2018-05-30 15:02:45 - [TEST_STEP][PASSED] - Statement - Break: null

2018-05-30 15:02:45 - [TEST_STEP][PASSED] - selectOptionByIndex: All options with index in [6] are selected on object 'Object Repository/Emergency/Page_Store/select_--Select--Amikacin -500'

2018-05-30 15:02:45 - [MESSAGE][PASSED] - All options with index in [6] are selected on object 'Object Repository/Emergency/Page_Store/select_--Select--Amikacin -500'

2018-05-30 15:02:45 - [TEST_STEP][PASSED] - delay: Delayed 2 second(s)

2018-05-30 15:02:47 - [MESSAGE][PASSED] - Delayed 2 second(s)

2018-05-30 15:02:47 - [TEST_STEP][PASSED] - Statement - RequestedQty = com.kms.katalon.core.webui.keyword.WebUiBuiltInKeywords.getAttribute(com.kms.katalon.core.testobject.ObjectRepository.findTestObject(Emergency/Page_Store/input_txttotal), "value"): Attribute 'value' of object 'Object Repository/Emergency/Page_Store/input_txttotal' is: '10'

2018-05-30 15:02:47 - [MESSAGE][PASSED] - Attribute 'value' of object 'Object Repository/Emergency/Page_Store/input_txttotal' is: '10'

2018-05-30 15:02:47 - [TEST_STEP][PASSED] - Statement - out.println("Requested QTY : " + RequestedQty): null

2018-05-30 15:02:47 - [TEST_STEP][PASSED] - Statement - BatchNumber = com.kms.katalon.core.webui.keyword.WebUiBuiltInKeywords.getNumberOfTotalOption(com.kms.katalon.core.testobject.ObjectRepository.findTestObject(Emergency/Page_Store/select_--Select--BA1150BA4110)): 3 options of object 'Object Repository/Emergency/Page_Store/select_--Select--BA1150BA4110' counted

2018-05-30 15:02:47 - [MESSAGE][PASSED] - 3 options of object 'Object Repository/Emergency/Page_Store/select_--Select--BA1150BA4110' counted

2018-05-30 15:02:47 - [TEST_STEP][PASSED] - Statement - out.println("BatchNumber : " + BatchNumber): null

2018-05-30 15:02:47 - [TEST_STEP][PASSED] - Statement - For ([g = 1, g <= BatchNumber - 1, (g++)]): null

2018-05-30 15:02:47 - [TEST_STEP][PASSED] - selectOptionByIndex: All options with index in [1] are selected on object 'Object Repository/Emergency/Page_Store/select_--Select--BA1150BA4110'

2018-05-30 15:02:47 - [MESSAGE][PASSED] - All options with index in [1] are selected on object 'Object Repository/Emergency/Page_Store/select_--Select--BA1150BA4110'

2018-05-30 15:02:47 - [TEST_STEP][PASSED] - delay: Delayed 2 second(s)

2018-05-30 15:02:49 - [MESSAGE][PASSED] - Delayed 2 second(s)

2018-05-30 15:02:49 - [TEST_STEP][PASSED] - Statement - Try: null

2018-05-30 15:02:49 - [TEST_STEP][PASSED] - Statement - StockQty = com.kms.katalon.core.webui.keyword.WebUiBuiltInKeywords.getAttribute(com.kms.katalon.core.testobject.ObjectRepository.findTestObject(Emergency/Page_Store/input_txtprice), "value"): Attribute 'value' of object 'Object Repository/Emergency/Page_Store/input_txtprice' is: '410'

2018-05-30 15:02:49 - [MESSAGE][PASSED] - Attribute 'value' of object 'Object Repository/Emergency/Page_Store/input_txtprice' is: '410'

2018-05-30 15:02:49 - [TEST_STEP][PASSED] - Statement - out.println("Stock QTY : " + StockQty): null

2018-05-30 15:02:49 - [TEST_STEP][PASSED] - delay: Delayed 2 second(s)

2018-05-30 15:02:51 - [MESSAGE][PASSED] - Delayed 2 second(s)

2018-05-30 15:02:51 - [TEST_STEP][PASSED] - Statement - If (java.lang.Integer.valueOf(StockQty) >= java.lang.Integer.valueOf(RequestedQty)): null

2018-05-30 15:02:51 - [TEST_STEP][PASSED] - delay: Delayed 1 second(s)

2018-05-30 15:02:52 - [MESSAGE][PASSED] - Delayed 1 second(s)

2018-05-30 15:02:52 - [TEST_STEP][PASSED] - setText: Text '10' is set on object 'Object Repository/Emergency/Page_Store/input_txtqty'

2018-05-30 15:02:52 - [MESSAGE][PASSED] - Text '10' is set on object 'Object Repository/Emergency/Page_Store/input_txtqty'

2018-05-30 15:02:52 - [TEST_STEP][PASSED] - click: Object: 'Object Repository/Emergency/Page_Store/button_Add' is clicked on

2018-05-30 15:02:52 - [MESSAGE][PASSED] - Object: 'Object Repository/Emergency/Page_Store/button_Add' is clicked on

2018-05-30 15:02:52 - [TEST_STEP][PASSED] - Statement - Break: null

2018-05-30 15:02:52 - [TEST_STEP][PASSED] - selectOptionByIndex: All options with index in [7] are selected on object 'Object Repository/Emergency/Page_Store/select_--Select--Amikacin -500'

2018-05-30 15:02:52 - [MESSAGE][PASSED] - All options with index in [7] are selected on object 'Object Repository/Emergency/Page_Store/select_--Select--Amikacin -500'

2018-05-30 15:02:52 - [TEST_STEP][PASSED] - delay: Delayed 2 second(s)

2018-05-30 15:02:54 - [MESSAGE][PASSED] - Delayed 2 second(s)

2018-05-30 15:02:54 - [TEST_STEP][PASSED] - Statement - RequestedQty = com.kms.katalon.core.webui.keyword.WebUiBuiltInKeywords.getAttribute(com.kms.katalon.core.testobject.ObjectRepository.findTestObject(Emergency/Page_Store/input_txttotal), "value"): Attribute 'value' of object 'Object Repository/Emergency/Page_Store/input_txttotal' is: '10'

2018-05-30 15:02:54 - [MESSAGE][PASSED] - Attribute 'value' of object 'Object Repository/Emergency/Page_Store/input_txttotal' is: '10'

2018-05-30 15:02:54 - [TEST_STEP][PASSED] - Statement - out.println("Requested QTY : " + RequestedQty): null

2018-05-30 15:02:54 - [TEST_STEP][PASSED] - Statement - BatchNumber = com.kms.katalon.core.webui.keyword.WebUiBuiltInKeywords.getNumberOfTotalOption(com.kms.katalon.core.testobject.ObjectRepository.findTestObject(Emergency/Page_Store/select_--Select--BA1150BA4110)): 4 options of object 'Object Repository/Emergency/Page_Store/select_--Select--BA1150BA4110' counted

2018-05-30 15:02:54 - [MESSAGE][PASSED] - 4 options of object 'Object Repository/Emergency/Page_Store/select_--Select--BA1150BA4110' counted

2018-05-30 15:02:54 - [TEST_STEP][PASSED] - Statement - out.println("BatchNumber : " + BatchNumber): null

2018-05-30 15:02:54 - [TEST_STEP][PASSED] - Statement - For ([g = 1, g <= BatchNumber - 1, (g++)]): null

2018-05-30 15:02:54 - [TEST_STEP][PASSED] - selectOptionByIndex: All options with index in [1] are selected on object 'Object Repository/Emergency/Page_Store/select_--Select--BA1150BA4110'

2018-05-30 15:02:55 - [MESSAGE][PASSED] - All options with index in [1] are selected on object 'Object Repository/Emergency/Page_Store/select_--Select--BA1150BA4110'

2018-05-30 15:02:55 - [TEST_STEP][PASSED] - delay: Delayed 2 second(s)

2018-05-30 15:02:57 - [MESSAGE][PASSED] - Delayed 2 second(s)

2018-05-30 15:02:57 - [TEST_STEP][PASSED] - Statement - Try: null

2018-05-30 15:02:57 - [TEST_STEP][PASSED] - Statement - StockQty = com.kms.katalon.core.webui.keyword.WebUiBuiltInKeywords.getAttribute(com.kms.katalon.core.testobject.ObjectRepository.findTestObject(Emergency/Page_Store/input_txtprice), "value"): Attribute 'value' of object 'Object Repository/Emergency/Page_Store/input_txtprice' is: '60'

2018-05-30 15:02:57 - [MESSAGE][PASSED] - Attribute 'value' of object 'Object Repository/Emergency/Page_Store/input_txtprice' is: '60'

2018-05-30 15:02:57 - [TEST_STEP][PASSED] - Statement - out.println("Stock QTY : " + StockQty): null

2018-05-30 15:02:57 - [TEST_STEP][PASSED] - delay: Delayed 2 second(s)

2018-05-30 15:02:59 - [MESSAGE][PASSED] - Delayed 2 second(s)

2018-05-30 15:02:59 - [TEST_STEP][PASSED] - Statement - If (java.lang.Integer.valueOf(StockQty) >= java.lang.Integer.valueOf(RequestedQty)): null

2018-05-30 15:02:59 - [TEST_STEP][PASSED] - delay: Delayed 1 second(s)

2018-05-30 15:03:00 - [MESSAGE][PASSED] - Delayed 1 second(s)

2018-05-30 15:03:00 - [TEST_STEP][PASSED] - setText: Text '10' is set on object 'Object Repository/Emergency/Page_Store/input_txtqty'

2018-05-30 15:03:00 - [MESSAGE][PASSED] - Text '10' is set on object 'Object Repository/Emergency/Page_Store/input_txtqty'

2018-05-30 15:03:00 - [TEST_STEP][PASSED] - click: Object: 'Object Repository/Emergency/Page_Store/button_Add' is clicked on

2018-05-30 15:03:00 - [MESSAGE][PASSED] - Object: 'Object Repository/Emergency/Page_Store/button_Add' is clicked on

2018-05-30 15:03:00 - [TEST_STEP][PASSED] - Statement - Break: null

2018-05-30 15:03:00 - [TEST_STEP][PASSED] - selectOptionByIndex: All options with index in [8] are selected on object 'Object Repository/Emergency/Page_Store/select_--Select--Amikacin -500'

2018-05-30 15:03:00 - [MESSAGE][PASSED] - All options with index in [8] are selected on object 'Object Repository/Emergency/Page_Store/select_--Select--Amikacin -500'

2018-05-30 15:03:00 - [TEST_STEP][PASSED] - delay: Delayed 2 second(s)

2018-05-30 15:03:02 - [MESSAGE][PASSED] - Delayed 2 second(s)

2018-05-30 15:03:02 - [TEST_STEP][PASSED] - Statement - RequestedQty = com.kms.katalon.core.webui.keyword.WebUiBuiltInKeywords.getAttribute(com.kms.katalon.core.testobject.ObjectRepository.findTestObject(Emergency/Page_Store/input_txttotal), "value"): Attribute 'value' of object 'Object Repository/Emergency/Page_Store/input_txttotal' is: '10'

2018-05-30 15:03:02 - [MESSAGE][PASSED] - Attribute 'value' of object 'Object Repository/Emergency/Page_Store/input_txttotal' is: '10'

2018-05-30 15:03:02 - [TEST_STEP][PASSED] - Statement - out.println("Requested QTY : " + RequestedQty): null

2018-05-30 15:03:02 - [TEST_STEP][PASSED] - Statement - BatchNumber = com.kms.katalon.core.webui.keyword.WebUiBuiltInKeywords.getNumberOfTotalOption(com.kms.katalon.core.testobject.ObjectRepository.findTestObject(Emergency/Page_Store/select_--Select--BA1150BA4110)): 3 options of object 'Object Repository/Emergency/Page_Store/select_--Select--BA1150BA4110' counted

2018-05-30 15:03:02 - [MESSAGE][PASSED] - 3 options of object 'Object Repository/Emergency/Page_Store/select_--Select--BA1150BA4110' counted

2018-05-30 15:03:02 - [TEST_STEP][PASSED] - Statement - out.println("BatchNumber : " + BatchNumber): null

2018-05-30 15:03:02 - [TEST_STEP][PASSED] - Statement - For ([g = 1, g <= BatchNumber - 1, (g++)]): null

2018-05-30 15:03:02 - [TEST_STEP][PASSED] - selectOptionByIndex: All options with index in [1] are selected on object 'Object Repository/Emergency/Page_Store/select_--Select--BA1150BA4110'

2018-05-30 15:03:02 - [MESSAGE][PASSED] - All options with index in [1] are selected on object 'Object Repository/Emergency/Page_Store/select_--Select--BA1150BA4110'

2018-05-30 15:03:02 - [TEST_STEP][PASSED] - delay: Delayed 2 second(s)

2018-05-30 15:03:04 - [MESSAGE][PASSED] - Delayed 2 second(s)

2018-05-30 15:03:04 - [TEST_STEP][PASSED] - Statement - Try: null

2018-05-30 15:03:04 - [TEST_STEP][PASSED] - Statement - StockQty = com.kms.katalon.core.webui.keyword.WebUiBuiltInKeywords.getAttribute(com.kms.katalon.core.testobject.ObjectRepository.findTestObject(Emergency/Page_Store/input_txtprice), "value"): Attribute 'value' of object 'Object Repository/Emergency/Page_Store/input_txtprice' is: '410'

2018-05-30 15:03:04 - [MESSAGE][PASSED] - Attribute 'value' of object 'Object Repository/Emergency/Page_Store/input_txtprice' is: '410'

2018-05-30 15:03:04 - [TEST_STEP][PASSED] - Statement - out.println("Stock QTY : " + StockQty): null

2018-05-30 15:03:04 - [TEST_STEP][PASSED] - delay: Delayed 2 second(s)

2018-05-30 15:03:06 - [MESSAGE][PASSED] - Delayed 2 second(s)

2018-05-30 15:03:06 - [TEST_STEP][PASSED] - Statement - If (java.lang.Integer.valueOf(StockQty) >= java.lang.Integer.valueOf(RequestedQty)): null

2018-05-30 15:03:06 - [TEST_STEP][PASSED] - delay: Delayed 1 second(s)

2018-05-30 15:03:07 - [MESSAGE][PASSED] - Delayed 1 second(s)

2018-05-30 15:03:07 - [TEST_STEP][PASSED] - setText: Text '10' is set on object 'Object Repository/Emergency/Page_Store/input_txtqty'

2018-05-30 15:03:07 - [MESSAGE][PASSED] - Text '10' is set on object 'Object Repository/Emergency/Page_Store/input_txtqty'

2018-05-30 15:03:07 - [TEST_STEP][PASSED] - click: Object: 'Object Repository/Emergency/Page_Store/button_Add' is clicked on

2018-05-30 15:03:07 - [MESSAGE][PASSED] - Object: 'Object Repository/Emergency/Page_Store/button_Add' is clicked on

2018-05-30 15:03:07 - [TEST_STEP][PASSED] - Statement - Break: null

2018-05-30 15:03:07 - [TEST_STEP][PASSED] - selectOptionByIndex: All options with index in [9] are selected on object 'Object Repository/Emergency/Page_Store/select_--Select--Amikacin -500'

2018-05-30 15:03:08 - [MESSAGE][PASSED] - All options with index in [9] are selected on object 'Object Repository/Emergency/Page_Store/select_--Select--Amikacin -500'

2018-05-30 15:03:08 - [TEST_STEP][PASSED] - delay: Delayed 2 second(s)

2018-05-30 15:03:10 - [MESSAGE][PASSED] - Delayed 2 second(s)

2018-05-30 15:03:10 - [TEST_STEP][PASSED] - Statement - RequestedQty = com.kms.katalon.core.webui.keyword.WebUiBuiltInKeywords.getAttribute(com.kms.katalon.core.testobject.ObjectRepository.findTestObject(Emergency/Page_Store/input_txttotal), "value"): Attribute 'value' of object 'Object Repository/Emergency/Page_Store/input_txttotal' is: '10'

2018-05-30 15:03:10 - [MESSAGE][PASSED] - Attribute 'value' of object 'Object Repository/Emergency/Page_Store/input_txttotal' is: '10'

2018-05-30 15:03:10 - [TEST_STEP][PASSED] - Statement - out.println("Requested QTY : " + RequestedQty): null

2018-05-30 15:03:10 - [TEST_STEP][PASSED] - Statement - BatchNumber = com.kms.katalon.core.webui.keyword.WebUiBuiltInKeywords.getNumberOfTotalOption(com.kms.katalon.core.testobject.ObjectRepository.findTestObject(Emergency/Page_Store/select_--Select--BA1150BA4110)): 3 options of object 'Object Repository/Emergency/Page_Store/select_--Select--BA1150BA4110' counted

2018-05-30 15:03:10 - [MESSAGE][PASSED] - 3 options of object 'Object Repository/Emergency/Page_Store/select_--Select--BA1150BA4110' counted

2018-05-30 15:03:10 - [TEST_STEP][PASSED] - Statement - out.println("BatchNumber : " + BatchNumber): null

2018-05-30 15:03:10 - [TEST_STEP][PASSED] - Statement - For ([g = 1, g <= BatchNumber - 1, (g++)]): null

2018-05-30 15:03:10 - [TEST_STEP][PASSED] - selectOptionByIndex: All options with index in [1] are selected on object 'Object Repository/Emergency/Page_Store/select_--Select--BA1150BA4110'

2018-05-30 15:03:10 - [MESSAGE][PASSED] - All options with index in [1] are selected on object 'Object Repository/Emergency/Page_Store/select_--Select--BA1150BA4110'

2018-05-30 15:03:10 - [TEST_STEP][PASSED] - delay: Delayed 2 second(s)

2018-05-30 15:03:12 - [MESSAGE][PASSED] - Delayed 2 second(s)

2018-05-30 15:03:12 - [TEST_STEP][PASSED] - Statement - Try: null

2018-05-30 15:03:12 - [TEST_STEP][PASSED] - Statement - StockQty = com.kms.katalon.core.webui.keyword.WebUiBuiltInKeywords.getAttribute(com.kms.katalon.core.testobject.ObjectRepository.findTestObject(Emergency/Page_Store/input_txtprice), "value"): Attribute 'value' of object 'Object Repository/Emergency/Page_Store/input_txtprice' is: '410'

2018-05-30 15:03:12 - [MESSAGE][PASSED] - Attribute 'value' of object 'Object Repository/Emergency/Page_Store/input_txtprice' is: '410'

2018-05-30 15:03:12 - [TEST_STEP][PASSED] - Statement - out.println("Stock QTY : " + StockQty): null

2018-05-30 15:03:12 - [TEST_STEP][PASSED] - delay: Delayed 2 second(s)

2018-05-30 15:03:14 - [MESSAGE][PASSED] - Delayed 2 second(s)

2018-05-30 15:03:14 - [TEST_STEP][PASSED] - Statement - If (java.lang.Integer.valueOf(StockQty) >= java.lang.Integer.valueOf(RequestedQty)): null

2018-05-30 15:03:14 - [TEST_STEP][PASSED] - delay: Delayed 1 second(s)

2018-05-30 15:03:15 - [MESSAGE][PASSED] - Delayed 1 second(s)

2018-05-30 15:03:15 - [TEST_STEP][PASSED] - setText: Text '10' is set on object 'Object Repository/Emergency/Page_Store/input_txtqty'

2018-05-30 15:03:15 - [MESSAGE][PASSED] - Text '10' is set on object 'Object Repository/Emergency/Page_Store/input_txtqty'

2018-05-30 15:03:15 - [TEST_STEP][PASSED] - click: Object: 'Object Repository/Emergency/Page_Store/button_Add' is clicked on

2018-05-30 15:03:15 - [MESSAGE][PASSED] - Object: 'Object Repository/Emergency/Page_Store/button_Add' is clicked on

2018-05-30 15:03:15 - [TEST_STEP][PASSED] - Statement - Break: null

2018-05-30 15:03:15 - [TEST_STEP][PASSED] - selectOptionByIndex: All options with index in [10] are selected on object 'Object Repository/Emergency/Page_Store/select_--Select--Amikacin -500'

2018-05-30 15:03:15 - [MESSAGE][PASSED] - All options with index in [10] are selected on object 'Object Repository/Emergency/Page_Store/select_--Select--Amikacin -500'

2018-05-30 15:03:15 - [TEST_STEP][PASSED] - delay: Delayed 2 second(s)

2018-05-30 15:03:17 - [MESSAGE][PASSED] - Delayed 2 second(s)

2018-05-30 15:03:17 - [TEST_STEP][PASSED] - Statement - RequestedQty = com.kms.katalon.core.webui.keyword.WebUiBuiltInKeywords.getAttribute(com.kms.katalon.core.testobject.ObjectRepository.findTestObject(Emergency/Page_Store/input_txttotal), "value"): Attribute 'value' of object 'Object Repository/Emergency/Page_Store/input_txttotal' is: '10'

2018-05-30 15:03:17 - [MESSAGE][PASSED] - Attribute 'value' of object 'Object Repository/Emergency/Page_Store/input_txttotal' is: '10'

2018-05-30 15:03:17 - [TEST_STEP][PASSED] - Statement - out.println("Requested QTY : " + RequestedQty): null

2018-05-30 15:03:17 - [TEST_STEP][PASSED] - Statement - BatchNumber = com.kms.katalon.core.webui.keyword.WebUiBuiltInKeywords.getNumberOfTotalOption(com.kms.katalon.core.testobject.ObjectRepository.findTestObject(Emergency/Page_Store/select_--Select--BA1150BA4110)): 3 options of object 'Object Repository/Emergency/Page_Store/select_--Select--BA1150BA4110' counted

2018-05-30 15:03:17 - [MESSAGE][PASSED] - 3 options of object 'Object Repository/Emergency/Page_Store/select_--Select--BA1150BA4110' counted

2018-05-30 15:03:17 - [TEST_STEP][PASSED] - Statement - out.println("BatchNumber : " + BatchNumber): null

2018-05-30 15:03:17 - [TEST_STEP][PASSED] - Statement - For ([g = 1, g <= BatchNumber - 1, (g++)]): null

2018-05-30 15:03:17 - [TEST_STEP][PASSED] - selectOptionByIndex: All options with index in [1] are selected on object 'Object Repository/Emergency/Page_Store/select_--Select--BA1150BA4110'

2018-05-30 15:03:17 - [MESSAGE][PASSED] - All options with index in [1] are selected on object 'Object Repository/Emergency/Page_Store/select_--Select--BA1150BA4110'

2018-05-30 15:03:17 - [TEST_STEP][PASSED] - delay: Delayed 2 second(s)

2018-05-30 15:03:19 - [MESSAGE][PASSED] - Delayed 2 second(s)

2018-05-30 15:03:19 - [TEST_STEP][PASSED] - Statement - Try: null

2018-05-30 15:03:19 - [TEST_STEP][PASSED] - Statement - StockQty = com.kms.katalon.core.webui.keyword.WebUiBuiltInKeywords.getAttribute(com.kms.katalon.core.testobject.ObjectRepository.findTestObject(Emergency/Page_Store/input_txtprice), "value"): Attribute 'value' of object 'Object Repository/Emergency/Page_Store/input_txtprice' is: '-10'

2018-05-30 15:03:19 - [MESSAGE][PASSED] - Attribute 'value' of object 'Object Repository/Emergency/Page_Store/input_txtprice' is: '-10'

2018-05-30 15:03:19 - [TEST_STEP][PASSED] - Statement - out.println("Stock QTY : " + StockQty): null

2018-05-30 15:03:19 - [TEST_STEP][PASSED] - delay: Delayed 2 second(s)

2018-05-30 15:03:21 - [MESSAGE][PASSED] - Delayed 2 second(s)

2018-05-30 15:03:21 - [TEST_STEP][PASSED] - Statement - If (java.lang.Integer.valueOf(StockQty) >= java.lang.Integer.valueOf(RequestedQty)): null

2018-05-30 15:03:21 - [TEST_STEP][PASSED] - Statement - Else: null

2018-05-30 15:03:21 - [TEST_STEP][PASSED] - Statement - out.println("Stock Is Less Than Requested Qty"): null

2018-05-30 15:03:21 - [TEST_STEP][PASSED] - selectOptionByIndex: All options with index in [2] are selected on object 'Object Repository/Emergency/Page_Store/select_--Select--BA1150BA4110'

2018-05-30 15:03:22 - [MESSAGE][PASSED] - All options with index in [2] are selected on object 'Object Repository/Emergency/Page_Store/select_--Select--BA1150BA4110'

2018-05-30 15:03:22 - [TEST_STEP][PASSED] - delay: Delayed 2 second(s)

2018-05-30 15:03:24 - [MESSAGE][PASSED] - Delayed 2 second(s)

2018-05-30 15:03:24 - [TEST_STEP][PASSED] - Statement - Try: null

2018-05-30 15:03:24 - [TEST_STEP][PASSED] - Statement - StockQty = com.kms.katalon.core.webui.keyword.WebUiBuiltInKeywords.getAttribute(com.kms.katalon.core.testobject.ObjectRepository.findTestObject(Emergency/Page_Store/input_txtprice), "value"): Attribute 'value' of object 'Object Repository/Emergency/Page_Store/input_txtprice' is: '-10'

2018-05-30 15:03:24 - [MESSAGE][PASSED] - Attribute 'value' of object 'Object Repository/Emergency/Page_Store/input_txtprice' is: '-10'

2018-05-30 15:03:24 - [TEST_STEP][PASSED] - Statement - out.println("Stock QTY : " + StockQty): null

2018-05-30 15:03:24 - [TEST_STEP][PASSED] - delay: Delayed 2 second(s)

2018-05-30 15:03:26 - [MESSAGE][PASSED] - Delayed 2 second(s)

2018-05-30 15:03:26 - [TEST_STEP][PASSED] - Statement - If (java.lang.Integer.valueOf(StockQty) >= java.lang.Integer.valueOf(RequestedQty)): null

2018-05-30 15:03:26 - [TEST_STEP][PASSED] - Statement - Else: null

2018-05-30 15:03:26 - [TEST_STEP][PASSED] - Statement - out.println("Stock Is Less Than Requested Qty"): null

2018-05-30 15:03:26 - [TEST_STEP][PASSED] - selectOptionByIndex: All options with index in [11] are selected on object 'Object Repository/Emergency/Page_Store/select_--Select--Amikacin -500'

2018-05-30 15:03:26 - [MESSAGE][PASSED] - All options with index in [11] are selected on object 'Object Repository/Emergency/Page_Store/select_--Select--Amikacin -500'

2018-05-30 15:03:26 - [TEST_STEP][PASSED] - delay: Delayed 2 second(s)

2018-05-30 15:03:28 - [MESSAGE][PASSED] - Delayed 2 second(s)

2018-05-30 15:03:28 - [TEST_STEP][PASSED] - Statement - RequestedQty = com.kms.katalon.core.webui.keyword.WebUiBuiltInKeywords.getAttribute(com.kms.katalon.core.testobject.ObjectRepository.findTestObject(Emergency/Page_Store/input_txttotal), "value"): Attribute 'value' of object 'Object Repository/Emergency/Page_Store/input_txttotal' is: '10'

2018-05-30 15:03:28 - [MESSAGE][PASSED] - Attribute 'value' of object 'Object Repository/Emergency/Page_Store/input_txttotal' is: '10'

2018-05-30 15:03:28 - [TEST_STEP][PASSED] - Statement - out.println("Requested QTY : " + RequestedQty): null

2018-05-30 15:03:28 - [TEST_STEP][PASSED] - Statement - BatchNumber = com.kms.katalon.core.webui.keyword.WebUiBuiltInKeywords.getNumberOfTotalOption(com.kms.katalon.core.testobject.ObjectRepository.findTestObject(Emergency/Page_Store/select_--Select--BA1150BA4110)): 2 options of object 'Object Repository/Emergency/Page_Store/select_--Select--BA1150BA4110' counted

2018-05-30 15:03:28 - [MESSAGE][PASSED] - 2 options of object 'Object Repository/Emergency/Page_Store/select_--Select--BA1150BA4110' counted

2018-05-30 15:03:28 - [TEST_STEP][PASSED] - Statement - out.println("BatchNumber : " + BatchNumber): null

2018-05-30 15:03:28 - [TEST_STEP][PASSED] - Statement - For ([g = 1, g <= BatchNumber - 1, (g++)]): null

2018-05-30 15:03:28 - [TEST_STEP][PASSED] - selectOptionByIndex: All options with index in [1] are selected on object 'Object Repository/Emergency/Page_Store/select_--Select--BA1150BA4110'

2018-05-30 15:03:28 - [MESSAGE][PASSED] - All options with index in [1] are selected on object 'Object Repository/Emergency/Page_Store/select_--Select--BA1150BA4110'

2018-05-30 15:03:28 - [TEST_STEP][PASSED] - delay: Delayed 2 second(s)

2018-05-30 15:03:30 - [MESSAGE][PASSED] - Delayed 2 second(s)

2018-05-30 15:03:30 - [TEST_STEP][PASSED] - Statement - Try: null

2018-05-30 15:03:30 - [TEST_STEP][PASSED] - Statement - StockQty = com.kms.katalon.core.webui.keyword.WebUiBuiltInKeywords.getAttribute(com.kms.katalon.core.testobject.ObjectRepository.findTestObject(Emergency/Page_Store/input_txtprice), "value"): Attribute 'value' of object 'Object Repository/Emergency/Page_Store/input_txtprice' is: '9980'

2018-05-30 15:03:30 - [MESSAGE][PASSED] - Attribute 'value' of object 'Object Repository/Emergency/Page_Store/input_txtprice' is: '9980'

2018-05-30 15:03:30 - [TEST_STEP][PASSED] - Statement - out.println("Stock QTY : " + StockQty): null

2018-05-30 15:03:30 - [TEST_STEP][PASSED] - delay: Delayed 2 second(s)

2018-05-30 15:03:32 - [MESSAGE][PASSED] - Delayed 2 second(s)

2018-05-30 15:03:32 - [TEST_STEP][PASSED] - Statement - If (java.lang.Integer.valueOf(StockQty) >= java.lang.Integer.valueOf(RequestedQty)): null

2018-05-30 15:03:32 - [TEST_STEP][PASSED] - delay: Delayed 1 second(s)

2018-05-30 15:03:33 - [MESSAGE][PASSED] - Delayed 1 second(s)

2018-05-30 15:03:33 - [TEST_STEP][PASSED] - setText: Text '10' is set on object 'Object Repository/Emergency/Page_Store/input_txtqty'

2018-05-30 15:03:33 - [MESSAGE][PASSED] - Text '10' is set on object 'Object Repository/Emergency/Page_Store/input_txtqty'

2018-05-30 15:03:33 - [TEST_STEP][PASSED] - click: Object: 'Object Repository/Emergency/Page_Store/button_Add' is clicked on

2018-05-30 15:03:33 - [MESSAGE][PASSED] - Object: 'Object Repository/Emergency/Page_Store/button_Add' is clicked on

2018-05-30 15:03:33 - [TEST_STEP][PASSED] - Statement - Break: null

2018-05-30 15:03:33 - [TEST_STEP][PASSED] - selectOptionByIndex: All options with index in [12] are selected on object 'Object Repository/Emergency/Page_Store/select_--Select--Amikacin -500'

2018-05-30 15:03:34 - [MESSAGE][PASSED] - All options with index in [12] are selected on object 'Object Repository/Emergency/Page_Store/select_--Select--Amikacin -500'

2018-05-30 15:03:34 - [TEST_STEP][PASSED] - delay: Delayed 2 second(s)

2018-05-30 15:03:36 - [MESSAGE][PASSED] - Delayed 2 second(s)

2018-05-30 15:03:36 - [TEST_STEP][PASSED] - Statement - RequestedQty = com.kms.katalon.core.webui.keyword.WebUiBuiltInKeywords.getAttribute(com.kms.katalon.core.testobject.ObjectRepository.findTestObject(Emergency/Page_Store/input_txttotal), "value"): Attribute 'value' of object 'Object Repository/Emergency/Page_Store/input_txttotal' is: '10'

2018-05-30 15:03:36 - [MESSAGE][PASSED] - Attribute 'value' of object 'Object Repository/Emergency/Page_Store/input_txttotal' is: '10'

2018-05-30 15:03:36 - [TEST_STEP][PASSED] - Statement - out.println("Requested QTY : " + RequestedQty): null

2018-05-30 15:03:36 - [TEST_STEP][PASSED] - Statement - BatchNumber = com.kms.katalon.core.webui.keyword.WebUiBuiltInKeywords.getNumberOfTotalOption(com.kms.katalon.core.testobject.ObjectRepository.findTestObject(Emergency/Page_Store/select_--Select--BA1150BA4110)): 2 options of object 'Object Repository/Emergency/Page_Store/select_--Select--BA1150BA4110' counted

2018-05-30 15:03:36 - [MESSAGE][PASSED] - 2 options of object 'Object Repository/Emergency/Page_Store/select_--Select--BA1150BA4110' counted

2018-05-30 15:03:36 - [TEST_STEP][PASSED] - Statement - out.println("BatchNumber : " + BatchNumber): null

2018-05-30 15:03:36 - [TEST_STEP][PASSED] - Statement - For ([g = 1, g <= BatchNumber - 1, (g++)]): null

2018-05-30 15:03:36 - [TEST_STEP][PASSED] - selectOptionByIndex: All options with index in [1] are selected on object 'Object Repository/Emergency/Page_Store/select_--Select--BA1150BA4110'

2018-05-30 15:03:36 - [MESSAGE][PASSED] - All options with index in [1] are selected on object 'Object Repository/Emergency/Page_Store/select_--Select--BA1150BA4110'

2018-05-30 15:03:36 - [TEST_STEP][PASSED] - delay: Delayed 2 second(s)

2018-05-30 15:03:38 - [MESSAGE][PASSED] - Delayed 2 second(s)

2018-05-30 15:03:38 - [TEST_STEP][PASSED] - Statement - Try: null

2018-05-30 15:03:38 - [TEST_STEP][PASSED] - Statement - StockQty = com.kms.katalon.core.webui.keyword.WebUiBuiltInKeywords.getAttribute(com.kms.katalon.core.testobject.ObjectRepository.findTestObject(Emergency/Page_Store/input_txtprice), "value"): Attribute 'value' of object 'Object Repository/Emergency/Page_Store/input_txtprice' is: '9980'

2018-05-30 15:03:38 - [MESSAGE][PASSED] - Attribute 'value' of object 'Object Repository/Emergency/Page_Store/input_txtprice' is: '9980'

2018-05-30 15:03:38 - [TEST_STEP][PASSED] - Statement - out.println("Stock QTY : " + StockQty): null

2018-05-30 15:03:38 - [TEST_STEP][PASSED] - delay: Delayed 2 second(s)

2018-05-30 15:03:40 - [MESSAGE][PASSED] - Delayed 2 second(s)

2018-05-30 15:03:40 - [TEST_STEP][PASSED] - Statement - If (java.lang.Integer.valueOf(StockQty) >= java.lang.Integer.valueOf(RequestedQty)): null

2018-05-30 15:03:40 - [TEST_STEP][PASSED] - delay: Delayed 1 second(s)

2018-05-30 15:03:41 - [MESSAGE][PASSED] - Delayed 1 second(s)

2018-05-30 15:03:41 - [TEST_STEP][PASSED] - setText: Text '10' is set on object 'Object Repository/Emergency/Page_Store/input_txtqty'

2018-05-30 15:03:41 - [MESSAGE][PASSED] - Text '10' is set on object 'Object Repository/Emergency/Page_Store/input_txtqty'

2018-05-30 15:03:41 - [TEST_STEP][PASSED] - click: Object: 'Object Repository/Emergency/Page_Store/button_Add' is clicked on

2018-05-30 15:03:41 - [MESSAGE][PASSED] - Object: 'Object Repository/Emergency/Page_Store/button_Add' is clicked on

2018-05-30 15:03:41 - [TEST_STEP][PASSED] - Statement - Break: null

2018-05-30 15:03:41 - [TEST_STEP][PASSED] - selectOptionByIndex: All options with index in [13] are selected on object 'Object Repository/Emergency/Page_Store/select_--Select--Amikacin -500'

2018-05-30 15:03:41 - [MESSAGE][PASSED] - All options with index in [13] are selected on object 'Object Repository/Emergency/Page_Store/select_--Select--Amikacin -500'

2018-05-30 15:03:41 - [TEST_STEP][PASSED] - delay: Delayed 2 second(s)

2018-05-30 15:03:43 - [MESSAGE][PASSED] - Delayed 2 second(s)

2018-05-30 15:03:43 - [TEST_STEP][PASSED] - Statement - RequestedQty = com.kms.katalon.core.webui.keyword.WebUiBuiltInKeywords.getAttribute(com.kms.katalon.core.testobject.ObjectRepository.findTestObject(Emergency/Page_Store/input_txttotal), "value"): Attribute 'value' of object 'Object Repository/Emergency/Page_Store/input_txttotal' is: '10'

2018-05-30 15:03:43 - [MESSAGE][PASSED] - Attribute 'value' of object 'Object Repository/Emergency/Page_Store/input_txttotal' is: '10'

2018-05-30 15:03:43 - [TEST_STEP][PASSED] - Statement - out.println("Requested QTY : " + RequestedQty): null

2018-05-30 15:03:43 - [TEST_STEP][PASSED] - Statement - BatchNumber = com.kms.katalon.core.webui.keyword.WebUiBuiltInKeywords.getNumberOfTotalOption(com.kms.katalon.core.testobject.ObjectRepository.findTestObject(Emergency/Page_Store/select_--Select--BA1150BA4110)): 2 options of object 'Object Repository/Emergency/Page_Store/select_--Select--BA1150BA4110' counted

2018-05-30 15:03:43 - [MESSAGE][PASSED] - 2 options of object 'Object Repository/Emergency/Page_Store/select_--Select--BA1150BA4110' counted

2018-05-30 15:03:43 - [TEST_STEP][PASSED] - Statement - out.println("BatchNumber : " + BatchNumber): null

2018-05-30 15:03:43 - [TEST_STEP][PASSED] - Statement - For ([g = 1, g <= BatchNumber - 1, (g++)]): null

2018-05-30 15:03:43 - [TEST_STEP][PASSED] - selectOptionByIndex: All options with index in [1] are selected on object 'Object Repository/Emergency/Page_Store/select_--Select--BA1150BA4110'

2018-05-30 15:03:43 - [MESSAGE][PASSED] - All options with index in [1] are selected on object 'Object Repository/Emergency/Page_Store/select_--Select--BA1150BA4110'

2018-05-30 15:03:43 - [TEST_STEP][PASSED] - delay: Delayed 2 second(s)

2018-05-30 15:03:45 - [MESSAGE][PASSED] - Delayed 2 second(s)

2018-05-30 15:03:45 - [TEST_STEP][PASSED] - Statement - Try: null

2018-05-30 15:03:45 - [TEST_STEP][PASSED] - Statement - StockQty = com.kms.katalon.core.webui.keyword.WebUiBuiltInKeywords.getAttribute(com.kms.katalon.core.testobject.ObjectRepository.findTestObject(Emergency/Page_Store/input_txtprice), "value"): Attribute 'value' of object 'Object Repository/Emergency/Page_Store/input_txtprice' is: '9980'

2018-05-30 15:03:45 - [MESSAGE][PASSED] - Attribute 'value' of object 'Object Repository/Emergency/Page_Store/input_txtprice' is: '9980'

2018-05-30 15:03:45 - [TEST_STEP][PASSED] - Statement - out.println("Stock QTY : " + StockQty): null

2018-05-30 15:03:45 - [TEST_STEP][PASSED] - delay: Delayed 2 second(s)

2018-05-30 15:03:47 - [MESSAGE][PASSED] - Delayed 2 second(s)

2018-05-30 15:03:47 - [TEST_STEP][PASSED] - Statement - If (java.lang.Integer.valueOf(StockQty) >= java.lang.Integer.valueOf(RequestedQty)): null

2018-05-30 15:03:47 - [TEST_STEP][PASSED] - delay: Delayed 1 second(s)

2018-05-30 15:03:49 - [MESSAGE][PASSED] - Delayed 1 second(s)

2018-05-30 15:03:49 - [TEST_STEP][PASSED] - setText: Text '10' is set on object 'Object Repository/Emergency/Page_Store/input_txtqty'

2018-05-30 15:03:49 - [MESSAGE][PASSED] - Text '10' is set on object 'Object Repository/Emergency/Page_Store/input_txtqty'

2018-05-30 15:03:49 - [TEST_STEP][PASSED] - click: Object: 'Object Repository/Emergency/Page_Store/button_Add' is clicked on

2018-05-30 15:03:49 - [MESSAGE][PASSED] - Object: 'Object Repository/Emergency/Page_Store/button_Add' is clicked on

2018-05-30 15:03:49 - [TEST_STEP][PASSED] - Statement - Break: null

2018-05-30 15:03:49 - [TEST_STEP][PASSED] - selectOptionByIndex: All options with index in [14] are selected on object 'Object Repository/Emergency/Page_Store/select_--Select--Amikacin -500'

2018-05-30 15:03:49 - [MESSAGE][PASSED] - All options with index in [14] are selected on object 'Object Repository/Emergency/Page_Store/select_--Select--Amikacin -500'

2018-05-30 15:03:49 - [TEST_STEP][PASSED] - delay: Delayed 2 second(s)

2018-05-30 15:03:51 - [MESSAGE][PASSED] - Delayed 2 second(s)

2018-05-30 15:03:51 - [TEST_STEP][PASSED] - Statement - RequestedQty = com.kms.katalon.core.webui.keyword.WebUiBuiltInKeywords.getAttribute(com.kms.katalon.core.testobject.ObjectRepository.findTestObject(Emergency/Page_Store/input_txttotal), "value"): Attribute 'value' of object 'Object Repository/Emergency/Page_Store/input_txttotal' is: '10'

2018-05-30 15:03:51 - [MESSAGE][PASSED] - Attribute 'value' of object 'Object Repository/Emergency/Page_Store/input_txttotal' is: '10'

2018-05-30 15:03:51 - [TEST_STEP][PASSED] - Statement - out.println("Requested QTY : " + RequestedQty): null

2018-05-30 15:03:51 - [TEST_STEP][PASSED] - Statement - BatchNumber = com.kms.katalon.core.webui.keyword.WebUiBuiltInKeywords.getNumberOfTotalOption(com.kms.katalon.core.testobject.ObjectRepository.findTestObject(Emergency/Page_Store/select_--Select--BA1150BA4110)): 2 options of object 'Object Repository/Emergency/Page_Store/select_--Select--BA1150BA4110' counted

2018-05-30 15:03:51 - [MESSAGE][PASSED] - 2 options of object 'Object Repository/Emergency/Page_Store/select_--Select--BA1150BA4110' counted

2018-05-30 15:03:51 - [TEST_STEP][PASSED] - Statement - out.println("BatchNumber : " + BatchNumber): null

2018-05-30 15:03:51 - [TEST_STEP][PASSED] - Statement - For ([g = 1, g <= BatchNumber - 1, (g++)]): null

2018-05-30 15:03:51 - [TEST_STEP][PASSED] - selectOptionByIndex: All options with index in [1] are selected on object 'Object Repository/Emergency/Page_Store/select_--Select--BA1150BA4110'

2018-05-30 15:03:51 - [MESSAGE][PASSED] - All options with index in [1] are selected on object 'Object Repository/Emergency/Page_Store/select_--Select--BA1150BA4110'

2018-05-30 15:03:51 - [TEST_STEP][PASSED] - delay: Delayed 2 second(s)

2018-05-30 15:03:53 - [MESSAGE][PASSED] - Delayed 2 second(s)

2018-05-30 15:03:53 - [TEST_STEP][PASSED] - Statement - Try: null

2018-05-30 15:03:53 - [TEST_STEP][PASSED] - Statement - StockQty = com.kms.katalon.core.webui.keyword.WebUiBuiltInKeywords.getAttribute(com.kms.katalon.core.testobject.ObjectRepository.findTestObject(Emergency/Page_Store/input_txtprice), "value"): Attribute 'value' of object 'Object Repository/Emergency/Page_Store/input_txtprice' is: '9980'

2018-05-30 15:03:53 - [MESSAGE][PASSED] - Attribute 'value' of object 'Object Repository/Emergency/Page_Store/input_txtprice' is: '9980'

2018-05-30 15:03:53 - [TEST_STEP][PASSED] - Statement - out.println("Stock QTY : " + StockQty): null

2018-05-30 15:03:53 - [TEST_STEP][PASSED] - delay: Delayed 2 second(s)

2018-05-30 15:03:55 - [MESSAGE][PASSED] - Delayed 2 second(s)

2018-05-30 15:03:55 - [TEST_STEP][PASSED] - Statement - If (java.lang.Integer.valueOf(StockQty) >= java.lang.Integer.valueOf(RequestedQty)): null

2018-05-30 15:03:55 - [TEST_STEP][PASSED] - delay: Delayed 1 second(s)

2018-05-30 15:03:56 - [MESSAGE][PASSED] - Delayed 1 second(s)

2018-05-30 15:03:56 - [TEST_STEP][PASSED] - setText: Text '10' is set on object 'Object Repository/Emergency/Page_Store/input_txtqty'

2018-05-30 15:03:56 - [MESSAGE][PASSED] - Text '10' is set on object 'Object Repository/Emergency/Page_Store/input_txtqty'

2018-05-30 15:03:56 - [TEST_STEP][PASSED] - click: Object: 'Object Repository/Emergency/Page_Store/button_Add' is clicked on

2018-05-30 15:03:56 - [MESSAGE][PASSED] - Object: 'Object Repository/Emergency/Page_Store/button_Add' is clicked on

2018-05-30 15:03:56 - [TEST_STEP][PASSED] - Statement - Break: null

2018-05-30 15:03:56 - [TEST_STEP][PASSED] - selectOptionByIndex: All options with index in [15] are selected on object 'Object Repository/Emergency/Page_Store/select_--Select--Amikacin -500'

2018-05-30 15:03:57 - [MESSAGE][PASSED] - All options with index in [15] are selected on object 'Object Repository/Emergency/Page_Store/select_--Select--Amikacin -500'

2018-05-30 15:03:57 - [TEST_STEP][PASSED] - delay: Delayed 2 second(s)

2018-05-30 15:03:59 - [MESSAGE][PASSED] - Delayed 2 second(s)

2018-05-30 15:03:59 - [TEST_STEP][PASSED] - Statement - RequestedQty = com.kms.katalon.core.webui.keyword.WebUiBuiltInKeywords.getAttribute(com.kms.katalon.core.testobject.ObjectRepository.findTestObject(Emergency/Page_Store/input_txttotal), "value"): Attribute 'value' of object 'Object Repository/Emergency/Page_Store/input_txttotal' is: '10'

2018-05-30 15:03:59 - [MESSAGE][PASSED] - Attribute 'value' of object 'Object Repository/Emergency/Page_Store/input_txttotal' is: '10'

2018-05-30 15:03:59 - [TEST_STEP][PASSED] - Statement - out.println("Requested QTY : " + RequestedQty): null

2018-05-30 15:03:59 - [TEST_STEP][PASSED] - Statement - BatchNumber = com.kms.katalon.core.webui.keyword.WebUiBuiltInKeywords.getNumberOfTotalOption(com.kms.katalon.core.testobject.ObjectRepository.findTestObject(Emergency/Page_Store/select_--Select--BA1150BA4110)): 2 options of object 'Object Repository/Emergency/Page_Store/select_--Select--BA1150BA4110' counted

2018-05-30 15:03:59 - [MESSAGE][PASSED] - 2 options of object 'Object Repository/Emergency/Page_Store/select_--Select--BA1150BA4110' counted

2018-05-30 15:03:59 - [TEST_STEP][PASSED] - Statement - out.println("BatchNumber : " + BatchNumber): null

2018-05-30 15:03:59 - [TEST_STEP][PASSED] - Statement - For ([g = 1, g <= BatchNumber - 1, (g++)]): null

2018-05-30 15:03:59 - [TEST_STEP][PASSED] - selectOptionByIndex: All options with index in [1] are selected on object 'Object Repository/Emergency/Page_Store/select_--Select--BA1150BA4110'

2018-05-30 15:03:59 - [MESSAGE][PASSED] - All options with index in [1] are selected on object 'Object Repository/Emergency/Page_Store/select_--Select--BA1150BA4110'

2018-05-30 15:03:59 - [TEST_STEP][PASSED] - delay: Delayed 2 second(s)

2018-05-30 15:04:01 - [MESSAGE][PASSED] - Delayed 2 second(s)

2018-05-30 15:04:01 - [TEST_STEP][PASSED] - Statement - Try: null

2018-05-30 15:04:01 - [TEST_STEP][PASSED] - Statement - StockQty = com.kms.katalon.core.webui.keyword.WebUiBuiltInKeywords.getAttribute(com.kms.katalon.core.testobject.ObjectRepository.findTestObject(Emergency/Page_Store/input_txtprice), "value"): Attribute 'value' of object 'Object Repository/Emergency/Page_Store/input_txtprice' is: '9980'

2018-05-30 15:04:01 - [MESSAGE][PASSED] - Attribute 'value' of object 'Object Repository/Emergency/Page_Store/input_txtprice' is: '9980'

2018-05-30 15:04:01 - [TEST_STEP][PASSED] - Statement - out.println("Stock QTY : " + StockQty): null

2018-05-30 15:04:01 - [TEST_STEP][PASSED] - delay: Delayed 2 second(s)

2018-05-30 15:04:03 - [MESSAGE][PASSED] - Delayed 2 second(s)

2018-05-30 15:04:03 - [TEST_STEP][PASSED] - Statement - If (java.lang.Integer.valueOf(StockQty) >= java.lang.Integer.valueOf(RequestedQty)): null

2018-05-30 15:04:03 - [TEST_STEP][PASSED] - delay: Delayed 1 second(s)

2018-05-30 15:04:04 - [MESSAGE][PASSED] - Delayed 1 second(s)

2018-05-30 15:04:04 - [TEST_STEP][PASSED] - setText: Text '10' is set on object 'Object Repository/Emergency/Page_Store/input_txtqty'

2018-05-30 15:04:04 - [MESSAGE][PASSED] - Text '10' is set on object 'Object Repository/Emergency/Page_Store/input_txtqty'

2018-05-30 15:04:04 - [TEST_STEP][PASSED] - click: Object: 'Object Repository/Emergency/Page_Store/button_Add' is clicked on

2018-05-30 15:04:04 - [MESSAGE][PASSED] - Object: 'Object Repository/Emergency/Page_Store/button_Add' is clicked on

2018-05-30 15:04:04 - [TEST_STEP][PASSED] - Statement - Break: null

2018-05-30 15:04:04 - [TEST_STEP][PASSED] - selectOptionByIndex: All options with index in [16] are selected on object 'Object Repository/Emergency/Page_Store/select_--Select--Amikacin -500'

2018-05-30 15:04:04 - [MESSAGE][PASSED] - All options with index in [16] are selected on object 'Object Repository/Emergency/Page_Store/select_--Select--Amikacin -500'

2018-05-30 15:04:04 - [TEST_STEP][PASSED] - delay: Delayed 2 second(s)

2018-05-30 15:04:06 - [MESSAGE][PASSED] - Delayed 2 second(s)

2018-05-30 15:04:06 - [TEST_STEP][PASSED] - Statement - RequestedQty = com.kms.katalon.core.webui.keyword.WebUiBuiltInKeywords.getAttribute(com.kms.katalon.core.testobject.ObjectRepository.findTestObject(Emergency/Page_Store/input_txttotal), "value"): Attribute 'value' of object 'Object Repository/Emergency/Page_Store/input_txttotal' is: '10'

2018-05-30 15:04:06 - [MESSAGE][PASSED] - Attribute 'value' of object 'Object Repository/Emergency/Page_Store/input_txttotal' is: '10'

2018-05-30 15:04:06 - [TEST_STEP][PASSED] - Statement - out.println("Requested QTY : " + RequestedQty): null

2018-05-30 15:04:06 - [TEST_STEP][PASSED] - Statement - BatchNumber = com.kms.katalon.core.webui.keyword.WebUiBuiltInKeywords.getNumberOfTotalOption(com.kms.katalon.core.testobject.ObjectRepository.findTestObject(Emergency/Page_Store/select_--Select--BA1150BA4110)): 2 options of object 'Object Repository/Emergency/Page_Store/select_--Select--BA1150BA4110' counted

2018-05-30 15:04:06 - [MESSAGE][PASSED] - 2 options of object 'Object Repository/Emergency/Page_Store/select_--Select--BA1150BA4110' counted

2018-05-30 15:04:06 - [TEST_STEP][PASSED] - Statement - out.println("BatchNumber : " + BatchNumber): null

2018-05-30 15:04:06 - [TEST_STEP][PASSED] - Statement - For ([g = 1, g <= BatchNumber - 1, (g++)]): null

2018-05-30 15:04:06 - [TEST_STEP][PASSED] - selectOptionByIndex: All options with index in [1] are selected on object 'Object Repository/Emergency/Page_Store/select_--Select--BA1150BA4110'

2018-05-30 15:04:06 - [MESSAGE][PASSED] - All options with index in [1] are selected on object 'Object Repository/Emergency/Page_Store/select_--Select--BA1150BA4110'

2018-05-30 15:04:06 - [TEST_STEP][PASSED] - delay: Delayed 2 second(s)

2018-05-30 15:04:08 - [MESSAGE][PASSED] - Delayed 2 second(s)

2018-05-30 15:04:08 - [TEST_STEP][PASSED] - Statement - Try: null

2018-05-30 15:04:08 - [TEST_STEP][PASSED] - Statement - StockQty = com.kms.katalon.core.webui.keyword.WebUiBuiltInKeywords.getAttribute(com.kms.katalon.core.testobject.ObjectRepository.findTestObject(Emergency/Page_Store/input_txtprice), "value"): Attribute 'value' of object 'Object Repository/Emergency/Page_Store/input_txtprice' is: '9980'

2018-05-30 15:04:08 - [MESSAGE][PASSED] - Attribute 'value' of object 'Object Repository/Emergency/Page_Store/input_txtprice' is: '9980'

2018-05-30 15:04:08 - [TEST_STEP][PASSED] - Statement - out.println("Stock QTY : " + StockQty): null

2018-05-30 15:04:08 - [TEST_STEP][PASSED] - delay: Delayed 2 second(s)

2018-05-30 15:04:10 - [MESSAGE][PASSED] - Delayed 2 second(s)

2018-05-30 15:04:10 - [TEST_STEP][PASSED] - Statement - If (java.lang.Integer.valueOf(StockQty) >= java.lang.Integer.valueOf(RequestedQty)): null

2018-05-30 15:04:10 - [TEST_STEP][PASSED] - delay: Delayed 1 second(s)

2018-05-30 15:04:11 - [MESSAGE][PASSED] - Delayed 1 second(s)

2018-05-30 15:04:11 - [TEST_STEP][PASSED] - setText: Text '10' is set on object 'Object Repository/Emergency/Page_Store/input_txtqty'

2018-05-30 15:04:12 - [MESSAGE][PASSED] - Text '10' is set on object 'Object Repository/Emergency/Page_Store/input_txtqty'

2018-05-30 15:04:12 - [TEST_STEP][PASSED] - click: Object: 'Object Repository/Emergency/Page_Store/button_Add' is clicked on

2018-05-30 15:04:12 - [MESSAGE][PASSED] - Object: 'Object Repository/Emergency/Page_Store/button_Add' is clicked on

2018-05-30 15:04:12 - [TEST_STEP][PASSED] - Statement - Break: null

2018-05-30 15:04:12 - [TEST_STEP][PASSED] - selectOptionByIndex: All options with index in [17] are selected on object 'Object Repository/Emergency/Page_Store/select_--Select--Amikacin -500'

2018-05-30 15:04:12 - [MESSAGE][PASSED] - All options with index in [17] are selected on object 'Object Repository/Emergency/Page_Store/select_--Select--Amikacin -500'

2018-05-30 15:04:12 - [TEST_STEP][PASSED] - delay: Delayed 2 second(s)

2018-05-30 15:04:14 - [MESSAGE][PASSED] - Delayed 2 second(s)

2018-05-30 15:04:14 - [TEST_STEP][PASSED] - Statement - RequestedQty = com.kms.katalon.core.webui.keyword.WebUiBuiltInKeywords.getAttribute(com.kms.katalon.core.testobject.ObjectRepository.findTestObject(Emergency/Page_Store/input_txttotal), "value"): Attribute 'value' of object 'Object Repository/Emergency/Page_Store/input_txttotal' is: '10'

2018-05-30 15:04:14 - [MESSAGE][PASSED] - Attribute 'value' of object 'Object Repository/Emergency/Page_Store/input_txttotal' is: '10'

2018-05-30 15:04:14 - [TEST_STEP][PASSED] - Statement - out.println("Requested QTY : " + RequestedQty): null

2018-05-30 15:04:14 - [TEST_STEP][PASSED] - Statement - BatchNumber = com.kms.katalon.core.webui.keyword.WebUiBuiltInKeywords.getNumberOfTotalOption(com.kms.katalon.core.testobject.ObjectRepository.findTestObject(Emergency/Page_Store/select_--Select--BA1150BA4110)): 2 options of object 'Object Repository/Emergency/Page_Store/select_--Select--BA1150BA4110' counted

2018-05-30 15:04:14 - [MESSAGE][PASSED] - 2 options of object 'Object Repository/Emergency/Page_Store/select_--Select--BA1150BA4110' counted

2018-05-30 15:04:14 - [TEST_STEP][PASSED] - Statement - out.println("BatchNumber : " + BatchNumber): null

2018-05-30 15:04:14 - [TEST_STEP][PASSED] - Statement - For ([g = 1, g <= BatchNumber - 1, (g++)]): null

2018-05-30 15:04:14 - [TEST_STEP][PASSED] - selectOptionByIndex: All options with index in [1] are selected on object 'Object Repository/Emergency/Page_Store/select_--Select--BA1150BA4110'

2018-05-30 15:04:14 - [MESSAGE][PASSED] - All options with index in [1] are selected on object 'Object Repository/Emergency/Page_Store/select_--Select--BA1150BA4110'

2018-05-30 15:04:14 - [TEST_STEP][PASSED] - delay: Delayed 2 second(s)

2018-05-30 15:04:16 - [MESSAGE][PASSED] - Delayed 2 second(s)

2018-05-30 15:04:16 - [TEST_STEP][PASSED] - Statement - Try: null

2018-05-30 15:04:16 - [TEST_STEP][PASSED] - Statement - StockQty = com.kms.katalon.core.webui.keyword.WebUiBuiltInKeywords.getAttribute(com.kms.katalon.core.testobject.ObjectRepository.findTestObject(Emergency/Page_Store/input_txtprice), "value"): Attribute 'value' of object 'Object Repository/Emergency/Page_Store/input_txtprice' is: '9980'

2018-05-30 15:04:16 - [MESSAGE][PASSED] - Attribute 'value' of object 'Object Repository/Emergency/Page_Store/input_txtprice' is: '9980'

2018-05-30 15:04:16 - [TEST_STEP][PASSED] - Statement - out.println("Stock QTY : " + StockQty): null

2018-05-30 15:04:16 - [TEST_STEP][PASSED] - delay: Delayed 2 second(s)

2018-05-30 15:04:18 - [MESSAGE][PASSED] - Delayed 2 second(s)

2018-05-30 15:04:18 - [TEST_STEP][PASSED] - Statement - If (java.lang.Integer.valueOf(StockQty) >= java.lang.Integer.valueOf(RequestedQty)): null

2018-05-30 15:04:18 - [TEST_STEP][PASSED] - delay: Delayed 1 second(s)

2018-05-30 15:04:19 - [MESSAGE][PASSED] - Delayed 1 second(s)

2018-05-30 15:04:19 - [TEST_STEP][PASSED] - setText: Text '10' is set on object 'Object Repository/Emergency/Page_Store/input_txtqty'

2018-05-30 15:04:19 - [MESSAGE][PASSED] - Text '10' is set on object 'Object Repository/Emergency/Page_Store/input_txtqty'

2018-05-30 15:04:19 - [TEST_STEP][PASSED] - click: Object: 'Object Repository/Emergency/Page_Store/button_Add' is clicked on

2018-05-30 15:04:19 - [MESSAGE][PASSED] - Object: 'Object Repository/Emergency/Page_Store/button_Add' is clicked on

2018-05-30 15:04:19 - [TEST_STEP][PASSED] - Statement - Break: null

2018-05-30 15:04:19 - [TEST_STEP][PASSED] - selectOptionByIndex: All options with index in [18] are selected on object 'Object Repository/Emergency/Page_Store/select_--Select--Amikacin -500'

2018-05-30 15:04:20 - [MESSAGE][PASSED] - All options with index in [18] are selected on object 'Object Repository/Emergency/Page_Store/select_--Select--Amikacin -500'

2018-05-30 15:04:20 - [TEST_STEP][PASSED] - delay: Delayed 2 second(s)

2018-05-30 15:04:22 - [MESSAGE][PASSED] - Delayed 2 second(s)

2018-05-30 15:04:22 - [TEST_STEP][PASSED] - Statement - RequestedQty = com.kms.katalon.core.webui.keyword.WebUiBuiltInKeywords.getAttribute(com.kms.katalon.core.testobject.ObjectRepository.findTestObject(Emergency/Page_Store/input_txttotal), "value"): Attribute 'value' of object 'Object Repository/Emergency/Page_Store/input_txttotal' is: '10'

2018-05-30 15:04:22 - [MESSAGE][PASSED] - Attribute 'value' of object 'Object Repository/Emergency/Page_Store/input_txttotal' is: '10'

2018-05-30 15:04:22 - [TEST_STEP][PASSED] - Statement - out.println("Requested QTY : " + RequestedQty): null

2018-05-30 15:04:22 - [TEST_STEP][PASSED] - Statement - BatchNumber = com.kms.katalon.core.webui.keyword.WebUiBuiltInKeywords.getNumberOfTotalOption(com.kms.katalon.core.testobject.ObjectRepository.findTestObject(Emergency/Page_Store/select_--Select--BA1150BA4110)): 2 options of object 'Object Repository/Emergency/Page_Store/select_--Select--BA1150BA4110' counted

2018-05-30 15:04:22 - [MESSAGE][PASSED] - 2 options of object 'Object Repository/Emergency/Page_Store/select_--Select--BA1150BA4110' counted

2018-05-30 15:04:22 - [TEST_STEP][PASSED] - Statement - out.println("BatchNumber : " + BatchNumber): null

2018-05-30 15:04:22 - [TEST_STEP][PASSED] - Statement - For ([g = 1, g <= BatchNumber - 1, (g++)]): null

2018-05-30 15:04:22 - [TEST_STEP][PASSED] - selectOptionByIndex: All options with index in [1] are selected on object 'Object Repository/Emergency/Page_Store/select_--Select--BA1150BA4110'

2018-05-30 15:04:22 - [MESSAGE][PASSED] - All options with index in [1] are selected on object 'Object Repository/Emergency/Page_Store/select_--Select--BA1150BA4110'

2018-05-30 15:04:22 - [TEST_STEP][PASSED] - delay: Delayed 2 second(s)

2018-05-30 15:04:24 - [MESSAGE][PASSED] - Delayed 2 second(s)

2018-05-30 15:04:24 - [TEST_STEP][PASSED] - Statement - Try: null

2018-05-30 15:04:24 - [TEST_STEP][PASSED] - Statement - StockQty = com.kms.katalon.core.webui.keyword.WebUiBuiltInKeywords.getAttribute(com.kms.katalon.core.testobject.ObjectRepository.findTestObject(Emergency/Page_Store/input_txtprice), "value"): Attribute 'value' of object 'Object Repository/Emergency/Page_Store/input_txtprice' is: '9980'

2018-05-30 15:04:24 - [MESSAGE][PASSED] - Attribute 'value' of object 'Object Repository/Emergency/Page_Store/input_txtprice' is: '9980'

2018-05-30 15:04:24 - [TEST_STEP][PASSED] - Statement - out.println("Stock QTY : " + StockQty): null

2018-05-30 15:04:24 - [TEST_STEP][PASSED] - delay: Delayed 2 second(s)

2018-05-30 15:04:26 - [MESSAGE][PASSED] - Delayed 2 second(s)

2018-05-30 15:04:26 - [TEST_STEP][PASSED] - Statement - If (java.lang.Integer.valueOf(StockQty) >= java.lang.Integer.valueOf(RequestedQty)): null

2018-05-30 15:04:26 - [TEST_STEP][PASSED] - delay: Delayed 1 second(s)

2018-05-30 15:04:27 - [MESSAGE][PASSED] - Delayed 1 second(s)

2018-05-30 15:04:27 - [TEST_STEP][PASSED] - setText: Text '10' is set on object 'Object Repository/Emergency/Page_Store/input_txtqty'

2018-05-30 15:04:27 - [MESSAGE][PASSED] - Text '10' is set on object 'Object Repository/Emergency/Page_Store/input_txtqty'

2018-05-30 15:04:27 - [TEST_STEP][PASSED] - click: Object: 'Object Repository/Emergency/Page_Store/button_Add' is clicked on

2018-05-30 15:04:27 - [MESSAGE][PASSED] - Object: 'Object Repository/Emergency/Page_Store/button_Add' is clicked on

2018-05-30 15:04:27 - [TEST_STEP][PASSED] - Statement - Break: null

2018-05-30 15:04:27 - [TEST_STEP][PASSED] - selectOptionByIndex: All options with index in [19] are selected on object 'Object Repository/Emergency/Page_Store/select_--Select--Amikacin -500'

2018-05-30 15:04:27 - [MESSAGE][PASSED] - All options with index in [19] are selected on object 'Object Repository/Emergency/Page_Store/select_--Select--Amikacin -500'

2018-05-30 15:04:27 - [TEST_STEP][PASSED] - delay: Delayed 2 second(s)

2018-05-30 15:04:29 - [MESSAGE][PASSED] - Delayed 2 second(s)

2018-05-30 15:04:29 - [TEST_STEP][PASSED] - Statement - RequestedQty = com.kms.katalon.core.webui.keyword.WebUiBuiltInKeywords.getAttribute(com.kms.katalon.core.testobject.ObjectRepository.findTestObject(Emergency/Page_Store/input_txttotal), "value"): Attribute 'value' of object 'Object Repository/Emergency/Page_Store/input_txttotal' is: '10'

2018-05-30 15:04:29 - [MESSAGE][PASSED] - Attribute 'value' of object 'Object Repository/Emergency/Page_Store/input_txttotal' is: '10'

2018-05-30 15:04:29 - [TEST_STEP][PASSED] - Statement - out.println("Requested QTY : " + RequestedQty): null

2018-05-30 15:04:29 - [TEST_STEP][PASSED] - Statement - BatchNumber = com.kms.katalon.core.webui.keyword.WebUiBuiltInKeywords.getNumberOfTotalOption(com.kms.katalon.core.testobject.ObjectRepository.findTestObject(Emergency/Page_Store/select_--Select--BA1150BA4110)): 2 options of object 'Object Repository/Emergency/Page_Store/select_--Select--BA1150BA4110' counted

2018-05-30 15:04:30 - [MESSAGE][PASSED] - 2 options of object 'Object Repository/Emergency/Page_Store/select_--Select--BA1150BA4110' counted

2018-05-30 15:04:30 - [TEST_STEP][PASSED] - Statement - out.println("BatchNumber : " + BatchNumber): null

2018-05-30 15:04:30 - [TEST_STEP][PASSED] - Statement - For ([g = 1, g <= BatchNumber - 1, (g++)]): null

2018-05-30 15:04:30 - [TEST_STEP][PASSED] - selectOptionByIndex: All options with index in [1] are selected on object 'Object Repository/Emergency/Page_Store/select_--Select--BA1150BA4110'

2018-05-30 15:04:30 - [MESSAGE][PASSED] - All options with index in [1] are selected on object 'Object Repository/Emergency/Page_Store/select_--Select--BA1150BA4110'

2018-05-30 15:04:30 - [TEST_STEP][PASSED] - delay: Delayed 2 second(s)

2018-05-30 15:04:32 - [MESSAGE][PASSED] - Delayed 2 second(s)

2018-05-30 15:04:32 - [TEST_STEP][PASSED] - Statement - Try: null

2018-05-30 15:04:32 - [TEST_STEP][PASSED] - Statement - StockQty = com.kms.katalon.core.webui.keyword.WebUiBuiltInKeywords.getAttribute(com.kms.katalon.core.testobject.ObjectRepository.findTestObject(Emergency/Page_Store/input_txtprice), "value"): Attribute 'value' of object 'Object Repository/Emergency/Page_Store/input_txtprice' is: '9980'

2018-05-30 15:04:32 - [MESSAGE][PASSED] - Attribute 'value' of object 'Object Repository/Emergency/Page_Store/input_txtprice' is: '9980'

2018-05-30 15:04:32 - [TEST_STEP][PASSED] - Statement - out.println("Stock QTY : " + StockQty): null

2018-05-30 15:04:32 - [TEST_STEP][PASSED] - delay: Delayed 2 second(s)

2018-05-30 15:04:34 - [MESSAGE][PASSED] - Delayed 2 second(s)

2018-05-30 15:04:34 - [TEST_STEP][PASSED] - Statement - If (java.lang.Integer.valueOf(StockQty) >= java.lang.Integer.valueOf(RequestedQty)): null

2018-05-30 15:04:34 - [TEST_STEP][PASSED] - delay: Delayed 1 second(s)

2018-05-30 15:04:35 - [MESSAGE][PASSED] - Delayed 1 second(s)

2018-05-30 15:04:35 - [TEST_STEP][PASSED] - setText: Text '10' is set on object 'Object Repository/Emergency/Page_Store/input_txtqty'

2018-05-30 15:04:35 - [MESSAGE][PASSED] - Text '10' is set on object 'Object Repository/Emergency/Page_Store/input_txtqty'

2018-05-30 15:04:35 - [TEST_STEP][PASSED] - click: Object: 'Object Repository/Emergency/Page_Store/button_Add' is clicked on

2018-05-30 15:04:35 - [MESSAGE][PASSED] - Object: 'Object Repository/Emergency/Page_Store/button_Add' is clicked on

2018-05-30 15:04:35 - [TEST_STEP][PASSED] - Statement - Break: null

2018-05-30 15:04:35 - [TEST_STEP][PASSED] - selectOptionByIndex: All options with index in [20] are selected on object 'Object Repository/Emergency/Page_Store/select_--Select--Amikacin -500'

2018-05-30 15:04:35 - [MESSAGE][PASSED] - All options with index in [20] are selected on object 'Object Repository/Emergency/Page_Store/select_--Select--Amikacin -500'

2018-05-30 15:04:35 - [TEST_STEP][PASSED] - delay: Delayed 2 second(s)

2018-05-30 15:04:37 - [MESSAGE][PASSED] - Delayed 2 second(s)

2018-05-30 15:04:37 - [TEST_STEP][PASSED] - Statement - RequestedQty = com.kms.katalon.core.webui.keyword.WebUiBuiltInKeywords.getAttribute(com.kms.katalon.core.testobject.ObjectRepository.findTestObject(Emergency/Page_Store/input_txttotal), "value"): Attribute 'value' of object 'Object Repository/Emergency/Page_Store/input_txttotal' is: '10'

2018-05-30 15:04:37 - [MESSAGE][PASSED] - Attribute 'value' of object 'Object Repository/Emergency/Page_Store/input_txttotal' is: '10'

2018-05-30 15:04:37 - [TEST_STEP][PASSED] - Statement - out.println("Requested QTY : " + RequestedQty): null

2018-05-30 15:04:37 - [TEST_STEP][PASSED] - Statement - BatchNumber = com.kms.katalon.core.webui.keyword.WebUiBuiltInKeywords.getNumberOfTotalOption(com.kms.katalon.core.testobject.ObjectRepository.findTestObject(Emergency/Page_Store/select_--Select--BA1150BA4110)): 2 options of object 'Object Repository/Emergency/Page_Store/select_--Select--BA1150BA4110' counted

2018-05-30 15:04:37 - [MESSAGE][PASSED] - 2 options of object 'Object Repository/Emergency/Page_Store/select_--Select--BA1150BA4110' counted

2018-05-30 15:04:37 - [TEST_STEP][PASSED] - Statement - out.println("BatchNumber : " + BatchNumber): null

2018-05-30 15:04:37 - [TEST_STEP][PASSED] - Statement - For ([g = 1, g <= BatchNumber - 1, (g++)]): null

2018-05-30 15:04:37 - [TEST_STEP][PASSED] - selectOptionByIndex: All options with index in [1] are selected on object 'Object Repository/Emergency/Page_Store/select_--Select--BA1150BA4110'

2018-05-30 15:04:37 - [MESSAGE][PASSED] - All options with index in [1] are selected on object 'Object Repository/Emergency/Page_Store/select_--Select--BA1150BA4110'

2018-05-30 15:04:37 - [TEST_STEP][PASSED] - delay: Delayed 2 second(s)

2018-05-30 15:04:39 - [MESSAGE][PASSED] - Delayed 2 second(s)

2018-05-30 15:04:39 - [TEST_STEP][PASSED] - Statement - Try: null

2018-05-30 15:04:39 - [TEST_STEP][PASSED] - Statement - StockQty = com.kms.katalon.core.webui.keyword.WebUiBuiltInKeywords.getAttribute(com.kms.katalon.core.testobject.ObjectRepository.findTestObject(Emergency/Page_Store/input_txtprice), "value"): Attribute 'value' of object 'Object Repository/Emergency/Page_Store/input_txtprice' is: '9980'

2018-05-30 15:04:39 - [MESSAGE][PASSED] - Attribute 'value' of object 'Object Repository/Emergency/Page_Store/input_txtprice' is: '9980'

2018-05-30 15:04:39 - [TEST_STEP][PASSED] - Statement - out.println("Stock QTY : " + StockQty): null

2018-05-30 15:04:39 - [TEST_STEP][PASSED] - delay: Delayed 2 second(s)

2018-05-30 15:04:41 - [MESSAGE][PASSED] - Delayed 2 second(s)

2018-05-30 15:04:41 - [TEST_STEP][PASSED] - Statement - If (java.lang.Integer.valueOf(StockQty) >= java.lang.Integer.valueOf(RequestedQty)): null

2018-05-30 15:04:41 - [TEST_STEP][PASSED] - delay: Delayed 1 second(s)

2018-05-30 15:04:42 - [MESSAGE][PASSED] - Delayed 1 second(s)

2018-05-30 15:04:42 - [TEST_STEP][PASSED] - setText: Text '10' is set on object 'Object Repository/Emergency/Page_Store/input_txtqty'

2018-05-30 15:04:42 - [MESSAGE][PASSED] - Text '10' is set on object 'Object Repository/Emergency/Page_Store/input_txtqty'

2018-05-30 15:04:42 - [TEST_STEP][PASSED] - click: Object: 'Object Repository/Emergency/Page_Store/button_Add' is clicked on

2018-05-30 15:04:42 - [MESSAGE][PASSED] - Object: 'Object Repository/Emergency/Page_Store/button_Add' is clicked on

2018-05-30 15:04:42 - [TEST_STEP][PASSED] - Statement - Break: null

2018-05-30 15:04:42 - [TEST_STEP][PASSED] - selectOptionByIndex: All options with index in [21] are selected on object 'Object Repository/Emergency/Page_Store/select_--Select--Amikacin -500'

2018-05-30 15:04:43 - [MESSAGE][PASSED] - All options with index in [21] are selected on object 'Object Repository/Emergency/Page_Store/select_--Select--Amikacin -500'

2018-05-30 15:04:43 - [TEST_STEP][PASSED] - delay: Delayed 2 second(s)

2018-05-30 15:04:45 - [MESSAGE][PASSED] - Delayed 2 second(s)

2018-05-30 15:04:45 - [TEST_STEP][PASSED] - Statement - RequestedQty = com.kms.katalon.core.webui.keyword.WebUiBuiltInKeywords.getAttribute(com.kms.katalon.core.testobject.ObjectRepository.findTestObject(Emergency/Page_Store/input_txttotal), "value"): Attribute 'value' of object 'Object Repository/Emergency/Page_Store/input_txttotal' is: '10'

2018-05-30 15:04:45 - [MESSAGE][PASSED] - Attribute 'value' of object 'Object Repository/Emergency/Page_Store/input_txttotal' is: '10'

2018-05-30 15:04:45 - [TEST_STEP][PASSED] - Statement - out.println("Requested QTY : " + RequestedQty): null

2018-05-30 15:04:45 - [TEST_STEP][PASSED] - Statement - BatchNumber = com.kms.katalon.core.webui.keyword.WebUiBuiltInKeywords.getNumberOfTotalOption(com.kms.katalon.core.testobject.ObjectRepository.findTestObject(Emergency/Page_Store/select_--Select--BA1150BA4110)): 2 options of object 'Object Repository/Emergency/Page_Store/select_--Select--BA1150BA4110' counted

2018-05-30 15:04:45 - [MESSAGE][PASSED] - 2 options of object 'Object Repository/Emergency/Page_Store/select_--Select--BA1150BA4110' counted

2018-05-30 15:04:45 - [TEST_STEP][PASSED] - Statement - out.println("BatchNumber : " + BatchNumber): null

2018-05-30 15:04:45 - [TEST_STEP][PASSED] - Statement - For ([g = 1, g <= BatchNumber - 1, (g++)]): null

2018-05-30 15:04:45 - [TEST_STEP][PASSED] - selectOptionByIndex: All options with index in [1] are selected on object 'Object Repository/Emergency/Page_Store/select_--Select--BA1150BA4110'

2018-05-30 15:04:45 - [MESSAGE][PASSED] - All options with index in [1] are selected on object 'Object Repository/Emergency/Page_Store/select_--Select--BA1150BA4110'

2018-05-30 15:04:45 - [TEST_STEP][PASSED] - delay: Delayed 2 second(s)

2018-05-30 15:04:47 - [MESSAGE][PASSED] - Delayed 2 second(s)

2018-05-30 15:04:47 - [TEST_STEP][PASSED] - Statement - Try: null

2018-05-30 15:04:47 - [TEST_STEP][PASSED] - Statement - StockQty = com.kms.katalon.core.webui.keyword.WebUiBuiltInKeywords.getAttribute(com.kms.katalon.core.testobject.ObjectRepository.findTestObject(Emergency/Page_Store/input_txtprice), "value"): Attribute 'value' of object 'Object Repository/Emergency/Page_Store/input_txtprice' is: '9980'

2018-05-30 15:04:47 - [MESSAGE][PASSED] - Attribute 'value' of object 'Object Repository/Emergency/Page_Store/input_txtprice' is: '9980'

2018-05-30 15:04:47 - [TEST_STEP][PASSED] - Statement - out.println("Stock QTY : " + StockQty): null

2018-05-30 15:04:47 - [TEST_STEP][PASSED] - delay: Delayed 2 second(s)

2018-05-30 15:04:49 - [MESSAGE][PASSED] - Delayed 2 second(s)

2018-05-30 15:04:49 - [TEST_STEP][PASSED] - Statement - If (java.lang.Integer.valueOf(StockQty) >= java.lang.Integer.valueOf(RequestedQty)): null

2018-05-30 15:04:49 - [TEST_STEP][PASSED] - delay: Delayed 1 second(s)

2018-05-30 15:04:50 - [MESSAGE][PASSED] - Delayed 1 second(s)

2018-05-30 15:04:50 - [TEST_STEP][PASSED] - setText: Text '10' is set on object 'Object Repository/Emergency/Page_Store/input_txtqty'

2018-05-30 15:04:50 - [MESSAGE][PASSED] - Text '10' is set on object 'Object Repository/Emergency/Page_Store/input_txtqty'

2018-05-30 15:04:50 - [TEST_STEP][PASSED] - click: Object: 'Object Repository/Emergency/Page_Store/button_Add' is clicked on

2018-05-30 15:04:50 - [MESSAGE][PASSED] - Object: 'Object Repository/Emergency/Page_Store/button_Add' is clicked on

2018-05-30 15:04:50 - [TEST_STEP][PASSED] - Statement - Break: null

2018-05-30 15:04:50 - [TEST_STEP][PASSED] - selectOptionByIndex: All options with index in [22] are selected on object 'Object Repository/Emergency/Page_Store/select_--Select--Amikacin -500'

2018-05-30 15:04:51 - [MESSAGE][PASSED] - All options with index in [22] are selected on object 'Object Repository/Emergency/Page_Store/select_--Select--Amikacin -500'

2018-05-30 15:04:51 - [TEST_STEP][PASSED] - delay: Delayed 2 second(s)

2018-05-30 15:04:53 - [MESSAGE][PASSED] - Delayed 2 second(s)

2018-05-30 15:04:53 - [TEST_STEP][PASSED] - Statement - RequestedQty = com.kms.katalon.core.webui.keyword.WebUiBuiltInKeywords.getAttribute(com.kms.katalon.core.testobject.ObjectRepository.findTestObject(Emergency/Page_Store/input_txttotal), "value"): Attribute 'value' of object 'Object Repository/Emergency/Page_Store/input_txttotal' is: '10'

2018-05-30 15:04:53 - [MESSAGE][PASSED] - Attribute 'value' of object 'Object Repository/Emergency/Page_Store/input_txttotal' is: '10'

2018-05-30 15:04:53 - [TEST_STEP][PASSED] - Statement - out.println("Requested QTY : " + RequestedQty): null

2018-05-30 15:04:53 - [TEST_STEP][PASSED] - Statement - BatchNumber = com.kms.katalon.core.webui.keyword.WebUiBuiltInKeywords.getNumberOfTotalOption(com.kms.katalon.core.testobject.ObjectRepository.findTestObject(Emergency/Page_Store/select_--Select--BA1150BA4110)): 2 options of object 'Object Repository/Emergency/Page_Store/select_--Select--BA1150BA4110' counted

2018-05-30 15:04:53 - [MESSAGE][PASSED] - 2 options of object 'Object Repository/Emergency/Page_Store/select_--Select--BA1150BA4110' counted

2018-05-30 15:04:53 - [TEST_STEP][PASSED] - Statement - out.println("BatchNumber : " + BatchNumber): null

2018-05-30 15:04:53 - [TEST_STEP][PASSED] - Statement - For ([g = 1, g <= BatchNumber - 1, (g++)]): null

2018-05-30 15:04:53 - [TEST_STEP][PASSED] - selectOptionByIndex: All options with index in [1] are selected on object 'Object Repository/Emergency/Page_Store/select_--Select--BA1150BA4110'

2018-05-30 15:04:53 - [MESSAGE][PASSED] - All options with index in [1] are selected on object 'Object Repository/Emergency/Page_Store/select_--Select--BA1150BA4110'

2018-05-30 15:04:53 - [TEST_STEP][PASSED] - delay: Delayed 2 second(s)

2018-05-30 15:04:55 - [MESSAGE][PASSED] - Delayed 2 second(s)

2018-05-30 15:04:55 - [TEST_STEP][PASSED] - Statement - Try: null

2018-05-30 15:04:55 - [TEST_STEP][PASSED] - Statement - StockQty = com.kms.katalon.core.webui.keyword.WebUiBuiltInKeywords.getAttribute(com.kms.katalon.core.testobject.ObjectRepository.findTestObject(Emergency/Page_Store/input_txtprice), "value"): Attribute 'value' of object 'Object Repository/Emergency/Page_Store/input_txtprice' is: '9980'

2018-05-30 15:04:55 - [MESSAGE][PASSED] - Attribute 'value' of object 'Object Repository/Emergency/Page_Store/input_txtprice' is: '9980'

2018-05-30 15:04:55 - [TEST_STEP][PASSED] - Statement - out.println("Stock QTY : " + StockQty): null

2018-05-30 15:04:55 - [TEST_STEP][PASSED] - delay: Delayed 2 second(s)

2018-05-30 15:04:57 - [MESSAGE][PASSED] - Delayed 2 second(s)

2018-05-30 15:04:57 - [TEST_STEP][PASSED] - Statement - If (java.lang.Integer.valueOf(StockQty) >= java.lang.Integer.valueOf(RequestedQty)): null

2018-05-30 15:04:57 - [TEST_STEP][PASSED] - delay: Delayed 1 second(s)

2018-05-30 15:04:58 - [MESSAGE][PASSED] - Delayed 1 second(s)

2018-05-30 15:04:58 - [TEST_STEP][PASSED] - setText: Text '10' is set on object 'Object Repository/Emergency/Page_Store/input_txtqty'

2018-05-30 15:04:58 - [MESSAGE][PASSED] - Text '10' is set on object 'Object Repository/Emergency/Page_Store/input_txtqty'

2018-05-30 15:04:58 - [TEST_STEP][PASSED] - click: Object: 'Object Repository/Emergency/Page_Store/button_Add' is clicked on

2018-05-30 15:04:58 - [MESSAGE][PASSED] - Object: 'Object Repository/Emergency/Page_Store/button_Add' is clicked on

2018-05-30 15:04:58 - [TEST_STEP][PASSED] - Statement - Break: null

2018-05-30 15:04:58 - [TEST_STEP][PASSED] - selectOptionByIndex: All options with index in [23] are selected on object 'Object Repository/Emergency/Page_Store/select_--Select--Amikacin -500'

2018-05-30 15:04:58 - [MESSAGE][PASSED] - All options with index in [23] are selected on object 'Object Repository/Emergency/Page_Store/select_--Select--Amikacin -500'

2018-05-30 15:04:58 - [TEST_STEP][PASSED] - delay: Delayed 2 second(s)

2018-05-30 15:05:00 - [MESSAGE][PASSED] - Delayed 2 second(s)

2018-05-30 15:05:00 - [TEST_STEP][PASSED] - Statement - RequestedQty = com.kms.katalon.core.webui.keyword.WebUiBuiltInKeywords.getAttribute(com.kms.katalon.core.testobject.ObjectRepository.findTestObject(Emergency/Page_Store/input_txttotal), "value"): Attribute 'value' of object 'Object Repository/Emergency/Page_Store/input_txttotal' is: '10'

2018-05-30 15:05:00 - [MESSAGE][PASSED] - Attribute 'value' of object 'Object Repository/Emergency/Page_Store/input_txttotal' is: '10'

2018-05-30 15:05:00 - [TEST_STEP][PASSED] - Statement - out.println("Requested QTY : " + RequestedQty): null

2018-05-30 15:05:00 - [TEST_STEP][PASSED] - Statement - BatchNumber = com.kms.katalon.core.webui.keyword.WebUiBuiltInKeywords.getNumberOfTotalOption(com.kms.katalon.core.testobject.ObjectRepository.findTestObject(Emergency/Page_Store/select_--Select--BA1150BA4110)): 2 options of object 'Object Repository/Emergency/Page_Store/select_--Select--BA1150BA4110' counted

2018-05-30 15:05:00 - [MESSAGE][PASSED] - 2 options of object 'Object Repository/Emergency/Page_Store/select_--Select--BA1150BA4110' counted

2018-05-30 15:05:00 - [TEST_STEP][PASSED] - Statement - out.println("BatchNumber : " + BatchNumber): null

2018-05-30 15:05:00 - [TEST_STEP][PASSED] - Statement - For ([g = 1, g <= BatchNumber - 1, (g++)]): null

2018-05-30 15:05:00 - [TEST_STEP][PASSED] - selectOptionByIndex: All options with index in [1] are selected on object 'Object Repository/Emergency/Page_Store/select_--Select--BA1150BA4110'

2018-05-30 15:05:01 - [MESSAGE][PASSED] - All options with index in [1] are selected on object 'Object Repository/Emergency/Page_Store/select_--Select--BA1150BA4110'

2018-05-30 15:05:01 - [TEST_STEP][PASSED] - delay: Delayed 2 second(s)

2018-05-30 15:05:03 - [MESSAGE][PASSED] - Delayed 2 second(s)

2018-05-30 15:05:03 - [TEST_STEP][PASSED] - Statement - Try: null

2018-05-30 15:05:03 - [TEST_STEP][PASSED] - Statement - StockQty = com.kms.katalon.core.webui.keyword.WebUiBuiltInKeywords.getAttribute(com.kms.katalon.core.testobject.ObjectRepository.findTestObject(Emergency/Page_Store/input_txtprice), "value"): Attribute 'value' of object 'Object Repository/Emergency/Page_Store/input_txtprice' is: '9980'

2018-05-30 15:05:03 - [MESSAGE][PASSED] - Attribute 'value' of object 'Object Repository/Emergency/Page_Store/input_txtprice' is: '9980'

2018-05-30 15:05:03 - [TEST_STEP][PASSED] - Statement - out.println("Stock QTY : " + StockQty): null

2018-05-30 15:05:03 - [TEST_STEP][PASSED] - delay: Delayed 2 second(s)

2018-05-30 15:05:05 - [MESSAGE][PASSED] - Delayed 2 second(s)

2018-05-30 15:05:05 - [TEST_STEP][PASSED] - Statement - If (java.lang.Integer.valueOf(StockQty) >= java.lang.Integer.valueOf(RequestedQty)): null

2018-05-30 15:05:05 - [TEST_STEP][PASSED] - delay: Delayed 1 second(s)

2018-05-30 15:05:06 - [MESSAGE][PASSED] - Delayed 1 second(s)

2018-05-30 15:05:06 - [TEST_STEP][PASSED] - setText: Text '10' is set on object 'Object Repository/Emergency/Page_Store/input_txtqty'

2018-05-30 15:05:06 - [MESSAGE][PASSED] - Text '10' is set on object 'Object Repository/Emergency/Page_Store/input_txtqty'

2018-05-30 15:05:06 - [TEST_STEP][PASSED] - click: Object: 'Object Repository/Emergency/Page_Store/button_Add' is clicked on

2018-05-30 15:05:06 - [MESSAGE][PASSED] - Object: 'Object Repository/Emergency/Page_Store/button_Add' is clicked on

2018-05-30 15:05:06 - [TEST_STEP][PASSED] - Statement - Break: null

2018-05-30 15:05:06 - [TEST_STEP][PASSED] - scrollToElement: Scroll to object 'Object Repository/Emergency/Page_Store/input_btnSubmit' successfully

2018-05-30 15:05:06 - [MESSAGE][PASSED] - Scroll to object 'Object Repository/Emergency/Page_Store/input_btnSubmit' successfully

2018-05-30 15:05:06 - [TEST_STEP][PASSED] - Statement - Try: Object: 'Object Repository/lab/Page_Store/button_OK' is clicked on

2018-05-30 15:05:06 - [TEST_STEP][PASSED] - click: Object: 'Object Repository/Emergency/Page_Store/input_btnSubmit' is clicked on

2018-05-30 15:05:06 - [MESSAGE][PASSED] - Object: 'Object Repository/Emergency/Page_Store/input_btnSubmit' is clicked on

2018-05-30 15:05:06 - [TEST_STEP][PASSED] - delay: Delayed 3 second(s)

2018-05-30 15:05:09 - [MESSAGE][PASSED] - Delayed 3 second(s)

2018-05-30 15:05:09 - [TEST_STEP][PASSED] - click: Object: 'Object Repository/lab/Page_Store/button_OK' is clicked on

2018-05-30 15:05:10 - [MESSAGE][PASSED] - Object: 'Object Repository/lab/Page_Store/button_OK' is clicked on

2018-05-30 15:05:10 - [TEST_STEP][PASSED] - delay: Delayed 3 second(s)

2018-05-30 15:05:13 - [MESSAGE][PASSED] - Delayed 3 second(s)

2018-05-30 15:05:13 - [TEST_STEP][PASSED] - click: Object: 'Object Repository/Emergency/Page_Store/a_dropdown-toggle' is clicked on

2018-05-30 15:05:13 - [MESSAGE][PASSED] - Object: 'Object Repository/Emergency/Page_Store/a_dropdown-toggle' is clicked on

2018-05-30 15:05:13 - [TEST_STEP][PASSED] - click: Object: 'Object Repository/Emergency/Page_Store/a_Sign out' is clicked on

2018-05-30 15:05:13 - [MESSAGE][PASSED] - Object: 'Object Repository/Emergency/Page_Store/a_Sign out' is clicked on

2018-05-30 15:05:13 - [TEST_STEP][PASSED] - closeBrowser: Browser is closed

2018-05-30 15:05:14 - [MESSAGE][PASSED] - Browser is closed

2018-05-30 15:05:14 - [TEST_STEP][PASSED] - Statement - out.println("Schedule 7 Emergency Request Are Working Successfully"): null]]></system-out>
         <system-err><![CDATA[]]></system-err>
      </testcase>
      <testcase name="Test Cases/EMERGENCY TEST CASES/TC_ER_005 Verify Schedule 8 Emergency  Request Are Working Successfully Or Not" classname="Test Cases/EMERGENCY TEST CASES/TC_ER_005 Verify Schedule 8 Emergency  Request Are Working Successfully Or Not" status="PASSED">
         <system-out><![CDATA[2018-05-30 15:05:14 - [TEST_CASE][PASSED] - Test Cases/EMERGENCY TEST CASES/TC_ER_005 Verify Schedule 8 Emergency  Request Are Working Successfully Or Not: Test Cases/EMERGENCY TEST CASES/TC_ER_005 Verify Schedule 8 Emergency  Request Are Working Successfully Or Not

2018-05-30 15:05:14 - [TEST_STEP][PASSED] - openBrowser: Browser is opened with url: ''

2018-05-30 15:05:16 - [MESSAGE][PASSED] - Browser is opened with url: ''

2018-05-30 15:05:16 - [TEST_STEP][PASSED] - Statement - out.println("Verify Schedule 8 Emergency  Request Are Working Successfully Or Not"): null

2018-05-30 15:05:16 - [TEST_STEP][PASSED] - navigateToUrl: Navigate to 'http://192.168.137.1/Multihospital_New/EmergencyLogin.aspx' successfully

2018-05-30 15:05:19 - [MESSAGE][PASSED] - Navigate to 'http://192.168.137.1/Multihospital_New/EmergencyLogin.aspx' successfully

2018-05-30 15:05:19 - [TEST_STEP][PASSED] - maximizeWindow: Current window maximized

2018-05-30 15:05:20 - [MESSAGE][PASSED] - Current window maximized

2018-05-30 15:05:20 - [TEST_STEP][PASSED] - setText: Text 'nivetha' is set on object 'Object Repository/Emergency/Page_Emergency login/input_txtusername'

2018-05-30 15:05:20 - [MESSAGE][PASSED] - Text 'nivetha' is set on object 'Object Repository/Emergency/Page_Emergency login/input_txtusername'

2018-05-30 15:05:20 - [TEST_STEP][PASSED] - setText: Text '123' is set on object 'Object Repository/Emergency/Page_Emergency login/input_txtpassword'

2018-05-30 15:05:20 - [MESSAGE][PASSED] - Text '123' is set on object 'Object Repository/Emergency/Page_Emergency login/input_txtpassword'

2018-05-30 15:05:20 - [TEST_STEP][PASSED] - delay: Delayed 3 second(s)

2018-05-30 15:05:23 - [MESSAGE][PASSED] - Delayed 3 second(s)

2018-05-30 15:05:23 - [TEST_STEP][PASSED] - click: Object: 'Object Repository/Emergency/Page_Emergency login/button_Sign in' is clicked on

2018-05-30 15:05:24 - [MESSAGE][PASSED] - Object: 'Object Repository/Emergency/Page_Emergency login/button_Sign in' is clicked on

2018-05-30 15:05:24 - [TEST_STEP][PASSED] - delay: Delayed 3 second(s)

2018-05-30 15:05:27 - [MESSAGE][PASSED] - Delayed 3 second(s)

2018-05-30 15:05:27 - [TEST_STEP][PASSED] - click: Object: 'Object Repository/Emergency/Page_KDMC - Emergency/a_Store Request' is clicked on

2018-05-30 15:05:27 - [MESSAGE][PASSED] - Object: 'Object Repository/Emergency/Page_KDMC - Emergency/a_Store Request' is clicked on

2018-05-30 15:05:27 - [TEST_STEP][PASSED] - delay: Delayed 2 second(s)

2018-05-30 15:05:29 - [MESSAGE][PASSED] - Delayed 2 second(s)

2018-05-30 15:05:29 - [TEST_STEP][PASSED] - click: Object: 'Object Repository/Emergency/Page_KDMC - Emergency/a_Medicine Request' is clicked on

2018-05-30 15:05:30 - [MESSAGE][PASSED] - Object: 'Object Repository/Emergency/Page_KDMC - Emergency/a_Medicine Request' is clicked on

2018-05-30 15:05:30 - [TEST_STEP][PASSED] - delay: Delayed 2 second(s)

2018-05-30 15:05:32 - [MESSAGE][PASSED] - Delayed 2 second(s)

2018-05-30 15:05:32 - [TEST_STEP][PASSED] - selectOptionByIndex: All options with index in [5] are selected on object 'Object Repository/Emergency/Page_KDMC - Emergency/select_--Select--Schedule 1Inj'

2018-05-30 15:05:32 - [MESSAGE][PASSED] - All options with index in [5] are selected on object 'Object Repository/Emergency/Page_KDMC - Emergency/select_--Select--Schedule 1Inj'

2018-05-30 15:05:32 - [TEST_STEP][PASSED] - Statement - seletedoptions = com.kms.katalon.core.webui.keyword.WebUiBuiltInKeywords.getNumberOfTotalOption(com.kms.katalon.core.testobject.ObjectRepository.findTestObject(Emergency/Page_KDMC - Emergency/select_--Select--Adernaline 0.)): 18 options of object 'Object Repository/Emergency/Page_KDMC - Emergency/select_--Select--Adernaline 0.' counted

2018-05-30 15:05:32 - [MESSAGE][PASSED] - 18 options of object 'Object Repository/Emergency/Page_KDMC - Emergency/select_--Select--Adernaline 0.' counted

2018-05-30 15:05:32 - [TEST_STEP][PASSED] - Statement - For ([u = 1, u < seletedoptions, (u++)]): Object: 'Object Repository/Emergency/Page_KDMC - Emergency/button_Add' is clicked on

2018-05-30 15:05:32 - [TEST_STEP][PASSED] - selectOptionByIndex: All options with index in [5] are selected on object 'Object Repository/Emergency/Page_KDMC - Emergency/select_--Select--Schedule 1Inj'

2018-05-30 15:05:32 - [MESSAGE][PASSED] - All options with index in [5] are selected on object 'Object Repository/Emergency/Page_KDMC - Emergency/select_--Select--Schedule 1Inj'

2018-05-30 15:05:32 - [TEST_STEP][PASSED] - selectOptionByIndex: All options with index in [1] are selected on object 'Object Repository/Emergency/Page_KDMC - Emergency/select_--Select--Adernaline 0.'

2018-05-30 15:05:32 - [MESSAGE][PASSED] - All options with index in [1] are selected on object 'Object Repository/Emergency/Page_KDMC - Emergency/select_--Select--Adernaline 0.'

2018-05-30 15:05:32 - [TEST_STEP][PASSED] - setText: Text '10' is set on object 'Object Repository/Emergency/Page_KDMC - Emergency/input_txttreat'

2018-05-30 15:05:32 - [MESSAGE][PASSED] - Text '10' is set on object 'Object Repository/Emergency/Page_KDMC - Emergency/input_txttreat'

2018-05-30 15:05:32 - [TEST_STEP][PASSED] - click: Object: 'Object Repository/Emergency/Page_KDMC - Emergency/button_Add' is clicked on

2018-05-30 15:05:32 - [MESSAGE][PASSED] - Object: 'Object Repository/Emergency/Page_KDMC - Emergency/button_Add' is clicked on

2018-05-30 15:05:32 - [TEST_STEP][PASSED] - selectOptionByIndex: All options with index in [5] are selected on object 'Object Repository/Emergency/Page_KDMC - Emergency/select_--Select--Schedule 1Inj'

2018-05-30 15:05:33 - [MESSAGE][PASSED] - All options with index in [5] are selected on object 'Object Repository/Emergency/Page_KDMC - Emergency/select_--Select--Schedule 1Inj'

2018-05-30 15:05:33 - [TEST_STEP][PASSED] - selectOptionByIndex: All options with index in [2] are selected on object 'Object Repository/Emergency/Page_KDMC - Emergency/select_--Select--Adernaline 0.'

2018-05-30 15:05:33 - [MESSAGE][PASSED] - All options with index in [2] are selected on object 'Object Repository/Emergency/Page_KDMC - Emergency/select_--Select--Adernaline 0.'

2018-05-30 15:05:33 - [TEST_STEP][PASSED] - setText: Text '10' is set on object 'Object Repository/Emergency/Page_KDMC - Emergency/input_txttreat'

2018-05-30 15:05:33 - [MESSAGE][PASSED] - Text '10' is set on object 'Object Repository/Emergency/Page_KDMC - Emergency/input_txttreat'

2018-05-30 15:05:33 - [TEST_STEP][PASSED] - click: Object: 'Object Repository/Emergency/Page_KDMC - Emergency/button_Add' is clicked on

2018-05-30 15:05:33 - [MESSAGE][PASSED] - Object: 'Object Repository/Emergency/Page_KDMC - Emergency/button_Add' is clicked on

2018-05-30 15:05:33 - [TEST_STEP][PASSED] - selectOptionByIndex: All options with index in [5] are selected on object 'Object Repository/Emergency/Page_KDMC - Emergency/select_--Select--Schedule 1Inj'

2018-05-30 15:05:33 - [MESSAGE][PASSED] - All options with index in [5] are selected on object 'Object Repository/Emergency/Page_KDMC - Emergency/select_--Select--Schedule 1Inj'

2018-05-30 15:05:33 - [TEST_STEP][PASSED] - selectOptionByIndex: All options with index in [3] are selected on object 'Object Repository/Emergency/Page_KDMC - Emergency/select_--Select--Adernaline 0.'

2018-05-30 15:05:33 - [MESSAGE][PASSED] - All options with index in [3] are selected on object 'Object Repository/Emergency/Page_KDMC - Emergency/select_--Select--Adernaline 0.'

2018-05-30 15:05:33 - [TEST_STEP][PASSED] - setText: Text '10' is set on object 'Object Repository/Emergency/Page_KDMC - Emergency/input_txttreat'

2018-05-30 15:05:33 - [MESSAGE][PASSED] - Text '10' is set on object 'Object Repository/Emergency/Page_KDMC - Emergency/input_txttreat'

2018-05-30 15:05:33 - [TEST_STEP][PASSED] - click: Object: 'Object Repository/Emergency/Page_KDMC - Emergency/button_Add' is clicked on

2018-05-30 15:05:33 - [MESSAGE][PASSED] - Object: 'Object Repository/Emergency/Page_KDMC - Emergency/button_Add' is clicked on

2018-05-30 15:05:33 - [TEST_STEP][PASSED] - selectOptionByIndex: All options with index in [5] are selected on object 'Object Repository/Emergency/Page_KDMC - Emergency/select_--Select--Schedule 1Inj'

2018-05-30 15:05:34 - [MESSAGE][PASSED] - All options with index in [5] are selected on object 'Object Repository/Emergency/Page_KDMC - Emergency/select_--Select--Schedule 1Inj'

2018-05-30 15:05:34 - [TEST_STEP][PASSED] - selectOptionByIndex: All options with index in [4] are selected on object 'Object Repository/Emergency/Page_KDMC - Emergency/select_--Select--Adernaline 0.'

2018-05-30 15:05:34 - [MESSAGE][PASSED] - All options with index in [4] are selected on object 'Object Repository/Emergency/Page_KDMC - Emergency/select_--Select--Adernaline 0.'

2018-05-30 15:05:34 - [TEST_STEP][PASSED] - setText: Text '10' is set on object 'Object Repository/Emergency/Page_KDMC - Emergency/input_txttreat'

2018-05-30 15:05:34 - [MESSAGE][PASSED] - Text '10' is set on object 'Object Repository/Emergency/Page_KDMC - Emergency/input_txttreat'

2018-05-30 15:05:34 - [TEST_STEP][PASSED] - click: Object: 'Object Repository/Emergency/Page_KDMC - Emergency/button_Add' is clicked on

2018-05-30 15:05:34 - [MESSAGE][PASSED] - Object: 'Object Repository/Emergency/Page_KDMC - Emergency/button_Add' is clicked on

2018-05-30 15:05:34 - [TEST_STEP][PASSED] - selectOptionByIndex: All options with index in [5] are selected on object 'Object Repository/Emergency/Page_KDMC - Emergency/select_--Select--Schedule 1Inj'

2018-05-30 15:05:34 - [MESSAGE][PASSED] - All options with index in [5] are selected on object 'Object Repository/Emergency/Page_KDMC - Emergency/select_--Select--Schedule 1Inj'

2018-05-30 15:05:34 - [TEST_STEP][PASSED] - selectOptionByIndex: All options with index in [5] are selected on object 'Object Repository/Emergency/Page_KDMC - Emergency/select_--Select--Adernaline 0.'

2018-05-30 15:05:34 - [MESSAGE][PASSED] - All options with index in [5] are selected on object 'Object Repository/Emergency/Page_KDMC - Emergency/select_--Select--Adernaline 0.'

2018-05-30 15:05:34 - [TEST_STEP][PASSED] - setText: Text '10' is set on object 'Object Repository/Emergency/Page_KDMC - Emergency/input_txttreat'

2018-05-30 15:05:34 - [MESSAGE][PASSED] - Text '10' is set on object 'Object Repository/Emergency/Page_KDMC - Emergency/input_txttreat'

2018-05-30 15:05:34 - [TEST_STEP][PASSED] - click: Object: 'Object Repository/Emergency/Page_KDMC - Emergency/button_Add' is clicked on

2018-05-30 15:05:34 - [MESSAGE][PASSED] - Object: 'Object Repository/Emergency/Page_KDMC - Emergency/button_Add' is clicked on

2018-05-30 15:05:34 - [TEST_STEP][PASSED] - selectOptionByIndex: All options with index in [5] are selected on object 'Object Repository/Emergency/Page_KDMC - Emergency/select_--Select--Schedule 1Inj'

2018-05-30 15:05:34 - [MESSAGE][PASSED] - All options with index in [5] are selected on object 'Object Repository/Emergency/Page_KDMC - Emergency/select_--Select--Schedule 1Inj'

2018-05-30 15:05:34 - [TEST_STEP][PASSED] - selectOptionByIndex: All options with index in [6] are selected on object 'Object Repository/Emergency/Page_KDMC - Emergency/select_--Select--Adernaline 0.'

2018-05-30 15:05:35 - [MESSAGE][PASSED] - All options with index in [6] are selected on object 'Object Repository/Emergency/Page_KDMC - Emergency/select_--Select--Adernaline 0.'

2018-05-30 15:05:35 - [TEST_STEP][PASSED] - setText: Text '10' is set on object 'Object Repository/Emergency/Page_KDMC - Emergency/input_txttreat'

2018-05-30 15:05:35 - [MESSAGE][PASSED] - Text '10' is set on object 'Object Repository/Emergency/Page_KDMC - Emergency/input_txttreat'

2018-05-30 15:05:35 - [TEST_STEP][PASSED] - click: Object: 'Object Repository/Emergency/Page_KDMC - Emergency/button_Add' is clicked on

2018-05-30 15:05:35 - [MESSAGE][PASSED] - Object: 'Object Repository/Emergency/Page_KDMC - Emergency/button_Add' is clicked on

2018-05-30 15:05:35 - [TEST_STEP][PASSED] - selectOptionByIndex: All options with index in [5] are selected on object 'Object Repository/Emergency/Page_KDMC - Emergency/select_--Select--Schedule 1Inj'

2018-05-30 15:05:35 - [MESSAGE][PASSED] - All options with index in [5] are selected on object 'Object Repository/Emergency/Page_KDMC - Emergency/select_--Select--Schedule 1Inj'

2018-05-30 15:05:35 - [TEST_STEP][PASSED] - selectOptionByIndex: All options with index in [7] are selected on object 'Object Repository/Emergency/Page_KDMC - Emergency/select_--Select--Adernaline 0.'

2018-05-30 15:05:36 - [MESSAGE][PASSED] - All options with index in [7] are selected on object 'Object Repository/Emergency/Page_KDMC - Emergency/select_--Select--Adernaline 0.'

2018-05-30 15:05:36 - [TEST_STEP][PASSED] - setText: Text '10' is set on object 'Object Repository/Emergency/Page_KDMC - Emergency/input_txttreat'

2018-05-30 15:05:36 - [MESSAGE][PASSED] - Text '10' is set on object 'Object Repository/Emergency/Page_KDMC - Emergency/input_txttreat'

2018-05-30 15:05:36 - [TEST_STEP][PASSED] - click: Object: 'Object Repository/Emergency/Page_KDMC - Emergency/button_Add' is clicked on

2018-05-30 15:05:36 - [MESSAGE][PASSED] - Object: 'Object Repository/Emergency/Page_KDMC - Emergency/button_Add' is clicked on

2018-05-30 15:05:36 - [TEST_STEP][PASSED] - selectOptionByIndex: All options with index in [5] are selected on object 'Object Repository/Emergency/Page_KDMC - Emergency/select_--Select--Schedule 1Inj'

2018-05-30 15:05:36 - [MESSAGE][PASSED] - All options with index in [5] are selected on object 'Object Repository/Emergency/Page_KDMC - Emergency/select_--Select--Schedule 1Inj'

2018-05-30 15:05:36 - [TEST_STEP][PASSED] - selectOptionByIndex: All options with index in [8] are selected on object 'Object Repository/Emergency/Page_KDMC - Emergency/select_--Select--Adernaline 0.'

2018-05-30 15:05:36 - [MESSAGE][PASSED] - All options with index in [8] are selected on object 'Object Repository/Emergency/Page_KDMC - Emergency/select_--Select--Adernaline 0.'

2018-05-30 15:05:36 - [TEST_STEP][PASSED] - setText: Text '10' is set on object 'Object Repository/Emergency/Page_KDMC - Emergency/input_txttreat'

2018-05-30 15:05:36 - [MESSAGE][PASSED] - Text '10' is set on object 'Object Repository/Emergency/Page_KDMC - Emergency/input_txttreat'

2018-05-30 15:05:36 - [TEST_STEP][PASSED] - click: Object: 'Object Repository/Emergency/Page_KDMC - Emergency/button_Add' is clicked on

2018-05-30 15:05:36 - [MESSAGE][PASSED] - Object: 'Object Repository/Emergency/Page_KDMC - Emergency/button_Add' is clicked on

2018-05-30 15:05:36 - [TEST_STEP][PASSED] - selectOptionByIndex: All options with index in [5] are selected on object 'Object Repository/Emergency/Page_KDMC - Emergency/select_--Select--Schedule 1Inj'

2018-05-30 15:05:36 - [MESSAGE][PASSED] - All options with index in [5] are selected on object 'Object Repository/Emergency/Page_KDMC - Emergency/select_--Select--Schedule 1Inj'

2018-05-30 15:05:36 - [TEST_STEP][PASSED] - selectOptionByIndex: All options with index in [9] are selected on object 'Object Repository/Emergency/Page_KDMC - Emergency/select_--Select--Adernaline 0.'

2018-05-30 15:05:37 - [MESSAGE][PASSED] - All options with index in [9] are selected on object 'Object Repository/Emergency/Page_KDMC - Emergency/select_--Select--Adernaline 0.'

2018-05-30 15:05:37 - [TEST_STEP][PASSED] - setText: Text '10' is set on object 'Object Repository/Emergency/Page_KDMC - Emergency/input_txttreat'

2018-05-30 15:05:37 - [MESSAGE][PASSED] - Text '10' is set on object 'Object Repository/Emergency/Page_KDMC - Emergency/input_txttreat'

2018-05-30 15:05:37 - [TEST_STEP][PASSED] - click: Object: 'Object Repository/Emergency/Page_KDMC - Emergency/button_Add' is clicked on

2018-05-30 15:05:37 - [MESSAGE][PASSED] - Object: 'Object Repository/Emergency/Page_KDMC - Emergency/button_Add' is clicked on

2018-05-30 15:05:37 - [TEST_STEP][PASSED] - selectOptionByIndex: All options with index in [5] are selected on object 'Object Repository/Emergency/Page_KDMC - Emergency/select_--Select--Schedule 1Inj'

2018-05-30 15:05:37 - [MESSAGE][PASSED] - All options with index in [5] are selected on object 'Object Repository/Emergency/Page_KDMC - Emergency/select_--Select--Schedule 1Inj'

2018-05-30 15:05:37 - [TEST_STEP][PASSED] - selectOptionByIndex: All options with index in [10] are selected on object 'Object Repository/Emergency/Page_KDMC - Emergency/select_--Select--Adernaline 0.'

2018-05-30 15:05:37 - [MESSAGE][PASSED] - All options with index in [10] are selected on object 'Object Repository/Emergency/Page_KDMC - Emergency/select_--Select--Adernaline 0.'

2018-05-30 15:05:37 - [TEST_STEP][PASSED] - setText: Text '10' is set on object 'Object Repository/Emergency/Page_KDMC - Emergency/input_txttreat'

2018-05-30 15:05:37 - [MESSAGE][PASSED] - Text '10' is set on object 'Object Repository/Emergency/Page_KDMC - Emergency/input_txttreat'

2018-05-30 15:05:37 - [TEST_STEP][PASSED] - click: Object: 'Object Repository/Emergency/Page_KDMC - Emergency/button_Add' is clicked on

2018-05-30 15:05:37 - [MESSAGE][PASSED] - Object: 'Object Repository/Emergency/Page_KDMC - Emergency/button_Add' is clicked on

2018-05-30 15:05:37 - [TEST_STEP][PASSED] - selectOptionByIndex: All options with index in [5] are selected on object 'Object Repository/Emergency/Page_KDMC - Emergency/select_--Select--Schedule 1Inj'

2018-05-30 15:05:37 - [MESSAGE][PASSED] - All options with index in [5] are selected on object 'Object Repository/Emergency/Page_KDMC - Emergency/select_--Select--Schedule 1Inj'

2018-05-30 15:05:37 - [TEST_STEP][PASSED] - selectOptionByIndex: All options with index in [11] are selected on object 'Object Repository/Emergency/Page_KDMC - Emergency/select_--Select--Adernaline 0.'

2018-05-30 15:05:38 - [MESSAGE][PASSED] - All options with index in [11] are selected on object 'Object Repository/Emergency/Page_KDMC - Emergency/select_--Select--Adernaline 0.'

2018-05-30 15:05:38 - [TEST_STEP][PASSED] - setText: Text '10' is set on object 'Object Repository/Emergency/Page_KDMC - Emergency/input_txttreat'

2018-05-30 15:05:38 - [MESSAGE][PASSED] - Text '10' is set on object 'Object Repository/Emergency/Page_KDMC - Emergency/input_txttreat'

2018-05-30 15:05:38 - [TEST_STEP][PASSED] - click: Object: 'Object Repository/Emergency/Page_KDMC - Emergency/button_Add' is clicked on

2018-05-30 15:05:38 - [MESSAGE][PASSED] - Object: 'Object Repository/Emergency/Page_KDMC - Emergency/button_Add' is clicked on

2018-05-30 15:05:38 - [TEST_STEP][PASSED] - selectOptionByIndex: All options with index in [5] are selected on object 'Object Repository/Emergency/Page_KDMC - Emergency/select_--Select--Schedule 1Inj'

2018-05-30 15:05:38 - [MESSAGE][PASSED] - All options with index in [5] are selected on object 'Object Repository/Emergency/Page_KDMC - Emergency/select_--Select--Schedule 1Inj'

2018-05-30 15:05:38 - [TEST_STEP][PASSED] - selectOptionByIndex: All options with index in [12] are selected on object 'Object Repository/Emergency/Page_KDMC - Emergency/select_--Select--Adernaline 0.'

2018-05-30 15:05:38 - [MESSAGE][PASSED] - All options with index in [12] are selected on object 'Object Repository/Emergency/Page_KDMC - Emergency/select_--Select--Adernaline 0.'

2018-05-30 15:05:38 - [TEST_STEP][PASSED] - setText: Text '10' is set on object 'Object Repository/Emergency/Page_KDMC - Emergency/input_txttreat'

2018-05-30 15:05:38 - [MESSAGE][PASSED] - Text '10' is set on object 'Object Repository/Emergency/Page_KDMC - Emergency/input_txttreat'

2018-05-30 15:05:38 - [TEST_STEP][PASSED] - click: Object: 'Object Repository/Emergency/Page_KDMC - Emergency/button_Add' is clicked on

2018-05-30 15:05:38 - [MESSAGE][PASSED] - Object: 'Object Repository/Emergency/Page_KDMC - Emergency/button_Add' is clicked on

2018-05-30 15:05:38 - [TEST_STEP][PASSED] - selectOptionByIndex: All options with index in [5] are selected on object 'Object Repository/Emergency/Page_KDMC - Emergency/select_--Select--Schedule 1Inj'

2018-05-30 15:05:39 - [MESSAGE][PASSED] - All options with index in [5] are selected on object 'Object Repository/Emergency/Page_KDMC - Emergency/select_--Select--Schedule 1Inj'

2018-05-30 15:05:39 - [TEST_STEP][PASSED] - selectOptionByIndex: All options with index in [13] are selected on object 'Object Repository/Emergency/Page_KDMC - Emergency/select_--Select--Adernaline 0.'

2018-05-30 15:05:39 - [MESSAGE][PASSED] - All options with index in [13] are selected on object 'Object Repository/Emergency/Page_KDMC - Emergency/select_--Select--Adernaline 0.'

2018-05-30 15:05:39 - [TEST_STEP][PASSED] - setText: Text '10' is set on object 'Object Repository/Emergency/Page_KDMC - Emergency/input_txttreat'

2018-05-30 15:05:39 - [MESSAGE][PASSED] - Text '10' is set on object 'Object Repository/Emergency/Page_KDMC - Emergency/input_txttreat'

2018-05-30 15:05:39 - [TEST_STEP][PASSED] - click: Object: 'Object Repository/Emergency/Page_KDMC - Emergency/button_Add' is clicked on

2018-05-30 15:05:39 - [MESSAGE][PASSED] - Object: 'Object Repository/Emergency/Page_KDMC - Emergency/button_Add' is clicked on

2018-05-30 15:05:39 - [TEST_STEP][PASSED] - selectOptionByIndex: All options with index in [5] are selected on object 'Object Repository/Emergency/Page_KDMC - Emergency/select_--Select--Schedule 1Inj'

2018-05-30 15:05:39 - [MESSAGE][PASSED] - All options with index in [5] are selected on object 'Object Repository/Emergency/Page_KDMC - Emergency/select_--Select--Schedule 1Inj'

2018-05-30 15:05:39 - [TEST_STEP][PASSED] - selectOptionByIndex: All options with index in [14] are selected on object 'Object Repository/Emergency/Page_KDMC - Emergency/select_--Select--Adernaline 0.'

2018-05-30 15:05:39 - [MESSAGE][PASSED] - All options with index in [14] are selected on object 'Object Repository/Emergency/Page_KDMC - Emergency/select_--Select--Adernaline 0.'

2018-05-30 15:05:39 - [TEST_STEP][PASSED] - setText: Text '10' is set on object 'Object Repository/Emergency/Page_KDMC - Emergency/input_txttreat'

2018-05-30 15:05:39 - [MESSAGE][PASSED] - Text '10' is set on object 'Object Repository/Emergency/Page_KDMC - Emergency/input_txttreat'

2018-05-30 15:05:39 - [TEST_STEP][PASSED] - click: Object: 'Object Repository/Emergency/Page_KDMC - Emergency/button_Add' is clicked on

2018-05-30 15:05:39 - [MESSAGE][PASSED] - Object: 'Object Repository/Emergency/Page_KDMC - Emergency/button_Add' is clicked on

2018-05-30 15:05:39 - [TEST_STEP][PASSED] - selectOptionByIndex: All options with index in [5] are selected on object 'Object Repository/Emergency/Page_KDMC - Emergency/select_--Select--Schedule 1Inj'

2018-05-30 15:05:40 - [MESSAGE][PASSED] - All options with index in [5] are selected on object 'Object Repository/Emergency/Page_KDMC - Emergency/select_--Select--Schedule 1Inj'

2018-05-30 15:05:40 - [TEST_STEP][PASSED] - selectOptionByIndex: All options with index in [15] are selected on object 'Object Repository/Emergency/Page_KDMC - Emergency/select_--Select--Adernaline 0.'

2018-05-30 15:05:40 - [MESSAGE][PASSED] - All options with index in [15] are selected on object 'Object Repository/Emergency/Page_KDMC - Emergency/select_--Select--Adernaline 0.'

2018-05-30 15:05:40 - [TEST_STEP][PASSED] - setText: Text '10' is set on object 'Object Repository/Emergency/Page_KDMC - Emergency/input_txttreat'

2018-05-30 15:05:40 - [MESSAGE][PASSED] - Text '10' is set on object 'Object Repository/Emergency/Page_KDMC - Emergency/input_txttreat'

2018-05-30 15:05:40 - [TEST_STEP][PASSED] - click: Object: 'Object Repository/Emergency/Page_KDMC - Emergency/button_Add' is clicked on

2018-05-30 15:05:40 - [MESSAGE][PASSED] - Object: 'Object Repository/Emergency/Page_KDMC - Emergency/button_Add' is clicked on

2018-05-30 15:05:40 - [TEST_STEP][PASSED] - selectOptionByIndex: All options with index in [5] are selected on object 'Object Repository/Emergency/Page_KDMC - Emergency/select_--Select--Schedule 1Inj'

2018-05-30 15:05:40 - [MESSAGE][PASSED] - All options with index in [5] are selected on object 'Object Repository/Emergency/Page_KDMC - Emergency/select_--Select--Schedule 1Inj'

2018-05-30 15:05:40 - [TEST_STEP][PASSED] - selectOptionByIndex: All options with index in [16] are selected on object 'Object Repository/Emergency/Page_KDMC - Emergency/select_--Select--Adernaline 0.'

2018-05-30 15:05:40 - [MESSAGE][PASSED] - All options with index in [16] are selected on object 'Object Repository/Emergency/Page_KDMC - Emergency/select_--Select--Adernaline 0.'

2018-05-30 15:05:40 - [TEST_STEP][PASSED] - setText: Text '10' is set on object 'Object Repository/Emergency/Page_KDMC - Emergency/input_txttreat'

2018-05-30 15:05:41 - [MESSAGE][PASSED] - Text '10' is set on object 'Object Repository/Emergency/Page_KDMC - Emergency/input_txttreat'

2018-05-30 15:05:41 - [TEST_STEP][PASSED] - click: Object: 'Object Repository/Emergency/Page_KDMC - Emergency/button_Add' is clicked on

2018-05-30 15:05:41 - [MESSAGE][PASSED] - Object: 'Object Repository/Emergency/Page_KDMC - Emergency/button_Add' is clicked on

2018-05-30 15:05:41 - [TEST_STEP][PASSED] - selectOptionByIndex: All options with index in [5] are selected on object 'Object Repository/Emergency/Page_KDMC - Emergency/select_--Select--Schedule 1Inj'

2018-05-30 15:05:41 - [MESSAGE][PASSED] - All options with index in [5] are selected on object 'Object Repository/Emergency/Page_KDMC - Emergency/select_--Select--Schedule 1Inj'

2018-05-30 15:05:41 - [TEST_STEP][PASSED] - selectOptionByIndex: All options with index in [17] are selected on object 'Object Repository/Emergency/Page_KDMC - Emergency/select_--Select--Adernaline 0.'

2018-05-30 15:05:41 - [MESSAGE][PASSED] - All options with index in [17] are selected on object 'Object Repository/Emergency/Page_KDMC - Emergency/select_--Select--Adernaline 0.'

2018-05-30 15:05:41 - [TEST_STEP][PASSED] - setText: Text '10' is set on object 'Object Repository/Emergency/Page_KDMC - Emergency/input_txttreat'

2018-05-30 15:05:41 - [MESSAGE][PASSED] - Text '10' is set on object 'Object Repository/Emergency/Page_KDMC - Emergency/input_txttreat'

2018-05-30 15:05:41 - [TEST_STEP][PASSED] - click: Object: 'Object Repository/Emergency/Page_KDMC - Emergency/button_Add' is clicked on

2018-05-30 15:05:41 - [MESSAGE][PASSED] - Object: 'Object Repository/Emergency/Page_KDMC - Emergency/button_Add' is clicked on

2018-05-30 15:05:41 - [TEST_STEP][PASSED] - scrollToElement: Scroll to object 'Object Repository/Emergency/Page_KDMC - Emergency/input_btnsave' successfully

2018-05-30 15:05:41 - [MESSAGE][PASSED] - Scroll to object 'Object Repository/Emergency/Page_KDMC - Emergency/input_btnsave' successfully

2018-05-30 15:05:41 - [TEST_STEP][PASSED] - click: Object: 'Object Repository/Emergency/Page_KDMC - Emergency/input_btnsave' is clicked on

2018-05-30 15:05:41 - [MESSAGE][PASSED] - Object: 'Object Repository/Emergency/Page_KDMC - Emergency/input_btnsave' is clicked on

2018-05-30 15:05:41 - [TEST_STEP][PASSED] - delay: Delayed 3 second(s)

2018-05-30 15:05:44 - [MESSAGE][PASSED] - Delayed 3 second(s)

2018-05-30 15:05:44 - [TEST_STEP][PASSED] - Statement - RequestNumber = com.kms.katalon.core.webui.keyword.WebUiBuiltInKeywords.getText(com.kms.katalon.core.testobject.ObjectRepository.findTestObject(Emergency/Page_KDMC - Emergency/font_ERNO100520183)): Text of object 'Object Repository/Emergency/Page_KDMC - Emergency/font_ERNO100520183' is: 'ERNO/30052018/525'

2018-05-30 15:05:44 - [MESSAGE][PASSED] - Text of object 'Object Repository/Emergency/Page_KDMC - Emergency/font_ERNO100520183' is: 'ERNO/30052018/525'

2018-05-30 15:05:44 - [TEST_STEP][PASSED] - Statement - Rno = RequestNumber.split("/")[2]: null

2018-05-30 15:05:44 - [TEST_STEP][PASSED] - Statement - out.println(Rno): null

2018-05-30 15:05:44 - [TEST_STEP][PASSED] - click: Object: 'Object Repository/Emergency/Page_KDMC - Emergency/button_OK' is clicked on

2018-05-30 15:05:45 - [MESSAGE][PASSED] - Object: 'Object Repository/Emergency/Page_KDMC - Emergency/button_OK' is clicked on

2018-05-30 15:05:45 - [TEST_STEP][PASSED] - delay: Delayed 3 second(s)

2018-05-30 15:05:48 - [MESSAGE][PASSED] - Delayed 3 second(s)

2018-05-30 15:05:48 - [TEST_STEP][PASSED] - click: Object: 'Object Repository/Emergency/Page_KDMC - Emergency/a_dropdown-toggle' is clicked on

2018-05-30 15:05:48 - [MESSAGE][PASSED] - Object: 'Object Repository/Emergency/Page_KDMC - Emergency/a_dropdown-toggle' is clicked on

2018-05-30 15:05:48 - [TEST_STEP][PASSED] - click: Object: 'Object Repository/Emergency/Page_KDMC - Emergency/a_Sign out' is clicked on

2018-05-30 15:05:49 - [MESSAGE][PASSED] - Object: 'Object Repository/Emergency/Page_KDMC - Emergency/a_Sign out' is clicked on

2018-05-30 15:05:49 - [TEST_STEP][PASSED] - delay: Delayed 3 second(s)

2018-05-30 15:05:52 - [MESSAGE][PASSED] - Delayed 3 second(s)

2018-05-30 15:05:52 - [TEST_STEP][PASSED] - click: Object: 'Object Repository/Emergency/Page_KDMC/a_CMO' is clicked on

2018-05-30 15:05:52 - [MESSAGE][PASSED] - Object: 'Object Repository/Emergency/Page_KDMC/a_CMO' is clicked on

2018-05-30 15:05:52 - [TEST_STEP][PASSED] - setText: Text 'guru' is set on object 'Object Repository/Emergency/Page_CMO login/input_txtusername'

2018-05-30 15:05:52 - [MESSAGE][PASSED] - Text 'guru' is set on object 'Object Repository/Emergency/Page_CMO login/input_txtusername'

2018-05-30 15:05:52 - [TEST_STEP][PASSED] - setText: Text '123' is set on object 'Object Repository/Emergency/Page_CMO login/input_txtpassword'

2018-05-30 15:05:52 - [MESSAGE][PASSED] - Text '123' is set on object 'Object Repository/Emergency/Page_CMO login/input_txtpassword'

2018-05-30 15:05:52 - [TEST_STEP][PASSED] - delay: Delayed 3 second(s)

2018-05-30 15:05:55 - [MESSAGE][PASSED] - Delayed 3 second(s)

2018-05-30 15:05:55 - [TEST_STEP][PASSED] - click: Object: 'Object Repository/Emergency/Page_CMO login/button_Sign in' is clicked on

2018-05-30 15:05:56 - [MESSAGE][PASSED] - Object: 'Object Repository/Emergency/Page_CMO login/button_Sign in' is clicked on

2018-05-30 15:05:56 - [TEST_STEP][PASSED] - delay: Delayed 2 second(s)

2018-05-30 15:05:58 - [MESSAGE][PASSED] - Delayed 2 second(s)

2018-05-30 15:05:58 - [TEST_STEP][PASSED] - click: Object: 'Object Repository/Emergency/Page_KDMC - CMO/a_Department Wise Request' is clicked on

2018-05-30 15:05:58 - [MESSAGE][PASSED] - Object: 'Object Repository/Emergency/Page_KDMC - CMO/a_Department Wise Request' is clicked on

2018-05-30 15:05:58 - [TEST_STEP][PASSED] - selectOptionByIndex: All options with index in [7] are selected on object 'Object Repository/Emergency/Page_KDMC - CMO/select_--ALL--'

2018-05-30 15:05:59 - [MESSAGE][PASSED] - All options with index in [7] are selected on object 'Object Repository/Emergency/Page_KDMC - CMO/select_--ALL--'

2018-05-30 15:05:59 - [TEST_STEP][PASSED] - selectOptionByIndex: All options with index in [1] are selected on object 'Object Repository/Emergency/Page_KDMC - CMO/select_--ALL--                _1'

2018-05-30 15:05:59 - [MESSAGE][PASSED] - All options with index in [1] are selected on object 'Object Repository/Emergency/Page_KDMC - CMO/select_--ALL--                _1'

2018-05-30 15:05:59 - [TEST_STEP][PASSED] - click: Object: 'Object Repository/Emergency/Page_KDMC - CMO/input_btnsearch' is clicked on

2018-05-30 15:05:59 - [MESSAGE][PASSED] - Object: 'Object Repository/Emergency/Page_KDMC - CMO/input_btnsearch' is clicked on

2018-05-30 15:05:59 - [TEST_STEP][PASSED] - Statement - ID = com.kms.katalon.core.webui.keyword.WebUiBuiltInKeywords.modifyObjectProperty(com.kms.katalon.core.testobject.ObjectRepository.findTestObject(Emergency/Page_KDMC - CMO/input_3), "xpath", "equals", "//*[@id=" + Rno + "]", true): Modify property of object successfully

2018-05-30 15:05:59 - [MESSAGE][PASSED] - Modify property of object successfully

2018-05-30 15:05:59 - [TEST_STEP][PASSED] - click: Object: 'Object Repository/Emergency/Page_KDMC - CMO/input_3' is clicked on

2018-05-30 15:06:00 - [MESSAGE][PASSED] - Object: 'Object Repository/Emergency/Page_KDMC - CMO/input_3' is clicked on

2018-05-30 15:06:00 - [TEST_STEP][PASSED] - delay: Delayed 2 second(s)

2018-05-30 15:06:02 - [MESSAGE][PASSED] - Delayed 2 second(s)

2018-05-30 15:06:02 - [TEST_STEP][PASSED] - selectOptionByIndex: All options with index in [1] are selected on object 'Object Repository/Emergency/Page_KDMC - CMO/select_--Select--'

2018-05-30 15:06:02 - [MESSAGE][PASSED] - All options with index in [1] are selected on object 'Object Repository/Emergency/Page_KDMC - CMO/select_--Select--'

2018-05-30 15:06:02 - [TEST_STEP][PASSED] - click: Object: 'Object Repository/Emergency/Page_KDMC - CMO/input_btnupdate' is clicked on

2018-05-30 15:06:02 - [MESSAGE][PASSED] - Object: 'Object Repository/Emergency/Page_KDMC - CMO/input_btnupdate' is clicked on

2018-05-30 15:06:02 - [TEST_STEP][PASSED] - delay: Delayed 2 second(s)

2018-05-30 15:06:04 - [MESSAGE][PASSED] - Delayed 2 second(s)

2018-05-30 15:06:04 - [TEST_STEP][PASSED] - click: Object: 'Object Repository/Emergency/Page_KDMC - CMO/button_OK' is clicked on

2018-05-30 15:06:04 - [MESSAGE][PASSED] - Object: 'Object Repository/Emergency/Page_KDMC - CMO/button_OK' is clicked on

2018-05-30 15:06:04 - [TEST_STEP][PASSED] - delay: Delayed 2 second(s)

2018-05-30 15:06:06 - [MESSAGE][PASSED] - Delayed 2 second(s)

2018-05-30 15:06:06 - [TEST_STEP][PASSED] - click: Object: 'Object Repository/Emergency/Page_KDMC - CMO/a_dropdown-toggle' is clicked on

2018-05-30 15:06:06 - [MESSAGE][PASSED] - Object: 'Object Repository/Emergency/Page_KDMC - CMO/a_dropdown-toggle' is clicked on

2018-05-30 15:06:06 - [TEST_STEP][PASSED] - click: Object: 'Object Repository/Emergency/Page_KDMC - CMO/a_Sign out' is clicked on

2018-05-30 15:06:07 - [MESSAGE][PASSED] - Object: 'Object Repository/Emergency/Page_KDMC - CMO/a_Sign out' is clicked on

2018-05-30 15:06:07 - [TEST_STEP][PASSED] - delay: Delayed 3 second(s)

2018-05-30 15:06:10 - [MESSAGE][PASSED] - Delayed 3 second(s)

2018-05-30 15:06:10 - [TEST_STEP][PASSED] - click: Object: 'Object Repository/Emergency/Page_KDMC/a_Divisional Store' is clicked on

2018-05-30 15:06:11 - [MESSAGE][PASSED] - Object: 'Object Repository/Emergency/Page_KDMC/a_Divisional Store' is clicked on

2018-05-30 15:06:11 - [TEST_STEP][PASSED] - setText: Text 'ragu' is set on object 'Object Repository/Emergency/Page_Divisonal Store Login/input_txtusername'

2018-05-30 15:06:11 - [MESSAGE][PASSED] - Text 'ragu' is set on object 'Object Repository/Emergency/Page_Divisonal Store Login/input_txtusername'

2018-05-30 15:06:11 - [TEST_STEP][PASSED] - setText: Text '123' is set on object 'Object Repository/Emergency/Page_Divisonal Store Login/input_txtpassword'

2018-05-30 15:06:11 - [MESSAGE][PASSED] - Text '123' is set on object 'Object Repository/Emergency/Page_Divisonal Store Login/input_txtpassword'

2018-05-30 15:06:11 - [TEST_STEP][PASSED] - delay: Delayed 3 second(s)

2018-05-30 15:06:14 - [MESSAGE][PASSED] - Delayed 3 second(s)

2018-05-30 15:06:14 - [TEST_STEP][PASSED] - click: Object: 'Object Repository/Emergency/Page_Divisonal Store Login/button_Sign in' is clicked on

2018-05-30 15:06:16 - [MESSAGE][PASSED] - Object: 'Object Repository/Emergency/Page_Divisonal Store Login/button_Sign in' is clicked on

2018-05-30 15:06:16 - [TEST_STEP][PASSED] - delay: Delayed 2 second(s)

2018-05-30 15:06:18 - [MESSAGE][PASSED] - Delayed 2 second(s)

2018-05-30 15:06:18 - [TEST_STEP][PASSED] - click: Object: 'Object Repository/Emergency/Page_Store/a_Emergency Request' is clicked on

2018-05-30 15:06:18 - [MESSAGE][PASSED] - Object: 'Object Repository/Emergency/Page_Store/a_Emergency Request' is clicked on

2018-05-30 15:06:18 - [TEST_STEP][PASSED] - click: Object: 'Object Repository/Emergency/Page_Store/a_Request Item Emergency' is clicked on

2018-05-30 15:06:19 - [MESSAGE][PASSED] - Object: 'Object Repository/Emergency/Page_Store/a_Request Item Emergency' is clicked on

2018-05-30 15:06:19 - [TEST_STEP][PASSED] - setText: Text '525' is set on object 'Object Repository/Emergency/Page_Store/input'

2018-05-30 15:06:19 - [MESSAGE][PASSED] - Text '525' is set on object 'Object Repository/Emergency/Page_Store/input'

2018-05-30 15:06:19 - [TEST_STEP][PASSED] - Statement - ChooseRequest = com.kms.katalon.core.webui.keyword.WebUiBuiltInKeywords.modifyObjectProperty(com.kms.katalon.core.testobject.ObjectRepository.findTestObject(Emergency/Page_Store/input_3), "xpath", "equals", "//*[@id=" + Rno + "]", true): Modify property of object successfully

2018-05-30 15:06:19 - [MESSAGE][PASSED] - Modify property of object successfully

2018-05-30 15:06:19 - [TEST_STEP][PASSED] - click: Object: 'Object Repository/Emergency/Page_Store/input_3' is clicked on

2018-05-30 15:06:19 - [MESSAGE][PASSED] - Object: 'Object Repository/Emergency/Page_Store/input_3' is clicked on

2018-05-30 15:06:19 - [TEST_STEP][PASSED] - delay: Delayed 2 second(s)

2018-05-30 15:06:21 - [MESSAGE][PASSED] - Delayed 2 second(s)

2018-05-30 15:06:21 - [TEST_STEP][PASSED] - Statement - selectedoptions1 = com.kms.katalon.core.webui.keyword.WebUiBuiltInKeywords.getNumberOfTotalOption(com.kms.katalon.core.testobject.ObjectRepository.findTestObject(Emergency/Page_Store/select_--Select--Amikacin -500)): 18 options of object 'Object Repository/Emergency/Page_Store/select_--Select--Amikacin -500' counted

2018-05-30 15:06:22 - [MESSAGE][PASSED] - 18 options of object 'Object Repository/Emergency/Page_Store/select_--Select--Amikacin -500' counted

2018-05-30 15:06:22 - [TEST_STEP][PASSED] - Statement - For ([a = 1, a <= selectedoptions1 - 1, (a++)]): null

2018-05-30 15:06:22 - [TEST_STEP][PASSED] - selectOptionByIndex: All options with index in [1] are selected on object 'Object Repository/Emergency/Page_Store/select_--Select--Amikacin -500'

2018-05-30 15:06:22 - [MESSAGE][PASSED] - All options with index in [1] are selected on object 'Object Repository/Emergency/Page_Store/select_--Select--Amikacin -500'

2018-05-30 15:06:22 - [TEST_STEP][PASSED] - delay: Delayed 2 second(s)

2018-05-30 15:06:24 - [MESSAGE][PASSED] - Delayed 2 second(s)

2018-05-30 15:06:24 - [TEST_STEP][PASSED] - Statement - RequestedQty = com.kms.katalon.core.webui.keyword.WebUiBuiltInKeywords.getAttribute(com.kms.katalon.core.testobject.ObjectRepository.findTestObject(Emergency/Page_Store/input_txttotal), "value"): Attribute 'value' of object 'Object Repository/Emergency/Page_Store/input_txttotal' is: '10'

2018-05-30 15:06:24 - [MESSAGE][PASSED] - Attribute 'value' of object 'Object Repository/Emergency/Page_Store/input_txttotal' is: '10'

2018-05-30 15:06:24 - [TEST_STEP][PASSED] - Statement - out.println("Requested QTY : " + RequestedQty): null

2018-05-30 15:06:24 - [TEST_STEP][PASSED] - Statement - BatchNumber = com.kms.katalon.core.webui.keyword.WebUiBuiltInKeywords.getNumberOfTotalOption(com.kms.katalon.core.testobject.ObjectRepository.findTestObject(Emergency/Page_Store/select_--Select--BA1150BA4110)): 2 options of object 'Object Repository/Emergency/Page_Store/select_--Select--BA1150BA4110' counted

2018-05-30 15:06:24 - [MESSAGE][PASSED] - 2 options of object 'Object Repository/Emergency/Page_Store/select_--Select--BA1150BA4110' counted

2018-05-30 15:06:24 - [TEST_STEP][PASSED] - Statement - For ([g = 1, g <= BatchNumber - 1, (g++)]): null

2018-05-30 15:06:24 - [TEST_STEP][PASSED] - selectOptionByIndex: All options with index in [1] are selected on object 'Object Repository/Emergency/Page_Store/select_--Select--BA1150BA4110'

2018-05-30 15:06:24 - [MESSAGE][PASSED] - All options with index in [1] are selected on object 'Object Repository/Emergency/Page_Store/select_--Select--BA1150BA4110'

2018-05-30 15:06:24 - [TEST_STEP][PASSED] - delay: Delayed 2 second(s)

2018-05-30 15:06:26 - [MESSAGE][PASSED] - Delayed 2 second(s)

2018-05-30 15:06:26 - [TEST_STEP][PASSED] - Statement - Try: null

2018-05-30 15:06:26 - [TEST_STEP][PASSED] - Statement - StockQty = com.kms.katalon.core.webui.keyword.WebUiBuiltInKeywords.getAttribute(com.kms.katalon.core.testobject.ObjectRepository.findTestObject(Emergency/Page_Store/input_txtprice), "value"): Attribute 'value' of object 'Object Repository/Emergency/Page_Store/input_txtprice' is: '1445'

2018-05-30 15:06:26 - [MESSAGE][PASSED] - Attribute 'value' of object 'Object Repository/Emergency/Page_Store/input_txtprice' is: '1445'

2018-05-30 15:06:26 - [TEST_STEP][PASSED] - Statement - out.println("Stock QTY : " + StockQty): null

2018-05-30 15:06:26 - [TEST_STEP][PASSED] - delay: Delayed 2 second(s)

2018-05-30 15:06:28 - [MESSAGE][PASSED] - Delayed 2 second(s)

2018-05-30 15:06:28 - [TEST_STEP][PASSED] - Statement - If (java.lang.Integer.valueOf(StockQty) >= java.lang.Integer.valueOf(RequestedQty)): null

2018-05-30 15:06:28 - [TEST_STEP][PASSED] - delay: Delayed 1 second(s)

2018-05-30 15:06:29 - [MESSAGE][PASSED] - Delayed 1 second(s)

2018-05-30 15:06:29 - [TEST_STEP][PASSED] - setText: Text '10' is set on object 'Object Repository/Emergency/Page_Store/input_txtqty'

2018-05-30 15:06:29 - [MESSAGE][PASSED] - Text '10' is set on object 'Object Repository/Emergency/Page_Store/input_txtqty'

2018-05-30 15:06:29 - [TEST_STEP][PASSED] - click: Object: 'Object Repository/Emergency/Page_Store/button_Add' is clicked on

2018-05-30 15:06:29 - [MESSAGE][PASSED] - Object: 'Object Repository/Emergency/Page_Store/button_Add' is clicked on

2018-05-30 15:06:29 - [TEST_STEP][PASSED] - Statement - Break: null

2018-05-30 15:06:29 - [TEST_STEP][PASSED] - selectOptionByIndex: All options with index in [2] are selected on object 'Object Repository/Emergency/Page_Store/select_--Select--Amikacin -500'

2018-05-30 15:06:29 - [MESSAGE][PASSED] - All options with index in [2] are selected on object 'Object Repository/Emergency/Page_Store/select_--Select--Amikacin -500'

2018-05-30 15:06:29 - [TEST_STEP][PASSED] - delay: Delayed 2 second(s)

2018-05-30 15:06:31 - [MESSAGE][PASSED] - Delayed 2 second(s)

2018-05-30 15:06:31 - [TEST_STEP][PASSED] - Statement - RequestedQty = com.kms.katalon.core.webui.keyword.WebUiBuiltInKeywords.getAttribute(com.kms.katalon.core.testobject.ObjectRepository.findTestObject(Emergency/Page_Store/input_txttotal), "value"): Attribute 'value' of object 'Object Repository/Emergency/Page_Store/input_txttotal' is: '10'

2018-05-30 15:06:31 - [MESSAGE][PASSED] - Attribute 'value' of object 'Object Repository/Emergency/Page_Store/input_txttotal' is: '10'

2018-05-30 15:06:31 - [TEST_STEP][PASSED] - Statement - out.println("Requested QTY : " + RequestedQty): null

2018-05-30 15:06:31 - [TEST_STEP][PASSED] - Statement - BatchNumber = com.kms.katalon.core.webui.keyword.WebUiBuiltInKeywords.getNumberOfTotalOption(com.kms.katalon.core.testobject.ObjectRepository.findTestObject(Emergency/Page_Store/select_--Select--BA1150BA4110)): 3 options of object 'Object Repository/Emergency/Page_Store/select_--Select--BA1150BA4110' counted

2018-05-30 15:06:32 - [MESSAGE][PASSED] - 3 options of object 'Object Repository/Emergency/Page_Store/select_--Select--BA1150BA4110' counted

2018-05-30 15:06:32 - [TEST_STEP][PASSED] - Statement - For ([g = 1, g <= BatchNumber - 1, (g++)]): null

2018-05-30 15:06:32 - [TEST_STEP][PASSED] - selectOptionByIndex: All options with index in [1] are selected on object 'Object Repository/Emergency/Page_Store/select_--Select--BA1150BA4110'

2018-05-30 15:06:32 - [MESSAGE][PASSED] - All options with index in [1] are selected on object 'Object Repository/Emergency/Page_Store/select_--Select--BA1150BA4110'

2018-05-30 15:06:32 - [TEST_STEP][PASSED] - delay: Delayed 2 second(s)

2018-05-30 15:06:34 - [MESSAGE][PASSED] - Delayed 2 second(s)

2018-05-30 15:06:34 - [TEST_STEP][PASSED] - Statement - Try: null

2018-05-30 15:06:34 - [TEST_STEP][PASSED] - Statement - StockQty = com.kms.katalon.core.webui.keyword.WebUiBuiltInKeywords.getAttribute(com.kms.katalon.core.testobject.ObjectRepository.findTestObject(Emergency/Page_Store/input_txtprice), "value"): Attribute 'value' of object 'Object Repository/Emergency/Page_Store/input_txtprice' is: '312'

2018-05-30 15:06:34 - [MESSAGE][PASSED] - Attribute 'value' of object 'Object Repository/Emergency/Page_Store/input_txtprice' is: '312'

2018-05-30 15:06:34 - [TEST_STEP][PASSED] - Statement - out.println("Stock QTY : " + StockQty): null

2018-05-30 15:06:34 - [TEST_STEP][PASSED] - delay: Delayed 2 second(s)

2018-05-30 15:06:36 - [MESSAGE][PASSED] - Delayed 2 second(s)

2018-05-30 15:06:36 - [TEST_STEP][PASSED] - Statement - If (java.lang.Integer.valueOf(StockQty) >= java.lang.Integer.valueOf(RequestedQty)): null

2018-05-30 15:06:36 - [TEST_STEP][PASSED] - delay: Delayed 1 second(s)

2018-05-30 15:06:37 - [MESSAGE][PASSED] - Delayed 1 second(s)

2018-05-30 15:06:37 - [TEST_STEP][PASSED] - setText: Text '10' is set on object 'Object Repository/Emergency/Page_Store/input_txtqty'

2018-05-30 15:06:37 - [MESSAGE][PASSED] - Text '10' is set on object 'Object Repository/Emergency/Page_Store/input_txtqty'

2018-05-30 15:06:37 - [TEST_STEP][PASSED] - click: Object: 'Object Repository/Emergency/Page_Store/button_Add' is clicked on

2018-05-30 15:06:37 - [MESSAGE][PASSED] - Object: 'Object Repository/Emergency/Page_Store/button_Add' is clicked on

2018-05-30 15:06:37 - [TEST_STEP][PASSED] - Statement - Break: null

2018-05-30 15:06:37 - [TEST_STEP][PASSED] - selectOptionByIndex: All options with index in [3] are selected on object 'Object Repository/Emergency/Page_Store/select_--Select--Amikacin -500'

2018-05-30 15:06:37 - [MESSAGE][PASSED] - All options with index in [3] are selected on object 'Object Repository/Emergency/Page_Store/select_--Select--Amikacin -500'

2018-05-30 15:06:37 - [TEST_STEP][PASSED] - delay: Delayed 2 second(s)

2018-05-30 15:06:39 - [MESSAGE][PASSED] - Delayed 2 second(s)

2018-05-30 15:06:39 - [TEST_STEP][PASSED] - Statement - RequestedQty = com.kms.katalon.core.webui.keyword.WebUiBuiltInKeywords.getAttribute(com.kms.katalon.core.testobject.ObjectRepository.findTestObject(Emergency/Page_Store/input_txttotal), "value"): Attribute 'value' of object 'Object Repository/Emergency/Page_Store/input_txttotal' is: '10'

2018-05-30 15:06:39 - [MESSAGE][PASSED] - Attribute 'value' of object 'Object Repository/Emergency/Page_Store/input_txttotal' is: '10'

2018-05-30 15:06:39 - [TEST_STEP][PASSED] - Statement - out.println("Requested QTY : " + RequestedQty): null

2018-05-30 15:06:39 - [TEST_STEP][PASSED] - Statement - BatchNumber = com.kms.katalon.core.webui.keyword.WebUiBuiltInKeywords.getNumberOfTotalOption(com.kms.katalon.core.testobject.ObjectRepository.findTestObject(Emergency/Page_Store/select_--Select--BA1150BA4110)): 3 options of object 'Object Repository/Emergency/Page_Store/select_--Select--BA1150BA4110' counted

2018-05-30 15:06:39 - [MESSAGE][PASSED] - 3 options of object 'Object Repository/Emergency/Page_Store/select_--Select--BA1150BA4110' counted

2018-05-30 15:06:39 - [TEST_STEP][PASSED] - Statement - For ([g = 1, g <= BatchNumber - 1, (g++)]): null

2018-05-30 15:06:39 - [TEST_STEP][PASSED] - selectOptionByIndex: All options with index in [1] are selected on object 'Object Repository/Emergency/Page_Store/select_--Select--BA1150BA4110'

2018-05-30 15:06:39 - [MESSAGE][PASSED] - All options with index in [1] are selected on object 'Object Repository/Emergency/Page_Store/select_--Select--BA1150BA4110'

2018-05-30 15:06:39 - [TEST_STEP][PASSED] - delay: Delayed 2 second(s)

2018-05-30 15:06:41 - [MESSAGE][PASSED] - Delayed 2 second(s)

2018-05-30 15:06:41 - [TEST_STEP][PASSED] - Statement - Try: null

2018-05-30 15:06:41 - [TEST_STEP][PASSED] - Statement - StockQty = com.kms.katalon.core.webui.keyword.WebUiBuiltInKeywords.getAttribute(com.kms.katalon.core.testobject.ObjectRepository.findTestObject(Emergency/Page_Store/input_txtprice), "value"): Attribute 'value' of object 'Object Repository/Emergency/Page_Store/input_txtprice' is: '1345'

2018-05-30 15:06:41 - [MESSAGE][PASSED] - Attribute 'value' of object 'Object Repository/Emergency/Page_Store/input_txtprice' is: '1345'

2018-05-30 15:06:41 - [TEST_STEP][PASSED] - Statement - out.println("Stock QTY : " + StockQty): null

2018-05-30 15:06:41 - [TEST_STEP][PASSED] - delay: Delayed 2 second(s)

2018-05-30 15:06:43 - [MESSAGE][PASSED] - Delayed 2 second(s)

2018-05-30 15:06:43 - [TEST_STEP][PASSED] - Statement - If (java.lang.Integer.valueOf(StockQty) >= java.lang.Integer.valueOf(RequestedQty)): null

2018-05-30 15:06:43 - [TEST_STEP][PASSED] - delay: Delayed 1 second(s)

2018-05-30 15:06:44 - [MESSAGE][PASSED] - Delayed 1 second(s)

2018-05-30 15:06:44 - [TEST_STEP][PASSED] - setText: Text '10' is set on object 'Object Repository/Emergency/Page_Store/input_txtqty'

2018-05-30 15:06:44 - [MESSAGE][PASSED] - Text '10' is set on object 'Object Repository/Emergency/Page_Store/input_txtqty'

2018-05-30 15:06:44 - [TEST_STEP][PASSED] - click: Object: 'Object Repository/Emergency/Page_Store/button_Add' is clicked on

2018-05-30 15:06:44 - [MESSAGE][PASSED] - Object: 'Object Repository/Emergency/Page_Store/button_Add' is clicked on

2018-05-30 15:06:44 - [TEST_STEP][PASSED] - Statement - Break: null

2018-05-30 15:06:44 - [TEST_STEP][PASSED] - selectOptionByIndex: All options with index in [4] are selected on object 'Object Repository/Emergency/Page_Store/select_--Select--Amikacin -500'

2018-05-30 15:06:45 - [MESSAGE][PASSED] - All options with index in [4] are selected on object 'Object Repository/Emergency/Page_Store/select_--Select--Amikacin -500'

2018-05-30 15:06:45 - [TEST_STEP][PASSED] - delay: Delayed 2 second(s)

2018-05-30 15:06:47 - [MESSAGE][PASSED] - Delayed 2 second(s)

2018-05-30 15:06:47 - [TEST_STEP][PASSED] - Statement - RequestedQty = com.kms.katalon.core.webui.keyword.WebUiBuiltInKeywords.getAttribute(com.kms.katalon.core.testobject.ObjectRepository.findTestObject(Emergency/Page_Store/input_txttotal), "value"): Attribute 'value' of object 'Object Repository/Emergency/Page_Store/input_txttotal' is: '10'

2018-05-30 15:06:47 - [MESSAGE][PASSED] - Attribute 'value' of object 'Object Repository/Emergency/Page_Store/input_txttotal' is: '10'

2018-05-30 15:06:47 - [TEST_STEP][PASSED] - Statement - out.println("Requested QTY : " + RequestedQty): null

2018-05-30 15:06:47 - [TEST_STEP][PASSED] - Statement - BatchNumber = com.kms.katalon.core.webui.keyword.WebUiBuiltInKeywords.getNumberOfTotalOption(com.kms.katalon.core.testobject.ObjectRepository.findTestObject(Emergency/Page_Store/select_--Select--BA1150BA4110)): 3 options of object 'Object Repository/Emergency/Page_Store/select_--Select--BA1150BA4110' counted

2018-05-30 15:06:47 - [MESSAGE][PASSED] - 3 options of object 'Object Repository/Emergency/Page_Store/select_--Select--BA1150BA4110' counted

2018-05-30 15:06:47 - [TEST_STEP][PASSED] - Statement - For ([g = 1, g <= BatchNumber - 1, (g++)]): null

2018-05-30 15:06:47 - [TEST_STEP][PASSED] - selectOptionByIndex: All options with index in [1] are selected on object 'Object Repository/Emergency/Page_Store/select_--Select--BA1150BA4110'

2018-05-30 15:06:47 - [MESSAGE][PASSED] - All options with index in [1] are selected on object 'Object Repository/Emergency/Page_Store/select_--Select--BA1150BA4110'

2018-05-30 15:06:47 - [TEST_STEP][PASSED] - delay: Delayed 2 second(s)

2018-05-30 15:06:49 - [MESSAGE][PASSED] - Delayed 2 second(s)

2018-05-30 15:06:49 - [TEST_STEP][PASSED] - Statement - Try: null

2018-05-30 15:06:49 - [TEST_STEP][PASSED] - Statement - StockQty = com.kms.katalon.core.webui.keyword.WebUiBuiltInKeywords.getAttribute(com.kms.katalon.core.testobject.ObjectRepository.findTestObject(Emergency/Page_Store/input_txtprice), "value"): Attribute 'value' of object 'Object Repository/Emergency/Page_Store/input_txtprice' is: '435'

2018-05-30 15:06:49 - [MESSAGE][PASSED] - Attribute 'value' of object 'Object Repository/Emergency/Page_Store/input_txtprice' is: '435'

2018-05-30 15:06:49 - [TEST_STEP][PASSED] - Statement - out.println("Stock QTY : " + StockQty): null

2018-05-30 15:06:49 - [TEST_STEP][PASSED] - delay: Delayed 2 second(s)

2018-05-30 15:06:51 - [MESSAGE][PASSED] - Delayed 2 second(s)

2018-05-30 15:06:51 - [TEST_STEP][PASSED] - Statement - If (java.lang.Integer.valueOf(StockQty) >= java.lang.Integer.valueOf(RequestedQty)): null

2018-05-30 15:06:51 - [TEST_STEP][PASSED] - delay: Delayed 1 second(s)

2018-05-30 15:06:52 - [MESSAGE][PASSED] - Delayed 1 second(s)

2018-05-30 15:06:52 - [TEST_STEP][PASSED] - setText: Text '10' is set on object 'Object Repository/Emergency/Page_Store/input_txtqty'

2018-05-30 15:06:52 - [MESSAGE][PASSED] - Text '10' is set on object 'Object Repository/Emergency/Page_Store/input_txtqty'

2018-05-30 15:06:52 - [TEST_STEP][PASSED] - click: Object: 'Object Repository/Emergency/Page_Store/button_Add' is clicked on

2018-05-30 15:06:52 - [MESSAGE][PASSED] - Object: 'Object Repository/Emergency/Page_Store/button_Add' is clicked on

2018-05-30 15:06:52 - [TEST_STEP][PASSED] - Statement - Break: null

2018-05-30 15:06:52 - [TEST_STEP][PASSED] - selectOptionByIndex: All options with index in [5] are selected on object 'Object Repository/Emergency/Page_Store/select_--Select--Amikacin -500'

2018-05-30 15:06:52 - [MESSAGE][PASSED] - All options with index in [5] are selected on object 'Object Repository/Emergency/Page_Store/select_--Select--Amikacin -500'

2018-05-30 15:06:52 - [TEST_STEP][PASSED] - delay: Delayed 2 second(s)

2018-05-30 15:06:54 - [MESSAGE][PASSED] - Delayed 2 second(s)

2018-05-30 15:06:54 - [TEST_STEP][PASSED] - Statement - RequestedQty = com.kms.katalon.core.webui.keyword.WebUiBuiltInKeywords.getAttribute(com.kms.katalon.core.testobject.ObjectRepository.findTestObject(Emergency/Page_Store/input_txttotal), "value"): Attribute 'value' of object 'Object Repository/Emergency/Page_Store/input_txttotal' is: '10'

2018-05-30 15:06:54 - [MESSAGE][PASSED] - Attribute 'value' of object 'Object Repository/Emergency/Page_Store/input_txttotal' is: '10'

2018-05-30 15:06:54 - [TEST_STEP][PASSED] - Statement - out.println("Requested QTY : " + RequestedQty): null

2018-05-30 15:06:54 - [TEST_STEP][PASSED] - Statement - BatchNumber = com.kms.katalon.core.webui.keyword.WebUiBuiltInKeywords.getNumberOfTotalOption(com.kms.katalon.core.testobject.ObjectRepository.findTestObject(Emergency/Page_Store/select_--Select--BA1150BA4110)): 3 options of object 'Object Repository/Emergency/Page_Store/select_--Select--BA1150BA4110' counted

2018-05-30 15:06:54 - [MESSAGE][PASSED] - 3 options of object 'Object Repository/Emergency/Page_Store/select_--Select--BA1150BA4110' counted

2018-05-30 15:06:54 - [TEST_STEP][PASSED] - Statement - For ([g = 1, g <= BatchNumber - 1, (g++)]): null

2018-05-30 15:06:54 - [TEST_STEP][PASSED] - selectOptionByIndex: All options with index in [1] are selected on object 'Object Repository/Emergency/Page_Store/select_--Select--BA1150BA4110'

2018-05-30 15:06:54 - [MESSAGE][PASSED] - All options with index in [1] are selected on object 'Object Repository/Emergency/Page_Store/select_--Select--BA1150BA4110'

2018-05-30 15:06:54 - [TEST_STEP][PASSED] - delay: Delayed 2 second(s)

2018-05-30 15:06:56 - [MESSAGE][PASSED] - Delayed 2 second(s)

2018-05-30 15:06:56 - [TEST_STEP][PASSED] - Statement - Try: null

2018-05-30 15:06:56 - [TEST_STEP][PASSED] - Statement - StockQty = com.kms.katalon.core.webui.keyword.WebUiBuiltInKeywords.getAttribute(com.kms.katalon.core.testobject.ObjectRepository.findTestObject(Emergency/Page_Store/input_txtprice), "value"): Attribute 'value' of object 'Object Repository/Emergency/Page_Store/input_txtprice' is: '435'

2018-05-30 15:06:56 - [MESSAGE][PASSED] - Attribute 'value' of object 'Object Repository/Emergency/Page_Store/input_txtprice' is: '435'

2018-05-30 15:06:56 - [TEST_STEP][PASSED] - Statement - out.println("Stock QTY : " + StockQty): null

2018-05-30 15:06:56 - [TEST_STEP][PASSED] - delay: Delayed 2 second(s)

2018-05-30 15:06:58 - [MESSAGE][PASSED] - Delayed 2 second(s)

2018-05-30 15:06:58 - [TEST_STEP][PASSED] - Statement - If (java.lang.Integer.valueOf(StockQty) >= java.lang.Integer.valueOf(RequestedQty)): null

2018-05-30 15:06:58 - [TEST_STEP][PASSED] - delay: Delayed 1 second(s)

2018-05-30 15:06:59 - [MESSAGE][PASSED] - Delayed 1 second(s)

2018-05-30 15:06:59 - [TEST_STEP][PASSED] - setText: Text '10' is set on object 'Object Repository/Emergency/Page_Store/input_txtqty'

2018-05-30 15:07:00 - [MESSAGE][PASSED] - Text '10' is set on object 'Object Repository/Emergency/Page_Store/input_txtqty'

2018-05-30 15:07:00 - [TEST_STEP][PASSED] - click: Object: 'Object Repository/Emergency/Page_Store/button_Add' is clicked on

2018-05-30 15:07:00 - [MESSAGE][PASSED] - Object: 'Object Repository/Emergency/Page_Store/button_Add' is clicked on

2018-05-30 15:07:00 - [TEST_STEP][PASSED] - Statement - Break: null

2018-05-30 15:07:00 - [TEST_STEP][PASSED] - selectOptionByIndex: All options with index in [6] are selected on object 'Object Repository/Emergency/Page_Store/select_--Select--Amikacin -500'

2018-05-30 15:07:00 - [MESSAGE][PASSED] - All options with index in [6] are selected on object 'Object Repository/Emergency/Page_Store/select_--Select--Amikacin -500'

2018-05-30 15:07:00 - [TEST_STEP][PASSED] - delay: Delayed 2 second(s)

2018-05-30 15:07:02 - [MESSAGE][PASSED] - Delayed 2 second(s)

2018-05-30 15:07:02 - [TEST_STEP][PASSED] - Statement - RequestedQty = com.kms.katalon.core.webui.keyword.WebUiBuiltInKeywords.getAttribute(com.kms.katalon.core.testobject.ObjectRepository.findTestObject(Emergency/Page_Store/input_txttotal), "value"): Attribute 'value' of object 'Object Repository/Emergency/Page_Store/input_txttotal' is: '10'

2018-05-30 15:07:02 - [MESSAGE][PASSED] - Attribute 'value' of object 'Object Repository/Emergency/Page_Store/input_txttotal' is: '10'

2018-05-30 15:07:02 - [TEST_STEP][PASSED] - Statement - out.println("Requested QTY : " + RequestedQty): null

2018-05-30 15:07:02 - [TEST_STEP][PASSED] - Statement - BatchNumber = com.kms.katalon.core.webui.keyword.WebUiBuiltInKeywords.getNumberOfTotalOption(com.kms.katalon.core.testobject.ObjectRepository.findTestObject(Emergency/Page_Store/select_--Select--BA1150BA4110)): 3 options of object 'Object Repository/Emergency/Page_Store/select_--Select--BA1150BA4110' counted

2018-05-30 15:07:02 - [MESSAGE][PASSED] - 3 options of object 'Object Repository/Emergency/Page_Store/select_--Select--BA1150BA4110' counted

2018-05-30 15:07:02 - [TEST_STEP][PASSED] - Statement - For ([g = 1, g <= BatchNumber - 1, (g++)]): null

2018-05-30 15:07:02 - [TEST_STEP][PASSED] - selectOptionByIndex: All options with index in [1] are selected on object 'Object Repository/Emergency/Page_Store/select_--Select--BA1150BA4110'

2018-05-30 15:07:02 - [MESSAGE][PASSED] - All options with index in [1] are selected on object 'Object Repository/Emergency/Page_Store/select_--Select--BA1150BA4110'

2018-05-30 15:07:02 - [TEST_STEP][PASSED] - delay: Delayed 2 second(s)

2018-05-30 15:07:04 - [MESSAGE][PASSED] - Delayed 2 second(s)

2018-05-30 15:07:04 - [TEST_STEP][PASSED] - Statement - Try: null

2018-05-30 15:07:04 - [TEST_STEP][PASSED] - Statement - StockQty = com.kms.katalon.core.webui.keyword.WebUiBuiltInKeywords.getAttribute(com.kms.katalon.core.testobject.ObjectRepository.findTestObject(Emergency/Page_Store/input_txtprice), "value"): Attribute 'value' of object 'Object Repository/Emergency/Page_Store/input_txtprice' is: '435'

2018-05-30 15:07:04 - [MESSAGE][PASSED] - Attribute 'value' of object 'Object Repository/Emergency/Page_Store/input_txtprice' is: '435'

2018-05-30 15:07:04 - [TEST_STEP][PASSED] - Statement - out.println("Stock QTY : " + StockQty): null

2018-05-30 15:07:04 - [TEST_STEP][PASSED] - delay: Delayed 2 second(s)

2018-05-30 15:07:06 - [MESSAGE][PASSED] - Delayed 2 second(s)

2018-05-30 15:07:06 - [TEST_STEP][PASSED] - Statement - If (java.lang.Integer.valueOf(StockQty) >= java.lang.Integer.valueOf(RequestedQty)): null

2018-05-30 15:07:06 - [TEST_STEP][PASSED] - delay: Delayed 1 second(s)

2018-05-30 15:07:07 - [MESSAGE][PASSED] - Delayed 1 second(s)

2018-05-30 15:07:07 - [TEST_STEP][PASSED] - setText: Text '10' is set on object 'Object Repository/Emergency/Page_Store/input_txtqty'

2018-05-30 15:07:07 - [MESSAGE][PASSED] - Text '10' is set on object 'Object Repository/Emergency/Page_Store/input_txtqty'

2018-05-30 15:07:07 - [TEST_STEP][PASSED] - click: Object: 'Object Repository/Emergency/Page_Store/button_Add' is clicked on

2018-05-30 15:07:07 - [MESSAGE][PASSED] - Object: 'Object Repository/Emergency/Page_Store/button_Add' is clicked on

2018-05-30 15:07:07 - [TEST_STEP][PASSED] - Statement - Break: null

2018-05-30 15:07:07 - [TEST_STEP][PASSED] - selectOptionByIndex: All options with index in [7] are selected on object 'Object Repository/Emergency/Page_Store/select_--Select--Amikacin -500'

2018-05-30 15:07:07 - [MESSAGE][PASSED] - All options with index in [7] are selected on object 'Object Repository/Emergency/Page_Store/select_--Select--Amikacin -500'

2018-05-30 15:07:07 - [TEST_STEP][PASSED] - delay: Delayed 2 second(s)

2018-05-30 15:07:09 - [MESSAGE][PASSED] - Delayed 2 second(s)

2018-05-30 15:07:09 - [TEST_STEP][PASSED] - Statement - RequestedQty = com.kms.katalon.core.webui.keyword.WebUiBuiltInKeywords.getAttribute(com.kms.katalon.core.testobject.ObjectRepository.findTestObject(Emergency/Page_Store/input_txttotal), "value"): Attribute 'value' of object 'Object Repository/Emergency/Page_Store/input_txttotal' is: '10'

2018-05-30 15:07:09 - [MESSAGE][PASSED] - Attribute 'value' of object 'Object Repository/Emergency/Page_Store/input_txttotal' is: '10'

2018-05-30 15:07:09 - [TEST_STEP][PASSED] - Statement - out.println("Requested QTY : " + RequestedQty): null

2018-05-30 15:07:09 - [TEST_STEP][PASSED] - Statement - BatchNumber = com.kms.katalon.core.webui.keyword.WebUiBuiltInKeywords.getNumberOfTotalOption(com.kms.katalon.core.testobject.ObjectRepository.findTestObject(Emergency/Page_Store/select_--Select--BA1150BA4110)): 2 options of object 'Object Repository/Emergency/Page_Store/select_--Select--BA1150BA4110' counted

2018-05-30 15:07:09 - [MESSAGE][PASSED] - 2 options of object 'Object Repository/Emergency/Page_Store/select_--Select--BA1150BA4110' counted

2018-05-30 15:07:09 - [TEST_STEP][PASSED] - Statement - For ([g = 1, g <= BatchNumber - 1, (g++)]): null

2018-05-30 15:07:09 - [TEST_STEP][PASSED] - selectOptionByIndex: All options with index in [1] are selected on object 'Object Repository/Emergency/Page_Store/select_--Select--BA1150BA4110'

2018-05-30 15:07:10 - [MESSAGE][PASSED] - All options with index in [1] are selected on object 'Object Repository/Emergency/Page_Store/select_--Select--BA1150BA4110'

2018-05-30 15:07:10 - [TEST_STEP][PASSED] - delay: Delayed 2 second(s)

2018-05-30 15:07:12 - [MESSAGE][PASSED] - Delayed 2 second(s)

2018-05-30 15:07:12 - [TEST_STEP][PASSED] - Statement - Try: null

2018-05-30 15:07:12 - [TEST_STEP][PASSED] - Statement - StockQty = com.kms.katalon.core.webui.keyword.WebUiBuiltInKeywords.getAttribute(com.kms.katalon.core.testobject.ObjectRepository.findTestObject(Emergency/Page_Store/input_txtprice), "value"): Attribute 'value' of object 'Object Repository/Emergency/Page_Store/input_txtprice' is: '1445'

2018-05-30 15:07:12 - [MESSAGE][PASSED] - Attribute 'value' of object 'Object Repository/Emergency/Page_Store/input_txtprice' is: '1445'

2018-05-30 15:07:12 - [TEST_STEP][PASSED] - Statement - out.println("Stock QTY : " + StockQty): null

2018-05-30 15:07:12 - [TEST_STEP][PASSED] - delay: Delayed 2 second(s)

2018-05-30 15:07:14 - [MESSAGE][PASSED] - Delayed 2 second(s)

2018-05-30 15:07:14 - [TEST_STEP][PASSED] - Statement - If (java.lang.Integer.valueOf(StockQty) >= java.lang.Integer.valueOf(RequestedQty)): null

2018-05-30 15:07:14 - [TEST_STEP][PASSED] - delay: Delayed 1 second(s)

2018-05-30 15:07:15 - [MESSAGE][PASSED] - Delayed 1 second(s)

2018-05-30 15:07:15 - [TEST_STEP][PASSED] - setText: Text '10' is set on object 'Object Repository/Emergency/Page_Store/input_txtqty'

2018-05-30 15:07:15 - [MESSAGE][PASSED] - Text '10' is set on object 'Object Repository/Emergency/Page_Store/input_txtqty'

2018-05-30 15:07:15 - [TEST_STEP][PASSED] - click: Object: 'Object Repository/Emergency/Page_Store/button_Add' is clicked on

2018-05-30 15:07:15 - [MESSAGE][PASSED] - Object: 'Object Repository/Emergency/Page_Store/button_Add' is clicked on

2018-05-30 15:07:15 - [TEST_STEP][PASSED] - Statement - Break: null

2018-05-30 15:07:15 - [TEST_STEP][PASSED] - selectOptionByIndex: All options with index in [8] are selected on object 'Object Repository/Emergency/Page_Store/select_--Select--Amikacin -500'

2018-05-30 15:07:15 - [MESSAGE][PASSED] - All options with index in [8] are selected on object 'Object Repository/Emergency/Page_Store/select_--Select--Amikacin -500'

2018-05-30 15:07:15 - [TEST_STEP][PASSED] - delay: Delayed 2 second(s)

2018-05-30 15:07:17 - [MESSAGE][PASSED] - Delayed 2 second(s)

2018-05-30 15:07:17 - [TEST_STEP][PASSED] - Statement - RequestedQty = com.kms.katalon.core.webui.keyword.WebUiBuiltInKeywords.getAttribute(com.kms.katalon.core.testobject.ObjectRepository.findTestObject(Emergency/Page_Store/input_txttotal), "value"): Attribute 'value' of object 'Object Repository/Emergency/Page_Store/input_txttotal' is: '10'

2018-05-30 15:07:17 - [MESSAGE][PASSED] - Attribute 'value' of object 'Object Repository/Emergency/Page_Store/input_txttotal' is: '10'

2018-05-30 15:07:17 - [TEST_STEP][PASSED] - Statement - out.println("Requested QTY : " + RequestedQty): null

2018-05-30 15:07:17 - [TEST_STEP][PASSED] - Statement - BatchNumber = com.kms.katalon.core.webui.keyword.WebUiBuiltInKeywords.getNumberOfTotalOption(com.kms.katalon.core.testobject.ObjectRepository.findTestObject(Emergency/Page_Store/select_--Select--BA1150BA4110)): 3 options of object 'Object Repository/Emergency/Page_Store/select_--Select--BA1150BA4110' counted

2018-05-30 15:07:17 - [MESSAGE][PASSED] - 3 options of object 'Object Repository/Emergency/Page_Store/select_--Select--BA1150BA4110' counted

2018-05-30 15:07:17 - [TEST_STEP][PASSED] - Statement - For ([g = 1, g <= BatchNumber - 1, (g++)]): null

2018-05-30 15:07:17 - [TEST_STEP][PASSED] - selectOptionByIndex: All options with index in [1] are selected on object 'Object Repository/Emergency/Page_Store/select_--Select--BA1150BA4110'

2018-05-30 15:07:17 - [MESSAGE][PASSED] - All options with index in [1] are selected on object 'Object Repository/Emergency/Page_Store/select_--Select--BA1150BA4110'

2018-05-30 15:07:17 - [TEST_STEP][PASSED] - delay: Delayed 2 second(s)

2018-05-30 15:07:19 - [MESSAGE][PASSED] - Delayed 2 second(s)

2018-05-30 15:07:19 - [TEST_STEP][PASSED] - Statement - Try: null

2018-05-30 15:07:19 - [TEST_STEP][PASSED] - Statement - StockQty = com.kms.katalon.core.webui.keyword.WebUiBuiltInKeywords.getAttribute(com.kms.katalon.core.testobject.ObjectRepository.findTestObject(Emergency/Page_Store/input_txtprice), "value"): Attribute 'value' of object 'Object Repository/Emergency/Page_Store/input_txtprice' is: '1345'

2018-05-30 15:07:19 - [MESSAGE][PASSED] - Attribute 'value' of object 'Object Repository/Emergency/Page_Store/input_txtprice' is: '1345'

2018-05-30 15:07:19 - [TEST_STEP][PASSED] - Statement - out.println("Stock QTY : " + StockQty): null

2018-05-30 15:07:19 - [TEST_STEP][PASSED] - delay: Delayed 2 second(s)

2018-05-30 15:07:21 - [MESSAGE][PASSED] - Delayed 2 second(s)

2018-05-30 15:07:21 - [TEST_STEP][PASSED] - Statement - If (java.lang.Integer.valueOf(StockQty) >= java.lang.Integer.valueOf(RequestedQty)): null

2018-05-30 15:07:21 - [TEST_STEP][PASSED] - delay: Delayed 1 second(s)

2018-05-30 15:07:22 - [MESSAGE][PASSED] - Delayed 1 second(s)

2018-05-30 15:07:22 - [TEST_STEP][PASSED] - setText: Text '10' is set on object 'Object Repository/Emergency/Page_Store/input_txtqty'

2018-05-30 15:07:22 - [MESSAGE][PASSED] - Text '10' is set on object 'Object Repository/Emergency/Page_Store/input_txtqty'

2018-05-30 15:07:22 - [TEST_STEP][PASSED] - click: Object: 'Object Repository/Emergency/Page_Store/button_Add' is clicked on

2018-05-30 15:07:22 - [MESSAGE][PASSED] - Object: 'Object Repository/Emergency/Page_Store/button_Add' is clicked on

2018-05-30 15:07:22 - [TEST_STEP][PASSED] - Statement - Break: null

2018-05-30 15:07:22 - [TEST_STEP][PASSED] - selectOptionByIndex: All options with index in [9] are selected on object 'Object Repository/Emergency/Page_Store/select_--Select--Amikacin -500'

2018-05-30 15:07:23 - [MESSAGE][PASSED] - All options with index in [9] are selected on object 'Object Repository/Emergency/Page_Store/select_--Select--Amikacin -500'

2018-05-30 15:07:23 - [TEST_STEP][PASSED] - delay: Delayed 2 second(s)

2018-05-30 15:07:25 - [MESSAGE][PASSED] - Delayed 2 second(s)

2018-05-30 15:07:25 - [TEST_STEP][PASSED] - Statement - RequestedQty = com.kms.katalon.core.webui.keyword.WebUiBuiltInKeywords.getAttribute(com.kms.katalon.core.testobject.ObjectRepository.findTestObject(Emergency/Page_Store/input_txttotal), "value"): Attribute 'value' of object 'Object Repository/Emergency/Page_Store/input_txttotal' is: '10'

2018-05-30 15:07:25 - [MESSAGE][PASSED] - Attribute 'value' of object 'Object Repository/Emergency/Page_Store/input_txttotal' is: '10'

2018-05-30 15:07:25 - [TEST_STEP][PASSED] - Statement - out.println("Requested QTY : " + RequestedQty): null

2018-05-30 15:07:25 - [TEST_STEP][PASSED] - Statement - BatchNumber = com.kms.katalon.core.webui.keyword.WebUiBuiltInKeywords.getNumberOfTotalOption(com.kms.katalon.core.testobject.ObjectRepository.findTestObject(Emergency/Page_Store/select_--Select--BA1150BA4110)): 3 options of object 'Object Repository/Emergency/Page_Store/select_--Select--BA1150BA4110' counted

2018-05-30 15:07:25 - [MESSAGE][PASSED] - 3 options of object 'Object Repository/Emergency/Page_Store/select_--Select--BA1150BA4110' counted

2018-05-30 15:07:25 - [TEST_STEP][PASSED] - Statement - For ([g = 1, g <= BatchNumber - 1, (g++)]): null

2018-05-30 15:07:25 - [TEST_STEP][PASSED] - selectOptionByIndex: All options with index in [1] are selected on object 'Object Repository/Emergency/Page_Store/select_--Select--BA1150BA4110'

2018-05-30 15:07:25 - [MESSAGE][PASSED] - All options with index in [1] are selected on object 'Object Repository/Emergency/Page_Store/select_--Select--BA1150BA4110'

2018-05-30 15:07:25 - [TEST_STEP][PASSED] - delay: Delayed 2 second(s)

2018-05-30 15:07:27 - [MESSAGE][PASSED] - Delayed 2 second(s)

2018-05-30 15:07:27 - [TEST_STEP][PASSED] - Statement - Try: null

2018-05-30 15:07:27 - [TEST_STEP][PASSED] - Statement - StockQty = com.kms.katalon.core.webui.keyword.WebUiBuiltInKeywords.getAttribute(com.kms.katalon.core.testobject.ObjectRepository.findTestObject(Emergency/Page_Store/input_txtprice), "value"): Attribute 'value' of object 'Object Repository/Emergency/Page_Store/input_txtprice' is: '435'

2018-05-30 15:07:27 - [MESSAGE][PASSED] - Attribute 'value' of object 'Object Repository/Emergency/Page_Store/input_txtprice' is: '435'

2018-05-30 15:07:27 - [TEST_STEP][PASSED] - Statement - out.println("Stock QTY : " + StockQty): null

2018-05-30 15:07:27 - [TEST_STEP][PASSED] - delay: Delayed 2 second(s)

2018-05-30 15:07:29 - [MESSAGE][PASSED] - Delayed 2 second(s)

2018-05-30 15:07:29 - [TEST_STEP][PASSED] - Statement - If (java.lang.Integer.valueOf(StockQty) >= java.lang.Integer.valueOf(RequestedQty)): null

2018-05-30 15:07:29 - [TEST_STEP][PASSED] - delay: Delayed 1 second(s)

2018-05-30 15:07:30 - [MESSAGE][PASSED] - Delayed 1 second(s)

2018-05-30 15:07:30 - [TEST_STEP][PASSED] - setText: Text '10' is set on object 'Object Repository/Emergency/Page_Store/input_txtqty'

2018-05-30 15:07:30 - [MESSAGE][PASSED] - Text '10' is set on object 'Object Repository/Emergency/Page_Store/input_txtqty'

2018-05-30 15:07:30 - [TEST_STEP][PASSED] - click: Object: 'Object Repository/Emergency/Page_Store/button_Add' is clicked on

2018-05-30 15:07:30 - [MESSAGE][PASSED] - Object: 'Object Repository/Emergency/Page_Store/button_Add' is clicked on

2018-05-30 15:07:30 - [TEST_STEP][PASSED] - Statement - Break: null

2018-05-30 15:07:30 - [TEST_STEP][PASSED] - selectOptionByIndex: All options with index in [10] are selected on object 'Object Repository/Emergency/Page_Store/select_--Select--Amikacin -500'

2018-05-30 15:07:30 - [MESSAGE][PASSED] - All options with index in [10] are selected on object 'Object Repository/Emergency/Page_Store/select_--Select--Amikacin -500'

2018-05-30 15:07:30 - [TEST_STEP][PASSED] - delay: Delayed 2 second(s)

2018-05-30 15:07:32 - [MESSAGE][PASSED] - Delayed 2 second(s)

2018-05-30 15:07:32 - [TEST_STEP][PASSED] - Statement - RequestedQty = com.kms.katalon.core.webui.keyword.WebUiBuiltInKeywords.getAttribute(com.kms.katalon.core.testobject.ObjectRepository.findTestObject(Emergency/Page_Store/input_txttotal), "value"): Attribute 'value' of object 'Object Repository/Emergency/Page_Store/input_txttotal' is: '10'

2018-05-30 15:07:32 - [MESSAGE][PASSED] - Attribute 'value' of object 'Object Repository/Emergency/Page_Store/input_txttotal' is: '10'

2018-05-30 15:07:32 - [TEST_STEP][PASSED] - Statement - out.println("Requested QTY : " + RequestedQty): null

2018-05-30 15:07:32 - [TEST_STEP][PASSED] - Statement - BatchNumber = com.kms.katalon.core.webui.keyword.WebUiBuiltInKeywords.getNumberOfTotalOption(com.kms.katalon.core.testobject.ObjectRepository.findTestObject(Emergency/Page_Store/select_--Select--BA1150BA4110)): 2 options of object 'Object Repository/Emergency/Page_Store/select_--Select--BA1150BA4110' counted

2018-05-30 15:07:32 - [MESSAGE][PASSED] - 2 options of object 'Object Repository/Emergency/Page_Store/select_--Select--BA1150BA4110' counted

2018-05-30 15:07:32 - [TEST_STEP][PASSED] - Statement - For ([g = 1, g <= BatchNumber - 1, (g++)]): null

2018-05-30 15:07:32 - [TEST_STEP][PASSED] - selectOptionByIndex: All options with index in [1] are selected on object 'Object Repository/Emergency/Page_Store/select_--Select--BA1150BA4110'

2018-05-30 15:07:33 - [MESSAGE][PASSED] - All options with index in [1] are selected on object 'Object Repository/Emergency/Page_Store/select_--Select--BA1150BA4110'

2018-05-30 15:07:33 - [TEST_STEP][PASSED] - delay: Delayed 2 second(s)

2018-05-30 15:07:35 - [MESSAGE][PASSED] - Delayed 2 second(s)

2018-05-30 15:07:35 - [TEST_STEP][PASSED] - Statement - Try: null

2018-05-30 15:07:35 - [TEST_STEP][PASSED] - Statement - StockQty = com.kms.katalon.core.webui.keyword.WebUiBuiltInKeywords.getAttribute(com.kms.katalon.core.testobject.ObjectRepository.findTestObject(Emergency/Page_Store/input_txtprice), "value"): Attribute 'value' of object 'Object Repository/Emergency/Page_Store/input_txtprice' is: '1445'

2018-05-30 15:07:35 - [MESSAGE][PASSED] - Attribute 'value' of object 'Object Repository/Emergency/Page_Store/input_txtprice' is: '1445'

2018-05-30 15:07:35 - [TEST_STEP][PASSED] - Statement - out.println("Stock QTY : " + StockQty): null

2018-05-30 15:07:35 - [TEST_STEP][PASSED] - delay: Delayed 2 second(s)

2018-05-30 15:07:37 - [MESSAGE][PASSED] - Delayed 2 second(s)

2018-05-30 15:07:37 - [TEST_STEP][PASSED] - Statement - If (java.lang.Integer.valueOf(StockQty) >= java.lang.Integer.valueOf(RequestedQty)): null

2018-05-30 15:07:37 - [TEST_STEP][PASSED] - delay: Delayed 1 second(s)

2018-05-30 15:07:38 - [MESSAGE][PASSED] - Delayed 1 second(s)

2018-05-30 15:07:38 - [TEST_STEP][PASSED] - setText: Text '10' is set on object 'Object Repository/Emergency/Page_Store/input_txtqty'

2018-05-30 15:07:38 - [MESSAGE][PASSED] - Text '10' is set on object 'Object Repository/Emergency/Page_Store/input_txtqty'

2018-05-30 15:07:38 - [TEST_STEP][PASSED] - click: Object: 'Object Repository/Emergency/Page_Store/button_Add' is clicked on

2018-05-30 15:07:38 - [MESSAGE][PASSED] - Object: 'Object Repository/Emergency/Page_Store/button_Add' is clicked on

2018-05-30 15:07:38 - [TEST_STEP][PASSED] - Statement - Break: null

2018-05-30 15:07:38 - [TEST_STEP][PASSED] - selectOptionByIndex: All options with index in [11] are selected on object 'Object Repository/Emergency/Page_Store/select_--Select--Amikacin -500'

2018-05-30 15:07:38 - [MESSAGE][PASSED] - All options with index in [11] are selected on object 'Object Repository/Emergency/Page_Store/select_--Select--Amikacin -500'

2018-05-30 15:07:38 - [TEST_STEP][PASSED] - delay: Delayed 2 second(s)

2018-05-30 15:07:40 - [MESSAGE][PASSED] - Delayed 2 second(s)

2018-05-30 15:07:40 - [TEST_STEP][PASSED] - Statement - RequestedQty = com.kms.katalon.core.webui.keyword.WebUiBuiltInKeywords.getAttribute(com.kms.katalon.core.testobject.ObjectRepository.findTestObject(Emergency/Page_Store/input_txttotal), "value"): Attribute 'value' of object 'Object Repository/Emergency/Page_Store/input_txttotal' is: '10'

2018-05-30 15:07:40 - [MESSAGE][PASSED] - Attribute 'value' of object 'Object Repository/Emergency/Page_Store/input_txttotal' is: '10'

2018-05-30 15:07:40 - [TEST_STEP][PASSED] - Statement - out.println("Requested QTY : " + RequestedQty): null

2018-05-30 15:07:40 - [TEST_STEP][PASSED] - Statement - BatchNumber = com.kms.katalon.core.webui.keyword.WebUiBuiltInKeywords.getNumberOfTotalOption(com.kms.katalon.core.testobject.ObjectRepository.findTestObject(Emergency/Page_Store/select_--Select--BA1150BA4110)): 4 options of object 'Object Repository/Emergency/Page_Store/select_--Select--BA1150BA4110' counted

2018-05-30 15:07:40 - [MESSAGE][PASSED] - 4 options of object 'Object Repository/Emergency/Page_Store/select_--Select--BA1150BA4110' counted

2018-05-30 15:07:40 - [TEST_STEP][PASSED] - Statement - For ([g = 1, g <= BatchNumber - 1, (g++)]): null

2018-05-30 15:07:40 - [TEST_STEP][PASSED] - selectOptionByIndex: All options with index in [1] are selected on object 'Object Repository/Emergency/Page_Store/select_--Select--BA1150BA4110'

2018-05-30 15:07:40 - [MESSAGE][PASSED] - All options with index in [1] are selected on object 'Object Repository/Emergency/Page_Store/select_--Select--BA1150BA4110'

2018-05-30 15:07:40 - [TEST_STEP][PASSED] - delay: Delayed 2 second(s)

2018-05-30 15:07:42 - [MESSAGE][PASSED] - Delayed 2 second(s)

2018-05-30 15:07:42 - [TEST_STEP][PASSED] - Statement - Try: null

2018-05-30 15:07:42 - [TEST_STEP][PASSED] - Statement - StockQty = com.kms.katalon.core.webui.keyword.WebUiBuiltInKeywords.getAttribute(com.kms.katalon.core.testobject.ObjectRepository.findTestObject(Emergency/Page_Store/input_txtprice), "value"): Attribute 'value' of object 'Object Repository/Emergency/Page_Store/input_txtprice' is: '435'

2018-05-30 15:07:42 - [MESSAGE][PASSED] - Attribute 'value' of object 'Object Repository/Emergency/Page_Store/input_txtprice' is: '435'

2018-05-30 15:07:42 - [TEST_STEP][PASSED] - Statement - out.println("Stock QTY : " + StockQty): null

2018-05-30 15:07:42 - [TEST_STEP][PASSED] - delay: Delayed 2 second(s)

2018-05-30 15:07:44 - [MESSAGE][PASSED] - Delayed 2 second(s)

2018-05-30 15:07:44 - [TEST_STEP][PASSED] - Statement - If (java.lang.Integer.valueOf(StockQty) >= java.lang.Integer.valueOf(RequestedQty)): null

2018-05-30 15:07:44 - [TEST_STEP][PASSED] - delay: Delayed 1 second(s)

2018-05-30 15:07:45 - [MESSAGE][PASSED] - Delayed 1 second(s)

2018-05-30 15:07:45 - [TEST_STEP][PASSED] - setText: Text '10' is set on object 'Object Repository/Emergency/Page_Store/input_txtqty'

2018-05-30 15:07:45 - [MESSAGE][PASSED] - Text '10' is set on object 'Object Repository/Emergency/Page_Store/input_txtqty'

2018-05-30 15:07:45 - [TEST_STEP][PASSED] - click: Object: 'Object Repository/Emergency/Page_Store/button_Add' is clicked on

2018-05-30 15:07:45 - [MESSAGE][PASSED] - Object: 'Object Repository/Emergency/Page_Store/button_Add' is clicked on

2018-05-30 15:07:45 - [TEST_STEP][PASSED] - Statement - Break: null

2018-05-30 15:07:45 - [TEST_STEP][PASSED] - selectOptionByIndex: All options with index in [12] are selected on object 'Object Repository/Emergency/Page_Store/select_--Select--Amikacin -500'

2018-05-30 15:07:46 - [MESSAGE][PASSED] - All options with index in [12] are selected on object 'Object Repository/Emergency/Page_Store/select_--Select--Amikacin -500'

2018-05-30 15:07:46 - [TEST_STEP][PASSED] - delay: Delayed 2 second(s)

2018-05-30 15:07:48 - [MESSAGE][PASSED] - Delayed 2 second(s)

2018-05-30 15:07:48 - [TEST_STEP][PASSED] - Statement - RequestedQty = com.kms.katalon.core.webui.keyword.WebUiBuiltInKeywords.getAttribute(com.kms.katalon.core.testobject.ObjectRepository.findTestObject(Emergency/Page_Store/input_txttotal), "value"): Attribute 'value' of object 'Object Repository/Emergency/Page_Store/input_txttotal' is: '10'

2018-05-30 15:07:48 - [MESSAGE][PASSED] - Attribute 'value' of object 'Object Repository/Emergency/Page_Store/input_txttotal' is: '10'

2018-05-30 15:07:48 - [TEST_STEP][PASSED] - Statement - out.println("Requested QTY : " + RequestedQty): null

2018-05-30 15:07:48 - [TEST_STEP][PASSED] - Statement - BatchNumber = com.kms.katalon.core.webui.keyword.WebUiBuiltInKeywords.getNumberOfTotalOption(com.kms.katalon.core.testobject.ObjectRepository.findTestObject(Emergency/Page_Store/select_--Select--BA1150BA4110)): 2 options of object 'Object Repository/Emergency/Page_Store/select_--Select--BA1150BA4110' counted

2018-05-30 15:07:48 - [MESSAGE][PASSED] - 2 options of object 'Object Repository/Emergency/Page_Store/select_--Select--BA1150BA4110' counted

2018-05-30 15:07:48 - [TEST_STEP][PASSED] - Statement - For ([g = 1, g <= BatchNumber - 1, (g++)]): null

2018-05-30 15:07:48 - [TEST_STEP][PASSED] - selectOptionByIndex: All options with index in [1] are selected on object 'Object Repository/Emergency/Page_Store/select_--Select--BA1150BA4110'

2018-05-30 15:07:48 - [MESSAGE][PASSED] - All options with index in [1] are selected on object 'Object Repository/Emergency/Page_Store/select_--Select--BA1150BA4110'

2018-05-30 15:07:48 - [TEST_STEP][PASSED] - delay: Delayed 2 second(s)

2018-05-30 15:07:50 - [MESSAGE][PASSED] - Delayed 2 second(s)

2018-05-30 15:07:50 - [TEST_STEP][PASSED] - Statement - Try: null

2018-05-30 15:07:50 - [TEST_STEP][PASSED] - Statement - StockQty = com.kms.katalon.core.webui.keyword.WebUiBuiltInKeywords.getAttribute(com.kms.katalon.core.testobject.ObjectRepository.findTestObject(Emergency/Page_Store/input_txtprice), "value"): Attribute 'value' of object 'Object Repository/Emergency/Page_Store/input_txtprice' is: '1445'

2018-05-30 15:07:50 - [MESSAGE][PASSED] - Attribute 'value' of object 'Object Repository/Emergency/Page_Store/input_txtprice' is: '1445'

2018-05-30 15:07:50 - [TEST_STEP][PASSED] - Statement - out.println("Stock QTY : " + StockQty): null

2018-05-30 15:07:50 - [TEST_STEP][PASSED] - delay: Delayed 2 second(s)

2018-05-30 15:07:52 - [MESSAGE][PASSED] - Delayed 2 second(s)

2018-05-30 15:07:52 - [TEST_STEP][PASSED] - Statement - If (java.lang.Integer.valueOf(StockQty) >= java.lang.Integer.valueOf(RequestedQty)): null

2018-05-30 15:07:52 - [TEST_STEP][PASSED] - delay: Delayed 1 second(s)

2018-05-30 15:07:53 - [MESSAGE][PASSED] - Delayed 1 second(s)

2018-05-30 15:07:53 - [TEST_STEP][PASSED] - setText: Text '10' is set on object 'Object Repository/Emergency/Page_Store/input_txtqty'

2018-05-30 15:07:53 - [MESSAGE][PASSED] - Text '10' is set on object 'Object Repository/Emergency/Page_Store/input_txtqty'

2018-05-30 15:07:53 - [TEST_STEP][PASSED] - click: Object: 'Object Repository/Emergency/Page_Store/button_Add' is clicked on

2018-05-30 15:07:53 - [MESSAGE][PASSED] - Object: 'Object Repository/Emergency/Page_Store/button_Add' is clicked on

2018-05-30 15:07:53 - [TEST_STEP][PASSED] - Statement - Break: null

2018-05-30 15:07:53 - [TEST_STEP][PASSED] - selectOptionByIndex: All options with index in [13] are selected on object 'Object Repository/Emergency/Page_Store/select_--Select--Amikacin -500'

2018-05-30 15:07:53 - [MESSAGE][PASSED] - All options with index in [13] are selected on object 'Object Repository/Emergency/Page_Store/select_--Select--Amikacin -500'

2018-05-30 15:07:53 - [TEST_STEP][PASSED] - delay: Delayed 2 second(s)

2018-05-30 15:07:55 - [MESSAGE][PASSED] - Delayed 2 second(s)

2018-05-30 15:07:55 - [TEST_STEP][PASSED] - Statement - RequestedQty = com.kms.katalon.core.webui.keyword.WebUiBuiltInKeywords.getAttribute(com.kms.katalon.core.testobject.ObjectRepository.findTestObject(Emergency/Page_Store/input_txttotal), "value"): Attribute 'value' of object 'Object Repository/Emergency/Page_Store/input_txttotal' is: '10'

2018-05-30 15:07:55 - [MESSAGE][PASSED] - Attribute 'value' of object 'Object Repository/Emergency/Page_Store/input_txttotal' is: '10'

2018-05-30 15:07:55 - [TEST_STEP][PASSED] - Statement - out.println("Requested QTY : " + RequestedQty): null

2018-05-30 15:07:55 - [TEST_STEP][PASSED] - Statement - BatchNumber = com.kms.katalon.core.webui.keyword.WebUiBuiltInKeywords.getNumberOfTotalOption(com.kms.katalon.core.testobject.ObjectRepository.findTestObject(Emergency/Page_Store/select_--Select--BA1150BA4110)): 3 options of object 'Object Repository/Emergency/Page_Store/select_--Select--BA1150BA4110' counted

2018-05-30 15:07:55 - [MESSAGE][PASSED] - 3 options of object 'Object Repository/Emergency/Page_Store/select_--Select--BA1150BA4110' counted

2018-05-30 15:07:55 - [TEST_STEP][PASSED] - Statement - For ([g = 1, g <= BatchNumber - 1, (g++)]): null

2018-05-30 15:07:55 - [TEST_STEP][PASSED] - selectOptionByIndex: All options with index in [1] are selected on object 'Object Repository/Emergency/Page_Store/select_--Select--BA1150BA4110'

2018-05-30 15:07:56 - [MESSAGE][PASSED] - All options with index in [1] are selected on object 'Object Repository/Emergency/Page_Store/select_--Select--BA1150BA4110'

2018-05-30 15:07:56 - [TEST_STEP][PASSED] - delay: Delayed 2 second(s)

2018-05-30 15:07:58 - [MESSAGE][PASSED] - Delayed 2 second(s)

2018-05-30 15:07:58 - [TEST_STEP][PASSED] - Statement - Try: null

2018-05-30 15:07:58 - [TEST_STEP][PASSED] - Statement - StockQty = com.kms.katalon.core.webui.keyword.WebUiBuiltInKeywords.getAttribute(com.kms.katalon.core.testobject.ObjectRepository.findTestObject(Emergency/Page_Store/input_txtprice), "value"): Attribute 'value' of object 'Object Repository/Emergency/Page_Store/input_txtprice' is: '435'

2018-05-30 15:07:58 - [MESSAGE][PASSED] - Attribute 'value' of object 'Object Repository/Emergency/Page_Store/input_txtprice' is: '435'

2018-05-30 15:07:58 - [TEST_STEP][PASSED] - Statement - out.println("Stock QTY : " + StockQty): null

2018-05-30 15:07:58 - [TEST_STEP][PASSED] - delay: Delayed 2 second(s)

2018-05-30 15:08:00 - [MESSAGE][PASSED] - Delayed 2 second(s)

2018-05-30 15:08:00 - [TEST_STEP][PASSED] - Statement - If (java.lang.Integer.valueOf(StockQty) >= java.lang.Integer.valueOf(RequestedQty)): null

2018-05-30 15:08:00 - [TEST_STEP][PASSED] - delay: Delayed 1 second(s)

2018-05-30 15:08:01 - [MESSAGE][PASSED] - Delayed 1 second(s)

2018-05-30 15:08:01 - [TEST_STEP][PASSED] - setText: Text '10' is set on object 'Object Repository/Emergency/Page_Store/input_txtqty'

2018-05-30 15:08:01 - [MESSAGE][PASSED] - Text '10' is set on object 'Object Repository/Emergency/Page_Store/input_txtqty'

2018-05-30 15:08:01 - [TEST_STEP][PASSED] - click: Object: 'Object Repository/Emergency/Page_Store/button_Add' is clicked on

2018-05-30 15:08:01 - [MESSAGE][PASSED] - Object: 'Object Repository/Emergency/Page_Store/button_Add' is clicked on

2018-05-30 15:08:01 - [TEST_STEP][PASSED] - Statement - Break: null

2018-05-30 15:08:01 - [TEST_STEP][PASSED] - selectOptionByIndex: All options with index in [14] are selected on object 'Object Repository/Emergency/Page_Store/select_--Select--Amikacin -500'

2018-05-30 15:08:01 - [MESSAGE][PASSED] - All options with index in [14] are selected on object 'Object Repository/Emergency/Page_Store/select_--Select--Amikacin -500'

2018-05-30 15:08:01 - [TEST_STEP][PASSED] - delay: Delayed 2 second(s)

2018-05-30 15:08:03 - [MESSAGE][PASSED] - Delayed 2 second(s)

2018-05-30 15:08:03 - [TEST_STEP][PASSED] - Statement - RequestedQty = com.kms.katalon.core.webui.keyword.WebUiBuiltInKeywords.getAttribute(com.kms.katalon.core.testobject.ObjectRepository.findTestObject(Emergency/Page_Store/input_txttotal), "value"): Attribute 'value' of object 'Object Repository/Emergency/Page_Store/input_txttotal' is: '20'

2018-05-30 15:08:03 - [MESSAGE][PASSED] - Attribute 'value' of object 'Object Repository/Emergency/Page_Store/input_txttotal' is: '20'

2018-05-30 15:08:03 - [TEST_STEP][PASSED] - Statement - out.println("Requested QTY : " + RequestedQty): null

2018-05-30 15:08:03 - [TEST_STEP][PASSED] - Statement - BatchNumber = com.kms.katalon.core.webui.keyword.WebUiBuiltInKeywords.getNumberOfTotalOption(com.kms.katalon.core.testobject.ObjectRepository.findTestObject(Emergency/Page_Store/select_--Select--BA1150BA4110)): 3 options of object 'Object Repository/Emergency/Page_Store/select_--Select--BA1150BA4110' counted

2018-05-30 15:08:03 - [MESSAGE][PASSED] - 3 options of object 'Object Repository/Emergency/Page_Store/select_--Select--BA1150BA4110' counted

2018-05-30 15:08:03 - [TEST_STEP][PASSED] - Statement - For ([g = 1, g <= BatchNumber - 1, (g++)]): null

2018-05-30 15:08:03 - [TEST_STEP][PASSED] - selectOptionByIndex: All options with index in [1] are selected on object 'Object Repository/Emergency/Page_Store/select_--Select--BA1150BA4110'

2018-05-30 15:08:03 - [MESSAGE][PASSED] - All options with index in [1] are selected on object 'Object Repository/Emergency/Page_Store/select_--Select--BA1150BA4110'

2018-05-30 15:08:03 - [TEST_STEP][PASSED] - delay: Delayed 2 second(s)

2018-05-30 15:08:05 - [MESSAGE][PASSED] - Delayed 2 second(s)

2018-05-30 15:08:05 - [TEST_STEP][PASSED] - Statement - Try: null

2018-05-30 15:08:05 - [TEST_STEP][PASSED] - Statement - StockQty = com.kms.katalon.core.webui.keyword.WebUiBuiltInKeywords.getAttribute(com.kms.katalon.core.testobject.ObjectRepository.findTestObject(Emergency/Page_Store/input_txtprice), "value"): Attribute 'value' of object 'Object Repository/Emergency/Page_Store/input_txtprice' is: '2945'

2018-05-30 15:08:05 - [MESSAGE][PASSED] - Attribute 'value' of object 'Object Repository/Emergency/Page_Store/input_txtprice' is: '2945'

2018-05-30 15:08:05 - [TEST_STEP][PASSED] - Statement - out.println("Stock QTY : " + StockQty): null

2018-05-30 15:08:05 - [TEST_STEP][PASSED] - delay: Delayed 2 second(s)

2018-05-30 15:08:07 - [MESSAGE][PASSED] - Delayed 2 second(s)

2018-05-30 15:08:07 - [TEST_STEP][PASSED] - Statement - If (java.lang.Integer.valueOf(StockQty) >= java.lang.Integer.valueOf(RequestedQty)): null

2018-05-30 15:08:07 - [TEST_STEP][PASSED] - delay: Delayed 1 second(s)

2018-05-30 15:08:08 - [MESSAGE][PASSED] - Delayed 1 second(s)

2018-05-30 15:08:08 - [TEST_STEP][PASSED] - setText: Text '10' is set on object 'Object Repository/Emergency/Page_Store/input_txtqty'

2018-05-30 15:08:08 - [MESSAGE][PASSED] - Text '10' is set on object 'Object Repository/Emergency/Page_Store/input_txtqty'

2018-05-30 15:08:08 - [TEST_STEP][PASSED] - click: Object: 'Object Repository/Emergency/Page_Store/button_Add' is clicked on

2018-05-30 15:08:08 - [MESSAGE][PASSED] - Object: 'Object Repository/Emergency/Page_Store/button_Add' is clicked on

2018-05-30 15:08:08 - [TEST_STEP][PASSED] - Statement - Break: null

2018-05-30 15:08:08 - [TEST_STEP][PASSED] - selectOptionByIndex: All options with index in [15] are selected on object 'Object Repository/Emergency/Page_Store/select_--Select--Amikacin -500'

2018-05-30 15:08:09 - [MESSAGE][PASSED] - All options with index in [15] are selected on object 'Object Repository/Emergency/Page_Store/select_--Select--Amikacin -500'

2018-05-30 15:08:09 - [TEST_STEP][PASSED] - delay: Delayed 2 second(s)

2018-05-30 15:08:11 - [MESSAGE][PASSED] - Delayed 2 second(s)

2018-05-30 15:08:11 - [TEST_STEP][PASSED] - Statement - RequestedQty = com.kms.katalon.core.webui.keyword.WebUiBuiltInKeywords.getAttribute(com.kms.katalon.core.testobject.ObjectRepository.findTestObject(Emergency/Page_Store/input_txttotal), "value"): Attribute 'value' of object 'Object Repository/Emergency/Page_Store/input_txttotal' is: '20'

2018-05-30 15:08:11 - [MESSAGE][PASSED] - Attribute 'value' of object 'Object Repository/Emergency/Page_Store/input_txttotal' is: '20'

2018-05-30 15:08:11 - [TEST_STEP][PASSED] - Statement - out.println("Requested QTY : " + RequestedQty): null

2018-05-30 15:08:11 - [TEST_STEP][PASSED] - Statement - BatchNumber = com.kms.katalon.core.webui.keyword.WebUiBuiltInKeywords.getNumberOfTotalOption(com.kms.katalon.core.testobject.ObjectRepository.findTestObject(Emergency/Page_Store/select_--Select--BA1150BA4110)): 3 options of object 'Object Repository/Emergency/Page_Store/select_--Select--BA1150BA4110' counted

2018-05-30 15:08:11 - [MESSAGE][PASSED] - 3 options of object 'Object Repository/Emergency/Page_Store/select_--Select--BA1150BA4110' counted

2018-05-30 15:08:11 - [TEST_STEP][PASSED] - Statement - For ([g = 1, g <= BatchNumber - 1, (g++)]): null

2018-05-30 15:08:11 - [TEST_STEP][PASSED] - selectOptionByIndex: All options with index in [1] are selected on object 'Object Repository/Emergency/Page_Store/select_--Select--BA1150BA4110'

2018-05-30 15:08:11 - [MESSAGE][PASSED] - All options with index in [1] are selected on object 'Object Repository/Emergency/Page_Store/select_--Select--BA1150BA4110'

2018-05-30 15:08:11 - [TEST_STEP][PASSED] - delay: Delayed 2 second(s)

2018-05-30 15:08:13 - [MESSAGE][PASSED] - Delayed 2 second(s)

2018-05-30 15:08:13 - [TEST_STEP][PASSED] - Statement - Try: null

2018-05-30 15:08:13 - [TEST_STEP][PASSED] - Statement - StockQty = com.kms.katalon.core.webui.keyword.WebUiBuiltInKeywords.getAttribute(com.kms.katalon.core.testobject.ObjectRepository.findTestObject(Emergency/Page_Store/input_txtprice), "value"): Attribute 'value' of object 'Object Repository/Emergency/Page_Store/input_txtprice' is: '2955'

2018-05-30 15:08:13 - [MESSAGE][PASSED] - Attribute 'value' of object 'Object Repository/Emergency/Page_Store/input_txtprice' is: '2955'

2018-05-30 15:08:13 - [TEST_STEP][PASSED] - Statement - out.println("Stock QTY : " + StockQty): null

2018-05-30 15:08:13 - [TEST_STEP][PASSED] - delay: Delayed 2 second(s)

2018-05-30 15:08:15 - [MESSAGE][PASSED] - Delayed 2 second(s)

2018-05-30 15:08:15 - [TEST_STEP][PASSED] - Statement - If (java.lang.Integer.valueOf(StockQty) >= java.lang.Integer.valueOf(RequestedQty)): null

2018-05-30 15:08:15 - [TEST_STEP][PASSED] - delay: Delayed 1 second(s)

2018-05-30 15:08:16 - [MESSAGE][PASSED] - Delayed 1 second(s)

2018-05-30 15:08:16 - [TEST_STEP][PASSED] - setText: Text '10' is set on object 'Object Repository/Emergency/Page_Store/input_txtqty'

2018-05-30 15:08:16 - [MESSAGE][PASSED] - Text '10' is set on object 'Object Repository/Emergency/Page_Store/input_txtqty'

2018-05-30 15:08:16 - [TEST_STEP][PASSED] - click: Object: 'Object Repository/Emergency/Page_Store/button_Add' is clicked on

2018-05-30 15:08:16 - [MESSAGE][PASSED] - Object: 'Object Repository/Emergency/Page_Store/button_Add' is clicked on

2018-05-30 15:08:16 - [TEST_STEP][PASSED] - Statement - Break: null

2018-05-30 15:08:16 - [TEST_STEP][PASSED] - selectOptionByIndex: All options with index in [16] are selected on object 'Object Repository/Emergency/Page_Store/select_--Select--Amikacin -500'

2018-05-30 15:08:16 - [MESSAGE][PASSED] - All options with index in [16] are selected on object 'Object Repository/Emergency/Page_Store/select_--Select--Amikacin -500'

2018-05-30 15:08:16 - [TEST_STEP][PASSED] - delay: Delayed 2 second(s)

2018-05-30 15:08:18 - [MESSAGE][PASSED] - Delayed 2 second(s)

2018-05-30 15:08:18 - [TEST_STEP][PASSED] - Statement - RequestedQty = com.kms.katalon.core.webui.keyword.WebUiBuiltInKeywords.getAttribute(com.kms.katalon.core.testobject.ObjectRepository.findTestObject(Emergency/Page_Store/input_txttotal), "value"): Attribute 'value' of object 'Object Repository/Emergency/Page_Store/input_txttotal' is: '10'

2018-05-30 15:08:18 - [MESSAGE][PASSED] - Attribute 'value' of object 'Object Repository/Emergency/Page_Store/input_txttotal' is: '10'

2018-05-30 15:08:18 - [TEST_STEP][PASSED] - Statement - out.println("Requested QTY : " + RequestedQty): null

2018-05-30 15:08:18 - [TEST_STEP][PASSED] - Statement - BatchNumber = com.kms.katalon.core.webui.keyword.WebUiBuiltInKeywords.getNumberOfTotalOption(com.kms.katalon.core.testobject.ObjectRepository.findTestObject(Emergency/Page_Store/select_--Select--BA1150BA4110)): 3 options of object 'Object Repository/Emergency/Page_Store/select_--Select--BA1150BA4110' counted

2018-05-30 15:08:18 - [MESSAGE][PASSED] - 3 options of object 'Object Repository/Emergency/Page_Store/select_--Select--BA1150BA4110' counted

2018-05-30 15:08:18 - [TEST_STEP][PASSED] - Statement - For ([g = 1, g <= BatchNumber - 1, (g++)]): null

2018-05-30 15:08:18 - [TEST_STEP][PASSED] - selectOptionByIndex: All options with index in [1] are selected on object 'Object Repository/Emergency/Page_Store/select_--Select--BA1150BA4110'

2018-05-30 15:08:19 - [MESSAGE][PASSED] - All options with index in [1] are selected on object 'Object Repository/Emergency/Page_Store/select_--Select--BA1150BA4110'

2018-05-30 15:08:19 - [TEST_STEP][PASSED] - delay: Delayed 2 second(s)

2018-05-30 15:08:21 - [MESSAGE][PASSED] - Delayed 2 second(s)

2018-05-30 15:08:21 - [TEST_STEP][PASSED] - Statement - Try: null

2018-05-30 15:08:21 - [TEST_STEP][PASSED] - Statement - StockQty = com.kms.katalon.core.webui.keyword.WebUiBuiltInKeywords.getAttribute(com.kms.katalon.core.testobject.ObjectRepository.findTestObject(Emergency/Page_Store/input_txtprice), "value"): Attribute 'value' of object 'Object Repository/Emergency/Page_Store/input_txtprice' is: '445'

2018-05-30 15:08:21 - [MESSAGE][PASSED] - Attribute 'value' of object 'Object Repository/Emergency/Page_Store/input_txtprice' is: '445'

2018-05-30 15:08:21 - [TEST_STEP][PASSED] - Statement - out.println("Stock QTY : " + StockQty): null

2018-05-30 15:08:21 - [TEST_STEP][PASSED] - delay: Delayed 2 second(s)

2018-05-30 15:08:23 - [MESSAGE][PASSED] - Delayed 2 second(s)

2018-05-30 15:08:23 - [TEST_STEP][PASSED] - Statement - If (java.lang.Integer.valueOf(StockQty) >= java.lang.Integer.valueOf(RequestedQty)): null

2018-05-30 15:08:23 - [TEST_STEP][PASSED] - delay: Delayed 1 second(s)

2018-05-30 15:08:24 - [MESSAGE][PASSED] - Delayed 1 second(s)

2018-05-30 15:08:24 - [TEST_STEP][PASSED] - setText: Text '10' is set on object 'Object Repository/Emergency/Page_Store/input_txtqty'

2018-05-30 15:08:24 - [MESSAGE][PASSED] - Text '10' is set on object 'Object Repository/Emergency/Page_Store/input_txtqty'

2018-05-30 15:08:24 - [TEST_STEP][PASSED] - click: Object: 'Object Repository/Emergency/Page_Store/button_Add' is clicked on

2018-05-30 15:08:24 - [MESSAGE][PASSED] - Object: 'Object Repository/Emergency/Page_Store/button_Add' is clicked on

2018-05-30 15:08:24 - [TEST_STEP][PASSED] - Statement - Break: null

2018-05-30 15:08:24 - [TEST_STEP][PASSED] - selectOptionByIndex: All options with index in [17] are selected on object 'Object Repository/Emergency/Page_Store/select_--Select--Amikacin -500'

2018-05-30 15:08:24 - [MESSAGE][PASSED] - All options with index in [17] are selected on object 'Object Repository/Emergency/Page_Store/select_--Select--Amikacin -500'

2018-05-30 15:08:24 - [TEST_STEP][PASSED] - delay: Delayed 2 second(s)

2018-05-30 15:08:26 - [MESSAGE][PASSED] - Delayed 2 second(s)

2018-05-30 15:08:26 - [TEST_STEP][PASSED] - Statement - RequestedQty = com.kms.katalon.core.webui.keyword.WebUiBuiltInKeywords.getAttribute(com.kms.katalon.core.testobject.ObjectRepository.findTestObject(Emergency/Page_Store/input_txttotal), "value"): Attribute 'value' of object 'Object Repository/Emergency/Page_Store/input_txttotal' is: '10'

2018-05-30 15:08:26 - [MESSAGE][PASSED] - Attribute 'value' of object 'Object Repository/Emergency/Page_Store/input_txttotal' is: '10'

2018-05-30 15:08:26 - [TEST_STEP][PASSED] - Statement - out.println("Requested QTY : " + RequestedQty): null

2018-05-30 15:08:26 - [TEST_STEP][PASSED] - Statement - BatchNumber = com.kms.katalon.core.webui.keyword.WebUiBuiltInKeywords.getNumberOfTotalOption(com.kms.katalon.core.testobject.ObjectRepository.findTestObject(Emergency/Page_Store/select_--Select--BA1150BA4110)): 2 options of object 'Object Repository/Emergency/Page_Store/select_--Select--BA1150BA4110' counted

2018-05-30 15:08:26 - [MESSAGE][PASSED] - 2 options of object 'Object Repository/Emergency/Page_Store/select_--Select--BA1150BA4110' counted

2018-05-30 15:08:26 - [TEST_STEP][PASSED] - Statement - For ([g = 1, g <= BatchNumber - 1, (g++)]): null

2018-05-30 15:08:26 - [TEST_STEP][PASSED] - selectOptionByIndex: All options with index in [1] are selected on object 'Object Repository/Emergency/Page_Store/select_--Select--BA1150BA4110'

2018-05-30 15:08:26 - [MESSAGE][PASSED] - All options with index in [1] are selected on object 'Object Repository/Emergency/Page_Store/select_--Select--BA1150BA4110'

2018-05-30 15:08:26 - [TEST_STEP][PASSED] - delay: Delayed 2 second(s)

2018-05-30 15:08:28 - [MESSAGE][PASSED] - Delayed 2 second(s)

2018-05-30 15:08:28 - [TEST_STEP][PASSED] - Statement - Try: null

2018-05-30 15:08:28 - [TEST_STEP][PASSED] - Statement - StockQty = com.kms.katalon.core.webui.keyword.WebUiBuiltInKeywords.getAttribute(com.kms.katalon.core.testobject.ObjectRepository.findTestObject(Emergency/Page_Store/input_txtprice), "value"): Attribute 'value' of object 'Object Repository/Emergency/Page_Store/input_txtprice' is: '1475'

2018-05-30 15:08:30 - [MESSAGE][PASSED] - Attribute 'value' of object 'Object Repository/Emergency/Page_Store/input_txtprice' is: '1475'

2018-05-30 15:08:30 - [TEST_STEP][PASSED] - Statement - out.println("Stock QTY : " + StockQty): null

2018-05-30 15:08:30 - [TEST_STEP][PASSED] - delay: Delayed 2 second(s)

2018-05-30 15:08:32 - [MESSAGE][PASSED] - Delayed 2 second(s)

2018-05-30 15:08:32 - [TEST_STEP][PASSED] - Statement - If (java.lang.Integer.valueOf(StockQty) >= java.lang.Integer.valueOf(RequestedQty)): null

2018-05-30 15:08:32 - [TEST_STEP][PASSED] - delay: Delayed 1 second(s)

2018-05-30 15:08:33 - [MESSAGE][PASSED] - Delayed 1 second(s)

2018-05-30 15:08:33 - [TEST_STEP][PASSED] - setText: Text '10' is set on object 'Object Repository/Emergency/Page_Store/input_txtqty'

2018-05-30 15:08:33 - [MESSAGE][PASSED] - Text '10' is set on object 'Object Repository/Emergency/Page_Store/input_txtqty'

2018-05-30 15:08:33 - [TEST_STEP][PASSED] - click: Object: 'Object Repository/Emergency/Page_Store/button_Add' is clicked on

2018-05-30 15:08:33 - [MESSAGE][PASSED] - Object: 'Object Repository/Emergency/Page_Store/button_Add' is clicked on

2018-05-30 15:08:33 - [TEST_STEP][PASSED] - Statement - Break: null

2018-05-30 15:08:33 - [TEST_STEP][PASSED] - scrollToElement: Scroll to object 'Object Repository/Emergency/Page_Store/input_btnSubmit' successfully

2018-05-30 15:08:33 - [MESSAGE][PASSED] - Scroll to object 'Object Repository/Emergency/Page_Store/input_btnSubmit' successfully

2018-05-30 15:08:33 - [TEST_STEP][PASSED] - Statement - Try: Object: 'Object Repository/lab/Page_Store/button_OK' is clicked on

2018-05-30 15:08:33 - [TEST_STEP][PASSED] - click: Object: 'Object Repository/Emergency/Page_Store/input_btnSubmit' is clicked on

2018-05-30 15:08:33 - [MESSAGE][PASSED] - Object: 'Object Repository/Emergency/Page_Store/input_btnSubmit' is clicked on

2018-05-30 15:08:33 - [TEST_STEP][PASSED] - delay: Delayed 3 second(s)

2018-05-30 15:08:36 - [MESSAGE][PASSED] - Delayed 3 second(s)

2018-05-30 15:08:36 - [TEST_STEP][PASSED] - click: Object: 'Object Repository/lab/Page_Store/button_OK' is clicked on

2018-05-30 15:08:37 - [MESSAGE][PASSED] - Object: 'Object Repository/lab/Page_Store/button_OK' is clicked on

2018-05-30 15:08:37 - [TEST_STEP][PASSED] - delay: Delayed 3 second(s)

2018-05-30 15:08:40 - [MESSAGE][PASSED] - Delayed 3 second(s)

2018-05-30 15:08:40 - [TEST_STEP][PASSED] - click: Object: 'Object Repository/Emergency/Page_Store/a_dropdown-toggle' is clicked on

2018-05-30 15:08:40 - [MESSAGE][PASSED] - Object: 'Object Repository/Emergency/Page_Store/a_dropdown-toggle' is clicked on

2018-05-30 15:08:40 - [TEST_STEP][PASSED] - click: Object: 'Object Repository/Emergency/Page_Store/a_Sign out' is clicked on

2018-05-30 15:08:41 - [MESSAGE][PASSED] - Object: 'Object Repository/Emergency/Page_Store/a_Sign out' is clicked on

2018-05-30 15:08:41 - [TEST_STEP][PASSED] - closeBrowser: Browser is closed

2018-05-30 15:08:41 - [MESSAGE][PASSED] - Browser is closed

2018-05-30 15:08:41 - [TEST_STEP][PASSED] - Statement - out.println("Schedule 8 Emergency Request Are Working Successfully"): null]]></system-out>
         <system-err><![CDATA[]]></system-err>
      </testcase>
      <testcase name="Test Cases/EMERGENCY TEST CASES/TC_ER_006 Verify Schedule 9 Emergency  Request Are Working Successfully Or Not" classname="Test Cases/EMERGENCY TEST CASES/TC_ER_006 Verify Schedule 9 Emergency  Request Are Working Successfully Or Not" status="FAILED">
         <failure type="FAILED" message="Unable to get text of object 'Object Repository/Emergency/Page_KDMC - Emergency/font_ERNO100520183' (Root cause: com.kms.katalon.core.webui.exception.WebElementNotFoundException: Web element with id: 'Object Repository/Emergency/Page_KDMC - Emergency/font_ERNO100520183' located by 'By.xpath: /html[1]/body[@class=&quot;skin-blue  pace-done modal-open&quot;]/div[@class=&quot;bootbox modal fade bootbox-alert in&quot;]/div[@class=&quot;modal-dialog&quot;]/div[@class=&quot;modal-content&quot;]/div[@class=&quot;modal-body&quot;]/div[@class=&quot;bootbox-body&quot;]/b[1]/font[1]' not found)"/>
         <system-out><![CDATA[2018-05-30 15:08:41 - [TEST_CASE][FAILED] - Test Cases/EMERGENCY TEST CASES/TC_ER_006 Verify Schedule 9 Emergency  Request Are Working Successfully Or Not: Test Cases/EMERGENCY TEST CASES/TC_ER_006 Verify Schedule 9 Emergency  Request Are Working Successfully Or Not FAILED because (of) Unable to get text of object 'Object Repository/Emergency/Page_KDMC - Emergency/font_ERNO100520183' (Root cause: com.kms.katalon.core.webui.exception.WebElementNotFoundException: Web element with id: 'Object Repository/Emergency/Page_KDMC - Emergency/font_ERNO100520183' located by 'By.xpath: /html[1]/body[@class="skin-blue  pace-done modal-open"]/div[@class="bootbox modal fade bootbox-alert in"]/div[@class="modal-dialog"]/div[@class="modal-content"]/div[@class="modal-body"]/div[@class="bootbox-body"]/b[1]/font[1]' not found)

2018-05-30 15:08:42 - [TEST_STEP][PASSED] - openBrowser: Browser is opened with url: ''

2018-05-30 15:08:44 - [MESSAGE][PASSED] - Browser is opened with url: ''

2018-05-30 15:08:44 - [TEST_STEP][PASSED] - Statement - out.println("Verify Schedule 9 Emergency  Request Are Working Successfully Or Not"): null

2018-05-30 15:08:44 - [TEST_STEP][PASSED] - navigateToUrl: Navigate to 'http://192.168.137.1/Multihospital_New/EmergencyLogin.aspx' successfully

2018-05-30 15:08:46 - [MESSAGE][PASSED] - Navigate to 'http://192.168.137.1/Multihospital_New/EmergencyLogin.aspx' successfully

2018-05-30 15:08:46 - [TEST_STEP][PASSED] - maximizeWindow: Current window maximized

2018-05-30 15:08:47 - [MESSAGE][PASSED] - Current window maximized

2018-05-30 15:08:47 - [TEST_STEP][PASSED] - setText: Text 'nivetha' is set on object 'Object Repository/Emergency/Page_Emergency login/input_txtusername'

2018-05-30 15:08:47 - [MESSAGE][PASSED] - Text 'nivetha' is set on object 'Object Repository/Emergency/Page_Emergency login/input_txtusername'

2018-05-30 15:08:47 - [TEST_STEP][PASSED] - setText: Text '123' is set on object 'Object Repository/Emergency/Page_Emergency login/input_txtpassword'

2018-05-30 15:08:47 - [MESSAGE][PASSED] - Text '123' is set on object 'Object Repository/Emergency/Page_Emergency login/input_txtpassword'

2018-05-30 15:08:47 - [TEST_STEP][PASSED] - delay: Delayed 3 second(s)

2018-05-30 15:08:50 - [MESSAGE][PASSED] - Delayed 3 second(s)

2018-05-30 15:08:50 - [TEST_STEP][PASSED] - click: Object: 'Object Repository/Emergency/Page_Emergency login/button_Sign in' is clicked on

2018-05-30 15:08:51 - [MESSAGE][PASSED] - Object: 'Object Repository/Emergency/Page_Emergency login/button_Sign in' is clicked on

2018-05-30 15:08:51 - [TEST_STEP][PASSED] - delay: Delayed 3 second(s)

2018-05-30 15:08:54 - [MESSAGE][PASSED] - Delayed 3 second(s)

2018-05-30 15:08:54 - [TEST_STEP][PASSED] - click: Object: 'Object Repository/Emergency/Page_KDMC - Emergency/a_Store Request' is clicked on

2018-05-30 15:08:54 - [MESSAGE][PASSED] - Object: 'Object Repository/Emergency/Page_KDMC - Emergency/a_Store Request' is clicked on

2018-05-30 15:08:54 - [TEST_STEP][PASSED] - delay: Delayed 2 second(s)

2018-05-30 15:08:56 - [MESSAGE][PASSED] - Delayed 2 second(s)

2018-05-30 15:08:56 - [TEST_STEP][PASSED] - click: Object: 'Object Repository/Emergency/Page_KDMC - Emergency/a_Medicine Request' is clicked on

2018-05-30 15:08:57 - [MESSAGE][PASSED] - Object: 'Object Repository/Emergency/Page_KDMC - Emergency/a_Medicine Request' is clicked on

2018-05-30 15:08:57 - [TEST_STEP][PASSED] - delay: Delayed 2 second(s)

2018-05-30 15:08:59 - [MESSAGE][PASSED] - Delayed 2 second(s)

2018-05-30 15:08:59 - [TEST_STEP][PASSED] - selectOptionByIndex: All options with index in [6] are selected on object 'Object Repository/Emergency/Page_KDMC - Emergency/select_--Select--Schedule 1Inj'

2018-05-30 15:08:59 - [MESSAGE][PASSED] - All options with index in [6] are selected on object 'Object Repository/Emergency/Page_KDMC - Emergency/select_--Select--Schedule 1Inj'

2018-05-30 15:08:59 - [TEST_STEP][PASSED] - Statement - seletedoptions = com.kms.katalon.core.webui.keyword.WebUiBuiltInKeywords.getNumberOfTotalOption(com.kms.katalon.core.testobject.ObjectRepository.findTestObject(Emergency/Page_KDMC - Emergency/select_--Select--Adernaline 0.)): 36 options of object 'Object Repository/Emergency/Page_KDMC - Emergency/select_--Select--Adernaline 0.' counted

2018-05-30 15:08:59 - [MESSAGE][PASSED] - 36 options of object 'Object Repository/Emergency/Page_KDMC - Emergency/select_--Select--Adernaline 0.' counted

2018-05-30 15:08:59 - [TEST_STEP][PASSED] - Statement - For ([u = 1, u < seletedoptions, (u++)]): Object: 'Object Repository/Emergency/Page_KDMC - Emergency/button_Add' is clicked on

2018-05-30 15:08:59 - [TEST_STEP][PASSED] - selectOptionByIndex: All options with index in [6] are selected on object 'Object Repository/Emergency/Page_KDMC - Emergency/select_--Select--Schedule 1Inj'

2018-05-30 15:08:59 - [MESSAGE][PASSED] - All options with index in [6] are selected on object 'Object Repository/Emergency/Page_KDMC - Emergency/select_--Select--Schedule 1Inj'

2018-05-30 15:08:59 - [TEST_STEP][PASSED] - selectOptionByIndex: All options with index in [1] are selected on object 'Object Repository/Emergency/Page_KDMC - Emergency/select_--Select--Adernaline 0.'

2018-05-30 15:08:59 - [MESSAGE][PASSED] - All options with index in [1] are selected on object 'Object Repository/Emergency/Page_KDMC - Emergency/select_--Select--Adernaline 0.'

2018-05-30 15:08:59 - [TEST_STEP][PASSED] - setText: Text '10' is set on object 'Object Repository/Emergency/Page_KDMC - Emergency/input_txttreat'

2018-05-30 15:08:59 - [MESSAGE][PASSED] - Text '10' is set on object 'Object Repository/Emergency/Page_KDMC - Emergency/input_txttreat'

2018-05-30 15:08:59 - [TEST_STEP][PASSED] - click: Object: 'Object Repository/Emergency/Page_KDMC - Emergency/button_Add' is clicked on

2018-05-30 15:09:00 - [MESSAGE][PASSED] - Object: 'Object Repository/Emergency/Page_KDMC - Emergency/button_Add' is clicked on

2018-05-30 15:09:00 - [TEST_STEP][PASSED] - selectOptionByIndex: All options with index in [6] are selected on object 'Object Repository/Emergency/Page_KDMC - Emergency/select_--Select--Schedule 1Inj'

2018-05-30 15:09:00 - [MESSAGE][PASSED] - All options with index in [6] are selected on object 'Object Repository/Emergency/Page_KDMC - Emergency/select_--Select--Schedule 1Inj'

2018-05-30 15:09:00 - [TEST_STEP][PASSED] - selectOptionByIndex: All options with index in [2] are selected on object 'Object Repository/Emergency/Page_KDMC - Emergency/select_--Select--Adernaline 0.'

2018-05-30 15:09:00 - [MESSAGE][PASSED] - All options with index in [2] are selected on object 'Object Repository/Emergency/Page_KDMC - Emergency/select_--Select--Adernaline 0.'

2018-05-30 15:09:00 - [TEST_STEP][PASSED] - setText: Text '10' is set on object 'Object Repository/Emergency/Page_KDMC - Emergency/input_txttreat'

2018-05-30 15:09:00 - [MESSAGE][PASSED] - Text '10' is set on object 'Object Repository/Emergency/Page_KDMC - Emergency/input_txttreat'

2018-05-30 15:09:00 - [TEST_STEP][PASSED] - click: Object: 'Object Repository/Emergency/Page_KDMC - Emergency/button_Add' is clicked on

2018-05-30 15:09:00 - [MESSAGE][PASSED] - Object: 'Object Repository/Emergency/Page_KDMC - Emergency/button_Add' is clicked on

2018-05-30 15:09:00 - [TEST_STEP][PASSED] - selectOptionByIndex: All options with index in [6] are selected on object 'Object Repository/Emergency/Page_KDMC - Emergency/select_--Select--Schedule 1Inj'

2018-05-30 15:09:00 - [MESSAGE][PASSED] - All options with index in [6] are selected on object 'Object Repository/Emergency/Page_KDMC - Emergency/select_--Select--Schedule 1Inj'

2018-05-30 15:09:00 - [TEST_STEP][PASSED] - selectOptionByIndex: All options with index in [3] are selected on object 'Object Repository/Emergency/Page_KDMC - Emergency/select_--Select--Adernaline 0.'

2018-05-30 15:09:00 - [MESSAGE][PASSED] - All options with index in [3] are selected on object 'Object Repository/Emergency/Page_KDMC - Emergency/select_--Select--Adernaline 0.'

2018-05-30 15:09:00 - [TEST_STEP][PASSED] - setText: Text '10' is set on object 'Object Repository/Emergency/Page_KDMC - Emergency/input_txttreat'

2018-05-30 15:09:00 - [MESSAGE][PASSED] - Text '10' is set on object 'Object Repository/Emergency/Page_KDMC - Emergency/input_txttreat'

2018-05-30 15:09:00 - [TEST_STEP][PASSED] - click: Object: 'Object Repository/Emergency/Page_KDMC - Emergency/button_Add' is clicked on

2018-05-30 15:09:00 - [MESSAGE][PASSED] - Object: 'Object Repository/Emergency/Page_KDMC - Emergency/button_Add' is clicked on

2018-05-30 15:09:00 - [TEST_STEP][PASSED] - selectOptionByIndex: All options with index in [6] are selected on object 'Object Repository/Emergency/Page_KDMC - Emergency/select_--Select--Schedule 1Inj'

2018-05-30 15:09:01 - [MESSAGE][PASSED] - All options with index in [6] are selected on object 'Object Repository/Emergency/Page_KDMC - Emergency/select_--Select--Schedule 1Inj'

2018-05-30 15:09:01 - [TEST_STEP][PASSED] - selectOptionByIndex: All options with index in [4] are selected on object 'Object Repository/Emergency/Page_KDMC - Emergency/select_--Select--Adernaline 0.'

2018-05-30 15:09:01 - [MESSAGE][PASSED] - All options with index in [4] are selected on object 'Object Repository/Emergency/Page_KDMC - Emergency/select_--Select--Adernaline 0.'

2018-05-30 15:09:01 - [TEST_STEP][PASSED] - setText: Text '10' is set on object 'Object Repository/Emergency/Page_KDMC - Emergency/input_txttreat'

2018-05-30 15:09:01 - [MESSAGE][PASSED] - Text '10' is set on object 'Object Repository/Emergency/Page_KDMC - Emergency/input_txttreat'

2018-05-30 15:09:01 - [TEST_STEP][PASSED] - click: Object: 'Object Repository/Emergency/Page_KDMC - Emergency/button_Add' is clicked on

2018-05-30 15:09:01 - [MESSAGE][PASSED] - Object: 'Object Repository/Emergency/Page_KDMC - Emergency/button_Add' is clicked on

2018-05-30 15:09:01 - [TEST_STEP][PASSED] - selectOptionByIndex: All options with index in [6] are selected on object 'Object Repository/Emergency/Page_KDMC - Emergency/select_--Select--Schedule 1Inj'

2018-05-30 15:09:01 - [MESSAGE][PASSED] - All options with index in [6] are selected on object 'Object Repository/Emergency/Page_KDMC - Emergency/select_--Select--Schedule 1Inj'

2018-05-30 15:09:01 - [TEST_STEP][PASSED] - selectOptionByIndex: All options with index in [5] are selected on object 'Object Repository/Emergency/Page_KDMC - Emergency/select_--Select--Adernaline 0.'

2018-05-30 15:09:01 - [MESSAGE][PASSED] - All options with index in [5] are selected on object 'Object Repository/Emergency/Page_KDMC - Emergency/select_--Select--Adernaline 0.'

2018-05-30 15:09:01 - [TEST_STEP][PASSED] - setText: Text '10' is set on object 'Object Repository/Emergency/Page_KDMC - Emergency/input_txttreat'

2018-05-30 15:09:01 - [MESSAGE][PASSED] - Text '10' is set on object 'Object Repository/Emergency/Page_KDMC - Emergency/input_txttreat'

2018-05-30 15:09:01 - [TEST_STEP][PASSED] - click: Object: 'Object Repository/Emergency/Page_KDMC - Emergency/button_Add' is clicked on

2018-05-30 15:09:01 - [MESSAGE][PASSED] - Object: 'Object Repository/Emergency/Page_KDMC - Emergency/button_Add' is clicked on

2018-05-30 15:09:01 - [TEST_STEP][PASSED] - selectOptionByIndex: All options with index in [6] are selected on object 'Object Repository/Emergency/Page_KDMC - Emergency/select_--Select--Schedule 1Inj'

2018-05-30 15:09:02 - [MESSAGE][PASSED] - All options with index in [6] are selected on object 'Object Repository/Emergency/Page_KDMC - Emergency/select_--Select--Schedule 1Inj'

2018-05-30 15:09:02 - [TEST_STEP][PASSED] - selectOptionByIndex: All options with index in [6] are selected on object 'Object Repository/Emergency/Page_KDMC - Emergency/select_--Select--Adernaline 0.'

2018-05-30 15:09:02 - [MESSAGE][PASSED] - All options with index in [6] are selected on object 'Object Repository/Emergency/Page_KDMC - Emergency/select_--Select--Adernaline 0.'

2018-05-30 15:09:02 - [TEST_STEP][PASSED] - setText: Text '10' is set on object 'Object Repository/Emergency/Page_KDMC - Emergency/input_txttreat'

2018-05-30 15:09:02 - [MESSAGE][PASSED] - Text '10' is set on object 'Object Repository/Emergency/Page_KDMC - Emergency/input_txttreat'

2018-05-30 15:09:02 - [TEST_STEP][PASSED] - click: Object: 'Object Repository/Emergency/Page_KDMC - Emergency/button_Add' is clicked on

2018-05-30 15:09:02 - [MESSAGE][PASSED] - Object: 'Object Repository/Emergency/Page_KDMC - Emergency/button_Add' is clicked on

2018-05-30 15:09:02 - [TEST_STEP][PASSED] - selectOptionByIndex: All options with index in [6] are selected on object 'Object Repository/Emergency/Page_KDMC - Emergency/select_--Select--Schedule 1Inj'

2018-05-30 15:09:02 - [MESSAGE][PASSED] - All options with index in [6] are selected on object 'Object Repository/Emergency/Page_KDMC - Emergency/select_--Select--Schedule 1Inj'

2018-05-30 15:09:02 - [TEST_STEP][PASSED] - selectOptionByIndex: All options with index in [7] are selected on object 'Object Repository/Emergency/Page_KDMC - Emergency/select_--Select--Adernaline 0.'

2018-05-30 15:09:02 - [MESSAGE][PASSED] - All options with index in [7] are selected on object 'Object Repository/Emergency/Page_KDMC - Emergency/select_--Select--Adernaline 0.'

2018-05-30 15:09:02 - [TEST_STEP][PASSED] - setText: Text '10' is set on object 'Object Repository/Emergency/Page_KDMC - Emergency/input_txttreat'

2018-05-30 15:09:02 - [MESSAGE][PASSED] - Text '10' is set on object 'Object Repository/Emergency/Page_KDMC - Emergency/input_txttreat'

2018-05-30 15:09:02 - [TEST_STEP][PASSED] - click: Object: 'Object Repository/Emergency/Page_KDMC - Emergency/button_Add' is clicked on

2018-05-30 15:09:02 - [MESSAGE][PASSED] - Object: 'Object Repository/Emergency/Page_KDMC - Emergency/button_Add' is clicked on

2018-05-30 15:09:02 - [TEST_STEP][PASSED] - selectOptionByIndex: All options with index in [6] are selected on object 'Object Repository/Emergency/Page_KDMC - Emergency/select_--Select--Schedule 1Inj'

2018-05-30 15:09:03 - [MESSAGE][PASSED] - All options with index in [6] are selected on object 'Object Repository/Emergency/Page_KDMC - Emergency/select_--Select--Schedule 1Inj'

2018-05-30 15:09:03 - [TEST_STEP][PASSED] - selectOptionByIndex: All options with index in [8] are selected on object 'Object Repository/Emergency/Page_KDMC - Emergency/select_--Select--Adernaline 0.'

2018-05-30 15:09:03 - [MESSAGE][PASSED] - All options with index in [8] are selected on object 'Object Repository/Emergency/Page_KDMC - Emergency/select_--Select--Adernaline 0.'

2018-05-30 15:09:03 - [TEST_STEP][PASSED] - setText: Text '10' is set on object 'Object Repository/Emergency/Page_KDMC - Emergency/input_txttreat'

2018-05-30 15:09:03 - [MESSAGE][PASSED] - Text '10' is set on object 'Object Repository/Emergency/Page_KDMC - Emergency/input_txttreat'

2018-05-30 15:09:03 - [TEST_STEP][PASSED] - click: Object: 'Object Repository/Emergency/Page_KDMC - Emergency/button_Add' is clicked on

2018-05-30 15:09:03 - [MESSAGE][PASSED] - Object: 'Object Repository/Emergency/Page_KDMC - Emergency/button_Add' is clicked on

2018-05-30 15:09:03 - [TEST_STEP][PASSED] - selectOptionByIndex: All options with index in [6] are selected on object 'Object Repository/Emergency/Page_KDMC - Emergency/select_--Select--Schedule 1Inj'

2018-05-30 15:09:03 - [MESSAGE][PASSED] - All options with index in [6] are selected on object 'Object Repository/Emergency/Page_KDMC - Emergency/select_--Select--Schedule 1Inj'

2018-05-30 15:09:03 - [TEST_STEP][PASSED] - selectOptionByIndex: All options with index in [9] are selected on object 'Object Repository/Emergency/Page_KDMC - Emergency/select_--Select--Adernaline 0.'

2018-05-30 15:09:03 - [MESSAGE][PASSED] - All options with index in [9] are selected on object 'Object Repository/Emergency/Page_KDMC - Emergency/select_--Select--Adernaline 0.'

2018-05-30 15:09:03 - [TEST_STEP][PASSED] - setText: Text '10' is set on object 'Object Repository/Emergency/Page_KDMC - Emergency/input_txttreat'

2018-05-30 15:09:03 - [MESSAGE][PASSED] - Text '10' is set on object 'Object Repository/Emergency/Page_KDMC - Emergency/input_txttreat'

2018-05-30 15:09:03 - [TEST_STEP][PASSED] - click: Object: 'Object Repository/Emergency/Page_KDMC - Emergency/button_Add' is clicked on

2018-05-30 15:09:03 - [MESSAGE][PASSED] - Object: 'Object Repository/Emergency/Page_KDMC - Emergency/button_Add' is clicked on

2018-05-30 15:09:03 - [TEST_STEP][PASSED] - selectOptionByIndex: All options with index in [6] are selected on object 'Object Repository/Emergency/Page_KDMC - Emergency/select_--Select--Schedule 1Inj'

2018-05-30 15:09:04 - [MESSAGE][PASSED] - All options with index in [6] are selected on object 'Object Repository/Emergency/Page_KDMC - Emergency/select_--Select--Schedule 1Inj'

2018-05-30 15:09:04 - [TEST_STEP][PASSED] - selectOptionByIndex: All options with index in [10] are selected on object 'Object Repository/Emergency/Page_KDMC - Emergency/select_--Select--Adernaline 0.'

2018-05-30 15:09:04 - [MESSAGE][PASSED] - All options with index in [10] are selected on object 'Object Repository/Emergency/Page_KDMC - Emergency/select_--Select--Adernaline 0.'

2018-05-30 15:09:04 - [TEST_STEP][PASSED] - setText: Text '10' is set on object 'Object Repository/Emergency/Page_KDMC - Emergency/input_txttreat'

2018-05-30 15:09:04 - [MESSAGE][PASSED] - Text '10' is set on object 'Object Repository/Emergency/Page_KDMC - Emergency/input_txttreat'

2018-05-30 15:09:04 - [TEST_STEP][PASSED] - click: Object: 'Object Repository/Emergency/Page_KDMC - Emergency/button_Add' is clicked on

2018-05-30 15:09:04 - [MESSAGE][PASSED] - Object: 'Object Repository/Emergency/Page_KDMC - Emergency/button_Add' is clicked on

2018-05-30 15:09:04 - [TEST_STEP][PASSED] - selectOptionByIndex: All options with index in [6] are selected on object 'Object Repository/Emergency/Page_KDMC - Emergency/select_--Select--Schedule 1Inj'

2018-05-30 15:09:04 - [MESSAGE][PASSED] - All options with index in [6] are selected on object 'Object Repository/Emergency/Page_KDMC - Emergency/select_--Select--Schedule 1Inj'

2018-05-30 15:09:04 - [TEST_STEP][PASSED] - selectOptionByIndex: All options with index in [11] are selected on object 'Object Repository/Emergency/Page_KDMC - Emergency/select_--Select--Adernaline 0.'

2018-05-30 15:09:04 - [MESSAGE][PASSED] - All options with index in [11] are selected on object 'Object Repository/Emergency/Page_KDMC - Emergency/select_--Select--Adernaline 0.'

2018-05-30 15:09:04 - [TEST_STEP][PASSED] - setText: Text '10' is set on object 'Object Repository/Emergency/Page_KDMC - Emergency/input_txttreat'

2018-05-30 15:09:04 - [MESSAGE][PASSED] - Text '10' is set on object 'Object Repository/Emergency/Page_KDMC - Emergency/input_txttreat'

2018-05-30 15:09:04 - [TEST_STEP][PASSED] - click: Object: 'Object Repository/Emergency/Page_KDMC - Emergency/button_Add' is clicked on

2018-05-30 15:09:04 - [MESSAGE][PASSED] - Object: 'Object Repository/Emergency/Page_KDMC - Emergency/button_Add' is clicked on

2018-05-30 15:09:04 - [TEST_STEP][PASSED] - selectOptionByIndex: All options with index in [6] are selected on object 'Object Repository/Emergency/Page_KDMC - Emergency/select_--Select--Schedule 1Inj'

2018-05-30 15:09:05 - [MESSAGE][PASSED] - All options with index in [6] are selected on object 'Object Repository/Emergency/Page_KDMC - Emergency/select_--Select--Schedule 1Inj'

2018-05-30 15:09:05 - [TEST_STEP][PASSED] - selectOptionByIndex: All options with index in [12] are selected on object 'Object Repository/Emergency/Page_KDMC - Emergency/select_--Select--Adernaline 0.'

2018-05-30 15:09:05 - [MESSAGE][PASSED] - All options with index in [12] are selected on object 'Object Repository/Emergency/Page_KDMC - Emergency/select_--Select--Adernaline 0.'

2018-05-30 15:09:05 - [TEST_STEP][PASSED] - setText: Text '10' is set on object 'Object Repository/Emergency/Page_KDMC - Emergency/input_txttreat'

2018-05-30 15:09:05 - [MESSAGE][PASSED] - Text '10' is set on object 'Object Repository/Emergency/Page_KDMC - Emergency/input_txttreat'

2018-05-30 15:09:05 - [TEST_STEP][PASSED] - click: Object: 'Object Repository/Emergency/Page_KDMC - Emergency/button_Add' is clicked on

2018-05-30 15:09:05 - [MESSAGE][PASSED] - Object: 'Object Repository/Emergency/Page_KDMC - Emergency/button_Add' is clicked on

2018-05-30 15:09:05 - [TEST_STEP][PASSED] - selectOptionByIndex: All options with index in [6] are selected on object 'Object Repository/Emergency/Page_KDMC - Emergency/select_--Select--Schedule 1Inj'

2018-05-30 15:09:05 - [MESSAGE][PASSED] - All options with index in [6] are selected on object 'Object Repository/Emergency/Page_KDMC - Emergency/select_--Select--Schedule 1Inj'

2018-05-30 15:09:05 - [TEST_STEP][PASSED] - selectOptionByIndex: All options with index in [13] are selected on object 'Object Repository/Emergency/Page_KDMC - Emergency/select_--Select--Adernaline 0.'

2018-05-30 15:09:05 - [MESSAGE][PASSED] - All options with index in [13] are selected on object 'Object Repository/Emergency/Page_KDMC - Emergency/select_--Select--Adernaline 0.'

2018-05-30 15:09:05 - [TEST_STEP][PASSED] - setText: Text '10' is set on object 'Object Repository/Emergency/Page_KDMC - Emergency/input_txttreat'

2018-05-30 15:09:05 - [MESSAGE][PASSED] - Text '10' is set on object 'Object Repository/Emergency/Page_KDMC - Emergency/input_txttreat'

2018-05-30 15:09:05 - [TEST_STEP][PASSED] - click: Object: 'Object Repository/Emergency/Page_KDMC - Emergency/button_Add' is clicked on

2018-05-30 15:09:06 - [MESSAGE][PASSED] - Object: 'Object Repository/Emergency/Page_KDMC - Emergency/button_Add' is clicked on

2018-05-30 15:09:06 - [TEST_STEP][PASSED] - selectOptionByIndex: All options with index in [6] are selected on object 'Object Repository/Emergency/Page_KDMC - Emergency/select_--Select--Schedule 1Inj'

2018-05-30 15:09:06 - [MESSAGE][PASSED] - All options with index in [6] are selected on object 'Object Repository/Emergency/Page_KDMC - Emergency/select_--Select--Schedule 1Inj'

2018-05-30 15:09:06 - [TEST_STEP][PASSED] - selectOptionByIndex: All options with index in [14] are selected on object 'Object Repository/Emergency/Page_KDMC - Emergency/select_--Select--Adernaline 0.'

2018-05-30 15:09:06 - [MESSAGE][PASSED] - All options with index in [14] are selected on object 'Object Repository/Emergency/Page_KDMC - Emergency/select_--Select--Adernaline 0.'

2018-05-30 15:09:06 - [TEST_STEP][PASSED] - setText: Text '10' is set on object 'Object Repository/Emergency/Page_KDMC - Emergency/input_txttreat'

2018-05-30 15:09:06 - [MESSAGE][PASSED] - Text '10' is set on object 'Object Repository/Emergency/Page_KDMC - Emergency/input_txttreat'

2018-05-30 15:09:06 - [TEST_STEP][PASSED] - click: Object: 'Object Repository/Emergency/Page_KDMC - Emergency/button_Add' is clicked on

2018-05-30 15:09:06 - [MESSAGE][PASSED] - Object: 'Object Repository/Emergency/Page_KDMC - Emergency/button_Add' is clicked on

2018-05-30 15:09:06 - [TEST_STEP][PASSED] - selectOptionByIndex: All options with index in [6] are selected on object 'Object Repository/Emergency/Page_KDMC - Emergency/select_--Select--Schedule 1Inj'

2018-05-30 15:09:06 - [MESSAGE][PASSED] - All options with index in [6] are selected on object 'Object Repository/Emergency/Page_KDMC - Emergency/select_--Select--Schedule 1Inj'

2018-05-30 15:09:06 - [TEST_STEP][PASSED] - selectOptionByIndex: All options with index in [15] are selected on object 'Object Repository/Emergency/Page_KDMC - Emergency/select_--Select--Adernaline 0.'

2018-05-30 15:09:07 - [MESSAGE][PASSED] - All options with index in [15] are selected on object 'Object Repository/Emergency/Page_KDMC - Emergency/select_--Select--Adernaline 0.'

2018-05-30 15:09:07 - [TEST_STEP][PASSED] - setText: Text '10' is set on object 'Object Repository/Emergency/Page_KDMC - Emergency/input_txttreat'

2018-05-30 15:09:07 - [MESSAGE][PASSED] - Text '10' is set on object 'Object Repository/Emergency/Page_KDMC - Emergency/input_txttreat'

2018-05-30 15:09:07 - [TEST_STEP][PASSED] - click: Object: 'Object Repository/Emergency/Page_KDMC - Emergency/button_Add' is clicked on

2018-05-30 15:09:07 - [MESSAGE][PASSED] - Object: 'Object Repository/Emergency/Page_KDMC - Emergency/button_Add' is clicked on

2018-05-30 15:09:07 - [TEST_STEP][PASSED] - selectOptionByIndex: All options with index in [6] are selected on object 'Object Repository/Emergency/Page_KDMC - Emergency/select_--Select--Schedule 1Inj'

2018-05-30 15:09:07 - [MESSAGE][PASSED] - All options with index in [6] are selected on object 'Object Repository/Emergency/Page_KDMC - Emergency/select_--Select--Schedule 1Inj'

2018-05-30 15:09:07 - [TEST_STEP][PASSED] - selectOptionByIndex: All options with index in [16] are selected on object 'Object Repository/Emergency/Page_KDMC - Emergency/select_--Select--Adernaline 0.'

2018-05-30 15:09:07 - [MESSAGE][PASSED] - All options with index in [16] are selected on object 'Object Repository/Emergency/Page_KDMC - Emergency/select_--Select--Adernaline 0.'

2018-05-30 15:09:07 - [TEST_STEP][PASSED] - setText: Text '10' is set on object 'Object Repository/Emergency/Page_KDMC - Emergency/input_txttreat'

2018-05-30 15:09:07 - [MESSAGE][PASSED] - Text '10' is set on object 'Object Repository/Emergency/Page_KDMC - Emergency/input_txttreat'

2018-05-30 15:09:07 - [TEST_STEP][PASSED] - click: Object: 'Object Repository/Emergency/Page_KDMC - Emergency/button_Add' is clicked on

2018-05-30 15:09:07 - [MESSAGE][PASSED] - Object: 'Object Repository/Emergency/Page_KDMC - Emergency/button_Add' is clicked on

2018-05-30 15:09:07 - [TEST_STEP][PASSED] - selectOptionByIndex: All options with index in [6] are selected on object 'Object Repository/Emergency/Page_KDMC - Emergency/select_--Select--Schedule 1Inj'

2018-05-30 15:09:07 - [MESSAGE][PASSED] - All options with index in [6] are selected on object 'Object Repository/Emergency/Page_KDMC - Emergency/select_--Select--Schedule 1Inj'

2018-05-30 15:09:07 - [TEST_STEP][PASSED] - selectOptionByIndex: All options with index in [17] are selected on object 'Object Repository/Emergency/Page_KDMC - Emergency/select_--Select--Adernaline 0.'

2018-05-30 15:09:08 - [MESSAGE][PASSED] - All options with index in [17] are selected on object 'Object Repository/Emergency/Page_KDMC - Emergency/select_--Select--Adernaline 0.'

2018-05-30 15:09:08 - [TEST_STEP][PASSED] - setText: Text '10' is set on object 'Object Repository/Emergency/Page_KDMC - Emergency/input_txttreat'

2018-05-30 15:09:08 - [MESSAGE][PASSED] - Text '10' is set on object 'Object Repository/Emergency/Page_KDMC - Emergency/input_txttreat'

2018-05-30 15:09:08 - [TEST_STEP][PASSED] - click: Object: 'Object Repository/Emergency/Page_KDMC - Emergency/button_Add' is clicked on

2018-05-30 15:09:08 - [MESSAGE][PASSED] - Object: 'Object Repository/Emergency/Page_KDMC - Emergency/button_Add' is clicked on

2018-05-30 15:09:08 - [TEST_STEP][PASSED] - selectOptionByIndex: All options with index in [6] are selected on object 'Object Repository/Emergency/Page_KDMC - Emergency/select_--Select--Schedule 1Inj'

2018-05-30 15:09:08 - [MESSAGE][PASSED] - All options with index in [6] are selected on object 'Object Repository/Emergency/Page_KDMC - Emergency/select_--Select--Schedule 1Inj'

2018-05-30 15:09:08 - [TEST_STEP][PASSED] - selectOptionByIndex: All options with index in [18] are selected on object 'Object Repository/Emergency/Page_KDMC - Emergency/select_--Select--Adernaline 0.'

2018-05-30 15:09:08 - [MESSAGE][PASSED] - All options with index in [18] are selected on object 'Object Repository/Emergency/Page_KDMC - Emergency/select_--Select--Adernaline 0.'

2018-05-30 15:09:08 - [TEST_STEP][PASSED] - setText: Text '10' is set on object 'Object Repository/Emergency/Page_KDMC - Emergency/input_txttreat'

2018-05-30 15:09:08 - [MESSAGE][PASSED] - Text '10' is set on object 'Object Repository/Emergency/Page_KDMC - Emergency/input_txttreat'

2018-05-30 15:09:08 - [TEST_STEP][PASSED] - click: Object: 'Object Repository/Emergency/Page_KDMC - Emergency/button_Add' is clicked on

2018-05-30 15:09:08 - [MESSAGE][PASSED] - Object: 'Object Repository/Emergency/Page_KDMC - Emergency/button_Add' is clicked on

2018-05-30 15:09:08 - [TEST_STEP][PASSED] - selectOptionByIndex: All options with index in [6] are selected on object 'Object Repository/Emergency/Page_KDMC - Emergency/select_--Select--Schedule 1Inj'

2018-05-30 15:09:08 - [MESSAGE][PASSED] - All options with index in [6] are selected on object 'Object Repository/Emergency/Page_KDMC - Emergency/select_--Select--Schedule 1Inj'

2018-05-30 15:09:08 - [TEST_STEP][PASSED] - selectOptionByIndex: All options with index in [19] are selected on object 'Object Repository/Emergency/Page_KDMC - Emergency/select_--Select--Adernaline 0.'

2018-05-30 15:09:09 - [MESSAGE][PASSED] - All options with index in [19] are selected on object 'Object Repository/Emergency/Page_KDMC - Emergency/select_--Select--Adernaline 0.'

2018-05-30 15:09:09 - [TEST_STEP][PASSED] - setText: Text '10' is set on object 'Object Repository/Emergency/Page_KDMC - Emergency/input_txttreat'

2018-05-30 15:09:09 - [MESSAGE][PASSED] - Text '10' is set on object 'Object Repository/Emergency/Page_KDMC - Emergency/input_txttreat'

2018-05-30 15:09:09 - [TEST_STEP][PASSED] - click: Object: 'Object Repository/Emergency/Page_KDMC - Emergency/button_Add' is clicked on

2018-05-30 15:09:09 - [MESSAGE][PASSED] - Object: 'Object Repository/Emergency/Page_KDMC - Emergency/button_Add' is clicked on

2018-05-30 15:09:09 - [TEST_STEP][PASSED] - selectOptionByIndex: All options with index in [6] are selected on object 'Object Repository/Emergency/Page_KDMC - Emergency/select_--Select--Schedule 1Inj'

2018-05-30 15:09:09 - [MESSAGE][PASSED] - All options with index in [6] are selected on object 'Object Repository/Emergency/Page_KDMC - Emergency/select_--Select--Schedule 1Inj'

2018-05-30 15:09:09 - [TEST_STEP][PASSED] - selectOptionByIndex: All options with index in [20] are selected on object 'Object Repository/Emergency/Page_KDMC - Emergency/select_--Select--Adernaline 0.'

2018-05-30 15:09:09 - [MESSAGE][PASSED] - All options with index in [20] are selected on object 'Object Repository/Emergency/Page_KDMC - Emergency/select_--Select--Adernaline 0.'

2018-05-30 15:09:09 - [TEST_STEP][PASSED] - setText: Text '10' is set on object 'Object Repository/Emergency/Page_KDMC - Emergency/input_txttreat'

2018-05-30 15:09:09 - [MESSAGE][PASSED] - Text '10' is set on object 'Object Repository/Emergency/Page_KDMC - Emergency/input_txttreat'

2018-05-30 15:09:09 - [TEST_STEP][PASSED] - click: Object: 'Object Repository/Emergency/Page_KDMC - Emergency/button_Add' is clicked on

2018-05-30 15:09:10 - [MESSAGE][PASSED] - Object: 'Object Repository/Emergency/Page_KDMC - Emergency/button_Add' is clicked on

2018-05-30 15:09:10 - [TEST_STEP][PASSED] - selectOptionByIndex: All options with index in [6] are selected on object 'Object Repository/Emergency/Page_KDMC - Emergency/select_--Select--Schedule 1Inj'

2018-05-30 15:09:10 - [MESSAGE][PASSED] - All options with index in [6] are selected on object 'Object Repository/Emergency/Page_KDMC - Emergency/select_--Select--Schedule 1Inj'

2018-05-30 15:09:10 - [TEST_STEP][PASSED] - selectOptionByIndex: All options with index in [21] are selected on object 'Object Repository/Emergency/Page_KDMC - Emergency/select_--Select--Adernaline 0.'

2018-05-30 15:09:10 - [MESSAGE][PASSED] - All options with index in [21] are selected on object 'Object Repository/Emergency/Page_KDMC - Emergency/select_--Select--Adernaline 0.'

2018-05-30 15:09:10 - [TEST_STEP][PASSED] - setText: Text '10' is set on object 'Object Repository/Emergency/Page_KDMC - Emergency/input_txttreat'

2018-05-30 15:09:10 - [MESSAGE][PASSED] - Text '10' is set on object 'Object Repository/Emergency/Page_KDMC - Emergency/input_txttreat'

2018-05-30 15:09:10 - [TEST_STEP][PASSED] - click: Object: 'Object Repository/Emergency/Page_KDMC - Emergency/button_Add' is clicked on

2018-05-30 15:09:10 - [MESSAGE][PASSED] - Object: 'Object Repository/Emergency/Page_KDMC - Emergency/button_Add' is clicked on

2018-05-30 15:09:10 - [TEST_STEP][PASSED] - selectOptionByIndex: All options with index in [6] are selected on object 'Object Repository/Emergency/Page_KDMC - Emergency/select_--Select--Schedule 1Inj'

2018-05-30 15:09:10 - [MESSAGE][PASSED] - All options with index in [6] are selected on object 'Object Repository/Emergency/Page_KDMC - Emergency/select_--Select--Schedule 1Inj'

2018-05-30 15:09:10 - [TEST_STEP][PASSED] - selectOptionByIndex: All options with index in [22] are selected on object 'Object Repository/Emergency/Page_KDMC - Emergency/select_--Select--Adernaline 0.'

2018-05-30 15:09:11 - [MESSAGE][PASSED] - All options with index in [22] are selected on object 'Object Repository/Emergency/Page_KDMC - Emergency/select_--Select--Adernaline 0.'

2018-05-30 15:09:11 - [TEST_STEP][PASSED] - setText: Text '10' is set on object 'Object Repository/Emergency/Page_KDMC - Emergency/input_txttreat'

2018-05-30 15:09:11 - [MESSAGE][PASSED] - Text '10' is set on object 'Object Repository/Emergency/Page_KDMC - Emergency/input_txttreat'

2018-05-30 15:09:11 - [TEST_STEP][PASSED] - click: Object: 'Object Repository/Emergency/Page_KDMC - Emergency/button_Add' is clicked on

2018-05-30 15:09:11 - [MESSAGE][PASSED] - Object: 'Object Repository/Emergency/Page_KDMC - Emergency/button_Add' is clicked on

2018-05-30 15:09:11 - [TEST_STEP][PASSED] - selectOptionByIndex: All options with index in [6] are selected on object 'Object Repository/Emergency/Page_KDMC - Emergency/select_--Select--Schedule 1Inj'

2018-05-30 15:09:11 - [MESSAGE][PASSED] - All options with index in [6] are selected on object 'Object Repository/Emergency/Page_KDMC - Emergency/select_--Select--Schedule 1Inj'

2018-05-30 15:09:11 - [TEST_STEP][PASSED] - selectOptionByIndex: All options with index in [23] are selected on object 'Object Repository/Emergency/Page_KDMC - Emergency/select_--Select--Adernaline 0.'

2018-05-30 15:09:11 - [MESSAGE][PASSED] - All options with index in [23] are selected on object 'Object Repository/Emergency/Page_KDMC - Emergency/select_--Select--Adernaline 0.'

2018-05-30 15:09:11 - [TEST_STEP][PASSED] - setText: Text '10' is set on object 'Object Repository/Emergency/Page_KDMC - Emergency/input_txttreat'

2018-05-30 15:09:11 - [MESSAGE][PASSED] - Text '10' is set on object 'Object Repository/Emergency/Page_KDMC - Emergency/input_txttreat'

2018-05-30 15:09:11 - [TEST_STEP][PASSED] - click: Object: 'Object Repository/Emergency/Page_KDMC - Emergency/button_Add' is clicked on

2018-05-30 15:09:11 - [MESSAGE][PASSED] - Object: 'Object Repository/Emergency/Page_KDMC - Emergency/button_Add' is clicked on

2018-05-30 15:09:11 - [TEST_STEP][PASSED] - selectOptionByIndex: All options with index in [6] are selected on object 'Object Repository/Emergency/Page_KDMC - Emergency/select_--Select--Schedule 1Inj'

2018-05-30 15:09:12 - [MESSAGE][PASSED] - All options with index in [6] are selected on object 'Object Repository/Emergency/Page_KDMC - Emergency/select_--Select--Schedule 1Inj'

2018-05-30 15:09:12 - [TEST_STEP][PASSED] - selectOptionByIndex: All options with index in [24] are selected on object 'Object Repository/Emergency/Page_KDMC - Emergency/select_--Select--Adernaline 0.'

2018-05-30 15:09:12 - [MESSAGE][PASSED] - All options with index in [24] are selected on object 'Object Repository/Emergency/Page_KDMC - Emergency/select_--Select--Adernaline 0.'

2018-05-30 15:09:12 - [TEST_STEP][PASSED] - setText: Text '10' is set on object 'Object Repository/Emergency/Page_KDMC - Emergency/input_txttreat'

2018-05-30 15:09:12 - [MESSAGE][PASSED] - Text '10' is set on object 'Object Repository/Emergency/Page_KDMC - Emergency/input_txttreat'

2018-05-30 15:09:12 - [TEST_STEP][PASSED] - click: Object: 'Object Repository/Emergency/Page_KDMC - Emergency/button_Add' is clicked on

2018-05-30 15:09:12 - [MESSAGE][PASSED] - Object: 'Object Repository/Emergency/Page_KDMC - Emergency/button_Add' is clicked on

2018-05-30 15:09:12 - [TEST_STEP][PASSED] - selectOptionByIndex: All options with index in [6] are selected on object 'Object Repository/Emergency/Page_KDMC - Emergency/select_--Select--Schedule 1Inj'

2018-05-30 15:09:12 - [MESSAGE][PASSED] - All options with index in [6] are selected on object 'Object Repository/Emergency/Page_KDMC - Emergency/select_--Select--Schedule 1Inj'

2018-05-30 15:09:12 - [TEST_STEP][PASSED] - selectOptionByIndex: All options with index in [25] are selected on object 'Object Repository/Emergency/Page_KDMC - Emergency/select_--Select--Adernaline 0.'

2018-05-30 15:09:13 - [MESSAGE][PASSED] - All options with index in [25] are selected on object 'Object Repository/Emergency/Page_KDMC - Emergency/select_--Select--Adernaline 0.'

2018-05-30 15:09:13 - [TEST_STEP][PASSED] - setText: Text '10' is set on object 'Object Repository/Emergency/Page_KDMC - Emergency/input_txttreat'

2018-05-30 15:09:13 - [MESSAGE][PASSED] - Text '10' is set on object 'Object Repository/Emergency/Page_KDMC - Emergency/input_txttreat'

2018-05-30 15:09:13 - [TEST_STEP][PASSED] - click: Object: 'Object Repository/Emergency/Page_KDMC - Emergency/button_Add' is clicked on

2018-05-30 15:09:13 - [MESSAGE][PASSED] - Object: 'Object Repository/Emergency/Page_KDMC - Emergency/button_Add' is clicked on

2018-05-30 15:09:13 - [TEST_STEP][PASSED] - selectOptionByIndex: All options with index in [6] are selected on object 'Object Repository/Emergency/Page_KDMC - Emergency/select_--Select--Schedule 1Inj'

2018-05-30 15:09:13 - [MESSAGE][PASSED] - All options with index in [6] are selected on object 'Object Repository/Emergency/Page_KDMC - Emergency/select_--Select--Schedule 1Inj'

2018-05-30 15:09:13 - [TEST_STEP][PASSED] - selectOptionByIndex: All options with index in [26] are selected on object 'Object Repository/Emergency/Page_KDMC - Emergency/select_--Select--Adernaline 0.'

2018-05-30 15:09:13 - [MESSAGE][PASSED] - All options with index in [26] are selected on object 'Object Repository/Emergency/Page_KDMC - Emergency/select_--Select--Adernaline 0.'

2018-05-30 15:09:13 - [TEST_STEP][PASSED] - setText: Text '10' is set on object 'Object Repository/Emergency/Page_KDMC - Emergency/input_txttreat'

2018-05-30 15:09:13 - [MESSAGE][PASSED] - Text '10' is set on object 'Object Repository/Emergency/Page_KDMC - Emergency/input_txttreat'

2018-05-30 15:09:13 - [TEST_STEP][PASSED] - click: Object: 'Object Repository/Emergency/Page_KDMC - Emergency/button_Add' is clicked on

2018-05-30 15:09:13 - [MESSAGE][PASSED] - Object: 'Object Repository/Emergency/Page_KDMC - Emergency/button_Add' is clicked on

2018-05-30 15:09:13 - [TEST_STEP][PASSED] - selectOptionByIndex: All options with index in [6] are selected on object 'Object Repository/Emergency/Page_KDMC - Emergency/select_--Select--Schedule 1Inj'

2018-05-30 15:09:14 - [MESSAGE][PASSED] - All options with index in [6] are selected on object 'Object Repository/Emergency/Page_KDMC - Emergency/select_--Select--Schedule 1Inj'

2018-05-30 15:09:14 - [TEST_STEP][PASSED] - selectOptionByIndex: All options with index in [27] are selected on object 'Object Repository/Emergency/Page_KDMC - Emergency/select_--Select--Adernaline 0.'

2018-05-30 15:09:14 - [MESSAGE][PASSED] - All options with index in [27] are selected on object 'Object Repository/Emergency/Page_KDMC - Emergency/select_--Select--Adernaline 0.'

2018-05-30 15:09:14 - [TEST_STEP][PASSED] - setText: Text '10' is set on object 'Object Repository/Emergency/Page_KDMC - Emergency/input_txttreat'

2018-05-30 15:09:14 - [MESSAGE][PASSED] - Text '10' is set on object 'Object Repository/Emergency/Page_KDMC - Emergency/input_txttreat'

2018-05-30 15:09:14 - [TEST_STEP][PASSED] - click: Object: 'Object Repository/Emergency/Page_KDMC - Emergency/button_Add' is clicked on

2018-05-30 15:09:14 - [MESSAGE][PASSED] - Object: 'Object Repository/Emergency/Page_KDMC - Emergency/button_Add' is clicked on

2018-05-30 15:09:14 - [TEST_STEP][PASSED] - selectOptionByIndex: All options with index in [6] are selected on object 'Object Repository/Emergency/Page_KDMC - Emergency/select_--Select--Schedule 1Inj'

2018-05-30 15:09:14 - [MESSAGE][PASSED] - All options with index in [6] are selected on object 'Object Repository/Emergency/Page_KDMC - Emergency/select_--Select--Schedule 1Inj'

2018-05-30 15:09:14 - [TEST_STEP][PASSED] - selectOptionByIndex: All options with index in [28] are selected on object 'Object Repository/Emergency/Page_KDMC - Emergency/select_--Select--Adernaline 0.'

2018-05-30 15:09:15 - [MESSAGE][PASSED] - All options with index in [28] are selected on object 'Object Repository/Emergency/Page_KDMC - Emergency/select_--Select--Adernaline 0.'

2018-05-30 15:09:15 - [TEST_STEP][PASSED] - setText: Text '10' is set on object 'Object Repository/Emergency/Page_KDMC - Emergency/input_txttreat'

2018-05-30 15:09:15 - [MESSAGE][PASSED] - Text '10' is set on object 'Object Repository/Emergency/Page_KDMC - Emergency/input_txttreat'

2018-05-30 15:09:15 - [TEST_STEP][PASSED] - click: Object: 'Object Repository/Emergency/Page_KDMC - Emergency/button_Add' is clicked on

2018-05-30 15:09:15 - [MESSAGE][PASSED] - Object: 'Object Repository/Emergency/Page_KDMC - Emergency/button_Add' is clicked on

2018-05-30 15:09:15 - [TEST_STEP][PASSED] - selectOptionByIndex: All options with index in [6] are selected on object 'Object Repository/Emergency/Page_KDMC - Emergency/select_--Select--Schedule 1Inj'

2018-05-30 15:09:15 - [MESSAGE][PASSED] - All options with index in [6] are selected on object 'Object Repository/Emergency/Page_KDMC - Emergency/select_--Select--Schedule 1Inj'

2018-05-30 15:09:15 - [TEST_STEP][PASSED] - selectOptionByIndex: All options with index in [29] are selected on object 'Object Repository/Emergency/Page_KDMC - Emergency/select_--Select--Adernaline 0.'

2018-05-30 15:09:15 - [MESSAGE][PASSED] - All options with index in [29] are selected on object 'Object Repository/Emergency/Page_KDMC - Emergency/select_--Select--Adernaline 0.'

2018-05-30 15:09:15 - [TEST_STEP][PASSED] - setText: Text '10' is set on object 'Object Repository/Emergency/Page_KDMC - Emergency/input_txttreat'

2018-05-30 15:09:15 - [MESSAGE][PASSED] - Text '10' is set on object 'Object Repository/Emergency/Page_KDMC - Emergency/input_txttreat'

2018-05-30 15:09:15 - [TEST_STEP][PASSED] - click: Object: 'Object Repository/Emergency/Page_KDMC - Emergency/button_Add' is clicked on

2018-05-30 15:09:15 - [MESSAGE][PASSED] - Object: 'Object Repository/Emergency/Page_KDMC - Emergency/button_Add' is clicked on

2018-05-30 15:09:15 - [TEST_STEP][PASSED] - selectOptionByIndex: All options with index in [6] are selected on object 'Object Repository/Emergency/Page_KDMC - Emergency/select_--Select--Schedule 1Inj'

2018-05-30 15:09:16 - [MESSAGE][PASSED] - All options with index in [6] are selected on object 'Object Repository/Emergency/Page_KDMC - Emergency/select_--Select--Schedule 1Inj'

2018-05-30 15:09:16 - [TEST_STEP][PASSED] - selectOptionByIndex: All options with index in [30] are selected on object 'Object Repository/Emergency/Page_KDMC - Emergency/select_--Select--Adernaline 0.'

2018-05-30 15:09:16 - [MESSAGE][PASSED] - All options with index in [30] are selected on object 'Object Repository/Emergency/Page_KDMC - Emergency/select_--Select--Adernaline 0.'

2018-05-30 15:09:16 - [TEST_STEP][PASSED] - setText: Text '10' is set on object 'Object Repository/Emergency/Page_KDMC - Emergency/input_txttreat'

2018-05-30 15:09:16 - [MESSAGE][PASSED] - Text '10' is set on object 'Object Repository/Emergency/Page_KDMC - Emergency/input_txttreat'

2018-05-30 15:09:16 - [TEST_STEP][PASSED] - click: Object: 'Object Repository/Emergency/Page_KDMC - Emergency/button_Add' is clicked on

2018-05-30 15:09:16 - [MESSAGE][PASSED] - Object: 'Object Repository/Emergency/Page_KDMC - Emergency/button_Add' is clicked on

2018-05-30 15:09:16 - [TEST_STEP][PASSED] - selectOptionByIndex: All options with index in [6] are selected on object 'Object Repository/Emergency/Page_KDMC - Emergency/select_--Select--Schedule 1Inj'

2018-05-30 15:09:16 - [MESSAGE][PASSED] - All options with index in [6] are selected on object 'Object Repository/Emergency/Page_KDMC - Emergency/select_--Select--Schedule 1Inj'

2018-05-30 15:09:16 - [TEST_STEP][PASSED] - selectOptionByIndex: All options with index in [31] are selected on object 'Object Repository/Emergency/Page_KDMC - Emergency/select_--Select--Adernaline 0.'

2018-05-30 15:09:17 - [MESSAGE][PASSED] - All options with index in [31] are selected on object 'Object Repository/Emergency/Page_KDMC - Emergency/select_--Select--Adernaline 0.'

2018-05-30 15:09:17 - [TEST_STEP][PASSED] - setText: Text '10' is set on object 'Object Repository/Emergency/Page_KDMC - Emergency/input_txttreat'

2018-05-30 15:09:17 - [MESSAGE][PASSED] - Text '10' is set on object 'Object Repository/Emergency/Page_KDMC - Emergency/input_txttreat'

2018-05-30 15:09:17 - [TEST_STEP][PASSED] - click: Object: 'Object Repository/Emergency/Page_KDMC - Emergency/button_Add' is clicked on

2018-05-30 15:09:17 - [MESSAGE][PASSED] - Object: 'Object Repository/Emergency/Page_KDMC - Emergency/button_Add' is clicked on

2018-05-30 15:09:17 - [TEST_STEP][PASSED] - selectOptionByIndex: All options with index in [6] are selected on object 'Object Repository/Emergency/Page_KDMC - Emergency/select_--Select--Schedule 1Inj'

2018-05-30 15:09:17 - [MESSAGE][PASSED] - All options with index in [6] are selected on object 'Object Repository/Emergency/Page_KDMC - Emergency/select_--Select--Schedule 1Inj'

2018-05-30 15:09:17 - [TEST_STEP][PASSED] - selectOptionByIndex: All options with index in [32] are selected on object 'Object Repository/Emergency/Page_KDMC - Emergency/select_--Select--Adernaline 0.'

2018-05-30 15:09:17 - [MESSAGE][PASSED] - All options with index in [32] are selected on object 'Object Repository/Emergency/Page_KDMC - Emergency/select_--Select--Adernaline 0.'

2018-05-30 15:09:17 - [TEST_STEP][PASSED] - setText: Text '10' is set on object 'Object Repository/Emergency/Page_KDMC - Emergency/input_txttreat'

2018-05-30 15:09:18 - [MESSAGE][PASSED] - Text '10' is set on object 'Object Repository/Emergency/Page_KDMC - Emergency/input_txttreat'

2018-05-30 15:09:18 - [TEST_STEP][PASSED] - click: Object: 'Object Repository/Emergency/Page_KDMC - Emergency/button_Add' is clicked on

2018-05-30 15:09:18 - [MESSAGE][PASSED] - Object: 'Object Repository/Emergency/Page_KDMC - Emergency/button_Add' is clicked on

2018-05-30 15:09:18 - [TEST_STEP][PASSED] - selectOptionByIndex: All options with index in [6] are selected on object 'Object Repository/Emergency/Page_KDMC - Emergency/select_--Select--Schedule 1Inj'

2018-05-30 15:09:18 - [MESSAGE][PASSED] - All options with index in [6] are selected on object 'Object Repository/Emergency/Page_KDMC - Emergency/select_--Select--Schedule 1Inj'

2018-05-30 15:09:18 - [TEST_STEP][PASSED] - selectOptionByIndex: All options with index in [33] are selected on object 'Object Repository/Emergency/Page_KDMC - Emergency/select_--Select--Adernaline 0.'

2018-05-30 15:09:18 - [MESSAGE][PASSED] - All options with index in [33] are selected on object 'Object Repository/Emergency/Page_KDMC - Emergency/select_--Select--Adernaline 0.'

2018-05-30 15:09:18 - [TEST_STEP][PASSED] - setText: Text '10' is set on object 'Object Repository/Emergency/Page_KDMC - Emergency/input_txttreat'

2018-05-30 15:09:18 - [MESSAGE][PASSED] - Text '10' is set on object 'Object Repository/Emergency/Page_KDMC - Emergency/input_txttreat'

2018-05-30 15:09:18 - [TEST_STEP][PASSED] - click: Object: 'Object Repository/Emergency/Page_KDMC - Emergency/button_Add' is clicked on

2018-05-30 15:09:18 - [MESSAGE][PASSED] - Object: 'Object Repository/Emergency/Page_KDMC - Emergency/button_Add' is clicked on

2018-05-30 15:09:18 - [TEST_STEP][PASSED] - selectOptionByIndex: All options with index in [6] are selected on object 'Object Repository/Emergency/Page_KDMC - Emergency/select_--Select--Schedule 1Inj'

2018-05-30 15:09:18 - [MESSAGE][PASSED] - All options with index in [6] are selected on object 'Object Repository/Emergency/Page_KDMC - Emergency/select_--Select--Schedule 1Inj'

2018-05-30 15:09:18 - [TEST_STEP][PASSED] - selectOptionByIndex: All options with index in [34] are selected on object 'Object Repository/Emergency/Page_KDMC - Emergency/select_--Select--Adernaline 0.'

2018-05-30 15:09:19 - [MESSAGE][PASSED] - All options with index in [34] are selected on object 'Object Repository/Emergency/Page_KDMC - Emergency/select_--Select--Adernaline 0.'

2018-05-30 15:09:19 - [TEST_STEP][PASSED] - setText: Text '10' is set on object 'Object Repository/Emergency/Page_KDMC - Emergency/input_txttreat'

2018-05-30 15:09:19 - [MESSAGE][PASSED] - Text '10' is set on object 'Object Repository/Emergency/Page_KDMC - Emergency/input_txttreat'

2018-05-30 15:09:19 - [TEST_STEP][PASSED] - click: Object: 'Object Repository/Emergency/Page_KDMC - Emergency/button_Add' is clicked on

2018-05-30 15:09:19 - [MESSAGE][PASSED] - Object: 'Object Repository/Emergency/Page_KDMC - Emergency/button_Add' is clicked on

2018-05-30 15:09:19 - [TEST_STEP][PASSED] - selectOptionByIndex: All options with index in [6] are selected on object 'Object Repository/Emergency/Page_KDMC - Emergency/select_--Select--Schedule 1Inj'

2018-05-30 15:09:19 - [MESSAGE][PASSED] - All options with index in [6] are selected on object 'Object Repository/Emergency/Page_KDMC - Emergency/select_--Select--Schedule 1Inj'

2018-05-30 15:09:19 - [TEST_STEP][PASSED] - selectOptionByIndex: All options with index in [35] are selected on object 'Object Repository/Emergency/Page_KDMC - Emergency/select_--Select--Adernaline 0.'

2018-05-30 15:09:20 - [MESSAGE][PASSED] - All options with index in [35] are selected on object 'Object Repository/Emergency/Page_KDMC - Emergency/select_--Select--Adernaline 0.'

2018-05-30 15:09:20 - [TEST_STEP][PASSED] - setText: Text '10' is set on object 'Object Repository/Emergency/Page_KDMC - Emergency/input_txttreat'

2018-05-30 15:09:20 - [MESSAGE][PASSED] - Text '10' is set on object 'Object Repository/Emergency/Page_KDMC - Emergency/input_txttreat'

2018-05-30 15:09:20 - [TEST_STEP][PASSED] - click: Object: 'Object Repository/Emergency/Page_KDMC - Emergency/button_Add' is clicked on

2018-05-30 15:09:20 - [MESSAGE][PASSED] - Object: 'Object Repository/Emergency/Page_KDMC - Emergency/button_Add' is clicked on

2018-05-30 15:09:20 - [TEST_STEP][PASSED] - scrollToElement: Scroll to object 'Object Repository/Emergency/Page_KDMC - Emergency/input_btnsave' successfully

2018-05-30 15:09:20 - [MESSAGE][PASSED] - Scroll to object 'Object Repository/Emergency/Page_KDMC - Emergency/input_btnsave' successfully

2018-05-30 15:09:20 - [TEST_STEP][PASSED] - click: Object: 'Object Repository/Emergency/Page_KDMC - Emergency/input_btnsave' is clicked on

2018-05-30 15:09:20 - [MESSAGE][PASSED] - Object: 'Object Repository/Emergency/Page_KDMC - Emergency/input_btnsave' is clicked on

2018-05-30 15:09:20 - [TEST_STEP][PASSED] - delay: Delayed 3 second(s)

2018-05-30 15:09:23 - [MESSAGE][PASSED] - Delayed 3 second(s)

2018-05-30 15:09:23 - [TEST_STEP][FAILED] - Statement - RequestNumber = com.kms.katalon.core.webui.keyword.WebUiBuiltInKeywords.getText(com.kms.katalon.core.testobject.ObjectRepository.findTestObject(Emergency/Page_KDMC - Emergency/font_ERNO100520183)): Unable to get text of object 'Object Repository/Emergency/Page_KDMC - Emergency/font_ERNO100520183' (Root cause: com.kms.katalon.core.webui.exception.WebElementNotFoundException: Web element with id: 'Object Repository/Emergency/Page_KDMC - Emergency/font_ERNO100520183' located by 'By.xpath: /html[1]/body[@class="skin-blue  pace-done modal-open"]/div[@class="bootbox modal fade bootbox-alert in"]/div[@class="modal-dialog"]/div[@class="modal-content"]/div[@class="modal-body"]/div[@class="bootbox-body"]/b[1]/font[1]' not found)

2018-05-30 15:09:55 - [MESSAGE][FAILED] - Unable to get text of object 'Object Repository/Emergency/Page_KDMC - Emergency/font_ERNO100520183' (Root cause: com.kms.katalon.core.webui.exception.WebElementNotFoundException: Web element with id: 'Object Repository/Emergency/Page_KDMC - Emergency/font_ERNO100520183' located by 'By.xpath: /html[1]/body[@class="skin-blue  pace-done modal-open"]/div[@class="bootbox modal fade bootbox-alert in"]/div[@class="modal-dialog"]/div[@class="modal-content"]/div[@class="modal-body"]/div[@class="bootbox-body"]/b[1]/font[1]' not found)
[[ATTACHMENT|C:\\Users\\Quality Analyst\\Katalon Studio\\ds\\Reports\\Emergency_Suite\\20180530_143545\\1527673194871.png]]]]></system-out>
         <system-err><![CDATA[2018-05-30 15:08:41 - [TEST_CASE][FAILED] - Test Cases/EMERGENCY TEST CASES/TC_ER_006 Verify Schedule 9 Emergency  Request Are Working Successfully Or Not: Test Cases/EMERGENCY TEST CASES/TC_ER_006 Verify Schedule 9 Emergency  Request Are Working Successfully Or Not FAILED because (of) Unable to get text of object 'Object Repository/Emergency/Page_KDMC - Emergency/font_ERNO100520183' (Root cause: com.kms.katalon.core.webui.exception.WebElementNotFoundException: Web element with id: 'Object Repository/Emergency/Page_KDMC - Emergency/font_ERNO100520183' located by 'By.xpath: /html[1]/body[@class="skin-blue  pace-done modal-open"]/div[@class="bootbox modal fade bootbox-alert in"]/div[@class="modal-dialog"]/div[@class="modal-content"]/div[@class="modal-body"]/div[@class="bootbox-body"]/b[1]/font[1]' not found)]]></system-err>
      </testcase>
      <testcase name="Test Cases/EMERGENCY TEST CASES/TC_ER_007 Verify Schedule 12 Emergency  Request Are Working Successfully Or Not" classname="Test Cases/EMERGENCY TEST CASES/TC_ER_007 Verify Schedule 12 Emergency  Request Are Working Successfully Or Not" status="PASSED">
         <system-out><![CDATA[2018-05-30 15:09:55 - [TEST_CASE][PASSED] - Test Cases/EMERGENCY TEST CASES/TC_ER_007 Verify Schedule 12 Emergency  Request Are Working Successfully Or Not: Test Cases/EMERGENCY TEST CASES/TC_ER_007 Verify Schedule 12 Emergency  Request Are Working Successfully Or Not

2018-05-30 15:09:55 - [TEST_STEP][PASSED] - openBrowser: Browser is opened with url: ''

2018-05-30 15:09:55 - [MESSAGE][WARNING] - A browser is already opened. Closing browser and opening a new one

2018-05-30 15:09:58 - [MESSAGE][PASSED] - Browser is opened with url: ''

2018-05-30 15:09:58 - [TEST_STEP][PASSED] - Statement - out.println("Verify Schedule 12 Emergency  Request Are Working Successfully Or Not"): null

2018-05-30 15:09:58 - [TEST_STEP][PASSED] - navigateToUrl: Navigate to 'http://192.168.137.1/Multihospital_New/EmergencyLogin.aspx' successfully

2018-05-30 15:10:00 - [MESSAGE][PASSED] - Navigate to 'http://192.168.137.1/Multihospital_New/EmergencyLogin.aspx' successfully

2018-05-30 15:10:00 - [TEST_STEP][PASSED] - maximizeWindow: Current window maximized

2018-05-30 15:10:01 - [MESSAGE][PASSED] - Current window maximized

2018-05-30 15:10:01 - [TEST_STEP][PASSED] - setText: Text 'nivetha' is set on object 'Object Repository/Emergency/Page_Emergency login/input_txtusername'

2018-05-30 15:10:01 - [MESSAGE][PASSED] - Text 'nivetha' is set on object 'Object Repository/Emergency/Page_Emergency login/input_txtusername'

2018-05-30 15:10:01 - [TEST_STEP][PASSED] - setText: Text '123' is set on object 'Object Repository/Emergency/Page_Emergency login/input_txtpassword'

2018-05-30 15:10:01 - [MESSAGE][PASSED] - Text '123' is set on object 'Object Repository/Emergency/Page_Emergency login/input_txtpassword'

2018-05-30 15:10:01 - [TEST_STEP][PASSED] - delay: Delayed 3 second(s)

2018-05-30 15:10:04 - [MESSAGE][PASSED] - Delayed 3 second(s)

2018-05-30 15:10:04 - [TEST_STEP][PASSED] - click: Object: 'Object Repository/Emergency/Page_Emergency login/button_Sign in' is clicked on

2018-05-30 15:10:05 - [MESSAGE][PASSED] - Object: 'Object Repository/Emergency/Page_Emergency login/button_Sign in' is clicked on

2018-05-30 15:10:05 - [TEST_STEP][PASSED] - delay: Delayed 3 second(s)

2018-05-30 15:10:08 - [MESSAGE][PASSED] - Delayed 3 second(s)

2018-05-30 15:10:08 - [TEST_STEP][PASSED] - click: Object: 'Object Repository/Emergency/Page_KDMC - Emergency/a_Store Request' is clicked on

2018-05-30 15:10:08 - [MESSAGE][PASSED] - Object: 'Object Repository/Emergency/Page_KDMC - Emergency/a_Store Request' is clicked on

2018-05-30 15:10:08 - [TEST_STEP][PASSED] - delay: Delayed 2 second(s)

2018-05-30 15:10:10 - [MESSAGE][PASSED] - Delayed 2 second(s)

2018-05-30 15:10:10 - [TEST_STEP][PASSED] - click: Object: 'Object Repository/Emergency/Page_KDMC - Emergency/a_Medicine Request' is clicked on

2018-05-30 15:10:11 - [MESSAGE][PASSED] - Object: 'Object Repository/Emergency/Page_KDMC - Emergency/a_Medicine Request' is clicked on

2018-05-30 15:10:11 - [TEST_STEP][PASSED] - delay: Delayed 2 second(s)

2018-05-30 15:10:13 - [MESSAGE][PASSED] - Delayed 2 second(s)

2018-05-30 15:10:13 - [TEST_STEP][PASSED] - selectOptionByIndex: All options with index in [7] are selected on object 'Object Repository/Emergency/Page_KDMC - Emergency/select_--Select--Schedule 1Inj'

2018-05-30 15:10:13 - [MESSAGE][PASSED] - All options with index in [7] are selected on object 'Object Repository/Emergency/Page_KDMC - Emergency/select_--Select--Schedule 1Inj'

2018-05-30 15:10:13 - [TEST_STEP][PASSED] - Statement - seletedoptions = com.kms.katalon.core.webui.keyword.WebUiBuiltInKeywords.getNumberOfTotalOption(com.kms.katalon.core.testobject.ObjectRepository.findTestObject(Emergency/Page_KDMC - Emergency/select_--Select--Adernaline 0.)): 19 options of object 'Object Repository/Emergency/Page_KDMC - Emergency/select_--Select--Adernaline 0.' counted

2018-05-30 15:10:13 - [MESSAGE][PASSED] - 19 options of object 'Object Repository/Emergency/Page_KDMC - Emergency/select_--Select--Adernaline 0.' counted

2018-05-30 15:10:13 - [TEST_STEP][PASSED] - Statement - For ([u = 1, u < seletedoptions, (u++)]): Object: 'Object Repository/Emergency/Page_KDMC - Emergency/button_Add' is clicked on

2018-05-30 15:10:13 - [TEST_STEP][PASSED] - selectOptionByIndex: All options with index in [7] are selected on object 'Object Repository/Emergency/Page_KDMC - Emergency/select_--Select--Schedule 1Inj'

2018-05-30 15:10:13 - [MESSAGE][PASSED] - All options with index in [7] are selected on object 'Object Repository/Emergency/Page_KDMC - Emergency/select_--Select--Schedule 1Inj'

2018-05-30 15:10:13 - [TEST_STEP][PASSED] - selectOptionByIndex: All options with index in [1] are selected on object 'Object Repository/Emergency/Page_KDMC - Emergency/select_--Select--Adernaline 0.'

2018-05-30 15:10:13 - [MESSAGE][PASSED] - All options with index in [1] are selected on object 'Object Repository/Emergency/Page_KDMC - Emergency/select_--Select--Adernaline 0.'

2018-05-30 15:10:13 - [TEST_STEP][PASSED] - setText: Text '10' is set on object 'Object Repository/Emergency/Page_KDMC - Emergency/input_txttreat'

2018-05-30 15:10:13 - [MESSAGE][PASSED] - Text '10' is set on object 'Object Repository/Emergency/Page_KDMC - Emergency/input_txttreat'

2018-05-30 15:10:13 - [TEST_STEP][PASSED] - click: Object: 'Object Repository/Emergency/Page_KDMC - Emergency/button_Add' is clicked on

2018-05-30 15:10:13 - [MESSAGE][PASSED] - Object: 'Object Repository/Emergency/Page_KDMC - Emergency/button_Add' is clicked on

2018-05-30 15:10:13 - [TEST_STEP][PASSED] - selectOptionByIndex: All options with index in [7] are selected on object 'Object Repository/Emergency/Page_KDMC - Emergency/select_--Select--Schedule 1Inj'

2018-05-30 15:10:14 - [MESSAGE][PASSED] - All options with index in [7] are selected on object 'Object Repository/Emergency/Page_KDMC - Emergency/select_--Select--Schedule 1Inj'

2018-05-30 15:10:14 - [TEST_STEP][PASSED] - selectOptionByIndex: All options with index in [2] are selected on object 'Object Repository/Emergency/Page_KDMC - Emergency/select_--Select--Adernaline 0.'

2018-05-30 15:10:14 - [MESSAGE][PASSED] - All options with index in [2] are selected on object 'Object Repository/Emergency/Page_KDMC - Emergency/select_--Select--Adernaline 0.'

2018-05-30 15:10:14 - [TEST_STEP][PASSED] - setText: Text '10' is set on object 'Object Repository/Emergency/Page_KDMC - Emergency/input_txttreat'

2018-05-30 15:10:14 - [MESSAGE][PASSED] - Text '10' is set on object 'Object Repository/Emergency/Page_KDMC - Emergency/input_txttreat'

2018-05-30 15:10:14 - [TEST_STEP][PASSED] - click: Object: 'Object Repository/Emergency/Page_KDMC - Emergency/button_Add' is clicked on

2018-05-30 15:10:14 - [MESSAGE][PASSED] - Object: 'Object Repository/Emergency/Page_KDMC - Emergency/button_Add' is clicked on

2018-05-30 15:10:14 - [TEST_STEP][PASSED] - selectOptionByIndex: All options with index in [7] are selected on object 'Object Repository/Emergency/Page_KDMC - Emergency/select_--Select--Schedule 1Inj'

2018-05-30 15:10:14 - [MESSAGE][PASSED] - All options with index in [7] are selected on object 'Object Repository/Emergency/Page_KDMC - Emergency/select_--Select--Schedule 1Inj'

2018-05-30 15:10:14 - [TEST_STEP][PASSED] - selectOptionByIndex: All options with index in [3] are selected on object 'Object Repository/Emergency/Page_KDMC - Emergency/select_--Select--Adernaline 0.'

2018-05-30 15:10:14 - [MESSAGE][PASSED] - All options with index in [3] are selected on object 'Object Repository/Emergency/Page_KDMC - Emergency/select_--Select--Adernaline 0.'

2018-05-30 15:10:14 - [TEST_STEP][PASSED] - setText: Text '10' is set on object 'Object Repository/Emergency/Page_KDMC - Emergency/input_txttreat'

2018-05-30 15:10:14 - [MESSAGE][PASSED] - Text '10' is set on object 'Object Repository/Emergency/Page_KDMC - Emergency/input_txttreat'

2018-05-30 15:10:14 - [TEST_STEP][PASSED] - click: Object: 'Object Repository/Emergency/Page_KDMC - Emergency/button_Add' is clicked on

2018-05-30 15:10:14 - [MESSAGE][PASSED] - Object: 'Object Repository/Emergency/Page_KDMC - Emergency/button_Add' is clicked on

2018-05-30 15:10:14 - [TEST_STEP][PASSED] - selectOptionByIndex: All options with index in [7] are selected on object 'Object Repository/Emergency/Page_KDMC - Emergency/select_--Select--Schedule 1Inj'

2018-05-30 15:10:15 - [MESSAGE][PASSED] - All options with index in [7] are selected on object 'Object Repository/Emergency/Page_KDMC - Emergency/select_--Select--Schedule 1Inj'

2018-05-30 15:10:15 - [TEST_STEP][PASSED] - selectOptionByIndex: All options with index in [4] are selected on object 'Object Repository/Emergency/Page_KDMC - Emergency/select_--Select--Adernaline 0.'

2018-05-30 15:10:15 - [MESSAGE][PASSED] - All options with index in [4] are selected on object 'Object Repository/Emergency/Page_KDMC - Emergency/select_--Select--Adernaline 0.'

2018-05-30 15:10:15 - [TEST_STEP][PASSED] - setText: Text '10' is set on object 'Object Repository/Emergency/Page_KDMC - Emergency/input_txttreat'

2018-05-30 15:10:15 - [MESSAGE][PASSED] - Text '10' is set on object 'Object Repository/Emergency/Page_KDMC - Emergency/input_txttreat'

2018-05-30 15:10:15 - [TEST_STEP][PASSED] - click: Object: 'Object Repository/Emergency/Page_KDMC - Emergency/button_Add' is clicked on

2018-05-30 15:10:15 - [MESSAGE][PASSED] - Object: 'Object Repository/Emergency/Page_KDMC - Emergency/button_Add' is clicked on

2018-05-30 15:10:15 - [TEST_STEP][PASSED] - selectOptionByIndex: All options with index in [7] are selected on object 'Object Repository/Emergency/Page_KDMC - Emergency/select_--Select--Schedule 1Inj'

2018-05-30 15:10:15 - [MESSAGE][PASSED] - All options with index in [7] are selected on object 'Object Repository/Emergency/Page_KDMC - Emergency/select_--Select--Schedule 1Inj'

2018-05-30 15:10:15 - [TEST_STEP][PASSED] - selectOptionByIndex: All options with index in [5] are selected on object 'Object Repository/Emergency/Page_KDMC - Emergency/select_--Select--Adernaline 0.'

2018-05-30 15:10:15 - [MESSAGE][PASSED] - All options with index in [5] are selected on object 'Object Repository/Emergency/Page_KDMC - Emergency/select_--Select--Adernaline 0.'

2018-05-30 15:10:15 - [TEST_STEP][PASSED] - setText: Text '10' is set on object 'Object Repository/Emergency/Page_KDMC - Emergency/input_txttreat'

2018-05-30 15:10:15 - [MESSAGE][PASSED] - Text '10' is set on object 'Object Repository/Emergency/Page_KDMC - Emergency/input_txttreat'

2018-05-30 15:10:15 - [TEST_STEP][PASSED] - click: Object: 'Object Repository/Emergency/Page_KDMC - Emergency/button_Add' is clicked on

2018-05-30 15:10:15 - [MESSAGE][PASSED] - Object: 'Object Repository/Emergency/Page_KDMC - Emergency/button_Add' is clicked on

2018-05-30 15:10:15 - [TEST_STEP][PASSED] - selectOptionByIndex: All options with index in [7] are selected on object 'Object Repository/Emergency/Page_KDMC - Emergency/select_--Select--Schedule 1Inj'

2018-05-30 15:10:16 - [MESSAGE][PASSED] - All options with index in [7] are selected on object 'Object Repository/Emergency/Page_KDMC - Emergency/select_--Select--Schedule 1Inj'

2018-05-30 15:10:16 - [TEST_STEP][PASSED] - selectOptionByIndex: All options with index in [6] are selected on object 'Object Repository/Emergency/Page_KDMC - Emergency/select_--Select--Adernaline 0.'

2018-05-30 15:10:16 - [MESSAGE][PASSED] - All options with index in [6] are selected on object 'Object Repository/Emergency/Page_KDMC - Emergency/select_--Select--Adernaline 0.'

2018-05-30 15:10:16 - [TEST_STEP][PASSED] - setText: Text '10' is set on object 'Object Repository/Emergency/Page_KDMC - Emergency/input_txttreat'

2018-05-30 15:10:16 - [MESSAGE][PASSED] - Text '10' is set on object 'Object Repository/Emergency/Page_KDMC - Emergency/input_txttreat'

2018-05-30 15:10:16 - [TEST_STEP][PASSED] - click: Object: 'Object Repository/Emergency/Page_KDMC - Emergency/button_Add' is clicked on

2018-05-30 15:10:16 - [MESSAGE][PASSED] - Object: 'Object Repository/Emergency/Page_KDMC - Emergency/button_Add' is clicked on

2018-05-30 15:10:16 - [TEST_STEP][PASSED] - selectOptionByIndex: All options with index in [7] are selected on object 'Object Repository/Emergency/Page_KDMC - Emergency/select_--Select--Schedule 1Inj'

2018-05-30 15:10:16 - [MESSAGE][PASSED] - All options with index in [7] are selected on object 'Object Repository/Emergency/Page_KDMC - Emergency/select_--Select--Schedule 1Inj'

2018-05-30 15:10:16 - [TEST_STEP][PASSED] - selectOptionByIndex: All options with index in [7] are selected on object 'Object Repository/Emergency/Page_KDMC - Emergency/select_--Select--Adernaline 0.'

2018-05-30 15:10:16 - [MESSAGE][PASSED] - All options with index in [7] are selected on object 'Object Repository/Emergency/Page_KDMC - Emergency/select_--Select--Adernaline 0.'

2018-05-30 15:10:16 - [TEST_STEP][PASSED] - setText: Text '10' is set on object 'Object Repository/Emergency/Page_KDMC - Emergency/input_txttreat'

2018-05-30 15:10:16 - [MESSAGE][PASSED] - Text '10' is set on object 'Object Repository/Emergency/Page_KDMC - Emergency/input_txttreat'

2018-05-30 15:10:16 - [TEST_STEP][PASSED] - click: Object: 'Object Repository/Emergency/Page_KDMC - Emergency/button_Add' is clicked on

2018-05-30 15:10:16 - [MESSAGE][PASSED] - Object: 'Object Repository/Emergency/Page_KDMC - Emergency/button_Add' is clicked on

2018-05-30 15:10:16 - [TEST_STEP][PASSED] - selectOptionByIndex: All options with index in [7] are selected on object 'Object Repository/Emergency/Page_KDMC - Emergency/select_--Select--Schedule 1Inj'

2018-05-30 15:10:17 - [MESSAGE][PASSED] - All options with index in [7] are selected on object 'Object Repository/Emergency/Page_KDMC - Emergency/select_--Select--Schedule 1Inj'

2018-05-30 15:10:17 - [TEST_STEP][PASSED] - selectOptionByIndex: All options with index in [8] are selected on object 'Object Repository/Emergency/Page_KDMC - Emergency/select_--Select--Adernaline 0.'

2018-05-30 15:10:17 - [MESSAGE][PASSED] - All options with index in [8] are selected on object 'Object Repository/Emergency/Page_KDMC - Emergency/select_--Select--Adernaline 0.'

2018-05-30 15:10:17 - [TEST_STEP][PASSED] - setText: Text '10' is set on object 'Object Repository/Emergency/Page_KDMC - Emergency/input_txttreat'

2018-05-30 15:10:17 - [MESSAGE][PASSED] - Text '10' is set on object 'Object Repository/Emergency/Page_KDMC - Emergency/input_txttreat'

2018-05-30 15:10:17 - [TEST_STEP][PASSED] - click: Object: 'Object Repository/Emergency/Page_KDMC - Emergency/button_Add' is clicked on

2018-05-30 15:10:17 - [MESSAGE][PASSED] - Object: 'Object Repository/Emergency/Page_KDMC - Emergency/button_Add' is clicked on

2018-05-30 15:10:17 - [TEST_STEP][PASSED] - selectOptionByIndex: All options with index in [7] are selected on object 'Object Repository/Emergency/Page_KDMC - Emergency/select_--Select--Schedule 1Inj'

2018-05-30 15:10:17 - [MESSAGE][PASSED] - All options with index in [7] are selected on object 'Object Repository/Emergency/Page_KDMC - Emergency/select_--Select--Schedule 1Inj'

2018-05-30 15:10:17 - [TEST_STEP][PASSED] - selectOptionByIndex: All options with index in [9] are selected on object 'Object Repository/Emergency/Page_KDMC - Emergency/select_--Select--Adernaline 0.'

2018-05-30 15:10:17 - [MESSAGE][PASSED] - All options with index in [9] are selected on object 'Object Repository/Emergency/Page_KDMC - Emergency/select_--Select--Adernaline 0.'

2018-05-30 15:10:17 - [TEST_STEP][PASSED] - setText: Text '10' is set on object 'Object Repository/Emergency/Page_KDMC - Emergency/input_txttreat'

2018-05-30 15:10:17 - [MESSAGE][PASSED] - Text '10' is set on object 'Object Repository/Emergency/Page_KDMC - Emergency/input_txttreat'

2018-05-30 15:10:17 - [TEST_STEP][PASSED] - click: Object: 'Object Repository/Emergency/Page_KDMC - Emergency/button_Add' is clicked on

2018-05-30 15:10:17 - [MESSAGE][PASSED] - Object: 'Object Repository/Emergency/Page_KDMC - Emergency/button_Add' is clicked on

2018-05-30 15:10:17 - [TEST_STEP][PASSED] - selectOptionByIndex: All options with index in [7] are selected on object 'Object Repository/Emergency/Page_KDMC - Emergency/select_--Select--Schedule 1Inj'

2018-05-30 15:10:18 - [MESSAGE][PASSED] - All options with index in [7] are selected on object 'Object Repository/Emergency/Page_KDMC - Emergency/select_--Select--Schedule 1Inj'

2018-05-30 15:10:18 - [TEST_STEP][PASSED] - selectOptionByIndex: All options with index in [10] are selected on object 'Object Repository/Emergency/Page_KDMC - Emergency/select_--Select--Adernaline 0.'

2018-05-30 15:10:18 - [MESSAGE][PASSED] - All options with index in [10] are selected on object 'Object Repository/Emergency/Page_KDMC - Emergency/select_--Select--Adernaline 0.'

2018-05-30 15:10:18 - [TEST_STEP][PASSED] - setText: Text '10' is set on object 'Object Repository/Emergency/Page_KDMC - Emergency/input_txttreat'

2018-05-30 15:10:18 - [MESSAGE][PASSED] - Text '10' is set on object 'Object Repository/Emergency/Page_KDMC - Emergency/input_txttreat'

2018-05-30 15:10:18 - [TEST_STEP][PASSED] - click: Object: 'Object Repository/Emergency/Page_KDMC - Emergency/button_Add' is clicked on

2018-05-30 15:10:18 - [MESSAGE][PASSED] - Object: 'Object Repository/Emergency/Page_KDMC - Emergency/button_Add' is clicked on

2018-05-30 15:10:18 - [TEST_STEP][PASSED] - selectOptionByIndex: All options with index in [7] are selected on object 'Object Repository/Emergency/Page_KDMC - Emergency/select_--Select--Schedule 1Inj'

2018-05-30 15:10:18 - [MESSAGE][PASSED] - All options with index in [7] are selected on object 'Object Repository/Emergency/Page_KDMC - Emergency/select_--Select--Schedule 1Inj'

2018-05-30 15:10:18 - [TEST_STEP][PASSED] - selectOptionByIndex: All options with index in [11] are selected on object 'Object Repository/Emergency/Page_KDMC - Emergency/select_--Select--Adernaline 0.'

2018-05-30 15:10:18 - [MESSAGE][PASSED] - All options with index in [11] are selected on object 'Object Repository/Emergency/Page_KDMC - Emergency/select_--Select--Adernaline 0.'

2018-05-30 15:10:18 - [TEST_STEP][PASSED] - setText: Text '10' is set on object 'Object Repository/Emergency/Page_KDMC - Emergency/input_txttreat'

2018-05-30 15:10:18 - [MESSAGE][PASSED] - Text '10' is set on object 'Object Repository/Emergency/Page_KDMC - Emergency/input_txttreat'

2018-05-30 15:10:18 - [TEST_STEP][PASSED] - click: Object: 'Object Repository/Emergency/Page_KDMC - Emergency/button_Add' is clicked on

2018-05-30 15:10:19 - [MESSAGE][PASSED] - Object: 'Object Repository/Emergency/Page_KDMC - Emergency/button_Add' is clicked on

2018-05-30 15:10:19 - [TEST_STEP][PASSED] - selectOptionByIndex: All options with index in [7] are selected on object 'Object Repository/Emergency/Page_KDMC - Emergency/select_--Select--Schedule 1Inj'

2018-05-30 15:10:19 - [MESSAGE][PASSED] - All options with index in [7] are selected on object 'Object Repository/Emergency/Page_KDMC - Emergency/select_--Select--Schedule 1Inj'

2018-05-30 15:10:19 - [TEST_STEP][PASSED] - selectOptionByIndex: All options with index in [12] are selected on object 'Object Repository/Emergency/Page_KDMC - Emergency/select_--Select--Adernaline 0.'

2018-05-30 15:10:19 - [MESSAGE][PASSED] - All options with index in [12] are selected on object 'Object Repository/Emergency/Page_KDMC - Emergency/select_--Select--Adernaline 0.'

2018-05-30 15:10:19 - [TEST_STEP][PASSED] - setText: Text '10' is set on object 'Object Repository/Emergency/Page_KDMC - Emergency/input_txttreat'

2018-05-30 15:10:19 - [MESSAGE][PASSED] - Text '10' is set on object 'Object Repository/Emergency/Page_KDMC - Emergency/input_txttreat'

2018-05-30 15:10:19 - [TEST_STEP][PASSED] - click: Object: 'Object Repository/Emergency/Page_KDMC - Emergency/button_Add' is clicked on

2018-05-30 15:10:19 - [MESSAGE][PASSED] - Object: 'Object Repository/Emergency/Page_KDMC - Emergency/button_Add' is clicked on

2018-05-30 15:10:19 - [TEST_STEP][PASSED] - selectOptionByIndex: All options with index in [7] are selected on object 'Object Repository/Emergency/Page_KDMC - Emergency/select_--Select--Schedule 1Inj'

2018-05-30 15:10:19 - [MESSAGE][PASSED] - All options with index in [7] are selected on object 'Object Repository/Emergency/Page_KDMC - Emergency/select_--Select--Schedule 1Inj'

2018-05-30 15:10:19 - [TEST_STEP][PASSED] - selectOptionByIndex: All options with index in [13] are selected on object 'Object Repository/Emergency/Page_KDMC - Emergency/select_--Select--Adernaline 0.'

2018-05-30 15:10:20 - [MESSAGE][PASSED] - All options with index in [13] are selected on object 'Object Repository/Emergency/Page_KDMC - Emergency/select_--Select--Adernaline 0.'

2018-05-30 15:10:20 - [TEST_STEP][PASSED] - setText: Text '10' is set on object 'Object Repository/Emergency/Page_KDMC - Emergency/input_txttreat'

2018-05-30 15:10:20 - [MESSAGE][PASSED] - Text '10' is set on object 'Object Repository/Emergency/Page_KDMC - Emergency/input_txttreat'

2018-05-30 15:10:20 - [TEST_STEP][PASSED] - click: Object: 'Object Repository/Emergency/Page_KDMC - Emergency/button_Add' is clicked on

2018-05-30 15:10:20 - [MESSAGE][PASSED] - Object: 'Object Repository/Emergency/Page_KDMC - Emergency/button_Add' is clicked on

2018-05-30 15:10:20 - [TEST_STEP][PASSED] - selectOptionByIndex: All options with index in [7] are selected on object 'Object Repository/Emergency/Page_KDMC - Emergency/select_--Select--Schedule 1Inj'

2018-05-30 15:10:20 - [MESSAGE][PASSED] - All options with index in [7] are selected on object 'Object Repository/Emergency/Page_KDMC - Emergency/select_--Select--Schedule 1Inj'

2018-05-30 15:10:20 - [TEST_STEP][PASSED] - selectOptionByIndex: All options with index in [14] are selected on object 'Object Repository/Emergency/Page_KDMC - Emergency/select_--Select--Adernaline 0.'

2018-05-30 15:10:20 - [MESSAGE][PASSED] - All options with index in [14] are selected on object 'Object Repository/Emergency/Page_KDMC - Emergency/select_--Select--Adernaline 0.'

2018-05-30 15:10:20 - [TEST_STEP][PASSED] - setText: Text '10' is set on object 'Object Repository/Emergency/Page_KDMC - Emergency/input_txttreat'

2018-05-30 15:10:20 - [MESSAGE][PASSED] - Text '10' is set on object 'Object Repository/Emergency/Page_KDMC - Emergency/input_txttreat'

2018-05-30 15:10:20 - [TEST_STEP][PASSED] - click: Object: 'Object Repository/Emergency/Page_KDMC - Emergency/button_Add' is clicked on

2018-05-30 15:10:20 - [MESSAGE][PASSED] - Object: 'Object Repository/Emergency/Page_KDMC - Emergency/button_Add' is clicked on

2018-05-30 15:10:20 - [TEST_STEP][PASSED] - selectOptionByIndex: All options with index in [7] are selected on object 'Object Repository/Emergency/Page_KDMC - Emergency/select_--Select--Schedule 1Inj'

2018-05-30 15:10:20 - [MESSAGE][PASSED] - All options with index in [7] are selected on object 'Object Repository/Emergency/Page_KDMC - Emergency/select_--Select--Schedule 1Inj'

2018-05-30 15:10:20 - [TEST_STEP][PASSED] - selectOptionByIndex: All options with index in [15] are selected on object 'Object Repository/Emergency/Page_KDMC - Emergency/select_--Select--Adernaline 0.'

2018-05-30 15:10:21 - [MESSAGE][PASSED] - All options with index in [15] are selected on object 'Object Repository/Emergency/Page_KDMC - Emergency/select_--Select--Adernaline 0.'

2018-05-30 15:10:21 - [TEST_STEP][PASSED] - setText: Text '10' is set on object 'Object Repository/Emergency/Page_KDMC - Emergency/input_txttreat'

2018-05-30 15:10:21 - [MESSAGE][PASSED] - Text '10' is set on object 'Object Repository/Emergency/Page_KDMC - Emergency/input_txttreat'

2018-05-30 15:10:21 - [TEST_STEP][PASSED] - click: Object: 'Object Repository/Emergency/Page_KDMC - Emergency/button_Add' is clicked on

2018-05-30 15:10:21 - [MESSAGE][PASSED] - Object: 'Object Repository/Emergency/Page_KDMC - Emergency/button_Add' is clicked on

2018-05-30 15:10:21 - [TEST_STEP][PASSED] - selectOptionByIndex: All options with index in [7] are selected on object 'Object Repository/Emergency/Page_KDMC - Emergency/select_--Select--Schedule 1Inj'

2018-05-30 15:10:21 - [MESSAGE][PASSED] - All options with index in [7] are selected on object 'Object Repository/Emergency/Page_KDMC - Emergency/select_--Select--Schedule 1Inj'

2018-05-30 15:10:21 - [TEST_STEP][PASSED] - selectOptionByIndex: All options with index in [16] are selected on object 'Object Repository/Emergency/Page_KDMC - Emergency/select_--Select--Adernaline 0.'

2018-05-30 15:10:21 - [MESSAGE][PASSED] - All options with index in [16] are selected on object 'Object Repository/Emergency/Page_KDMC - Emergency/select_--Select--Adernaline 0.'

2018-05-30 15:10:21 - [TEST_STEP][PASSED] - setText: Text '10' is set on object 'Object Repository/Emergency/Page_KDMC - Emergency/input_txttreat'

2018-05-30 15:10:21 - [MESSAGE][PASSED] - Text '10' is set on object 'Object Repository/Emergency/Page_KDMC - Emergency/input_txttreat'

2018-05-30 15:10:21 - [TEST_STEP][PASSED] - click: Object: 'Object Repository/Emergency/Page_KDMC - Emergency/button_Add' is clicked on

2018-05-30 15:10:22 - [MESSAGE][PASSED] - Object: 'Object Repository/Emergency/Page_KDMC - Emergency/button_Add' is clicked on

2018-05-30 15:10:22 - [TEST_STEP][PASSED] - selectOptionByIndex: All options with index in [7] are selected on object 'Object Repository/Emergency/Page_KDMC - Emergency/select_--Select--Schedule 1Inj'

2018-05-30 15:10:22 - [MESSAGE][PASSED] - All options with index in [7] are selected on object 'Object Repository/Emergency/Page_KDMC - Emergency/select_--Select--Schedule 1Inj'

2018-05-30 15:10:22 - [TEST_STEP][PASSED] - selectOptionByIndex: All options with index in [17] are selected on object 'Object Repository/Emergency/Page_KDMC - Emergency/select_--Select--Adernaline 0.'

2018-05-30 15:10:22 - [MESSAGE][PASSED] - All options with index in [17] are selected on object 'Object Repository/Emergency/Page_KDMC - Emergency/select_--Select--Adernaline 0.'

2018-05-30 15:10:22 - [TEST_STEP][PASSED] - setText: Text '10' is set on object 'Object Repository/Emergency/Page_KDMC - Emergency/input_txttreat'

2018-05-30 15:10:22 - [MESSAGE][PASSED] - Text '10' is set on object 'Object Repository/Emergency/Page_KDMC - Emergency/input_txttreat'

2018-05-30 15:10:22 - [TEST_STEP][PASSED] - click: Object: 'Object Repository/Emergency/Page_KDMC - Emergency/button_Add' is clicked on

2018-05-30 15:10:22 - [MESSAGE][PASSED] - Object: 'Object Repository/Emergency/Page_KDMC - Emergency/button_Add' is clicked on

2018-05-30 15:10:22 - [TEST_STEP][PASSED] - selectOptionByIndex: All options with index in [7] are selected on object 'Object Repository/Emergency/Page_KDMC - Emergency/select_--Select--Schedule 1Inj'

2018-05-30 15:10:22 - [MESSAGE][PASSED] - All options with index in [7] are selected on object 'Object Repository/Emergency/Page_KDMC - Emergency/select_--Select--Schedule 1Inj'

2018-05-30 15:10:22 - [TEST_STEP][PASSED] - selectOptionByIndex: All options with index in [18] are selected on object 'Object Repository/Emergency/Page_KDMC - Emergency/select_--Select--Adernaline 0.'

2018-05-30 15:10:23 - [MESSAGE][PASSED] - All options with index in [18] are selected on object 'Object Repository/Emergency/Page_KDMC - Emergency/select_--Select--Adernaline 0.'

2018-05-30 15:10:23 - [TEST_STEP][PASSED] - setText: Text '10' is set on object 'Object Repository/Emergency/Page_KDMC - Emergency/input_txttreat'

2018-05-30 15:10:23 - [MESSAGE][PASSED] - Text '10' is set on object 'Object Repository/Emergency/Page_KDMC - Emergency/input_txttreat'

2018-05-30 15:10:23 - [TEST_STEP][PASSED] - click: Object: 'Object Repository/Emergency/Page_KDMC - Emergency/button_Add' is clicked on

2018-05-30 15:10:23 - [MESSAGE][PASSED] - Object: 'Object Repository/Emergency/Page_KDMC - Emergency/button_Add' is clicked on

2018-05-30 15:10:23 - [TEST_STEP][PASSED] - scrollToElement: Scroll to object 'Object Repository/Emergency/Page_KDMC - Emergency/input_btnsave' successfully

2018-05-30 15:10:23 - [MESSAGE][PASSED] - Scroll to object 'Object Repository/Emergency/Page_KDMC - Emergency/input_btnsave' successfully

2018-05-30 15:10:23 - [TEST_STEP][PASSED] - click: Object: 'Object Repository/Emergency/Page_KDMC - Emergency/input_btnsave' is clicked on

2018-05-30 15:10:23 - [MESSAGE][PASSED] - Object: 'Object Repository/Emergency/Page_KDMC - Emergency/input_btnsave' is clicked on

2018-05-30 15:10:23 - [TEST_STEP][PASSED] - delay: Delayed 3 second(s)

2018-05-30 15:10:26 - [MESSAGE][PASSED] - Delayed 3 second(s)

2018-05-30 15:10:26 - [TEST_STEP][PASSED] - Statement - RequestNumber = com.kms.katalon.core.webui.keyword.WebUiBuiltInKeywords.getText(com.kms.katalon.core.testobject.ObjectRepository.findTestObject(Emergency/Page_KDMC - Emergency/font_ERNO100520183)): Text of object 'Object Repository/Emergency/Page_KDMC - Emergency/font_ERNO100520183' is: 'ERNO/30052018/527'

2018-05-30 15:10:26 - [MESSAGE][PASSED] - Text of object 'Object Repository/Emergency/Page_KDMC - Emergency/font_ERNO100520183' is: 'ERNO/30052018/527'

2018-05-30 15:10:26 - [TEST_STEP][PASSED] - Statement - Rno = RequestNumber.split("/")[2]: null

2018-05-30 15:10:26 - [TEST_STEP][PASSED] - Statement - out.println(Rno): null

2018-05-30 15:10:26 - [TEST_STEP][PASSED] - click: Object: 'Object Repository/Emergency/Page_KDMC - Emergency/button_OK' is clicked on

2018-05-30 15:10:26 - [MESSAGE][PASSED] - Object: 'Object Repository/Emergency/Page_KDMC - Emergency/button_OK' is clicked on

2018-05-30 15:10:26 - [TEST_STEP][PASSED] - delay: Delayed 3 second(s)

2018-05-30 15:10:29 - [MESSAGE][PASSED] - Delayed 3 second(s)

2018-05-30 15:10:29 - [TEST_STEP][PASSED] - click: Object: 'Object Repository/Emergency/Page_KDMC - Emergency/a_dropdown-toggle' is clicked on

2018-05-30 15:10:30 - [MESSAGE][PASSED] - Object: 'Object Repository/Emergency/Page_KDMC - Emergency/a_dropdown-toggle' is clicked on

2018-05-30 15:10:30 - [TEST_STEP][PASSED] - click: Object: 'Object Repository/Emergency/Page_KDMC - Emergency/a_Sign out' is clicked on

2018-05-30 15:10:30 - [MESSAGE][PASSED] - Object: 'Object Repository/Emergency/Page_KDMC - Emergency/a_Sign out' is clicked on

2018-05-30 15:10:30 - [TEST_STEP][PASSED] - delay: Delayed 3 second(s)

2018-05-30 15:10:33 - [MESSAGE][PASSED] - Delayed 3 second(s)

2018-05-30 15:10:33 - [TEST_STEP][PASSED] - click: Object: 'Object Repository/Emergency/Page_KDMC/a_CMO' is clicked on

2018-05-30 15:10:33 - [MESSAGE][PASSED] - Object: 'Object Repository/Emergency/Page_KDMC/a_CMO' is clicked on

2018-05-30 15:10:33 - [TEST_STEP][PASSED] - setText: Text 'guru' is set on object 'Object Repository/Emergency/Page_CMO login/input_txtusername'

2018-05-30 15:10:34 - [MESSAGE][PASSED] - Text 'guru' is set on object 'Object Repository/Emergency/Page_CMO login/input_txtusername'

2018-05-30 15:10:34 - [TEST_STEP][PASSED] - setText: Text '123' is set on object 'Object Repository/Emergency/Page_CMO login/input_txtpassword'

2018-05-30 15:10:34 - [MESSAGE][PASSED] - Text '123' is set on object 'Object Repository/Emergency/Page_CMO login/input_txtpassword'

2018-05-30 15:10:34 - [TEST_STEP][PASSED] - delay: Delayed 3 second(s)

2018-05-30 15:10:37 - [MESSAGE][PASSED] - Delayed 3 second(s)

2018-05-30 15:10:37 - [TEST_STEP][PASSED] - click: Object: 'Object Repository/Emergency/Page_CMO login/button_Sign in' is clicked on

2018-05-30 15:10:37 - [MESSAGE][PASSED] - Object: 'Object Repository/Emergency/Page_CMO login/button_Sign in' is clicked on

2018-05-30 15:10:37 - [TEST_STEP][PASSED] - delay: Delayed 2 second(s)

2018-05-30 15:10:39 - [MESSAGE][PASSED] - Delayed 2 second(s)

2018-05-30 15:10:39 - [TEST_STEP][PASSED] - click: Object: 'Object Repository/Emergency/Page_KDMC - CMO/a_Department Wise Request' is clicked on

2018-05-30 15:10:40 - [MESSAGE][PASSED] - Object: 'Object Repository/Emergency/Page_KDMC - CMO/a_Department Wise Request' is clicked on

2018-05-30 15:10:40 - [TEST_STEP][PASSED] - selectOptionByIndex: All options with index in [7] are selected on object 'Object Repository/Emergency/Page_KDMC - CMO/select_--ALL--'

2018-05-30 15:10:40 - [MESSAGE][PASSED] - All options with index in [7] are selected on object 'Object Repository/Emergency/Page_KDMC - CMO/select_--ALL--'

2018-05-30 15:10:40 - [TEST_STEP][PASSED] - selectOptionByIndex: All options with index in [1] are selected on object 'Object Repository/Emergency/Page_KDMC - CMO/select_--ALL--                _1'

2018-05-30 15:10:40 - [MESSAGE][PASSED] - All options with index in [1] are selected on object 'Object Repository/Emergency/Page_KDMC - CMO/select_--ALL--                _1'

2018-05-30 15:10:40 - [TEST_STEP][PASSED] - click: Object: 'Object Repository/Emergency/Page_KDMC - CMO/input_btnsearch' is clicked on

2018-05-30 15:10:41 - [MESSAGE][PASSED] - Object: 'Object Repository/Emergency/Page_KDMC - CMO/input_btnsearch' is clicked on

2018-05-30 15:10:41 - [TEST_STEP][PASSED] - Statement - ID = com.kms.katalon.core.webui.keyword.WebUiBuiltInKeywords.modifyObjectProperty(com.kms.katalon.core.testobject.ObjectRepository.findTestObject(Emergency/Page_KDMC - CMO/input_3), "xpath", "equals", "//*[@id=" + Rno + "]", true): Modify property of object successfully

2018-05-30 15:10:41 - [MESSAGE][PASSED] - Modify property of object successfully

2018-05-30 15:10:41 - [TEST_STEP][PASSED] - click: Object: 'Object Repository/Emergency/Page_KDMC - CMO/input_3' is clicked on

2018-05-30 15:10:41 - [MESSAGE][PASSED] - Object: 'Object Repository/Emergency/Page_KDMC - CMO/input_3' is clicked on

2018-05-30 15:10:41 - [TEST_STEP][PASSED] - delay: Delayed 2 second(s)

2018-05-30 15:10:43 - [MESSAGE][PASSED] - Delayed 2 second(s)

2018-05-30 15:10:43 - [TEST_STEP][PASSED] - selectOptionByIndex: All options with index in [1] are selected on object 'Object Repository/Emergency/Page_KDMC - CMO/select_--Select--'

2018-05-30 15:10:43 - [MESSAGE][PASSED] - All options with index in [1] are selected on object 'Object Repository/Emergency/Page_KDMC - CMO/select_--Select--'

2018-05-30 15:10:43 - [TEST_STEP][PASSED] - click: Object: 'Object Repository/Emergency/Page_KDMC - CMO/input_btnupdate' is clicked on

2018-05-30 15:10:43 - [MESSAGE][PASSED] - Object: 'Object Repository/Emergency/Page_KDMC - CMO/input_btnupdate' is clicked on

2018-05-30 15:10:43 - [TEST_STEP][PASSED] - delay: Delayed 2 second(s)

2018-05-30 15:10:45 - [MESSAGE][PASSED] - Delayed 2 second(s)

2018-05-30 15:10:45 - [TEST_STEP][PASSED] - click: Object: 'Object Repository/Emergency/Page_KDMC - CMO/button_OK' is clicked on

2018-05-30 15:10:46 - [MESSAGE][PASSED] - Object: 'Object Repository/Emergency/Page_KDMC - CMO/button_OK' is clicked on

2018-05-30 15:10:46 - [TEST_STEP][PASSED] - delay: Delayed 2 second(s)

2018-05-30 15:10:48 - [MESSAGE][PASSED] - Delayed 2 second(s)

2018-05-30 15:10:48 - [TEST_STEP][PASSED] - click: Object: 'Object Repository/Emergency/Page_KDMC - CMO/a_dropdown-toggle' is clicked on

2018-05-30 15:10:48 - [MESSAGE][PASSED] - Object: 'Object Repository/Emergency/Page_KDMC - CMO/a_dropdown-toggle' is clicked on

2018-05-30 15:10:48 - [TEST_STEP][PASSED] - click: Object: 'Object Repository/Emergency/Page_KDMC - CMO/a_Sign out' is clicked on

2018-05-30 15:10:48 - [MESSAGE][PASSED] - Object: 'Object Repository/Emergency/Page_KDMC - CMO/a_Sign out' is clicked on

2018-05-30 15:10:48 - [TEST_STEP][PASSED] - delay: Delayed 3 second(s)

2018-05-30 15:10:51 - [MESSAGE][PASSED] - Delayed 3 second(s)

2018-05-30 15:10:51 - [TEST_STEP][PASSED] - click: Object: 'Object Repository/Emergency/Page_KDMC/a_Divisional Store' is clicked on

2018-05-30 15:10:52 - [MESSAGE][PASSED] - Object: 'Object Repository/Emergency/Page_KDMC/a_Divisional Store' is clicked on

2018-05-30 15:10:52 - [TEST_STEP][PASSED] - setText: Text 'ragu' is set on object 'Object Repository/Emergency/Page_Divisonal Store Login/input_txtusername'

2018-05-30 15:10:52 - [MESSAGE][PASSED] - Text 'ragu' is set on object 'Object Repository/Emergency/Page_Divisonal Store Login/input_txtusername'

2018-05-30 15:10:52 - [TEST_STEP][PASSED] - setText: Text '123' is set on object 'Object Repository/Emergency/Page_Divisonal Store Login/input_txtpassword'

2018-05-30 15:10:52 - [MESSAGE][PASSED] - Text '123' is set on object 'Object Repository/Emergency/Page_Divisonal Store Login/input_txtpassword'

2018-05-30 15:10:52 - [TEST_STEP][PASSED] - delay: Delayed 3 second(s)

2018-05-30 15:10:55 - [MESSAGE][PASSED] - Delayed 3 second(s)

2018-05-30 15:10:55 - [TEST_STEP][PASSED] - click: Object: 'Object Repository/Emergency/Page_Divisonal Store Login/button_Sign in' is clicked on

2018-05-30 15:10:57 - [MESSAGE][PASSED] - Object: 'Object Repository/Emergency/Page_Divisonal Store Login/button_Sign in' is clicked on

2018-05-30 15:10:57 - [TEST_STEP][PASSED] - delay: Delayed 2 second(s)

2018-05-30 15:10:59 - [MESSAGE][PASSED] - Delayed 2 second(s)

2018-05-30 15:10:59 - [TEST_STEP][PASSED] - click: Object: 'Object Repository/Emergency/Page_Store/a_Emergency Request' is clicked on

2018-05-30 15:10:59 - [MESSAGE][PASSED] - Object: 'Object Repository/Emergency/Page_Store/a_Emergency Request' is clicked on

2018-05-30 15:10:59 - [TEST_STEP][PASSED] - click: Object: 'Object Repository/Emergency/Page_Store/a_Request Item Emergency' is clicked on

2018-05-30 15:11:00 - [MESSAGE][PASSED] - Object: 'Object Repository/Emergency/Page_Store/a_Request Item Emergency' is clicked on

2018-05-30 15:11:00 - [TEST_STEP][PASSED] - setText: Text '527' is set on object 'Object Repository/Emergency/Page_Store/input'

2018-05-30 15:11:00 - [MESSAGE][PASSED] - Text '527' is set on object 'Object Repository/Emergency/Page_Store/input'

2018-05-30 15:11:00 - [TEST_STEP][PASSED] - Statement - ChooseRequest = com.kms.katalon.core.webui.keyword.WebUiBuiltInKeywords.modifyObjectProperty(com.kms.katalon.core.testobject.ObjectRepository.findTestObject(Emergency/Page_Store/input_3), "xpath", "equals", "//*[@id=" + Rno + "]", true): Modify property of object successfully

2018-05-30 15:11:00 - [MESSAGE][PASSED] - Modify property of object successfully

2018-05-30 15:11:00 - [TEST_STEP][PASSED] - click: Object: 'Object Repository/Emergency/Page_Store/input_3' is clicked on

2018-05-30 15:11:01 - [MESSAGE][PASSED] - Object: 'Object Repository/Emergency/Page_Store/input_3' is clicked on

2018-05-30 15:11:01 - [TEST_STEP][PASSED] - delay: Delayed 2 second(s)

2018-05-30 15:11:03 - [MESSAGE][PASSED] - Delayed 2 second(s)

2018-05-30 15:11:03 - [TEST_STEP][PASSED] - Statement - selectedoptions1 = com.kms.katalon.core.webui.keyword.WebUiBuiltInKeywords.getNumberOfTotalOption(com.kms.katalon.core.testobject.ObjectRepository.findTestObject(Emergency/Page_Store/select_--Select--Amikacin -500)): 19 options of object 'Object Repository/Emergency/Page_Store/select_--Select--Amikacin -500' counted

2018-05-30 15:11:03 - [MESSAGE][PASSED] - 19 options of object 'Object Repository/Emergency/Page_Store/select_--Select--Amikacin -500' counted

2018-05-30 15:11:03 - [TEST_STEP][PASSED] - Statement - For ([a = 1, a <= selectedoptions1 - 1, (a++)]): null

2018-05-30 15:11:03 - [TEST_STEP][PASSED] - selectOptionByIndex: All options with index in [1] are selected on object 'Object Repository/Emergency/Page_Store/select_--Select--Amikacin -500'

2018-05-30 15:11:03 - [MESSAGE][PASSED] - All options with index in [1] are selected on object 'Object Repository/Emergency/Page_Store/select_--Select--Amikacin -500'

2018-05-30 15:11:03 - [TEST_STEP][PASSED] - delay: Delayed 2 second(s)

2018-05-30 15:11:05 - [MESSAGE][PASSED] - Delayed 2 second(s)

2018-05-30 15:11:05 - [TEST_STEP][PASSED] - Statement - RequestedQty = com.kms.katalon.core.webui.keyword.WebUiBuiltInKeywords.getAttribute(com.kms.katalon.core.testobject.ObjectRepository.findTestObject(Emergency/Page_Store/input_txttotal), "value"): Attribute 'value' of object 'Object Repository/Emergency/Page_Store/input_txttotal' is: '10'

2018-05-30 15:11:05 - [MESSAGE][PASSED] - Attribute 'value' of object 'Object Repository/Emergency/Page_Store/input_txttotal' is: '10'

2018-05-30 15:11:05 - [TEST_STEP][PASSED] - Statement - out.println("Requested QTY : " + RequestedQty): null

2018-05-30 15:11:05 - [TEST_STEP][PASSED] - Statement - BatchNumber = com.kms.katalon.core.webui.keyword.WebUiBuiltInKeywords.getNumberOfTotalOption(com.kms.katalon.core.testobject.ObjectRepository.findTestObject(Emergency/Page_Store/select_--Select--BA1150BA4110)): 3 options of object 'Object Repository/Emergency/Page_Store/select_--Select--BA1150BA4110' counted

2018-05-30 15:11:05 - [MESSAGE][PASSED] - 3 options of object 'Object Repository/Emergency/Page_Store/select_--Select--BA1150BA4110' counted

2018-05-30 15:11:05 - [TEST_STEP][PASSED] - Statement - For ([g = 1, g <= BatchNumber - 1, (g++)]): null

2018-05-30 15:11:05 - [TEST_STEP][PASSED] - selectOptionByIndex: All options with index in [1] are selected on object 'Object Repository/Emergency/Page_Store/select_--Select--BA1150BA4110'

2018-05-30 15:11:05 - [MESSAGE][PASSED] - All options with index in [1] are selected on object 'Object Repository/Emergency/Page_Store/select_--Select--BA1150BA4110'

2018-05-30 15:11:05 - [TEST_STEP][PASSED] - delay: Delayed 2 second(s)

2018-05-30 15:11:07 - [MESSAGE][PASSED] - Delayed 2 second(s)

2018-05-30 15:11:07 - [TEST_STEP][PASSED] - Statement - Try: null

2018-05-30 15:11:07 - [TEST_STEP][PASSED] - Statement - StockQty = com.kms.katalon.core.webui.keyword.WebUiBuiltInKeywords.getAttribute(com.kms.katalon.core.testobject.ObjectRepository.findTestObject(Emergency/Page_Store/input_txtprice), "value"): Attribute 'value' of object 'Object Repository/Emergency/Page_Store/input_txtprice' is: '245'

2018-05-30 15:11:07 - [MESSAGE][PASSED] - Attribute 'value' of object 'Object Repository/Emergency/Page_Store/input_txtprice' is: '245'

2018-05-30 15:11:07 - [TEST_STEP][PASSED] - Statement - out.println("Stock QTY : " + StockQty): null

2018-05-30 15:11:07 - [TEST_STEP][PASSED] - delay: Delayed 2 second(s)

2018-05-30 15:11:09 - [MESSAGE][PASSED] - Delayed 2 second(s)

2018-05-30 15:11:09 - [TEST_STEP][PASSED] - Statement - If (java.lang.Integer.valueOf(StockQty) >= java.lang.Integer.valueOf(RequestedQty)): null

2018-05-30 15:11:09 - [TEST_STEP][PASSED] - delay: Delayed 1 second(s)

2018-05-30 15:11:10 - [MESSAGE][PASSED] - Delayed 1 second(s)

2018-05-30 15:11:10 - [TEST_STEP][PASSED] - setText: Text '10' is set on object 'Object Repository/Emergency/Page_Store/input_txtqty'

2018-05-30 15:11:10 - [MESSAGE][PASSED] - Text '10' is set on object 'Object Repository/Emergency/Page_Store/input_txtqty'

2018-05-30 15:11:10 - [TEST_STEP][PASSED] - click: Object: 'Object Repository/Emergency/Page_Store/button_Add' is clicked on

2018-05-30 15:11:11 - [MESSAGE][PASSED] - Object: 'Object Repository/Emergency/Page_Store/button_Add' is clicked on

2018-05-30 15:11:11 - [TEST_STEP][PASSED] - Statement - Break: null

2018-05-30 15:11:11 - [TEST_STEP][PASSED] - selectOptionByIndex: All options with index in [2] are selected on object 'Object Repository/Emergency/Page_Store/select_--Select--Amikacin -500'

2018-05-30 15:11:11 - [MESSAGE][PASSED] - All options with index in [2] are selected on object 'Object Repository/Emergency/Page_Store/select_--Select--Amikacin -500'

2018-05-30 15:11:11 - [TEST_STEP][PASSED] - delay: Delayed 2 second(s)

2018-05-30 15:11:13 - [MESSAGE][PASSED] - Delayed 2 second(s)

2018-05-30 15:11:13 - [TEST_STEP][PASSED] - Statement - RequestedQty = com.kms.katalon.core.webui.keyword.WebUiBuiltInKeywords.getAttribute(com.kms.katalon.core.testobject.ObjectRepository.findTestObject(Emergency/Page_Store/input_txttotal), "value"): Attribute 'value' of object 'Object Repository/Emergency/Page_Store/input_txttotal' is: '10'

2018-05-30 15:11:13 - [MESSAGE][PASSED] - Attribute 'value' of object 'Object Repository/Emergency/Page_Store/input_txttotal' is: '10'

2018-05-30 15:11:13 - [TEST_STEP][PASSED] - Statement - out.println("Requested QTY : " + RequestedQty): null

2018-05-30 15:11:13 - [TEST_STEP][PASSED] - Statement - BatchNumber = com.kms.katalon.core.webui.keyword.WebUiBuiltInKeywords.getNumberOfTotalOption(com.kms.katalon.core.testobject.ObjectRepository.findTestObject(Emergency/Page_Store/select_--Select--BA1150BA4110)): 2 options of object 'Object Repository/Emergency/Page_Store/select_--Select--BA1150BA4110' counted

2018-05-30 15:11:13 - [MESSAGE][PASSED] - 2 options of object 'Object Repository/Emergency/Page_Store/select_--Select--BA1150BA4110' counted

2018-05-30 15:11:13 - [TEST_STEP][PASSED] - Statement - For ([g = 1, g <= BatchNumber - 1, (g++)]): null

2018-05-30 15:11:13 - [TEST_STEP][PASSED] - selectOptionByIndex: All options with index in [1] are selected on object 'Object Repository/Emergency/Page_Store/select_--Select--BA1150BA4110'

2018-05-30 15:11:13 - [MESSAGE][PASSED] - All options with index in [1] are selected on object 'Object Repository/Emergency/Page_Store/select_--Select--BA1150BA4110'

2018-05-30 15:11:13 - [TEST_STEP][PASSED] - delay: Delayed 2 second(s)

2018-05-30 15:11:15 - [MESSAGE][PASSED] - Delayed 2 second(s)

2018-05-30 15:11:15 - [TEST_STEP][PASSED] - Statement - Try: null

2018-05-30 15:11:15 - [TEST_STEP][PASSED] - Statement - StockQty = com.kms.katalon.core.webui.keyword.WebUiBuiltInKeywords.getAttribute(com.kms.katalon.core.testobject.ObjectRepository.findTestObject(Emergency/Page_Store/input_txtprice), "value"): Attribute 'value' of object 'Object Repository/Emergency/Page_Store/input_txtprice' is: '948'

2018-05-30 15:11:15 - [MESSAGE][PASSED] - Attribute 'value' of object 'Object Repository/Emergency/Page_Store/input_txtprice' is: '948'

2018-05-30 15:11:15 - [TEST_STEP][PASSED] - Statement - out.println("Stock QTY : " + StockQty): null

2018-05-30 15:11:15 - [TEST_STEP][PASSED] - delay: Delayed 2 second(s)

2018-05-30 15:11:17 - [MESSAGE][PASSED] - Delayed 2 second(s)

2018-05-30 15:11:17 - [TEST_STEP][PASSED] - Statement - If (java.lang.Integer.valueOf(StockQty) >= java.lang.Integer.valueOf(RequestedQty)): null

2018-05-30 15:11:17 - [TEST_STEP][PASSED] - delay: Delayed 1 second(s)

2018-05-30 15:11:18 - [MESSAGE][PASSED] - Delayed 1 second(s)

2018-05-30 15:11:18 - [TEST_STEP][PASSED] - setText: Text '10' is set on object 'Object Repository/Emergency/Page_Store/input_txtqty'

2018-05-30 15:11:18 - [MESSAGE][PASSED] - Text '10' is set on object 'Object Repository/Emergency/Page_Store/input_txtqty'

2018-05-30 15:11:18 - [TEST_STEP][PASSED] - click: Object: 'Object Repository/Emergency/Page_Store/button_Add' is clicked on

2018-05-30 15:11:18 - [MESSAGE][PASSED] - Object: 'Object Repository/Emergency/Page_Store/button_Add' is clicked on

2018-05-30 15:11:18 - [TEST_STEP][PASSED] - Statement - Break: null

2018-05-30 15:11:18 - [TEST_STEP][PASSED] - selectOptionByIndex: All options with index in [3] are selected on object 'Object Repository/Emergency/Page_Store/select_--Select--Amikacin -500'

2018-05-30 15:11:18 - [MESSAGE][PASSED] - All options with index in [3] are selected on object 'Object Repository/Emergency/Page_Store/select_--Select--Amikacin -500'

2018-05-30 15:11:18 - [TEST_STEP][PASSED] - delay: Delayed 2 second(s)

2018-05-30 15:11:20 - [MESSAGE][PASSED] - Delayed 2 second(s)

2018-05-30 15:11:20 - [TEST_STEP][PASSED] - Statement - RequestedQty = com.kms.katalon.core.webui.keyword.WebUiBuiltInKeywords.getAttribute(com.kms.katalon.core.testobject.ObjectRepository.findTestObject(Emergency/Page_Store/input_txttotal), "value"): Attribute 'value' of object 'Object Repository/Emergency/Page_Store/input_txttotal' is: '10'

2018-05-30 15:11:20 - [MESSAGE][PASSED] - Attribute 'value' of object 'Object Repository/Emergency/Page_Store/input_txttotal' is: '10'

2018-05-30 15:11:20 - [TEST_STEP][PASSED] - Statement - out.println("Requested QTY : " + RequestedQty): null

2018-05-30 15:11:20 - [TEST_STEP][PASSED] - Statement - BatchNumber = com.kms.katalon.core.webui.keyword.WebUiBuiltInKeywords.getNumberOfTotalOption(com.kms.katalon.core.testobject.ObjectRepository.findTestObject(Emergency/Page_Store/select_--Select--BA1150BA4110)): 3 options of object 'Object Repository/Emergency/Page_Store/select_--Select--BA1150BA4110' counted

2018-05-30 15:11:20 - [MESSAGE][PASSED] - 3 options of object 'Object Repository/Emergency/Page_Store/select_--Select--BA1150BA4110' counted

2018-05-30 15:11:20 - [TEST_STEP][PASSED] - Statement - For ([g = 1, g <= BatchNumber - 1, (g++)]): null

2018-05-30 15:11:20 - [TEST_STEP][PASSED] - selectOptionByIndex: All options with index in [1] are selected on object 'Object Repository/Emergency/Page_Store/select_--Select--BA1150BA4110'

2018-05-30 15:11:20 - [MESSAGE][PASSED] - All options with index in [1] are selected on object 'Object Repository/Emergency/Page_Store/select_--Select--BA1150BA4110'

2018-05-30 15:11:20 - [TEST_STEP][PASSED] - delay: Delayed 2 second(s)

2018-05-30 15:11:22 - [MESSAGE][PASSED] - Delayed 2 second(s)

2018-05-30 15:11:22 - [TEST_STEP][PASSED] - Statement - Try: null

2018-05-30 15:11:22 - [TEST_STEP][PASSED] - Statement - StockQty = com.kms.katalon.core.webui.keyword.WebUiBuiltInKeywords.getAttribute(com.kms.katalon.core.testobject.ObjectRepository.findTestObject(Emergency/Page_Store/input_txtprice), "value"): Attribute 'value' of object 'Object Repository/Emergency/Page_Store/input_txtprice' is: '245'

2018-05-30 15:11:22 - [MESSAGE][PASSED] - Attribute 'value' of object 'Object Repository/Emergency/Page_Store/input_txtprice' is: '245'

2018-05-30 15:11:22 - [TEST_STEP][PASSED] - Statement - out.println("Stock QTY : " + StockQty): null

2018-05-30 15:11:22 - [TEST_STEP][PASSED] - delay: Delayed 2 second(s)

2018-05-30 15:11:24 - [MESSAGE][PASSED] - Delayed 2 second(s)

2018-05-30 15:11:24 - [TEST_STEP][PASSED] - Statement - If (java.lang.Integer.valueOf(StockQty) >= java.lang.Integer.valueOf(RequestedQty)): null

2018-05-30 15:11:24 - [TEST_STEP][PASSED] - delay: Delayed 1 second(s)

2018-05-30 15:11:25 - [MESSAGE][PASSED] - Delayed 1 second(s)

2018-05-30 15:11:25 - [TEST_STEP][PASSED] - setText: Text '10' is set on object 'Object Repository/Emergency/Page_Store/input_txtqty'

2018-05-30 15:11:26 - [MESSAGE][PASSED] - Text '10' is set on object 'Object Repository/Emergency/Page_Store/input_txtqty'

2018-05-30 15:11:26 - [TEST_STEP][PASSED] - click: Object: 'Object Repository/Emergency/Page_Store/button_Add' is clicked on

2018-05-30 15:11:26 - [MESSAGE][PASSED] - Object: 'Object Repository/Emergency/Page_Store/button_Add' is clicked on

2018-05-30 15:11:26 - [TEST_STEP][PASSED] - Statement - Break: null

2018-05-30 15:11:26 - [TEST_STEP][PASSED] - selectOptionByIndex: All options with index in [4] are selected on object 'Object Repository/Emergency/Page_Store/select_--Select--Amikacin -500'

2018-05-30 15:11:26 - [MESSAGE][PASSED] - All options with index in [4] are selected on object 'Object Repository/Emergency/Page_Store/select_--Select--Amikacin -500'

2018-05-30 15:11:26 - [TEST_STEP][PASSED] - delay: Delayed 2 second(s)

2018-05-30 15:11:28 - [MESSAGE][PASSED] - Delayed 2 second(s)

2018-05-30 15:11:28 - [TEST_STEP][PASSED] - Statement - RequestedQty = com.kms.katalon.core.webui.keyword.WebUiBuiltInKeywords.getAttribute(com.kms.katalon.core.testobject.ObjectRepository.findTestObject(Emergency/Page_Store/input_txttotal), "value"): Attribute 'value' of object 'Object Repository/Emergency/Page_Store/input_txttotal' is: '10'

2018-05-30 15:11:28 - [MESSAGE][PASSED] - Attribute 'value' of object 'Object Repository/Emergency/Page_Store/input_txttotal' is: '10'

2018-05-30 15:11:28 - [TEST_STEP][PASSED] - Statement - out.println("Requested QTY : " + RequestedQty): null

2018-05-30 15:11:28 - [TEST_STEP][PASSED] - Statement - BatchNumber = com.kms.katalon.core.webui.keyword.WebUiBuiltInKeywords.getNumberOfTotalOption(com.kms.katalon.core.testobject.ObjectRepository.findTestObject(Emergency/Page_Store/select_--Select--BA1150BA4110)): 3 options of object 'Object Repository/Emergency/Page_Store/select_--Select--BA1150BA4110' counted

2018-05-30 15:11:28 - [MESSAGE][PASSED] - 3 options of object 'Object Repository/Emergency/Page_Store/select_--Select--BA1150BA4110' counted

2018-05-30 15:11:28 - [TEST_STEP][PASSED] - Statement - For ([g = 1, g <= BatchNumber - 1, (g++)]): null

2018-05-30 15:11:28 - [TEST_STEP][PASSED] - selectOptionByIndex: All options with index in [1] are selected on object 'Object Repository/Emergency/Page_Store/select_--Select--BA1150BA4110'

2018-05-30 15:11:28 - [MESSAGE][PASSED] - All options with index in [1] are selected on object 'Object Repository/Emergency/Page_Store/select_--Select--BA1150BA4110'

2018-05-30 15:11:28 - [TEST_STEP][PASSED] - delay: Delayed 2 second(s)

2018-05-30 15:11:30 - [MESSAGE][PASSED] - Delayed 2 second(s)

2018-05-30 15:11:30 - [TEST_STEP][PASSED] - Statement - Try: null

2018-05-30 15:11:30 - [TEST_STEP][PASSED] - Statement - StockQty = com.kms.katalon.core.webui.keyword.WebUiBuiltInKeywords.getAttribute(com.kms.katalon.core.testobject.ObjectRepository.findTestObject(Emergency/Page_Store/input_txtprice), "value"): Attribute 'value' of object 'Object Repository/Emergency/Page_Store/input_txtprice' is: '245'

2018-05-30 15:11:30 - [MESSAGE][PASSED] - Attribute 'value' of object 'Object Repository/Emergency/Page_Store/input_txtprice' is: '245'

2018-05-30 15:11:30 - [TEST_STEP][PASSED] - Statement - out.println("Stock QTY : " + StockQty): null

2018-05-30 15:11:30 - [TEST_STEP][PASSED] - delay: Delayed 2 second(s)

2018-05-30 15:11:32 - [MESSAGE][PASSED] - Delayed 2 second(s)

2018-05-30 15:11:32 - [TEST_STEP][PASSED] - Statement - If (java.lang.Integer.valueOf(StockQty) >= java.lang.Integer.valueOf(RequestedQty)): null

2018-05-30 15:11:32 - [TEST_STEP][PASSED] - delay: Delayed 1 second(s)

2018-05-30 15:11:33 - [MESSAGE][PASSED] - Delayed 1 second(s)

2018-05-30 15:11:33 - [TEST_STEP][PASSED] - setText: Text '10' is set on object 'Object Repository/Emergency/Page_Store/input_txtqty'

2018-05-30 15:11:33 - [MESSAGE][PASSED] - Text '10' is set on object 'Object Repository/Emergency/Page_Store/input_txtqty'

2018-05-30 15:11:33 - [TEST_STEP][PASSED] - click: Object: 'Object Repository/Emergency/Page_Store/button_Add' is clicked on

2018-05-30 15:11:33 - [MESSAGE][PASSED] - Object: 'Object Repository/Emergency/Page_Store/button_Add' is clicked on

2018-05-30 15:11:33 - [TEST_STEP][PASSED] - Statement - Break: null

2018-05-30 15:11:33 - [TEST_STEP][PASSED] - selectOptionByIndex: All options with index in [5] are selected on object 'Object Repository/Emergency/Page_Store/select_--Select--Amikacin -500'

2018-05-30 15:11:33 - [MESSAGE][PASSED] - All options with index in [5] are selected on object 'Object Repository/Emergency/Page_Store/select_--Select--Amikacin -500'

2018-05-30 15:11:33 - [TEST_STEP][PASSED] - delay: Delayed 2 second(s)

2018-05-30 15:11:35 - [MESSAGE][PASSED] - Delayed 2 second(s)

2018-05-30 15:11:35 - [TEST_STEP][PASSED] - Statement - RequestedQty = com.kms.katalon.core.webui.keyword.WebUiBuiltInKeywords.getAttribute(com.kms.katalon.core.testobject.ObjectRepository.findTestObject(Emergency/Page_Store/input_txttotal), "value"): Attribute 'value' of object 'Object Repository/Emergency/Page_Store/input_txttotal' is: '10'

2018-05-30 15:11:35 - [MESSAGE][PASSED] - Attribute 'value' of object 'Object Repository/Emergency/Page_Store/input_txttotal' is: '10'

2018-05-30 15:11:35 - [TEST_STEP][PASSED] - Statement - out.println("Requested QTY : " + RequestedQty): null

2018-05-30 15:11:35 - [TEST_STEP][PASSED] - Statement - BatchNumber = com.kms.katalon.core.webui.keyword.WebUiBuiltInKeywords.getNumberOfTotalOption(com.kms.katalon.core.testobject.ObjectRepository.findTestObject(Emergency/Page_Store/select_--Select--BA1150BA4110)): 3 options of object 'Object Repository/Emergency/Page_Store/select_--Select--BA1150BA4110' counted

2018-05-30 15:11:35 - [MESSAGE][PASSED] - 3 options of object 'Object Repository/Emergency/Page_Store/select_--Select--BA1150BA4110' counted

2018-05-30 15:11:35 - [TEST_STEP][PASSED] - Statement - For ([g = 1, g <= BatchNumber - 1, (g++)]): null

2018-05-30 15:11:35 - [TEST_STEP][PASSED] - selectOptionByIndex: All options with index in [1] are selected on object 'Object Repository/Emergency/Page_Store/select_--Select--BA1150BA4110'

2018-05-30 15:11:36 - [MESSAGE][PASSED] - All options with index in [1] are selected on object 'Object Repository/Emergency/Page_Store/select_--Select--BA1150BA4110'

2018-05-30 15:11:36 - [TEST_STEP][PASSED] - delay: Delayed 2 second(s)

2018-05-30 15:11:38 - [MESSAGE][PASSED] - Delayed 2 second(s)

2018-05-30 15:11:38 - [TEST_STEP][PASSED] - Statement - Try: null

2018-05-30 15:11:38 - [TEST_STEP][PASSED] - Statement - StockQty = com.kms.katalon.core.webui.keyword.WebUiBuiltInKeywords.getAttribute(com.kms.katalon.core.testobject.ObjectRepository.findTestObject(Emergency/Page_Store/input_txtprice), "value"): Attribute 'value' of object 'Object Repository/Emergency/Page_Store/input_txtprice' is: '255'

2018-05-30 15:11:38 - [MESSAGE][PASSED] - Attribute 'value' of object 'Object Repository/Emergency/Page_Store/input_txtprice' is: '255'

2018-05-30 15:11:38 - [TEST_STEP][PASSED] - Statement - out.println("Stock QTY : " + StockQty): null

2018-05-30 15:11:38 - [TEST_STEP][PASSED] - delay: Delayed 2 second(s)

2018-05-30 15:11:40 - [MESSAGE][PASSED] - Delayed 2 second(s)

2018-05-30 15:11:40 - [TEST_STEP][PASSED] - Statement - If (java.lang.Integer.valueOf(StockQty) >= java.lang.Integer.valueOf(RequestedQty)): null

2018-05-30 15:11:40 - [TEST_STEP][PASSED] - delay: Delayed 1 second(s)

2018-05-30 15:11:41 - [MESSAGE][PASSED] - Delayed 1 second(s)

2018-05-30 15:11:41 - [TEST_STEP][PASSED] - setText: Text '10' is set on object 'Object Repository/Emergency/Page_Store/input_txtqty'

2018-05-30 15:11:41 - [MESSAGE][PASSED] - Text '10' is set on object 'Object Repository/Emergency/Page_Store/input_txtqty'

2018-05-30 15:11:41 - [TEST_STEP][PASSED] - click: Object: 'Object Repository/Emergency/Page_Store/button_Add' is clicked on

2018-05-30 15:11:41 - [MESSAGE][PASSED] - Object: 'Object Repository/Emergency/Page_Store/button_Add' is clicked on

2018-05-30 15:11:41 - [TEST_STEP][PASSED] - Statement - Break: null

2018-05-30 15:11:41 - [TEST_STEP][PASSED] - selectOptionByIndex: All options with index in [6] are selected on object 'Object Repository/Emergency/Page_Store/select_--Select--Amikacin -500'

2018-05-30 15:11:41 - [MESSAGE][PASSED] - All options with index in [6] are selected on object 'Object Repository/Emergency/Page_Store/select_--Select--Amikacin -500'

2018-05-30 15:11:41 - [TEST_STEP][PASSED] - delay: Delayed 2 second(s)

2018-05-30 15:11:43 - [MESSAGE][PASSED] - Delayed 2 second(s)

2018-05-30 15:11:43 - [TEST_STEP][PASSED] - Statement - RequestedQty = com.kms.katalon.core.webui.keyword.WebUiBuiltInKeywords.getAttribute(com.kms.katalon.core.testobject.ObjectRepository.findTestObject(Emergency/Page_Store/input_txttotal), "value"): Attribute 'value' of object 'Object Repository/Emergency/Page_Store/input_txttotal' is: '10'

2018-05-30 15:11:43 - [MESSAGE][PASSED] - Attribute 'value' of object 'Object Repository/Emergency/Page_Store/input_txttotal' is: '10'

2018-05-30 15:11:43 - [TEST_STEP][PASSED] - Statement - out.println("Requested QTY : " + RequestedQty): null

2018-05-30 15:11:43 - [TEST_STEP][PASSED] - Statement - BatchNumber = com.kms.katalon.core.webui.keyword.WebUiBuiltInKeywords.getNumberOfTotalOption(com.kms.katalon.core.testobject.ObjectRepository.findTestObject(Emergency/Page_Store/select_--Select--BA1150BA4110)): 3 options of object 'Object Repository/Emergency/Page_Store/select_--Select--BA1150BA4110' counted

2018-05-30 15:11:43 - [MESSAGE][PASSED] - 3 options of object 'Object Repository/Emergency/Page_Store/select_--Select--BA1150BA4110' counted

2018-05-30 15:11:43 - [TEST_STEP][PASSED] - Statement - For ([g = 1, g <= BatchNumber - 1, (g++)]): null

2018-05-30 15:11:43 - [TEST_STEP][PASSED] - selectOptionByIndex: All options with index in [1] are selected on object 'Object Repository/Emergency/Page_Store/select_--Select--BA1150BA4110'

2018-05-30 15:11:43 - [MESSAGE][PASSED] - All options with index in [1] are selected on object 'Object Repository/Emergency/Page_Store/select_--Select--BA1150BA4110'

2018-05-30 15:11:43 - [TEST_STEP][PASSED] - delay: Delayed 2 second(s)

2018-05-30 15:11:45 - [MESSAGE][PASSED] - Delayed 2 second(s)

2018-05-30 15:11:45 - [TEST_STEP][PASSED] - Statement - Try: null

2018-05-30 15:11:45 - [TEST_STEP][PASSED] - Statement - StockQty = com.kms.katalon.core.webui.keyword.WebUiBuiltInKeywords.getAttribute(com.kms.katalon.core.testobject.ObjectRepository.findTestObject(Emergency/Page_Store/input_txtprice), "value"): Attribute 'value' of object 'Object Repository/Emergency/Page_Store/input_txtprice' is: '255'

2018-05-30 15:11:45 - [MESSAGE][PASSED] - Attribute 'value' of object 'Object Repository/Emergency/Page_Store/input_txtprice' is: '255'

2018-05-30 15:11:45 - [TEST_STEP][PASSED] - Statement - out.println("Stock QTY : " + StockQty): null

2018-05-30 15:11:45 - [TEST_STEP][PASSED] - delay: Delayed 2 second(s)

2018-05-30 15:11:47 - [MESSAGE][PASSED] - Delayed 2 second(s)

2018-05-30 15:11:47 - [TEST_STEP][PASSED] - Statement - If (java.lang.Integer.valueOf(StockQty) >= java.lang.Integer.valueOf(RequestedQty)): null

2018-05-30 15:11:47 - [TEST_STEP][PASSED] - delay: Delayed 1 second(s)

2018-05-30 15:11:48 - [MESSAGE][PASSED] - Delayed 1 second(s)

2018-05-30 15:11:48 - [TEST_STEP][PASSED] - setText: Text '10' is set on object 'Object Repository/Emergency/Page_Store/input_txtqty'

2018-05-30 15:11:48 - [MESSAGE][PASSED] - Text '10' is set on object 'Object Repository/Emergency/Page_Store/input_txtqty'

2018-05-30 15:11:48 - [TEST_STEP][PASSED] - click: Object: 'Object Repository/Emergency/Page_Store/button_Add' is clicked on

2018-05-30 15:11:48 - [MESSAGE][PASSED] - Object: 'Object Repository/Emergency/Page_Store/button_Add' is clicked on

2018-05-30 15:11:48 - [TEST_STEP][PASSED] - Statement - Break: null

2018-05-30 15:11:48 - [TEST_STEP][PASSED] - selectOptionByIndex: All options with index in [7] are selected on object 'Object Repository/Emergency/Page_Store/select_--Select--Amikacin -500'

2018-05-30 15:11:49 - [MESSAGE][PASSED] - All options with index in [7] are selected on object 'Object Repository/Emergency/Page_Store/select_--Select--Amikacin -500'

2018-05-30 15:11:49 - [TEST_STEP][PASSED] - delay: Delayed 2 second(s)

2018-05-30 15:11:51 - [MESSAGE][PASSED] - Delayed 2 second(s)

2018-05-30 15:11:51 - [TEST_STEP][PASSED] - Statement - RequestedQty = com.kms.katalon.core.webui.keyword.WebUiBuiltInKeywords.getAttribute(com.kms.katalon.core.testobject.ObjectRepository.findTestObject(Emergency/Page_Store/input_txttotal), "value"): Attribute 'value' of object 'Object Repository/Emergency/Page_Store/input_txttotal' is: '10'

2018-05-30 15:11:51 - [MESSAGE][PASSED] - Attribute 'value' of object 'Object Repository/Emergency/Page_Store/input_txttotal' is: '10'

2018-05-30 15:11:51 - [TEST_STEP][PASSED] - Statement - out.println("Requested QTY : " + RequestedQty): null

2018-05-30 15:11:51 - [TEST_STEP][PASSED] - Statement - BatchNumber = com.kms.katalon.core.webui.keyword.WebUiBuiltInKeywords.getNumberOfTotalOption(com.kms.katalon.core.testobject.ObjectRepository.findTestObject(Emergency/Page_Store/select_--Select--BA1150BA4110)): 4 options of object 'Object Repository/Emergency/Page_Store/select_--Select--BA1150BA4110' counted

2018-05-30 15:11:51 - [MESSAGE][PASSED] - 4 options of object 'Object Repository/Emergency/Page_Store/select_--Select--BA1150BA4110' counted

2018-05-30 15:11:51 - [TEST_STEP][PASSED] - Statement - For ([g = 1, g <= BatchNumber - 1, (g++)]): null

2018-05-30 15:11:51 - [TEST_STEP][PASSED] - selectOptionByIndex: All options with index in [1] are selected on object 'Object Repository/Emergency/Page_Store/select_--Select--BA1150BA4110'

2018-05-30 15:11:51 - [MESSAGE][PASSED] - All options with index in [1] are selected on object 'Object Repository/Emergency/Page_Store/select_--Select--BA1150BA4110'

2018-05-30 15:11:51 - [TEST_STEP][PASSED] - delay: Delayed 2 second(s)

2018-05-30 15:11:53 - [MESSAGE][PASSED] - Delayed 2 second(s)

2018-05-30 15:11:53 - [TEST_STEP][PASSED] - Statement - Try: null

2018-05-30 15:11:53 - [TEST_STEP][PASSED] - Statement - StockQty = com.kms.katalon.core.webui.keyword.WebUiBuiltInKeywords.getAttribute(com.kms.katalon.core.testobject.ObjectRepository.findTestObject(Emergency/Page_Store/input_txtprice), "value"): Attribute 'value' of object 'Object Repository/Emergency/Page_Store/input_txtprice' is: '75'

2018-05-30 15:11:53 - [MESSAGE][PASSED] - Attribute 'value' of object 'Object Repository/Emergency/Page_Store/input_txtprice' is: '75'

2018-05-30 15:11:53 - [TEST_STEP][PASSED] - Statement - out.println("Stock QTY : " + StockQty): null

2018-05-30 15:11:53 - [TEST_STEP][PASSED] - delay: Delayed 2 second(s)

2018-05-30 15:11:55 - [MESSAGE][PASSED] - Delayed 2 second(s)

2018-05-30 15:11:55 - [TEST_STEP][PASSED] - Statement - If (java.lang.Integer.valueOf(StockQty) >= java.lang.Integer.valueOf(RequestedQty)): null

2018-05-30 15:11:55 - [TEST_STEP][PASSED] - delay: Delayed 1 second(s)

2018-05-30 15:11:56 - [MESSAGE][PASSED] - Delayed 1 second(s)

2018-05-30 15:11:56 - [TEST_STEP][PASSED] - setText: Text '10' is set on object 'Object Repository/Emergency/Page_Store/input_txtqty'

2018-05-30 15:11:56 - [MESSAGE][PASSED] - Text '10' is set on object 'Object Repository/Emergency/Page_Store/input_txtqty'

2018-05-30 15:11:56 - [TEST_STEP][PASSED] - click: Object: 'Object Repository/Emergency/Page_Store/button_Add' is clicked on

2018-05-30 15:11:56 - [MESSAGE][PASSED] - Object: 'Object Repository/Emergency/Page_Store/button_Add' is clicked on

2018-05-30 15:11:56 - [TEST_STEP][PASSED] - Statement - Break: null

2018-05-30 15:11:56 - [TEST_STEP][PASSED] - selectOptionByIndex: All options with index in [8] are selected on object 'Object Repository/Emergency/Page_Store/select_--Select--Amikacin -500'

2018-05-30 15:11:56 - [MESSAGE][PASSED] - All options with index in [8] are selected on object 'Object Repository/Emergency/Page_Store/select_--Select--Amikacin -500'

2018-05-30 15:11:56 - [TEST_STEP][PASSED] - delay: Delayed 2 second(s)

2018-05-30 15:11:58 - [MESSAGE][PASSED] - Delayed 2 second(s)

2018-05-30 15:11:58 - [TEST_STEP][PASSED] - Statement - RequestedQty = com.kms.katalon.core.webui.keyword.WebUiBuiltInKeywords.getAttribute(com.kms.katalon.core.testobject.ObjectRepository.findTestObject(Emergency/Page_Store/input_txttotal), "value"): Attribute 'value' of object 'Object Repository/Emergency/Page_Store/input_txttotal' is: '10'

2018-05-30 15:11:58 - [MESSAGE][PASSED] - Attribute 'value' of object 'Object Repository/Emergency/Page_Store/input_txttotal' is: '10'

2018-05-30 15:11:58 - [TEST_STEP][PASSED] - Statement - out.println("Requested QTY : " + RequestedQty): null

2018-05-30 15:11:58 - [TEST_STEP][PASSED] - Statement - BatchNumber = com.kms.katalon.core.webui.keyword.WebUiBuiltInKeywords.getNumberOfTotalOption(com.kms.katalon.core.testobject.ObjectRepository.findTestObject(Emergency/Page_Store/select_--Select--BA1150BA4110)): 2 options of object 'Object Repository/Emergency/Page_Store/select_--Select--BA1150BA4110' counted

2018-05-30 15:11:58 - [MESSAGE][PASSED] - 2 options of object 'Object Repository/Emergency/Page_Store/select_--Select--BA1150BA4110' counted

2018-05-30 15:11:58 - [TEST_STEP][PASSED] - Statement - For ([g = 1, g <= BatchNumber - 1, (g++)]): null

2018-05-30 15:11:58 - [TEST_STEP][PASSED] - selectOptionByIndex: All options with index in [1] are selected on object 'Object Repository/Emergency/Page_Store/select_--Select--BA1150BA4110'

2018-05-30 15:11:58 - [MESSAGE][PASSED] - All options with index in [1] are selected on object 'Object Repository/Emergency/Page_Store/select_--Select--BA1150BA4110'

2018-05-30 15:11:58 - [TEST_STEP][PASSED] - delay: Delayed 2 second(s)

2018-05-30 15:12:00 - [MESSAGE][PASSED] - Delayed 2 second(s)

2018-05-30 15:12:00 - [TEST_STEP][PASSED] - Statement - Try: null

2018-05-30 15:12:00 - [TEST_STEP][PASSED] - Statement - StockQty = com.kms.katalon.core.webui.keyword.WebUiBuiltInKeywords.getAttribute(com.kms.katalon.core.testobject.ObjectRepository.findTestObject(Emergency/Page_Store/input_txtprice), "value"): Attribute 'value' of object 'Object Repository/Emergency/Page_Store/input_txtprice' is: '1210'

2018-05-30 15:12:00 - [MESSAGE][PASSED] - Attribute 'value' of object 'Object Repository/Emergency/Page_Store/input_txtprice' is: '1210'

2018-05-30 15:12:00 - [TEST_STEP][PASSED] - Statement - out.println("Stock QTY : " + StockQty): null

2018-05-30 15:12:00 - [TEST_STEP][PASSED] - delay: Delayed 2 second(s)

2018-05-30 15:12:02 - [MESSAGE][PASSED] - Delayed 2 second(s)

2018-05-30 15:12:02 - [TEST_STEP][PASSED] - Statement - If (java.lang.Integer.valueOf(StockQty) >= java.lang.Integer.valueOf(RequestedQty)): null

2018-05-30 15:12:02 - [TEST_STEP][PASSED] - delay: Delayed 1 second(s)

2018-05-30 15:12:03 - [MESSAGE][PASSED] - Delayed 1 second(s)

2018-05-30 15:12:03 - [TEST_STEP][PASSED] - setText: Text '10' is set on object 'Object Repository/Emergency/Page_Store/input_txtqty'

2018-05-30 15:12:03 - [MESSAGE][PASSED] - Text '10' is set on object 'Object Repository/Emergency/Page_Store/input_txtqty'

2018-05-30 15:12:03 - [TEST_STEP][PASSED] - click: Object: 'Object Repository/Emergency/Page_Store/button_Add' is clicked on

2018-05-30 15:12:04 - [MESSAGE][PASSED] - Object: 'Object Repository/Emergency/Page_Store/button_Add' is clicked on

2018-05-30 15:12:04 - [TEST_STEP][PASSED] - Statement - Break: null

2018-05-30 15:12:04 - [TEST_STEP][PASSED] - selectOptionByIndex: All options with index in [9] are selected on object 'Object Repository/Emergency/Page_Store/select_--Select--Amikacin -500'

2018-05-30 15:12:04 - [MESSAGE][PASSED] - All options with index in [9] are selected on object 'Object Repository/Emergency/Page_Store/select_--Select--Amikacin -500'

2018-05-30 15:12:04 - [TEST_STEP][PASSED] - delay: Delayed 2 second(s)

2018-05-30 15:12:06 - [MESSAGE][PASSED] - Delayed 2 second(s)

2018-05-30 15:12:06 - [TEST_STEP][PASSED] - Statement - RequestedQty = com.kms.katalon.core.webui.keyword.WebUiBuiltInKeywords.getAttribute(com.kms.katalon.core.testobject.ObjectRepository.findTestObject(Emergency/Page_Store/input_txttotal), "value"): Attribute 'value' of object 'Object Repository/Emergency/Page_Store/input_txttotal' is: '10'

2018-05-30 15:12:06 - [MESSAGE][PASSED] - Attribute 'value' of object 'Object Repository/Emergency/Page_Store/input_txttotal' is: '10'

2018-05-30 15:12:06 - [TEST_STEP][PASSED] - Statement - out.println("Requested QTY : " + RequestedQty): null

2018-05-30 15:12:06 - [TEST_STEP][PASSED] - Statement - BatchNumber = com.kms.katalon.core.webui.keyword.WebUiBuiltInKeywords.getNumberOfTotalOption(com.kms.katalon.core.testobject.ObjectRepository.findTestObject(Emergency/Page_Store/select_--Select--BA1150BA4110)): 4 options of object 'Object Repository/Emergency/Page_Store/select_--Select--BA1150BA4110' counted

2018-05-30 15:12:06 - [MESSAGE][PASSED] - 4 options of object 'Object Repository/Emergency/Page_Store/select_--Select--BA1150BA4110' counted

2018-05-30 15:12:06 - [TEST_STEP][PASSED] - Statement - For ([g = 1, g <= BatchNumber - 1, (g++)]): null

2018-05-30 15:12:06 - [TEST_STEP][PASSED] - selectOptionByIndex: All options with index in [1] are selected on object 'Object Repository/Emergency/Page_Store/select_--Select--BA1150BA4110'

2018-05-30 15:12:06 - [MESSAGE][PASSED] - All options with index in [1] are selected on object 'Object Repository/Emergency/Page_Store/select_--Select--BA1150BA4110'

2018-05-30 15:12:06 - [TEST_STEP][PASSED] - delay: Delayed 2 second(s)

2018-05-30 15:12:08 - [MESSAGE][PASSED] - Delayed 2 second(s)

2018-05-30 15:12:08 - [TEST_STEP][PASSED] - Statement - Try: null

2018-05-30 15:12:08 - [TEST_STEP][PASSED] - Statement - StockQty = com.kms.katalon.core.webui.keyword.WebUiBuiltInKeywords.getAttribute(com.kms.katalon.core.testobject.ObjectRepository.findTestObject(Emergency/Page_Store/input_txtprice), "value"): Attribute 'value' of object 'Object Repository/Emergency/Page_Store/input_txtprice' is: '75'

2018-05-30 15:12:08 - [MESSAGE][PASSED] - Attribute 'value' of object 'Object Repository/Emergency/Page_Store/input_txtprice' is: '75'

2018-05-30 15:12:08 - [TEST_STEP][PASSED] - Statement - out.println("Stock QTY : " + StockQty): null

2018-05-30 15:12:08 - [TEST_STEP][PASSED] - delay: Delayed 2 second(s)

2018-05-30 15:12:10 - [MESSAGE][PASSED] - Delayed 2 second(s)

2018-05-30 15:12:10 - [TEST_STEP][PASSED] - Statement - If (java.lang.Integer.valueOf(StockQty) >= java.lang.Integer.valueOf(RequestedQty)): null

2018-05-30 15:12:10 - [TEST_STEP][PASSED] - delay: Delayed 1 second(s)

2018-05-30 15:12:11 - [MESSAGE][PASSED] - Delayed 1 second(s)

2018-05-30 15:12:11 - [TEST_STEP][PASSED] - setText: Text '10' is set on object 'Object Repository/Emergency/Page_Store/input_txtqty'

2018-05-30 15:12:11 - [MESSAGE][PASSED] - Text '10' is set on object 'Object Repository/Emergency/Page_Store/input_txtqty'

2018-05-30 15:12:11 - [TEST_STEP][PASSED] - click: Object: 'Object Repository/Emergency/Page_Store/button_Add' is clicked on

2018-05-30 15:12:11 - [MESSAGE][PASSED] - Object: 'Object Repository/Emergency/Page_Store/button_Add' is clicked on

2018-05-30 15:12:11 - [TEST_STEP][PASSED] - Statement - Break: null

2018-05-30 15:12:11 - [TEST_STEP][PASSED] - selectOptionByIndex: All options with index in [10] are selected on object 'Object Repository/Emergency/Page_Store/select_--Select--Amikacin -500'

2018-05-30 15:12:11 - [MESSAGE][PASSED] - All options with index in [10] are selected on object 'Object Repository/Emergency/Page_Store/select_--Select--Amikacin -500'

2018-05-30 15:12:11 - [TEST_STEP][PASSED] - delay: Delayed 2 second(s)

2018-05-30 15:12:13 - [MESSAGE][PASSED] - Delayed 2 second(s)

2018-05-30 15:12:13 - [TEST_STEP][PASSED] - Statement - RequestedQty = com.kms.katalon.core.webui.keyword.WebUiBuiltInKeywords.getAttribute(com.kms.katalon.core.testobject.ObjectRepository.findTestObject(Emergency/Page_Store/input_txttotal), "value"): Attribute 'value' of object 'Object Repository/Emergency/Page_Store/input_txttotal' is: '10'

2018-05-30 15:12:13 - [MESSAGE][PASSED] - Attribute 'value' of object 'Object Repository/Emergency/Page_Store/input_txttotal' is: '10'

2018-05-30 15:12:13 - [TEST_STEP][PASSED] - Statement - out.println("Requested QTY : " + RequestedQty): null

2018-05-30 15:12:13 - [TEST_STEP][PASSED] - Statement - BatchNumber = com.kms.katalon.core.webui.keyword.WebUiBuiltInKeywords.getNumberOfTotalOption(com.kms.katalon.core.testobject.ObjectRepository.findTestObject(Emergency/Page_Store/select_--Select--BA1150BA4110)): 2 options of object 'Object Repository/Emergency/Page_Store/select_--Select--BA1150BA4110' counted

2018-05-30 15:12:13 - [MESSAGE][PASSED] - 2 options of object 'Object Repository/Emergency/Page_Store/select_--Select--BA1150BA4110' counted

2018-05-30 15:12:13 - [TEST_STEP][PASSED] - Statement - For ([g = 1, g <= BatchNumber - 1, (g++)]): null

2018-05-30 15:12:13 - [TEST_STEP][PASSED] - selectOptionByIndex: All options with index in [1] are selected on object 'Object Repository/Emergency/Page_Store/select_--Select--BA1150BA4110'

2018-05-30 15:12:14 - [MESSAGE][PASSED] - All options with index in [1] are selected on object 'Object Repository/Emergency/Page_Store/select_--Select--BA1150BA4110'

2018-05-30 15:12:14 - [TEST_STEP][PASSED] - delay: Delayed 2 second(s)

2018-05-30 15:12:16 - [MESSAGE][PASSED] - Delayed 2 second(s)

2018-05-30 15:12:16 - [TEST_STEP][PASSED] - Statement - Try: null

2018-05-30 15:12:16 - [TEST_STEP][PASSED] - Statement - StockQty = com.kms.katalon.core.webui.keyword.WebUiBuiltInKeywords.getAttribute(com.kms.katalon.core.testobject.ObjectRepository.findTestObject(Emergency/Page_Store/input_txtprice), "value"): Attribute 'value' of object 'Object Repository/Emergency/Page_Store/input_txtprice' is: '953'

2018-05-30 15:12:16 - [MESSAGE][PASSED] - Attribute 'value' of object 'Object Repository/Emergency/Page_Store/input_txtprice' is: '953'

2018-05-30 15:12:16 - [TEST_STEP][PASSED] - Statement - out.println("Stock QTY : " + StockQty): null

2018-05-30 15:12:16 - [TEST_STEP][PASSED] - delay: Delayed 2 second(s)

2018-05-30 15:12:18 - [MESSAGE][PASSED] - Delayed 2 second(s)

2018-05-30 15:12:18 - [TEST_STEP][PASSED] - Statement - If (java.lang.Integer.valueOf(StockQty) >= java.lang.Integer.valueOf(RequestedQty)): null

2018-05-30 15:12:18 - [TEST_STEP][PASSED] - delay: Delayed 1 second(s)

2018-05-30 15:12:19 - [MESSAGE][PASSED] - Delayed 1 second(s)

2018-05-30 15:12:19 - [TEST_STEP][PASSED] - setText: Text '10' is set on object 'Object Repository/Emergency/Page_Store/input_txtqty'

2018-05-30 15:12:19 - [MESSAGE][PASSED] - Text '10' is set on object 'Object Repository/Emergency/Page_Store/input_txtqty'

2018-05-30 15:12:19 - [TEST_STEP][PASSED] - click: Object: 'Object Repository/Emergency/Page_Store/button_Add' is clicked on

2018-05-30 15:12:19 - [MESSAGE][PASSED] - Object: 'Object Repository/Emergency/Page_Store/button_Add' is clicked on

2018-05-30 15:12:19 - [TEST_STEP][PASSED] - Statement - Break: null

2018-05-30 15:12:19 - [TEST_STEP][PASSED] - selectOptionByIndex: All options with index in [11] are selected on object 'Object Repository/Emergency/Page_Store/select_--Select--Amikacin -500'

2018-05-30 15:12:19 - [MESSAGE][PASSED] - All options with index in [11] are selected on object 'Object Repository/Emergency/Page_Store/select_--Select--Amikacin -500'

2018-05-30 15:12:19 - [TEST_STEP][PASSED] - delay: Delayed 2 second(s)

2018-05-30 15:12:21 - [MESSAGE][PASSED] - Delayed 2 second(s)

2018-05-30 15:12:21 - [TEST_STEP][PASSED] - Statement - RequestedQty = com.kms.katalon.core.webui.keyword.WebUiBuiltInKeywords.getAttribute(com.kms.katalon.core.testobject.ObjectRepository.findTestObject(Emergency/Page_Store/input_txttotal), "value"): Attribute 'value' of object 'Object Repository/Emergency/Page_Store/input_txttotal' is: '10'

2018-05-30 15:12:21 - [MESSAGE][PASSED] - Attribute 'value' of object 'Object Repository/Emergency/Page_Store/input_txttotal' is: '10'

2018-05-30 15:12:21 - [TEST_STEP][PASSED] - Statement - out.println("Requested QTY : " + RequestedQty): null

2018-05-30 15:12:21 - [TEST_STEP][PASSED] - Statement - BatchNumber = com.kms.katalon.core.webui.keyword.WebUiBuiltInKeywords.getNumberOfTotalOption(com.kms.katalon.core.testobject.ObjectRepository.findTestObject(Emergency/Page_Store/select_--Select--BA1150BA4110)): 3 options of object 'Object Repository/Emergency/Page_Store/select_--Select--BA1150BA4110' counted

2018-05-30 15:12:21 - [MESSAGE][PASSED] - 3 options of object 'Object Repository/Emergency/Page_Store/select_--Select--BA1150BA4110' counted

2018-05-30 15:12:21 - [TEST_STEP][PASSED] - Statement - For ([g = 1, g <= BatchNumber - 1, (g++)]): null

2018-05-30 15:12:21 - [TEST_STEP][PASSED] - selectOptionByIndex: All options with index in [1] are selected on object 'Object Repository/Emergency/Page_Store/select_--Select--BA1150BA4110'

2018-05-30 15:12:21 - [MESSAGE][PASSED] - All options with index in [1] are selected on object 'Object Repository/Emergency/Page_Store/select_--Select--BA1150BA4110'

2018-05-30 15:12:21 - [TEST_STEP][PASSED] - delay: Delayed 2 second(s)

2018-05-30 15:12:23 - [MESSAGE][PASSED] - Delayed 2 second(s)

2018-05-30 15:12:23 - [TEST_STEP][PASSED] - Statement - Try: null

2018-05-30 15:12:23 - [TEST_STEP][PASSED] - Statement - StockQty = com.kms.katalon.core.webui.keyword.WebUiBuiltInKeywords.getAttribute(com.kms.katalon.core.testobject.ObjectRepository.findTestObject(Emergency/Page_Store/input_txtprice), "value"): Attribute 'value' of object 'Object Repository/Emergency/Page_Store/input_txtprice' is: '255'

2018-05-30 15:12:23 - [MESSAGE][PASSED] - Attribute 'value' of object 'Object Repository/Emergency/Page_Store/input_txtprice' is: '255'

2018-05-30 15:12:23 - [TEST_STEP][PASSED] - Statement - out.println("Stock QTY : " + StockQty): null

2018-05-30 15:12:23 - [TEST_STEP][PASSED] - delay: Delayed 2 second(s)

2018-05-30 15:12:25 - [MESSAGE][PASSED] - Delayed 2 second(s)

2018-05-30 15:12:25 - [TEST_STEP][PASSED] - Statement - If (java.lang.Integer.valueOf(StockQty) >= java.lang.Integer.valueOf(RequestedQty)): null

2018-05-30 15:12:25 - [TEST_STEP][PASSED] - delay: Delayed 1 second(s)

2018-05-30 15:12:26 - [MESSAGE][PASSED] - Delayed 1 second(s)

2018-05-30 15:12:26 - [TEST_STEP][PASSED] - setText: Text '10' is set on object 'Object Repository/Emergency/Page_Store/input_txtqty'

2018-05-30 15:12:26 - [MESSAGE][PASSED] - Text '10' is set on object 'Object Repository/Emergency/Page_Store/input_txtqty'

2018-05-30 15:12:26 - [TEST_STEP][PASSED] - click: Object: 'Object Repository/Emergency/Page_Store/button_Add' is clicked on

2018-05-30 15:12:26 - [MESSAGE][PASSED] - Object: 'Object Repository/Emergency/Page_Store/button_Add' is clicked on

2018-05-30 15:12:26 - [TEST_STEP][PASSED] - Statement - Break: null

2018-05-30 15:12:26 - [TEST_STEP][PASSED] - selectOptionByIndex: All options with index in [12] are selected on object 'Object Repository/Emergency/Page_Store/select_--Select--Amikacin -500'

2018-05-30 15:12:27 - [MESSAGE][PASSED] - All options with index in [12] are selected on object 'Object Repository/Emergency/Page_Store/select_--Select--Amikacin -500'

2018-05-30 15:12:27 - [TEST_STEP][PASSED] - delay: Delayed 2 second(s)

2018-05-30 15:12:29 - [MESSAGE][PASSED] - Delayed 2 second(s)

2018-05-30 15:12:29 - [TEST_STEP][PASSED] - Statement - RequestedQty = com.kms.katalon.core.webui.keyword.WebUiBuiltInKeywords.getAttribute(com.kms.katalon.core.testobject.ObjectRepository.findTestObject(Emergency/Page_Store/input_txttotal), "value"): Attribute 'value' of object 'Object Repository/Emergency/Page_Store/input_txttotal' is: '10'

2018-05-30 15:12:29 - [MESSAGE][PASSED] - Attribute 'value' of object 'Object Repository/Emergency/Page_Store/input_txttotal' is: '10'

2018-05-30 15:12:29 - [TEST_STEP][PASSED] - Statement - out.println("Requested QTY : " + RequestedQty): null

2018-05-30 15:12:29 - [TEST_STEP][PASSED] - Statement - BatchNumber = com.kms.katalon.core.webui.keyword.WebUiBuiltInKeywords.getNumberOfTotalOption(com.kms.katalon.core.testobject.ObjectRepository.findTestObject(Emergency/Page_Store/select_--Select--BA1150BA4110)): 3 options of object 'Object Repository/Emergency/Page_Store/select_--Select--BA1150BA4110' counted

2018-05-30 15:12:29 - [MESSAGE][PASSED] - 3 options of object 'Object Repository/Emergency/Page_Store/select_--Select--BA1150BA4110' counted

2018-05-30 15:12:29 - [TEST_STEP][PASSED] - Statement - For ([g = 1, g <= BatchNumber - 1, (g++)]): null

2018-05-30 15:12:29 - [TEST_STEP][PASSED] - selectOptionByIndex: All options with index in [1] are selected on object 'Object Repository/Emergency/Page_Store/select_--Select--BA1150BA4110'

2018-05-30 15:12:29 - [MESSAGE][PASSED] - All options with index in [1] are selected on object 'Object Repository/Emergency/Page_Store/select_--Select--BA1150BA4110'

2018-05-30 15:12:29 - [TEST_STEP][PASSED] - delay: Delayed 2 second(s)

2018-05-30 15:12:31 - [MESSAGE][PASSED] - Delayed 2 second(s)

2018-05-30 15:12:31 - [TEST_STEP][PASSED] - Statement - Try: null

2018-05-30 15:12:31 - [TEST_STEP][PASSED] - Statement - StockQty = com.kms.katalon.core.webui.keyword.WebUiBuiltInKeywords.getAttribute(com.kms.katalon.core.testobject.ObjectRepository.findTestObject(Emergency/Page_Store/input_txtprice), "value"): Attribute 'value' of object 'Object Repository/Emergency/Page_Store/input_txtprice' is: '255'

2018-05-30 15:12:31 - [MESSAGE][PASSED] - Attribute 'value' of object 'Object Repository/Emergency/Page_Store/input_txtprice' is: '255'

2018-05-30 15:12:31 - [TEST_STEP][PASSED] - Statement - out.println("Stock QTY : " + StockQty): null

2018-05-30 15:12:31 - [TEST_STEP][PASSED] - delay: Delayed 2 second(s)

2018-05-30 15:12:33 - [MESSAGE][PASSED] - Delayed 2 second(s)

2018-05-30 15:12:33 - [TEST_STEP][PASSED] - Statement - If (java.lang.Integer.valueOf(StockQty) >= java.lang.Integer.valueOf(RequestedQty)): null

2018-05-30 15:12:33 - [TEST_STEP][PASSED] - delay: Delayed 1 second(s)

2018-05-30 15:12:34 - [MESSAGE][PASSED] - Delayed 1 second(s)

2018-05-30 15:12:34 - [TEST_STEP][PASSED] - setText: Text '10' is set on object 'Object Repository/Emergency/Page_Store/input_txtqty'

2018-05-30 15:12:34 - [MESSAGE][PASSED] - Text '10' is set on object 'Object Repository/Emergency/Page_Store/input_txtqty'

2018-05-30 15:12:34 - [TEST_STEP][PASSED] - click: Object: 'Object Repository/Emergency/Page_Store/button_Add' is clicked on

2018-05-30 15:12:34 - [MESSAGE][PASSED] - Object: 'Object Repository/Emergency/Page_Store/button_Add' is clicked on

2018-05-30 15:12:34 - [TEST_STEP][PASSED] - Statement - Break: null

2018-05-30 15:12:34 - [TEST_STEP][PASSED] - selectOptionByIndex: All options with index in [13] are selected on object 'Object Repository/Emergency/Page_Store/select_--Select--Amikacin -500'

2018-05-30 15:12:34 - [MESSAGE][PASSED] - All options with index in [13] are selected on object 'Object Repository/Emergency/Page_Store/select_--Select--Amikacin -500'

2018-05-30 15:12:34 - [TEST_STEP][PASSED] - delay: Delayed 2 second(s)

2018-05-30 15:12:36 - [MESSAGE][PASSED] - Delayed 2 second(s)

2018-05-30 15:12:36 - [TEST_STEP][PASSED] - Statement - RequestedQty = com.kms.katalon.core.webui.keyword.WebUiBuiltInKeywords.getAttribute(com.kms.katalon.core.testobject.ObjectRepository.findTestObject(Emergency/Page_Store/input_txttotal), "value"): Attribute 'value' of object 'Object Repository/Emergency/Page_Store/input_txttotal' is: '10'

2018-05-30 15:12:36 - [MESSAGE][PASSED] - Attribute 'value' of object 'Object Repository/Emergency/Page_Store/input_txttotal' is: '10'

2018-05-30 15:12:36 - [TEST_STEP][PASSED] - Statement - out.println("Requested QTY : " + RequestedQty): null

2018-05-30 15:12:36 - [TEST_STEP][PASSED] - Statement - BatchNumber = com.kms.katalon.core.webui.keyword.WebUiBuiltInKeywords.getNumberOfTotalOption(com.kms.katalon.core.testobject.ObjectRepository.findTestObject(Emergency/Page_Store/select_--Select--BA1150BA4110)): 3 options of object 'Object Repository/Emergency/Page_Store/select_--Select--BA1150BA4110' counted

2018-05-30 15:12:36 - [MESSAGE][PASSED] - 3 options of object 'Object Repository/Emergency/Page_Store/select_--Select--BA1150BA4110' counted

2018-05-30 15:12:36 - [TEST_STEP][PASSED] - Statement - For ([g = 1, g <= BatchNumber - 1, (g++)]): null

2018-05-30 15:12:36 - [TEST_STEP][PASSED] - selectOptionByIndex: All options with index in [1] are selected on object 'Object Repository/Emergency/Page_Store/select_--Select--BA1150BA4110'

2018-05-30 15:12:37 - [MESSAGE][PASSED] - All options with index in [1] are selected on object 'Object Repository/Emergency/Page_Store/select_--Select--BA1150BA4110'

2018-05-30 15:12:37 - [TEST_STEP][PASSED] - delay: Delayed 2 second(s)

2018-05-30 15:12:39 - [MESSAGE][PASSED] - Delayed 2 second(s)

2018-05-30 15:12:39 - [TEST_STEP][PASSED] - Statement - Try: null

2018-05-30 15:12:39 - [TEST_STEP][PASSED] - Statement - StockQty = com.kms.katalon.core.webui.keyword.WebUiBuiltInKeywords.getAttribute(com.kms.katalon.core.testobject.ObjectRepository.findTestObject(Emergency/Page_Store/input_txtprice), "value"): Attribute 'value' of object 'Object Repository/Emergency/Page_Store/input_txtprice' is: '255'

2018-05-30 15:12:39 - [MESSAGE][PASSED] - Attribute 'value' of object 'Object Repository/Emergency/Page_Store/input_txtprice' is: '255'

2018-05-30 15:12:39 - [TEST_STEP][PASSED] - Statement - out.println("Stock QTY : " + StockQty): null

2018-05-30 15:12:39 - [TEST_STEP][PASSED] - delay: Delayed 2 second(s)

2018-05-30 15:12:41 - [MESSAGE][PASSED] - Delayed 2 second(s)

2018-05-30 15:12:41 - [TEST_STEP][PASSED] - Statement - If (java.lang.Integer.valueOf(StockQty) >= java.lang.Integer.valueOf(RequestedQty)): null

2018-05-30 15:12:41 - [TEST_STEP][PASSED] - delay: Delayed 1 second(s)

2018-05-30 15:12:42 - [MESSAGE][PASSED] - Delayed 1 second(s)

2018-05-30 15:12:42 - [TEST_STEP][PASSED] - setText: Text '10' is set on object 'Object Repository/Emergency/Page_Store/input_txtqty'

2018-05-30 15:12:42 - [MESSAGE][PASSED] - Text '10' is set on object 'Object Repository/Emergency/Page_Store/input_txtqty'

2018-05-30 15:12:42 - [TEST_STEP][PASSED] - click: Object: 'Object Repository/Emergency/Page_Store/button_Add' is clicked on

2018-05-30 15:12:42 - [MESSAGE][PASSED] - Object: 'Object Repository/Emergency/Page_Store/button_Add' is clicked on

2018-05-30 15:12:42 - [TEST_STEP][PASSED] - Statement - Break: null

2018-05-30 15:12:42 - [TEST_STEP][PASSED] - selectOptionByIndex: All options with index in [14] are selected on object 'Object Repository/Emergency/Page_Store/select_--Select--Amikacin -500'

2018-05-30 15:12:42 - [MESSAGE][PASSED] - All options with index in [14] are selected on object 'Object Repository/Emergency/Page_Store/select_--Select--Amikacin -500'

2018-05-30 15:12:42 - [TEST_STEP][PASSED] - delay: Delayed 2 second(s)

2018-05-30 15:12:44 - [MESSAGE][PASSED] - Delayed 2 second(s)

2018-05-30 15:12:44 - [TEST_STEP][PASSED] - Statement - RequestedQty = com.kms.katalon.core.webui.keyword.WebUiBuiltInKeywords.getAttribute(com.kms.katalon.core.testobject.ObjectRepository.findTestObject(Emergency/Page_Store/input_txttotal), "value"): Attribute 'value' of object 'Object Repository/Emergency/Page_Store/input_txttotal' is: '10'

2018-05-30 15:12:44 - [MESSAGE][PASSED] - Attribute 'value' of object 'Object Repository/Emergency/Page_Store/input_txttotal' is: '10'

2018-05-30 15:12:44 - [TEST_STEP][PASSED] - Statement - out.println("Requested QTY : " + RequestedQty): null

2018-05-30 15:12:44 - [TEST_STEP][PASSED] - Statement - BatchNumber = com.kms.katalon.core.webui.keyword.WebUiBuiltInKeywords.getNumberOfTotalOption(com.kms.katalon.core.testobject.ObjectRepository.findTestObject(Emergency/Page_Store/select_--Select--BA1150BA4110)): 3 options of object 'Object Repository/Emergency/Page_Store/select_--Select--BA1150BA4110' counted

2018-05-30 15:12:44 - [MESSAGE][PASSED] - 3 options of object 'Object Repository/Emergency/Page_Store/select_--Select--BA1150BA4110' counted

2018-05-30 15:12:44 - [TEST_STEP][PASSED] - Statement - For ([g = 1, g <= BatchNumber - 1, (g++)]): null

2018-05-30 15:12:44 - [TEST_STEP][PASSED] - selectOptionByIndex: All options with index in [1] are selected on object 'Object Repository/Emergency/Page_Store/select_--Select--BA1150BA4110'

2018-05-30 15:12:44 - [MESSAGE][PASSED] - All options with index in [1] are selected on object 'Object Repository/Emergency/Page_Store/select_--Select--BA1150BA4110'

2018-05-30 15:12:44 - [TEST_STEP][PASSED] - delay: Delayed 2 second(s)

2018-05-30 15:12:46 - [MESSAGE][PASSED] - Delayed 2 second(s)

2018-05-30 15:12:46 - [TEST_STEP][PASSED] - Statement - Try: null

2018-05-30 15:12:46 - [TEST_STEP][PASSED] - Statement - StockQty = com.kms.katalon.core.webui.keyword.WebUiBuiltInKeywords.getAttribute(com.kms.katalon.core.testobject.ObjectRepository.findTestObject(Emergency/Page_Store/input_txtprice), "value"): Attribute 'value' of object 'Object Repository/Emergency/Page_Store/input_txtprice' is: '255'

2018-05-30 15:12:46 - [MESSAGE][PASSED] - Attribute 'value' of object 'Object Repository/Emergency/Page_Store/input_txtprice' is: '255'

2018-05-30 15:12:46 - [TEST_STEP][PASSED] - Statement - out.println("Stock QTY : " + StockQty): null

2018-05-30 15:12:46 - [TEST_STEP][PASSED] - delay: Delayed 2 second(s)

2018-05-30 15:12:48 - [MESSAGE][PASSED] - Delayed 2 second(s)

2018-05-30 15:12:48 - [TEST_STEP][PASSED] - Statement - If (java.lang.Integer.valueOf(StockQty) >= java.lang.Integer.valueOf(RequestedQty)): null

2018-05-30 15:12:48 - [TEST_STEP][PASSED] - delay: Delayed 1 second(s)

2018-05-30 15:12:49 - [MESSAGE][PASSED] - Delayed 1 second(s)

2018-05-30 15:12:49 - [TEST_STEP][PASSED] - setText: Text '10' is set on object 'Object Repository/Emergency/Page_Store/input_txtqty'

2018-05-30 15:12:49 - [MESSAGE][PASSED] - Text '10' is set on object 'Object Repository/Emergency/Page_Store/input_txtqty'

2018-05-30 15:12:49 - [TEST_STEP][PASSED] - click: Object: 'Object Repository/Emergency/Page_Store/button_Add' is clicked on

2018-05-30 15:12:49 - [MESSAGE][PASSED] - Object: 'Object Repository/Emergency/Page_Store/button_Add' is clicked on

2018-05-30 15:12:49 - [TEST_STEP][PASSED] - Statement - Break: null

2018-05-30 15:12:49 - [TEST_STEP][PASSED] - selectOptionByIndex: All options with index in [15] are selected on object 'Object Repository/Emergency/Page_Store/select_--Select--Amikacin -500'

2018-05-30 15:12:50 - [MESSAGE][PASSED] - All options with index in [15] are selected on object 'Object Repository/Emergency/Page_Store/select_--Select--Amikacin -500'

2018-05-30 15:12:50 - [TEST_STEP][PASSED] - delay: Delayed 2 second(s)

2018-05-30 15:12:52 - [MESSAGE][PASSED] - Delayed 2 second(s)

2018-05-30 15:12:52 - [TEST_STEP][PASSED] - Statement - RequestedQty = com.kms.katalon.core.webui.keyword.WebUiBuiltInKeywords.getAttribute(com.kms.katalon.core.testobject.ObjectRepository.findTestObject(Emergency/Page_Store/input_txttotal), "value"): Attribute 'value' of object 'Object Repository/Emergency/Page_Store/input_txttotal' is: '10'

2018-05-30 15:12:52 - [MESSAGE][PASSED] - Attribute 'value' of object 'Object Repository/Emergency/Page_Store/input_txttotal' is: '10'

2018-05-30 15:12:52 - [TEST_STEP][PASSED] - Statement - out.println("Requested QTY : " + RequestedQty): null

2018-05-30 15:12:52 - [TEST_STEP][PASSED] - Statement - BatchNumber = com.kms.katalon.core.webui.keyword.WebUiBuiltInKeywords.getNumberOfTotalOption(com.kms.katalon.core.testobject.ObjectRepository.findTestObject(Emergency/Page_Store/select_--Select--BA1150BA4110)): 2 options of object 'Object Repository/Emergency/Page_Store/select_--Select--BA1150BA4110' counted

2018-05-30 15:12:52 - [MESSAGE][PASSED] - 2 options of object 'Object Repository/Emergency/Page_Store/select_--Select--BA1150BA4110' counted

2018-05-30 15:12:52 - [TEST_STEP][PASSED] - Statement - For ([g = 1, g <= BatchNumber - 1, (g++)]): null

2018-05-30 15:12:52 - [TEST_STEP][PASSED] - selectOptionByIndex: All options with index in [1] are selected on object 'Object Repository/Emergency/Page_Store/select_--Select--BA1150BA4110'

2018-05-30 15:12:52 - [MESSAGE][PASSED] - All options with index in [1] are selected on object 'Object Repository/Emergency/Page_Store/select_--Select--BA1150BA4110'

2018-05-30 15:12:52 - [TEST_STEP][PASSED] - delay: Delayed 2 second(s)

2018-05-30 15:12:54 - [MESSAGE][PASSED] - Delayed 2 second(s)

2018-05-30 15:12:54 - [TEST_STEP][PASSED] - Statement - Try: null

2018-05-30 15:12:54 - [TEST_STEP][PASSED] - Statement - StockQty = com.kms.katalon.core.webui.keyword.WebUiBuiltInKeywords.getAttribute(com.kms.katalon.core.testobject.ObjectRepository.findTestObject(Emergency/Page_Store/input_txtprice), "value"): Attribute 'value' of object 'Object Repository/Emergency/Page_Store/input_txtprice' is: '2210'

2018-05-30 15:12:54 - [MESSAGE][PASSED] - Attribute 'value' of object 'Object Repository/Emergency/Page_Store/input_txtprice' is: '2210'

2018-05-30 15:12:54 - [TEST_STEP][PASSED] - Statement - out.println("Stock QTY : " + StockQty): null

2018-05-30 15:12:54 - [TEST_STEP][PASSED] - delay: Delayed 2 second(s)

2018-05-30 15:12:56 - [MESSAGE][PASSED] - Delayed 2 second(s)

2018-05-30 15:12:56 - [TEST_STEP][PASSED] - Statement - If (java.lang.Integer.valueOf(StockQty) >= java.lang.Integer.valueOf(RequestedQty)): null

2018-05-30 15:12:56 - [TEST_STEP][PASSED] - delay: Delayed 1 second(s)

2018-05-30 15:12:57 - [MESSAGE][PASSED] - Delayed 1 second(s)

2018-05-30 15:12:57 - [TEST_STEP][PASSED] - setText: Text '10' is set on object 'Object Repository/Emergency/Page_Store/input_txtqty'

2018-05-30 15:12:57 - [MESSAGE][PASSED] - Text '10' is set on object 'Object Repository/Emergency/Page_Store/input_txtqty'

2018-05-30 15:12:57 - [TEST_STEP][PASSED] - click: Object: 'Object Repository/Emergency/Page_Store/button_Add' is clicked on

2018-05-30 15:12:57 - [MESSAGE][PASSED] - Object: 'Object Repository/Emergency/Page_Store/button_Add' is clicked on

2018-05-30 15:12:57 - [TEST_STEP][PASSED] - Statement - Break: null

2018-05-30 15:12:57 - [TEST_STEP][PASSED] - selectOptionByIndex: All options with index in [16] are selected on object 'Object Repository/Emergency/Page_Store/select_--Select--Amikacin -500'

2018-05-30 15:12:57 - [MESSAGE][PASSED] - All options with index in [16] are selected on object 'Object Repository/Emergency/Page_Store/select_--Select--Amikacin -500'

2018-05-30 15:12:57 - [TEST_STEP][PASSED] - delay: Delayed 2 second(s)

2018-05-30 15:12:59 - [MESSAGE][PASSED] - Delayed 2 second(s)

2018-05-30 15:12:59 - [TEST_STEP][PASSED] - Statement - RequestedQty = com.kms.katalon.core.webui.keyword.WebUiBuiltInKeywords.getAttribute(com.kms.katalon.core.testobject.ObjectRepository.findTestObject(Emergency/Page_Store/input_txttotal), "value"): Attribute 'value' of object 'Object Repository/Emergency/Page_Store/input_txttotal' is: '10'

2018-05-30 15:12:59 - [MESSAGE][PASSED] - Attribute 'value' of object 'Object Repository/Emergency/Page_Store/input_txttotal' is: '10'

2018-05-30 15:12:59 - [TEST_STEP][PASSED] - Statement - out.println("Requested QTY : " + RequestedQty): null

2018-05-30 15:12:59 - [TEST_STEP][PASSED] - Statement - BatchNumber = com.kms.katalon.core.webui.keyword.WebUiBuiltInKeywords.getNumberOfTotalOption(com.kms.katalon.core.testobject.ObjectRepository.findTestObject(Emergency/Page_Store/select_--Select--BA1150BA4110)): 3 options of object 'Object Repository/Emergency/Page_Store/select_--Select--BA1150BA4110' counted

2018-05-30 15:13:00 - [MESSAGE][PASSED] - 3 options of object 'Object Repository/Emergency/Page_Store/select_--Select--BA1150BA4110' counted

2018-05-30 15:13:00 - [TEST_STEP][PASSED] - Statement - For ([g = 1, g <= BatchNumber - 1, (g++)]): null

2018-05-30 15:13:00 - [TEST_STEP][PASSED] - selectOptionByIndex: All options with index in [1] are selected on object 'Object Repository/Emergency/Page_Store/select_--Select--BA1150BA4110'

2018-05-30 15:13:00 - [MESSAGE][PASSED] - All options with index in [1] are selected on object 'Object Repository/Emergency/Page_Store/select_--Select--BA1150BA4110'

2018-05-30 15:13:00 - [TEST_STEP][PASSED] - delay: Delayed 2 second(s)

2018-05-30 15:13:02 - [MESSAGE][PASSED] - Delayed 2 second(s)

2018-05-30 15:13:02 - [TEST_STEP][PASSED] - Statement - Try: null

2018-05-30 15:13:02 - [TEST_STEP][PASSED] - Statement - StockQty = com.kms.katalon.core.webui.keyword.WebUiBuiltInKeywords.getAttribute(com.kms.katalon.core.testobject.ObjectRepository.findTestObject(Emergency/Page_Store/input_txtprice), "value"): Attribute 'value' of object 'Object Repository/Emergency/Page_Store/input_txtprice' is: '255'

2018-05-30 15:13:02 - [MESSAGE][PASSED] - Attribute 'value' of object 'Object Repository/Emergency/Page_Store/input_txtprice' is: '255'

2018-05-30 15:13:02 - [TEST_STEP][PASSED] - Statement - out.println("Stock QTY : " + StockQty): null

2018-05-30 15:13:02 - [TEST_STEP][PASSED] - delay: Delayed 2 second(s)

2018-05-30 15:13:04 - [MESSAGE][PASSED] - Delayed 2 second(s)

2018-05-30 15:13:04 - [TEST_STEP][PASSED] - Statement - If (java.lang.Integer.valueOf(StockQty) >= java.lang.Integer.valueOf(RequestedQty)): null

2018-05-30 15:13:04 - [TEST_STEP][PASSED] - delay: Delayed 1 second(s)

2018-05-30 15:13:05 - [MESSAGE][PASSED] - Delayed 1 second(s)

2018-05-30 15:13:05 - [TEST_STEP][PASSED] - setText: Text '10' is set on object 'Object Repository/Emergency/Page_Store/input_txtqty'

2018-05-30 15:13:05 - [MESSAGE][PASSED] - Text '10' is set on object 'Object Repository/Emergency/Page_Store/input_txtqty'

2018-05-30 15:13:05 - [TEST_STEP][PASSED] - click: Object: 'Object Repository/Emergency/Page_Store/button_Add' is clicked on

2018-05-30 15:13:05 - [MESSAGE][PASSED] - Object: 'Object Repository/Emergency/Page_Store/button_Add' is clicked on

2018-05-30 15:13:05 - [TEST_STEP][PASSED] - Statement - Break: null

2018-05-30 15:13:05 - [TEST_STEP][PASSED] - selectOptionByIndex: All options with index in [17] are selected on object 'Object Repository/Emergency/Page_Store/select_--Select--Amikacin -500'

2018-05-30 15:13:05 - [MESSAGE][PASSED] - All options with index in [17] are selected on object 'Object Repository/Emergency/Page_Store/select_--Select--Amikacin -500'

2018-05-30 15:13:05 - [TEST_STEP][PASSED] - delay: Delayed 2 second(s)

2018-05-30 15:13:07 - [MESSAGE][PASSED] - Delayed 2 second(s)

2018-05-30 15:13:07 - [TEST_STEP][PASSED] - Statement - RequestedQty = com.kms.katalon.core.webui.keyword.WebUiBuiltInKeywords.getAttribute(com.kms.katalon.core.testobject.ObjectRepository.findTestObject(Emergency/Page_Store/input_txttotal), "value"): Attribute 'value' of object 'Object Repository/Emergency/Page_Store/input_txttotal' is: '10'

2018-05-30 15:13:07 - [MESSAGE][PASSED] - Attribute 'value' of object 'Object Repository/Emergency/Page_Store/input_txttotal' is: '10'

2018-05-30 15:13:07 - [TEST_STEP][PASSED] - Statement - out.println("Requested QTY : " + RequestedQty): null

2018-05-30 15:13:07 - [TEST_STEP][PASSED] - Statement - BatchNumber = com.kms.katalon.core.webui.keyword.WebUiBuiltInKeywords.getNumberOfTotalOption(com.kms.katalon.core.testobject.ObjectRepository.findTestObject(Emergency/Page_Store/select_--Select--BA1150BA4110)): 3 options of object 'Object Repository/Emergency/Page_Store/select_--Select--BA1150BA4110' counted

2018-05-30 15:13:07 - [MESSAGE][PASSED] - 3 options of object 'Object Repository/Emergency/Page_Store/select_--Select--BA1150BA4110' counted

2018-05-30 15:13:07 - [TEST_STEP][PASSED] - Statement - For ([g = 1, g <= BatchNumber - 1, (g++)]): null

2018-05-30 15:13:07 - [TEST_STEP][PASSED] - selectOptionByIndex: All options with index in [1] are selected on object 'Object Repository/Emergency/Page_Store/select_--Select--BA1150BA4110'

2018-05-30 15:13:07 - [MESSAGE][PASSED] - All options with index in [1] are selected on object 'Object Repository/Emergency/Page_Store/select_--Select--BA1150BA4110'

2018-05-30 15:13:07 - [TEST_STEP][PASSED] - delay: Delayed 2 second(s)

2018-05-30 15:13:09 - [MESSAGE][PASSED] - Delayed 2 second(s)

2018-05-30 15:13:09 - [TEST_STEP][PASSED] - Statement - Try: null

2018-05-30 15:13:09 - [TEST_STEP][PASSED] - Statement - StockQty = com.kms.katalon.core.webui.keyword.WebUiBuiltInKeywords.getAttribute(com.kms.katalon.core.testobject.ObjectRepository.findTestObject(Emergency/Page_Store/input_txtprice), "value"): Attribute 'value' of object 'Object Repository/Emergency/Page_Store/input_txtprice' is: '75'

2018-05-30 15:13:09 - [MESSAGE][PASSED] - Attribute 'value' of object 'Object Repository/Emergency/Page_Store/input_txtprice' is: '75'

2018-05-30 15:13:09 - [TEST_STEP][PASSED] - Statement - out.println("Stock QTY : " + StockQty): null

2018-05-30 15:13:09 - [TEST_STEP][PASSED] - delay: Delayed 2 second(s)

2018-05-30 15:13:11 - [MESSAGE][PASSED] - Delayed 2 second(s)

2018-05-30 15:13:11 - [TEST_STEP][PASSED] - Statement - If (java.lang.Integer.valueOf(StockQty) >= java.lang.Integer.valueOf(RequestedQty)): null

2018-05-30 15:13:11 - [TEST_STEP][PASSED] - delay: Delayed 1 second(s)

2018-05-30 15:13:12 - [MESSAGE][PASSED] - Delayed 1 second(s)

2018-05-30 15:13:12 - [TEST_STEP][PASSED] - setText: Text '10' is set on object 'Object Repository/Emergency/Page_Store/input_txtqty'

2018-05-30 15:13:12 - [MESSAGE][PASSED] - Text '10' is set on object 'Object Repository/Emergency/Page_Store/input_txtqty'

2018-05-30 15:13:12 - [TEST_STEP][PASSED] - click: Object: 'Object Repository/Emergency/Page_Store/button_Add' is clicked on

2018-05-30 15:13:13 - [MESSAGE][PASSED] - Object: 'Object Repository/Emergency/Page_Store/button_Add' is clicked on

2018-05-30 15:13:13 - [TEST_STEP][PASSED] - Statement - Break: null

2018-05-30 15:13:13 - [TEST_STEP][PASSED] - selectOptionByIndex: All options with index in [18] are selected on object 'Object Repository/Emergency/Page_Store/select_--Select--Amikacin -500'

2018-05-30 15:13:13 - [MESSAGE][PASSED] - All options with index in [18] are selected on object 'Object Repository/Emergency/Page_Store/select_--Select--Amikacin -500'

2018-05-30 15:13:13 - [TEST_STEP][PASSED] - delay: Delayed 2 second(s)

2018-05-30 15:13:15 - [MESSAGE][PASSED] - Delayed 2 second(s)

2018-05-30 15:13:15 - [TEST_STEP][PASSED] - Statement - RequestedQty = com.kms.katalon.core.webui.keyword.WebUiBuiltInKeywords.getAttribute(com.kms.katalon.core.testobject.ObjectRepository.findTestObject(Emergency/Page_Store/input_txttotal), "value"): Attribute 'value' of object 'Object Repository/Emergency/Page_Store/input_txttotal' is: '10'

2018-05-30 15:13:15 - [MESSAGE][PASSED] - Attribute 'value' of object 'Object Repository/Emergency/Page_Store/input_txttotal' is: '10'

2018-05-30 15:13:15 - [TEST_STEP][PASSED] - Statement - out.println("Requested QTY : " + RequestedQty): null

2018-05-30 15:13:15 - [TEST_STEP][PASSED] - Statement - BatchNumber = com.kms.katalon.core.webui.keyword.WebUiBuiltInKeywords.getNumberOfTotalOption(com.kms.katalon.core.testobject.ObjectRepository.findTestObject(Emergency/Page_Store/select_--Select--BA1150BA4110)): 3 options of object 'Object Repository/Emergency/Page_Store/select_--Select--BA1150BA4110' counted

2018-05-30 15:13:15 - [MESSAGE][PASSED] - 3 options of object 'Object Repository/Emergency/Page_Store/select_--Select--BA1150BA4110' counted

2018-05-30 15:13:15 - [TEST_STEP][PASSED] - Statement - For ([g = 1, g <= BatchNumber - 1, (g++)]): null

2018-05-30 15:13:15 - [TEST_STEP][PASSED] - selectOptionByIndex: All options with index in [1] are selected on object 'Object Repository/Emergency/Page_Store/select_--Select--BA1150BA4110'

2018-05-30 15:13:15 - [MESSAGE][PASSED] - All options with index in [1] are selected on object 'Object Repository/Emergency/Page_Store/select_--Select--BA1150BA4110'

2018-05-30 15:13:15 - [TEST_STEP][PASSED] - delay: Delayed 2 second(s)

2018-05-30 15:13:17 - [MESSAGE][PASSED] - Delayed 2 second(s)

2018-05-30 15:13:17 - [TEST_STEP][PASSED] - Statement - Try: null

2018-05-30 15:13:17 - [TEST_STEP][PASSED] - Statement - StockQty = com.kms.katalon.core.webui.keyword.WebUiBuiltInKeywords.getAttribute(com.kms.katalon.core.testobject.ObjectRepository.findTestObject(Emergency/Page_Store/input_txtprice), "value"): Attribute 'value' of object 'Object Repository/Emergency/Page_Store/input_txtprice' is: '255'

2018-05-30 15:13:17 - [MESSAGE][PASSED] - Attribute 'value' of object 'Object Repository/Emergency/Page_Store/input_txtprice' is: '255'

2018-05-30 15:13:17 - [TEST_STEP][PASSED] - Statement - out.println("Stock QTY : " + StockQty): null

2018-05-30 15:13:17 - [TEST_STEP][PASSED] - delay: Delayed 2 second(s)

2018-05-30 15:13:19 - [MESSAGE][PASSED] - Delayed 2 second(s)

2018-05-30 15:13:19 - [TEST_STEP][PASSED] - Statement - If (java.lang.Integer.valueOf(StockQty) >= java.lang.Integer.valueOf(RequestedQty)): null

2018-05-30 15:13:19 - [TEST_STEP][PASSED] - delay: Delayed 1 second(s)

2018-05-30 15:13:20 - [MESSAGE][PASSED] - Delayed 1 second(s)

2018-05-30 15:13:20 - [TEST_STEP][PASSED] - setText: Text '10' is set on object 'Object Repository/Emergency/Page_Store/input_txtqty'

2018-05-30 15:13:20 - [MESSAGE][PASSED] - Text '10' is set on object 'Object Repository/Emergency/Page_Store/input_txtqty'

2018-05-30 15:13:20 - [TEST_STEP][PASSED] - click: Object: 'Object Repository/Emergency/Page_Store/button_Add' is clicked on

2018-05-30 15:13:20 - [MESSAGE][PASSED] - Object: 'Object Repository/Emergency/Page_Store/button_Add' is clicked on

2018-05-30 15:13:20 - [TEST_STEP][PASSED] - Statement - Break: null

2018-05-30 15:13:20 - [TEST_STEP][PASSED] - scrollToElement: Scroll to object 'Object Repository/Emergency/Page_Store/input_btnSubmit' successfully

2018-05-30 15:13:20 - [MESSAGE][PASSED] - Scroll to object 'Object Repository/Emergency/Page_Store/input_btnSubmit' successfully

2018-05-30 15:13:20 - [TEST_STEP][PASSED] - Statement - Try: Object: 'Object Repository/lab/Page_Store/button_OK' is clicked on

2018-05-30 15:13:20 - [TEST_STEP][PASSED] - click: Object: 'Object Repository/Emergency/Page_Store/input_btnSubmit' is clicked on

2018-05-30 15:13:20 - [MESSAGE][PASSED] - Object: 'Object Repository/Emergency/Page_Store/input_btnSubmit' is clicked on

2018-05-30 15:13:20 - [TEST_STEP][PASSED] - delay: Delayed 3 second(s)

2018-05-30 15:13:23 - [MESSAGE][PASSED] - Delayed 3 second(s)

2018-05-30 15:13:23 - [TEST_STEP][PASSED] - click: Object: 'Object Repository/lab/Page_Store/button_OK' is clicked on

2018-05-30 15:13:24 - [MESSAGE][PASSED] - Object: 'Object Repository/lab/Page_Store/button_OK' is clicked on

2018-05-30 15:13:24 - [TEST_STEP][PASSED] - delay: Delayed 3 second(s)

2018-05-30 15:13:27 - [MESSAGE][PASSED] - Delayed 3 second(s)

2018-05-30 15:13:27 - [TEST_STEP][PASSED] - click: Object: 'Object Repository/Emergency/Page_Store/a_dropdown-toggle' is clicked on

2018-05-30 15:13:27 - [MESSAGE][PASSED] - Object: 'Object Repository/Emergency/Page_Store/a_dropdown-toggle' is clicked on

2018-05-30 15:13:27 - [TEST_STEP][PASSED] - click: Object: 'Object Repository/Emergency/Page_Store/a_Sign out' is clicked on

2018-05-30 15:13:28 - [MESSAGE][PASSED] - Object: 'Object Repository/Emergency/Page_Store/a_Sign out' is clicked on

2018-05-30 15:13:28 - [TEST_STEP][PASSED] - closeBrowser: Browser is closed

2018-05-30 15:13:28 - [MESSAGE][PASSED] - Browser is closed

2018-05-30 15:13:28 - [TEST_STEP][PASSED] - Statement - out.println("Schedule 12 Emergency Request Are Working Successfully"): null]]></system-out>
         <system-err><![CDATA[]]></system-err>
      </testcase>
      <system-out><![CDATA[2018-05-30 14:35:56 - [TEST_SUITE][FAILED] - Emergency_Suite: Test Cases/EMERGENCY TEST CASES/TC_ER_006 Verify Schedule 9 Emergency  Request Are Working Successfully Or Not FAILED because (of) Unable to get text of object 'Object Repository/Emergency/Page_KDMC - Emergency/font_ERNO100520183' (Root cause: com.kms.katalon.core.webui.exception.WebElementNotFoundException: Web element with id: 'Object Repository/Emergency/Page_KDMC - Emergency/font_ERNO100520183' located by 'By.xpath: /html[1]/body[@class="skin-blue  pace-done modal-open"]/div[@class="bootbox modal fade bootbox-alert in"]/div[@class="modal-dialog"]/div[@class="modal-content"]/div[@class="modal-body"]/div[@class="bootbox-body"]/b[1]/font[1]' not found)]]></system-out>
      <system-err><![CDATA[2018-05-30 14:35:56 - [TEST_SUITE][FAILED] - Emergency_Suite: Test Cases/EMERGENCY TEST CASES/TC_ER_006 Verify Schedule 9 Emergency  Request Are Working Successfully Or Not FAILED because (of) Unable to get text of object 'Object Repository/Emergency/Page_KDMC - Emergency/font_ERNO100520183' (Root cause: com.kms.katalon.core.webui.exception.WebElementNotFoundException: Web element with id: 'Object Repository/Emergency/Page_KDMC - Emergency/font_ERNO100520183' located by 'By.xpath: /html[1]/body[@class="skin-blue  pace-done modal-open"]/div[@class="bootbox modal fade bootbox-alert in"]/div[@class="modal-dialog"]/div[@class="modal-content"]/div[@class="modal-body"]/div[@class="bootbox-body"]/b[1]/font[1]' not found)]]></system-err>
   </testsuite>
</testsuites>
