<?xml version="1.0" encoding="UTF-8"?>
<testsuites name="TEST" time="44" tests="0" failures="0" errors="4">
   <testsuite name="TEST" tests="0" failures="0" errors="4" time="44" timestamp="2018-06-09 12:58:51" hostname="Quality Analyst - DESKTOP-BLFTK83" id="Test Suites/TEST">
      <properties>
         <property name="deviceName" value=""/>
         <property name="devicePlatform" value=""/>
         <property name="logFolder" value="C:\\Users\\Quality Analyst\\Katalon Studio\\ds\\Reports\\TEST\\20180609_125840"/>
         <property name="logFiles" value="C:\\Users\\Quality Analyst\\Katalon Studio\\ds\\Reports\\TEST\\20180609_125840\\execution0.log"/>
         <property name="attachments" value=""/>
         <property name="hostName" value="Quality Analyst - DESKTOP-BLFTK83"/>
         <property name="os" value="Windows 10 64bit"/>
         <property name="katalonVersion" value="5.4.2.1"/>
         <property name="browser" value="Chrome 66.0.3359.181"/>
         <property name="hostAddress" value="169.254.189.85"/>
         <property name="sessionId" value="ce1db325ad12eb31e9800c8b1fe45da5"/>
         <property name="seleniumVersion" value="3.7.1"/>
         <property name="proxyInformation" value="ProxyInformation{proxyOption=NO_PROXY, proxyServerType=HTTP, password=, proxyServerAddress=, proxyServerPort=0}"/>
         <property name="platform" value="Windows 10"/>
      </properties>
      <testcase name="Test Cases/TEST/GRN RECEIVE IN CMS/dp" classname="Test Cases/TEST/GRN RECEIVE IN CMS/dp" status="ERROR">
         <error type="ERROR" message="Test Cases/TEST/GRN RECEIVE IN CMS/dp FAILED because (of) org.codehaus.groovy.runtime.typehandling.GroovyCastException: Cannot cast object 'com.kms.katalon.core.testdata.reader.SheetPOI@5c92166b' with class 'com.kms.katalon.core.testdata.reader.SheetPOI' to class 'com.kms.katalon.core.testdata.InternalData'"/>
         <system-out><![CDATA[2018-06-09 12:58:51 - [TEST_CASE][ERROR] - Test Cases/TEST/GRN RECEIVE IN CMS/dp: Test Cases/TEST/GRN RECEIVE IN CMS/dp FAILED because (of) org.codehaus.groovy.runtime.typehandling.GroovyCastException: Cannot cast object 'com.kms.katalon.core.testdata.reader.SheetPOI@5c92166b' with class 'com.kms.katalon.core.testdata.reader.SheetPOI' to class 'com.kms.katalon.core.testdata.InternalData'

2018-06-09 12:58:52 - [TEST_STEP][PASSED] - openBrowser: Browser is opened with url: ''

2018-06-09 12:58:57 - [MESSAGE][PASSED] - Browser is opened with url: ''

2018-06-09 12:58:57 - [TEST_STEP][PASSED] - navigateToUrl: Navigate to 'http://192.168.137.1/multihospital_new/' successfully

2018-06-09 12:58:59 - [MESSAGE][PASSED] - Navigate to 'http://192.168.137.1/multihospital_new/' successfully

2018-06-09 12:58:59 - [TEST_STEP][PASSED] - click: Object: 'Object Repository/CM/Page_KDMC/a_CMO' is clicked on

2018-06-09 12:59:00 - [MESSAGE][PASSED] - Object: 'Object Repository/CM/Page_KDMC/a_CMO' is clicked on

2018-06-09 12:59:00 - [TEST_STEP][PASSED] - maximizeWindow: Current window maximized

2018-06-09 12:59:01 - [MESSAGE][PASSED] - Current window maximized

2018-06-09 12:59:01 - [TEST_STEP][PASSED] - delay: Delayed 3 second(s)

2018-06-09 12:59:04 - [MESSAGE][PASSED] - Delayed 3 second(s)

2018-06-09 12:59:04 - [TEST_STEP][PASSED] - Statement - Exceldata = com.kms.katalon.core.testdata.TestDataFactory.findTestData(DemoTestData): Reading excel file with source file 'C:\Users\Quality Analyst\Desktop\Logindata.xlsx' and sheet name 'Sheet1']]></system-out>
         <system-err><![CDATA[2018-06-09 12:58:51 - [TEST_CASE][ERROR] - Test Cases/TEST/GRN RECEIVE IN CMS/dp: Test Cases/TEST/GRN RECEIVE IN CMS/dp FAILED because (of) org.codehaus.groovy.runtime.typehandling.GroovyCastException: Cannot cast object 'com.kms.katalon.core.testdata.reader.SheetPOI@5c92166b' with class 'com.kms.katalon.core.testdata.reader.SheetPOI' to class 'com.kms.katalon.core.testdata.InternalData']]></system-err>
      </testcase>
      <testcase name="Test Cases/TEST/GRN RECEIVE IN CMS/dp" classname="Test Cases/TEST/GRN RECEIVE IN CMS/dp" status="ERROR">
         <error type="ERROR" message="Test Cases/TEST/GRN RECEIVE IN CMS/dp FAILED because (of) org.codehaus.groovy.runtime.typehandling.GroovyCastException: Cannot cast object 'com.kms.katalon.core.testdata.reader.SheetPOI@878537d' with class 'com.kms.katalon.core.testdata.reader.SheetPOI' to class 'com.kms.katalon.core.testdata.InternalData'"/>
         <system-out><![CDATA[2018-06-09 12:59:05 - [TEST_CASE][ERROR] - Test Cases/TEST/GRN RECEIVE IN CMS/dp: Test Cases/TEST/GRN RECEIVE IN CMS/dp FAILED because (of) org.codehaus.groovy.runtime.typehandling.GroovyCastException: Cannot cast object 'com.kms.katalon.core.testdata.reader.SheetPOI@878537d' with class 'com.kms.katalon.core.testdata.reader.SheetPOI' to class 'com.kms.katalon.core.testdata.InternalData'

2018-06-09 12:59:05 - [TEST_STEP][PASSED] - openBrowser: Browser is opened with url: ''

2018-06-09 12:59:05 - [MESSAGE][WARNING] - A browser is already opened. Closing browser and opening a new one

2018-06-09 12:59:08 - [MESSAGE][PASSED] - Browser is opened with url: ''

2018-06-09 12:59:08 - [TEST_STEP][PASSED] - navigateToUrl: Navigate to 'http://192.168.137.1/multihospital_new/' successfully

2018-06-09 12:59:10 - [MESSAGE][PASSED] - Navigate to 'http://192.168.137.1/multihospital_new/' successfully

2018-06-09 12:59:10 - [TEST_STEP][PASSED] - click: Object: 'Object Repository/CM/Page_KDMC/a_CMO' is clicked on

2018-06-09 12:59:11 - [MESSAGE][PASSED] - Object: 'Object Repository/CM/Page_KDMC/a_CMO' is clicked on

2018-06-09 12:59:11 - [TEST_STEP][PASSED] - maximizeWindow: Current window maximized

2018-06-09 12:59:12 - [MESSAGE][PASSED] - Current window maximized

2018-06-09 12:59:12 - [TEST_STEP][PASSED] - delay: Delayed 3 second(s)

2018-06-09 12:59:15 - [MESSAGE][PASSED] - Delayed 3 second(s)

2018-06-09 12:59:15 - [TEST_STEP][PASSED] - Statement - Exceldata = com.kms.katalon.core.testdata.TestDataFactory.findTestData(DemoTestData): Reading excel file with source file 'C:\Users\Quality Analyst\Desktop\Logindata.xlsx' and sheet name 'Sheet1']]></system-out>
         <system-err><![CDATA[2018-06-09 12:59:05 - [TEST_CASE][ERROR] - Test Cases/TEST/GRN RECEIVE IN CMS/dp: Test Cases/TEST/GRN RECEIVE IN CMS/dp FAILED because (of) org.codehaus.groovy.runtime.typehandling.GroovyCastException: Cannot cast object 'com.kms.katalon.core.testdata.reader.SheetPOI@878537d' with class 'com.kms.katalon.core.testdata.reader.SheetPOI' to class 'com.kms.katalon.core.testdata.InternalData']]></system-err>
      </testcase>
      <testcase name="Test Cases/TEST/GRN RECEIVE IN CMS/dp" classname="Test Cases/TEST/GRN RECEIVE IN CMS/dp" status="ERROR">
         <error type="ERROR" message="Test Cases/TEST/GRN RECEIVE IN CMS/dp FAILED because (of) org.codehaus.groovy.runtime.typehandling.GroovyCastException: Cannot cast object 'com.kms.katalon.core.testdata.reader.SheetPOI@383f1975' with class 'com.kms.katalon.core.testdata.reader.SheetPOI' to class 'com.kms.katalon.core.testdata.InternalData'"/>
         <system-out><![CDATA[2018-06-09 12:59:15 - [TEST_CASE][ERROR] - Test Cases/TEST/GRN RECEIVE IN CMS/dp: Test Cases/TEST/GRN RECEIVE IN CMS/dp FAILED because (of) org.codehaus.groovy.runtime.typehandling.GroovyCastException: Cannot cast object 'com.kms.katalon.core.testdata.reader.SheetPOI@383f1975' with class 'com.kms.katalon.core.testdata.reader.SheetPOI' to class 'com.kms.katalon.core.testdata.InternalData'

2018-06-09 12:59:15 - [TEST_STEP][PASSED] - openBrowser: Browser is opened with url: ''

2018-06-09 12:59:15 - [MESSAGE][WARNING] - A browser is already opened. Closing browser and opening a new one

2018-06-09 12:59:18 - [MESSAGE][PASSED] - Browser is opened with url: ''

2018-06-09 12:59:18 - [TEST_STEP][PASSED] - navigateToUrl: Navigate to 'http://192.168.137.1/multihospital_new/' successfully

2018-06-09 12:59:20 - [MESSAGE][PASSED] - Navigate to 'http://192.168.137.1/multihospital_new/' successfully

2018-06-09 12:59:20 - [TEST_STEP][PASSED] - click: Object: 'Object Repository/CM/Page_KDMC/a_CMO' is clicked on

2018-06-09 12:59:21 - [MESSAGE][PASSED] - Object: 'Object Repository/CM/Page_KDMC/a_CMO' is clicked on

2018-06-09 12:59:21 - [TEST_STEP][PASSED] - maximizeWindow: Current window maximized

2018-06-09 12:59:22 - [MESSAGE][PASSED] - Current window maximized

2018-06-09 12:59:22 - [TEST_STEP][PASSED] - delay: Delayed 3 second(s)

2018-06-09 12:59:25 - [MESSAGE][PASSED] - Delayed 3 second(s)

2018-06-09 12:59:25 - [TEST_STEP][PASSED] - Statement - Exceldata = com.kms.katalon.core.testdata.TestDataFactory.findTestData(DemoTestData): Reading excel file with source file 'C:\Users\Quality Analyst\Desktop\Logindata.xlsx' and sheet name 'Sheet1']]></system-out>
         <system-err><![CDATA[2018-06-09 12:59:15 - [TEST_CASE][ERROR] - Test Cases/TEST/GRN RECEIVE IN CMS/dp: Test Cases/TEST/GRN RECEIVE IN CMS/dp FAILED because (of) org.codehaus.groovy.runtime.typehandling.GroovyCastException: Cannot cast object 'com.kms.katalon.core.testdata.reader.SheetPOI@383f1975' with class 'com.kms.katalon.core.testdata.reader.SheetPOI' to class 'com.kms.katalon.core.testdata.InternalData']]></system-err>
      </testcase>
      <testcase name="Test Cases/TEST/GRN RECEIVE IN CMS/dp" classname="Test Cases/TEST/GRN RECEIVE IN CMS/dp" status="ERROR">
         <error type="ERROR" message="Test Cases/TEST/GRN RECEIVE IN CMS/dp FAILED because (of) org.codehaus.groovy.runtime.typehandling.GroovyCastException: Cannot cast object 'com.kms.katalon.core.testdata.reader.SheetPOI@660591fb' with class 'com.kms.katalon.core.testdata.reader.SheetPOI' to class 'com.kms.katalon.core.testdata.InternalData'"/>
         <system-out><![CDATA[2018-06-09 12:59:25 - [TEST_CASE][ERROR] - Test Cases/TEST/GRN RECEIVE IN CMS/dp: Test Cases/TEST/GRN RECEIVE IN CMS/dp FAILED because (of) org.codehaus.groovy.runtime.typehandling.GroovyCastException: Cannot cast object 'com.kms.katalon.core.testdata.reader.SheetPOI@660591fb' with class 'com.kms.katalon.core.testdata.reader.SheetPOI' to class 'com.kms.katalon.core.testdata.InternalData'

2018-06-09 12:59:25 - [TEST_STEP][PASSED] - openBrowser: Browser is opened with url: ''

2018-06-09 12:59:25 - [MESSAGE][WARNING] - A browser is already opened. Closing browser and opening a new one

2018-06-09 12:59:28 - [MESSAGE][PASSED] - Browser is opened with url: ''

2018-06-09 12:59:28 - [TEST_STEP][PASSED] - navigateToUrl: Navigate to 'http://192.168.137.1/multihospital_new/' successfully

2018-06-09 12:59:30 - [MESSAGE][PASSED] - Navigate to 'http://192.168.137.1/multihospital_new/' successfully

2018-06-09 12:59:30 - [TEST_STEP][PASSED] - click: Object: 'Object Repository/CM/Page_KDMC/a_CMO' is clicked on

2018-06-09 12:59:30 - [MESSAGE][PASSED] - Object: 'Object Repository/CM/Page_KDMC/a_CMO' is clicked on

2018-06-09 12:59:30 - [TEST_STEP][PASSED] - maximizeWindow: Current window maximized

2018-06-09 12:59:31 - [MESSAGE][PASSED] - Current window maximized

2018-06-09 12:59:31 - [TEST_STEP][PASSED] - delay: Delayed 3 second(s)

2018-06-09 12:59:34 - [MESSAGE][PASSED] - Delayed 3 second(s)

2018-06-09 12:59:34 - [TEST_STEP][PASSED] - Statement - Exceldata = com.kms.katalon.core.testdata.TestDataFactory.findTestData(DemoTestData): Reading excel file with source file 'C:\Users\Quality Analyst\Desktop\Logindata.xlsx' and sheet name 'Sheet1']]></system-out>
         <system-err><![CDATA[2018-06-09 12:59:25 - [TEST_CASE][ERROR] - Test Cases/TEST/GRN RECEIVE IN CMS/dp: Test Cases/TEST/GRN RECEIVE IN CMS/dp FAILED because (of) org.codehaus.groovy.runtime.typehandling.GroovyCastException: Cannot cast object 'com.kms.katalon.core.testdata.reader.SheetPOI@660591fb' with class 'com.kms.katalon.core.testdata.reader.SheetPOI' to class 'com.kms.katalon.core.testdata.InternalData']]></system-err>
      </testcase>
      <system-out><![CDATA[2018-06-09 12:58:51 - [TEST_SUITE][ERROR] - TEST: Test Cases/TEST/GRN RECEIVE IN CMS/dp FAILED because (of) org.codehaus.groovy.runtime.typehandling.GroovyCastException: Cannot cast object 'com.kms.katalon.core.testdata.reader.SheetPOI@5c92166b' with class 'com.kms.katalon.core.testdata.reader.SheetPOI' to class 'com.kms.katalon.core.testdata.InternalData']]></system-out>
      <system-err><![CDATA[2018-06-09 12:58:51 - [TEST_SUITE][ERROR] - TEST: Test Cases/TEST/GRN RECEIVE IN CMS/dp FAILED because (of) org.codehaus.groovy.runtime.typehandling.GroovyCastException: Cannot cast object 'com.kms.katalon.core.testdata.reader.SheetPOI@5c92166b' with class 'com.kms.katalon.core.testdata.reader.SheetPOI' to class 'com.kms.katalon.core.testdata.InternalData']]></system-err>
   </testsuite>
</testsuites>
